[2024-07-18T08:31:28.824+0000] {processor.py:161} INFO - Started process (PID=37) to work on /home/airflow/.local/lib/python3.12/site-packages/airflow/example_dags/example_branch_labels.py
[2024-07-18T08:31:28.825+0000] {processor.py:830} INFO - Processing file /home/airflow/.local/lib/python3.12/site-packages/airflow/example_dags/example_branch_labels.py for tasks to queue
[2024-07-18T08:31:28.827+0000] {logging_mixin.py:188} INFO - [2024-07-18T08:31:28.827+0000] {dagbag.py:545} INFO - Filling up the DagBag from /home/airflow/.local/lib/python3.12/site-packages/airflow/example_dags/example_branch_labels.py
[2024-07-18T08:31:28.846+0000] {processor.py:840} INFO - DAG(s) 'example_branch_labels' retrieved from /home/airflow/.local/lib/python3.12/site-packages/airflow/example_dags/example_branch_labels.py
[2024-07-18T08:31:28.867+0000] {logging_mixin.py:188} INFO - [2024-07-18T08:31:28.866+0000] {dag.py:3096} INFO - Sync 1 DAGs
[2024-07-18T08:31:28.920+0000] {logging_mixin.py:188} INFO - [2024-07-18T08:31:28.920+0000] {dag.py:3954} INFO - Setting next_dagrun for example_branch_labels to 2024-07-17 00:00:00+00:00, run_after=2024-07-18 00:00:00+00:00
[2024-07-18T08:31:28.984+0000] {processor.py:183} INFO - Processing /home/airflow/.local/lib/python3.12/site-packages/airflow/example_dags/example_branch_labels.py took 0.167 seconds
[2024-07-18T08:31:59.260+0000] {processor.py:161} INFO - Started process (PID=95) to work on /home/airflow/.local/lib/python3.12/site-packages/airflow/example_dags/example_branch_labels.py
[2024-07-18T08:31:59.261+0000] {processor.py:830} INFO - Processing file /home/airflow/.local/lib/python3.12/site-packages/airflow/example_dags/example_branch_labels.py for tasks to queue
[2024-07-18T08:31:59.264+0000] {logging_mixin.py:188} INFO - [2024-07-18T08:31:59.263+0000] {dagbag.py:545} INFO - Filling up the DagBag from /home/airflow/.local/lib/python3.12/site-packages/airflow/example_dags/example_branch_labels.py
[2024-07-18T08:31:59.272+0000] {processor.py:840} INFO - DAG(s) 'example_branch_labels' retrieved from /home/airflow/.local/lib/python3.12/site-packages/airflow/example_dags/example_branch_labels.py
[2024-07-18T08:31:59.455+0000] {logging_mixin.py:188} INFO - [2024-07-18T08:31:59.455+0000] {dag.py:3096} INFO - Sync 1 DAGs
[2024-07-18T08:31:59.490+0000] {logging_mixin.py:188} INFO - [2024-07-18T08:31:59.489+0000] {dag.py:3954} INFO - Setting next_dagrun for example_branch_labels to 2024-07-17 00:00:00+00:00, run_after=2024-07-18 00:00:00+00:00
[2024-07-18T08:31:59.519+0000] {processor.py:183} INFO - Processing /home/airflow/.local/lib/python3.12/site-packages/airflow/example_dags/example_branch_labels.py took 0.265 seconds
[2024-07-18T08:32:30.486+0000] {processor.py:161} INFO - Started process (PID=155) to work on /home/airflow/.local/lib/python3.12/site-packages/airflow/example_dags/example_branch_labels.py
[2024-07-18T08:32:30.487+0000] {processor.py:830} INFO - Processing file /home/airflow/.local/lib/python3.12/site-packages/airflow/example_dags/example_branch_labels.py for tasks to queue
[2024-07-18T08:32:30.488+0000] {logging_mixin.py:188} INFO - [2024-07-18T08:32:30.488+0000] {dagbag.py:545} INFO - Filling up the DagBag from /home/airflow/.local/lib/python3.12/site-packages/airflow/example_dags/example_branch_labels.py
[2024-07-18T08:32:30.499+0000] {processor.py:840} INFO - DAG(s) 'example_branch_labels' retrieved from /home/airflow/.local/lib/python3.12/site-packages/airflow/example_dags/example_branch_labels.py
[2024-07-18T08:32:30.532+0000] {logging_mixin.py:188} INFO - [2024-07-18T08:32:30.532+0000] {dag.py:3096} INFO - Sync 1 DAGs
[2024-07-18T08:32:30.563+0000] {logging_mixin.py:188} INFO - [2024-07-18T08:32:30.562+0000] {dag.py:3954} INFO - Setting next_dagrun for example_branch_labels to 2024-07-17 00:00:00+00:00, run_after=2024-07-18 00:00:00+00:00
[2024-07-18T08:32:30.586+0000] {processor.py:183} INFO - Processing /home/airflow/.local/lib/python3.12/site-packages/airflow/example_dags/example_branch_labels.py took 0.108 seconds
[2024-07-18T08:33:00.968+0000] {processor.py:161} INFO - Started process (PID=215) to work on /home/airflow/.local/lib/python3.12/site-packages/airflow/example_dags/example_branch_labels.py
[2024-07-18T08:33:00.970+0000] {processor.py:830} INFO - Processing file /home/airflow/.local/lib/python3.12/site-packages/airflow/example_dags/example_branch_labels.py for tasks to queue
[2024-07-18T08:33:00.971+0000] {logging_mixin.py:188} INFO - [2024-07-18T08:33:00.970+0000] {dagbag.py:545} INFO - Filling up the DagBag from /home/airflow/.local/lib/python3.12/site-packages/airflow/example_dags/example_branch_labels.py
[2024-07-18T08:33:00.985+0000] {processor.py:840} INFO - DAG(s) 'example_branch_labels' retrieved from /home/airflow/.local/lib/python3.12/site-packages/airflow/example_dags/example_branch_labels.py
[2024-07-18T08:33:01.018+0000] {logging_mixin.py:188} INFO - [2024-07-18T08:33:01.018+0000] {dag.py:3096} INFO - Sync 1 DAGs
[2024-07-18T08:33:01.052+0000] {logging_mixin.py:188} INFO - [2024-07-18T08:33:01.051+0000] {dag.py:3954} INFO - Setting next_dagrun for example_branch_labels to 2024-07-17 00:00:00+00:00, run_after=2024-07-18 00:00:00+00:00
[2024-07-18T08:33:01.074+0000] {processor.py:183} INFO - Processing /home/airflow/.local/lib/python3.12/site-packages/airflow/example_dags/example_branch_labels.py took 0.115 seconds
[2024-07-18T08:36:11.229+0000] {processor.py:161} INFO - Started process (PID=38) to work on /home/airflow/.local/lib/python3.12/site-packages/airflow/example_dags/example_branch_labels.py
[2024-07-18T08:36:11.242+0000] {processor.py:830} INFO - Processing file /home/airflow/.local/lib/python3.12/site-packages/airflow/example_dags/example_branch_labels.py for tasks to queue
[2024-07-18T08:36:11.246+0000] {logging_mixin.py:188} INFO - [2024-07-18T08:36:11.246+0000] {dagbag.py:545} INFO - Filling up the DagBag from /home/airflow/.local/lib/python3.12/site-packages/airflow/example_dags/example_branch_labels.py
[2024-07-18T08:36:11.295+0000] {processor.py:840} INFO - DAG(s) 'example_branch_labels' retrieved from /home/airflow/.local/lib/python3.12/site-packages/airflow/example_dags/example_branch_labels.py
[2024-07-18T08:36:11.505+0000] {logging_mixin.py:188} INFO - [2024-07-18T08:36:11.504+0000] {dag.py:3096} INFO - Sync 1 DAGs
[2024-07-18T08:36:11.539+0000] {logging_mixin.py:188} INFO - [2024-07-18T08:36:11.539+0000] {dag.py:3954} INFO - Setting next_dagrun for example_branch_labels to 2024-07-17 00:00:00+00:00, run_after=2024-07-18 00:00:00+00:00
[2024-07-18T08:36:11.584+0000] {processor.py:183} INFO - Processing /home/airflow/.local/lib/python3.12/site-packages/airflow/example_dags/example_branch_labels.py took 0.365 seconds
[2024-07-18T08:36:42.517+0000] {processor.py:161} INFO - Started process (PID=96) to work on /home/airflow/.local/lib/python3.12/site-packages/airflow/example_dags/example_branch_labels.py
[2024-07-18T08:36:42.518+0000] {processor.py:830} INFO - Processing file /home/airflow/.local/lib/python3.12/site-packages/airflow/example_dags/example_branch_labels.py for tasks to queue
[2024-07-18T08:36:42.520+0000] {logging_mixin.py:188} INFO - [2024-07-18T08:36:42.519+0000] {dagbag.py:545} INFO - Filling up the DagBag from /home/airflow/.local/lib/python3.12/site-packages/airflow/example_dags/example_branch_labels.py
[2024-07-18T08:36:42.527+0000] {processor.py:840} INFO - DAG(s) 'example_branch_labels' retrieved from /home/airflow/.local/lib/python3.12/site-packages/airflow/example_dags/example_branch_labels.py
[2024-07-18T08:36:42.555+0000] {logging_mixin.py:188} INFO - [2024-07-18T08:36:42.555+0000] {dag.py:3096} INFO - Sync 1 DAGs
[2024-07-18T08:36:42.595+0000] {logging_mixin.py:188} INFO - [2024-07-18T08:36:42.594+0000] {dag.py:3954} INFO - Setting next_dagrun for example_branch_labels to 2024-07-17 00:00:00+00:00, run_after=2024-07-18 00:00:00+00:00
[2024-07-18T08:36:42.625+0000] {processor.py:183} INFO - Processing /home/airflow/.local/lib/python3.12/site-packages/airflow/example_dags/example_branch_labels.py took 0.115 seconds
[2024-07-18T08:37:12.770+0000] {processor.py:161} INFO - Started process (PID=156) to work on /home/airflow/.local/lib/python3.12/site-packages/airflow/example_dags/example_branch_labels.py
[2024-07-18T08:37:12.771+0000] {processor.py:830} INFO - Processing file /home/airflow/.local/lib/python3.12/site-packages/airflow/example_dags/example_branch_labels.py for tasks to queue
[2024-07-18T08:37:12.773+0000] {logging_mixin.py:188} INFO - [2024-07-18T08:37:12.773+0000] {dagbag.py:545} INFO - Filling up the DagBag from /home/airflow/.local/lib/python3.12/site-packages/airflow/example_dags/example_branch_labels.py
[2024-07-18T08:37:12.779+0000] {processor.py:840} INFO - DAG(s) 'example_branch_labels' retrieved from /home/airflow/.local/lib/python3.12/site-packages/airflow/example_dags/example_branch_labels.py
[2024-07-18T08:37:12.799+0000] {logging_mixin.py:188} INFO - [2024-07-18T08:37:12.799+0000] {dag.py:3096} INFO - Sync 1 DAGs
[2024-07-18T08:37:12.820+0000] {logging_mixin.py:188} INFO - [2024-07-18T08:37:12.820+0000] {dag.py:3954} INFO - Setting next_dagrun for example_branch_labels to 2024-07-17 00:00:00+00:00, run_after=2024-07-18 00:00:00+00:00
[2024-07-18T08:37:12.841+0000] {processor.py:183} INFO - Processing /home/airflow/.local/lib/python3.12/site-packages/airflow/example_dags/example_branch_labels.py took 0.075 seconds
[2024-07-18T08:37:43.109+0000] {processor.py:161} INFO - Started process (PID=216) to work on /home/airflow/.local/lib/python3.12/site-packages/airflow/example_dags/example_branch_labels.py
[2024-07-18T08:37:43.112+0000] {processor.py:830} INFO - Processing file /home/airflow/.local/lib/python3.12/site-packages/airflow/example_dags/example_branch_labels.py for tasks to queue
[2024-07-18T08:37:43.114+0000] {logging_mixin.py:188} INFO - [2024-07-18T08:37:43.114+0000] {dagbag.py:545} INFO - Filling up the DagBag from /home/airflow/.local/lib/python3.12/site-packages/airflow/example_dags/example_branch_labels.py
[2024-07-18T08:37:43.124+0000] {processor.py:840} INFO - DAG(s) 'example_branch_labels' retrieved from /home/airflow/.local/lib/python3.12/site-packages/airflow/example_dags/example_branch_labels.py
[2024-07-18T08:37:43.160+0000] {logging_mixin.py:188} INFO - [2024-07-18T08:37:43.160+0000] {dag.py:3096} INFO - Sync 1 DAGs
[2024-07-18T08:37:43.200+0000] {logging_mixin.py:188} INFO - [2024-07-18T08:37:43.200+0000] {dag.py:3954} INFO - Setting next_dagrun for example_branch_labels to 2024-07-17 00:00:00+00:00, run_after=2024-07-18 00:00:00+00:00
[2024-07-18T08:37:43.231+0000] {processor.py:183} INFO - Processing /home/airflow/.local/lib/python3.12/site-packages/airflow/example_dags/example_branch_labels.py took 0.128 seconds
[2024-07-18T08:38:13.494+0000] {processor.py:161} INFO - Started process (PID=276) to work on /home/airflow/.local/lib/python3.12/site-packages/airflow/example_dags/example_branch_labels.py
[2024-07-18T08:38:13.494+0000] {processor.py:830} INFO - Processing file /home/airflow/.local/lib/python3.12/site-packages/airflow/example_dags/example_branch_labels.py for tasks to queue
[2024-07-18T08:38:13.496+0000] {logging_mixin.py:188} INFO - [2024-07-18T08:38:13.496+0000] {dagbag.py:545} INFO - Filling up the DagBag from /home/airflow/.local/lib/python3.12/site-packages/airflow/example_dags/example_branch_labels.py
[2024-07-18T08:38:13.503+0000] {processor.py:840} INFO - DAG(s) 'example_branch_labels' retrieved from /home/airflow/.local/lib/python3.12/site-packages/airflow/example_dags/example_branch_labels.py
[2024-07-18T08:38:13.521+0000] {logging_mixin.py:188} INFO - [2024-07-18T08:38:13.521+0000] {dag.py:3096} INFO - Sync 1 DAGs
[2024-07-18T08:38:13.542+0000] {logging_mixin.py:188} INFO - [2024-07-18T08:38:13.542+0000] {dag.py:3954} INFO - Setting next_dagrun for example_branch_labels to 2024-07-17 00:00:00+00:00, run_after=2024-07-18 00:00:00+00:00
[2024-07-18T08:38:13.563+0000] {processor.py:183} INFO - Processing /home/airflow/.local/lib/python3.12/site-packages/airflow/example_dags/example_branch_labels.py took 0.074 seconds
[2024-07-18T08:38:43.625+0000] {processor.py:161} INFO - Started process (PID=336) to work on /home/airflow/.local/lib/python3.12/site-packages/airflow/example_dags/example_branch_labels.py
[2024-07-18T08:38:43.627+0000] {processor.py:830} INFO - Processing file /home/airflow/.local/lib/python3.12/site-packages/airflow/example_dags/example_branch_labels.py for tasks to queue
[2024-07-18T08:38:43.630+0000] {logging_mixin.py:188} INFO - [2024-07-18T08:38:43.629+0000] {dagbag.py:545} INFO - Filling up the DagBag from /home/airflow/.local/lib/python3.12/site-packages/airflow/example_dags/example_branch_labels.py
[2024-07-18T08:38:43.642+0000] {processor.py:840} INFO - DAG(s) 'example_branch_labels' retrieved from /home/airflow/.local/lib/python3.12/site-packages/airflow/example_dags/example_branch_labels.py
[2024-07-18T08:38:43.685+0000] {logging_mixin.py:188} INFO - [2024-07-18T08:38:43.684+0000] {dag.py:3096} INFO - Sync 1 DAGs
[2024-07-18T08:38:43.731+0000] {logging_mixin.py:188} INFO - [2024-07-18T08:38:43.731+0000] {dag.py:3954} INFO - Setting next_dagrun for example_branch_labels to 2024-07-17 00:00:00+00:00, run_after=2024-07-18 00:00:00+00:00
[2024-07-18T08:38:43.778+0000] {processor.py:183} INFO - Processing /home/airflow/.local/lib/python3.12/site-packages/airflow/example_dags/example_branch_labels.py took 0.160 seconds
[2024-07-18T08:39:14.078+0000] {processor.py:161} INFO - Started process (PID=396) to work on /home/airflow/.local/lib/python3.12/site-packages/airflow/example_dags/example_branch_labels.py
[2024-07-18T08:39:14.079+0000] {processor.py:830} INFO - Processing file /home/airflow/.local/lib/python3.12/site-packages/airflow/example_dags/example_branch_labels.py for tasks to queue
[2024-07-18T08:39:14.081+0000] {logging_mixin.py:188} INFO - [2024-07-18T08:39:14.081+0000] {dagbag.py:545} INFO - Filling up the DagBag from /home/airflow/.local/lib/python3.12/site-packages/airflow/example_dags/example_branch_labels.py
[2024-07-18T08:39:14.092+0000] {processor.py:840} INFO - DAG(s) 'example_branch_labels' retrieved from /home/airflow/.local/lib/python3.12/site-packages/airflow/example_dags/example_branch_labels.py
[2024-07-18T08:39:14.116+0000] {logging_mixin.py:188} INFO - [2024-07-18T08:39:14.116+0000] {dag.py:3096} INFO - Sync 1 DAGs
[2024-07-18T08:39:14.146+0000] {logging_mixin.py:188} INFO - [2024-07-18T08:39:14.146+0000] {dag.py:3954} INFO - Setting next_dagrun for example_branch_labels to 2024-07-17 00:00:00+00:00, run_after=2024-07-18 00:00:00+00:00
[2024-07-18T08:39:14.165+0000] {processor.py:183} INFO - Processing /home/airflow/.local/lib/python3.12/site-packages/airflow/example_dags/example_branch_labels.py took 0.093 seconds
