[2024-07-18T08:31:37.475+0000] {processor.py:161} INFO - Started process (PID=70) to work on /home/airflow/.local/lib/python3.12/site-packages/airflow/example_dags/example_display_name.py
[2024-07-18T08:31:37.476+0000] {processor.py:830} INFO - Processing file /home/airflow/.local/lib/python3.12/site-packages/airflow/example_dags/example_display_name.py for tasks to queue
[2024-07-18T08:31:37.479+0000] {logging_mixin.py:188} INFO - [2024-07-18T08:31:37.479+0000] {dagbag.py:545} INFO - Filling up the DagBag from /home/airflow/.local/lib/python3.12/site-packages/airflow/example_dags/example_display_name.py
[2024-07-18T08:31:37.486+0000] {processor.py:840} INFO - DAG(s) 'example_display_name' retrieved from /home/airflow/.local/lib/python3.12/site-packages/airflow/example_dags/example_display_name.py
[2024-07-18T08:31:37.633+0000] {logging_mixin.py:188} INFO - [2024-07-18T08:31:37.632+0000] {dag.py:3096} INFO - Sync 1 DAGs
[2024-07-18T08:31:37.649+0000] {logging_mixin.py:188} INFO - [2024-07-18T08:31:37.649+0000] {dag.py:3954} INFO - Setting next_dagrun for example_display_name to None, run_after=None
[2024-07-18T08:31:37.675+0000] {processor.py:183} INFO - Processing /home/airflow/.local/lib/python3.12/site-packages/airflow/example_dags/example_display_name.py took 0.207 seconds
[2024-07-18T08:32:07.784+0000] {processor.py:161} INFO - Started process (PID=130) to work on /home/airflow/.local/lib/python3.12/site-packages/airflow/example_dags/example_display_name.py
[2024-07-18T08:32:07.785+0000] {processor.py:830} INFO - Processing file /home/airflow/.local/lib/python3.12/site-packages/airflow/example_dags/example_display_name.py for tasks to queue
[2024-07-18T08:32:07.788+0000] {logging_mixin.py:188} INFO - [2024-07-18T08:32:07.787+0000] {dagbag.py:545} INFO - Filling up the DagBag from /home/airflow/.local/lib/python3.12/site-packages/airflow/example_dags/example_display_name.py
[2024-07-18T08:32:07.794+0000] {processor.py:840} INFO - DAG(s) 'example_display_name' retrieved from /home/airflow/.local/lib/python3.12/site-packages/airflow/example_dags/example_display_name.py
[2024-07-18T08:32:07.818+0000] {logging_mixin.py:188} INFO - [2024-07-18T08:32:07.818+0000] {dag.py:3096} INFO - Sync 1 DAGs
[2024-07-18T08:32:07.835+0000] {logging_mixin.py:188} INFO - [2024-07-18T08:32:07.834+0000] {dag.py:3954} INFO - Setting next_dagrun for example_display_name to None, run_after=None
[2024-07-18T08:32:07.858+0000] {processor.py:183} INFO - Processing /home/airflow/.local/lib/python3.12/site-packages/airflow/example_dags/example_display_name.py took 0.081 seconds
[2024-07-18T08:32:38.360+0000] {processor.py:161} INFO - Started process (PID=190) to work on /home/airflow/.local/lib/python3.12/site-packages/airflow/example_dags/example_display_name.py
[2024-07-18T08:32:38.362+0000] {processor.py:830} INFO - Processing file /home/airflow/.local/lib/python3.12/site-packages/airflow/example_dags/example_display_name.py for tasks to queue
[2024-07-18T08:32:38.363+0000] {logging_mixin.py:188} INFO - [2024-07-18T08:32:38.362+0000] {dagbag.py:545} INFO - Filling up the DagBag from /home/airflow/.local/lib/python3.12/site-packages/airflow/example_dags/example_display_name.py
[2024-07-18T08:32:38.368+0000] {processor.py:840} INFO - DAG(s) 'example_display_name' retrieved from /home/airflow/.local/lib/python3.12/site-packages/airflow/example_dags/example_display_name.py
[2024-07-18T08:32:38.389+0000] {logging_mixin.py:188} INFO - [2024-07-18T08:32:38.389+0000] {dag.py:3096} INFO - Sync 1 DAGs
[2024-07-18T08:32:38.402+0000] {logging_mixin.py:188} INFO - [2024-07-18T08:32:38.401+0000] {dag.py:3954} INFO - Setting next_dagrun for example_display_name to None, run_after=None
[2024-07-18T08:32:38.421+0000] {processor.py:183} INFO - Processing /home/airflow/.local/lib/python3.12/site-packages/airflow/example_dags/example_display_name.py took 0.066 seconds
[2024-07-18T08:33:08.902+0000] {processor.py:161} INFO - Started process (PID=250) to work on /home/airflow/.local/lib/python3.12/site-packages/airflow/example_dags/example_display_name.py
[2024-07-18T08:33:08.903+0000] {processor.py:830} INFO - Processing file /home/airflow/.local/lib/python3.12/site-packages/airflow/example_dags/example_display_name.py for tasks to queue
[2024-07-18T08:33:08.905+0000] {logging_mixin.py:188} INFO - [2024-07-18T08:33:08.904+0000] {dagbag.py:545} INFO - Filling up the DagBag from /home/airflow/.local/lib/python3.12/site-packages/airflow/example_dags/example_display_name.py
[2024-07-18T08:33:08.910+0000] {processor.py:840} INFO - DAG(s) 'example_display_name' retrieved from /home/airflow/.local/lib/python3.12/site-packages/airflow/example_dags/example_display_name.py
[2024-07-18T08:33:08.931+0000] {logging_mixin.py:188} INFO - [2024-07-18T08:33:08.931+0000] {dag.py:3096} INFO - Sync 1 DAGs
[2024-07-18T08:33:08.944+0000] {logging_mixin.py:188} INFO - [2024-07-18T08:33:08.943+0000] {dag.py:3954} INFO - Setting next_dagrun for example_display_name to None, run_after=None
[2024-07-18T08:33:08.966+0000] {processor.py:183} INFO - Processing /home/airflow/.local/lib/python3.12/site-packages/airflow/example_dags/example_display_name.py took 0.069 seconds
[2024-07-18T08:36:20.617+0000] {processor.py:161} INFO - Started process (PID=71) to work on /home/airflow/.local/lib/python3.12/site-packages/airflow/example_dags/example_display_name.py
[2024-07-18T08:36:20.619+0000] {processor.py:830} INFO - Processing file /home/airflow/.local/lib/python3.12/site-packages/airflow/example_dags/example_display_name.py for tasks to queue
[2024-07-18T08:36:20.620+0000] {logging_mixin.py:188} INFO - [2024-07-18T08:36:20.620+0000] {dagbag.py:545} INFO - Filling up the DagBag from /home/airflow/.local/lib/python3.12/site-packages/airflow/example_dags/example_display_name.py
[2024-07-18T08:36:20.626+0000] {processor.py:840} INFO - DAG(s) 'example_display_name' retrieved from /home/airflow/.local/lib/python3.12/site-packages/airflow/example_dags/example_display_name.py
[2024-07-18T08:36:20.762+0000] {logging_mixin.py:188} INFO - [2024-07-18T08:36:20.762+0000] {dag.py:3096} INFO - Sync 1 DAGs
[2024-07-18T08:36:20.774+0000] {logging_mixin.py:188} INFO - [2024-07-18T08:36:20.774+0000] {dag.py:3954} INFO - Setting next_dagrun for example_display_name to None, run_after=None
[2024-07-18T08:36:20.798+0000] {processor.py:183} INFO - Processing /home/airflow/.local/lib/python3.12/site-packages/airflow/example_dags/example_display_name.py took 0.187 seconds
[2024-07-18T08:36:51.351+0000] {processor.py:161} INFO - Started process (PID=131) to work on /home/airflow/.local/lib/python3.12/site-packages/airflow/example_dags/example_display_name.py
[2024-07-18T08:36:51.352+0000] {processor.py:830} INFO - Processing file /home/airflow/.local/lib/python3.12/site-packages/airflow/example_dags/example_display_name.py for tasks to queue
[2024-07-18T08:36:51.354+0000] {logging_mixin.py:188} INFO - [2024-07-18T08:36:51.353+0000] {dagbag.py:545} INFO - Filling up the DagBag from /home/airflow/.local/lib/python3.12/site-packages/airflow/example_dags/example_display_name.py
[2024-07-18T08:36:51.358+0000] {processor.py:840} INFO - DAG(s) 'example_display_name' retrieved from /home/airflow/.local/lib/python3.12/site-packages/airflow/example_dags/example_display_name.py
[2024-07-18T08:36:51.375+0000] {logging_mixin.py:188} INFO - [2024-07-18T08:36:51.375+0000] {dag.py:3096} INFO - Sync 1 DAGs
[2024-07-18T08:36:51.387+0000] {logging_mixin.py:188} INFO - [2024-07-18T08:36:51.386+0000] {dag.py:3954} INFO - Setting next_dagrun for example_display_name to None, run_after=None
[2024-07-18T08:36:51.405+0000] {processor.py:183} INFO - Processing /home/airflow/.local/lib/python3.12/site-packages/airflow/example_dags/example_display_name.py took 0.059 seconds
[2024-07-18T08:37:22.009+0000] {processor.py:161} INFO - Started process (PID=191) to work on /home/airflow/.local/lib/python3.12/site-packages/airflow/example_dags/example_display_name.py
[2024-07-18T08:37:22.010+0000] {processor.py:830} INFO - Processing file /home/airflow/.local/lib/python3.12/site-packages/airflow/example_dags/example_display_name.py for tasks to queue
[2024-07-18T08:37:22.012+0000] {logging_mixin.py:188} INFO - [2024-07-18T08:37:22.012+0000] {dagbag.py:545} INFO - Filling up the DagBag from /home/airflow/.local/lib/python3.12/site-packages/airflow/example_dags/example_display_name.py
[2024-07-18T08:37:22.019+0000] {processor.py:840} INFO - DAG(s) 'example_display_name' retrieved from /home/airflow/.local/lib/python3.12/site-packages/airflow/example_dags/example_display_name.py
[2024-07-18T08:37:22.049+0000] {logging_mixin.py:188} INFO - [2024-07-18T08:37:22.048+0000] {dag.py:3096} INFO - Sync 1 DAGs
[2024-07-18T08:37:22.064+0000] {logging_mixin.py:188} INFO - [2024-07-18T08:37:22.063+0000] {dag.py:3954} INFO - Setting next_dagrun for example_display_name to None, run_after=None
[2024-07-18T08:37:22.085+0000] {processor.py:183} INFO - Processing /home/airflow/.local/lib/python3.12/site-packages/airflow/example_dags/example_display_name.py took 0.083 seconds
[2024-07-18T08:37:52.584+0000] {processor.py:161} INFO - Started process (PID=257) to work on /home/airflow/.local/lib/python3.12/site-packages/airflow/example_dags/example_display_name.py
[2024-07-18T08:37:52.585+0000] {processor.py:830} INFO - Processing file /home/airflow/.local/lib/python3.12/site-packages/airflow/example_dags/example_display_name.py for tasks to queue
[2024-07-18T08:37:52.587+0000] {logging_mixin.py:188} INFO - [2024-07-18T08:37:52.587+0000] {dagbag.py:545} INFO - Filling up the DagBag from /home/airflow/.local/lib/python3.12/site-packages/airflow/example_dags/example_display_name.py
[2024-07-18T08:37:52.592+0000] {processor.py:840} INFO - DAG(s) 'example_display_name' retrieved from /home/airflow/.local/lib/python3.12/site-packages/airflow/example_dags/example_display_name.py
[2024-07-18T08:37:52.611+0000] {logging_mixin.py:188} INFO - [2024-07-18T08:37:52.611+0000] {dag.py:3096} INFO - Sync 1 DAGs
[2024-07-18T08:37:52.624+0000] {logging_mixin.py:188} INFO - [2024-07-18T08:37:52.624+0000] {dag.py:3954} INFO - Setting next_dagrun for example_display_name to None, run_after=None
[2024-07-18T08:37:52.644+0000] {processor.py:183} INFO - Processing /home/airflow/.local/lib/python3.12/site-packages/airflow/example_dags/example_display_name.py took 0.065 seconds
[2024-07-18T08:38:23.017+0000] {processor.py:161} INFO - Started process (PID=317) to work on /home/airflow/.local/lib/python3.12/site-packages/airflow/example_dags/example_display_name.py
[2024-07-18T08:38:23.018+0000] {processor.py:830} INFO - Processing file /home/airflow/.local/lib/python3.12/site-packages/airflow/example_dags/example_display_name.py for tasks to queue
[2024-07-18T08:38:23.020+0000] {logging_mixin.py:188} INFO - [2024-07-18T08:38:23.020+0000] {dagbag.py:545} INFO - Filling up the DagBag from /home/airflow/.local/lib/python3.12/site-packages/airflow/example_dags/example_display_name.py
[2024-07-18T08:38:23.028+0000] {processor.py:840} INFO - DAG(s) 'example_display_name' retrieved from /home/airflow/.local/lib/python3.12/site-packages/airflow/example_dags/example_display_name.py
[2024-07-18T08:38:23.052+0000] {logging_mixin.py:188} INFO - [2024-07-18T08:38:23.052+0000] {dag.py:3096} INFO - Sync 1 DAGs
[2024-07-18T08:38:23.070+0000] {logging_mixin.py:188} INFO - [2024-07-18T08:38:23.070+0000] {dag.py:3954} INFO - Setting next_dagrun for example_display_name to None, run_after=None
[2024-07-18T08:38:23.092+0000] {processor.py:183} INFO - Processing /home/airflow/.local/lib/python3.12/site-packages/airflow/example_dags/example_display_name.py took 0.082 seconds
[2024-07-18T08:38:53.474+0000] {processor.py:161} INFO - Started process (PID=377) to work on /home/airflow/.local/lib/python3.12/site-packages/airflow/example_dags/example_display_name.py
[2024-07-18T08:38:53.475+0000] {processor.py:830} INFO - Processing file /home/airflow/.local/lib/python3.12/site-packages/airflow/example_dags/example_display_name.py for tasks to queue
[2024-07-18T08:38:53.477+0000] {logging_mixin.py:188} INFO - [2024-07-18T08:38:53.477+0000] {dagbag.py:545} INFO - Filling up the DagBag from /home/airflow/.local/lib/python3.12/site-packages/airflow/example_dags/example_display_name.py
[2024-07-18T08:38:53.484+0000] {processor.py:840} INFO - DAG(s) 'example_display_name' retrieved from /home/airflow/.local/lib/python3.12/site-packages/airflow/example_dags/example_display_name.py
[2024-07-18T08:38:53.507+0000] {logging_mixin.py:188} INFO - [2024-07-18T08:38:53.507+0000] {dag.py:3096} INFO - Sync 1 DAGs
[2024-07-18T08:38:53.523+0000] {logging_mixin.py:188} INFO - [2024-07-18T08:38:53.523+0000] {dag.py:3954} INFO - Setting next_dagrun for example_display_name to None, run_after=None
[2024-07-18T08:38:53.554+0000] {processor.py:183} INFO - Processing /home/airflow/.local/lib/python3.12/site-packages/airflow/example_dags/example_display_name.py took 0.085 seconds
[2024-07-18T08:39:23.608+0000] {processor.py:161} INFO - Started process (PID=437) to work on /home/airflow/.local/lib/python3.12/site-packages/airflow/example_dags/example_display_name.py
[2024-07-18T08:39:23.609+0000] {processor.py:830} INFO - Processing file /home/airflow/.local/lib/python3.12/site-packages/airflow/example_dags/example_display_name.py for tasks to queue
[2024-07-18T08:39:23.611+0000] {logging_mixin.py:188} INFO - [2024-07-18T08:39:23.610+0000] {dagbag.py:545} INFO - Filling up the DagBag from /home/airflow/.local/lib/python3.12/site-packages/airflow/example_dags/example_display_name.py
[2024-07-18T08:39:23.618+0000] {processor.py:840} INFO - DAG(s) 'example_display_name' retrieved from /home/airflow/.local/lib/python3.12/site-packages/airflow/example_dags/example_display_name.py
[2024-07-18T08:39:23.645+0000] {logging_mixin.py:188} INFO - [2024-07-18T08:39:23.645+0000] {dag.py:3096} INFO - Sync 1 DAGs
[2024-07-18T08:39:23.662+0000] {logging_mixin.py:188} INFO - [2024-07-18T08:39:23.662+0000] {dag.py:3954} INFO - Setting next_dagrun for example_display_name to None, run_after=None
[2024-07-18T08:39:23.687+0000] {processor.py:183} INFO - Processing /home/airflow/.local/lib/python3.12/site-packages/airflow/example_dags/example_display_name.py took 0.085 seconds
