[2024-07-18T08:31:35.157+0000] {processor.py:161} INFO - Started process (PID=57) to work on /home/airflow/.local/lib/python3.12/site-packages/airflow/example_dags/example_sensors.py
[2024-07-18T08:31:35.158+0000] {processor.py:830} INFO - Processing file /home/airflow/.local/lib/python3.12/site-packages/airflow/example_dags/example_sensors.py for tasks to queue
[2024-07-18T08:31:35.160+0000] {logging_mixin.py:188} INFO - [2024-07-18T08:31:35.160+0000] {dagbag.py:545} INFO - Filling up the DagBag from /home/airflow/.local/lib/python3.12/site-packages/airflow/example_dags/example_sensors.py
[2024-07-18T08:31:35.174+0000] {processor.py:840} INFO - DAG(s) 'example_sensors' retrieved from /home/airflow/.local/lib/python3.12/site-packages/airflow/example_dags/example_sensors.py
[2024-07-18T08:31:35.377+0000] {logging_mixin.py:188} INFO - [2024-07-18T08:31:35.376+0000] {dag.py:3096} INFO - Sync 1 DAGs
[2024-07-18T08:31:35.414+0000] {logging_mixin.py:188} INFO - [2024-07-18T08:31:35.414+0000] {dag.py:3954} INFO - Setting next_dagrun for example_sensors to None, run_after=None
[2024-07-18T08:31:35.468+0000] {processor.py:183} INFO - Processing /home/airflow/.local/lib/python3.12/site-packages/airflow/example_dags/example_sensors.py took 0.321 seconds
[2024-07-18T08:32:06.292+0000] {processor.py:161} INFO - Started process (PID=117) to work on /home/airflow/.local/lib/python3.12/site-packages/airflow/example_dags/example_sensors.py
[2024-07-18T08:32:06.293+0000] {processor.py:830} INFO - Processing file /home/airflow/.local/lib/python3.12/site-packages/airflow/example_dags/example_sensors.py for tasks to queue
[2024-07-18T08:32:06.296+0000] {logging_mixin.py:188} INFO - [2024-07-18T08:32:06.295+0000] {dagbag.py:545} INFO - Filling up the DagBag from /home/airflow/.local/lib/python3.12/site-packages/airflow/example_dags/example_sensors.py
[2024-07-18T08:32:06.306+0000] {processor.py:840} INFO - DAG(s) 'example_sensors' retrieved from /home/airflow/.local/lib/python3.12/site-packages/airflow/example_dags/example_sensors.py
[2024-07-18T08:32:06.338+0000] {logging_mixin.py:188} INFO - [2024-07-18T08:32:06.338+0000] {dag.py:3096} INFO - Sync 1 DAGs
[2024-07-18T08:32:06.354+0000] {logging_mixin.py:188} INFO - [2024-07-18T08:32:06.354+0000] {dag.py:3954} INFO - Setting next_dagrun for example_sensors to None, run_after=None
[2024-07-18T08:32:06.379+0000] {processor.py:183} INFO - Processing /home/airflow/.local/lib/python3.12/site-packages/airflow/example_dags/example_sensors.py took 0.094 seconds
[2024-07-18T08:32:36.610+0000] {processor.py:161} INFO - Started process (PID=177) to work on /home/airflow/.local/lib/python3.12/site-packages/airflow/example_dags/example_sensors.py
[2024-07-18T08:32:36.611+0000] {processor.py:830} INFO - Processing file /home/airflow/.local/lib/python3.12/site-packages/airflow/example_dags/example_sensors.py for tasks to queue
[2024-07-18T08:32:36.612+0000] {logging_mixin.py:188} INFO - [2024-07-18T08:32:36.611+0000] {dagbag.py:545} INFO - Filling up the DagBag from /home/airflow/.local/lib/python3.12/site-packages/airflow/example_dags/example_sensors.py
[2024-07-18T08:32:36.624+0000] {processor.py:840} INFO - DAG(s) 'example_sensors' retrieved from /home/airflow/.local/lib/python3.12/site-packages/airflow/example_dags/example_sensors.py
[2024-07-18T08:32:36.649+0000] {logging_mixin.py:188} INFO - [2024-07-18T08:32:36.649+0000] {dag.py:3096} INFO - Sync 1 DAGs
[2024-07-18T08:32:36.666+0000] {logging_mixin.py:188} INFO - [2024-07-18T08:32:36.666+0000] {dag.py:3954} INFO - Setting next_dagrun for example_sensors to None, run_after=None
[2024-07-18T08:32:36.689+0000] {processor.py:183} INFO - Processing /home/airflow/.local/lib/python3.12/site-packages/airflow/example_dags/example_sensors.py took 0.085 seconds
[2024-07-18T08:33:06.902+0000] {processor.py:161} INFO - Started process (PID=237) to work on /home/airflow/.local/lib/python3.12/site-packages/airflow/example_dags/example_sensors.py
[2024-07-18T08:33:06.905+0000] {processor.py:830} INFO - Processing file /home/airflow/.local/lib/python3.12/site-packages/airflow/example_dags/example_sensors.py for tasks to queue
[2024-07-18T08:33:06.907+0000] {logging_mixin.py:188} INFO - [2024-07-18T08:33:06.906+0000] {dagbag.py:545} INFO - Filling up the DagBag from /home/airflow/.local/lib/python3.12/site-packages/airflow/example_dags/example_sensors.py
[2024-07-18T08:33:06.927+0000] {processor.py:840} INFO - DAG(s) 'example_sensors' retrieved from /home/airflow/.local/lib/python3.12/site-packages/airflow/example_dags/example_sensors.py
[2024-07-18T08:33:06.975+0000] {logging_mixin.py:188} INFO - [2024-07-18T08:33:06.975+0000] {dag.py:3096} INFO - Sync 1 DAGs
[2024-07-18T08:33:07.018+0000] {logging_mixin.py:188} INFO - [2024-07-18T08:33:07.018+0000] {dag.py:3954} INFO - Setting next_dagrun for example_sensors to None, run_after=None
[2024-07-18T08:33:07.076+0000] {processor.py:183} INFO - Processing /home/airflow/.local/lib/python3.12/site-packages/airflow/example_dags/example_sensors.py took 0.183 seconds
[2024-07-18T08:36:18.659+0000] {processor.py:161} INFO - Started process (PID=58) to work on /home/airflow/.local/lib/python3.12/site-packages/airflow/example_dags/example_sensors.py
[2024-07-18T08:36:18.661+0000] {processor.py:830} INFO - Processing file /home/airflow/.local/lib/python3.12/site-packages/airflow/example_dags/example_sensors.py for tasks to queue
[2024-07-18T08:36:18.663+0000] {logging_mixin.py:188} INFO - [2024-07-18T08:36:18.663+0000] {dagbag.py:545} INFO - Filling up the DagBag from /home/airflow/.local/lib/python3.12/site-packages/airflow/example_dags/example_sensors.py
[2024-07-18T08:36:18.675+0000] {processor.py:840} INFO - DAG(s) 'example_sensors' retrieved from /home/airflow/.local/lib/python3.12/site-packages/airflow/example_dags/example_sensors.py
[2024-07-18T08:36:18.817+0000] {logging_mixin.py:188} INFO - [2024-07-18T08:36:18.816+0000] {dag.py:3096} INFO - Sync 1 DAGs
[2024-07-18T08:36:18.830+0000] {logging_mixin.py:188} INFO - [2024-07-18T08:36:18.830+0000] {dag.py:3954} INFO - Setting next_dagrun for example_sensors to None, run_after=None
[2024-07-18T08:36:18.856+0000] {processor.py:183} INFO - Processing /home/airflow/.local/lib/python3.12/site-packages/airflow/example_dags/example_sensors.py took 0.204 seconds
[2024-07-18T08:36:49.525+0000] {processor.py:161} INFO - Started process (PID=118) to work on /home/airflow/.local/lib/python3.12/site-packages/airflow/example_dags/example_sensors.py
[2024-07-18T08:36:49.526+0000] {processor.py:830} INFO - Processing file /home/airflow/.local/lib/python3.12/site-packages/airflow/example_dags/example_sensors.py for tasks to queue
[2024-07-18T08:36:49.527+0000] {logging_mixin.py:188} INFO - [2024-07-18T08:36:49.527+0000] {dagbag.py:545} INFO - Filling up the DagBag from /home/airflow/.local/lib/python3.12/site-packages/airflow/example_dags/example_sensors.py
[2024-07-18T08:36:49.536+0000] {processor.py:840} INFO - DAG(s) 'example_sensors' retrieved from /home/airflow/.local/lib/python3.12/site-packages/airflow/example_dags/example_sensors.py
[2024-07-18T08:36:49.564+0000] {logging_mixin.py:188} INFO - [2024-07-18T08:36:49.564+0000] {dag.py:3096} INFO - Sync 1 DAGs
[2024-07-18T08:36:49.576+0000] {logging_mixin.py:188} INFO - [2024-07-18T08:36:49.576+0000] {dag.py:3954} INFO - Setting next_dagrun for example_sensors to None, run_after=None
[2024-07-18T08:36:49.600+0000] {processor.py:183} INFO - Processing /home/airflow/.local/lib/python3.12/site-packages/airflow/example_dags/example_sensors.py took 0.080 seconds
[2024-07-18T08:37:20.064+0000] {processor.py:161} INFO - Started process (PID=178) to work on /home/airflow/.local/lib/python3.12/site-packages/airflow/example_dags/example_sensors.py
[2024-07-18T08:37:20.066+0000] {processor.py:830} INFO - Processing file /home/airflow/.local/lib/python3.12/site-packages/airflow/example_dags/example_sensors.py for tasks to queue
[2024-07-18T08:37:20.068+0000] {logging_mixin.py:188} INFO - [2024-07-18T08:37:20.067+0000] {dagbag.py:545} INFO - Filling up the DagBag from /home/airflow/.local/lib/python3.12/site-packages/airflow/example_dags/example_sensors.py
[2024-07-18T08:37:20.082+0000] {processor.py:840} INFO - DAG(s) 'example_sensors' retrieved from /home/airflow/.local/lib/python3.12/site-packages/airflow/example_dags/example_sensors.py
[2024-07-18T08:37:20.114+0000] {logging_mixin.py:188} INFO - [2024-07-18T08:37:20.114+0000] {dag.py:3096} INFO - Sync 1 DAGs
[2024-07-18T08:37:20.142+0000] {logging_mixin.py:188} INFO - [2024-07-18T08:37:20.141+0000] {dag.py:3954} INFO - Setting next_dagrun for example_sensors to None, run_after=None
[2024-07-18T08:37:20.170+0000] {processor.py:183} INFO - Processing /home/airflow/.local/lib/python3.12/site-packages/airflow/example_dags/example_sensors.py took 0.113 seconds
[2024-07-18T08:37:50.729+0000] {processor.py:161} INFO - Started process (PID=238) to work on /home/airflow/.local/lib/python3.12/site-packages/airflow/example_dags/example_sensors.py
[2024-07-18T08:37:50.730+0000] {processor.py:830} INFO - Processing file /home/airflow/.local/lib/python3.12/site-packages/airflow/example_dags/example_sensors.py for tasks to queue
[2024-07-18T08:37:50.731+0000] {logging_mixin.py:188} INFO - [2024-07-18T08:37:50.731+0000] {dagbag.py:545} INFO - Filling up the DagBag from /home/airflow/.local/lib/python3.12/site-packages/airflow/example_dags/example_sensors.py
[2024-07-18T08:37:50.744+0000] {processor.py:840} INFO - DAG(s) 'example_sensors' retrieved from /home/airflow/.local/lib/python3.12/site-packages/airflow/example_dags/example_sensors.py
[2024-07-18T08:37:50.783+0000] {logging_mixin.py:188} INFO - [2024-07-18T08:37:50.782+0000] {dag.py:3096} INFO - Sync 1 DAGs
[2024-07-18T08:37:50.801+0000] {logging_mixin.py:188} INFO - [2024-07-18T08:37:50.800+0000] {dag.py:3954} INFO - Setting next_dagrun for example_sensors to None, run_after=None
[2024-07-18T08:37:50.820+0000] {processor.py:183} INFO - Processing /home/airflow/.local/lib/python3.12/site-packages/airflow/example_dags/example_sensors.py took 0.098 seconds
[2024-07-18T08:38:21.001+0000] {processor.py:161} INFO - Started process (PID=298) to work on /home/airflow/.local/lib/python3.12/site-packages/airflow/example_dags/example_sensors.py
[2024-07-18T08:38:21.002+0000] {processor.py:830} INFO - Processing file /home/airflow/.local/lib/python3.12/site-packages/airflow/example_dags/example_sensors.py for tasks to queue
[2024-07-18T08:38:21.005+0000] {logging_mixin.py:188} INFO - [2024-07-18T08:38:21.005+0000] {dagbag.py:545} INFO - Filling up the DagBag from /home/airflow/.local/lib/python3.12/site-packages/airflow/example_dags/example_sensors.py
[2024-07-18T08:38:21.016+0000] {processor.py:840} INFO - DAG(s) 'example_sensors' retrieved from /home/airflow/.local/lib/python3.12/site-packages/airflow/example_dags/example_sensors.py
[2024-07-18T08:38:21.047+0000] {logging_mixin.py:188} INFO - [2024-07-18T08:38:21.047+0000] {dag.py:3096} INFO - Sync 1 DAGs
[2024-07-18T08:38:21.063+0000] {logging_mixin.py:188} INFO - [2024-07-18T08:38:21.063+0000] {dag.py:3954} INFO - Setting next_dagrun for example_sensors to None, run_after=None
[2024-07-18T08:38:21.088+0000] {processor.py:183} INFO - Processing /home/airflow/.local/lib/python3.12/site-packages/airflow/example_dags/example_sensors.py took 0.096 seconds
[2024-07-18T08:38:51.415+0000] {processor.py:161} INFO - Started process (PID=358) to work on /home/airflow/.local/lib/python3.12/site-packages/airflow/example_dags/example_sensors.py
[2024-07-18T08:38:51.416+0000] {processor.py:830} INFO - Processing file /home/airflow/.local/lib/python3.12/site-packages/airflow/example_dags/example_sensors.py for tasks to queue
[2024-07-18T08:38:51.417+0000] {logging_mixin.py:188} INFO - [2024-07-18T08:38:51.417+0000] {dagbag.py:545} INFO - Filling up the DagBag from /home/airflow/.local/lib/python3.12/site-packages/airflow/example_dags/example_sensors.py
[2024-07-18T08:38:51.429+0000] {processor.py:840} INFO - DAG(s) 'example_sensors' retrieved from /home/airflow/.local/lib/python3.12/site-packages/airflow/example_dags/example_sensors.py
[2024-07-18T08:38:51.456+0000] {logging_mixin.py:188} INFO - [2024-07-18T08:38:51.456+0000] {dag.py:3096} INFO - Sync 1 DAGs
[2024-07-18T08:38:51.470+0000] {logging_mixin.py:188} INFO - [2024-07-18T08:38:51.470+0000] {dag.py:3954} INFO - Setting next_dagrun for example_sensors to None, run_after=None
[2024-07-18T08:38:51.491+0000] {processor.py:183} INFO - Processing /home/airflow/.local/lib/python3.12/site-packages/airflow/example_dags/example_sensors.py took 0.083 seconds
[2024-07-18T08:39:21.579+0000] {processor.py:161} INFO - Started process (PID=418) to work on /home/airflow/.local/lib/python3.12/site-packages/airflow/example_dags/example_sensors.py
[2024-07-18T08:39:21.580+0000] {processor.py:830} INFO - Processing file /home/airflow/.local/lib/python3.12/site-packages/airflow/example_dags/example_sensors.py for tasks to queue
[2024-07-18T08:39:21.581+0000] {logging_mixin.py:188} INFO - [2024-07-18T08:39:21.581+0000] {dagbag.py:545} INFO - Filling up the DagBag from /home/airflow/.local/lib/python3.12/site-packages/airflow/example_dags/example_sensors.py
[2024-07-18T08:39:21.588+0000] {processor.py:840} INFO - DAG(s) 'example_sensors' retrieved from /home/airflow/.local/lib/python3.12/site-packages/airflow/example_dags/example_sensors.py
[2024-07-18T08:39:21.613+0000] {logging_mixin.py:188} INFO - [2024-07-18T08:39:21.612+0000] {dag.py:3096} INFO - Sync 1 DAGs
[2024-07-18T08:39:21.624+0000] {logging_mixin.py:188} INFO - [2024-07-18T08:39:21.624+0000] {dag.py:3954} INFO - Setting next_dagrun for example_sensors to None, run_after=None
[2024-07-18T08:39:21.643+0000] {processor.py:183} INFO - Processing /home/airflow/.local/lib/python3.12/site-packages/airflow/example_dags/example_sensors.py took 0.068 seconds
