[2024-07-18T08:31:38.232+0000] {processor.py:161} INFO - Started process (PID=76) to work on /home/airflow/.local/lib/python3.12/site-packages/airflow/example_dags/example_datasets.py
[2024-07-18T08:31:38.233+0000] {processor.py:830} INFO - Processing file /home/airflow/.local/lib/python3.12/site-packages/airflow/example_dags/example_datasets.py for tasks to queue
[2024-07-18T08:31:38.234+0000] {logging_mixin.py:188} INFO - [2024-07-18T08:31:38.234+0000] {dagbag.py:545} INFO - Filling up the DagBag from /home/airflow/.local/lib/python3.12/site-packages/airflow/example_dags/example_datasets.py
[2024-07-18T08:31:38.252+0000] {processor.py:840} INFO - DAG(s) 'consume_1_or_2_with_dataset_expressions', 'dataset_produces_2', 'dataset_produces_1', 'consume_1_or_both_2_and_3_with_dataset_expressions', 'dataset_consumes_1_and_2', 'dataset_consumes_1', 'conditional_dataset_and_time_based_timetable', 'consume_1_and_2_with_dataset_expressions', 'dataset_consumes_1_never_scheduled', 'dataset_consumes_unknown_never_scheduled' retrieved from /home/airflow/.local/lib/python3.12/site-packages/airflow/example_dags/example_datasets.py
[2024-07-18T08:31:38.489+0000] {logging_mixin.py:188} INFO - [2024-07-18T08:31:38.489+0000] {dag.py:3096} INFO - Sync 10 DAGs
[2024-07-18T08:31:38.516+0000] {logging_mixin.py:188} INFO - [2024-07-18T08:31:38.516+0000] {dag.py:3954} INFO - Setting next_dagrun for conditional_dataset_and_time_based_timetable to 2024-07-17 01:00:00+00:00, run_after=2024-07-17 01:00:00+00:00
[2024-07-18T08:31:38.520+0000] {logging_mixin.py:188} INFO - [2024-07-18T08:31:38.520+0000] {dag.py:3954} INFO - Setting next_dagrun for consume_1_and_2_with_dataset_expressions to None, run_after=None
[2024-07-18T08:31:38.522+0000] {logging_mixin.py:188} INFO - [2024-07-18T08:31:38.522+0000] {dag.py:3954} INFO - Setting next_dagrun for consume_1_or_2_with_dataset_expressions to None, run_after=None
[2024-07-18T08:31:38.523+0000] {logging_mixin.py:188} INFO - [2024-07-18T08:31:38.523+0000] {dag.py:3954} INFO - Setting next_dagrun for consume_1_or_both_2_and_3_with_dataset_expressions to None, run_after=None
[2024-07-18T08:31:38.525+0000] {logging_mixin.py:188} INFO - [2024-07-18T08:31:38.524+0000] {dag.py:3954} INFO - Setting next_dagrun for dataset_consumes_1 to None, run_after=None
[2024-07-18T08:31:38.526+0000] {logging_mixin.py:188} INFO - [2024-07-18T08:31:38.526+0000] {dag.py:3954} INFO - Setting next_dagrun for dataset_consumes_1_and_2 to None, run_after=None
[2024-07-18T08:31:38.528+0000] {logging_mixin.py:188} INFO - [2024-07-18T08:31:38.528+0000] {dag.py:3954} INFO - Setting next_dagrun for dataset_consumes_1_never_scheduled to None, run_after=None
[2024-07-18T08:31:38.530+0000] {logging_mixin.py:188} INFO - [2024-07-18T08:31:38.529+0000] {dag.py:3954} INFO - Setting next_dagrun for dataset_consumes_unknown_never_scheduled to None, run_after=None
[2024-07-18T08:31:38.532+0000] {logging_mixin.py:188} INFO - [2024-07-18T08:31:38.532+0000] {dag.py:3954} INFO - Setting next_dagrun for dataset_produces_1 to 2024-07-17 00:00:00+00:00, run_after=2024-07-18 00:00:00+00:00
[2024-07-18T08:31:38.534+0000] {logging_mixin.py:188} INFO - [2024-07-18T08:31:38.534+0000] {dag.py:3954} INFO - Setting next_dagrun for dataset_produces_2 to None, run_after=None
[2024-07-18T08:31:38.574+0000] {processor.py:183} INFO - Processing /home/airflow/.local/lib/python3.12/site-packages/airflow/example_dags/example_datasets.py took 0.347 seconds
[2024-07-18T08:32:08.716+0000] {processor.py:161} INFO - Started process (PID=137) to work on /home/airflow/.local/lib/python3.12/site-packages/airflow/example_dags/example_datasets.py
[2024-07-18T08:32:08.717+0000] {processor.py:830} INFO - Processing file /home/airflow/.local/lib/python3.12/site-packages/airflow/example_dags/example_datasets.py for tasks to queue
[2024-07-18T08:32:08.720+0000] {logging_mixin.py:188} INFO - [2024-07-18T08:32:08.719+0000] {dagbag.py:545} INFO - Filling up the DagBag from /home/airflow/.local/lib/python3.12/site-packages/airflow/example_dags/example_datasets.py
[2024-07-18T08:32:08.743+0000] {processor.py:840} INFO - DAG(s) 'dataset_produces_2', 'dataset_consumes_1_and_2', 'dataset_consumes_1', 'dataset_consumes_unknown_never_scheduled', 'dataset_consumes_1_never_scheduled', 'consume_1_and_2_with_dataset_expressions', 'consume_1_or_2_with_dataset_expressions', 'dataset_produces_1', 'conditional_dataset_and_time_based_timetable', 'consume_1_or_both_2_and_3_with_dataset_expressions' retrieved from /home/airflow/.local/lib/python3.12/site-packages/airflow/example_dags/example_datasets.py
[2024-07-18T08:32:08.826+0000] {logging_mixin.py:188} INFO - [2024-07-18T08:32:08.825+0000] {dag.py:3096} INFO - Sync 10 DAGs
[2024-07-18T08:32:08.871+0000] {logging_mixin.py:188} INFO - [2024-07-18T08:32:08.871+0000] {dag.py:3954} INFO - Setting next_dagrun for conditional_dataset_and_time_based_timetable to 2024-07-17 01:00:00+00:00, run_after=2024-07-17 01:00:00+00:00
[2024-07-18T08:32:08.877+0000] {logging_mixin.py:188} INFO - [2024-07-18T08:32:08.877+0000] {dag.py:3954} INFO - Setting next_dagrun for consume_1_and_2_with_dataset_expressions to None, run_after=None
[2024-07-18T08:32:08.880+0000] {logging_mixin.py:188} INFO - [2024-07-18T08:32:08.880+0000] {dag.py:3954} INFO - Setting next_dagrun for consume_1_or_2_with_dataset_expressions to None, run_after=None
[2024-07-18T08:32:08.882+0000] {logging_mixin.py:188} INFO - [2024-07-18T08:32:08.882+0000] {dag.py:3954} INFO - Setting next_dagrun for consume_1_or_both_2_and_3_with_dataset_expressions to None, run_after=None
[2024-07-18T08:32:08.885+0000] {logging_mixin.py:188} INFO - [2024-07-18T08:32:08.884+0000] {dag.py:3954} INFO - Setting next_dagrun for dataset_consumes_1 to None, run_after=None
[2024-07-18T08:32:08.887+0000] {logging_mixin.py:188} INFO - [2024-07-18T08:32:08.887+0000] {dag.py:3954} INFO - Setting next_dagrun for dataset_consumes_1_and_2 to None, run_after=None
[2024-07-18T08:32:08.890+0000] {logging_mixin.py:188} INFO - [2024-07-18T08:32:08.890+0000] {dag.py:3954} INFO - Setting next_dagrun for dataset_consumes_1_never_scheduled to None, run_after=None
[2024-07-18T08:32:08.892+0000] {logging_mixin.py:188} INFO - [2024-07-18T08:32:08.892+0000] {dag.py:3954} INFO - Setting next_dagrun for dataset_consumes_unknown_never_scheduled to None, run_after=None
[2024-07-18T08:32:08.897+0000] {logging_mixin.py:188} INFO - [2024-07-18T08:32:08.896+0000] {dag.py:3954} INFO - Setting next_dagrun for dataset_produces_1 to 2024-07-17 00:00:00+00:00, run_after=2024-07-18 00:00:00+00:00
[2024-07-18T08:32:08.899+0000] {logging_mixin.py:188} INFO - [2024-07-18T08:32:08.899+0000] {dag.py:3954} INFO - Setting next_dagrun for dataset_produces_2 to None, run_after=None
[2024-07-18T08:32:08.951+0000] {processor.py:183} INFO - Processing /home/airflow/.local/lib/python3.12/site-packages/airflow/example_dags/example_datasets.py took 0.243 seconds
[2024-07-18T08:32:39.737+0000] {processor.py:161} INFO - Started process (PID=197) to work on /home/airflow/.local/lib/python3.12/site-packages/airflow/example_dags/example_datasets.py
[2024-07-18T08:32:39.738+0000] {processor.py:830} INFO - Processing file /home/airflow/.local/lib/python3.12/site-packages/airflow/example_dags/example_datasets.py for tasks to queue
[2024-07-18T08:32:39.739+0000] {logging_mixin.py:188} INFO - [2024-07-18T08:32:39.738+0000] {dagbag.py:545} INFO - Filling up the DagBag from /home/airflow/.local/lib/python3.12/site-packages/airflow/example_dags/example_datasets.py
[2024-07-18T08:32:39.756+0000] {processor.py:840} INFO - DAG(s) 'dataset_consumes_1_and_2', 'consume_1_or_both_2_and_3_with_dataset_expressions', 'consume_1_or_2_with_dataset_expressions', 'dataset_consumes_unknown_never_scheduled', 'dataset_produces_1', 'consume_1_and_2_with_dataset_expressions', 'conditional_dataset_and_time_based_timetable', 'dataset_produces_2', 'dataset_consumes_1', 'dataset_consumes_1_never_scheduled' retrieved from /home/airflow/.local/lib/python3.12/site-packages/airflow/example_dags/example_datasets.py
[2024-07-18T08:32:39.810+0000] {logging_mixin.py:188} INFO - [2024-07-18T08:32:39.809+0000] {dag.py:3096} INFO - Sync 10 DAGs
[2024-07-18T08:32:39.838+0000] {logging_mixin.py:188} INFO - [2024-07-18T08:32:39.837+0000] {dag.py:3954} INFO - Setting next_dagrun for conditional_dataset_and_time_based_timetable to 2024-07-17 01:00:00+00:00, run_after=2024-07-17 01:00:00+00:00
[2024-07-18T08:32:39.843+0000] {logging_mixin.py:188} INFO - [2024-07-18T08:32:39.842+0000] {dag.py:3954} INFO - Setting next_dagrun for consume_1_and_2_with_dataset_expressions to None, run_after=None
[2024-07-18T08:32:39.845+0000] {logging_mixin.py:188} INFO - [2024-07-18T08:32:39.844+0000] {dag.py:3954} INFO - Setting next_dagrun for consume_1_or_2_with_dataset_expressions to None, run_after=None
[2024-07-18T08:32:39.847+0000] {logging_mixin.py:188} INFO - [2024-07-18T08:32:39.847+0000] {dag.py:3954} INFO - Setting next_dagrun for consume_1_or_both_2_and_3_with_dataset_expressions to None, run_after=None
[2024-07-18T08:32:39.849+0000] {logging_mixin.py:188} INFO - [2024-07-18T08:32:39.849+0000] {dag.py:3954} INFO - Setting next_dagrun for dataset_consumes_1 to None, run_after=None
[2024-07-18T08:32:39.851+0000] {logging_mixin.py:188} INFO - [2024-07-18T08:32:39.850+0000] {dag.py:3954} INFO - Setting next_dagrun for dataset_consumes_1_and_2 to None, run_after=None
[2024-07-18T08:32:39.852+0000] {logging_mixin.py:188} INFO - [2024-07-18T08:32:39.852+0000] {dag.py:3954} INFO - Setting next_dagrun for dataset_consumes_1_never_scheduled to None, run_after=None
[2024-07-18T08:32:39.855+0000] {logging_mixin.py:188} INFO - [2024-07-18T08:32:39.854+0000] {dag.py:3954} INFO - Setting next_dagrun for dataset_consumes_unknown_never_scheduled to None, run_after=None
[2024-07-18T08:32:39.857+0000] {logging_mixin.py:188} INFO - [2024-07-18T08:32:39.857+0000] {dag.py:3954} INFO - Setting next_dagrun for dataset_produces_1 to 2024-07-17 00:00:00+00:00, run_after=2024-07-18 00:00:00+00:00
[2024-07-18T08:32:39.859+0000] {logging_mixin.py:188} INFO - [2024-07-18T08:32:39.859+0000] {dag.py:3954} INFO - Setting next_dagrun for dataset_produces_2 to None, run_after=None
[2024-07-18T08:32:39.916+0000] {processor.py:183} INFO - Processing /home/airflow/.local/lib/python3.12/site-packages/airflow/example_dags/example_datasets.py took 0.185 seconds
[2024-07-18T08:33:10.270+0000] {processor.py:161} INFO - Started process (PID=257) to work on /home/airflow/.local/lib/python3.12/site-packages/airflow/example_dags/example_datasets.py
[2024-07-18T08:33:10.271+0000] {processor.py:830} INFO - Processing file /home/airflow/.local/lib/python3.12/site-packages/airflow/example_dags/example_datasets.py for tasks to queue
[2024-07-18T08:33:10.272+0000] {logging_mixin.py:188} INFO - [2024-07-18T08:33:10.272+0000] {dagbag.py:545} INFO - Filling up the DagBag from /home/airflow/.local/lib/python3.12/site-packages/airflow/example_dags/example_datasets.py
[2024-07-18T08:33:10.287+0000] {processor.py:840} INFO - DAG(s) 'dataset_produces_2', 'consume_1_or_both_2_and_3_with_dataset_expressions', 'consume_1_or_2_with_dataset_expressions', 'dataset_consumes_1_and_2', 'dataset_consumes_1', 'dataset_produces_1', 'dataset_consumes_unknown_never_scheduled', 'dataset_consumes_1_never_scheduled', 'consume_1_and_2_with_dataset_expressions', 'conditional_dataset_and_time_based_timetable' retrieved from /home/airflow/.local/lib/python3.12/site-packages/airflow/example_dags/example_datasets.py
[2024-07-18T08:33:10.338+0000] {logging_mixin.py:188} INFO - [2024-07-18T08:33:10.338+0000] {dag.py:3096} INFO - Sync 10 DAGs
[2024-07-18T08:33:10.365+0000] {logging_mixin.py:188} INFO - [2024-07-18T08:33:10.365+0000] {dag.py:3954} INFO - Setting next_dagrun for conditional_dataset_and_time_based_timetable to 2024-07-17 01:00:00+00:00, run_after=2024-07-17 01:00:00+00:00
[2024-07-18T08:33:10.369+0000] {logging_mixin.py:188} INFO - [2024-07-18T08:33:10.369+0000] {dag.py:3954} INFO - Setting next_dagrun for consume_1_and_2_with_dataset_expressions to None, run_after=None
[2024-07-18T08:33:10.371+0000] {logging_mixin.py:188} INFO - [2024-07-18T08:33:10.371+0000] {dag.py:3954} INFO - Setting next_dagrun for consume_1_or_2_with_dataset_expressions to None, run_after=None
[2024-07-18T08:33:10.373+0000] {logging_mixin.py:188} INFO - [2024-07-18T08:33:10.373+0000] {dag.py:3954} INFO - Setting next_dagrun for consume_1_or_both_2_and_3_with_dataset_expressions to None, run_after=None
[2024-07-18T08:33:10.375+0000] {logging_mixin.py:188} INFO - [2024-07-18T08:33:10.375+0000] {dag.py:3954} INFO - Setting next_dagrun for dataset_consumes_1 to None, run_after=None
[2024-07-18T08:33:10.376+0000] {logging_mixin.py:188} INFO - [2024-07-18T08:33:10.376+0000] {dag.py:3954} INFO - Setting next_dagrun for dataset_consumes_1_and_2 to None, run_after=None
[2024-07-18T08:33:10.378+0000] {logging_mixin.py:188} INFO - [2024-07-18T08:33:10.377+0000] {dag.py:3954} INFO - Setting next_dagrun for dataset_consumes_1_never_scheduled to None, run_after=None
[2024-07-18T08:33:10.379+0000] {logging_mixin.py:188} INFO - [2024-07-18T08:33:10.379+0000] {dag.py:3954} INFO - Setting next_dagrun for dataset_consumes_unknown_never_scheduled to None, run_after=None
[2024-07-18T08:33:10.382+0000] {logging_mixin.py:188} INFO - [2024-07-18T08:33:10.382+0000] {dag.py:3954} INFO - Setting next_dagrun for dataset_produces_1 to 2024-07-17 00:00:00+00:00, run_after=2024-07-18 00:00:00+00:00
[2024-07-18T08:33:10.384+0000] {logging_mixin.py:188} INFO - [2024-07-18T08:33:10.384+0000] {dag.py:3954} INFO - Setting next_dagrun for dataset_produces_2 to None, run_after=None
[2024-07-18T08:33:10.422+0000] {processor.py:183} INFO - Processing /home/airflow/.local/lib/python3.12/site-packages/airflow/example_dags/example_datasets.py took 0.157 seconds
[2024-07-18T08:36:21.351+0000] {processor.py:161} INFO - Started process (PID=77) to work on /home/airflow/.local/lib/python3.12/site-packages/airflow/example_dags/example_datasets.py
[2024-07-18T08:36:21.355+0000] {processor.py:830} INFO - Processing file /home/airflow/.local/lib/python3.12/site-packages/airflow/example_dags/example_datasets.py for tasks to queue
[2024-07-18T08:36:21.358+0000] {logging_mixin.py:188} INFO - [2024-07-18T08:36:21.358+0000] {dagbag.py:545} INFO - Filling up the DagBag from /home/airflow/.local/lib/python3.12/site-packages/airflow/example_dags/example_datasets.py
[2024-07-18T08:36:21.385+0000] {processor.py:840} INFO - DAG(s) 'dataset_consumes_1', 'dataset_produces_1', 'consume_1_and_2_with_dataset_expressions', 'dataset_consumes_unknown_never_scheduled', 'dataset_consumes_1_never_scheduled', 'consume_1_or_both_2_and_3_with_dataset_expressions', 'dataset_produces_2', 'dataset_consumes_1_and_2', 'conditional_dataset_and_time_based_timetable', 'consume_1_or_2_with_dataset_expressions' retrieved from /home/airflow/.local/lib/python3.12/site-packages/airflow/example_dags/example_datasets.py
[2024-07-18T08:36:21.680+0000] {logging_mixin.py:188} INFO - [2024-07-18T08:36:21.680+0000] {dag.py:3096} INFO - Sync 10 DAGs
[2024-07-18T08:36:21.723+0000] {logging_mixin.py:188} INFO - [2024-07-18T08:36:21.723+0000] {dag.py:3954} INFO - Setting next_dagrun for conditional_dataset_and_time_based_timetable to 2024-07-17 01:00:00+00:00, run_after=2024-07-17 01:00:00+00:00
[2024-07-18T08:36:21.728+0000] {logging_mixin.py:188} INFO - [2024-07-18T08:36:21.727+0000] {dag.py:3954} INFO - Setting next_dagrun for consume_1_and_2_with_dataset_expressions to None, run_after=None
[2024-07-18T08:36:21.730+0000] {logging_mixin.py:188} INFO - [2024-07-18T08:36:21.730+0000] {dag.py:3954} INFO - Setting next_dagrun for consume_1_or_2_with_dataset_expressions to None, run_after=None
[2024-07-18T08:36:21.732+0000] {logging_mixin.py:188} INFO - [2024-07-18T08:36:21.732+0000] {dag.py:3954} INFO - Setting next_dagrun for consume_1_or_both_2_and_3_with_dataset_expressions to None, run_after=None
[2024-07-18T08:36:21.733+0000] {logging_mixin.py:188} INFO - [2024-07-18T08:36:21.733+0000] {dag.py:3954} INFO - Setting next_dagrun for dataset_consumes_1 to None, run_after=None
[2024-07-18T08:36:21.735+0000] {logging_mixin.py:188} INFO - [2024-07-18T08:36:21.735+0000] {dag.py:3954} INFO - Setting next_dagrun for dataset_consumes_1_and_2 to None, run_after=None
[2024-07-18T08:36:21.737+0000] {logging_mixin.py:188} INFO - [2024-07-18T08:36:21.737+0000] {dag.py:3954} INFO - Setting next_dagrun for dataset_consumes_1_never_scheduled to None, run_after=None
[2024-07-18T08:36:21.739+0000] {logging_mixin.py:188} INFO - [2024-07-18T08:36:21.739+0000] {dag.py:3954} INFO - Setting next_dagrun for dataset_consumes_unknown_never_scheduled to None, run_after=None
[2024-07-18T08:36:21.744+0000] {logging_mixin.py:188} INFO - [2024-07-18T08:36:21.744+0000] {dag.py:3954} INFO - Setting next_dagrun for dataset_produces_1 to 2024-07-17 00:00:00+00:00, run_after=2024-07-18 00:00:00+00:00
[2024-07-18T08:36:21.746+0000] {logging_mixin.py:188} INFO - [2024-07-18T08:36:21.746+0000] {dag.py:3954} INFO - Setting next_dagrun for dataset_produces_2 to None, run_after=None
[2024-07-18T08:36:21.802+0000] {processor.py:183} INFO - Processing /home/airflow/.local/lib/python3.12/site-packages/airflow/example_dags/example_datasets.py took 0.457 seconds
[2024-07-18T08:36:52.649+0000] {processor.py:161} INFO - Started process (PID=143) to work on /home/airflow/.local/lib/python3.12/site-packages/airflow/example_dags/example_datasets.py
[2024-07-18T08:36:52.650+0000] {processor.py:830} INFO - Processing file /home/airflow/.local/lib/python3.12/site-packages/airflow/example_dags/example_datasets.py for tasks to queue
[2024-07-18T08:36:52.651+0000] {logging_mixin.py:188} INFO - [2024-07-18T08:36:52.651+0000] {dagbag.py:545} INFO - Filling up the DagBag from /home/airflow/.local/lib/python3.12/site-packages/airflow/example_dags/example_datasets.py
[2024-07-18T08:36:52.664+0000] {processor.py:840} INFO - DAG(s) 'consume_1_and_2_with_dataset_expressions', 'conditional_dataset_and_time_based_timetable', 'dataset_consumes_1_never_scheduled', 'consume_1_or_2_with_dataset_expressions', 'dataset_consumes_unknown_never_scheduled', 'dataset_produces_1', 'dataset_consumes_1', 'dataset_consumes_1_and_2', 'dataset_produces_2', 'consume_1_or_both_2_and_3_with_dataset_expressions' retrieved from /home/airflow/.local/lib/python3.12/site-packages/airflow/example_dags/example_datasets.py
[2024-07-18T08:36:52.709+0000] {logging_mixin.py:188} INFO - [2024-07-18T08:36:52.708+0000] {dag.py:3096} INFO - Sync 10 DAGs
[2024-07-18T08:36:52.733+0000] {logging_mixin.py:188} INFO - [2024-07-18T08:36:52.733+0000] {dag.py:3954} INFO - Setting next_dagrun for conditional_dataset_and_time_based_timetable to 2024-07-17 01:00:00+00:00, run_after=2024-07-17 01:00:00+00:00
[2024-07-18T08:36:52.737+0000] {logging_mixin.py:188} INFO - [2024-07-18T08:36:52.737+0000] {dag.py:3954} INFO - Setting next_dagrun for consume_1_and_2_with_dataset_expressions to None, run_after=None
[2024-07-18T08:36:52.738+0000] {logging_mixin.py:188} INFO - [2024-07-18T08:36:52.738+0000] {dag.py:3954} INFO - Setting next_dagrun for consume_1_or_2_with_dataset_expressions to None, run_after=None
[2024-07-18T08:36:52.739+0000] {logging_mixin.py:188} INFO - [2024-07-18T08:36:52.739+0000] {dag.py:3954} INFO - Setting next_dagrun for consume_1_or_both_2_and_3_with_dataset_expressions to None, run_after=None
[2024-07-18T08:36:52.741+0000] {logging_mixin.py:188} INFO - [2024-07-18T08:36:52.741+0000] {dag.py:3954} INFO - Setting next_dagrun for dataset_consumes_1 to None, run_after=None
[2024-07-18T08:36:52.742+0000] {logging_mixin.py:188} INFO - [2024-07-18T08:36:52.742+0000] {dag.py:3954} INFO - Setting next_dagrun for dataset_consumes_1_and_2 to None, run_after=None
[2024-07-18T08:36:52.743+0000] {logging_mixin.py:188} INFO - [2024-07-18T08:36:52.743+0000] {dag.py:3954} INFO - Setting next_dagrun for dataset_consumes_1_never_scheduled to None, run_after=None
[2024-07-18T08:36:52.744+0000] {logging_mixin.py:188} INFO - [2024-07-18T08:36:52.744+0000] {dag.py:3954} INFO - Setting next_dagrun for dataset_consumes_unknown_never_scheduled to None, run_after=None
[2024-07-18T08:36:52.747+0000] {logging_mixin.py:188} INFO - [2024-07-18T08:36:52.747+0000] {dag.py:3954} INFO - Setting next_dagrun for dataset_produces_1 to 2024-07-17 00:00:00+00:00, run_after=2024-07-18 00:00:00+00:00
[2024-07-18T08:36:52.748+0000] {logging_mixin.py:188} INFO - [2024-07-18T08:36:52.748+0000] {dag.py:3954} INFO - Setting next_dagrun for dataset_produces_2 to None, run_after=None
[2024-07-18T08:36:52.780+0000] {processor.py:183} INFO - Processing /home/airflow/.local/lib/python3.12/site-packages/airflow/example_dags/example_datasets.py took 0.136 seconds
[2024-07-18T08:37:23.414+0000] {processor.py:161} INFO - Started process (PID=203) to work on /home/airflow/.local/lib/python3.12/site-packages/airflow/example_dags/example_datasets.py
[2024-07-18T08:37:23.415+0000] {processor.py:830} INFO - Processing file /home/airflow/.local/lib/python3.12/site-packages/airflow/example_dags/example_datasets.py for tasks to queue
[2024-07-18T08:37:23.417+0000] {logging_mixin.py:188} INFO - [2024-07-18T08:37:23.416+0000] {dagbag.py:545} INFO - Filling up the DagBag from /home/airflow/.local/lib/python3.12/site-packages/airflow/example_dags/example_datasets.py
[2024-07-18T08:37:23.434+0000] {processor.py:840} INFO - DAG(s) 'conditional_dataset_and_time_based_timetable', 'consume_1_or_both_2_and_3_with_dataset_expressions', 'dataset_consumes_1_and_2', 'dataset_consumes_1', 'consume_1_or_2_with_dataset_expressions', 'consume_1_and_2_with_dataset_expressions', 'dataset_produces_1', 'dataset_consumes_1_never_scheduled', 'dataset_produces_2', 'dataset_consumes_unknown_never_scheduled' retrieved from /home/airflow/.local/lib/python3.12/site-packages/airflow/example_dags/example_datasets.py
[2024-07-18T08:37:23.494+0000] {logging_mixin.py:188} INFO - [2024-07-18T08:37:23.494+0000] {dag.py:3096} INFO - Sync 10 DAGs
[2024-07-18T08:37:23.529+0000] {logging_mixin.py:188} INFO - [2024-07-18T08:37:23.529+0000] {dag.py:3954} INFO - Setting next_dagrun for conditional_dataset_and_time_based_timetable to 2024-07-17 01:00:00+00:00, run_after=2024-07-17 01:00:00+00:00
[2024-07-18T08:37:23.534+0000] {logging_mixin.py:188} INFO - [2024-07-18T08:37:23.534+0000] {dag.py:3954} INFO - Setting next_dagrun for consume_1_and_2_with_dataset_expressions to None, run_after=None
[2024-07-18T08:37:23.536+0000] {logging_mixin.py:188} INFO - [2024-07-18T08:37:23.535+0000] {dag.py:3954} INFO - Setting next_dagrun for consume_1_or_2_with_dataset_expressions to None, run_after=None
[2024-07-18T08:37:23.537+0000] {logging_mixin.py:188} INFO - [2024-07-18T08:37:23.537+0000] {dag.py:3954} INFO - Setting next_dagrun for consume_1_or_both_2_and_3_with_dataset_expressions to None, run_after=None
[2024-07-18T08:37:23.539+0000] {logging_mixin.py:188} INFO - [2024-07-18T08:37:23.538+0000] {dag.py:3954} INFO - Setting next_dagrun for dataset_consumes_1 to None, run_after=None
[2024-07-18T08:37:23.540+0000] {logging_mixin.py:188} INFO - [2024-07-18T08:37:23.540+0000] {dag.py:3954} INFO - Setting next_dagrun for dataset_consumes_1_and_2 to None, run_after=None
[2024-07-18T08:37:23.542+0000] {logging_mixin.py:188} INFO - [2024-07-18T08:37:23.542+0000] {dag.py:3954} INFO - Setting next_dagrun for dataset_consumes_1_never_scheduled to None, run_after=None
[2024-07-18T08:37:23.543+0000] {logging_mixin.py:188} INFO - [2024-07-18T08:37:23.543+0000] {dag.py:3954} INFO - Setting next_dagrun for dataset_consumes_unknown_never_scheduled to None, run_after=None
[2024-07-18T08:37:23.546+0000] {logging_mixin.py:188} INFO - [2024-07-18T08:37:23.546+0000] {dag.py:3954} INFO - Setting next_dagrun for dataset_produces_1 to 2024-07-17 00:00:00+00:00, run_after=2024-07-18 00:00:00+00:00
[2024-07-18T08:37:23.548+0000] {logging_mixin.py:188} INFO - [2024-07-18T08:37:23.547+0000] {dag.py:3954} INFO - Setting next_dagrun for dataset_produces_2 to None, run_after=None
[2024-07-18T08:37:23.589+0000] {processor.py:183} INFO - Processing /home/airflow/.local/lib/python3.12/site-packages/airflow/example_dags/example_datasets.py took 0.181 seconds
[2024-07-18T08:37:53.888+0000] {processor.py:161} INFO - Started process (PID=263) to work on /home/airflow/.local/lib/python3.12/site-packages/airflow/example_dags/example_datasets.py
[2024-07-18T08:37:53.889+0000] {processor.py:830} INFO - Processing file /home/airflow/.local/lib/python3.12/site-packages/airflow/example_dags/example_datasets.py for tasks to queue
[2024-07-18T08:37:53.890+0000] {logging_mixin.py:188} INFO - [2024-07-18T08:37:53.890+0000] {dagbag.py:545} INFO - Filling up the DagBag from /home/airflow/.local/lib/python3.12/site-packages/airflow/example_dags/example_datasets.py
[2024-07-18T08:37:53.902+0000] {processor.py:840} INFO - DAG(s) 'dataset_consumes_1', 'dataset_consumes_unknown_never_scheduled', 'consume_1_or_2_with_dataset_expressions', 'consume_1_and_2_with_dataset_expressions', 'dataset_consumes_1_and_2', 'dataset_produces_2', 'consume_1_or_both_2_and_3_with_dataset_expressions', 'conditional_dataset_and_time_based_timetable', 'dataset_produces_1', 'dataset_consumes_1_never_scheduled' retrieved from /home/airflow/.local/lib/python3.12/site-packages/airflow/example_dags/example_datasets.py
[2024-07-18T08:37:53.943+0000] {logging_mixin.py:188} INFO - [2024-07-18T08:37:53.943+0000] {dag.py:3096} INFO - Sync 10 DAGs
[2024-07-18T08:37:53.967+0000] {logging_mixin.py:188} INFO - [2024-07-18T08:37:53.967+0000] {dag.py:3954} INFO - Setting next_dagrun for conditional_dataset_and_time_based_timetable to 2024-07-17 01:00:00+00:00, run_after=2024-07-17 01:00:00+00:00
[2024-07-18T08:37:53.972+0000] {logging_mixin.py:188} INFO - [2024-07-18T08:37:53.971+0000] {dag.py:3954} INFO - Setting next_dagrun for consume_1_and_2_with_dataset_expressions to None, run_after=None
[2024-07-18T08:37:53.974+0000] {logging_mixin.py:188} INFO - [2024-07-18T08:37:53.974+0000] {dag.py:3954} INFO - Setting next_dagrun for consume_1_or_2_with_dataset_expressions to None, run_after=None
[2024-07-18T08:37:53.977+0000] {logging_mixin.py:188} INFO - [2024-07-18T08:37:53.976+0000] {dag.py:3954} INFO - Setting next_dagrun for consume_1_or_both_2_and_3_with_dataset_expressions to None, run_after=None
[2024-07-18T08:37:53.979+0000] {logging_mixin.py:188} INFO - [2024-07-18T08:37:53.978+0000] {dag.py:3954} INFO - Setting next_dagrun for dataset_consumes_1 to None, run_after=None
[2024-07-18T08:37:53.980+0000] {logging_mixin.py:188} INFO - [2024-07-18T08:37:53.980+0000] {dag.py:3954} INFO - Setting next_dagrun for dataset_consumes_1_and_2 to None, run_after=None
[2024-07-18T08:37:53.982+0000] {logging_mixin.py:188} INFO - [2024-07-18T08:37:53.981+0000] {dag.py:3954} INFO - Setting next_dagrun for dataset_consumes_1_never_scheduled to None, run_after=None
[2024-07-18T08:37:53.984+0000] {logging_mixin.py:188} INFO - [2024-07-18T08:37:53.983+0000] {dag.py:3954} INFO - Setting next_dagrun for dataset_consumes_unknown_never_scheduled to None, run_after=None
[2024-07-18T08:37:53.989+0000] {logging_mixin.py:188} INFO - [2024-07-18T08:37:53.989+0000] {dag.py:3954} INFO - Setting next_dagrun for dataset_produces_1 to 2024-07-17 00:00:00+00:00, run_after=2024-07-18 00:00:00+00:00
[2024-07-18T08:37:53.992+0000] {logging_mixin.py:188} INFO - [2024-07-18T08:37:53.992+0000] {dag.py:3954} INFO - Setting next_dagrun for dataset_produces_2 to None, run_after=None
[2024-07-18T08:37:54.047+0000] {processor.py:183} INFO - Processing /home/airflow/.local/lib/python3.12/site-packages/airflow/example_dags/example_datasets.py took 0.164 seconds
[2024-07-18T08:38:24.439+0000] {processor.py:161} INFO - Started process (PID=323) to work on /home/airflow/.local/lib/python3.12/site-packages/airflow/example_dags/example_datasets.py
[2024-07-18T08:38:24.441+0000] {processor.py:830} INFO - Processing file /home/airflow/.local/lib/python3.12/site-packages/airflow/example_dags/example_datasets.py for tasks to queue
[2024-07-18T08:38:24.444+0000] {logging_mixin.py:188} INFO - [2024-07-18T08:38:24.443+0000] {dagbag.py:545} INFO - Filling up the DagBag from /home/airflow/.local/lib/python3.12/site-packages/airflow/example_dags/example_datasets.py
[2024-07-18T08:38:24.467+0000] {processor.py:840} INFO - DAG(s) 'consume_1_and_2_with_dataset_expressions', 'dataset_produces_2', 'dataset_consumes_1', 'dataset_consumes_1_and_2', 'consume_1_or_2_with_dataset_expressions', 'dataset_consumes_unknown_never_scheduled', 'conditional_dataset_and_time_based_timetable', 'dataset_consumes_1_never_scheduled', 'consume_1_or_both_2_and_3_with_dataset_expressions', 'dataset_produces_1' retrieved from /home/airflow/.local/lib/python3.12/site-packages/airflow/example_dags/example_datasets.py
[2024-07-18T08:38:24.529+0000] {logging_mixin.py:188} INFO - [2024-07-18T08:38:24.529+0000] {dag.py:3096} INFO - Sync 10 DAGs
[2024-07-18T08:38:24.563+0000] {logging_mixin.py:188} INFO - [2024-07-18T08:38:24.562+0000] {dag.py:3954} INFO - Setting next_dagrun for conditional_dataset_and_time_based_timetable to 2024-07-17 01:00:00+00:00, run_after=2024-07-17 01:00:00+00:00
[2024-07-18T08:38:24.567+0000] {logging_mixin.py:188} INFO - [2024-07-18T08:38:24.567+0000] {dag.py:3954} INFO - Setting next_dagrun for consume_1_and_2_with_dataset_expressions to None, run_after=None
[2024-07-18T08:38:24.569+0000] {logging_mixin.py:188} INFO - [2024-07-18T08:38:24.569+0000] {dag.py:3954} INFO - Setting next_dagrun for consume_1_or_2_with_dataset_expressions to None, run_after=None
[2024-07-18T08:38:24.571+0000] {logging_mixin.py:188} INFO - [2024-07-18T08:38:24.571+0000] {dag.py:3954} INFO - Setting next_dagrun for consume_1_or_both_2_and_3_with_dataset_expressions to None, run_after=None
[2024-07-18T08:38:24.572+0000] {logging_mixin.py:188} INFO - [2024-07-18T08:38:24.572+0000] {dag.py:3954} INFO - Setting next_dagrun for dataset_consumes_1 to None, run_after=None
[2024-07-18T08:38:24.574+0000] {logging_mixin.py:188} INFO - [2024-07-18T08:38:24.574+0000] {dag.py:3954} INFO - Setting next_dagrun for dataset_consumes_1_and_2 to None, run_after=None
[2024-07-18T08:38:24.577+0000] {logging_mixin.py:188} INFO - [2024-07-18T08:38:24.577+0000] {dag.py:3954} INFO - Setting next_dagrun for dataset_consumes_1_never_scheduled to None, run_after=None
[2024-07-18T08:38:24.579+0000] {logging_mixin.py:188} INFO - [2024-07-18T08:38:24.579+0000] {dag.py:3954} INFO - Setting next_dagrun for dataset_consumes_unknown_never_scheduled to None, run_after=None
[2024-07-18T08:38:24.582+0000] {logging_mixin.py:188} INFO - [2024-07-18T08:38:24.582+0000] {dag.py:3954} INFO - Setting next_dagrun for dataset_produces_1 to 2024-07-17 00:00:00+00:00, run_after=2024-07-18 00:00:00+00:00
[2024-07-18T08:38:24.584+0000] {logging_mixin.py:188} INFO - [2024-07-18T08:38:24.584+0000] {dag.py:3954} INFO - Setting next_dagrun for dataset_produces_2 to None, run_after=None
[2024-07-18T08:38:24.627+0000] {processor.py:183} INFO - Processing /home/airflow/.local/lib/python3.12/site-packages/airflow/example_dags/example_datasets.py took 0.195 seconds
[2024-07-18T08:38:54.904+0000] {processor.py:161} INFO - Started process (PID=383) to work on /home/airflow/.local/lib/python3.12/site-packages/airflow/example_dags/example_datasets.py
[2024-07-18T08:38:54.905+0000] {processor.py:830} INFO - Processing file /home/airflow/.local/lib/python3.12/site-packages/airflow/example_dags/example_datasets.py for tasks to queue
[2024-07-18T08:38:54.908+0000] {logging_mixin.py:188} INFO - [2024-07-18T08:38:54.907+0000] {dagbag.py:545} INFO - Filling up the DagBag from /home/airflow/.local/lib/python3.12/site-packages/airflow/example_dags/example_datasets.py
[2024-07-18T08:38:54.930+0000] {processor.py:840} INFO - DAG(s) 'consume_1_or_both_2_and_3_with_dataset_expressions', 'dataset_consumes_1_and_2', 'dataset_produces_1', 'dataset_produces_2', 'consume_1_and_2_with_dataset_expressions', 'dataset_consumes_1', 'consume_1_or_2_with_dataset_expressions', 'conditional_dataset_and_time_based_timetable', 'dataset_consumes_unknown_never_scheduled', 'dataset_consumes_1_never_scheduled' retrieved from /home/airflow/.local/lib/python3.12/site-packages/airflow/example_dags/example_datasets.py
[2024-07-18T08:38:55.012+0000] {logging_mixin.py:188} INFO - [2024-07-18T08:38:55.012+0000] {dag.py:3096} INFO - Sync 10 DAGs
[2024-07-18T08:38:55.047+0000] {logging_mixin.py:188} INFO - [2024-07-18T08:38:55.047+0000] {dag.py:3954} INFO - Setting next_dagrun for conditional_dataset_and_time_based_timetable to 2024-07-17 01:00:00+00:00, run_after=2024-07-17 01:00:00+00:00
[2024-07-18T08:38:55.053+0000] {logging_mixin.py:188} INFO - [2024-07-18T08:38:55.053+0000] {dag.py:3954} INFO - Setting next_dagrun for consume_1_and_2_with_dataset_expressions to None, run_after=None
[2024-07-18T08:38:55.055+0000] {logging_mixin.py:188} INFO - [2024-07-18T08:38:55.055+0000] {dag.py:3954} INFO - Setting next_dagrun for consume_1_or_2_with_dataset_expressions to None, run_after=None
[2024-07-18T08:38:55.057+0000] {logging_mixin.py:188} INFO - [2024-07-18T08:38:55.057+0000] {dag.py:3954} INFO - Setting next_dagrun for consume_1_or_both_2_and_3_with_dataset_expressions to None, run_after=None
[2024-07-18T08:38:55.059+0000] {logging_mixin.py:188} INFO - [2024-07-18T08:38:55.059+0000] {dag.py:3954} INFO - Setting next_dagrun for dataset_consumes_1 to None, run_after=None
[2024-07-18T08:38:55.061+0000] {logging_mixin.py:188} INFO - [2024-07-18T08:38:55.060+0000] {dag.py:3954} INFO - Setting next_dagrun for dataset_consumes_1_and_2 to None, run_after=None
[2024-07-18T08:38:55.063+0000] {logging_mixin.py:188} INFO - [2024-07-18T08:38:55.062+0000] {dag.py:3954} INFO - Setting next_dagrun for dataset_consumes_1_never_scheduled to None, run_after=None
[2024-07-18T08:38:55.064+0000] {logging_mixin.py:188} INFO - [2024-07-18T08:38:55.064+0000] {dag.py:3954} INFO - Setting next_dagrun for dataset_consumes_unknown_never_scheduled to None, run_after=None
[2024-07-18T08:38:55.068+0000] {logging_mixin.py:188} INFO - [2024-07-18T08:38:55.068+0000] {dag.py:3954} INFO - Setting next_dagrun for dataset_produces_1 to 2024-07-17 00:00:00+00:00, run_after=2024-07-18 00:00:00+00:00
[2024-07-18T08:38:55.070+0000] {logging_mixin.py:188} INFO - [2024-07-18T08:38:55.069+0000] {dag.py:3954} INFO - Setting next_dagrun for dataset_produces_2 to None, run_after=None
[2024-07-18T08:38:55.112+0000] {processor.py:183} INFO - Processing /home/airflow/.local/lib/python3.12/site-packages/airflow/example_dags/example_datasets.py took 0.215 seconds
