[2024-07-18T08:31:31.786+0000] {processor.py:161} INFO - Started process (PID=48) to work on /home/airflow/.local/lib/python3.12/site-packages/airflow/example_dags/example_task_group_decorator.py
[2024-07-18T08:31:31.787+0000] {processor.py:830} INFO - Processing file /home/airflow/.local/lib/python3.12/site-packages/airflow/example_dags/example_task_group_decorator.py for tasks to queue
[2024-07-18T08:31:31.789+0000] {logging_mixin.py:188} INFO - [2024-07-18T08:31:31.789+0000] {dagbag.py:545} INFO - Filling up the DagBag from /home/airflow/.local/lib/python3.12/site-packages/airflow/example_dags/example_task_group_decorator.py
[2024-07-18T08:31:31.818+0000] {processor.py:840} INFO - DAG(s) 'example_task_group_decorator' retrieved from /home/airflow/.local/lib/python3.12/site-packages/airflow/example_dags/example_task_group_decorator.py
[2024-07-18T08:31:32.317+0000] {logging_mixin.py:188} INFO - [2024-07-18T08:31:32.316+0000] {dag.py:3096} INFO - Sync 1 DAGs
[2024-07-18T08:31:32.388+0000] {logging_mixin.py:188} INFO - [2024-07-18T08:31:32.388+0000] {dag.py:3954} INFO - Setting next_dagrun for example_task_group_decorator to 2024-07-17 00:00:00+00:00, run_after=2024-07-18 00:00:00+00:00
[2024-07-18T08:31:32.423+0000] {processor.py:183} INFO - Processing /home/airflow/.local/lib/python3.12/site-packages/airflow/example_dags/example_task_group_decorator.py took 0.645 seconds
[2024-07-18T08:32:02.614+0000] {processor.py:161} INFO - Started process (PID=108) to work on /home/airflow/.local/lib/python3.12/site-packages/airflow/example_dags/example_task_group_decorator.py
[2024-07-18T08:32:02.615+0000] {processor.py:830} INFO - Processing file /home/airflow/.local/lib/python3.12/site-packages/airflow/example_dags/example_task_group_decorator.py for tasks to queue
[2024-07-18T08:32:02.618+0000] {logging_mixin.py:188} INFO - [2024-07-18T08:32:02.618+0000] {dagbag.py:545} INFO - Filling up the DagBag from /home/airflow/.local/lib/python3.12/site-packages/airflow/example_dags/example_task_group_decorator.py
[2024-07-18T08:32:02.642+0000] {processor.py:840} INFO - DAG(s) 'example_task_group_decorator' retrieved from /home/airflow/.local/lib/python3.12/site-packages/airflow/example_dags/example_task_group_decorator.py
[2024-07-18T08:32:02.691+0000] {logging_mixin.py:188} INFO - [2024-07-18T08:32:02.690+0000] {dag.py:3096} INFO - Sync 1 DAGs
[2024-07-18T08:32:02.721+0000] {logging_mixin.py:188} INFO - [2024-07-18T08:32:02.720+0000] {dag.py:3954} INFO - Setting next_dagrun for example_task_group_decorator to 2024-07-17 00:00:00+00:00, run_after=2024-07-18 00:00:00+00:00
[2024-07-18T08:32:02.743+0000] {processor.py:183} INFO - Processing /home/airflow/.local/lib/python3.12/site-packages/airflow/example_dags/example_task_group_decorator.py took 0.137 seconds
[2024-07-18T08:32:33.002+0000] {processor.py:161} INFO - Started process (PID=168) to work on /home/airflow/.local/lib/python3.12/site-packages/airflow/example_dags/example_task_group_decorator.py
[2024-07-18T08:32:33.003+0000] {processor.py:830} INFO - Processing file /home/airflow/.local/lib/python3.12/site-packages/airflow/example_dags/example_task_group_decorator.py for tasks to queue
[2024-07-18T08:32:33.004+0000] {logging_mixin.py:188} INFO - [2024-07-18T08:32:33.004+0000] {dagbag.py:545} INFO - Filling up the DagBag from /home/airflow/.local/lib/python3.12/site-packages/airflow/example_dags/example_task_group_decorator.py
[2024-07-18T08:32:33.020+0000] {processor.py:840} INFO - DAG(s) 'example_task_group_decorator' retrieved from /home/airflow/.local/lib/python3.12/site-packages/airflow/example_dags/example_task_group_decorator.py
[2024-07-18T08:32:33.049+0000] {logging_mixin.py:188} INFO - [2024-07-18T08:32:33.048+0000] {dag.py:3096} INFO - Sync 1 DAGs
[2024-07-18T08:32:33.071+0000] {logging_mixin.py:188} INFO - [2024-07-18T08:32:33.071+0000] {dag.py:3954} INFO - Setting next_dagrun for example_task_group_decorator to 2024-07-17 00:00:00+00:00, run_after=2024-07-18 00:00:00+00:00
[2024-07-18T08:32:33.090+0000] {processor.py:183} INFO - Processing /home/airflow/.local/lib/python3.12/site-packages/airflow/example_dags/example_task_group_decorator.py took 0.094 seconds
[2024-07-18T08:33:03.909+0000] {processor.py:161} INFO - Started process (PID=228) to work on /home/airflow/.local/lib/python3.12/site-packages/airflow/example_dags/example_task_group_decorator.py
[2024-07-18T08:33:03.910+0000] {processor.py:830} INFO - Processing file /home/airflow/.local/lib/python3.12/site-packages/airflow/example_dags/example_task_group_decorator.py for tasks to queue
[2024-07-18T08:33:03.912+0000] {logging_mixin.py:188} INFO - [2024-07-18T08:33:03.911+0000] {dagbag.py:545} INFO - Filling up the DagBag from /home/airflow/.local/lib/python3.12/site-packages/airflow/example_dags/example_task_group_decorator.py
[2024-07-18T08:33:03.926+0000] {processor.py:840} INFO - DAG(s) 'example_task_group_decorator' retrieved from /home/airflow/.local/lib/python3.12/site-packages/airflow/example_dags/example_task_group_decorator.py
[2024-07-18T08:33:03.955+0000] {logging_mixin.py:188} INFO - [2024-07-18T08:33:03.955+0000] {dag.py:3096} INFO - Sync 1 DAGs
[2024-07-18T08:33:03.985+0000] {logging_mixin.py:188} INFO - [2024-07-18T08:33:03.985+0000] {dag.py:3954} INFO - Setting next_dagrun for example_task_group_decorator to 2024-07-17 00:00:00+00:00, run_after=2024-07-18 00:00:00+00:00
[2024-07-18T08:33:04.010+0000] {processor.py:183} INFO - Processing /home/airflow/.local/lib/python3.12/site-packages/airflow/example_dags/example_task_group_decorator.py took 0.106 seconds
[2024-07-18T08:36:16.092+0000] {processor.py:161} INFO - Started process (PID=49) to work on /home/airflow/.local/lib/python3.12/site-packages/airflow/example_dags/example_task_group_decorator.py
[2024-07-18T08:36:16.098+0000] {processor.py:830} INFO - Processing file /home/airflow/.local/lib/python3.12/site-packages/airflow/example_dags/example_task_group_decorator.py for tasks to queue
[2024-07-18T08:36:16.109+0000] {logging_mixin.py:188} INFO - [2024-07-18T08:36:16.108+0000] {dagbag.py:545} INFO - Filling up the DagBag from /home/airflow/.local/lib/python3.12/site-packages/airflow/example_dags/example_task_group_decorator.py
[2024-07-18T08:36:16.171+0000] {processor.py:840} INFO - DAG(s) 'example_task_group_decorator' retrieved from /home/airflow/.local/lib/python3.12/site-packages/airflow/example_dags/example_task_group_decorator.py
[2024-07-18T08:36:16.456+0000] {logging_mixin.py:188} INFO - [2024-07-18T08:36:16.456+0000] {dag.py:3096} INFO - Sync 1 DAGs
[2024-07-18T08:36:16.521+0000] {logging_mixin.py:188} INFO - [2024-07-18T08:36:16.520+0000] {dag.py:3954} INFO - Setting next_dagrun for example_task_group_decorator to 2024-07-17 00:00:00+00:00, run_after=2024-07-18 00:00:00+00:00
[2024-07-18T08:36:16.566+0000] {processor.py:183} INFO - Processing /home/airflow/.local/lib/python3.12/site-packages/airflow/example_dags/example_task_group_decorator.py took 0.511 seconds
[2024-07-18T08:36:47.029+0000] {processor.py:161} INFO - Started process (PID=109) to work on /home/airflow/.local/lib/python3.12/site-packages/airflow/example_dags/example_task_group_decorator.py
[2024-07-18T08:36:47.030+0000] {processor.py:830} INFO - Processing file /home/airflow/.local/lib/python3.12/site-packages/airflow/example_dags/example_task_group_decorator.py for tasks to queue
[2024-07-18T08:36:47.032+0000] {logging_mixin.py:188} INFO - [2024-07-18T08:36:47.031+0000] {dagbag.py:545} INFO - Filling up the DagBag from /home/airflow/.local/lib/python3.12/site-packages/airflow/example_dags/example_task_group_decorator.py
[2024-07-18T08:36:47.045+0000] {processor.py:840} INFO - DAG(s) 'example_task_group_decorator' retrieved from /home/airflow/.local/lib/python3.12/site-packages/airflow/example_dags/example_task_group_decorator.py
[2024-07-18T08:36:47.069+0000] {logging_mixin.py:188} INFO - [2024-07-18T08:36:47.069+0000] {dag.py:3096} INFO - Sync 1 DAGs
[2024-07-18T08:36:47.094+0000] {logging_mixin.py:188} INFO - [2024-07-18T08:36:47.094+0000] {dag.py:3954} INFO - Setting next_dagrun for example_task_group_decorator to 2024-07-17 00:00:00+00:00, run_after=2024-07-18 00:00:00+00:00
[2024-07-18T08:36:47.118+0000] {processor.py:183} INFO - Processing /home/airflow/.local/lib/python3.12/site-packages/airflow/example_dags/example_task_group_decorator.py took 0.094 seconds
[2024-07-18T08:37:17.452+0000] {processor.py:161} INFO - Started process (PID=169) to work on /home/airflow/.local/lib/python3.12/site-packages/airflow/example_dags/example_task_group_decorator.py
[2024-07-18T08:37:17.453+0000] {processor.py:830} INFO - Processing file /home/airflow/.local/lib/python3.12/site-packages/airflow/example_dags/example_task_group_decorator.py for tasks to queue
[2024-07-18T08:37:17.456+0000] {logging_mixin.py:188} INFO - [2024-07-18T08:37:17.455+0000] {dagbag.py:545} INFO - Filling up the DagBag from /home/airflow/.local/lib/python3.12/site-packages/airflow/example_dags/example_task_group_decorator.py
[2024-07-18T08:37:17.490+0000] {processor.py:840} INFO - DAG(s) 'example_task_group_decorator' retrieved from /home/airflow/.local/lib/python3.12/site-packages/airflow/example_dags/example_task_group_decorator.py
[2024-07-18T08:37:17.540+0000] {logging_mixin.py:188} INFO - [2024-07-18T08:37:17.540+0000] {dag.py:3096} INFO - Sync 1 DAGs
[2024-07-18T08:37:17.593+0000] {logging_mixin.py:188} INFO - [2024-07-18T08:37:17.593+0000] {dag.py:3954} INFO - Setting next_dagrun for example_task_group_decorator to 2024-07-17 00:00:00+00:00, run_after=2024-07-18 00:00:00+00:00
[2024-07-18T08:37:17.624+0000] {processor.py:183} INFO - Processing /home/airflow/.local/lib/python3.12/site-packages/airflow/example_dags/example_task_group_decorator.py took 0.179 seconds
[2024-07-18T08:37:48.174+0000] {processor.py:161} INFO - Started process (PID=229) to work on /home/airflow/.local/lib/python3.12/site-packages/airflow/example_dags/example_task_group_decorator.py
[2024-07-18T08:37:48.175+0000] {processor.py:830} INFO - Processing file /home/airflow/.local/lib/python3.12/site-packages/airflow/example_dags/example_task_group_decorator.py for tasks to queue
[2024-07-18T08:37:48.177+0000] {logging_mixin.py:188} INFO - [2024-07-18T08:37:48.176+0000] {dagbag.py:545} INFO - Filling up the DagBag from /home/airflow/.local/lib/python3.12/site-packages/airflow/example_dags/example_task_group_decorator.py
[2024-07-18T08:37:48.190+0000] {processor.py:840} INFO - DAG(s) 'example_task_group_decorator' retrieved from /home/airflow/.local/lib/python3.12/site-packages/airflow/example_dags/example_task_group_decorator.py
[2024-07-18T08:37:48.215+0000] {logging_mixin.py:188} INFO - [2024-07-18T08:37:48.215+0000] {dag.py:3096} INFO - Sync 1 DAGs
[2024-07-18T08:37:48.236+0000] {logging_mixin.py:188} INFO - [2024-07-18T08:37:48.236+0000] {dag.py:3954} INFO - Setting next_dagrun for example_task_group_decorator to 2024-07-17 00:00:00+00:00, run_after=2024-07-18 00:00:00+00:00
[2024-07-18T08:37:48.257+0000] {processor.py:183} INFO - Processing /home/airflow/.local/lib/python3.12/site-packages/airflow/example_dags/example_task_group_decorator.py took 0.089 seconds
[2024-07-18T08:38:18.406+0000] {processor.py:161} INFO - Started process (PID=289) to work on /home/airflow/.local/lib/python3.12/site-packages/airflow/example_dags/example_task_group_decorator.py
[2024-07-18T08:38:18.407+0000] {processor.py:830} INFO - Processing file /home/airflow/.local/lib/python3.12/site-packages/airflow/example_dags/example_task_group_decorator.py for tasks to queue
[2024-07-18T08:38:18.408+0000] {logging_mixin.py:188} INFO - [2024-07-18T08:38:18.408+0000] {dagbag.py:545} INFO - Filling up the DagBag from /home/airflow/.local/lib/python3.12/site-packages/airflow/example_dags/example_task_group_decorator.py
[2024-07-18T08:38:18.422+0000] {processor.py:840} INFO - DAG(s) 'example_task_group_decorator' retrieved from /home/airflow/.local/lib/python3.12/site-packages/airflow/example_dags/example_task_group_decorator.py
[2024-07-18T08:38:18.445+0000] {logging_mixin.py:188} INFO - [2024-07-18T08:38:18.445+0000] {dag.py:3096} INFO - Sync 1 DAGs
[2024-07-18T08:38:18.466+0000] {logging_mixin.py:188} INFO - [2024-07-18T08:38:18.466+0000] {dag.py:3954} INFO - Setting next_dagrun for example_task_group_decorator to 2024-07-17 00:00:00+00:00, run_after=2024-07-18 00:00:00+00:00
[2024-07-18T08:38:18.492+0000] {processor.py:183} INFO - Processing /home/airflow/.local/lib/python3.12/site-packages/airflow/example_dags/example_task_group_decorator.py took 0.091 seconds
[2024-07-18T08:38:48.711+0000] {processor.py:161} INFO - Started process (PID=349) to work on /home/airflow/.local/lib/python3.12/site-packages/airflow/example_dags/example_task_group_decorator.py
[2024-07-18T08:38:48.713+0000] {processor.py:830} INFO - Processing file /home/airflow/.local/lib/python3.12/site-packages/airflow/example_dags/example_task_group_decorator.py for tasks to queue
[2024-07-18T08:38:48.715+0000] {logging_mixin.py:188} INFO - [2024-07-18T08:38:48.714+0000] {dagbag.py:545} INFO - Filling up the DagBag from /home/airflow/.local/lib/python3.12/site-packages/airflow/example_dags/example_task_group_decorator.py
[2024-07-18T08:38:48.730+0000] {processor.py:840} INFO - DAG(s) 'example_task_group_decorator' retrieved from /home/airflow/.local/lib/python3.12/site-packages/airflow/example_dags/example_task_group_decorator.py
[2024-07-18T08:38:48.759+0000] {logging_mixin.py:188} INFO - [2024-07-18T08:38:48.759+0000] {dag.py:3096} INFO - Sync 1 DAGs
[2024-07-18T08:38:48.792+0000] {logging_mixin.py:188} INFO - [2024-07-18T08:38:48.792+0000] {dag.py:3954} INFO - Setting next_dagrun for example_task_group_decorator to 2024-07-17 00:00:00+00:00, run_after=2024-07-18 00:00:00+00:00
[2024-07-18T08:38:48.825+0000] {processor.py:183} INFO - Processing /home/airflow/.local/lib/python3.12/site-packages/airflow/example_dags/example_task_group_decorator.py took 0.119 seconds
[2024-07-18T08:39:18.913+0000] {processor.py:161} INFO - Started process (PID=407) to work on /home/airflow/.local/lib/python3.12/site-packages/airflow/example_dags/example_task_group_decorator.py
[2024-07-18T08:39:18.914+0000] {processor.py:830} INFO - Processing file /home/airflow/.local/lib/python3.12/site-packages/airflow/example_dags/example_task_group_decorator.py for tasks to queue
[2024-07-18T08:39:18.916+0000] {logging_mixin.py:188} INFO - [2024-07-18T08:39:18.916+0000] {dagbag.py:545} INFO - Filling up the DagBag from /home/airflow/.local/lib/python3.12/site-packages/airflow/example_dags/example_task_group_decorator.py
[2024-07-18T08:39:18.940+0000] {processor.py:840} INFO - DAG(s) 'example_task_group_decorator' retrieved from /home/airflow/.local/lib/python3.12/site-packages/airflow/example_dags/example_task_group_decorator.py
[2024-07-18T08:39:18.974+0000] {logging_mixin.py:188} INFO - [2024-07-18T08:39:18.974+0000] {dag.py:3096} INFO - Sync 1 DAGs
[2024-07-18T08:39:18.996+0000] {logging_mixin.py:188} INFO - [2024-07-18T08:39:18.995+0000] {dag.py:3954} INFO - Setting next_dagrun for example_task_group_decorator to 2024-07-17 00:00:00+00:00, run_after=2024-07-18 00:00:00+00:00
[2024-07-18T08:39:19.016+0000] {processor.py:183} INFO - Processing /home/airflow/.local/lib/python3.12/site-packages/airflow/example_dags/example_task_group_decorator.py took 0.109 seconds
