[2024-07-18T08:31:30.064+0000] {processor.py:161} INFO - Started process (PID=41) to work on /home/airflow/.local/lib/python3.12/site-packages/airflow/example_dags/example_setup_teardown_taskflow.py
[2024-07-18T08:31:30.065+0000] {processor.py:830} INFO - Processing file /home/airflow/.local/lib/python3.12/site-packages/airflow/example_dags/example_setup_teardown_taskflow.py for tasks to queue
[2024-07-18T08:31:30.069+0000] {logging_mixin.py:188} INFO - [2024-07-18T08:31:30.068+0000] {dagbag.py:545} INFO - Filling up the DagBag from /home/airflow/.local/lib/python3.12/site-packages/airflow/example_dags/example_setup_teardown_taskflow.py
[2024-07-18T08:31:30.087+0000] {processor.py:840} INFO - DAG(s) 'example_setup_teardown_taskflow' retrieved from /home/airflow/.local/lib/python3.12/site-packages/airflow/example_dags/example_setup_teardown_taskflow.py
[2024-07-18T08:31:30.222+0000] {logging_mixin.py:188} INFO - [2024-07-18T08:31:30.222+0000] {dag.py:3096} INFO - Sync 1 DAGs
[2024-07-18T08:31:30.246+0000] {logging_mixin.py:188} INFO - [2024-07-18T08:31:30.246+0000] {dag.py:3954} INFO - Setting next_dagrun for example_setup_teardown_taskflow to 2024-07-17 00:00:00+00:00, run_after=2024-07-18 00:00:00+00:00
[2024-07-18T08:31:30.305+0000] {processor.py:183} INFO - Processing /home/airflow/.local/lib/python3.12/site-packages/airflow/example_dags/example_setup_teardown_taskflow.py took 0.249 seconds
[2024-07-18T08:32:00.462+0000] {processor.py:161} INFO - Started process (PID=101) to work on /home/airflow/.local/lib/python3.12/site-packages/airflow/example_dags/example_setup_teardown_taskflow.py
[2024-07-18T08:32:00.463+0000] {processor.py:830} INFO - Processing file /home/airflow/.local/lib/python3.12/site-packages/airflow/example_dags/example_setup_teardown_taskflow.py for tasks to queue
[2024-07-18T08:32:00.466+0000] {logging_mixin.py:188} INFO - [2024-07-18T08:32:00.465+0000] {dagbag.py:545} INFO - Filling up the DagBag from /home/airflow/.local/lib/python3.12/site-packages/airflow/example_dags/example_setup_teardown_taskflow.py
[2024-07-18T08:32:00.480+0000] {processor.py:840} INFO - DAG(s) 'example_setup_teardown_taskflow' retrieved from /home/airflow/.local/lib/python3.12/site-packages/airflow/example_dags/example_setup_teardown_taskflow.py
[2024-07-18T08:32:00.518+0000] {logging_mixin.py:188} INFO - [2024-07-18T08:32:00.517+0000] {dag.py:3096} INFO - Sync 1 DAGs
[2024-07-18T08:32:00.564+0000] {logging_mixin.py:188} INFO - [2024-07-18T08:32:00.563+0000] {dag.py:3954} INFO - Setting next_dagrun for example_setup_teardown_taskflow to 2024-07-17 00:00:00+00:00, run_after=2024-07-18 00:00:00+00:00
[2024-07-18T08:32:00.596+0000] {processor.py:183} INFO - Processing /home/airflow/.local/lib/python3.12/site-packages/airflow/example_dags/example_setup_teardown_taskflow.py took 0.142 seconds
[2024-07-18T08:32:30.936+0000] {processor.py:161} INFO - Started process (PID=159) to work on /home/airflow/.local/lib/python3.12/site-packages/airflow/example_dags/example_setup_teardown_taskflow.py
[2024-07-18T08:32:30.938+0000] {processor.py:830} INFO - Processing file /home/airflow/.local/lib/python3.12/site-packages/airflow/example_dags/example_setup_teardown_taskflow.py for tasks to queue
[2024-07-18T08:32:30.939+0000] {logging_mixin.py:188} INFO - [2024-07-18T08:32:30.938+0000] {dagbag.py:545} INFO - Filling up the DagBag from /home/airflow/.local/lib/python3.12/site-packages/airflow/example_dags/example_setup_teardown_taskflow.py
[2024-07-18T08:32:30.956+0000] {processor.py:840} INFO - DAG(s) 'example_setup_teardown_taskflow' retrieved from /home/airflow/.local/lib/python3.12/site-packages/airflow/example_dags/example_setup_teardown_taskflow.py
[2024-07-18T08:32:30.995+0000] {logging_mixin.py:188} INFO - [2024-07-18T08:32:30.995+0000] {dag.py:3096} INFO - Sync 1 DAGs
[2024-07-18T08:32:31.025+0000] {logging_mixin.py:188} INFO - [2024-07-18T08:32:31.025+0000] {dag.py:3954} INFO - Setting next_dagrun for example_setup_teardown_taskflow to 2024-07-17 00:00:00+00:00, run_after=2024-07-18 00:00:00+00:00
[2024-07-18T08:32:31.048+0000] {processor.py:183} INFO - Processing /home/airflow/.local/lib/python3.12/site-packages/airflow/example_dags/example_setup_teardown_taskflow.py took 0.120 seconds
[2024-07-18T08:33:01.383+0000] {processor.py:161} INFO - Started process (PID=219) to work on /home/airflow/.local/lib/python3.12/site-packages/airflow/example_dags/example_setup_teardown_taskflow.py
[2024-07-18T08:33:01.384+0000] {processor.py:830} INFO - Processing file /home/airflow/.local/lib/python3.12/site-packages/airflow/example_dags/example_setup_teardown_taskflow.py for tasks to queue
[2024-07-18T08:33:01.385+0000] {logging_mixin.py:188} INFO - [2024-07-18T08:33:01.385+0000] {dagbag.py:545} INFO - Filling up the DagBag from /home/airflow/.local/lib/python3.12/site-packages/airflow/example_dags/example_setup_teardown_taskflow.py
[2024-07-18T08:33:01.398+0000] {processor.py:840} INFO - DAG(s) 'example_setup_teardown_taskflow' retrieved from /home/airflow/.local/lib/python3.12/site-packages/airflow/example_dags/example_setup_teardown_taskflow.py
[2024-07-18T08:33:01.420+0000] {logging_mixin.py:188} INFO - [2024-07-18T08:33:01.420+0000] {dag.py:3096} INFO - Sync 1 DAGs
[2024-07-18T08:33:01.442+0000] {logging_mixin.py:188} INFO - [2024-07-18T08:33:01.441+0000] {dag.py:3954} INFO - Setting next_dagrun for example_setup_teardown_taskflow to 2024-07-17 00:00:00+00:00, run_after=2024-07-18 00:00:00+00:00
[2024-07-18T08:33:01.462+0000] {processor.py:183} INFO - Processing /home/airflow/.local/lib/python3.12/site-packages/airflow/example_dags/example_setup_teardown_taskflow.py took 0.084 seconds
[2024-07-18T08:36:13.724+0000] {processor.py:161} INFO - Started process (PID=42) to work on /home/airflow/.local/lib/python3.12/site-packages/airflow/example_dags/example_setup_teardown_taskflow.py
[2024-07-18T08:36:13.740+0000] {processor.py:830} INFO - Processing file /home/airflow/.local/lib/python3.12/site-packages/airflow/example_dags/example_setup_teardown_taskflow.py for tasks to queue
[2024-07-18T08:36:13.743+0000] {logging_mixin.py:188} INFO - [2024-07-18T08:36:13.742+0000] {dagbag.py:545} INFO - Filling up the DagBag from /home/airflow/.local/lib/python3.12/site-packages/airflow/example_dags/example_setup_teardown_taskflow.py
[2024-07-18T08:36:13.759+0000] {processor.py:840} INFO - DAG(s) 'example_setup_teardown_taskflow' retrieved from /home/airflow/.local/lib/python3.12/site-packages/airflow/example_dags/example_setup_teardown_taskflow.py
[2024-07-18T08:36:13.949+0000] {logging_mixin.py:188} INFO - [2024-07-18T08:36:13.949+0000] {dag.py:3096} INFO - Sync 1 DAGs
[2024-07-18T08:36:13.983+0000] {logging_mixin.py:188} INFO - [2024-07-18T08:36:13.983+0000] {dag.py:3954} INFO - Setting next_dagrun for example_setup_teardown_taskflow to 2024-07-17 00:00:00+00:00, run_after=2024-07-18 00:00:00+00:00
[2024-07-18T08:36:14.023+0000] {processor.py:183} INFO - Processing /home/airflow/.local/lib/python3.12/site-packages/airflow/example_dags/example_setup_teardown_taskflow.py took 0.312 seconds
[2024-07-18T08:36:44.517+0000] {processor.py:161} INFO - Started process (PID=102) to work on /home/airflow/.local/lib/python3.12/site-packages/airflow/example_dags/example_setup_teardown_taskflow.py
[2024-07-18T08:36:44.518+0000] {processor.py:830} INFO - Processing file /home/airflow/.local/lib/python3.12/site-packages/airflow/example_dags/example_setup_teardown_taskflow.py for tasks to queue
[2024-07-18T08:36:44.520+0000] {logging_mixin.py:188} INFO - [2024-07-18T08:36:44.519+0000] {dagbag.py:545} INFO - Filling up the DagBag from /home/airflow/.local/lib/python3.12/site-packages/airflow/example_dags/example_setup_teardown_taskflow.py
[2024-07-18T08:36:44.528+0000] {processor.py:840} INFO - DAG(s) 'example_setup_teardown_taskflow' retrieved from /home/airflow/.local/lib/python3.12/site-packages/airflow/example_dags/example_setup_teardown_taskflow.py
[2024-07-18T08:36:44.549+0000] {logging_mixin.py:188} INFO - [2024-07-18T08:36:44.549+0000] {dag.py:3096} INFO - Sync 1 DAGs
[2024-07-18T08:36:44.569+0000] {logging_mixin.py:188} INFO - [2024-07-18T08:36:44.569+0000] {dag.py:3954} INFO - Setting next_dagrun for example_setup_teardown_taskflow to 2024-07-17 00:00:00+00:00, run_after=2024-07-18 00:00:00+00:00
[2024-07-18T08:36:44.590+0000] {processor.py:183} INFO - Processing /home/airflow/.local/lib/python3.12/site-packages/airflow/example_dags/example_setup_teardown_taskflow.py took 0.078 seconds
[2024-07-18T08:37:15.008+0000] {processor.py:161} INFO - Started process (PID=162) to work on /home/airflow/.local/lib/python3.12/site-packages/airflow/example_dags/example_setup_teardown_taskflow.py
[2024-07-18T08:37:15.009+0000] {processor.py:830} INFO - Processing file /home/airflow/.local/lib/python3.12/site-packages/airflow/example_dags/example_setup_teardown_taskflow.py for tasks to queue
[2024-07-18T08:37:15.011+0000] {logging_mixin.py:188} INFO - [2024-07-18T08:37:15.011+0000] {dagbag.py:545} INFO - Filling up the DagBag from /home/airflow/.local/lib/python3.12/site-packages/airflow/example_dags/example_setup_teardown_taskflow.py
[2024-07-18T08:37:15.022+0000] {processor.py:840} INFO - DAG(s) 'example_setup_teardown_taskflow' retrieved from /home/airflow/.local/lib/python3.12/site-packages/airflow/example_dags/example_setup_teardown_taskflow.py
[2024-07-18T08:37:15.050+0000] {logging_mixin.py:188} INFO - [2024-07-18T08:37:15.049+0000] {dag.py:3096} INFO - Sync 1 DAGs
[2024-07-18T08:37:15.074+0000] {logging_mixin.py:188} INFO - [2024-07-18T08:37:15.074+0000] {dag.py:3954} INFO - Setting next_dagrun for example_setup_teardown_taskflow to 2024-07-17 00:00:00+00:00, run_after=2024-07-18 00:00:00+00:00
[2024-07-18T08:37:15.099+0000] {processor.py:183} INFO - Processing /home/airflow/.local/lib/python3.12/site-packages/airflow/example_dags/example_setup_teardown_taskflow.py took 0.098 seconds
[2024-07-18T08:37:45.506+0000] {processor.py:161} INFO - Started process (PID=222) to work on /home/airflow/.local/lib/python3.12/site-packages/airflow/example_dags/example_setup_teardown_taskflow.py
[2024-07-18T08:37:45.507+0000] {processor.py:830} INFO - Processing file /home/airflow/.local/lib/python3.12/site-packages/airflow/example_dags/example_setup_teardown_taskflow.py for tasks to queue
[2024-07-18T08:37:45.509+0000] {logging_mixin.py:188} INFO - [2024-07-18T08:37:45.509+0000] {dagbag.py:545} INFO - Filling up the DagBag from /home/airflow/.local/lib/python3.12/site-packages/airflow/example_dags/example_setup_teardown_taskflow.py
[2024-07-18T08:37:45.518+0000] {processor.py:840} INFO - DAG(s) 'example_setup_teardown_taskflow' retrieved from /home/airflow/.local/lib/python3.12/site-packages/airflow/example_dags/example_setup_teardown_taskflow.py
[2024-07-18T08:37:45.545+0000] {logging_mixin.py:188} INFO - [2024-07-18T08:37:45.545+0000] {dag.py:3096} INFO - Sync 1 DAGs
[2024-07-18T08:37:45.571+0000] {logging_mixin.py:188} INFO - [2024-07-18T08:37:45.571+0000] {dag.py:3954} INFO - Setting next_dagrun for example_setup_teardown_taskflow to 2024-07-17 00:00:00+00:00, run_after=2024-07-18 00:00:00+00:00
[2024-07-18T08:37:45.597+0000] {processor.py:183} INFO - Processing /home/airflow/.local/lib/python3.12/site-packages/airflow/example_dags/example_setup_teardown_taskflow.py took 0.097 seconds
[2024-07-18T08:38:15.732+0000] {processor.py:161} INFO - Started process (PID=280) to work on /home/airflow/.local/lib/python3.12/site-packages/airflow/example_dags/example_setup_teardown_taskflow.py
[2024-07-18T08:38:15.733+0000] {processor.py:830} INFO - Processing file /home/airflow/.local/lib/python3.12/site-packages/airflow/example_dags/example_setup_teardown_taskflow.py for tasks to queue
[2024-07-18T08:38:15.734+0000] {logging_mixin.py:188} INFO - [2024-07-18T08:38:15.734+0000] {dagbag.py:545} INFO - Filling up the DagBag from /home/airflow/.local/lib/python3.12/site-packages/airflow/example_dags/example_setup_teardown_taskflow.py
[2024-07-18T08:38:15.742+0000] {processor.py:840} INFO - DAG(s) 'example_setup_teardown_taskflow' retrieved from /home/airflow/.local/lib/python3.12/site-packages/airflow/example_dags/example_setup_teardown_taskflow.py
[2024-07-18T08:38:15.762+0000] {logging_mixin.py:188} INFO - [2024-07-18T08:38:15.762+0000] {dag.py:3096} INFO - Sync 1 DAGs
[2024-07-18T08:38:15.782+0000] {logging_mixin.py:188} INFO - [2024-07-18T08:38:15.782+0000] {dag.py:3954} INFO - Setting next_dagrun for example_setup_teardown_taskflow to 2024-07-17 00:00:00+00:00, run_after=2024-07-18 00:00:00+00:00
[2024-07-18T08:38:15.801+0000] {processor.py:183} INFO - Processing /home/airflow/.local/lib/python3.12/site-packages/airflow/example_dags/example_setup_teardown_taskflow.py took 0.074 seconds
[2024-07-18T08:38:45.902+0000] {processor.py:161} INFO - Started process (PID=340) to work on /home/airflow/.local/lib/python3.12/site-packages/airflow/example_dags/example_setup_teardown_taskflow.py
[2024-07-18T08:38:45.904+0000] {processor.py:830} INFO - Processing file /home/airflow/.local/lib/python3.12/site-packages/airflow/example_dags/example_setup_teardown_taskflow.py for tasks to queue
[2024-07-18T08:38:45.908+0000] {logging_mixin.py:188} INFO - [2024-07-18T08:38:45.908+0000] {dagbag.py:545} INFO - Filling up the DagBag from /home/airflow/.local/lib/python3.12/site-packages/airflow/example_dags/example_setup_teardown_taskflow.py
[2024-07-18T08:38:45.925+0000] {processor.py:840} INFO - DAG(s) 'example_setup_teardown_taskflow' retrieved from /home/airflow/.local/lib/python3.12/site-packages/airflow/example_dags/example_setup_teardown_taskflow.py
[2024-07-18T08:38:45.959+0000] {logging_mixin.py:188} INFO - [2024-07-18T08:38:45.959+0000] {dag.py:3096} INFO - Sync 1 DAGs
[2024-07-18T08:38:45.996+0000] {logging_mixin.py:188} INFO - [2024-07-18T08:38:45.996+0000] {dag.py:3954} INFO - Setting next_dagrun for example_setup_teardown_taskflow to 2024-07-17 00:00:00+00:00, run_after=2024-07-18 00:00:00+00:00
[2024-07-18T08:38:46.024+0000] {processor.py:183} INFO - Processing /home/airflow/.local/lib/python3.12/site-packages/airflow/example_dags/example_setup_teardown_taskflow.py took 0.128 seconds
[2024-07-18T08:39:16.225+0000] {processor.py:161} INFO - Started process (PID=400) to work on /home/airflow/.local/lib/python3.12/site-packages/airflow/example_dags/example_setup_teardown_taskflow.py
[2024-07-18T08:39:16.226+0000] {processor.py:830} INFO - Processing file /home/airflow/.local/lib/python3.12/site-packages/airflow/example_dags/example_setup_teardown_taskflow.py for tasks to queue
[2024-07-18T08:39:16.228+0000] {logging_mixin.py:188} INFO - [2024-07-18T08:39:16.228+0000] {dagbag.py:545} INFO - Filling up the DagBag from /home/airflow/.local/lib/python3.12/site-packages/airflow/example_dags/example_setup_teardown_taskflow.py
[2024-07-18T08:39:16.239+0000] {processor.py:840} INFO - DAG(s) 'example_setup_teardown_taskflow' retrieved from /home/airflow/.local/lib/python3.12/site-packages/airflow/example_dags/example_setup_teardown_taskflow.py
[2024-07-18T08:39:16.269+0000] {logging_mixin.py:188} INFO - [2024-07-18T08:39:16.268+0000] {dag.py:3096} INFO - Sync 1 DAGs
[2024-07-18T08:39:16.300+0000] {logging_mixin.py:188} INFO - [2024-07-18T08:39:16.300+0000] {dag.py:3954} INFO - Setting next_dagrun for example_setup_teardown_taskflow to 2024-07-17 00:00:00+00:00, run_after=2024-07-18 00:00:00+00:00
[2024-07-18T08:39:16.324+0000] {processor.py:183} INFO - Processing /home/airflow/.local/lib/python3.12/site-packages/airflow/example_dags/example_setup_teardown_taskflow.py took 0.106 seconds
