[2024-07-18T08:31:32.448+0000] {processor.py:161} INFO - Started process (PID=49) to work on /home/airflow/.local/lib/python3.12/site-packages/airflow/example_dags/example_subdag_operator.py
[2024-07-18T08:31:32.450+0000] {processor.py:830} INFO - Processing file /home/airflow/.local/lib/python3.12/site-packages/airflow/example_dags/example_subdag_operator.py for tasks to queue
[2024-07-18T08:31:32.452+0000] {logging_mixin.py:188} INFO - [2024-07-18T08:31:32.452+0000] {dagbag.py:545} INFO - Filling up the DagBag from /home/airflow/.local/lib/python3.12/site-packages/airflow/example_dags/example_subdag_operator.py
[2024-07-18T08:31:32.518+0000] {processor.py:840} INFO - DAG(s) 'example_subdag_operator.section-1', 'example_subdag_operator.section-2', 'example_subdag_operator' retrieved from /home/airflow/.local/lib/python3.12/site-packages/airflow/example_dags/example_subdag_operator.py
[2024-07-18T08:31:32.991+0000] {logging_mixin.py:188} INFO - [2024-07-18T08:31:32.990+0000] {dag.py:3096} INFO - Sync 3 DAGs
[2024-07-18T08:31:33.061+0000] {logging_mixin.py:188} INFO - [2024-07-18T08:31:33.061+0000] {dag.py:3954} INFO - Setting next_dagrun for example_subdag_operator to 2022-01-01 00:00:00+00:00, run_after=2022-01-01 00:00:00+00:00
[2024-07-18T08:31:33.068+0000] {logging_mixin.py:188} INFO - [2024-07-18T08:31:33.068+0000] {dag.py:3954} INFO - Setting next_dagrun for example_subdag_operator.section-1 to None, run_after=None
[2024-07-18T08:31:33.071+0000] {logging_mixin.py:188} INFO - [2024-07-18T08:31:33.070+0000] {dag.py:3954} INFO - Setting next_dagrun for example_subdag_operator.section-2 to None, run_after=None
[2024-07-18T08:31:33.097+0000] {logging_mixin.py:188} INFO - [2024-07-18T08:31:33.096+0000] {dag.py:3096} INFO - Sync 2 DAGs
[2024-07-18T08:31:33.105+0000] {logging_mixin.py:188} INFO - [2024-07-18T08:31:33.105+0000] {dag.py:3954} INFO - Setting next_dagrun for example_subdag_operator.section-1 to None, run_after=None
[2024-07-18T08:31:33.106+0000] {logging_mixin.py:188} INFO - [2024-07-18T08:31:33.106+0000] {dag.py:3954} INFO - Setting next_dagrun for example_subdag_operator.section-2 to None, run_after=None
[2024-07-18T08:31:33.124+0000] {processor.py:183} INFO - Processing /home/airflow/.local/lib/python3.12/site-packages/airflow/example_dags/example_subdag_operator.py took 0.682 seconds
[2024-07-18T08:32:03.794+0000] {processor.py:161} INFO - Started process (PID=109) to work on /home/airflow/.local/lib/python3.12/site-packages/airflow/example_dags/example_subdag_operator.py
[2024-07-18T08:32:03.796+0000] {processor.py:830} INFO - Processing file /home/airflow/.local/lib/python3.12/site-packages/airflow/example_dags/example_subdag_operator.py for tasks to queue
[2024-07-18T08:32:03.798+0000] {logging_mixin.py:188} INFO - [2024-07-18T08:32:03.798+0000] {dagbag.py:545} INFO - Filling up the DagBag from /home/airflow/.local/lib/python3.12/site-packages/airflow/example_dags/example_subdag_operator.py
[2024-07-18T08:32:03.823+0000] {processor.py:840} INFO - DAG(s) 'example_subdag_operator.section-1', 'example_subdag_operator.section-2', 'example_subdag_operator' retrieved from /home/airflow/.local/lib/python3.12/site-packages/airflow/example_dags/example_subdag_operator.py
[2024-07-18T08:32:03.839+0000] {logging_mixin.py:188} INFO - [2024-07-18T08:32:03.839+0000] {dag.py:3096} INFO - Sync 3 DAGs
[2024-07-18T08:32:03.861+0000] {logging_mixin.py:188} INFO - [2024-07-18T08:32:03.861+0000] {dag.py:3954} INFO - Setting next_dagrun for example_subdag_operator to 2022-01-01 00:00:00+00:00, run_after=2022-01-01 00:00:00+00:00
[2024-07-18T08:32:03.865+0000] {logging_mixin.py:188} INFO - [2024-07-18T08:32:03.865+0000] {dag.py:3954} INFO - Setting next_dagrun for example_subdag_operator.section-1 to None, run_after=None
[2024-07-18T08:32:03.867+0000] {logging_mixin.py:188} INFO - [2024-07-18T08:32:03.867+0000] {dag.py:3954} INFO - Setting next_dagrun for example_subdag_operator.section-2 to None, run_after=None
[2024-07-18T08:32:03.875+0000] {logging_mixin.py:188} INFO - [2024-07-18T08:32:03.874+0000] {dag.py:3096} INFO - Sync 2 DAGs
[2024-07-18T08:32:03.882+0000] {logging_mixin.py:188} INFO - [2024-07-18T08:32:03.881+0000] {dag.py:3954} INFO - Setting next_dagrun for example_subdag_operator.section-1 to None, run_after=None
[2024-07-18T08:32:03.882+0000] {logging_mixin.py:188} INFO - [2024-07-18T08:32:03.882+0000] {dag.py:3954} INFO - Setting next_dagrun for example_subdag_operator.section-2 to None, run_after=None
[2024-07-18T08:32:03.901+0000] {processor.py:183} INFO - Processing /home/airflow/.local/lib/python3.12/site-packages/airflow/example_dags/example_subdag_operator.py took 0.114 seconds
[2024-07-18T08:32:34.029+0000] {processor.py:161} INFO - Started process (PID=169) to work on /home/airflow/.local/lib/python3.12/site-packages/airflow/example_dags/example_subdag_operator.py
[2024-07-18T08:32:34.030+0000] {processor.py:830} INFO - Processing file /home/airflow/.local/lib/python3.12/site-packages/airflow/example_dags/example_subdag_operator.py for tasks to queue
[2024-07-18T08:32:34.032+0000] {logging_mixin.py:188} INFO - [2024-07-18T08:32:34.031+0000] {dagbag.py:545} INFO - Filling up the DagBag from /home/airflow/.local/lib/python3.12/site-packages/airflow/example_dags/example_subdag_operator.py
[2024-07-18T08:32:34.066+0000] {processor.py:840} INFO - DAG(s) 'example_subdag_operator.section-1', 'example_subdag_operator.section-2', 'example_subdag_operator' retrieved from /home/airflow/.local/lib/python3.12/site-packages/airflow/example_dags/example_subdag_operator.py
[2024-07-18T08:32:34.095+0000] {logging_mixin.py:188} INFO - [2024-07-18T08:32:34.094+0000] {dag.py:3096} INFO - Sync 3 DAGs
[2024-07-18T08:32:34.130+0000] {logging_mixin.py:188} INFO - [2024-07-18T08:32:34.129+0000] {dag.py:3954} INFO - Setting next_dagrun for example_subdag_operator to 2022-01-01 00:00:00+00:00, run_after=2022-01-01 00:00:00+00:00
[2024-07-18T08:32:34.136+0000] {logging_mixin.py:188} INFO - [2024-07-18T08:32:34.136+0000] {dag.py:3954} INFO - Setting next_dagrun for example_subdag_operator.section-1 to None, run_after=None
[2024-07-18T08:32:34.138+0000] {logging_mixin.py:188} INFO - [2024-07-18T08:32:34.138+0000] {dag.py:3954} INFO - Setting next_dagrun for example_subdag_operator.section-2 to None, run_after=None
[2024-07-18T08:32:34.149+0000] {logging_mixin.py:188} INFO - [2024-07-18T08:32:34.149+0000] {dag.py:3096} INFO - Sync 2 DAGs
[2024-07-18T08:32:34.158+0000] {logging_mixin.py:188} INFO - [2024-07-18T08:32:34.158+0000] {dag.py:3954} INFO - Setting next_dagrun for example_subdag_operator.section-1 to None, run_after=None
[2024-07-18T08:32:34.159+0000] {logging_mixin.py:188} INFO - [2024-07-18T08:32:34.159+0000] {dag.py:3954} INFO - Setting next_dagrun for example_subdag_operator.section-2 to None, run_after=None
[2024-07-18T08:32:34.175+0000] {processor.py:183} INFO - Processing /home/airflow/.local/lib/python3.12/site-packages/airflow/example_dags/example_subdag_operator.py took 0.154 seconds
[2024-07-18T08:33:04.225+0000] {processor.py:161} INFO - Started process (PID=229) to work on /home/airflow/.local/lib/python3.12/site-packages/airflow/example_dags/example_subdag_operator.py
[2024-07-18T08:33:04.226+0000] {processor.py:830} INFO - Processing file /home/airflow/.local/lib/python3.12/site-packages/airflow/example_dags/example_subdag_operator.py for tasks to queue
[2024-07-18T08:33:04.227+0000] {logging_mixin.py:188} INFO - [2024-07-18T08:33:04.227+0000] {dagbag.py:545} INFO - Filling up the DagBag from /home/airflow/.local/lib/python3.12/site-packages/airflow/example_dags/example_subdag_operator.py
[2024-07-18T08:33:04.251+0000] {processor.py:840} INFO - DAG(s) 'example_subdag_operator.section-1', 'example_subdag_operator.section-2', 'example_subdag_operator' retrieved from /home/airflow/.local/lib/python3.12/site-packages/airflow/example_dags/example_subdag_operator.py
[2024-07-18T08:33:04.268+0000] {logging_mixin.py:188} INFO - [2024-07-18T08:33:04.268+0000] {dag.py:3096} INFO - Sync 3 DAGs
[2024-07-18T08:33:04.291+0000] {logging_mixin.py:188} INFO - [2024-07-18T08:33:04.291+0000] {dag.py:3954} INFO - Setting next_dagrun for example_subdag_operator to 2022-01-01 00:00:00+00:00, run_after=2022-01-01 00:00:00+00:00
[2024-07-18T08:33:04.296+0000] {logging_mixin.py:188} INFO - [2024-07-18T08:33:04.296+0000] {dag.py:3954} INFO - Setting next_dagrun for example_subdag_operator.section-1 to None, run_after=None
[2024-07-18T08:33:04.298+0000] {logging_mixin.py:188} INFO - [2024-07-18T08:33:04.298+0000] {dag.py:3954} INFO - Setting next_dagrun for example_subdag_operator.section-2 to None, run_after=None
[2024-07-18T08:33:04.307+0000] {logging_mixin.py:188} INFO - [2024-07-18T08:33:04.306+0000] {dag.py:3096} INFO - Sync 2 DAGs
[2024-07-18T08:33:04.313+0000] {logging_mixin.py:188} INFO - [2024-07-18T08:33:04.313+0000] {dag.py:3954} INFO - Setting next_dagrun for example_subdag_operator.section-1 to None, run_after=None
[2024-07-18T08:33:04.314+0000] {logging_mixin.py:188} INFO - [2024-07-18T08:33:04.314+0000] {dag.py:3954} INFO - Setting next_dagrun for example_subdag_operator.section-2 to None, run_after=None
[2024-07-18T08:33:04.329+0000] {processor.py:183} INFO - Processing /home/airflow/.local/lib/python3.12/site-packages/airflow/example_dags/example_subdag_operator.py took 0.110 seconds
[2024-07-18T08:36:16.499+0000] {processor.py:161} INFO - Started process (PID=50) to work on /home/airflow/.local/lib/python3.12/site-packages/airflow/example_dags/example_subdag_operator.py
[2024-07-18T08:36:16.505+0000] {processor.py:830} INFO - Processing file /home/airflow/.local/lib/python3.12/site-packages/airflow/example_dags/example_subdag_operator.py for tasks to queue
[2024-07-18T08:36:16.518+0000] {logging_mixin.py:188} INFO - [2024-07-18T08:36:16.516+0000] {dagbag.py:545} INFO - Filling up the DagBag from /home/airflow/.local/lib/python3.12/site-packages/airflow/example_dags/example_subdag_operator.py
[2024-07-18T08:36:16.612+0000] {processor.py:840} INFO - DAG(s) 'example_subdag_operator.section-1', 'example_subdag_operator.section-2', 'example_subdag_operator' retrieved from /home/airflow/.local/lib/python3.12/site-packages/airflow/example_dags/example_subdag_operator.py
[2024-07-18T08:36:16.859+0000] {logging_mixin.py:188} INFO - [2024-07-18T08:36:16.859+0000] {dag.py:3096} INFO - Sync 3 DAGs
[2024-07-18T08:36:17.051+0000] {logging_mixin.py:188} INFO - [2024-07-18T08:36:17.050+0000] {dag.py:3954} INFO - Setting next_dagrun for example_subdag_operator to 2022-01-01 00:00:00+00:00, run_after=2022-01-01 00:00:00+00:00
[2024-07-18T08:36:17.060+0000] {logging_mixin.py:188} INFO - [2024-07-18T08:36:17.059+0000] {dag.py:3954} INFO - Setting next_dagrun for example_subdag_operator.section-1 to None, run_after=None
[2024-07-18T08:36:17.062+0000] {logging_mixin.py:188} INFO - [2024-07-18T08:36:17.062+0000] {dag.py:3954} INFO - Setting next_dagrun for example_subdag_operator.section-2 to None, run_after=None
[2024-07-18T08:36:17.104+0000] {logging_mixin.py:188} INFO - [2024-07-18T08:36:17.104+0000] {dag.py:3096} INFO - Sync 2 DAGs
[2024-07-18T08:36:17.115+0000] {logging_mixin.py:188} INFO - [2024-07-18T08:36:17.115+0000] {dag.py:3954} INFO - Setting next_dagrun for example_subdag_operator.section-1 to None, run_after=None
[2024-07-18T08:36:17.116+0000] {logging_mixin.py:188} INFO - [2024-07-18T08:36:17.116+0000] {dag.py:3954} INFO - Setting next_dagrun for example_subdag_operator.section-2 to None, run_after=None
[2024-07-18T08:36:17.134+0000] {processor.py:183} INFO - Processing /home/airflow/.local/lib/python3.12/site-packages/airflow/example_dags/example_subdag_operator.py took 0.681 seconds
[2024-07-18T08:36:48.042+0000] {processor.py:161} INFO - Started process (PID=110) to work on /home/airflow/.local/lib/python3.12/site-packages/airflow/example_dags/example_subdag_operator.py
[2024-07-18T08:36:48.043+0000] {processor.py:830} INFO - Processing file /home/airflow/.local/lib/python3.12/site-packages/airflow/example_dags/example_subdag_operator.py for tasks to queue
[2024-07-18T08:36:48.045+0000] {logging_mixin.py:188} INFO - [2024-07-18T08:36:48.044+0000] {dagbag.py:545} INFO - Filling up the DagBag from /home/airflow/.local/lib/python3.12/site-packages/airflow/example_dags/example_subdag_operator.py
[2024-07-18T08:36:48.072+0000] {processor.py:840} INFO - DAG(s) 'example_subdag_operator.section-1', 'example_subdag_operator.section-2', 'example_subdag_operator' retrieved from /home/airflow/.local/lib/python3.12/site-packages/airflow/example_dags/example_subdag_operator.py
[2024-07-18T08:36:48.095+0000] {logging_mixin.py:188} INFO - [2024-07-18T08:36:48.094+0000] {dag.py:3096} INFO - Sync 3 DAGs
[2024-07-18T08:36:48.122+0000] {logging_mixin.py:188} INFO - [2024-07-18T08:36:48.121+0000] {dag.py:3954} INFO - Setting next_dagrun for example_subdag_operator to 2022-01-01 00:00:00+00:00, run_after=2022-01-01 00:00:00+00:00
[2024-07-18T08:36:48.126+0000] {logging_mixin.py:188} INFO - [2024-07-18T08:36:48.125+0000] {dag.py:3954} INFO - Setting next_dagrun for example_subdag_operator.section-1 to None, run_after=None
[2024-07-18T08:36:48.127+0000] {logging_mixin.py:188} INFO - [2024-07-18T08:36:48.127+0000] {dag.py:3954} INFO - Setting next_dagrun for example_subdag_operator.section-2 to None, run_after=None
[2024-07-18T08:36:48.135+0000] {logging_mixin.py:188} INFO - [2024-07-18T08:36:48.134+0000] {dag.py:3096} INFO - Sync 2 DAGs
[2024-07-18T08:36:48.140+0000] {logging_mixin.py:188} INFO - [2024-07-18T08:36:48.140+0000] {dag.py:3954} INFO - Setting next_dagrun for example_subdag_operator.section-1 to None, run_after=None
[2024-07-18T08:36:48.141+0000] {logging_mixin.py:188} INFO - [2024-07-18T08:36:48.141+0000] {dag.py:3954} INFO - Setting next_dagrun for example_subdag_operator.section-2 to None, run_after=None
[2024-07-18T08:36:48.156+0000] {processor.py:183} INFO - Processing /home/airflow/.local/lib/python3.12/site-packages/airflow/example_dags/example_subdag_operator.py took 0.119 seconds
[2024-07-18T08:37:18.515+0000] {processor.py:161} INFO - Started process (PID=170) to work on /home/airflow/.local/lib/python3.12/site-packages/airflow/example_dags/example_subdag_operator.py
[2024-07-18T08:37:18.516+0000] {processor.py:830} INFO - Processing file /home/airflow/.local/lib/python3.12/site-packages/airflow/example_dags/example_subdag_operator.py for tasks to queue
[2024-07-18T08:37:18.519+0000] {logging_mixin.py:188} INFO - [2024-07-18T08:37:18.518+0000] {dagbag.py:545} INFO - Filling up the DagBag from /home/airflow/.local/lib/python3.12/site-packages/airflow/example_dags/example_subdag_operator.py
[2024-07-18T08:37:18.548+0000] {processor.py:840} INFO - DAG(s) 'example_subdag_operator.section-1', 'example_subdag_operator.section-2', 'example_subdag_operator' retrieved from /home/airflow/.local/lib/python3.12/site-packages/airflow/example_dags/example_subdag_operator.py
[2024-07-18T08:37:18.570+0000] {logging_mixin.py:188} INFO - [2024-07-18T08:37:18.569+0000] {dag.py:3096} INFO - Sync 3 DAGs
[2024-07-18T08:37:18.600+0000] {logging_mixin.py:188} INFO - [2024-07-18T08:37:18.599+0000] {dag.py:3954} INFO - Setting next_dagrun for example_subdag_operator to 2022-01-01 00:00:00+00:00, run_after=2022-01-01 00:00:00+00:00
[2024-07-18T08:37:18.609+0000] {logging_mixin.py:188} INFO - [2024-07-18T08:37:18.609+0000] {dag.py:3954} INFO - Setting next_dagrun for example_subdag_operator.section-1 to None, run_after=None
[2024-07-18T08:37:18.611+0000] {logging_mixin.py:188} INFO - [2024-07-18T08:37:18.611+0000] {dag.py:3954} INFO - Setting next_dagrun for example_subdag_operator.section-2 to None, run_after=None
[2024-07-18T08:37:18.620+0000] {logging_mixin.py:188} INFO - [2024-07-18T08:37:18.620+0000] {dag.py:3096} INFO - Sync 2 DAGs
[2024-07-18T08:37:18.628+0000] {logging_mixin.py:188} INFO - [2024-07-18T08:37:18.627+0000] {dag.py:3954} INFO - Setting next_dagrun for example_subdag_operator.section-1 to None, run_after=None
[2024-07-18T08:37:18.629+0000] {logging_mixin.py:188} INFO - [2024-07-18T08:37:18.628+0000] {dag.py:3954} INFO - Setting next_dagrun for example_subdag_operator.section-2 to None, run_after=None
[2024-07-18T08:37:18.645+0000] {processor.py:183} INFO - Processing /home/airflow/.local/lib/python3.12/site-packages/airflow/example_dags/example_subdag_operator.py took 0.137 seconds
[2024-07-18T08:37:49.193+0000] {processor.py:161} INFO - Started process (PID=230) to work on /home/airflow/.local/lib/python3.12/site-packages/airflow/example_dags/example_subdag_operator.py
[2024-07-18T08:37:49.194+0000] {processor.py:830} INFO - Processing file /home/airflow/.local/lib/python3.12/site-packages/airflow/example_dags/example_subdag_operator.py for tasks to queue
[2024-07-18T08:37:49.196+0000] {logging_mixin.py:188} INFO - [2024-07-18T08:37:49.196+0000] {dagbag.py:545} INFO - Filling up the DagBag from /home/airflow/.local/lib/python3.12/site-packages/airflow/example_dags/example_subdag_operator.py
[2024-07-18T08:37:49.219+0000] {processor.py:840} INFO - DAG(s) 'example_subdag_operator.section-1', 'example_subdag_operator.section-2', 'example_subdag_operator' retrieved from /home/airflow/.local/lib/python3.12/site-packages/airflow/example_dags/example_subdag_operator.py
[2024-07-18T08:37:49.237+0000] {logging_mixin.py:188} INFO - [2024-07-18T08:37:49.237+0000] {dag.py:3096} INFO - Sync 3 DAGs
[2024-07-18T08:37:49.265+0000] {logging_mixin.py:188} INFO - [2024-07-18T08:37:49.265+0000] {dag.py:3954} INFO - Setting next_dagrun for example_subdag_operator to 2022-01-01 00:00:00+00:00, run_after=2022-01-01 00:00:00+00:00
[2024-07-18T08:37:49.270+0000] {logging_mixin.py:188} INFO - [2024-07-18T08:37:49.270+0000] {dag.py:3954} INFO - Setting next_dagrun for example_subdag_operator.section-1 to None, run_after=None
[2024-07-18T08:37:49.272+0000] {logging_mixin.py:188} INFO - [2024-07-18T08:37:49.272+0000] {dag.py:3954} INFO - Setting next_dagrun for example_subdag_operator.section-2 to None, run_after=None
[2024-07-18T08:37:49.284+0000] {logging_mixin.py:188} INFO - [2024-07-18T08:37:49.284+0000] {dag.py:3096} INFO - Sync 2 DAGs
[2024-07-18T08:37:49.292+0000] {logging_mixin.py:188} INFO - [2024-07-18T08:37:49.292+0000] {dag.py:3954} INFO - Setting next_dagrun for example_subdag_operator.section-1 to None, run_after=None
[2024-07-18T08:37:49.295+0000] {logging_mixin.py:188} INFO - [2024-07-18T08:37:49.294+0000] {dag.py:3954} INFO - Setting next_dagrun for example_subdag_operator.section-2 to None, run_after=None
[2024-07-18T08:37:49.311+0000] {processor.py:183} INFO - Processing /home/airflow/.local/lib/python3.12/site-packages/airflow/example_dags/example_subdag_operator.py took 0.125 seconds
[2024-07-18T08:38:19.425+0000] {processor.py:161} INFO - Started process (PID=290) to work on /home/airflow/.local/lib/python3.12/site-packages/airflow/example_dags/example_subdag_operator.py
[2024-07-18T08:38:19.427+0000] {processor.py:830} INFO - Processing file /home/airflow/.local/lib/python3.12/site-packages/airflow/example_dags/example_subdag_operator.py for tasks to queue
[2024-07-18T08:38:19.429+0000] {logging_mixin.py:188} INFO - [2024-07-18T08:38:19.429+0000] {dagbag.py:545} INFO - Filling up the DagBag from /home/airflow/.local/lib/python3.12/site-packages/airflow/example_dags/example_subdag_operator.py
[2024-07-18T08:38:19.460+0000] {processor.py:840} INFO - DAG(s) 'example_subdag_operator.section-1', 'example_subdag_operator.section-2', 'example_subdag_operator' retrieved from /home/airflow/.local/lib/python3.12/site-packages/airflow/example_dags/example_subdag_operator.py
[2024-07-18T08:38:19.484+0000] {logging_mixin.py:188} INFO - [2024-07-18T08:38:19.483+0000] {dag.py:3096} INFO - Sync 3 DAGs
[2024-07-18T08:38:19.514+0000] {logging_mixin.py:188} INFO - [2024-07-18T08:38:19.513+0000] {dag.py:3954} INFO - Setting next_dagrun for example_subdag_operator to 2022-01-01 00:00:00+00:00, run_after=2022-01-01 00:00:00+00:00
[2024-07-18T08:38:19.519+0000] {logging_mixin.py:188} INFO - [2024-07-18T08:38:19.519+0000] {dag.py:3954} INFO - Setting next_dagrun for example_subdag_operator.section-1 to None, run_after=None
[2024-07-18T08:38:19.521+0000] {logging_mixin.py:188} INFO - [2024-07-18T08:38:19.521+0000] {dag.py:3954} INFO - Setting next_dagrun for example_subdag_operator.section-2 to None, run_after=None
[2024-07-18T08:38:19.529+0000] {logging_mixin.py:188} INFO - [2024-07-18T08:38:19.529+0000] {dag.py:3096} INFO - Sync 2 DAGs
[2024-07-18T08:38:19.534+0000] {logging_mixin.py:188} INFO - [2024-07-18T08:38:19.534+0000] {dag.py:3954} INFO - Setting next_dagrun for example_subdag_operator.section-1 to None, run_after=None
[2024-07-18T08:38:19.535+0000] {logging_mixin.py:188} INFO - [2024-07-18T08:38:19.535+0000] {dag.py:3954} INFO - Setting next_dagrun for example_subdag_operator.section-2 to None, run_after=None
[2024-07-18T08:38:19.551+0000] {processor.py:183} INFO - Processing /home/airflow/.local/lib/python3.12/site-packages/airflow/example_dags/example_subdag_operator.py took 0.134 seconds
[2024-07-18T08:38:49.879+0000] {processor.py:161} INFO - Started process (PID=350) to work on /home/airflow/.local/lib/python3.12/site-packages/airflow/example_dags/example_subdag_operator.py
[2024-07-18T08:38:49.880+0000] {processor.py:830} INFO - Processing file /home/airflow/.local/lib/python3.12/site-packages/airflow/example_dags/example_subdag_operator.py for tasks to queue
[2024-07-18T08:38:49.883+0000] {logging_mixin.py:188} INFO - [2024-07-18T08:38:49.882+0000] {dagbag.py:545} INFO - Filling up the DagBag from /home/airflow/.local/lib/python3.12/site-packages/airflow/example_dags/example_subdag_operator.py
[2024-07-18T08:38:49.911+0000] {processor.py:840} INFO - DAG(s) 'example_subdag_operator.section-1', 'example_subdag_operator.section-2', 'example_subdag_operator' retrieved from /home/airflow/.local/lib/python3.12/site-packages/airflow/example_dags/example_subdag_operator.py
[2024-07-18T08:38:49.931+0000] {logging_mixin.py:188} INFO - [2024-07-18T08:38:49.931+0000] {dag.py:3096} INFO - Sync 3 DAGs
[2024-07-18T08:38:49.964+0000] {logging_mixin.py:188} INFO - [2024-07-18T08:38:49.964+0000] {dag.py:3954} INFO - Setting next_dagrun for example_subdag_operator to 2022-01-01 00:00:00+00:00, run_after=2022-01-01 00:00:00+00:00
[2024-07-18T08:38:49.971+0000] {logging_mixin.py:188} INFO - [2024-07-18T08:38:49.970+0000] {dag.py:3954} INFO - Setting next_dagrun for example_subdag_operator.section-1 to None, run_after=None
[2024-07-18T08:38:49.973+0000] {logging_mixin.py:188} INFO - [2024-07-18T08:38:49.973+0000] {dag.py:3954} INFO - Setting next_dagrun for example_subdag_operator.section-2 to None, run_after=None
[2024-07-18T08:38:49.982+0000] {logging_mixin.py:188} INFO - [2024-07-18T08:38:49.982+0000] {dag.py:3096} INFO - Sync 2 DAGs
[2024-07-18T08:38:49.989+0000] {logging_mixin.py:188} INFO - [2024-07-18T08:38:49.989+0000] {dag.py:3954} INFO - Setting next_dagrun for example_subdag_operator.section-1 to None, run_after=None
[2024-07-18T08:38:49.990+0000] {logging_mixin.py:188} INFO - [2024-07-18T08:38:49.990+0000] {dag.py:3954} INFO - Setting next_dagrun for example_subdag_operator.section-2 to None, run_after=None
[2024-07-18T08:38:50.006+0000] {processor.py:183} INFO - Processing /home/airflow/.local/lib/python3.12/site-packages/airflow/example_dags/example_subdag_operator.py took 0.133 seconds
[2024-07-18T08:39:20.064+0000] {processor.py:161} INFO - Started process (PID=410) to work on /home/airflow/.local/lib/python3.12/site-packages/airflow/example_dags/example_subdag_operator.py
[2024-07-18T08:39:20.065+0000] {processor.py:830} INFO - Processing file /home/airflow/.local/lib/python3.12/site-packages/airflow/example_dags/example_subdag_operator.py for tasks to queue
[2024-07-18T08:39:20.067+0000] {logging_mixin.py:188} INFO - [2024-07-18T08:39:20.066+0000] {dagbag.py:545} INFO - Filling up the DagBag from /home/airflow/.local/lib/python3.12/site-packages/airflow/example_dags/example_subdag_operator.py
[2024-07-18T08:39:20.086+0000] {processor.py:840} INFO - DAG(s) 'example_subdag_operator.section-1', 'example_subdag_operator.section-2', 'example_subdag_operator' retrieved from /home/airflow/.local/lib/python3.12/site-packages/airflow/example_dags/example_subdag_operator.py
[2024-07-18T08:39:20.100+0000] {logging_mixin.py:188} INFO - [2024-07-18T08:39:20.100+0000] {dag.py:3096} INFO - Sync 3 DAGs
[2024-07-18T08:39:20.121+0000] {logging_mixin.py:188} INFO - [2024-07-18T08:39:20.120+0000] {dag.py:3954} INFO - Setting next_dagrun for example_subdag_operator to 2022-01-01 00:00:00+00:00, run_after=2022-01-01 00:00:00+00:00
[2024-07-18T08:39:20.125+0000] {logging_mixin.py:188} INFO - [2024-07-18T08:39:20.125+0000] {dag.py:3954} INFO - Setting next_dagrun for example_subdag_operator.section-1 to None, run_after=None
[2024-07-18T08:39:20.127+0000] {logging_mixin.py:188} INFO - [2024-07-18T08:39:20.127+0000] {dag.py:3954} INFO - Setting next_dagrun for example_subdag_operator.section-2 to None, run_after=None
[2024-07-18T08:39:20.135+0000] {logging_mixin.py:188} INFO - [2024-07-18T08:39:20.134+0000] {dag.py:3096} INFO - Sync 2 DAGs
[2024-07-18T08:39:20.140+0000] {logging_mixin.py:188} INFO - [2024-07-18T08:39:20.140+0000] {dag.py:3954} INFO - Setting next_dagrun for example_subdag_operator.section-1 to None, run_after=None
[2024-07-18T08:39:20.141+0000] {logging_mixin.py:188} INFO - [2024-07-18T08:39:20.140+0000] {dag.py:3954} INFO - Setting next_dagrun for example_subdag_operator.section-2 to None, run_after=None
[2024-07-18T08:39:20.152+0000] {processor.py:183} INFO - Processing /home/airflow/.local/lib/python3.12/site-packages/airflow/example_dags/example_subdag_operator.py took 0.093 seconds
