[2024-07-18T08:31:38.066+0000] {processor.py:161} INFO - Started process (PID=75) to work on /home/airflow/.local/lib/python3.12/site-packages/airflow/example_dags/example_latest_only_with_trigger.py
[2024-07-18T08:31:38.067+0000] {processor.py:830} INFO - Processing file /home/airflow/.local/lib/python3.12/site-packages/airflow/example_dags/example_latest_only_with_trigger.py for tasks to queue
[2024-07-18T08:31:38.069+0000] {logging_mixin.py:188} INFO - [2024-07-18T08:31:38.068+0000] {dagbag.py:545} INFO - Filling up the DagBag from /home/airflow/.local/lib/python3.12/site-packages/airflow/example_dags/example_latest_only_with_trigger.py
[2024-07-18T08:31:38.074+0000] {processor.py:840} INFO - DAG(s) 'latest_only_with_trigger' retrieved from /home/airflow/.local/lib/python3.12/site-packages/airflow/example_dags/example_latest_only_with_trigger.py
[2024-07-18T08:31:38.193+0000] {logging_mixin.py:188} INFO - [2024-07-18T08:31:38.192+0000] {dag.py:3096} INFO - Sync 1 DAGs
[2024-07-18T08:31:38.220+0000] {logging_mixin.py:188} INFO - [2024-07-18T08:31:38.220+0000] {dag.py:3954} INFO - Setting next_dagrun for latest_only_with_trigger to 2024-07-18 04:00:00+00:00, run_after=2024-07-18 08:00:00+00:00
[2024-07-18T08:31:38.240+0000] {processor.py:183} INFO - Processing /home/airflow/.local/lib/python3.12/site-packages/airflow/example_dags/example_latest_only_with_trigger.py took 0.179 seconds
[2024-07-18T08:32:08.363+0000] {processor.py:161} INFO - Started process (PID=135) to work on /home/airflow/.local/lib/python3.12/site-packages/airflow/example_dags/example_latest_only_with_trigger.py
[2024-07-18T08:32:08.367+0000] {processor.py:830} INFO - Processing file /home/airflow/.local/lib/python3.12/site-packages/airflow/example_dags/example_latest_only_with_trigger.py for tasks to queue
[2024-07-18T08:32:08.370+0000] {logging_mixin.py:188} INFO - [2024-07-18T08:32:08.369+0000] {dagbag.py:545} INFO - Filling up the DagBag from /home/airflow/.local/lib/python3.12/site-packages/airflow/example_dags/example_latest_only_with_trigger.py
[2024-07-18T08:32:08.385+0000] {processor.py:840} INFO - DAG(s) 'latest_only_with_trigger' retrieved from /home/airflow/.local/lib/python3.12/site-packages/airflow/example_dags/example_latest_only_with_trigger.py
[2024-07-18T08:32:08.420+0000] {logging_mixin.py:188} INFO - [2024-07-18T08:32:08.419+0000] {dag.py:3096} INFO - Sync 1 DAGs
[2024-07-18T08:32:08.459+0000] {logging_mixin.py:188} INFO - [2024-07-18T08:32:08.459+0000] {dag.py:3954} INFO - Setting next_dagrun for latest_only_with_trigger to 2024-07-18 04:00:00+00:00, run_after=2024-07-18 08:00:00+00:00
[2024-07-18T08:32:08.491+0000] {processor.py:183} INFO - Processing /home/airflow/.local/lib/python3.12/site-packages/airflow/example_dags/example_latest_only_with_trigger.py took 0.136 seconds
[2024-07-18T08:32:38.610+0000] {processor.py:161} INFO - Started process (PID=195) to work on /home/airflow/.local/lib/python3.12/site-packages/airflow/example_dags/example_latest_only_with_trigger.py
[2024-07-18T08:32:38.610+0000] {processor.py:830} INFO - Processing file /home/airflow/.local/lib/python3.12/site-packages/airflow/example_dags/example_latest_only_with_trigger.py for tasks to queue
[2024-07-18T08:32:38.611+0000] {logging_mixin.py:188} INFO - [2024-07-18T08:32:38.611+0000] {dagbag.py:545} INFO - Filling up the DagBag from /home/airflow/.local/lib/python3.12/site-packages/airflow/example_dags/example_latest_only_with_trigger.py
[2024-07-18T08:32:38.617+0000] {processor.py:840} INFO - DAG(s) 'latest_only_with_trigger' retrieved from /home/airflow/.local/lib/python3.12/site-packages/airflow/example_dags/example_latest_only_with_trigger.py
[2024-07-18T08:32:38.641+0000] {logging_mixin.py:188} INFO - [2024-07-18T08:32:38.641+0000] {dag.py:3096} INFO - Sync 1 DAGs
[2024-07-18T08:32:38.664+0000] {logging_mixin.py:188} INFO - [2024-07-18T08:32:38.663+0000] {dag.py:3954} INFO - Setting next_dagrun for latest_only_with_trigger to 2024-07-18 04:00:00+00:00, run_after=2024-07-18 08:00:00+00:00
[2024-07-18T08:32:38.684+0000] {processor.py:183} INFO - Processing /home/airflow/.local/lib/python3.12/site-packages/airflow/example_dags/example_latest_only_with_trigger.py took 0.080 seconds
[2024-07-18T08:33:09.142+0000] {processor.py:161} INFO - Started process (PID=255) to work on /home/airflow/.local/lib/python3.12/site-packages/airflow/example_dags/example_latest_only_with_trigger.py
[2024-07-18T08:33:09.143+0000] {processor.py:830} INFO - Processing file /home/airflow/.local/lib/python3.12/site-packages/airflow/example_dags/example_latest_only_with_trigger.py for tasks to queue
[2024-07-18T08:33:09.144+0000] {logging_mixin.py:188} INFO - [2024-07-18T08:33:09.144+0000] {dagbag.py:545} INFO - Filling up the DagBag from /home/airflow/.local/lib/python3.12/site-packages/airflow/example_dags/example_latest_only_with_trigger.py
[2024-07-18T08:33:09.150+0000] {processor.py:840} INFO - DAG(s) 'latest_only_with_trigger' retrieved from /home/airflow/.local/lib/python3.12/site-packages/airflow/example_dags/example_latest_only_with_trigger.py
[2024-07-18T08:33:09.173+0000] {logging_mixin.py:188} INFO - [2024-07-18T08:33:09.173+0000] {dag.py:3096} INFO - Sync 1 DAGs
[2024-07-18T08:33:09.198+0000] {logging_mixin.py:188} INFO - [2024-07-18T08:33:09.198+0000] {dag.py:3954} INFO - Setting next_dagrun for latest_only_with_trigger to 2024-07-18 04:00:00+00:00, run_after=2024-07-18 08:00:00+00:00
[2024-07-18T08:33:09.224+0000] {processor.py:183} INFO - Processing /home/airflow/.local/lib/python3.12/site-packages/airflow/example_dags/example_latest_only_with_trigger.py took 0.087 seconds
[2024-07-18T08:36:21.136+0000] {processor.py:161} INFO - Started process (PID=76) to work on /home/airflow/.local/lib/python3.12/site-packages/airflow/example_dags/example_latest_only_with_trigger.py
[2024-07-18T08:36:21.137+0000] {processor.py:830} INFO - Processing file /home/airflow/.local/lib/python3.12/site-packages/airflow/example_dags/example_latest_only_with_trigger.py for tasks to queue
[2024-07-18T08:36:21.139+0000] {logging_mixin.py:188} INFO - [2024-07-18T08:36:21.139+0000] {dagbag.py:545} INFO - Filling up the DagBag from /home/airflow/.local/lib/python3.12/site-packages/airflow/example_dags/example_latest_only_with_trigger.py
[2024-07-18T08:36:21.145+0000] {processor.py:840} INFO - DAG(s) 'latest_only_with_trigger' retrieved from /home/airflow/.local/lib/python3.12/site-packages/airflow/example_dags/example_latest_only_with_trigger.py
[2024-07-18T08:36:21.285+0000] {logging_mixin.py:188} INFO - [2024-07-18T08:36:21.284+0000] {dag.py:3096} INFO - Sync 1 DAGs
[2024-07-18T08:36:21.315+0000] {logging_mixin.py:188} INFO - [2024-07-18T08:36:21.315+0000] {dag.py:3954} INFO - Setting next_dagrun for latest_only_with_trigger to 2024-07-18 04:00:00+00:00, run_after=2024-07-18 08:00:00+00:00
[2024-07-18T08:36:21.347+0000] {processor.py:183} INFO - Processing /home/airflow/.local/lib/python3.12/site-packages/airflow/example_dags/example_latest_only_with_trigger.py took 0.216 seconds
[2024-07-18T08:36:51.606+0000] {processor.py:161} INFO - Started process (PID=136) to work on /home/airflow/.local/lib/python3.12/site-packages/airflow/example_dags/example_latest_only_with_trigger.py
[2024-07-18T08:36:51.607+0000] {processor.py:830} INFO - Processing file /home/airflow/.local/lib/python3.12/site-packages/airflow/example_dags/example_latest_only_with_trigger.py for tasks to queue
[2024-07-18T08:36:51.609+0000] {logging_mixin.py:188} INFO - [2024-07-18T08:36:51.608+0000] {dagbag.py:545} INFO - Filling up the DagBag from /home/airflow/.local/lib/python3.12/site-packages/airflow/example_dags/example_latest_only_with_trigger.py
[2024-07-18T08:36:51.614+0000] {processor.py:840} INFO - DAG(s) 'latest_only_with_trigger' retrieved from /home/airflow/.local/lib/python3.12/site-packages/airflow/example_dags/example_latest_only_with_trigger.py
[2024-07-18T08:36:51.634+0000] {logging_mixin.py:188} INFO - [2024-07-18T08:36:51.634+0000] {dag.py:3096} INFO - Sync 1 DAGs
[2024-07-18T08:36:51.654+0000] {logging_mixin.py:188} INFO - [2024-07-18T08:36:51.654+0000] {dag.py:3954} INFO - Setting next_dagrun for latest_only_with_trigger to 2024-07-18 04:00:00+00:00, run_after=2024-07-18 08:00:00+00:00
[2024-07-18T08:36:51.673+0000] {processor.py:183} INFO - Processing /home/airflow/.local/lib/python3.12/site-packages/airflow/example_dags/example_latest_only_with_trigger.py took 0.072 seconds
[2024-07-18T08:37:22.294+0000] {processor.py:161} INFO - Started process (PID=196) to work on /home/airflow/.local/lib/python3.12/site-packages/airflow/example_dags/example_latest_only_with_trigger.py
[2024-07-18T08:37:22.295+0000] {processor.py:830} INFO - Processing file /home/airflow/.local/lib/python3.12/site-packages/airflow/example_dags/example_latest_only_with_trigger.py for tasks to queue
[2024-07-18T08:37:22.297+0000] {logging_mixin.py:188} INFO - [2024-07-18T08:37:22.297+0000] {dagbag.py:545} INFO - Filling up the DagBag from /home/airflow/.local/lib/python3.12/site-packages/airflow/example_dags/example_latest_only_with_trigger.py
[2024-07-18T08:37:22.303+0000] {processor.py:840} INFO - DAG(s) 'latest_only_with_trigger' retrieved from /home/airflow/.local/lib/python3.12/site-packages/airflow/example_dags/example_latest_only_with_trigger.py
[2024-07-18T08:37:22.339+0000] {logging_mixin.py:188} INFO - [2024-07-18T08:37:22.339+0000] {dag.py:3096} INFO - Sync 1 DAGs
[2024-07-18T08:37:22.371+0000] {logging_mixin.py:188} INFO - [2024-07-18T08:37:22.371+0000] {dag.py:3954} INFO - Setting next_dagrun for latest_only_with_trigger to 2024-07-18 04:00:00+00:00, run_after=2024-07-18 08:00:00+00:00
[2024-07-18T08:37:22.395+0000] {processor.py:183} INFO - Processing /home/airflow/.local/lib/python3.12/site-packages/airflow/example_dags/example_latest_only_with_trigger.py took 0.111 seconds
[2024-07-18T08:37:52.802+0000] {processor.py:161} INFO - Started process (PID=262) to work on /home/airflow/.local/lib/python3.12/site-packages/airflow/example_dags/example_latest_only_with_trigger.py
[2024-07-18T08:37:52.802+0000] {processor.py:830} INFO - Processing file /home/airflow/.local/lib/python3.12/site-packages/airflow/example_dags/example_latest_only_with_trigger.py for tasks to queue
[2024-07-18T08:37:52.804+0000] {logging_mixin.py:188} INFO - [2024-07-18T08:37:52.804+0000] {dagbag.py:545} INFO - Filling up the DagBag from /home/airflow/.local/lib/python3.12/site-packages/airflow/example_dags/example_latest_only_with_trigger.py
[2024-07-18T08:37:52.808+0000] {processor.py:840} INFO - DAG(s) 'latest_only_with_trigger' retrieved from /home/airflow/.local/lib/python3.12/site-packages/airflow/example_dags/example_latest_only_with_trigger.py
[2024-07-18T08:37:52.829+0000] {logging_mixin.py:188} INFO - [2024-07-18T08:37:52.828+0000] {dag.py:3096} INFO - Sync 1 DAGs
[2024-07-18T08:37:52.848+0000] {logging_mixin.py:188} INFO - [2024-07-18T08:37:52.848+0000] {dag.py:3954} INFO - Setting next_dagrun for latest_only_with_trigger to 2024-07-18 04:00:00+00:00, run_after=2024-07-18 08:00:00+00:00
[2024-07-18T08:37:52.868+0000] {processor.py:183} INFO - Processing /home/airflow/.local/lib/python3.12/site-packages/airflow/example_dags/example_latest_only_with_trigger.py took 0.071 seconds
[2024-07-18T08:38:23.308+0000] {processor.py:161} INFO - Started process (PID=322) to work on /home/airflow/.local/lib/python3.12/site-packages/airflow/example_dags/example_latest_only_with_trigger.py
[2024-07-18T08:38:23.309+0000] {processor.py:830} INFO - Processing file /home/airflow/.local/lib/python3.12/site-packages/airflow/example_dags/example_latest_only_with_trigger.py for tasks to queue
[2024-07-18T08:38:23.311+0000] {logging_mixin.py:188} INFO - [2024-07-18T08:38:23.311+0000] {dagbag.py:545} INFO - Filling up the DagBag from /home/airflow/.local/lib/python3.12/site-packages/airflow/example_dags/example_latest_only_with_trigger.py
[2024-07-18T08:38:23.317+0000] {processor.py:840} INFO - DAG(s) 'latest_only_with_trigger' retrieved from /home/airflow/.local/lib/python3.12/site-packages/airflow/example_dags/example_latest_only_with_trigger.py
[2024-07-18T08:38:23.345+0000] {logging_mixin.py:188} INFO - [2024-07-18T08:38:23.345+0000] {dag.py:3096} INFO - Sync 1 DAGs
[2024-07-18T08:38:23.370+0000] {logging_mixin.py:188} INFO - [2024-07-18T08:38:23.370+0000] {dag.py:3954} INFO - Setting next_dagrun for latest_only_with_trigger to 2024-07-18 04:00:00+00:00, run_after=2024-07-18 08:00:00+00:00
[2024-07-18T08:38:23.392+0000] {processor.py:183} INFO - Processing /home/airflow/.local/lib/python3.12/site-packages/airflow/example_dags/example_latest_only_with_trigger.py took 0.092 seconds
[2024-07-18T08:38:53.904+0000] {processor.py:161} INFO - Started process (PID=382) to work on /home/airflow/.local/lib/python3.12/site-packages/airflow/example_dags/example_latest_only_with_trigger.py
[2024-07-18T08:38:53.909+0000] {processor.py:830} INFO - Processing file /home/airflow/.local/lib/python3.12/site-packages/airflow/example_dags/example_latest_only_with_trigger.py for tasks to queue
[2024-07-18T08:38:53.922+0000] {logging_mixin.py:188} INFO - [2024-07-18T08:38:53.922+0000] {dagbag.py:545} INFO - Filling up the DagBag from /home/airflow/.local/lib/python3.12/site-packages/airflow/example_dags/example_latest_only_with_trigger.py
[2024-07-18T08:38:53.930+0000] {processor.py:840} INFO - DAG(s) 'latest_only_with_trigger' retrieved from /home/airflow/.local/lib/python3.12/site-packages/airflow/example_dags/example_latest_only_with_trigger.py
[2024-07-18T08:38:53.957+0000] {logging_mixin.py:188} INFO - [2024-07-18T08:38:53.957+0000] {dag.py:3096} INFO - Sync 1 DAGs
[2024-07-18T08:38:53.991+0000] {logging_mixin.py:188} INFO - [2024-07-18T08:38:53.990+0000] {dag.py:3954} INFO - Setting next_dagrun for latest_only_with_trigger to 2024-07-18 04:00:00+00:00, run_after=2024-07-18 08:00:00+00:00
[2024-07-18T08:38:54.021+0000] {processor.py:183} INFO - Processing /home/airflow/.local/lib/python3.12/site-packages/airflow/example_dags/example_latest_only_with_trigger.py took 0.125 seconds
[2024-07-18T08:39:24.897+0000] {processor.py:161} INFO - Started process (PID=442) to work on /home/airflow/.local/lib/python3.12/site-packages/airflow/example_dags/example_latest_only_with_trigger.py
[2024-07-18T08:39:24.898+0000] {processor.py:830} INFO - Processing file /home/airflow/.local/lib/python3.12/site-packages/airflow/example_dags/example_latest_only_with_trigger.py for tasks to queue
[2024-07-18T08:39:24.900+0000] {logging_mixin.py:188} INFO - [2024-07-18T08:39:24.900+0000] {dagbag.py:545} INFO - Filling up the DagBag from /home/airflow/.local/lib/python3.12/site-packages/airflow/example_dags/example_latest_only_with_trigger.py
[2024-07-18T08:39:24.905+0000] {processor.py:840} INFO - DAG(s) 'latest_only_with_trigger' retrieved from /home/airflow/.local/lib/python3.12/site-packages/airflow/example_dags/example_latest_only_with_trigger.py
[2024-07-18T08:39:24.926+0000] {logging_mixin.py:188} INFO - [2024-07-18T08:39:24.925+0000] {dag.py:3096} INFO - Sync 1 DAGs
[2024-07-18T08:39:24.951+0000] {logging_mixin.py:188} INFO - [2024-07-18T08:39:24.951+0000] {dag.py:3954} INFO - Setting next_dagrun for latest_only_with_trigger to 2024-07-18 04:00:00+00:00, run_after=2024-07-18 08:00:00+00:00
[2024-07-18T08:39:24.973+0000] {processor.py:183} INFO - Processing /home/airflow/.local/lib/python3.12/site-packages/airflow/example_dags/example_latest_only_with_trigger.py took 0.083 seconds
[2024-07-18T08:39:55.430+0000] {processor.py:161} INFO - Started process (PID=502) to work on /home/airflow/.local/lib/python3.12/site-packages/airflow/example_dags/example_latest_only_with_trigger.py
[2024-07-18T08:39:55.431+0000] {processor.py:830} INFO - Processing file /home/airflow/.local/lib/python3.12/site-packages/airflow/example_dags/example_latest_only_with_trigger.py for tasks to queue
[2024-07-18T08:39:55.433+0000] {logging_mixin.py:188} INFO - [2024-07-18T08:39:55.433+0000] {dagbag.py:545} INFO - Filling up the DagBag from /home/airflow/.local/lib/python3.12/site-packages/airflow/example_dags/example_latest_only_with_trigger.py
[2024-07-18T08:39:55.439+0000] {processor.py:840} INFO - DAG(s) 'latest_only_with_trigger' retrieved from /home/airflow/.local/lib/python3.12/site-packages/airflow/example_dags/example_latest_only_with_trigger.py
[2024-07-18T08:39:55.465+0000] {logging_mixin.py:188} INFO - [2024-07-18T08:39:55.465+0000] {dag.py:3096} INFO - Sync 1 DAGs
[2024-07-18T08:39:55.494+0000] {logging_mixin.py:188} INFO - [2024-07-18T08:39:55.493+0000] {dag.py:3954} INFO - Setting next_dagrun for latest_only_with_trigger to 2024-07-18 04:00:00+00:00, run_after=2024-07-18 08:00:00+00:00
[2024-07-18T08:39:55.516+0000] {processor.py:183} INFO - Processing /home/airflow/.local/lib/python3.12/site-packages/airflow/example_dags/example_latest_only_with_trigger.py took 0.092 seconds
[2024-07-18T08:40:26.421+0000] {processor.py:161} INFO - Started process (PID=562) to work on /home/airflow/.local/lib/python3.12/site-packages/airflow/example_dags/example_latest_only_with_trigger.py
[2024-07-18T08:40:26.422+0000] {processor.py:830} INFO - Processing file /home/airflow/.local/lib/python3.12/site-packages/airflow/example_dags/example_latest_only_with_trigger.py for tasks to queue
[2024-07-18T08:40:26.424+0000] {logging_mixin.py:188} INFO - [2024-07-18T08:40:26.424+0000] {dagbag.py:545} INFO - Filling up the DagBag from /home/airflow/.local/lib/python3.12/site-packages/airflow/example_dags/example_latest_only_with_trigger.py
[2024-07-18T08:40:26.436+0000] {processor.py:840} INFO - DAG(s) 'latest_only_with_trigger' retrieved from /home/airflow/.local/lib/python3.12/site-packages/airflow/example_dags/example_latest_only_with_trigger.py
[2024-07-18T08:40:26.465+0000] {logging_mixin.py:188} INFO - [2024-07-18T08:40:26.464+0000] {dag.py:3096} INFO - Sync 1 DAGs
[2024-07-18T08:40:26.498+0000] {logging_mixin.py:188} INFO - [2024-07-18T08:40:26.498+0000] {dag.py:3954} INFO - Setting next_dagrun for latest_only_with_trigger to 2024-07-18 04:00:00+00:00, run_after=2024-07-18 08:00:00+00:00
[2024-07-18T08:40:26.529+0000] {processor.py:183} INFO - Processing /home/airflow/.local/lib/python3.12/site-packages/airflow/example_dags/example_latest_only_with_trigger.py took 0.118 seconds
[2024-07-18T08:40:56.902+0000] {processor.py:161} INFO - Started process (PID=622) to work on /home/airflow/.local/lib/python3.12/site-packages/airflow/example_dags/example_latest_only_with_trigger.py
[2024-07-18T08:40:56.903+0000] {processor.py:830} INFO - Processing file /home/airflow/.local/lib/python3.12/site-packages/airflow/example_dags/example_latest_only_with_trigger.py for tasks to queue
[2024-07-18T08:40:56.905+0000] {logging_mixin.py:188} INFO - [2024-07-18T08:40:56.904+0000] {dagbag.py:545} INFO - Filling up the DagBag from /home/airflow/.local/lib/python3.12/site-packages/airflow/example_dags/example_latest_only_with_trigger.py
[2024-07-18T08:40:56.910+0000] {processor.py:840} INFO - DAG(s) 'latest_only_with_trigger' retrieved from /home/airflow/.local/lib/python3.12/site-packages/airflow/example_dags/example_latest_only_with_trigger.py
[2024-07-18T08:40:56.931+0000] {logging_mixin.py:188} INFO - [2024-07-18T08:40:56.931+0000] {dag.py:3096} INFO - Sync 1 DAGs
[2024-07-18T08:40:56.951+0000] {logging_mixin.py:188} INFO - [2024-07-18T08:40:56.951+0000] {dag.py:3954} INFO - Setting next_dagrun for latest_only_with_trigger to 2024-07-18 04:00:00+00:00, run_after=2024-07-18 08:00:00+00:00
[2024-07-18T08:40:56.969+0000] {processor.py:183} INFO - Processing /home/airflow/.local/lib/python3.12/site-packages/airflow/example_dags/example_latest_only_with_trigger.py took 0.071 seconds
[2024-07-18T08:41:27.481+0000] {processor.py:161} INFO - Started process (PID=682) to work on /home/airflow/.local/lib/python3.12/site-packages/airflow/example_dags/example_latest_only_with_trigger.py
[2024-07-18T08:41:27.482+0000] {processor.py:830} INFO - Processing file /home/airflow/.local/lib/python3.12/site-packages/airflow/example_dags/example_latest_only_with_trigger.py for tasks to queue
[2024-07-18T08:41:27.484+0000] {logging_mixin.py:188} INFO - [2024-07-18T08:41:27.484+0000] {dagbag.py:545} INFO - Filling up the DagBag from /home/airflow/.local/lib/python3.12/site-packages/airflow/example_dags/example_latest_only_with_trigger.py
[2024-07-18T08:41:27.494+0000] {processor.py:840} INFO - DAG(s) 'latest_only_with_trigger' retrieved from /home/airflow/.local/lib/python3.12/site-packages/airflow/example_dags/example_latest_only_with_trigger.py
[2024-07-18T08:41:27.521+0000] {logging_mixin.py:188} INFO - [2024-07-18T08:41:27.521+0000] {dag.py:3096} INFO - Sync 1 DAGs
[2024-07-18T08:41:27.549+0000] {logging_mixin.py:188} INFO - [2024-07-18T08:41:27.549+0000] {dag.py:3954} INFO - Setting next_dagrun for latest_only_with_trigger to 2024-07-18 04:00:00+00:00, run_after=2024-07-18 08:00:00+00:00
[2024-07-18T08:41:27.577+0000] {processor.py:183} INFO - Processing /home/airflow/.local/lib/python3.12/site-packages/airflow/example_dags/example_latest_only_with_trigger.py took 0.102 seconds
[2024-07-18T08:41:58.549+0000] {processor.py:161} INFO - Started process (PID=742) to work on /home/airflow/.local/lib/python3.12/site-packages/airflow/example_dags/example_latest_only_with_trigger.py
[2024-07-18T08:41:58.550+0000] {processor.py:830} INFO - Processing file /home/airflow/.local/lib/python3.12/site-packages/airflow/example_dags/example_latest_only_with_trigger.py for tasks to queue
[2024-07-18T08:41:58.552+0000] {logging_mixin.py:188} INFO - [2024-07-18T08:41:58.552+0000] {dagbag.py:545} INFO - Filling up the DagBag from /home/airflow/.local/lib/python3.12/site-packages/airflow/example_dags/example_latest_only_with_trigger.py
[2024-07-18T08:41:58.559+0000] {processor.py:840} INFO - DAG(s) 'latest_only_with_trigger' retrieved from /home/airflow/.local/lib/python3.12/site-packages/airflow/example_dags/example_latest_only_with_trigger.py
[2024-07-18T08:41:58.583+0000] {logging_mixin.py:188} INFO - [2024-07-18T08:41:58.583+0000] {dag.py:3096} INFO - Sync 1 DAGs
[2024-07-18T08:41:58.611+0000] {logging_mixin.py:188} INFO - [2024-07-18T08:41:58.611+0000] {dag.py:3954} INFO - Setting next_dagrun for latest_only_with_trigger to 2024-07-18 04:00:00+00:00, run_after=2024-07-18 08:00:00+00:00
[2024-07-18T08:41:58.634+0000] {processor.py:183} INFO - Processing /home/airflow/.local/lib/python3.12/site-packages/airflow/example_dags/example_latest_only_with_trigger.py took 0.092 seconds
[2024-07-18T08:42:29.269+0000] {processor.py:161} INFO - Started process (PID=802) to work on /home/airflow/.local/lib/python3.12/site-packages/airflow/example_dags/example_latest_only_with_trigger.py
[2024-07-18T08:42:29.270+0000] {processor.py:830} INFO - Processing file /home/airflow/.local/lib/python3.12/site-packages/airflow/example_dags/example_latest_only_with_trigger.py for tasks to queue
[2024-07-18T08:42:29.272+0000] {logging_mixin.py:188} INFO - [2024-07-18T08:42:29.271+0000] {dagbag.py:545} INFO - Filling up the DagBag from /home/airflow/.local/lib/python3.12/site-packages/airflow/example_dags/example_latest_only_with_trigger.py
[2024-07-18T08:42:29.276+0000] {processor.py:840} INFO - DAG(s) 'latest_only_with_trigger' retrieved from /home/airflow/.local/lib/python3.12/site-packages/airflow/example_dags/example_latest_only_with_trigger.py
[2024-07-18T08:42:29.298+0000] {logging_mixin.py:188} INFO - [2024-07-18T08:42:29.297+0000] {dag.py:3096} INFO - Sync 1 DAGs
[2024-07-18T08:42:29.324+0000] {logging_mixin.py:188} INFO - [2024-07-18T08:42:29.323+0000] {dag.py:3954} INFO - Setting next_dagrun for latest_only_with_trigger to 2024-07-18 04:00:00+00:00, run_after=2024-07-18 08:00:00+00:00
[2024-07-18T08:42:29.343+0000] {processor.py:183} INFO - Processing /home/airflow/.local/lib/python3.12/site-packages/airflow/example_dags/example_latest_only_with_trigger.py took 0.079 seconds
[2024-07-18T08:42:59.920+0000] {processor.py:161} INFO - Started process (PID=862) to work on /home/airflow/.local/lib/python3.12/site-packages/airflow/example_dags/example_latest_only_with_trigger.py
[2024-07-18T08:42:59.921+0000] {processor.py:830} INFO - Processing file /home/airflow/.local/lib/python3.12/site-packages/airflow/example_dags/example_latest_only_with_trigger.py for tasks to queue
[2024-07-18T08:42:59.924+0000] {logging_mixin.py:188} INFO - [2024-07-18T08:42:59.923+0000] {dagbag.py:545} INFO - Filling up the DagBag from /home/airflow/.local/lib/python3.12/site-packages/airflow/example_dags/example_latest_only_with_trigger.py
[2024-07-18T08:42:59.932+0000] {processor.py:840} INFO - DAG(s) 'latest_only_with_trigger' retrieved from /home/airflow/.local/lib/python3.12/site-packages/airflow/example_dags/example_latest_only_with_trigger.py
[2024-07-18T08:42:59.957+0000] {logging_mixin.py:188} INFO - [2024-07-18T08:42:59.956+0000] {dag.py:3096} INFO - Sync 1 DAGs
[2024-07-18T08:42:59.977+0000] {logging_mixin.py:188} INFO - [2024-07-18T08:42:59.977+0000] {dag.py:3954} INFO - Setting next_dagrun for latest_only_with_trigger to 2024-07-18 04:00:00+00:00, run_after=2024-07-18 08:00:00+00:00
[2024-07-18T08:43:00.022+0000] {processor.py:183} INFO - Processing /home/airflow/.local/lib/python3.12/site-packages/airflow/example_dags/example_latest_only_with_trigger.py took 0.109 seconds
[2024-07-18T08:43:30.807+0000] {processor.py:161} INFO - Started process (PID=922) to work on /home/airflow/.local/lib/python3.12/site-packages/airflow/example_dags/example_latest_only_with_trigger.py
[2024-07-18T08:43:30.809+0000] {processor.py:830} INFO - Processing file /home/airflow/.local/lib/python3.12/site-packages/airflow/example_dags/example_latest_only_with_trigger.py for tasks to queue
[2024-07-18T08:43:30.812+0000] {logging_mixin.py:188} INFO - [2024-07-18T08:43:30.811+0000] {dagbag.py:545} INFO - Filling up the DagBag from /home/airflow/.local/lib/python3.12/site-packages/airflow/example_dags/example_latest_only_with_trigger.py
[2024-07-18T08:43:30.819+0000] {processor.py:840} INFO - DAG(s) 'latest_only_with_trigger' retrieved from /home/airflow/.local/lib/python3.12/site-packages/airflow/example_dags/example_latest_only_with_trigger.py
[2024-07-18T08:43:30.851+0000] {logging_mixin.py:188} INFO - [2024-07-18T08:43:30.851+0000] {dag.py:3096} INFO - Sync 1 DAGs
[2024-07-18T08:43:30.878+0000] {logging_mixin.py:188} INFO - [2024-07-18T08:43:30.878+0000] {dag.py:3954} INFO - Setting next_dagrun for latest_only_with_trigger to 2024-07-18 04:00:00+00:00, run_after=2024-07-18 08:00:00+00:00
[2024-07-18T08:43:30.901+0000] {processor.py:183} INFO - Processing /home/airflow/.local/lib/python3.12/site-packages/airflow/example_dags/example_latest_only_with_trigger.py took 0.102 seconds
[2024-07-18T08:44:01.667+0000] {processor.py:161} INFO - Started process (PID=982) to work on /home/airflow/.local/lib/python3.12/site-packages/airflow/example_dags/example_latest_only_with_trigger.py
[2024-07-18T08:44:01.669+0000] {processor.py:830} INFO - Processing file /home/airflow/.local/lib/python3.12/site-packages/airflow/example_dags/example_latest_only_with_trigger.py for tasks to queue
[2024-07-18T08:44:01.672+0000] {logging_mixin.py:188} INFO - [2024-07-18T08:44:01.671+0000] {dagbag.py:545} INFO - Filling up the DagBag from /home/airflow/.local/lib/python3.12/site-packages/airflow/example_dags/example_latest_only_with_trigger.py
[2024-07-18T08:44:01.679+0000] {processor.py:840} INFO - DAG(s) 'latest_only_with_trigger' retrieved from /home/airflow/.local/lib/python3.12/site-packages/airflow/example_dags/example_latest_only_with_trigger.py
[2024-07-18T08:44:01.724+0000] {logging_mixin.py:188} INFO - [2024-07-18T08:44:01.722+0000] {dag.py:3096} INFO - Sync 1 DAGs
[2024-07-18T08:44:01.760+0000] {logging_mixin.py:188} INFO - [2024-07-18T08:44:01.759+0000] {dag.py:3954} INFO - Setting next_dagrun for latest_only_with_trigger to 2024-07-18 04:00:00+00:00, run_after=2024-07-18 08:00:00+00:00
[2024-07-18T08:44:01.783+0000] {processor.py:183} INFO - Processing /home/airflow/.local/lib/python3.12/site-packages/airflow/example_dags/example_latest_only_with_trigger.py took 0.124 seconds
[2024-07-18T08:44:32.251+0000] {processor.py:161} INFO - Started process (PID=1043) to work on /home/airflow/.local/lib/python3.12/site-packages/airflow/example_dags/example_latest_only_with_trigger.py
[2024-07-18T08:44:32.252+0000] {processor.py:830} INFO - Processing file /home/airflow/.local/lib/python3.12/site-packages/airflow/example_dags/example_latest_only_with_trigger.py for tasks to queue
[2024-07-18T08:44:32.254+0000] {logging_mixin.py:188} INFO - [2024-07-18T08:44:32.254+0000] {dagbag.py:545} INFO - Filling up the DagBag from /home/airflow/.local/lib/python3.12/site-packages/airflow/example_dags/example_latest_only_with_trigger.py
[2024-07-18T08:44:32.260+0000] {processor.py:840} INFO - DAG(s) 'latest_only_with_trigger' retrieved from /home/airflow/.local/lib/python3.12/site-packages/airflow/example_dags/example_latest_only_with_trigger.py
[2024-07-18T08:44:32.280+0000] {logging_mixin.py:188} INFO - [2024-07-18T08:44:32.280+0000] {dag.py:3096} INFO - Sync 1 DAGs
[2024-07-18T08:44:32.307+0000] {logging_mixin.py:188} INFO - [2024-07-18T08:44:32.307+0000] {dag.py:3954} INFO - Setting next_dagrun for latest_only_with_trigger to 2024-07-18 04:00:00+00:00, run_after=2024-07-18 08:00:00+00:00
[2024-07-18T08:44:32.332+0000] {processor.py:183} INFO - Processing /home/airflow/.local/lib/python3.12/site-packages/airflow/example_dags/example_latest_only_with_trigger.py took 0.085 seconds
[2024-07-18T08:45:02.532+0000] {processor.py:161} INFO - Started process (PID=1103) to work on /home/airflow/.local/lib/python3.12/site-packages/airflow/example_dags/example_latest_only_with_trigger.py
[2024-07-18T08:45:02.533+0000] {processor.py:830} INFO - Processing file /home/airflow/.local/lib/python3.12/site-packages/airflow/example_dags/example_latest_only_with_trigger.py for tasks to queue
[2024-07-18T08:45:02.535+0000] {logging_mixin.py:188} INFO - [2024-07-18T08:45:02.535+0000] {dagbag.py:545} INFO - Filling up the DagBag from /home/airflow/.local/lib/python3.12/site-packages/airflow/example_dags/example_latest_only_with_trigger.py
[2024-07-18T08:45:02.542+0000] {processor.py:840} INFO - DAG(s) 'latest_only_with_trigger' retrieved from /home/airflow/.local/lib/python3.12/site-packages/airflow/example_dags/example_latest_only_with_trigger.py
[2024-07-18T08:45:02.567+0000] {logging_mixin.py:188} INFO - [2024-07-18T08:45:02.567+0000] {dag.py:3096} INFO - Sync 1 DAGs
[2024-07-18T08:45:02.590+0000] {logging_mixin.py:188} INFO - [2024-07-18T08:45:02.590+0000] {dag.py:3954} INFO - Setting next_dagrun for latest_only_with_trigger to 2024-07-18 04:00:00+00:00, run_after=2024-07-18 08:00:00+00:00
[2024-07-18T08:45:02.616+0000] {processor.py:183} INFO - Processing /home/airflow/.local/lib/python3.12/site-packages/airflow/example_dags/example_latest_only_with_trigger.py took 0.091 seconds
