[2024-07-18T08:31:37.289+0000] {processor.py:161} INFO - Started process (PID=69) to work on /home/airflow/.local/lib/python3.12/site-packages/airflow/example_dags/example_setup_teardown.py
[2024-07-18T08:31:37.291+0000] {processor.py:830} INFO - Processing file /home/airflow/.local/lib/python3.12/site-packages/airflow/example_dags/example_setup_teardown.py for tasks to queue
[2024-07-18T08:31:37.297+0000] {logging_mixin.py:188} INFO - [2024-07-18T08:31:37.294+0000] {dagbag.py:545} INFO - Filling up the DagBag from /home/airflow/.local/lib/python3.12/site-packages/airflow/example_dags/example_setup_teardown.py
[2024-07-18T08:31:37.314+0000] {processor.py:840} INFO - DAG(s) 'example_setup_teardown' retrieved from /home/airflow/.local/lib/python3.12/site-packages/airflow/example_dags/example_setup_teardown.py
[2024-07-18T08:31:37.467+0000] {logging_mixin.py:188} INFO - [2024-07-18T08:31:37.466+0000] {dag.py:3096} INFO - Sync 1 DAGs
[2024-07-18T08:31:37.498+0000] {logging_mixin.py:188} INFO - [2024-07-18T08:31:37.497+0000] {dag.py:3954} INFO - Setting next_dagrun for example_setup_teardown to 2024-07-17 00:00:00+00:00, run_after=2024-07-18 00:00:00+00:00
[2024-07-18T08:31:37.525+0000] {processor.py:183} INFO - Processing /home/airflow/.local/lib/python3.12/site-packages/airflow/example_dags/example_setup_teardown.py took 0.244 seconds
[2024-07-18T08:32:07.761+0000] {processor.py:161} INFO - Started process (PID=129) to work on /home/airflow/.local/lib/python3.12/site-packages/airflow/example_dags/example_setup_teardown.py
[2024-07-18T08:32:07.762+0000] {processor.py:830} INFO - Processing file /home/airflow/.local/lib/python3.12/site-packages/airflow/example_dags/example_setup_teardown.py for tasks to queue
[2024-07-18T08:32:07.764+0000] {logging_mixin.py:188} INFO - [2024-07-18T08:32:07.764+0000] {dagbag.py:545} INFO - Filling up the DagBag from /home/airflow/.local/lib/python3.12/site-packages/airflow/example_dags/example_setup_teardown.py
[2024-07-18T08:32:07.773+0000] {processor.py:840} INFO - DAG(s) 'example_setup_teardown' retrieved from /home/airflow/.local/lib/python3.12/site-packages/airflow/example_dags/example_setup_teardown.py
[2024-07-18T08:32:07.801+0000] {logging_mixin.py:188} INFO - [2024-07-18T08:32:07.801+0000] {dag.py:3096} INFO - Sync 1 DAGs
[2024-07-18T08:32:07.832+0000] {logging_mixin.py:188} INFO - [2024-07-18T08:32:07.832+0000] {dag.py:3954} INFO - Setting next_dagrun for example_setup_teardown to 2024-07-17 00:00:00+00:00, run_after=2024-07-18 00:00:00+00:00
[2024-07-18T08:32:07.855+0000] {processor.py:183} INFO - Processing /home/airflow/.local/lib/python3.12/site-packages/airflow/example_dags/example_setup_teardown.py took 0.101 seconds
[2024-07-18T08:32:38.309+0000] {processor.py:161} INFO - Started process (PID=189) to work on /home/airflow/.local/lib/python3.12/site-packages/airflow/example_dags/example_setup_teardown.py
[2024-07-18T08:32:38.310+0000] {processor.py:830} INFO - Processing file /home/airflow/.local/lib/python3.12/site-packages/airflow/example_dags/example_setup_teardown.py for tasks to queue
[2024-07-18T08:32:38.311+0000] {logging_mixin.py:188} INFO - [2024-07-18T08:32:38.310+0000] {dagbag.py:545} INFO - Filling up the DagBag from /home/airflow/.local/lib/python3.12/site-packages/airflow/example_dags/example_setup_teardown.py
[2024-07-18T08:32:38.317+0000] {processor.py:840} INFO - DAG(s) 'example_setup_teardown' retrieved from /home/airflow/.local/lib/python3.12/site-packages/airflow/example_dags/example_setup_teardown.py
[2024-07-18T08:32:38.338+0000] {logging_mixin.py:188} INFO - [2024-07-18T08:32:38.338+0000] {dag.py:3096} INFO - Sync 1 DAGs
[2024-07-18T08:32:38.362+0000] {logging_mixin.py:188} INFO - [2024-07-18T08:32:38.362+0000] {dag.py:3954} INFO - Setting next_dagrun for example_setup_teardown to 2024-07-17 00:00:00+00:00, run_after=2024-07-18 00:00:00+00:00
[2024-07-18T08:32:38.383+0000] {processor.py:183} INFO - Processing /home/airflow/.local/lib/python3.12/site-packages/airflow/example_dags/example_setup_teardown.py took 0.079 seconds
[2024-07-18T08:33:08.830+0000] {processor.py:161} INFO - Started process (PID=249) to work on /home/airflow/.local/lib/python3.12/site-packages/airflow/example_dags/example_setup_teardown.py
[2024-07-18T08:33:08.831+0000] {processor.py:830} INFO - Processing file /home/airflow/.local/lib/python3.12/site-packages/airflow/example_dags/example_setup_teardown.py for tasks to queue
[2024-07-18T08:33:08.832+0000] {logging_mixin.py:188} INFO - [2024-07-18T08:33:08.832+0000] {dagbag.py:545} INFO - Filling up the DagBag from /home/airflow/.local/lib/python3.12/site-packages/airflow/example_dags/example_setup_teardown.py
[2024-07-18T08:33:08.840+0000] {processor.py:840} INFO - DAG(s) 'example_setup_teardown' retrieved from /home/airflow/.local/lib/python3.12/site-packages/airflow/example_dags/example_setup_teardown.py
[2024-07-18T08:33:08.860+0000] {logging_mixin.py:188} INFO - [2024-07-18T08:33:08.860+0000] {dag.py:3096} INFO - Sync 1 DAGs
[2024-07-18T08:33:08.881+0000] {logging_mixin.py:188} INFO - [2024-07-18T08:33:08.881+0000] {dag.py:3954} INFO - Setting next_dagrun for example_setup_teardown to 2024-07-17 00:00:00+00:00, run_after=2024-07-18 00:00:00+00:00
[2024-07-18T08:33:08.901+0000] {processor.py:183} INFO - Processing /home/airflow/.local/lib/python3.12/site-packages/airflow/example_dags/example_setup_teardown.py took 0.076 seconds
[2024-07-18T08:36:20.419+0000] {processor.py:161} INFO - Started process (PID=70) to work on /home/airflow/.local/lib/python3.12/site-packages/airflow/example_dags/example_setup_teardown.py
[2024-07-18T08:36:20.420+0000] {processor.py:830} INFO - Processing file /home/airflow/.local/lib/python3.12/site-packages/airflow/example_dags/example_setup_teardown.py for tasks to queue
[2024-07-18T08:36:20.422+0000] {logging_mixin.py:188} INFO - [2024-07-18T08:36:20.422+0000] {dagbag.py:545} INFO - Filling up the DagBag from /home/airflow/.local/lib/python3.12/site-packages/airflow/example_dags/example_setup_teardown.py
[2024-07-18T08:36:20.429+0000] {processor.py:840} INFO - DAG(s) 'example_setup_teardown' retrieved from /home/airflow/.local/lib/python3.12/site-packages/airflow/example_dags/example_setup_teardown.py
[2024-07-18T08:36:20.564+0000] {logging_mixin.py:188} INFO - [2024-07-18T08:36:20.564+0000] {dag.py:3096} INFO - Sync 1 DAGs
[2024-07-18T08:36:20.590+0000] {logging_mixin.py:188} INFO - [2024-07-18T08:36:20.590+0000] {dag.py:3954} INFO - Setting next_dagrun for example_setup_teardown to 2024-07-17 00:00:00+00:00, run_after=2024-07-18 00:00:00+00:00
[2024-07-18T08:36:20.616+0000] {processor.py:183} INFO - Processing /home/airflow/.local/lib/python3.12/site-packages/airflow/example_dags/example_setup_teardown.py took 0.202 seconds
[2024-07-18T08:36:51.328+0000] {processor.py:161} INFO - Started process (PID=130) to work on /home/airflow/.local/lib/python3.12/site-packages/airflow/example_dags/example_setup_teardown.py
[2024-07-18T08:36:51.329+0000] {processor.py:830} INFO - Processing file /home/airflow/.local/lib/python3.12/site-packages/airflow/example_dags/example_setup_teardown.py for tasks to queue
[2024-07-18T08:36:51.331+0000] {logging_mixin.py:188} INFO - [2024-07-18T08:36:51.331+0000] {dagbag.py:545} INFO - Filling up the DagBag from /home/airflow/.local/lib/python3.12/site-packages/airflow/example_dags/example_setup_teardown.py
[2024-07-18T08:36:51.337+0000] {processor.py:840} INFO - DAG(s) 'example_setup_teardown' retrieved from /home/airflow/.local/lib/python3.12/site-packages/airflow/example_dags/example_setup_teardown.py
[2024-07-18T08:36:51.354+0000] {logging_mixin.py:188} INFO - [2024-07-18T08:36:51.354+0000] {dag.py:3096} INFO - Sync 1 DAGs
[2024-07-18T08:36:51.374+0000] {logging_mixin.py:188} INFO - [2024-07-18T08:36:51.374+0000] {dag.py:3954} INFO - Setting next_dagrun for example_setup_teardown to 2024-07-17 00:00:00+00:00, run_after=2024-07-18 00:00:00+00:00
[2024-07-18T08:36:51.393+0000] {processor.py:183} INFO - Processing /home/airflow/.local/lib/python3.12/site-packages/airflow/example_dags/example_setup_teardown.py took 0.070 seconds
[2024-07-18T08:37:21.932+0000] {processor.py:161} INFO - Started process (PID=190) to work on /home/airflow/.local/lib/python3.12/site-packages/airflow/example_dags/example_setup_teardown.py
[2024-07-18T08:37:21.933+0000] {processor.py:830} INFO - Processing file /home/airflow/.local/lib/python3.12/site-packages/airflow/example_dags/example_setup_teardown.py for tasks to queue
[2024-07-18T08:37:21.935+0000] {logging_mixin.py:188} INFO - [2024-07-18T08:37:21.935+0000] {dagbag.py:545} INFO - Filling up the DagBag from /home/airflow/.local/lib/python3.12/site-packages/airflow/example_dags/example_setup_teardown.py
[2024-07-18T08:37:21.943+0000] {processor.py:840} INFO - DAG(s) 'example_setup_teardown' retrieved from /home/airflow/.local/lib/python3.12/site-packages/airflow/example_dags/example_setup_teardown.py
[2024-07-18T08:37:21.964+0000] {logging_mixin.py:188} INFO - [2024-07-18T08:37:21.964+0000] {dag.py:3096} INFO - Sync 1 DAGs
[2024-07-18T08:37:21.991+0000] {logging_mixin.py:188} INFO - [2024-07-18T08:37:21.991+0000] {dag.py:3954} INFO - Setting next_dagrun for example_setup_teardown to 2024-07-17 00:00:00+00:00, run_after=2024-07-18 00:00:00+00:00
[2024-07-18T08:37:22.018+0000] {processor.py:183} INFO - Processing /home/airflow/.local/lib/python3.12/site-packages/airflow/example_dags/example_setup_teardown.py took 0.093 seconds
[2024-07-18T08:37:52.513+0000] {processor.py:161} INFO - Started process (PID=256) to work on /home/airflow/.local/lib/python3.12/site-packages/airflow/example_dags/example_setup_teardown.py
[2024-07-18T08:37:52.514+0000] {processor.py:830} INFO - Processing file /home/airflow/.local/lib/python3.12/site-packages/airflow/example_dags/example_setup_teardown.py for tasks to queue
[2024-07-18T08:37:52.516+0000] {logging_mixin.py:188} INFO - [2024-07-18T08:37:52.516+0000] {dagbag.py:545} INFO - Filling up the DagBag from /home/airflow/.local/lib/python3.12/site-packages/airflow/example_dags/example_setup_teardown.py
[2024-07-18T08:37:52.522+0000] {processor.py:840} INFO - DAG(s) 'example_setup_teardown' retrieved from /home/airflow/.local/lib/python3.12/site-packages/airflow/example_dags/example_setup_teardown.py
[2024-07-18T08:37:52.540+0000] {logging_mixin.py:188} INFO - [2024-07-18T08:37:52.540+0000] {dag.py:3096} INFO - Sync 1 DAGs
[2024-07-18T08:37:52.561+0000] {logging_mixin.py:188} INFO - [2024-07-18T08:37:52.561+0000] {dag.py:3954} INFO - Setting next_dagrun for example_setup_teardown to 2024-07-17 00:00:00+00:00, run_after=2024-07-18 00:00:00+00:00
[2024-07-18T08:37:52.579+0000] {processor.py:183} INFO - Processing /home/airflow/.local/lib/python3.12/site-packages/airflow/example_dags/example_setup_teardown.py took 0.071 seconds
[2024-07-18T08:38:22.932+0000] {processor.py:161} INFO - Started process (PID=316) to work on /home/airflow/.local/lib/python3.12/site-packages/airflow/example_dags/example_setup_teardown.py
[2024-07-18T08:38:22.934+0000] {processor.py:830} INFO - Processing file /home/airflow/.local/lib/python3.12/site-packages/airflow/example_dags/example_setup_teardown.py for tasks to queue
[2024-07-18T08:38:22.936+0000] {logging_mixin.py:188} INFO - [2024-07-18T08:38:22.935+0000] {dagbag.py:545} INFO - Filling up the DagBag from /home/airflow/.local/lib/python3.12/site-packages/airflow/example_dags/example_setup_teardown.py
[2024-07-18T08:38:22.945+0000] {processor.py:840} INFO - DAG(s) 'example_setup_teardown' retrieved from /home/airflow/.local/lib/python3.12/site-packages/airflow/example_dags/example_setup_teardown.py
[2024-07-18T08:38:22.965+0000] {logging_mixin.py:188} INFO - [2024-07-18T08:38:22.965+0000] {dag.py:3096} INFO - Sync 1 DAGs
[2024-07-18T08:38:22.988+0000] {logging_mixin.py:188} INFO - [2024-07-18T08:38:22.987+0000] {dag.py:3954} INFO - Setting next_dagrun for example_setup_teardown to 2024-07-17 00:00:00+00:00, run_after=2024-07-18 00:00:00+00:00
[2024-07-18T08:38:23.012+0000] {processor.py:183} INFO - Processing /home/airflow/.local/lib/python3.12/site-packages/airflow/example_dags/example_setup_teardown.py took 0.087 seconds
[2024-07-18T08:38:53.355+0000] {processor.py:161} INFO - Started process (PID=376) to work on /home/airflow/.local/lib/python3.12/site-packages/airflow/example_dags/example_setup_teardown.py
[2024-07-18T08:38:53.356+0000] {processor.py:830} INFO - Processing file /home/airflow/.local/lib/python3.12/site-packages/airflow/example_dags/example_setup_teardown.py for tasks to queue
[2024-07-18T08:38:53.358+0000] {logging_mixin.py:188} INFO - [2024-07-18T08:38:53.357+0000] {dagbag.py:545} INFO - Filling up the DagBag from /home/airflow/.local/lib/python3.12/site-packages/airflow/example_dags/example_setup_teardown.py
[2024-07-18T08:38:53.364+0000] {processor.py:840} INFO - DAG(s) 'example_setup_teardown' retrieved from /home/airflow/.local/lib/python3.12/site-packages/airflow/example_dags/example_setup_teardown.py
[2024-07-18T08:38:53.396+0000] {logging_mixin.py:188} INFO - [2024-07-18T08:38:53.396+0000] {dag.py:3096} INFO - Sync 1 DAGs
[2024-07-18T08:38:53.421+0000] {logging_mixin.py:188} INFO - [2024-07-18T08:38:53.421+0000] {dag.py:3954} INFO - Setting next_dagrun for example_setup_teardown to 2024-07-17 00:00:00+00:00, run_after=2024-07-18 00:00:00+00:00
[2024-07-18T08:38:53.442+0000] {processor.py:183} INFO - Processing /home/airflow/.local/lib/python3.12/site-packages/airflow/example_dags/example_setup_teardown.py took 0.092 seconds
[2024-07-18T08:39:23.529+0000] {processor.py:161} INFO - Started process (PID=436) to work on /home/airflow/.local/lib/python3.12/site-packages/airflow/example_dags/example_setup_teardown.py
[2024-07-18T08:39:23.530+0000] {processor.py:830} INFO - Processing file /home/airflow/.local/lib/python3.12/site-packages/airflow/example_dags/example_setup_teardown.py for tasks to queue
[2024-07-18T08:39:23.532+0000] {logging_mixin.py:188} INFO - [2024-07-18T08:39:23.532+0000] {dagbag.py:545} INFO - Filling up the DagBag from /home/airflow/.local/lib/python3.12/site-packages/airflow/example_dags/example_setup_teardown.py
[2024-07-18T08:39:23.541+0000] {processor.py:840} INFO - DAG(s) 'example_setup_teardown' retrieved from /home/airflow/.local/lib/python3.12/site-packages/airflow/example_dags/example_setup_teardown.py
[2024-07-18T08:39:23.567+0000] {logging_mixin.py:188} INFO - [2024-07-18T08:39:23.567+0000] {dag.py:3096} INFO - Sync 1 DAGs
[2024-07-18T08:39:23.599+0000] {logging_mixin.py:188} INFO - [2024-07-18T08:39:23.599+0000] {dag.py:3954} INFO - Setting next_dagrun for example_setup_teardown to 2024-07-17 00:00:00+00:00, run_after=2024-07-18 00:00:00+00:00
[2024-07-18T08:39:23.626+0000] {processor.py:183} INFO - Processing /home/airflow/.local/lib/python3.12/site-packages/airflow/example_dags/example_setup_teardown.py took 0.102 seconds
