[2024-07-18T08:31:29.572+0000] {processor.py:161} INFO - Started process (PID=40) to work on /home/airflow/.local/lib/python3.12/site-packages/airflow/example_dags/example_branch_operator.py
[2024-07-18T08:31:29.573+0000] {processor.py:830} INFO - Processing file /home/airflow/.local/lib/python3.12/site-packages/airflow/example_dags/example_branch_operator.py for tasks to queue
[2024-07-18T08:31:29.576+0000] {logging_mixin.py:188} INFO - [2024-07-18T08:31:29.576+0000] {dagbag.py:545} INFO - Filling up the DagBag from /home/airflow/.local/lib/python3.12/site-packages/airflow/example_dags/example_branch_operator.py
[2024-07-18T08:31:29.610+0000] {processor.py:840} INFO - DAG(s) 'example_branch_operator' retrieved from /home/airflow/.local/lib/python3.12/site-packages/airflow/example_dags/example_branch_operator.py
[2024-07-18T08:31:29.937+0000] {logging_mixin.py:188} INFO - [2024-07-18T08:31:29.936+0000] {dag.py:3096} INFO - Sync 1 DAGs
[2024-07-18T08:31:29.970+0000] {logging_mixin.py:188} INFO - [2024-07-18T08:31:29.969+0000] {dag.py:3954} INFO - Setting next_dagrun for example_branch_operator to 2024-07-17 00:00:00+00:00, run_after=2024-07-18 00:00:00+00:00
[2024-07-18T08:31:30.019+0000] {processor.py:183} INFO - Processing /home/airflow/.local/lib/python3.12/site-packages/airflow/example_dags/example_branch_operator.py took 0.467 seconds
[2024-07-18T08:32:00.269+0000] {processor.py:161} INFO - Started process (PID=99) to work on /home/airflow/.local/lib/python3.12/site-packages/airflow/example_dags/example_branch_operator.py
[2024-07-18T08:32:00.270+0000] {processor.py:830} INFO - Processing file /home/airflow/.local/lib/python3.12/site-packages/airflow/example_dags/example_branch_operator.py for tasks to queue
[2024-07-18T08:32:00.273+0000] {logging_mixin.py:188} INFO - [2024-07-18T08:32:00.272+0000] {dagbag.py:545} INFO - Filling up the DagBag from /home/airflow/.local/lib/python3.12/site-packages/airflow/example_dags/example_branch_operator.py
[2024-07-18T08:32:00.294+0000] {processor.py:840} INFO - DAG(s) 'example_branch_operator' retrieved from /home/airflow/.local/lib/python3.12/site-packages/airflow/example_dags/example_branch_operator.py
[2024-07-18T08:32:00.336+0000] {logging_mixin.py:188} INFO - [2024-07-18T08:32:00.336+0000] {dag.py:3096} INFO - Sync 1 DAGs
[2024-07-18T08:32:00.374+0000] {logging_mixin.py:188} INFO - [2024-07-18T08:32:00.374+0000] {dag.py:3954} INFO - Setting next_dagrun for example_branch_operator to 2024-07-17 00:00:00+00:00, run_after=2024-07-18 00:00:00+00:00
[2024-07-18T08:32:00.415+0000] {processor.py:183} INFO - Processing /home/airflow/.local/lib/python3.12/site-packages/airflow/example_dags/example_branch_operator.py took 0.153 seconds
[2024-07-18T08:32:30.742+0000] {processor.py:161} INFO - Started process (PID=158) to work on /home/airflow/.local/lib/python3.12/site-packages/airflow/example_dags/example_branch_operator.py
[2024-07-18T08:32:30.743+0000] {processor.py:830} INFO - Processing file /home/airflow/.local/lib/python3.12/site-packages/airflow/example_dags/example_branch_operator.py for tasks to queue
[2024-07-18T08:32:30.744+0000] {logging_mixin.py:188} INFO - [2024-07-18T08:32:30.744+0000] {dagbag.py:545} INFO - Filling up the DagBag from /home/airflow/.local/lib/python3.12/site-packages/airflow/example_dags/example_branch_operator.py
[2024-07-18T08:32:30.768+0000] {processor.py:840} INFO - DAG(s) 'example_branch_operator' retrieved from /home/airflow/.local/lib/python3.12/site-packages/airflow/example_dags/example_branch_operator.py
[2024-07-18T08:32:30.811+0000] {logging_mixin.py:188} INFO - [2024-07-18T08:32:30.810+0000] {dag.py:3096} INFO - Sync 1 DAGs
[2024-07-18T08:32:30.848+0000] {logging_mixin.py:188} INFO - [2024-07-18T08:32:30.847+0000] {dag.py:3954} INFO - Setting next_dagrun for example_branch_operator to 2024-07-17 00:00:00+00:00, run_after=2024-07-18 00:00:00+00:00
[2024-07-18T08:32:30.878+0000] {processor.py:183} INFO - Processing /home/airflow/.local/lib/python3.12/site-packages/airflow/example_dags/example_branch_operator.py took 0.142 seconds
[2024-07-18T08:33:01.237+0000] {processor.py:161} INFO - Started process (PID=218) to work on /home/airflow/.local/lib/python3.12/site-packages/airflow/example_dags/example_branch_operator.py
[2024-07-18T08:33:01.238+0000] {processor.py:830} INFO - Processing file /home/airflow/.local/lib/python3.12/site-packages/airflow/example_dags/example_branch_operator.py for tasks to queue
[2024-07-18T08:33:01.239+0000] {logging_mixin.py:188} INFO - [2024-07-18T08:33:01.239+0000] {dagbag.py:545} INFO - Filling up the DagBag from /home/airflow/.local/lib/python3.12/site-packages/airflow/example_dags/example_branch_operator.py
[2024-07-18T08:33:01.257+0000] {processor.py:840} INFO - DAG(s) 'example_branch_operator' retrieved from /home/airflow/.local/lib/python3.12/site-packages/airflow/example_dags/example_branch_operator.py
[2024-07-18T08:33:01.296+0000] {logging_mixin.py:188} INFO - [2024-07-18T08:33:01.296+0000] {dag.py:3096} INFO - Sync 1 DAGs
[2024-07-18T08:33:01.322+0000] {logging_mixin.py:188} INFO - [2024-07-18T08:33:01.321+0000] {dag.py:3954} INFO - Setting next_dagrun for example_branch_operator to 2024-07-17 00:00:00+00:00, run_after=2024-07-18 00:00:00+00:00
[2024-07-18T08:33:01.343+0000] {processor.py:183} INFO - Processing /home/airflow/.local/lib/python3.12/site-packages/airflow/example_dags/example_branch_operator.py took 0.112 seconds
[2024-07-18T08:36:13.289+0000] {processor.py:161} INFO - Started process (PID=41) to work on /home/airflow/.local/lib/python3.12/site-packages/airflow/example_dags/example_branch_operator.py
[2024-07-18T08:36:13.303+0000] {processor.py:830} INFO - Processing file /home/airflow/.local/lib/python3.12/site-packages/airflow/example_dags/example_branch_operator.py for tasks to queue
[2024-07-18T08:36:13.311+0000] {logging_mixin.py:188} INFO - [2024-07-18T08:36:13.311+0000] {dagbag.py:545} INFO - Filling up the DagBag from /home/airflow/.local/lib/python3.12/site-packages/airflow/example_dags/example_branch_operator.py
[2024-07-18T08:36:13.369+0000] {processor.py:840} INFO - DAG(s) 'example_branch_operator' retrieved from /home/airflow/.local/lib/python3.12/site-packages/airflow/example_dags/example_branch_operator.py
[2024-07-18T08:36:13.572+0000] {logging_mixin.py:188} INFO - [2024-07-18T08:36:13.571+0000] {dag.py:3096} INFO - Sync 1 DAGs
[2024-07-18T08:36:13.606+0000] {logging_mixin.py:188} INFO - [2024-07-18T08:36:13.606+0000] {dag.py:3954} INFO - Setting next_dagrun for example_branch_operator to 2024-07-17 00:00:00+00:00, run_after=2024-07-18 00:00:00+00:00
[2024-07-18T08:36:13.712+0000] {processor.py:183} INFO - Processing /home/airflow/.local/lib/python3.12/site-packages/airflow/example_dags/example_branch_operator.py took 0.433 seconds
[2024-07-18T08:36:44.516+0000] {processor.py:161} INFO - Started process (PID=101) to work on /home/airflow/.local/lib/python3.12/site-packages/airflow/example_dags/example_branch_operator.py
[2024-07-18T08:36:44.517+0000] {processor.py:830} INFO - Processing file /home/airflow/.local/lib/python3.12/site-packages/airflow/example_dags/example_branch_operator.py for tasks to queue
[2024-07-18T08:36:44.519+0000] {logging_mixin.py:188} INFO - [2024-07-18T08:36:44.518+0000] {dagbag.py:545} INFO - Filling up the DagBag from /home/airflow/.local/lib/python3.12/site-packages/airflow/example_dags/example_branch_operator.py
[2024-07-18T08:36:44.539+0000] {processor.py:840} INFO - DAG(s) 'example_branch_operator' retrieved from /home/airflow/.local/lib/python3.12/site-packages/airflow/example_dags/example_branch_operator.py
[2024-07-18T08:36:44.566+0000] {logging_mixin.py:188} INFO - [2024-07-18T08:36:44.566+0000] {dag.py:3096} INFO - Sync 1 DAGs
[2024-07-18T08:36:44.588+0000] {logging_mixin.py:188} INFO - [2024-07-18T08:36:44.587+0000] {dag.py:3954} INFO - Setting next_dagrun for example_branch_operator to 2024-07-17 00:00:00+00:00, run_after=2024-07-18 00:00:00+00:00
[2024-07-18T08:36:44.613+0000] {processor.py:183} INFO - Processing /home/airflow/.local/lib/python3.12/site-packages/airflow/example_dags/example_branch_operator.py took 0.103 seconds
[2024-07-18T08:37:15.006+0000] {processor.py:161} INFO - Started process (PID=161) to work on /home/airflow/.local/lib/python3.12/site-packages/airflow/example_dags/example_branch_operator.py
[2024-07-18T08:37:15.008+0000] {processor.py:830} INFO - Processing file /home/airflow/.local/lib/python3.12/site-packages/airflow/example_dags/example_branch_operator.py for tasks to queue
[2024-07-18T08:37:15.010+0000] {logging_mixin.py:188} INFO - [2024-07-18T08:37:15.009+0000] {dagbag.py:545} INFO - Filling up the DagBag from /home/airflow/.local/lib/python3.12/site-packages/airflow/example_dags/example_branch_operator.py
[2024-07-18T08:37:15.031+0000] {processor.py:840} INFO - DAG(s) 'example_branch_operator' retrieved from /home/airflow/.local/lib/python3.12/site-packages/airflow/example_dags/example_branch_operator.py
[2024-07-18T08:37:15.064+0000] {logging_mixin.py:188} INFO - [2024-07-18T08:37:15.064+0000] {dag.py:3096} INFO - Sync 1 DAGs
[2024-07-18T08:37:15.091+0000] {logging_mixin.py:188} INFO - [2024-07-18T08:37:15.091+0000] {dag.py:3954} INFO - Setting next_dagrun for example_branch_operator to 2024-07-17 00:00:00+00:00, run_after=2024-07-18 00:00:00+00:00
[2024-07-18T08:37:15.118+0000] {processor.py:183} INFO - Processing /home/airflow/.local/lib/python3.12/site-packages/airflow/example_dags/example_branch_operator.py took 0.119 seconds
[2024-07-18T08:37:45.310+0000] {processor.py:161} INFO - Started process (PID=220) to work on /home/airflow/.local/lib/python3.12/site-packages/airflow/example_dags/example_branch_operator.py
[2024-07-18T08:37:45.311+0000] {processor.py:830} INFO - Processing file /home/airflow/.local/lib/python3.12/site-packages/airflow/example_dags/example_branch_operator.py for tasks to queue
[2024-07-18T08:37:45.313+0000] {logging_mixin.py:188} INFO - [2024-07-18T08:37:45.313+0000] {dagbag.py:545} INFO - Filling up the DagBag from /home/airflow/.local/lib/python3.12/site-packages/airflow/example_dags/example_branch_operator.py
[2024-07-18T08:37:45.339+0000] {processor.py:840} INFO - DAG(s) 'example_branch_operator' retrieved from /home/airflow/.local/lib/python3.12/site-packages/airflow/example_dags/example_branch_operator.py
[2024-07-18T08:37:45.389+0000] {logging_mixin.py:188} INFO - [2024-07-18T08:37:45.389+0000] {dag.py:3096} INFO - Sync 1 DAGs
[2024-07-18T08:37:45.427+0000] {logging_mixin.py:188} INFO - [2024-07-18T08:37:45.426+0000] {dag.py:3954} INFO - Setting next_dagrun for example_branch_operator to 2024-07-17 00:00:00+00:00, run_after=2024-07-18 00:00:00+00:00
[2024-07-18T08:37:45.459+0000] {processor.py:183} INFO - Processing /home/airflow/.local/lib/python3.12/site-packages/airflow/example_dags/example_branch_operator.py took 0.156 seconds
[2024-07-18T08:38:15.604+0000] {processor.py:161} INFO - Started process (PID=279) to work on /home/airflow/.local/lib/python3.12/site-packages/airflow/example_dags/example_branch_operator.py
[2024-07-18T08:38:15.605+0000] {processor.py:830} INFO - Processing file /home/airflow/.local/lib/python3.12/site-packages/airflow/example_dags/example_branch_operator.py for tasks to queue
[2024-07-18T08:38:15.607+0000] {logging_mixin.py:188} INFO - [2024-07-18T08:38:15.607+0000] {dagbag.py:545} INFO - Filling up the DagBag from /home/airflow/.local/lib/python3.12/site-packages/airflow/example_dags/example_branch_operator.py
[2024-07-18T08:38:15.621+0000] {processor.py:840} INFO - DAG(s) 'example_branch_operator' retrieved from /home/airflow/.local/lib/python3.12/site-packages/airflow/example_dags/example_branch_operator.py
[2024-07-18T08:38:15.649+0000] {logging_mixin.py:188} INFO - [2024-07-18T08:38:15.649+0000] {dag.py:3096} INFO - Sync 1 DAGs
[2024-07-18T08:38:15.676+0000] {logging_mixin.py:188} INFO - [2024-07-18T08:38:15.676+0000] {dag.py:3954} INFO - Setting next_dagrun for example_branch_operator to 2024-07-17 00:00:00+00:00, run_after=2024-07-18 00:00:00+00:00
[2024-07-18T08:38:15.699+0000] {processor.py:183} INFO - Processing /home/airflow/.local/lib/python3.12/site-packages/airflow/example_dags/example_branch_operator.py took 0.100 seconds
[2024-07-18T08:38:45.773+0000] {processor.py:161} INFO - Started process (PID=339) to work on /home/airflow/.local/lib/python3.12/site-packages/airflow/example_dags/example_branch_operator.py
[2024-07-18T08:38:45.774+0000] {processor.py:830} INFO - Processing file /home/airflow/.local/lib/python3.12/site-packages/airflow/example_dags/example_branch_operator.py for tasks to queue
[2024-07-18T08:38:45.777+0000] {logging_mixin.py:188} INFO - [2024-07-18T08:38:45.777+0000] {dagbag.py:545} INFO - Filling up the DagBag from /home/airflow/.local/lib/python3.12/site-packages/airflow/example_dags/example_branch_operator.py
[2024-07-18T08:38:45.797+0000] {processor.py:840} INFO - DAG(s) 'example_branch_operator' retrieved from /home/airflow/.local/lib/python3.12/site-packages/airflow/example_dags/example_branch_operator.py
[2024-07-18T08:38:45.835+0000] {logging_mixin.py:188} INFO - [2024-07-18T08:38:45.834+0000] {dag.py:3096} INFO - Sync 1 DAGs
[2024-07-18T08:38:45.866+0000] {logging_mixin.py:188} INFO - [2024-07-18T08:38:45.865+0000] {dag.py:3954} INFO - Setting next_dagrun for example_branch_operator to 2024-07-17 00:00:00+00:00, run_after=2024-07-18 00:00:00+00:00
[2024-07-18T08:38:45.893+0000] {processor.py:183} INFO - Processing /home/airflow/.local/lib/python3.12/site-packages/airflow/example_dags/example_branch_operator.py took 0.126 seconds
[2024-07-18T08:39:16.224+0000] {processor.py:161} INFO - Started process (PID=399) to work on /home/airflow/.local/lib/python3.12/site-packages/airflow/example_dags/example_branch_operator.py
[2024-07-18T08:39:16.225+0000] {processor.py:830} INFO - Processing file /home/airflow/.local/lib/python3.12/site-packages/airflow/example_dags/example_branch_operator.py for tasks to queue
[2024-07-18T08:39:16.227+0000] {logging_mixin.py:188} INFO - [2024-07-18T08:39:16.227+0000] {dagbag.py:545} INFO - Filling up the DagBag from /home/airflow/.local/lib/python3.12/site-packages/airflow/example_dags/example_branch_operator.py
[2024-07-18T08:39:16.248+0000] {processor.py:840} INFO - DAG(s) 'example_branch_operator' retrieved from /home/airflow/.local/lib/python3.12/site-packages/airflow/example_dags/example_branch_operator.py
[2024-07-18T08:39:16.292+0000] {logging_mixin.py:188} INFO - [2024-07-18T08:39:16.291+0000] {dag.py:3096} INFO - Sync 1 DAGs
[2024-07-18T08:39:16.328+0000] {logging_mixin.py:188} INFO - [2024-07-18T08:39:16.327+0000] {dag.py:3954} INFO - Setting next_dagrun for example_branch_operator to 2024-07-17 00:00:00+00:00, run_after=2024-07-18 00:00:00+00:00
[2024-07-18T08:39:16.355+0000] {processor.py:183} INFO - Processing /home/airflow/.local/lib/python3.12/site-packages/airflow/example_dags/example_branch_operator.py took 0.137 seconds
[2024-07-18T08:39:46.399+0000] {processor.py:161} INFO - Started process (PID=459) to work on /home/airflow/.local/lib/python3.12/site-packages/airflow/example_dags/example_branch_operator.py
[2024-07-18T08:39:46.400+0000] {processor.py:830} INFO - Processing file /home/airflow/.local/lib/python3.12/site-packages/airflow/example_dags/example_branch_operator.py for tasks to queue
[2024-07-18T08:39:46.402+0000] {logging_mixin.py:188} INFO - [2024-07-18T08:39:46.401+0000] {dagbag.py:545} INFO - Filling up the DagBag from /home/airflow/.local/lib/python3.12/site-packages/airflow/example_dags/example_branch_operator.py
[2024-07-18T08:39:46.420+0000] {processor.py:840} INFO - DAG(s) 'example_branch_operator' retrieved from /home/airflow/.local/lib/python3.12/site-packages/airflow/example_dags/example_branch_operator.py
[2024-07-18T08:39:46.457+0000] {logging_mixin.py:188} INFO - [2024-07-18T08:39:46.457+0000] {dag.py:3096} INFO - Sync 1 DAGs
[2024-07-18T08:39:46.486+0000] {logging_mixin.py:188} INFO - [2024-07-18T08:39:46.486+0000] {dag.py:3954} INFO - Setting next_dagrun for example_branch_operator to 2024-07-17 00:00:00+00:00, run_after=2024-07-18 00:00:00+00:00
[2024-07-18T08:39:46.511+0000] {processor.py:183} INFO - Processing /home/airflow/.local/lib/python3.12/site-packages/airflow/example_dags/example_branch_operator.py took 0.119 seconds
[2024-07-18T08:40:16.614+0000] {processor.py:161} INFO - Started process (PID=519) to work on /home/airflow/.local/lib/python3.12/site-packages/airflow/example_dags/example_branch_operator.py
[2024-07-18T08:40:16.615+0000] {processor.py:830} INFO - Processing file /home/airflow/.local/lib/python3.12/site-packages/airflow/example_dags/example_branch_operator.py for tasks to queue
[2024-07-18T08:40:16.617+0000] {logging_mixin.py:188} INFO - [2024-07-18T08:40:16.617+0000] {dagbag.py:545} INFO - Filling up the DagBag from /home/airflow/.local/lib/python3.12/site-packages/airflow/example_dags/example_branch_operator.py
[2024-07-18T08:40:16.632+0000] {processor.py:840} INFO - DAG(s) 'example_branch_operator' retrieved from /home/airflow/.local/lib/python3.12/site-packages/airflow/example_dags/example_branch_operator.py
[2024-07-18T08:40:16.669+0000] {logging_mixin.py:188} INFO - [2024-07-18T08:40:16.669+0000] {dag.py:3096} INFO - Sync 1 DAGs
[2024-07-18T08:40:16.701+0000] {logging_mixin.py:188} INFO - [2024-07-18T08:40:16.700+0000] {dag.py:3954} INFO - Setting next_dagrun for example_branch_operator to 2024-07-17 00:00:00+00:00, run_after=2024-07-18 00:00:00+00:00
[2024-07-18T08:40:16.725+0000] {processor.py:183} INFO - Processing /home/airflow/.local/lib/python3.12/site-packages/airflow/example_dags/example_branch_operator.py took 0.116 seconds
[2024-07-18T08:40:47.046+0000] {processor.py:161} INFO - Started process (PID=579) to work on /home/airflow/.local/lib/python3.12/site-packages/airflow/example_dags/example_branch_operator.py
[2024-07-18T08:40:47.047+0000] {processor.py:830} INFO - Processing file /home/airflow/.local/lib/python3.12/site-packages/airflow/example_dags/example_branch_operator.py for tasks to queue
[2024-07-18T08:40:47.049+0000] {logging_mixin.py:188} INFO - [2024-07-18T08:40:47.049+0000] {dagbag.py:545} INFO - Filling up the DagBag from /home/airflow/.local/lib/python3.12/site-packages/airflow/example_dags/example_branch_operator.py
[2024-07-18T08:40:47.072+0000] {processor.py:840} INFO - DAG(s) 'example_branch_operator' retrieved from /home/airflow/.local/lib/python3.12/site-packages/airflow/example_dags/example_branch_operator.py
[2024-07-18T08:40:47.109+0000] {logging_mixin.py:188} INFO - [2024-07-18T08:40:47.109+0000] {dag.py:3096} INFO - Sync 1 DAGs
[2024-07-18T08:40:47.134+0000] {logging_mixin.py:188} INFO - [2024-07-18T08:40:47.133+0000] {dag.py:3954} INFO - Setting next_dagrun for example_branch_operator to 2024-07-17 00:00:00+00:00, run_after=2024-07-18 00:00:00+00:00
[2024-07-18T08:40:47.154+0000] {processor.py:183} INFO - Processing /home/airflow/.local/lib/python3.12/site-packages/airflow/example_dags/example_branch_operator.py took 0.114 seconds
[2024-07-18T08:41:17.252+0000] {processor.py:161} INFO - Started process (PID=639) to work on /home/airflow/.local/lib/python3.12/site-packages/airflow/example_dags/example_branch_operator.py
[2024-07-18T08:41:17.254+0000] {processor.py:830} INFO - Processing file /home/airflow/.local/lib/python3.12/site-packages/airflow/example_dags/example_branch_operator.py for tasks to queue
[2024-07-18T08:41:17.261+0000] {logging_mixin.py:188} INFO - [2024-07-18T08:41:17.261+0000] {dagbag.py:545} INFO - Filling up the DagBag from /home/airflow/.local/lib/python3.12/site-packages/airflow/example_dags/example_branch_operator.py
[2024-07-18T08:41:17.289+0000] {processor.py:840} INFO - DAG(s) 'example_branch_operator' retrieved from /home/airflow/.local/lib/python3.12/site-packages/airflow/example_dags/example_branch_operator.py
[2024-07-18T08:41:17.333+0000] {logging_mixin.py:188} INFO - [2024-07-18T08:41:17.333+0000] {dag.py:3096} INFO - Sync 1 DAGs
[2024-07-18T08:41:17.372+0000] {logging_mixin.py:188} INFO - [2024-07-18T08:41:17.371+0000] {dag.py:3954} INFO - Setting next_dagrun for example_branch_operator to 2024-07-17 00:00:00+00:00, run_after=2024-07-18 00:00:00+00:00
[2024-07-18T08:41:17.400+0000] {processor.py:183} INFO - Processing /home/airflow/.local/lib/python3.12/site-packages/airflow/example_dags/example_branch_operator.py took 0.155 seconds
[2024-07-18T08:41:47.523+0000] {processor.py:161} INFO - Started process (PID=700) to work on /home/airflow/.local/lib/python3.12/site-packages/airflow/example_dags/example_branch_operator.py
[2024-07-18T08:41:47.524+0000] {processor.py:830} INFO - Processing file /home/airflow/.local/lib/python3.12/site-packages/airflow/example_dags/example_branch_operator.py for tasks to queue
[2024-07-18T08:41:47.527+0000] {logging_mixin.py:188} INFO - [2024-07-18T08:41:47.527+0000] {dagbag.py:545} INFO - Filling up the DagBag from /home/airflow/.local/lib/python3.12/site-packages/airflow/example_dags/example_branch_operator.py
[2024-07-18T08:41:47.549+0000] {processor.py:840} INFO - DAG(s) 'example_branch_operator' retrieved from /home/airflow/.local/lib/python3.12/site-packages/airflow/example_dags/example_branch_operator.py
[2024-07-18T08:41:47.582+0000] {logging_mixin.py:188} INFO - [2024-07-18T08:41:47.582+0000] {dag.py:3096} INFO - Sync 1 DAGs
[2024-07-18T08:41:47.608+0000] {logging_mixin.py:188} INFO - [2024-07-18T08:41:47.608+0000] {dag.py:3954} INFO - Setting next_dagrun for example_branch_operator to 2024-07-17 00:00:00+00:00, run_after=2024-07-18 00:00:00+00:00
[2024-07-18T08:41:47.631+0000] {processor.py:183} INFO - Processing /home/airflow/.local/lib/python3.12/site-packages/airflow/example_dags/example_branch_operator.py took 0.115 seconds
[2024-07-18T08:42:17.712+0000] {processor.py:161} INFO - Started process (PID=759) to work on /home/airflow/.local/lib/python3.12/site-packages/airflow/example_dags/example_branch_operator.py
[2024-07-18T08:42:17.713+0000] {processor.py:830} INFO - Processing file /home/airflow/.local/lib/python3.12/site-packages/airflow/example_dags/example_branch_operator.py for tasks to queue
[2024-07-18T08:42:17.715+0000] {logging_mixin.py:188} INFO - [2024-07-18T08:42:17.715+0000] {dagbag.py:545} INFO - Filling up the DagBag from /home/airflow/.local/lib/python3.12/site-packages/airflow/example_dags/example_branch_operator.py
[2024-07-18T08:42:17.750+0000] {processor.py:840} INFO - DAG(s) 'example_branch_operator' retrieved from /home/airflow/.local/lib/python3.12/site-packages/airflow/example_dags/example_branch_operator.py
[2024-07-18T08:42:17.800+0000] {logging_mixin.py:188} INFO - [2024-07-18T08:42:17.800+0000] {dag.py:3096} INFO - Sync 1 DAGs
[2024-07-18T08:42:17.838+0000] {logging_mixin.py:188} INFO - [2024-07-18T08:42:17.837+0000] {dag.py:3954} INFO - Setting next_dagrun for example_branch_operator to 2024-07-17 00:00:00+00:00, run_after=2024-07-18 00:00:00+00:00
[2024-07-18T08:42:17.864+0000] {processor.py:183} INFO - Processing /home/airflow/.local/lib/python3.12/site-packages/airflow/example_dags/example_branch_operator.py took 0.159 seconds
[2024-07-18T08:42:48.716+0000] {processor.py:161} INFO - Started process (PID=819) to work on /home/airflow/.local/lib/python3.12/site-packages/airflow/example_dags/example_branch_operator.py
[2024-07-18T08:42:48.718+0000] {processor.py:830} INFO - Processing file /home/airflow/.local/lib/python3.12/site-packages/airflow/example_dags/example_branch_operator.py for tasks to queue
[2024-07-18T08:42:48.720+0000] {logging_mixin.py:188} INFO - [2024-07-18T08:42:48.720+0000] {dagbag.py:545} INFO - Filling up the DagBag from /home/airflow/.local/lib/python3.12/site-packages/airflow/example_dags/example_branch_operator.py
[2024-07-18T08:42:48.742+0000] {processor.py:840} INFO - DAG(s) 'example_branch_operator' retrieved from /home/airflow/.local/lib/python3.12/site-packages/airflow/example_dags/example_branch_operator.py
[2024-07-18T08:42:48.777+0000] {logging_mixin.py:188} INFO - [2024-07-18T08:42:48.777+0000] {dag.py:3096} INFO - Sync 1 DAGs
[2024-07-18T08:42:48.802+0000] {logging_mixin.py:188} INFO - [2024-07-18T08:42:48.801+0000] {dag.py:3954} INFO - Setting next_dagrun for example_branch_operator to 2024-07-17 00:00:00+00:00, run_after=2024-07-18 00:00:00+00:00
[2024-07-18T08:42:48.823+0000] {processor.py:183} INFO - Processing /home/airflow/.local/lib/python3.12/site-packages/airflow/example_dags/example_branch_operator.py took 0.113 seconds
[2024-07-18T08:43:18.901+0000] {processor.py:161} INFO - Started process (PID=879) to work on /home/airflow/.local/lib/python3.12/site-packages/airflow/example_dags/example_branch_operator.py
[2024-07-18T08:43:18.903+0000] {processor.py:830} INFO - Processing file /home/airflow/.local/lib/python3.12/site-packages/airflow/example_dags/example_branch_operator.py for tasks to queue
[2024-07-18T08:43:18.905+0000] {logging_mixin.py:188} INFO - [2024-07-18T08:43:18.905+0000] {dagbag.py:545} INFO - Filling up the DagBag from /home/airflow/.local/lib/python3.12/site-packages/airflow/example_dags/example_branch_operator.py
[2024-07-18T08:43:18.926+0000] {processor.py:840} INFO - DAG(s) 'example_branch_operator' retrieved from /home/airflow/.local/lib/python3.12/site-packages/airflow/example_dags/example_branch_operator.py
[2024-07-18T08:43:18.965+0000] {logging_mixin.py:188} INFO - [2024-07-18T08:43:18.965+0000] {dag.py:3096} INFO - Sync 1 DAGs
[2024-07-18T08:43:19.015+0000] {logging_mixin.py:188} INFO - [2024-07-18T08:43:19.015+0000] {dag.py:3954} INFO - Setting next_dagrun for example_branch_operator to 2024-07-17 00:00:00+00:00, run_after=2024-07-18 00:00:00+00:00
[2024-07-18T08:43:19.041+0000] {processor.py:183} INFO - Processing /home/airflow/.local/lib/python3.12/site-packages/airflow/example_dags/example_branch_operator.py took 0.147 seconds
[2024-07-18T08:43:49.367+0000] {processor.py:161} INFO - Started process (PID=939) to work on /home/airflow/.local/lib/python3.12/site-packages/airflow/example_dags/example_branch_operator.py
[2024-07-18T08:43:49.368+0000] {processor.py:830} INFO - Processing file /home/airflow/.local/lib/python3.12/site-packages/airflow/example_dags/example_branch_operator.py for tasks to queue
[2024-07-18T08:43:49.370+0000] {logging_mixin.py:188} INFO - [2024-07-18T08:43:49.370+0000] {dagbag.py:545} INFO - Filling up the DagBag from /home/airflow/.local/lib/python3.12/site-packages/airflow/example_dags/example_branch_operator.py
[2024-07-18T08:43:49.394+0000] {processor.py:840} INFO - DAG(s) 'example_branch_operator' retrieved from /home/airflow/.local/lib/python3.12/site-packages/airflow/example_dags/example_branch_operator.py
[2024-07-18T08:43:49.437+0000] {logging_mixin.py:188} INFO - [2024-07-18T08:43:49.437+0000] {dag.py:3096} INFO - Sync 1 DAGs
[2024-07-18T08:43:49.472+0000] {logging_mixin.py:188} INFO - [2024-07-18T08:43:49.471+0000] {dag.py:3954} INFO - Setting next_dagrun for example_branch_operator to 2024-07-17 00:00:00+00:00, run_after=2024-07-18 00:00:00+00:00
[2024-07-18T08:43:49.497+0000] {processor.py:183} INFO - Processing /home/airflow/.local/lib/python3.12/site-packages/airflow/example_dags/example_branch_operator.py took 0.136 seconds
[2024-07-18T08:44:19.823+0000] {processor.py:161} INFO - Started process (PID=999) to work on /home/airflow/.local/lib/python3.12/site-packages/airflow/example_dags/example_branch_operator.py
[2024-07-18T08:44:19.825+0000] {processor.py:830} INFO - Processing file /home/airflow/.local/lib/python3.12/site-packages/airflow/example_dags/example_branch_operator.py for tasks to queue
[2024-07-18T08:44:19.827+0000] {logging_mixin.py:188} INFO - [2024-07-18T08:44:19.826+0000] {dagbag.py:545} INFO - Filling up the DagBag from /home/airflow/.local/lib/python3.12/site-packages/airflow/example_dags/example_branch_operator.py
[2024-07-18T08:44:19.848+0000] {processor.py:840} INFO - DAG(s) 'example_branch_operator' retrieved from /home/airflow/.local/lib/python3.12/site-packages/airflow/example_dags/example_branch_operator.py
[2024-07-18T08:44:19.894+0000] {logging_mixin.py:188} INFO - [2024-07-18T08:44:19.894+0000] {dag.py:3096} INFO - Sync 1 DAGs
[2024-07-18T08:44:19.928+0000] {logging_mixin.py:188} INFO - [2024-07-18T08:44:19.928+0000] {dag.py:3954} INFO - Setting next_dagrun for example_branch_operator to 2024-07-17 00:00:00+00:00, run_after=2024-07-18 00:00:00+00:00
[2024-07-18T08:44:19.957+0000] {processor.py:183} INFO - Processing /home/airflow/.local/lib/python3.12/site-packages/airflow/example_dags/example_branch_operator.py took 0.141 seconds
[2024-07-18T08:44:50.140+0000] {processor.py:161} INFO - Started process (PID=1060) to work on /home/airflow/.local/lib/python3.12/site-packages/airflow/example_dags/example_branch_operator.py
[2024-07-18T08:44:50.141+0000] {processor.py:830} INFO - Processing file /home/airflow/.local/lib/python3.12/site-packages/airflow/example_dags/example_branch_operator.py for tasks to queue
[2024-07-18T08:44:50.144+0000] {logging_mixin.py:188} INFO - [2024-07-18T08:44:50.143+0000] {dagbag.py:545} INFO - Filling up the DagBag from /home/airflow/.local/lib/python3.12/site-packages/airflow/example_dags/example_branch_operator.py
[2024-07-18T08:44:50.171+0000] {processor.py:840} INFO - DAG(s) 'example_branch_operator' retrieved from /home/airflow/.local/lib/python3.12/site-packages/airflow/example_dags/example_branch_operator.py
[2024-07-18T08:44:50.246+0000] {logging_mixin.py:188} INFO - [2024-07-18T08:44:50.246+0000] {dag.py:3096} INFO - Sync 1 DAGs
[2024-07-18T08:44:50.322+0000] {logging_mixin.py:188} INFO - [2024-07-18T08:44:50.322+0000] {dag.py:3954} INFO - Setting next_dagrun for example_branch_operator to 2024-07-17 00:00:00+00:00, run_after=2024-07-18 00:00:00+00:00
[2024-07-18T08:44:50.404+0000] {processor.py:183} INFO - Processing /home/airflow/.local/lib/python3.12/site-packages/airflow/example_dags/example_branch_operator.py took 0.272 seconds
[2024-07-18T08:45:20.575+0000] {processor.py:161} INFO - Started process (PID=1121) to work on /home/airflow/.local/lib/python3.12/site-packages/airflow/example_dags/example_branch_operator.py
[2024-07-18T08:45:20.576+0000] {processor.py:830} INFO - Processing file /home/airflow/.local/lib/python3.12/site-packages/airflow/example_dags/example_branch_operator.py for tasks to queue
[2024-07-18T08:45:20.577+0000] {logging_mixin.py:188} INFO - [2024-07-18T08:45:20.577+0000] {dagbag.py:545} INFO - Filling up the DagBag from /home/airflow/.local/lib/python3.12/site-packages/airflow/example_dags/example_branch_operator.py
[2024-07-18T08:45:20.591+0000] {processor.py:840} INFO - DAG(s) 'example_branch_operator' retrieved from /home/airflow/.local/lib/python3.12/site-packages/airflow/example_dags/example_branch_operator.py
[2024-07-18T08:45:20.618+0000] {logging_mixin.py:188} INFO - [2024-07-18T08:45:20.617+0000] {dag.py:3096} INFO - Sync 1 DAGs
[2024-07-18T08:45:20.638+0000] {logging_mixin.py:188} INFO - [2024-07-18T08:45:20.638+0000] {dag.py:3954} INFO - Setting next_dagrun for example_branch_operator to 2024-07-17 00:00:00+00:00, run_after=2024-07-18 00:00:00+00:00
[2024-07-18T08:45:20.656+0000] {processor.py:183} INFO - Processing /home/airflow/.local/lib/python3.12/site-packages/airflow/example_dags/example_branch_operator.py took 0.086 seconds
