[2024-07-18T08:31:38.000+0000] {processor.py:161} INFO - Started process (PID=74) to work on /home/airflow/.local/lib/python3.12/site-packages/airflow/example_dags/example_complex.py
[2024-07-18T08:31:38.001+0000] {processor.py:830} INFO - Processing file /home/airflow/.local/lib/python3.12/site-packages/airflow/example_dags/example_complex.py for tasks to queue
[2024-07-18T08:31:38.002+0000] {logging_mixin.py:188} INFO - [2024-07-18T08:31:38.002+0000] {dagbag.py:545} INFO - Filling up the DagBag from /home/airflow/.local/lib/python3.12/site-packages/airflow/example_dags/example_complex.py
[2024-07-18T08:31:38.013+0000] {processor.py:840} INFO - DAG(s) 'example_complex' retrieved from /home/airflow/.local/lib/python3.12/site-packages/airflow/example_dags/example_complex.py
[2024-07-18T08:31:38.153+0000] {logging_mixin.py:188} INFO - [2024-07-18T08:31:38.152+0000] {dag.py:3096} INFO - Sync 1 DAGs
[2024-07-18T08:31:38.166+0000] {logging_mixin.py:188} INFO - [2024-07-18T08:31:38.165+0000] {dag.py:3954} INFO - Setting next_dagrun for example_complex to None, run_after=None
[2024-07-18T08:31:38.196+0000] {processor.py:183} INFO - Processing /home/airflow/.local/lib/python3.12/site-packages/airflow/example_dags/example_complex.py took 0.203 seconds
[2024-07-18T08:32:08.363+0000] {processor.py:161} INFO - Started process (PID=134) to work on /home/airflow/.local/lib/python3.12/site-packages/airflow/example_dags/example_complex.py
[2024-07-18T08:32:08.367+0000] {processor.py:830} INFO - Processing file /home/airflow/.local/lib/python3.12/site-packages/airflow/example_dags/example_complex.py for tasks to queue
[2024-07-18T08:32:08.370+0000] {logging_mixin.py:188} INFO - [2024-07-18T08:32:08.369+0000] {dagbag.py:545} INFO - Filling up the DagBag from /home/airflow/.local/lib/python3.12/site-packages/airflow/example_dags/example_complex.py
[2024-07-18T08:32:08.402+0000] {processor.py:840} INFO - DAG(s) 'example_complex' retrieved from /home/airflow/.local/lib/python3.12/site-packages/airflow/example_dags/example_complex.py
[2024-07-18T08:32:08.462+0000] {logging_mixin.py:188} INFO - [2024-07-18T08:32:08.462+0000] {dag.py:3096} INFO - Sync 1 DAGs
[2024-07-18T08:32:08.483+0000] {logging_mixin.py:188} INFO - [2024-07-18T08:32:08.482+0000] {dag.py:3954} INFO - Setting next_dagrun for example_complex to None, run_after=None
[2024-07-18T08:32:08.520+0000] {processor.py:183} INFO - Processing /home/airflow/.local/lib/python3.12/site-packages/airflow/example_dags/example_complex.py took 0.165 seconds
[2024-07-18T08:32:38.562+0000] {processor.py:161} INFO - Started process (PID=194) to work on /home/airflow/.local/lib/python3.12/site-packages/airflow/example_dags/example_complex.py
[2024-07-18T08:32:38.563+0000] {processor.py:830} INFO - Processing file /home/airflow/.local/lib/python3.12/site-packages/airflow/example_dags/example_complex.py for tasks to queue
[2024-07-18T08:32:38.564+0000] {logging_mixin.py:188} INFO - [2024-07-18T08:32:38.564+0000] {dagbag.py:545} INFO - Filling up the DagBag from /home/airflow/.local/lib/python3.12/site-packages/airflow/example_dags/example_complex.py
[2024-07-18T08:32:38.574+0000] {processor.py:840} INFO - DAG(s) 'example_complex' retrieved from /home/airflow/.local/lib/python3.12/site-packages/airflow/example_dags/example_complex.py
[2024-07-18T08:32:38.608+0000] {logging_mixin.py:188} INFO - [2024-07-18T08:32:38.608+0000] {dag.py:3096} INFO - Sync 1 DAGs
[2024-07-18T08:32:38.620+0000] {logging_mixin.py:188} INFO - [2024-07-18T08:32:38.620+0000] {dag.py:3954} INFO - Setting next_dagrun for example_complex to None, run_after=None
[2024-07-18T08:32:38.639+0000] {processor.py:183} INFO - Processing /home/airflow/.local/lib/python3.12/site-packages/airflow/example_dags/example_complex.py took 0.082 seconds
[2024-07-18T08:33:09.106+0000] {processor.py:161} INFO - Started process (PID=254) to work on /home/airflow/.local/lib/python3.12/site-packages/airflow/example_dags/example_complex.py
[2024-07-18T08:33:09.107+0000] {processor.py:830} INFO - Processing file /home/airflow/.local/lib/python3.12/site-packages/airflow/example_dags/example_complex.py for tasks to queue
[2024-07-18T08:33:09.108+0000] {logging_mixin.py:188} INFO - [2024-07-18T08:33:09.108+0000] {dagbag.py:545} INFO - Filling up the DagBag from /home/airflow/.local/lib/python3.12/site-packages/airflow/example_dags/example_complex.py
[2024-07-18T08:33:09.118+0000] {processor.py:840} INFO - DAG(s) 'example_complex' retrieved from /home/airflow/.local/lib/python3.12/site-packages/airflow/example_dags/example_complex.py
[2024-07-18T08:33:09.154+0000] {logging_mixin.py:188} INFO - [2024-07-18T08:33:09.154+0000] {dag.py:3096} INFO - Sync 1 DAGs
[2024-07-18T08:33:09.169+0000] {logging_mixin.py:188} INFO - [2024-07-18T08:33:09.169+0000] {dag.py:3954} INFO - Setting next_dagrun for example_complex to None, run_after=None
[2024-07-18T08:33:09.190+0000] {processor.py:183} INFO - Processing /home/airflow/.local/lib/python3.12/site-packages/airflow/example_dags/example_complex.py took 0.090 seconds
[2024-07-18T08:36:21.090+0000] {processor.py:161} INFO - Started process (PID=75) to work on /home/airflow/.local/lib/python3.12/site-packages/airflow/example_dags/example_complex.py
[2024-07-18T08:36:21.093+0000] {processor.py:830} INFO - Processing file /home/airflow/.local/lib/python3.12/site-packages/airflow/example_dags/example_complex.py for tasks to queue
[2024-07-18T08:36:21.095+0000] {logging_mixin.py:188} INFO - [2024-07-18T08:36:21.094+0000] {dagbag.py:545} INFO - Filling up the DagBag from /home/airflow/.local/lib/python3.12/site-packages/airflow/example_dags/example_complex.py
[2024-07-18T08:36:21.111+0000] {processor.py:840} INFO - DAG(s) 'example_complex' retrieved from /home/airflow/.local/lib/python3.12/site-packages/airflow/example_dags/example_complex.py
[2024-07-18T08:36:21.265+0000] {logging_mixin.py:188} INFO - [2024-07-18T08:36:21.264+0000] {dag.py:3096} INFO - Sync 1 DAGs
[2024-07-18T08:36:21.281+0000] {logging_mixin.py:188} INFO - [2024-07-18T08:36:21.281+0000] {dag.py:3954} INFO - Setting next_dagrun for example_complex to None, run_after=None
[2024-07-18T08:36:21.309+0000] {processor.py:183} INFO - Processing /home/airflow/.local/lib/python3.12/site-packages/airflow/example_dags/example_complex.py took 0.224 seconds
[2024-07-18T08:36:51.536+0000] {processor.py:161} INFO - Started process (PID=135) to work on /home/airflow/.local/lib/python3.12/site-packages/airflow/example_dags/example_complex.py
[2024-07-18T08:36:51.537+0000] {processor.py:830} INFO - Processing file /home/airflow/.local/lib/python3.12/site-packages/airflow/example_dags/example_complex.py for tasks to queue
[2024-07-18T08:36:51.538+0000] {logging_mixin.py:188} INFO - [2024-07-18T08:36:51.538+0000] {dagbag.py:545} INFO - Filling up the DagBag from /home/airflow/.local/lib/python3.12/site-packages/airflow/example_dags/example_complex.py
[2024-07-18T08:36:51.547+0000] {processor.py:840} INFO - DAG(s) 'example_complex' retrieved from /home/airflow/.local/lib/python3.12/site-packages/airflow/example_dags/example_complex.py
[2024-07-18T08:36:51.577+0000] {logging_mixin.py:188} INFO - [2024-07-18T08:36:51.577+0000] {dag.py:3096} INFO - Sync 1 DAGs
[2024-07-18T08:36:51.589+0000] {logging_mixin.py:188} INFO - [2024-07-18T08:36:51.589+0000] {dag.py:3954} INFO - Setting next_dagrun for example_complex to None, run_after=None
[2024-07-18T08:36:51.611+0000] {processor.py:183} INFO - Processing /home/airflow/.local/lib/python3.12/site-packages/airflow/example_dags/example_complex.py took 0.080 seconds
[2024-07-18T08:37:22.234+0000] {processor.py:161} INFO - Started process (PID=195) to work on /home/airflow/.local/lib/python3.12/site-packages/airflow/example_dags/example_complex.py
[2024-07-18T08:37:22.235+0000] {processor.py:830} INFO - Processing file /home/airflow/.local/lib/python3.12/site-packages/airflow/example_dags/example_complex.py for tasks to queue
[2024-07-18T08:37:22.237+0000] {logging_mixin.py:188} INFO - [2024-07-18T08:37:22.237+0000] {dagbag.py:545} INFO - Filling up the DagBag from /home/airflow/.local/lib/python3.12/site-packages/airflow/example_dags/example_complex.py
[2024-07-18T08:37:22.251+0000] {processor.py:840} INFO - DAG(s) 'example_complex' retrieved from /home/airflow/.local/lib/python3.12/site-packages/airflow/example_dags/example_complex.py
[2024-07-18T08:37:22.316+0000] {logging_mixin.py:188} INFO - [2024-07-18T08:37:22.316+0000] {dag.py:3096} INFO - Sync 1 DAGs
[2024-07-18T08:37:22.341+0000] {logging_mixin.py:188} INFO - [2024-07-18T08:37:22.340+0000] {dag.py:3954} INFO - Setting next_dagrun for example_complex to None, run_after=None
[2024-07-18T08:37:22.371+0000] {processor.py:183} INFO - Processing /home/airflow/.local/lib/python3.12/site-packages/airflow/example_dags/example_complex.py took 0.143 seconds
[2024-07-18T08:37:52.776+0000] {processor.py:161} INFO - Started process (PID=261) to work on /home/airflow/.local/lib/python3.12/site-packages/airflow/example_dags/example_complex.py
[2024-07-18T08:37:52.777+0000] {processor.py:830} INFO - Processing file /home/airflow/.local/lib/python3.12/site-packages/airflow/example_dags/example_complex.py for tasks to queue
[2024-07-18T08:37:52.779+0000] {logging_mixin.py:188} INFO - [2024-07-18T08:37:52.779+0000] {dagbag.py:545} INFO - Filling up the DagBag from /home/airflow/.local/lib/python3.12/site-packages/airflow/example_dags/example_complex.py
[2024-07-18T08:37:52.789+0000] {processor.py:840} INFO - DAG(s) 'example_complex' retrieved from /home/airflow/.local/lib/python3.12/site-packages/airflow/example_dags/example_complex.py
[2024-07-18T08:37:52.818+0000] {logging_mixin.py:188} INFO - [2024-07-18T08:37:52.818+0000] {dag.py:3096} INFO - Sync 1 DAGs
[2024-07-18T08:37:52.830+0000] {logging_mixin.py:188} INFO - [2024-07-18T08:37:52.830+0000] {dag.py:3954} INFO - Setting next_dagrun for example_complex to None, run_after=None
[2024-07-18T08:37:52.850+0000] {processor.py:183} INFO - Processing /home/airflow/.local/lib/python3.12/site-packages/airflow/example_dags/example_complex.py took 0.079 seconds
[2024-07-18T08:38:23.273+0000] {processor.py:161} INFO - Started process (PID=321) to work on /home/airflow/.local/lib/python3.12/site-packages/airflow/example_dags/example_complex.py
[2024-07-18T08:38:23.275+0000] {processor.py:830} INFO - Processing file /home/airflow/.local/lib/python3.12/site-packages/airflow/example_dags/example_complex.py for tasks to queue
[2024-07-18T08:38:23.277+0000] {logging_mixin.py:188} INFO - [2024-07-18T08:38:23.277+0000] {dagbag.py:545} INFO - Filling up the DagBag from /home/airflow/.local/lib/python3.12/site-packages/airflow/example_dags/example_complex.py
[2024-07-18T08:38:23.294+0000] {processor.py:840} INFO - DAG(s) 'example_complex' retrieved from /home/airflow/.local/lib/python3.12/site-packages/airflow/example_dags/example_complex.py
[2024-07-18T08:38:23.342+0000] {logging_mixin.py:188} INFO - [2024-07-18T08:38:23.342+0000] {dag.py:3096} INFO - Sync 1 DAGs
[2024-07-18T08:38:23.362+0000] {logging_mixin.py:188} INFO - [2024-07-18T08:38:23.362+0000] {dag.py:3954} INFO - Setting next_dagrun for example_complex to None, run_after=None
[2024-07-18T08:38:23.385+0000] {processor.py:183} INFO - Processing /home/airflow/.local/lib/python3.12/site-packages/airflow/example_dags/example_complex.py took 0.121 seconds
[2024-07-18T08:38:53.895+0000] {processor.py:161} INFO - Started process (PID=381) to work on /home/airflow/.local/lib/python3.12/site-packages/airflow/example_dags/example_complex.py
[2024-07-18T08:38:53.897+0000] {processor.py:830} INFO - Processing file /home/airflow/.local/lib/python3.12/site-packages/airflow/example_dags/example_complex.py for tasks to queue
[2024-07-18T08:38:53.902+0000] {logging_mixin.py:188} INFO - [2024-07-18T08:38:53.901+0000] {dagbag.py:545} INFO - Filling up the DagBag from /home/airflow/.local/lib/python3.12/site-packages/airflow/example_dags/example_complex.py
[2024-07-18T08:38:53.923+0000] {processor.py:840} INFO - DAG(s) 'example_complex' retrieved from /home/airflow/.local/lib/python3.12/site-packages/airflow/example_dags/example_complex.py
[2024-07-18T08:38:53.969+0000] {logging_mixin.py:188} INFO - [2024-07-18T08:38:53.969+0000] {dag.py:3096} INFO - Sync 1 DAGs
[2024-07-18T08:38:53.991+0000] {logging_mixin.py:188} INFO - [2024-07-18T08:38:53.991+0000] {dag.py:3954} INFO - Setting next_dagrun for example_complex to None, run_after=None
[2024-07-18T08:38:54.019+0000] {processor.py:183} INFO - Processing /home/airflow/.local/lib/python3.12/site-packages/airflow/example_dags/example_complex.py took 0.132 seconds
[2024-07-18T08:39:24.799+0000] {processor.py:161} INFO - Started process (PID=441) to work on /home/airflow/.local/lib/python3.12/site-packages/airflow/example_dags/example_complex.py
[2024-07-18T08:39:24.800+0000] {processor.py:830} INFO - Processing file /home/airflow/.local/lib/python3.12/site-packages/airflow/example_dags/example_complex.py for tasks to queue
[2024-07-18T08:39:24.802+0000] {logging_mixin.py:188} INFO - [2024-07-18T08:39:24.802+0000] {dagbag.py:545} INFO - Filling up the DagBag from /home/airflow/.local/lib/python3.12/site-packages/airflow/example_dags/example_complex.py
[2024-07-18T08:39:24.812+0000] {processor.py:840} INFO - DAG(s) 'example_complex' retrieved from /home/airflow/.local/lib/python3.12/site-packages/airflow/example_dags/example_complex.py
[2024-07-18T08:39:24.855+0000] {logging_mixin.py:188} INFO - [2024-07-18T08:39:24.854+0000] {dag.py:3096} INFO - Sync 1 DAGs
[2024-07-18T08:39:24.872+0000] {logging_mixin.py:188} INFO - [2024-07-18T08:39:24.871+0000] {dag.py:3954} INFO - Setting next_dagrun for example_complex to None, run_after=None
[2024-07-18T08:39:24.894+0000] {processor.py:183} INFO - Processing /home/airflow/.local/lib/python3.12/site-packages/airflow/example_dags/example_complex.py took 0.100 seconds
