[2024-07-18T08:31:30.752+0000] {processor.py:161} INFO - Started process (PID=46) to work on /home/airflow/.local/lib/python3.12/site-packages/airflow/example_dags/example_external_task_marker_dag.py
[2024-07-18T08:31:30.754+0000] {processor.py:830} INFO - Processing file /home/airflow/.local/lib/python3.12/site-packages/airflow/example_dags/example_external_task_marker_dag.py for tasks to queue
[2024-07-18T08:31:30.756+0000] {logging_mixin.py:188} INFO - [2024-07-18T08:31:30.756+0000] {dagbag.py:545} INFO - Filling up the DagBag from /home/airflow/.local/lib/python3.12/site-packages/airflow/example_dags/example_external_task_marker_dag.py
[2024-07-18T08:31:30.771+0000] {processor.py:840} INFO - DAG(s) 'example_external_task_marker_parent', 'example_external_task_marker_child' retrieved from /home/airflow/.local/lib/python3.12/site-packages/airflow/example_dags/example_external_task_marker_dag.py
[2024-07-18T08:31:31.668+0000] {logging_mixin.py:188} INFO - [2024-07-18T08:31:31.668+0000] {dag.py:3096} INFO - Sync 2 DAGs
[2024-07-18T08:31:31.694+0000] {logging_mixin.py:188} INFO - [2024-07-18T08:31:31.694+0000] {dag.py:3954} INFO - Setting next_dagrun for example_external_task_marker_child to None, run_after=None
[2024-07-18T08:31:31.700+0000] {logging_mixin.py:188} INFO - [2024-07-18T08:31:31.700+0000] {dag.py:3954} INFO - Setting next_dagrun for example_external_task_marker_parent to None, run_after=None
[2024-07-18T08:31:31.730+0000] {processor.py:183} INFO - Processing /home/airflow/.local/lib/python3.12/site-packages/airflow/example_dags/example_external_task_marker_dag.py took 0.985 seconds
[2024-07-18T08:32:02.443+0000] {processor.py:161} INFO - Started process (PID=106) to work on /home/airflow/.local/lib/python3.12/site-packages/airflow/example_dags/example_external_task_marker_dag.py
[2024-07-18T08:32:02.444+0000] {processor.py:830} INFO - Processing file /home/airflow/.local/lib/python3.12/site-packages/airflow/example_dags/example_external_task_marker_dag.py for tasks to queue
[2024-07-18T08:32:02.447+0000] {logging_mixin.py:188} INFO - [2024-07-18T08:32:02.447+0000] {dagbag.py:545} INFO - Filling up the DagBag from /home/airflow/.local/lib/python3.12/site-packages/airflow/example_dags/example_external_task_marker_dag.py
[2024-07-18T08:32:02.455+0000] {processor.py:840} INFO - DAG(s) 'example_external_task_marker_parent', 'example_external_task_marker_child' retrieved from /home/airflow/.local/lib/python3.12/site-packages/airflow/example_dags/example_external_task_marker_dag.py
[2024-07-18T08:32:02.494+0000] {logging_mixin.py:188} INFO - [2024-07-18T08:32:02.494+0000] {dag.py:3096} INFO - Sync 2 DAGs
[2024-07-18T08:32:02.516+0000] {logging_mixin.py:188} INFO - [2024-07-18T08:32:02.516+0000] {dag.py:3954} INFO - Setting next_dagrun for example_external_task_marker_child to None, run_after=None
[2024-07-18T08:32:02.523+0000] {logging_mixin.py:188} INFO - [2024-07-18T08:32:02.523+0000] {dag.py:3954} INFO - Setting next_dagrun for example_external_task_marker_parent to None, run_after=None
[2024-07-18T08:32:02.547+0000] {processor.py:183} INFO - Processing /home/airflow/.local/lib/python3.12/site-packages/airflow/example_dags/example_external_task_marker_dag.py took 0.113 seconds
[2024-07-18T08:32:32.728+0000] {processor.py:161} INFO - Started process (PID=166) to work on /home/airflow/.local/lib/python3.12/site-packages/airflow/example_dags/example_external_task_marker_dag.py
[2024-07-18T08:32:32.730+0000] {processor.py:830} INFO - Processing file /home/airflow/.local/lib/python3.12/site-packages/airflow/example_dags/example_external_task_marker_dag.py for tasks to queue
[2024-07-18T08:32:32.731+0000] {logging_mixin.py:188} INFO - [2024-07-18T08:32:32.730+0000] {dagbag.py:545} INFO - Filling up the DagBag from /home/airflow/.local/lib/python3.12/site-packages/airflow/example_dags/example_external_task_marker_dag.py
[2024-07-18T08:32:32.738+0000] {processor.py:840} INFO - DAG(s) 'example_external_task_marker_parent', 'example_external_task_marker_child' retrieved from /home/airflow/.local/lib/python3.12/site-packages/airflow/example_dags/example_external_task_marker_dag.py
[2024-07-18T08:32:32.767+0000] {logging_mixin.py:188} INFO - [2024-07-18T08:32:32.767+0000] {dag.py:3096} INFO - Sync 2 DAGs
[2024-07-18T08:32:32.783+0000] {logging_mixin.py:188} INFO - [2024-07-18T08:32:32.783+0000] {dag.py:3954} INFO - Setting next_dagrun for example_external_task_marker_child to None, run_after=None
[2024-07-18T08:32:32.788+0000] {logging_mixin.py:188} INFO - [2024-07-18T08:32:32.788+0000] {dag.py:3954} INFO - Setting next_dagrun for example_external_task_marker_parent to None, run_after=None
[2024-07-18T08:32:32.809+0000] {processor.py:183} INFO - Processing /home/airflow/.local/lib/python3.12/site-packages/airflow/example_dags/example_external_task_marker_dag.py took 0.088 seconds
[2024-07-18T08:33:03.649+0000] {processor.py:161} INFO - Started process (PID=226) to work on /home/airflow/.local/lib/python3.12/site-packages/airflow/example_dags/example_external_task_marker_dag.py
[2024-07-18T08:33:03.650+0000] {processor.py:830} INFO - Processing file /home/airflow/.local/lib/python3.12/site-packages/airflow/example_dags/example_external_task_marker_dag.py for tasks to queue
[2024-07-18T08:33:03.651+0000] {logging_mixin.py:188} INFO - [2024-07-18T08:33:03.651+0000] {dagbag.py:545} INFO - Filling up the DagBag from /home/airflow/.local/lib/python3.12/site-packages/airflow/example_dags/example_external_task_marker_dag.py
[2024-07-18T08:33:03.657+0000] {processor.py:840} INFO - DAG(s) 'example_external_task_marker_parent', 'example_external_task_marker_child' retrieved from /home/airflow/.local/lib/python3.12/site-packages/airflow/example_dags/example_external_task_marker_dag.py
[2024-07-18T08:33:03.684+0000] {logging_mixin.py:188} INFO - [2024-07-18T08:33:03.684+0000] {dag.py:3096} INFO - Sync 2 DAGs
[2024-07-18T08:33:03.700+0000] {logging_mixin.py:188} INFO - [2024-07-18T08:33:03.700+0000] {dag.py:3954} INFO - Setting next_dagrun for example_external_task_marker_child to None, run_after=None
[2024-07-18T08:33:03.706+0000] {logging_mixin.py:188} INFO - [2024-07-18T08:33:03.705+0000] {dag.py:3954} INFO - Setting next_dagrun for example_external_task_marker_parent to None, run_after=None
[2024-07-18T08:33:03.729+0000] {processor.py:183} INFO - Processing /home/airflow/.local/lib/python3.12/site-packages/airflow/example_dags/example_external_task_marker_dag.py took 0.087 seconds
[2024-07-18T08:36:15.024+0000] {processor.py:161} INFO - Started process (PID=47) to work on /home/airflow/.local/lib/python3.12/site-packages/airflow/example_dags/example_external_task_marker_dag.py
[2024-07-18T08:36:15.037+0000] {processor.py:830} INFO - Processing file /home/airflow/.local/lib/python3.12/site-packages/airflow/example_dags/example_external_task_marker_dag.py for tasks to queue
[2024-07-18T08:36:15.059+0000] {logging_mixin.py:188} INFO - [2024-07-18T08:36:15.057+0000] {dagbag.py:545} INFO - Filling up the DagBag from /home/airflow/.local/lib/python3.12/site-packages/airflow/example_dags/example_external_task_marker_dag.py
[2024-07-18T08:36:15.166+0000] {processor.py:840} INFO - DAG(s) 'example_external_task_marker_parent', 'example_external_task_marker_child' retrieved from /home/airflow/.local/lib/python3.12/site-packages/airflow/example_dags/example_external_task_marker_dag.py
[2024-07-18T08:36:15.945+0000] {logging_mixin.py:188} INFO - [2024-07-18T08:36:15.945+0000] {dag.py:3096} INFO - Sync 2 DAGs
[2024-07-18T08:36:15.978+0000] {logging_mixin.py:188} INFO - [2024-07-18T08:36:15.977+0000] {dag.py:3954} INFO - Setting next_dagrun for example_external_task_marker_child to None, run_after=None
[2024-07-18T08:36:15.982+0000] {logging_mixin.py:188} INFO - [2024-07-18T08:36:15.982+0000] {dag.py:3954} INFO - Setting next_dagrun for example_external_task_marker_parent to None, run_after=None
[2024-07-18T08:36:16.018+0000] {processor.py:183} INFO - Processing /home/airflow/.local/lib/python3.12/site-packages/airflow/example_dags/example_external_task_marker_dag.py took 1.067 seconds
[2024-07-18T08:36:46.784+0000] {processor.py:161} INFO - Started process (PID=107) to work on /home/airflow/.local/lib/python3.12/site-packages/airflow/example_dags/example_external_task_marker_dag.py
[2024-07-18T08:36:46.785+0000] {processor.py:830} INFO - Processing file /home/airflow/.local/lib/python3.12/site-packages/airflow/example_dags/example_external_task_marker_dag.py for tasks to queue
[2024-07-18T08:36:46.787+0000] {logging_mixin.py:188} INFO - [2024-07-18T08:36:46.787+0000] {dagbag.py:545} INFO - Filling up the DagBag from /home/airflow/.local/lib/python3.12/site-packages/airflow/example_dags/example_external_task_marker_dag.py
[2024-07-18T08:36:46.793+0000] {processor.py:840} INFO - DAG(s) 'example_external_task_marker_parent', 'example_external_task_marker_child' retrieved from /home/airflow/.local/lib/python3.12/site-packages/airflow/example_dags/example_external_task_marker_dag.py
[2024-07-18T08:36:46.817+0000] {logging_mixin.py:188} INFO - [2024-07-18T08:36:46.817+0000] {dag.py:3096} INFO - Sync 2 DAGs
[2024-07-18T08:36:46.832+0000] {logging_mixin.py:188} INFO - [2024-07-18T08:36:46.832+0000] {dag.py:3954} INFO - Setting next_dagrun for example_external_task_marker_child to None, run_after=None
[2024-07-18T08:36:46.836+0000] {logging_mixin.py:188} INFO - [2024-07-18T08:36:46.836+0000] {dag.py:3954} INFO - Setting next_dagrun for example_external_task_marker_parent to None, run_after=None
[2024-07-18T08:36:46.854+0000] {processor.py:183} INFO - Processing /home/airflow/.local/lib/python3.12/site-packages/airflow/example_dags/example_external_task_marker_dag.py took 0.075 seconds
[2024-07-18T08:37:17.323+0000] {processor.py:161} INFO - Started process (PID=167) to work on /home/airflow/.local/lib/python3.12/site-packages/airflow/example_dags/example_external_task_marker_dag.py
[2024-07-18T08:37:17.324+0000] {processor.py:830} INFO - Processing file /home/airflow/.local/lib/python3.12/site-packages/airflow/example_dags/example_external_task_marker_dag.py for tasks to queue
[2024-07-18T08:37:17.326+0000] {logging_mixin.py:188} INFO - [2024-07-18T08:37:17.326+0000] {dagbag.py:545} INFO - Filling up the DagBag from /home/airflow/.local/lib/python3.12/site-packages/airflow/example_dags/example_external_task_marker_dag.py
[2024-07-18T08:37:17.332+0000] {processor.py:840} INFO - DAG(s) 'example_external_task_marker_parent', 'example_external_task_marker_child' retrieved from /home/airflow/.local/lib/python3.12/site-packages/airflow/example_dags/example_external_task_marker_dag.py
[2024-07-18T08:37:17.357+0000] {logging_mixin.py:188} INFO - [2024-07-18T08:37:17.357+0000] {dag.py:3096} INFO - Sync 2 DAGs
[2024-07-18T08:37:17.373+0000] {logging_mixin.py:188} INFO - [2024-07-18T08:37:17.372+0000] {dag.py:3954} INFO - Setting next_dagrun for example_external_task_marker_child to None, run_after=None
[2024-07-18T08:37:17.376+0000] {logging_mixin.py:188} INFO - [2024-07-18T08:37:17.376+0000] {dag.py:3954} INFO - Setting next_dagrun for example_external_task_marker_parent to None, run_after=None
[2024-07-18T08:37:17.401+0000] {processor.py:183} INFO - Processing /home/airflow/.local/lib/python3.12/site-packages/airflow/example_dags/example_external_task_marker_dag.py took 0.086 seconds
[2024-07-18T08:37:47.908+0000] {processor.py:161} INFO - Started process (PID=227) to work on /home/airflow/.local/lib/python3.12/site-packages/airflow/example_dags/example_external_task_marker_dag.py
[2024-07-18T08:37:47.910+0000] {processor.py:830} INFO - Processing file /home/airflow/.local/lib/python3.12/site-packages/airflow/example_dags/example_external_task_marker_dag.py for tasks to queue
[2024-07-18T08:37:47.911+0000] {logging_mixin.py:188} INFO - [2024-07-18T08:37:47.911+0000] {dagbag.py:545} INFO - Filling up the DagBag from /home/airflow/.local/lib/python3.12/site-packages/airflow/example_dags/example_external_task_marker_dag.py
[2024-07-18T08:37:47.918+0000] {processor.py:840} INFO - DAG(s) 'example_external_task_marker_child', 'example_external_task_marker_parent' retrieved from /home/airflow/.local/lib/python3.12/site-packages/airflow/example_dags/example_external_task_marker_dag.py
[2024-07-18T08:37:47.944+0000] {logging_mixin.py:188} INFO - [2024-07-18T08:37:47.944+0000] {dag.py:3096} INFO - Sync 2 DAGs
[2024-07-18T08:37:47.962+0000] {logging_mixin.py:188} INFO - [2024-07-18T08:37:47.961+0000] {dag.py:3954} INFO - Setting next_dagrun for example_external_task_marker_child to None, run_after=None
[2024-07-18T08:37:47.967+0000] {logging_mixin.py:188} INFO - [2024-07-18T08:37:47.967+0000] {dag.py:3954} INFO - Setting next_dagrun for example_external_task_marker_parent to None, run_after=None
[2024-07-18T08:37:47.990+0000] {processor.py:183} INFO - Processing /home/airflow/.local/lib/python3.12/site-packages/airflow/example_dags/example_external_task_marker_dag.py took 0.087 seconds
[2024-07-18T08:38:18.180+0000] {processor.py:161} INFO - Started process (PID=287) to work on /home/airflow/.local/lib/python3.12/site-packages/airflow/example_dags/example_external_task_marker_dag.py
[2024-07-18T08:38:18.181+0000] {processor.py:830} INFO - Processing file /home/airflow/.local/lib/python3.12/site-packages/airflow/example_dags/example_external_task_marker_dag.py for tasks to queue
[2024-07-18T08:38:18.183+0000] {logging_mixin.py:188} INFO - [2024-07-18T08:38:18.182+0000] {dagbag.py:545} INFO - Filling up the DagBag from /home/airflow/.local/lib/python3.12/site-packages/airflow/example_dags/example_external_task_marker_dag.py
[2024-07-18T08:38:18.190+0000] {processor.py:840} INFO - DAG(s) 'example_external_task_marker_parent', 'example_external_task_marker_child' retrieved from /home/airflow/.local/lib/python3.12/site-packages/airflow/example_dags/example_external_task_marker_dag.py
[2024-07-18T08:38:18.215+0000] {logging_mixin.py:188} INFO - [2024-07-18T08:38:18.214+0000] {dag.py:3096} INFO - Sync 2 DAGs
[2024-07-18T08:38:18.227+0000] {logging_mixin.py:188} INFO - [2024-07-18T08:38:18.227+0000] {dag.py:3954} INFO - Setting next_dagrun for example_external_task_marker_child to None, run_after=None
[2024-07-18T08:38:18.231+0000] {logging_mixin.py:188} INFO - [2024-07-18T08:38:18.230+0000] {dag.py:3954} INFO - Setting next_dagrun for example_external_task_marker_parent to None, run_after=None
[2024-07-18T08:38:18.251+0000] {processor.py:183} INFO - Processing /home/airflow/.local/lib/python3.12/site-packages/airflow/example_dags/example_external_task_marker_dag.py took 0.077 seconds
[2024-07-18T08:38:48.448+0000] {processor.py:161} INFO - Started process (PID=347) to work on /home/airflow/.local/lib/python3.12/site-packages/airflow/example_dags/example_external_task_marker_dag.py
[2024-07-18T08:38:48.448+0000] {processor.py:830} INFO - Processing file /home/airflow/.local/lib/python3.12/site-packages/airflow/example_dags/example_external_task_marker_dag.py for tasks to queue
[2024-07-18T08:38:48.450+0000] {logging_mixin.py:188} INFO - [2024-07-18T08:38:48.450+0000] {dagbag.py:545} INFO - Filling up the DagBag from /home/airflow/.local/lib/python3.12/site-packages/airflow/example_dags/example_external_task_marker_dag.py
[2024-07-18T08:38:48.457+0000] {processor.py:840} INFO - DAG(s) 'example_external_task_marker_parent', 'example_external_task_marker_child' retrieved from /home/airflow/.local/lib/python3.12/site-packages/airflow/example_dags/example_external_task_marker_dag.py
[2024-07-18T08:38:48.483+0000] {logging_mixin.py:188} INFO - [2024-07-18T08:38:48.483+0000] {dag.py:3096} INFO - Sync 2 DAGs
[2024-07-18T08:38:48.500+0000] {logging_mixin.py:188} INFO - [2024-07-18T08:38:48.500+0000] {dag.py:3954} INFO - Setting next_dagrun for example_external_task_marker_child to None, run_after=None
[2024-07-18T08:38:48.505+0000] {logging_mixin.py:188} INFO - [2024-07-18T08:38:48.505+0000] {dag.py:3954} INFO - Setting next_dagrun for example_external_task_marker_parent to None, run_after=None
[2024-07-18T08:38:48.529+0000] {processor.py:183} INFO - Processing /home/airflow/.local/lib/python3.12/site-packages/airflow/example_dags/example_external_task_marker_dag.py took 0.086 seconds
[2024-07-18T08:39:18.589+0000] {processor.py:161} INFO - Started process (PID=405) to work on /home/airflow/.local/lib/python3.12/site-packages/airflow/example_dags/example_external_task_marker_dag.py
[2024-07-18T08:39:18.592+0000] {processor.py:830} INFO - Processing file /home/airflow/.local/lib/python3.12/site-packages/airflow/example_dags/example_external_task_marker_dag.py for tasks to queue
[2024-07-18T08:39:18.599+0000] {logging_mixin.py:188} INFO - [2024-07-18T08:39:18.595+0000] {dagbag.py:545} INFO - Filling up the DagBag from /home/airflow/.local/lib/python3.12/site-packages/airflow/example_dags/example_external_task_marker_dag.py
[2024-07-18T08:39:18.608+0000] {processor.py:840} INFO - DAG(s) 'example_external_task_marker_child', 'example_external_task_marker_parent' retrieved from /home/airflow/.local/lib/python3.12/site-packages/airflow/example_dags/example_external_task_marker_dag.py
[2024-07-18T08:39:18.639+0000] {logging_mixin.py:188} INFO - [2024-07-18T08:39:18.638+0000] {dag.py:3096} INFO - Sync 2 DAGs
[2024-07-18T08:39:18.658+0000] {logging_mixin.py:188} INFO - [2024-07-18T08:39:18.658+0000] {dag.py:3954} INFO - Setting next_dagrun for example_external_task_marker_child to None, run_after=None
[2024-07-18T08:39:18.664+0000] {logging_mixin.py:188} INFO - [2024-07-18T08:39:18.664+0000] {dag.py:3954} INFO - Setting next_dagrun for example_external_task_marker_parent to None, run_after=None
[2024-07-18T08:39:18.694+0000] {processor.py:183} INFO - Processing /home/airflow/.local/lib/python3.12/site-packages/airflow/example_dags/example_external_task_marker_dag.py took 0.112 seconds
