[2024-07-18T08:31:33.350+0000] {processor.py:161} INFO - Started process (PID=52) to work on /home/airflow/.local/lib/python3.12/site-packages/airflow/example_dags/example_params_trigger_ui.py
[2024-07-18T08:31:33.361+0000] {processor.py:830} INFO - Processing file /home/airflow/.local/lib/python3.12/site-packages/airflow/example_dags/example_params_trigger_ui.py for tasks to queue
[2024-07-18T08:31:33.386+0000] {logging_mixin.py:188} INFO - [2024-07-18T08:31:33.384+0000] {dagbag.py:545} INFO - Filling up the DagBag from /home/airflow/.local/lib/python3.12/site-packages/airflow/example_dags/example_params_trigger_ui.py
[2024-07-18T08:31:33.530+0000] {processor.py:840} INFO - DAG(s) 'example_params_trigger_ui' retrieved from /home/airflow/.local/lib/python3.12/site-packages/airflow/example_dags/example_params_trigger_ui.py
[2024-07-18T08:31:33.956+0000] {logging_mixin.py:188} INFO - [2024-07-18T08:31:33.955+0000] {dag.py:3096} INFO - Sync 1 DAGs
[2024-07-18T08:31:34.021+0000] {logging_mixin.py:188} INFO - [2024-07-18T08:31:34.021+0000] {dag.py:3954} INFO - Setting next_dagrun for example_params_trigger_ui to None, run_after=None
[2024-07-18T08:31:34.087+0000] {processor.py:183} INFO - Processing /home/airflow/.local/lib/python3.12/site-packages/airflow/example_dags/example_params_trigger_ui.py took 0.754 seconds
[2024-07-18T08:32:04.946+0000] {processor.py:161} INFO - Started process (PID=112) to work on /home/airflow/.local/lib/python3.12/site-packages/airflow/example_dags/example_params_trigger_ui.py
[2024-07-18T08:32:04.948+0000] {processor.py:830} INFO - Processing file /home/airflow/.local/lib/python3.12/site-packages/airflow/example_dags/example_params_trigger_ui.py for tasks to queue
[2024-07-18T08:32:04.950+0000] {logging_mixin.py:188} INFO - [2024-07-18T08:32:04.949+0000] {dagbag.py:545} INFO - Filling up the DagBag from /home/airflow/.local/lib/python3.12/site-packages/airflow/example_dags/example_params_trigger_ui.py
[2024-07-18T08:32:04.966+0000] {processor.py:840} INFO - DAG(s) 'example_params_trigger_ui' retrieved from /home/airflow/.local/lib/python3.12/site-packages/airflow/example_dags/example_params_trigger_ui.py
[2024-07-18T08:32:05.028+0000] {logging_mixin.py:188} INFO - [2024-07-18T08:32:05.027+0000] {dag.py:3096} INFO - Sync 1 DAGs
[2024-07-18T08:32:05.047+0000] {logging_mixin.py:188} INFO - [2024-07-18T08:32:05.047+0000] {dag.py:3954} INFO - Setting next_dagrun for example_params_trigger_ui to None, run_after=None
[2024-07-18T08:32:05.076+0000] {processor.py:183} INFO - Processing /home/airflow/.local/lib/python3.12/site-packages/airflow/example_dags/example_params_trigger_ui.py took 0.135 seconds
[2024-07-18T08:32:35.234+0000] {processor.py:161} INFO - Started process (PID=172) to work on /home/airflow/.local/lib/python3.12/site-packages/airflow/example_dags/example_params_trigger_ui.py
[2024-07-18T08:32:35.236+0000] {processor.py:830} INFO - Processing file /home/airflow/.local/lib/python3.12/site-packages/airflow/example_dags/example_params_trigger_ui.py for tasks to queue
[2024-07-18T08:32:35.237+0000] {logging_mixin.py:188} INFO - [2024-07-18T08:32:35.237+0000] {dagbag.py:545} INFO - Filling up the DagBag from /home/airflow/.local/lib/python3.12/site-packages/airflow/example_dags/example_params_trigger_ui.py
[2024-07-18T08:32:35.252+0000] {processor.py:840} INFO - DAG(s) 'example_params_trigger_ui' retrieved from /home/airflow/.local/lib/python3.12/site-packages/airflow/example_dags/example_params_trigger_ui.py
[2024-07-18T08:32:35.322+0000] {logging_mixin.py:188} INFO - [2024-07-18T08:32:35.321+0000] {dag.py:3096} INFO - Sync 1 DAGs
[2024-07-18T08:32:35.339+0000] {logging_mixin.py:188} INFO - [2024-07-18T08:32:35.339+0000] {dag.py:3954} INFO - Setting next_dagrun for example_params_trigger_ui to None, run_after=None
[2024-07-18T08:32:35.376+0000] {processor.py:183} INFO - Processing /home/airflow/.local/lib/python3.12/site-packages/airflow/example_dags/example_params_trigger_ui.py took 0.151 seconds
[2024-07-18T08:33:05.486+0000] {processor.py:161} INFO - Started process (PID=233) to work on /home/airflow/.local/lib/python3.12/site-packages/airflow/example_dags/example_params_trigger_ui.py
[2024-07-18T08:33:05.487+0000] {processor.py:830} INFO - Processing file /home/airflow/.local/lib/python3.12/site-packages/airflow/example_dags/example_params_trigger_ui.py for tasks to queue
[2024-07-18T08:33:05.488+0000] {logging_mixin.py:188} INFO - [2024-07-18T08:33:05.488+0000] {dagbag.py:545} INFO - Filling up the DagBag from /home/airflow/.local/lib/python3.12/site-packages/airflow/example_dags/example_params_trigger_ui.py
[2024-07-18T08:33:05.502+0000] {processor.py:840} INFO - DAG(s) 'example_params_trigger_ui' retrieved from /home/airflow/.local/lib/python3.12/site-packages/airflow/example_dags/example_params_trigger_ui.py
[2024-07-18T08:33:05.558+0000] {logging_mixin.py:188} INFO - [2024-07-18T08:33:05.557+0000] {dag.py:3096} INFO - Sync 1 DAGs
[2024-07-18T08:33:05.577+0000] {logging_mixin.py:188} INFO - [2024-07-18T08:33:05.576+0000] {dag.py:3954} INFO - Setting next_dagrun for example_params_trigger_ui to None, run_after=None
[2024-07-18T08:33:05.597+0000] {processor.py:183} INFO - Processing /home/airflow/.local/lib/python3.12/site-packages/airflow/example_dags/example_params_trigger_ui.py took 0.116 seconds
[2024-07-18T08:36:17.354+0000] {processor.py:161} INFO - Started process (PID=53) to work on /home/airflow/.local/lib/python3.12/site-packages/airflow/example_dags/example_params_trigger_ui.py
[2024-07-18T08:36:17.397+0000] {processor.py:830} INFO - Processing file /home/airflow/.local/lib/python3.12/site-packages/airflow/example_dags/example_params_trigger_ui.py for tasks to queue
[2024-07-18T08:36:17.444+0000] {logging_mixin.py:188} INFO - [2024-07-18T08:36:17.438+0000] {dagbag.py:545} INFO - Filling up the DagBag from /home/airflow/.local/lib/python3.12/site-packages/airflow/example_dags/example_params_trigger_ui.py
[2024-07-18T08:36:17.664+0000] {processor.py:840} INFO - DAG(s) 'example_params_trigger_ui' retrieved from /home/airflow/.local/lib/python3.12/site-packages/airflow/example_dags/example_params_trigger_ui.py
[2024-07-18T08:36:18.033+0000] {logging_mixin.py:188} INFO - [2024-07-18T08:36:18.033+0000] {dag.py:3096} INFO - Sync 1 DAGs
[2024-07-18T08:36:18.059+0000] {logging_mixin.py:188} INFO - [2024-07-18T08:36:18.059+0000] {dag.py:3954} INFO - Setting next_dagrun for example_params_trigger_ui to None, run_after=None
[2024-07-18T08:36:18.114+0000] {processor.py:183} INFO - Processing /home/airflow/.local/lib/python3.12/site-packages/airflow/example_dags/example_params_trigger_ui.py took 0.842 seconds
[2024-07-18T08:36:48.191+0000] {processor.py:161} INFO - Started process (PID=113) to work on /home/airflow/.local/lib/python3.12/site-packages/airflow/example_dags/example_params_trigger_ui.py
[2024-07-18T08:36:48.192+0000] {processor.py:830} INFO - Processing file /home/airflow/.local/lib/python3.12/site-packages/airflow/example_dags/example_params_trigger_ui.py for tasks to queue
[2024-07-18T08:36:48.194+0000] {logging_mixin.py:188} INFO - [2024-07-18T08:36:48.194+0000] {dagbag.py:545} INFO - Filling up the DagBag from /home/airflow/.local/lib/python3.12/site-packages/airflow/example_dags/example_params_trigger_ui.py
[2024-07-18T08:36:48.213+0000] {processor.py:840} INFO - DAG(s) 'example_params_trigger_ui' retrieved from /home/airflow/.local/lib/python3.12/site-packages/airflow/example_dags/example_params_trigger_ui.py
[2024-07-18T08:36:48.286+0000] {logging_mixin.py:188} INFO - [2024-07-18T08:36:48.286+0000] {dag.py:3096} INFO - Sync 1 DAGs
[2024-07-18T08:36:48.305+0000] {logging_mixin.py:188} INFO - [2024-07-18T08:36:48.304+0000] {dag.py:3954} INFO - Setting next_dagrun for example_params_trigger_ui to None, run_after=None
[2024-07-18T08:36:48.329+0000] {processor.py:183} INFO - Processing /home/airflow/.local/lib/python3.12/site-packages/airflow/example_dags/example_params_trigger_ui.py took 0.145 seconds
[2024-07-18T08:37:18.688+0000] {processor.py:161} INFO - Started process (PID=173) to work on /home/airflow/.local/lib/python3.12/site-packages/airflow/example_dags/example_params_trigger_ui.py
[2024-07-18T08:37:18.689+0000] {processor.py:830} INFO - Processing file /home/airflow/.local/lib/python3.12/site-packages/airflow/example_dags/example_params_trigger_ui.py for tasks to queue
[2024-07-18T08:37:18.692+0000] {logging_mixin.py:188} INFO - [2024-07-18T08:37:18.691+0000] {dagbag.py:545} INFO - Filling up the DagBag from /home/airflow/.local/lib/python3.12/site-packages/airflow/example_dags/example_params_trigger_ui.py
[2024-07-18T08:37:18.709+0000] {processor.py:840} INFO - DAG(s) 'example_params_trigger_ui' retrieved from /home/airflow/.local/lib/python3.12/site-packages/airflow/example_dags/example_params_trigger_ui.py
[2024-07-18T08:37:18.759+0000] {logging_mixin.py:188} INFO - [2024-07-18T08:37:18.759+0000] {dag.py:3096} INFO - Sync 1 DAGs
[2024-07-18T08:37:18.799+0000] {logging_mixin.py:188} INFO - [2024-07-18T08:37:18.798+0000] {dag.py:3954} INFO - Setting next_dagrun for example_params_trigger_ui to None, run_after=None
[2024-07-18T08:37:18.837+0000] {processor.py:183} INFO - Processing /home/airflow/.local/lib/python3.12/site-packages/airflow/example_dags/example_params_trigger_ui.py took 0.156 seconds
[2024-07-18T08:37:49.350+0000] {processor.py:161} INFO - Started process (PID=233) to work on /home/airflow/.local/lib/python3.12/site-packages/airflow/example_dags/example_params_trigger_ui.py
[2024-07-18T08:37:49.351+0000] {processor.py:830} INFO - Processing file /home/airflow/.local/lib/python3.12/site-packages/airflow/example_dags/example_params_trigger_ui.py for tasks to queue
[2024-07-18T08:37:49.353+0000] {logging_mixin.py:188} INFO - [2024-07-18T08:37:49.352+0000] {dagbag.py:545} INFO - Filling up the DagBag from /home/airflow/.local/lib/python3.12/site-packages/airflow/example_dags/example_params_trigger_ui.py
[2024-07-18T08:37:49.370+0000] {processor.py:840} INFO - DAG(s) 'example_params_trigger_ui' retrieved from /home/airflow/.local/lib/python3.12/site-packages/airflow/example_dags/example_params_trigger_ui.py
[2024-07-18T08:37:49.443+0000] {logging_mixin.py:188} INFO - [2024-07-18T08:37:49.442+0000] {dag.py:3096} INFO - Sync 1 DAGs
[2024-07-18T08:37:49.456+0000] {logging_mixin.py:188} INFO - [2024-07-18T08:37:49.456+0000] {dag.py:3954} INFO - Setting next_dagrun for example_params_trigger_ui to None, run_after=None
[2024-07-18T08:37:49.475+0000] {processor.py:183} INFO - Processing /home/airflow/.local/lib/python3.12/site-packages/airflow/example_dags/example_params_trigger_ui.py took 0.132 seconds
[2024-07-18T08:38:19.640+0000] {processor.py:161} INFO - Started process (PID=293) to work on /home/airflow/.local/lib/python3.12/site-packages/airflow/example_dags/example_params_trigger_ui.py
[2024-07-18T08:38:19.641+0000] {processor.py:830} INFO - Processing file /home/airflow/.local/lib/python3.12/site-packages/airflow/example_dags/example_params_trigger_ui.py for tasks to queue
[2024-07-18T08:38:19.643+0000] {logging_mixin.py:188} INFO - [2024-07-18T08:38:19.643+0000] {dagbag.py:545} INFO - Filling up the DagBag from /home/airflow/.local/lib/python3.12/site-packages/airflow/example_dags/example_params_trigger_ui.py
[2024-07-18T08:38:19.659+0000] {processor.py:840} INFO - DAG(s) 'example_params_trigger_ui' retrieved from /home/airflow/.local/lib/python3.12/site-packages/airflow/example_dags/example_params_trigger_ui.py
[2024-07-18T08:38:19.715+0000] {logging_mixin.py:188} INFO - [2024-07-18T08:38:19.715+0000] {dag.py:3096} INFO - Sync 1 DAGs
[2024-07-18T08:38:19.728+0000] {logging_mixin.py:188} INFO - [2024-07-18T08:38:19.728+0000] {dag.py:3954} INFO - Setting next_dagrun for example_params_trigger_ui to None, run_after=None
[2024-07-18T08:38:19.751+0000] {processor.py:183} INFO - Processing /home/airflow/.local/lib/python3.12/site-packages/airflow/example_dags/example_params_trigger_ui.py took 0.117 seconds
[2024-07-18T08:38:50.043+0000] {processor.py:161} INFO - Started process (PID=353) to work on /home/airflow/.local/lib/python3.12/site-packages/airflow/example_dags/example_params_trigger_ui.py
[2024-07-18T08:38:50.045+0000] {processor.py:830} INFO - Processing file /home/airflow/.local/lib/python3.12/site-packages/airflow/example_dags/example_params_trigger_ui.py for tasks to queue
[2024-07-18T08:38:50.047+0000] {logging_mixin.py:188} INFO - [2024-07-18T08:38:50.047+0000] {dagbag.py:545} INFO - Filling up the DagBag from /home/airflow/.local/lib/python3.12/site-packages/airflow/example_dags/example_params_trigger_ui.py
[2024-07-18T08:38:50.062+0000] {processor.py:840} INFO - DAG(s) 'example_params_trigger_ui' retrieved from /home/airflow/.local/lib/python3.12/site-packages/airflow/example_dags/example_params_trigger_ui.py
[2024-07-18T08:38:50.122+0000] {logging_mixin.py:188} INFO - [2024-07-18T08:38:50.121+0000] {dag.py:3096} INFO - Sync 1 DAGs
[2024-07-18T08:38:50.144+0000] {logging_mixin.py:188} INFO - [2024-07-18T08:38:50.144+0000] {dag.py:3954} INFO - Setting next_dagrun for example_params_trigger_ui to None, run_after=None
[2024-07-18T08:38:50.168+0000] {processor.py:183} INFO - Processing /home/airflow/.local/lib/python3.12/site-packages/airflow/example_dags/example_params_trigger_ui.py took 0.132 seconds
[2024-07-18T08:39:20.262+0000] {processor.py:161} INFO - Started process (PID=413) to work on /home/airflow/.local/lib/python3.12/site-packages/airflow/example_dags/example_params_trigger_ui.py
[2024-07-18T08:39:20.262+0000] {processor.py:830} INFO - Processing file /home/airflow/.local/lib/python3.12/site-packages/airflow/example_dags/example_params_trigger_ui.py for tasks to queue
[2024-07-18T08:39:20.264+0000] {logging_mixin.py:188} INFO - [2024-07-18T08:39:20.264+0000] {dagbag.py:545} INFO - Filling up the DagBag from /home/airflow/.local/lib/python3.12/site-packages/airflow/example_dags/example_params_trigger_ui.py
[2024-07-18T08:39:20.276+0000] {processor.py:840} INFO - DAG(s) 'example_params_trigger_ui' retrieved from /home/airflow/.local/lib/python3.12/site-packages/airflow/example_dags/example_params_trigger_ui.py
[2024-07-18T08:39:20.317+0000] {logging_mixin.py:188} INFO - [2024-07-18T08:39:20.316+0000] {dag.py:3096} INFO - Sync 1 DAGs
[2024-07-18T08:39:20.328+0000] {logging_mixin.py:188} INFO - [2024-07-18T08:39:20.328+0000] {dag.py:3954} INFO - Setting next_dagrun for example_params_trigger_ui to None, run_after=None
[2024-07-18T08:39:20.344+0000] {processor.py:183} INFO - Processing /home/airflow/.local/lib/python3.12/site-packages/airflow/example_dags/example_params_trigger_ui.py took 0.087 seconds
