[2024-07-18T08:31:32.522+0000] {processor.py:161} INFO - Started process (PID=50) to work on /home/airflow/.local/lib/python3.12/site-packages/airflow/example_dags/example_latest_only.py
[2024-07-18T08:31:32.530+0000] {processor.py:830} INFO - Processing file /home/airflow/.local/lib/python3.12/site-packages/airflow/example_dags/example_latest_only.py for tasks to queue
[2024-07-18T08:31:32.550+0000] {logging_mixin.py:188} INFO - [2024-07-18T08:31:32.547+0000] {dagbag.py:545} INFO - Filling up the DagBag from /home/airflow/.local/lib/python3.12/site-packages/airflow/example_dags/example_latest_only.py
[2024-07-18T08:31:32.623+0000] {processor.py:840} INFO - DAG(s) 'latest_only' retrieved from /home/airflow/.local/lib/python3.12/site-packages/airflow/example_dags/example_latest_only.py
[2024-07-18T08:31:33.140+0000] {logging_mixin.py:188} INFO - [2024-07-18T08:31:33.139+0000] {dag.py:3096} INFO - Sync 1 DAGs
[2024-07-18T08:31:33.199+0000] {logging_mixin.py:188} INFO - [2024-07-18T08:31:33.199+0000] {dag.py:3954} INFO - Setting next_dagrun for latest_only to 2024-07-18 04:00:00+00:00, run_after=2024-07-18 08:00:00+00:00
[2024-07-18T08:31:33.262+0000] {processor.py:183} INFO - Processing /home/airflow/.local/lib/python3.12/site-packages/airflow/example_dags/example_latest_only.py took 0.786 seconds
[2024-07-18T08:32:03.794+0000] {processor.py:161} INFO - Started process (PID=110) to work on /home/airflow/.local/lib/python3.12/site-packages/airflow/example_dags/example_latest_only.py
[2024-07-18T08:32:03.796+0000] {processor.py:830} INFO - Processing file /home/airflow/.local/lib/python3.12/site-packages/airflow/example_dags/example_latest_only.py for tasks to queue
[2024-07-18T08:32:03.798+0000] {logging_mixin.py:188} INFO - [2024-07-18T08:32:03.798+0000] {dagbag.py:545} INFO - Filling up the DagBag from /home/airflow/.local/lib/python3.12/site-packages/airflow/example_dags/example_latest_only.py
[2024-07-18T08:32:03.804+0000] {processor.py:840} INFO - DAG(s) 'latest_only' retrieved from /home/airflow/.local/lib/python3.12/site-packages/airflow/example_dags/example_latest_only.py
[2024-07-18T08:32:03.825+0000] {logging_mixin.py:188} INFO - [2024-07-18T08:32:03.825+0000] {dag.py:3096} INFO - Sync 1 DAGs
[2024-07-18T08:32:03.847+0000] {logging_mixin.py:188} INFO - [2024-07-18T08:32:03.847+0000] {dag.py:3954} INFO - Setting next_dagrun for latest_only to 2024-07-18 04:00:00+00:00, run_after=2024-07-18 08:00:00+00:00
[2024-07-18T08:32:03.869+0000] {processor.py:183} INFO - Processing /home/airflow/.local/lib/python3.12/site-packages/airflow/example_dags/example_latest_only.py took 0.080 seconds
[2024-07-18T08:32:34.031+0000] {processor.py:161} INFO - Started process (PID=170) to work on /home/airflow/.local/lib/python3.12/site-packages/airflow/example_dags/example_latest_only.py
[2024-07-18T08:32:34.033+0000] {processor.py:830} INFO - Processing file /home/airflow/.local/lib/python3.12/site-packages/airflow/example_dags/example_latest_only.py for tasks to queue
[2024-07-18T08:32:34.035+0000] {logging_mixin.py:188} INFO - [2024-07-18T08:32:34.034+0000] {dagbag.py:545} INFO - Filling up the DagBag from /home/airflow/.local/lib/python3.12/site-packages/airflow/example_dags/example_latest_only.py
[2024-07-18T08:32:34.043+0000] {processor.py:840} INFO - DAG(s) 'latest_only' retrieved from /home/airflow/.local/lib/python3.12/site-packages/airflow/example_dags/example_latest_only.py
[2024-07-18T08:32:34.071+0000] {logging_mixin.py:188} INFO - [2024-07-18T08:32:34.070+0000] {dag.py:3096} INFO - Sync 1 DAGs
[2024-07-18T08:32:34.108+0000] {logging_mixin.py:188} INFO - [2024-07-18T08:32:34.108+0000] {dag.py:3954} INFO - Setting next_dagrun for latest_only to 2024-07-18 04:00:00+00:00, run_after=2024-07-18 08:00:00+00:00
[2024-07-18T08:32:34.136+0000] {processor.py:183} INFO - Processing /home/airflow/.local/lib/python3.12/site-packages/airflow/example_dags/example_latest_only.py took 0.115 seconds
[2024-07-18T08:33:04.224+0000] {processor.py:161} INFO - Started process (PID=230) to work on /home/airflow/.local/lib/python3.12/site-packages/airflow/example_dags/example_latest_only.py
[2024-07-18T08:33:04.225+0000] {processor.py:830} INFO - Processing file /home/airflow/.local/lib/python3.12/site-packages/airflow/example_dags/example_latest_only.py for tasks to queue
[2024-07-18T08:33:04.226+0000] {logging_mixin.py:188} INFO - [2024-07-18T08:33:04.226+0000] {dagbag.py:545} INFO - Filling up the DagBag from /home/airflow/.local/lib/python3.12/site-packages/airflow/example_dags/example_latest_only.py
[2024-07-18T08:33:04.232+0000] {processor.py:840} INFO - DAG(s) 'latest_only' retrieved from /home/airflow/.local/lib/python3.12/site-packages/airflow/example_dags/example_latest_only.py
[2024-07-18T08:33:04.254+0000] {logging_mixin.py:188} INFO - [2024-07-18T08:33:04.254+0000] {dag.py:3096} INFO - Sync 1 DAGs
[2024-07-18T08:33:04.280+0000] {logging_mixin.py:188} INFO - [2024-07-18T08:33:04.280+0000] {dag.py:3954} INFO - Setting next_dagrun for latest_only to 2024-07-18 04:00:00+00:00, run_after=2024-07-18 08:00:00+00:00
[2024-07-18T08:33:04.302+0000] {processor.py:183} INFO - Processing /home/airflow/.local/lib/python3.12/site-packages/airflow/example_dags/example_latest_only.py took 0.083 seconds
[2024-07-18T08:36:16.623+0000] {processor.py:161} INFO - Started process (PID=51) to work on /home/airflow/.local/lib/python3.12/site-packages/airflow/example_dags/example_latest_only.py
[2024-07-18T08:36:16.625+0000] {processor.py:830} INFO - Processing file /home/airflow/.local/lib/python3.12/site-packages/airflow/example_dags/example_latest_only.py for tasks to queue
[2024-07-18T08:36:16.628+0000] {logging_mixin.py:188} INFO - [2024-07-18T08:36:16.628+0000] {dagbag.py:545} INFO - Filling up the DagBag from /home/airflow/.local/lib/python3.12/site-packages/airflow/example_dags/example_latest_only.py
[2024-07-18T08:36:16.633+0000] {processor.py:840} INFO - DAG(s) 'latest_only' retrieved from /home/airflow/.local/lib/python3.12/site-packages/airflow/example_dags/example_latest_only.py
[2024-07-18T08:36:17.055+0000] {logging_mixin.py:188} INFO - [2024-07-18T08:36:17.055+0000] {dag.py:3096} INFO - Sync 1 DAGs
[2024-07-18T08:36:17.145+0000] {logging_mixin.py:188} INFO - [2024-07-18T08:36:17.145+0000] {dag.py:3954} INFO - Setting next_dagrun for latest_only to 2024-07-18 04:00:00+00:00, run_after=2024-07-18 08:00:00+00:00
[2024-07-18T08:36:17.181+0000] {processor.py:183} INFO - Processing /home/airflow/.local/lib/python3.12/site-packages/airflow/example_dags/example_latest_only.py took 0.565 seconds
[2024-07-18T08:36:48.044+0000] {processor.py:161} INFO - Started process (PID=111) to work on /home/airflow/.local/lib/python3.12/site-packages/airflow/example_dags/example_latest_only.py
[2024-07-18T08:36:48.045+0000] {processor.py:830} INFO - Processing file /home/airflow/.local/lib/python3.12/site-packages/airflow/example_dags/example_latest_only.py for tasks to queue
[2024-07-18T08:36:48.047+0000] {logging_mixin.py:188} INFO - [2024-07-18T08:36:48.047+0000] {dagbag.py:545} INFO - Filling up the DagBag from /home/airflow/.local/lib/python3.12/site-packages/airflow/example_dags/example_latest_only.py
[2024-07-18T08:36:48.051+0000] {processor.py:840} INFO - DAG(s) 'latest_only' retrieved from /home/airflow/.local/lib/python3.12/site-packages/airflow/example_dags/example_latest_only.py
[2024-07-18T08:36:48.076+0000] {logging_mixin.py:188} INFO - [2024-07-18T08:36:48.076+0000] {dag.py:3096} INFO - Sync 1 DAGs
[2024-07-18T08:36:48.106+0000] {logging_mixin.py:188} INFO - [2024-07-18T08:36:48.105+0000] {dag.py:3954} INFO - Setting next_dagrun for latest_only to 2024-07-18 04:00:00+00:00, run_after=2024-07-18 08:00:00+00:00
[2024-07-18T08:36:48.130+0000] {processor.py:183} INFO - Processing /home/airflow/.local/lib/python3.12/site-packages/airflow/example_dags/example_latest_only.py took 0.092 seconds
[2024-07-18T08:37:18.515+0000] {processor.py:161} INFO - Started process (PID=171) to work on /home/airflow/.local/lib/python3.12/site-packages/airflow/example_dags/example_latest_only.py
[2024-07-18T08:37:18.516+0000] {processor.py:830} INFO - Processing file /home/airflow/.local/lib/python3.12/site-packages/airflow/example_dags/example_latest_only.py for tasks to queue
[2024-07-18T08:37:18.519+0000] {logging_mixin.py:188} INFO - [2024-07-18T08:37:18.518+0000] {dagbag.py:545} INFO - Filling up the DagBag from /home/airflow/.local/lib/python3.12/site-packages/airflow/example_dags/example_latest_only.py
[2024-07-18T08:37:18.524+0000] {processor.py:840} INFO - DAG(s) 'latest_only' retrieved from /home/airflow/.local/lib/python3.12/site-packages/airflow/example_dags/example_latest_only.py
[2024-07-18T08:37:18.549+0000] {logging_mixin.py:188} INFO - [2024-07-18T08:37:18.549+0000] {dag.py:3096} INFO - Sync 1 DAGs
[2024-07-18T08:37:18.579+0000] {logging_mixin.py:188} INFO - [2024-07-18T08:37:18.579+0000] {dag.py:3954} INFO - Setting next_dagrun for latest_only to 2024-07-18 04:00:00+00:00, run_after=2024-07-18 08:00:00+00:00
[2024-07-18T08:37:18.606+0000] {processor.py:183} INFO - Processing /home/airflow/.local/lib/python3.12/site-packages/airflow/example_dags/example_latest_only.py took 0.097 seconds
[2024-07-18T08:37:49.194+0000] {processor.py:161} INFO - Started process (PID=231) to work on /home/airflow/.local/lib/python3.12/site-packages/airflow/example_dags/example_latest_only.py
[2024-07-18T08:37:49.195+0000] {processor.py:830} INFO - Processing file /home/airflow/.local/lib/python3.12/site-packages/airflow/example_dags/example_latest_only.py for tasks to queue
[2024-07-18T08:37:49.196+0000] {logging_mixin.py:188} INFO - [2024-07-18T08:37:49.196+0000] {dagbag.py:545} INFO - Filling up the DagBag from /home/airflow/.local/lib/python3.12/site-packages/airflow/example_dags/example_latest_only.py
[2024-07-18T08:37:49.201+0000] {processor.py:840} INFO - DAG(s) 'latest_only' retrieved from /home/airflow/.local/lib/python3.12/site-packages/airflow/example_dags/example_latest_only.py
[2024-07-18T08:37:49.222+0000] {logging_mixin.py:188} INFO - [2024-07-18T08:37:49.222+0000] {dag.py:3096} INFO - Sync 1 DAGs
[2024-07-18T08:37:49.249+0000] {logging_mixin.py:188} INFO - [2024-07-18T08:37:49.249+0000] {dag.py:3954} INFO - Setting next_dagrun for latest_only to 2024-07-18 04:00:00+00:00, run_after=2024-07-18 08:00:00+00:00
[2024-07-18T08:37:49.274+0000] {processor.py:183} INFO - Processing /home/airflow/.local/lib/python3.12/site-packages/airflow/example_dags/example_latest_only.py took 0.087 seconds
[2024-07-18T08:38:19.425+0000] {processor.py:161} INFO - Started process (PID=291) to work on /home/airflow/.local/lib/python3.12/site-packages/airflow/example_dags/example_latest_only.py
[2024-07-18T08:38:19.427+0000] {processor.py:830} INFO - Processing file /home/airflow/.local/lib/python3.12/site-packages/airflow/example_dags/example_latest_only.py for tasks to queue
[2024-07-18T08:38:19.429+0000] {logging_mixin.py:188} INFO - [2024-07-18T08:38:19.428+0000] {dagbag.py:545} INFO - Filling up the DagBag from /home/airflow/.local/lib/python3.12/site-packages/airflow/example_dags/example_latest_only.py
[2024-07-18T08:38:19.434+0000] {processor.py:840} INFO - DAG(s) 'latest_only' retrieved from /home/airflow/.local/lib/python3.12/site-packages/airflow/example_dags/example_latest_only.py
[2024-07-18T08:38:19.462+0000] {logging_mixin.py:188} INFO - [2024-07-18T08:38:19.461+0000] {dag.py:3096} INFO - Sync 1 DAGs
[2024-07-18T08:38:19.493+0000] {logging_mixin.py:188} INFO - [2024-07-18T08:38:19.493+0000] {dag.py:3954} INFO - Setting next_dagrun for latest_only to 2024-07-18 04:00:00+00:00, run_after=2024-07-18 08:00:00+00:00
[2024-07-18T08:38:19.519+0000] {processor.py:183} INFO - Processing /home/airflow/.local/lib/python3.12/site-packages/airflow/example_dags/example_latest_only.py took 0.101 seconds
[2024-07-18T08:38:49.880+0000] {processor.py:161} INFO - Started process (PID=351) to work on /home/airflow/.local/lib/python3.12/site-packages/airflow/example_dags/example_latest_only.py
[2024-07-18T08:38:49.881+0000] {processor.py:830} INFO - Processing file /home/airflow/.local/lib/python3.12/site-packages/airflow/example_dags/example_latest_only.py for tasks to queue
[2024-07-18T08:38:49.883+0000] {logging_mixin.py:188} INFO - [2024-07-18T08:38:49.883+0000] {dagbag.py:545} INFO - Filling up the DagBag from /home/airflow/.local/lib/python3.12/site-packages/airflow/example_dags/example_latest_only.py
[2024-07-18T08:38:49.889+0000] {processor.py:840} INFO - DAG(s) 'latest_only' retrieved from /home/airflow/.local/lib/python3.12/site-packages/airflow/example_dags/example_latest_only.py
[2024-07-18T08:38:49.914+0000] {logging_mixin.py:188} INFO - [2024-07-18T08:38:49.914+0000] {dag.py:3096} INFO - Sync 1 DAGs
[2024-07-18T08:38:49.946+0000] {logging_mixin.py:188} INFO - [2024-07-18T08:38:49.946+0000] {dag.py:3954} INFO - Setting next_dagrun for latest_only to 2024-07-18 04:00:00+00:00, run_after=2024-07-18 08:00:00+00:00
[2024-07-18T08:38:49.976+0000] {processor.py:183} INFO - Processing /home/airflow/.local/lib/python3.12/site-packages/airflow/example_dags/example_latest_only.py took 0.103 seconds
[2024-07-18T08:39:20.065+0000] {processor.py:161} INFO - Started process (PID=411) to work on /home/airflow/.local/lib/python3.12/site-packages/airflow/example_dags/example_latest_only.py
[2024-07-18T08:39:20.065+0000] {processor.py:830} INFO - Processing file /home/airflow/.local/lib/python3.12/site-packages/airflow/example_dags/example_latest_only.py for tasks to queue
[2024-07-18T08:39:20.067+0000] {logging_mixin.py:188} INFO - [2024-07-18T08:39:20.067+0000] {dagbag.py:545} INFO - Filling up the DagBag from /home/airflow/.local/lib/python3.12/site-packages/airflow/example_dags/example_latest_only.py
[2024-07-18T08:39:20.070+0000] {processor.py:840} INFO - DAG(s) 'latest_only' retrieved from /home/airflow/.local/lib/python3.12/site-packages/airflow/example_dags/example_latest_only.py
[2024-07-18T08:39:20.088+0000] {logging_mixin.py:188} INFO - [2024-07-18T08:39:20.088+0000] {dag.py:3096} INFO - Sync 1 DAGs
[2024-07-18T08:39:20.108+0000] {logging_mixin.py:188} INFO - [2024-07-18T08:39:20.107+0000] {dag.py:3954} INFO - Setting next_dagrun for latest_only to 2024-07-18 04:00:00+00:00, run_after=2024-07-18 08:00:00+00:00
[2024-07-18T08:39:20.127+0000] {processor.py:183} INFO - Processing /home/airflow/.local/lib/python3.12/site-packages/airflow/example_dags/example_latest_only.py took 0.067 seconds
