[2024-07-18T08:31:30.165+0000] {processor.py:161} INFO - Started process (PID=42) to work on /home/airflow/.local/lib/python3.12/site-packages/airflow/example_dags/example_short_circuit_operator.py
[2024-07-18T08:31:30.166+0000] {processor.py:830} INFO - Processing file /home/airflow/.local/lib/python3.12/site-packages/airflow/example_dags/example_short_circuit_operator.py for tasks to queue
[2024-07-18T08:31:30.168+0000] {logging_mixin.py:188} INFO - [2024-07-18T08:31:30.168+0000] {dagbag.py:545} INFO - Filling up the DagBag from /home/airflow/.local/lib/python3.12/site-packages/airflow/example_dags/example_short_circuit_operator.py
[2024-07-18T08:31:30.180+0000] {processor.py:840} INFO - DAG(s) 'example_short_circuit_operator' retrieved from /home/airflow/.local/lib/python3.12/site-packages/airflow/example_dags/example_short_circuit_operator.py
[2024-07-18T08:31:30.305+0000] {logging_mixin.py:188} INFO - [2024-07-18T08:31:30.304+0000] {dag.py:3096} INFO - Sync 1 DAGs
[2024-07-18T08:31:30.327+0000] {logging_mixin.py:188} INFO - [2024-07-18T08:31:30.326+0000] {dag.py:3954} INFO - Setting next_dagrun for example_short_circuit_operator to 2024-07-17 00:00:00+00:00, run_after=2024-07-18 00:00:00+00:00
[2024-07-18T08:31:30.355+0000] {processor.py:183} INFO - Processing /home/airflow/.local/lib/python3.12/site-packages/airflow/example_dags/example_short_circuit_operator.py took 0.195 seconds
[2024-07-18T08:32:00.647+0000] {processor.py:161} INFO - Started process (PID=102) to work on /home/airflow/.local/lib/python3.12/site-packages/airflow/example_dags/example_short_circuit_operator.py
[2024-07-18T08:32:00.648+0000] {processor.py:830} INFO - Processing file /home/airflow/.local/lib/python3.12/site-packages/airflow/example_dags/example_short_circuit_operator.py for tasks to queue
[2024-07-18T08:32:00.654+0000] {logging_mixin.py:188} INFO - [2024-07-18T08:32:00.653+0000] {dagbag.py:545} INFO - Filling up the DagBag from /home/airflow/.local/lib/python3.12/site-packages/airflow/example_dags/example_short_circuit_operator.py
[2024-07-18T08:32:00.670+0000] {processor.py:840} INFO - DAG(s) 'example_short_circuit_operator' retrieved from /home/airflow/.local/lib/python3.12/site-packages/airflow/example_dags/example_short_circuit_operator.py
[2024-07-18T08:32:00.716+0000] {logging_mixin.py:188} INFO - [2024-07-18T08:32:00.716+0000] {dag.py:3096} INFO - Sync 1 DAGs
[2024-07-18T08:32:00.752+0000] {logging_mixin.py:188} INFO - [2024-07-18T08:32:00.752+0000] {dag.py:3954} INFO - Setting next_dagrun for example_short_circuit_operator to 2024-07-17 00:00:00+00:00, run_after=2024-07-18 00:00:00+00:00
[2024-07-18T08:32:00.778+0000] {processor.py:183} INFO - Processing /home/airflow/.local/lib/python3.12/site-packages/airflow/example_dags/example_short_circuit_operator.py took 0.141 seconds
[2024-07-18T08:32:30.938+0000] {processor.py:161} INFO - Started process (PID=160) to work on /home/airflow/.local/lib/python3.12/site-packages/airflow/example_dags/example_short_circuit_operator.py
[2024-07-18T08:32:30.939+0000] {processor.py:830} INFO - Processing file /home/airflow/.local/lib/python3.12/site-packages/airflow/example_dags/example_short_circuit_operator.py for tasks to queue
[2024-07-18T08:32:30.941+0000] {logging_mixin.py:188} INFO - [2024-07-18T08:32:30.940+0000] {dagbag.py:545} INFO - Filling up the DagBag from /home/airflow/.local/lib/python3.12/site-packages/airflow/example_dags/example_short_circuit_operator.py
[2024-07-18T08:32:30.953+0000] {processor.py:840} INFO - DAG(s) 'example_short_circuit_operator' retrieved from /home/airflow/.local/lib/python3.12/site-packages/airflow/example_dags/example_short_circuit_operator.py
[2024-07-18T08:32:30.994+0000] {logging_mixin.py:188} INFO - [2024-07-18T08:32:30.993+0000] {dag.py:3096} INFO - Sync 1 DAGs
[2024-07-18T08:32:31.020+0000] {logging_mixin.py:188} INFO - [2024-07-18T08:32:31.020+0000] {dag.py:3954} INFO - Setting next_dagrun for example_short_circuit_operator to 2024-07-17 00:00:00+00:00, run_after=2024-07-18 00:00:00+00:00
[2024-07-18T08:32:31.044+0000] {processor.py:183} INFO - Processing /home/airflow/.local/lib/python3.12/site-packages/airflow/example_dags/example_short_circuit_operator.py took 0.114 seconds
[2024-07-18T08:33:01.384+0000] {processor.py:161} INFO - Started process (PID=220) to work on /home/airflow/.local/lib/python3.12/site-packages/airflow/example_dags/example_short_circuit_operator.py
[2024-07-18T08:33:01.385+0000] {processor.py:830} INFO - Processing file /home/airflow/.local/lib/python3.12/site-packages/airflow/example_dags/example_short_circuit_operator.py for tasks to queue
[2024-07-18T08:33:01.386+0000] {logging_mixin.py:188} INFO - [2024-07-18T08:33:01.386+0000] {dagbag.py:545} INFO - Filling up the DagBag from /home/airflow/.local/lib/python3.12/site-packages/airflow/example_dags/example_short_circuit_operator.py
[2024-07-18T08:33:01.396+0000] {processor.py:840} INFO - DAG(s) 'example_short_circuit_operator' retrieved from /home/airflow/.local/lib/python3.12/site-packages/airflow/example_dags/example_short_circuit_operator.py
[2024-07-18T08:33:01.421+0000] {logging_mixin.py:188} INFO - [2024-07-18T08:33:01.421+0000] {dag.py:3096} INFO - Sync 1 DAGs
[2024-07-18T08:33:01.442+0000] {logging_mixin.py:188} INFO - [2024-07-18T08:33:01.442+0000] {dag.py:3954} INFO - Setting next_dagrun for example_short_circuit_operator to 2024-07-17 00:00:00+00:00, run_after=2024-07-18 00:00:00+00:00
[2024-07-18T08:33:01.461+0000] {processor.py:183} INFO - Processing /home/airflow/.local/lib/python3.12/site-packages/airflow/example_dags/example_short_circuit_operator.py took 0.082 seconds
[2024-07-18T08:36:13.797+0000] {processor.py:161} INFO - Started process (PID=43) to work on /home/airflow/.local/lib/python3.12/site-packages/airflow/example_dags/example_short_circuit_operator.py
[2024-07-18T08:36:13.799+0000] {processor.py:830} INFO - Processing file /home/airflow/.local/lib/python3.12/site-packages/airflow/example_dags/example_short_circuit_operator.py for tasks to queue
[2024-07-18T08:36:13.803+0000] {logging_mixin.py:188} INFO - [2024-07-18T08:36:13.802+0000] {dagbag.py:545} INFO - Filling up the DagBag from /home/airflow/.local/lib/python3.12/site-packages/airflow/example_dags/example_short_circuit_operator.py
[2024-07-18T08:36:13.818+0000] {processor.py:840} INFO - DAG(s) 'example_short_circuit_operator' retrieved from /home/airflow/.local/lib/python3.12/site-packages/airflow/example_dags/example_short_circuit_operator.py
[2024-07-18T08:36:14.025+0000] {logging_mixin.py:188} INFO - [2024-07-18T08:36:14.024+0000] {dag.py:3096} INFO - Sync 1 DAGs
[2024-07-18T08:36:14.074+0000] {logging_mixin.py:188} INFO - [2024-07-18T08:36:14.074+0000] {dag.py:3954} INFO - Setting next_dagrun for example_short_circuit_operator to 2024-07-17 00:00:00+00:00, run_after=2024-07-18 00:00:00+00:00
[2024-07-18T08:36:14.112+0000] {processor.py:183} INFO - Processing /home/airflow/.local/lib/python3.12/site-packages/airflow/example_dags/example_short_circuit_operator.py took 0.324 seconds
[2024-07-18T08:36:44.622+0000] {processor.py:161} INFO - Started process (PID=103) to work on /home/airflow/.local/lib/python3.12/site-packages/airflow/example_dags/example_short_circuit_operator.py
[2024-07-18T08:36:44.623+0000] {processor.py:830} INFO - Processing file /home/airflow/.local/lib/python3.12/site-packages/airflow/example_dags/example_short_circuit_operator.py for tasks to queue
[2024-07-18T08:36:44.627+0000] {logging_mixin.py:188} INFO - [2024-07-18T08:36:44.627+0000] {dagbag.py:545} INFO - Filling up the DagBag from /home/airflow/.local/lib/python3.12/site-packages/airflow/example_dags/example_short_circuit_operator.py
[2024-07-18T08:36:44.635+0000] {processor.py:840} INFO - DAG(s) 'example_short_circuit_operator' retrieved from /home/airflow/.local/lib/python3.12/site-packages/airflow/example_dags/example_short_circuit_operator.py
[2024-07-18T08:36:44.658+0000] {logging_mixin.py:188} INFO - [2024-07-18T08:36:44.658+0000] {dag.py:3096} INFO - Sync 1 DAGs
[2024-07-18T08:36:44.683+0000] {logging_mixin.py:188} INFO - [2024-07-18T08:36:44.683+0000] {dag.py:3954} INFO - Setting next_dagrun for example_short_circuit_operator to 2024-07-17 00:00:00+00:00, run_after=2024-07-18 00:00:00+00:00
[2024-07-18T08:36:44.707+0000] {processor.py:183} INFO - Processing /home/airflow/.local/lib/python3.12/site-packages/airflow/example_dags/example_short_circuit_operator.py took 0.091 seconds
[2024-07-18T08:37:15.140+0000] {processor.py:161} INFO - Started process (PID=163) to work on /home/airflow/.local/lib/python3.12/site-packages/airflow/example_dags/example_short_circuit_operator.py
[2024-07-18T08:37:15.141+0000] {processor.py:830} INFO - Processing file /home/airflow/.local/lib/python3.12/site-packages/airflow/example_dags/example_short_circuit_operator.py for tasks to queue
[2024-07-18T08:37:15.143+0000] {logging_mixin.py:188} INFO - [2024-07-18T08:37:15.142+0000] {dagbag.py:545} INFO - Filling up the DagBag from /home/airflow/.local/lib/python3.12/site-packages/airflow/example_dags/example_short_circuit_operator.py
[2024-07-18T08:37:15.152+0000] {processor.py:840} INFO - DAG(s) 'example_short_circuit_operator' retrieved from /home/airflow/.local/lib/python3.12/site-packages/airflow/example_dags/example_short_circuit_operator.py
[2024-07-18T08:37:15.184+0000] {logging_mixin.py:188} INFO - [2024-07-18T08:37:15.184+0000] {dag.py:3096} INFO - Sync 1 DAGs
[2024-07-18T08:37:15.215+0000] {logging_mixin.py:188} INFO - [2024-07-18T08:37:15.215+0000] {dag.py:3954} INFO - Setting next_dagrun for example_short_circuit_operator to 2024-07-17 00:00:00+00:00, run_after=2024-07-18 00:00:00+00:00
[2024-07-18T08:37:15.242+0000] {processor.py:183} INFO - Processing /home/airflow/.local/lib/python3.12/site-packages/airflow/example_dags/example_short_circuit_operator.py took 0.109 seconds
[2024-07-18T08:37:45.649+0000] {processor.py:161} INFO - Started process (PID=223) to work on /home/airflow/.local/lib/python3.12/site-packages/airflow/example_dags/example_short_circuit_operator.py
[2024-07-18T08:37:45.652+0000] {processor.py:830} INFO - Processing file /home/airflow/.local/lib/python3.12/site-packages/airflow/example_dags/example_short_circuit_operator.py for tasks to queue
[2024-07-18T08:37:45.658+0000] {logging_mixin.py:188} INFO - [2024-07-18T08:37:45.657+0000] {dagbag.py:545} INFO - Filling up the DagBag from /home/airflow/.local/lib/python3.12/site-packages/airflow/example_dags/example_short_circuit_operator.py
[2024-07-18T08:37:45.668+0000] {processor.py:840} INFO - DAG(s) 'example_short_circuit_operator' retrieved from /home/airflow/.local/lib/python3.12/site-packages/airflow/example_dags/example_short_circuit_operator.py
[2024-07-18T08:37:45.698+0000] {logging_mixin.py:188} INFO - [2024-07-18T08:37:45.698+0000] {dag.py:3096} INFO - Sync 1 DAGs
[2024-07-18T08:37:45.725+0000] {logging_mixin.py:188} INFO - [2024-07-18T08:37:45.725+0000] {dag.py:3954} INFO - Setting next_dagrun for example_short_circuit_operator to 2024-07-17 00:00:00+00:00, run_after=2024-07-18 00:00:00+00:00
[2024-07-18T08:37:45.745+0000] {processor.py:183} INFO - Processing /home/airflow/.local/lib/python3.12/site-packages/airflow/example_dags/example_short_circuit_operator.py took 0.102 seconds
[2024-07-18T08:38:15.833+0000] {processor.py:161} INFO - Started process (PID=281) to work on /home/airflow/.local/lib/python3.12/site-packages/airflow/example_dags/example_short_circuit_operator.py
[2024-07-18T08:38:15.834+0000] {processor.py:830} INFO - Processing file /home/airflow/.local/lib/python3.12/site-packages/airflow/example_dags/example_short_circuit_operator.py for tasks to queue
[2024-07-18T08:38:15.835+0000] {logging_mixin.py:188} INFO - [2024-07-18T08:38:15.835+0000] {dagbag.py:545} INFO - Filling up the DagBag from /home/airflow/.local/lib/python3.12/site-packages/airflow/example_dags/example_short_circuit_operator.py
[2024-07-18T08:38:15.841+0000] {processor.py:840} INFO - DAG(s) 'example_short_circuit_operator' retrieved from /home/airflow/.local/lib/python3.12/site-packages/airflow/example_dags/example_short_circuit_operator.py
[2024-07-18T08:38:15.862+0000] {logging_mixin.py:188} INFO - [2024-07-18T08:38:15.862+0000] {dag.py:3096} INFO - Sync 1 DAGs
[2024-07-18T08:38:15.882+0000] {logging_mixin.py:188} INFO - [2024-07-18T08:38:15.882+0000] {dag.py:3954} INFO - Setting next_dagrun for example_short_circuit_operator to 2024-07-17 00:00:00+00:00, run_after=2024-07-18 00:00:00+00:00
[2024-07-18T08:38:15.900+0000] {processor.py:183} INFO - Processing /home/airflow/.local/lib/python3.12/site-packages/airflow/example_dags/example_short_circuit_operator.py took 0.072 seconds
[2024-07-18T08:38:45.944+0000] {processor.py:161} INFO - Started process (PID=341) to work on /home/airflow/.local/lib/python3.12/site-packages/airflow/example_dags/example_short_circuit_operator.py
[2024-07-18T08:38:45.946+0000] {processor.py:830} INFO - Processing file /home/airflow/.local/lib/python3.12/site-packages/airflow/example_dags/example_short_circuit_operator.py for tasks to queue
[2024-07-18T08:38:45.949+0000] {logging_mixin.py:188} INFO - [2024-07-18T08:38:45.949+0000] {dagbag.py:545} INFO - Filling up the DagBag from /home/airflow/.local/lib/python3.12/site-packages/airflow/example_dags/example_short_circuit_operator.py
[2024-07-18T08:38:45.959+0000] {processor.py:840} INFO - DAG(s) 'example_short_circuit_operator' retrieved from /home/airflow/.local/lib/python3.12/site-packages/airflow/example_dags/example_short_circuit_operator.py
[2024-07-18T08:38:45.995+0000] {logging_mixin.py:188} INFO - [2024-07-18T08:38:45.995+0000] {dag.py:3096} INFO - Sync 1 DAGs
[2024-07-18T08:38:46.031+0000] {logging_mixin.py:188} INFO - [2024-07-18T08:38:46.031+0000] {dag.py:3954} INFO - Setting next_dagrun for example_short_circuit_operator to 2024-07-17 00:00:00+00:00, run_after=2024-07-18 00:00:00+00:00
[2024-07-18T08:38:46.056+0000] {processor.py:183} INFO - Processing /home/airflow/.local/lib/python3.12/site-packages/airflow/example_dags/example_short_circuit_operator.py took 0.121 seconds
[2024-07-18T08:39:16.360+0000] {processor.py:161} INFO - Started process (PID=401) to work on /home/airflow/.local/lib/python3.12/site-packages/airflow/example_dags/example_short_circuit_operator.py
[2024-07-18T08:39:16.361+0000] {processor.py:830} INFO - Processing file /home/airflow/.local/lib/python3.12/site-packages/airflow/example_dags/example_short_circuit_operator.py for tasks to queue
[2024-07-18T08:39:16.363+0000] {logging_mixin.py:188} INFO - [2024-07-18T08:39:16.363+0000] {dagbag.py:545} INFO - Filling up the DagBag from /home/airflow/.local/lib/python3.12/site-packages/airflow/example_dags/example_short_circuit_operator.py
[2024-07-18T08:39:16.373+0000] {processor.py:840} INFO - DAG(s) 'example_short_circuit_operator' retrieved from /home/airflow/.local/lib/python3.12/site-packages/airflow/example_dags/example_short_circuit_operator.py
[2024-07-18T08:39:16.405+0000] {logging_mixin.py:188} INFO - [2024-07-18T08:39:16.405+0000] {dag.py:3096} INFO - Sync 1 DAGs
[2024-07-18T08:39:16.428+0000] {logging_mixin.py:188} INFO - [2024-07-18T08:39:16.427+0000] {dag.py:3954} INFO - Setting next_dagrun for example_short_circuit_operator to 2024-07-17 00:00:00+00:00, run_after=2024-07-18 00:00:00+00:00
[2024-07-18T08:39:16.445+0000] {processor.py:183} INFO - Processing /home/airflow/.local/lib/python3.12/site-packages/airflow/example_dags/example_short_circuit_operator.py took 0.092 seconds
