[2024-07-18T08:31:30.349+0000] {processor.py:161} INFO - Started process (PID=43) to work on /home/airflow/.local/lib/python3.12/site-packages/airflow/example_dags/example_branch_python_dop_operator_3.py
[2024-07-18T08:31:30.351+0000] {processor.py:830} INFO - Processing file /home/airflow/.local/lib/python3.12/site-packages/airflow/example_dags/example_branch_python_dop_operator_3.py for tasks to queue
[2024-07-18T08:31:30.354+0000] {logging_mixin.py:188} INFO - [2024-07-18T08:31:30.354+0000] {dagbag.py:545} INFO - Filling up the DagBag from /home/airflow/.local/lib/python3.12/site-packages/airflow/example_dags/example_branch_python_dop_operator_3.py
[2024-07-18T08:31:30.372+0000] {processor.py:840} INFO - DAG(s) 'example_branch_dop_operator_v3' retrieved from /home/airflow/.local/lib/python3.12/site-packages/airflow/example_dags/example_branch_python_dop_operator_3.py
[2024-07-18T08:31:30.513+0000] {logging_mixin.py:188} INFO - [2024-07-18T08:31:30.512+0000] {dag.py:3096} INFO - Sync 1 DAGs
[2024-07-18T08:31:30.546+0000] {logging_mixin.py:188} INFO - [2024-07-18T08:31:30.546+0000] {dag.py:3954} INFO - Setting next_dagrun for example_branch_dop_operator_v3 to 2024-07-18 08:30:00+00:00, run_after=2024-07-18 08:31:00+00:00
[2024-07-18T08:31:30.623+0000] {processor.py:183} INFO - Processing /home/airflow/.local/lib/python3.12/site-packages/airflow/example_dags/example_branch_python_dop_operator_3.py took 0.282 seconds
[2024-07-18T08:32:00.815+0000] {processor.py:161} INFO - Started process (PID=103) to work on /home/airflow/.local/lib/python3.12/site-packages/airflow/example_dags/example_branch_python_dop_operator_3.py
[2024-07-18T08:32:00.817+0000] {processor.py:830} INFO - Processing file /home/airflow/.local/lib/python3.12/site-packages/airflow/example_dags/example_branch_python_dop_operator_3.py for tasks to queue
[2024-07-18T08:32:00.823+0000] {logging_mixin.py:188} INFO - [2024-07-18T08:32:00.822+0000] {dagbag.py:545} INFO - Filling up the DagBag from /home/airflow/.local/lib/python3.12/site-packages/airflow/example_dags/example_branch_python_dop_operator_3.py
[2024-07-18T08:32:00.847+0000] {processor.py:840} INFO - DAG(s) 'example_branch_dop_operator_v3' retrieved from /home/airflow/.local/lib/python3.12/site-packages/airflow/example_dags/example_branch_python_dop_operator_3.py
[2024-07-18T08:32:01.000+0000] {logging_mixin.py:188} INFO - [2024-07-18T08:32:01.000+0000] {dag.py:3096} INFO - Sync 1 DAGs
[2024-07-18T08:32:01.225+0000] {logging_mixin.py:188} INFO - [2024-07-18T08:32:01.224+0000] {dag.py:3954} INFO - Setting next_dagrun for example_branch_dop_operator_v3 to 2024-07-18 08:31:00+00:00, run_after=2024-07-18 08:32:00+00:00
[2024-07-18T08:32:01.262+0000] {processor.py:183} INFO - Processing /home/airflow/.local/lib/python3.12/site-packages/airflow/example_dags/example_branch_python_dop_operator_3.py took 0.452 seconds
[2024-07-18T08:32:31.970+0000] {processor.py:161} INFO - Started process (PID=162) to work on /home/airflow/.local/lib/python3.12/site-packages/airflow/example_dags/example_branch_python_dop_operator_3.py
[2024-07-18T08:32:31.971+0000] {processor.py:830} INFO - Processing file /home/airflow/.local/lib/python3.12/site-packages/airflow/example_dags/example_branch_python_dop_operator_3.py for tasks to queue
[2024-07-18T08:32:31.972+0000] {logging_mixin.py:188} INFO - [2024-07-18T08:32:31.972+0000] {dagbag.py:545} INFO - Filling up the DagBag from /home/airflow/.local/lib/python3.12/site-packages/airflow/example_dags/example_branch_python_dop_operator_3.py
[2024-07-18T08:32:31.985+0000] {processor.py:840} INFO - DAG(s) 'example_branch_dop_operator_v3' retrieved from /home/airflow/.local/lib/python3.12/site-packages/airflow/example_dags/example_branch_python_dop_operator_3.py
[2024-07-18T08:32:32.013+0000] {logging_mixin.py:188} INFO - [2024-07-18T08:32:32.013+0000] {dag.py:3096} INFO - Sync 1 DAGs
[2024-07-18T08:32:32.052+0000] {logging_mixin.py:188} INFO - [2024-07-18T08:32:32.051+0000] {dag.py:3954} INFO - Setting next_dagrun for example_branch_dop_operator_v3 to 2024-07-18 08:31:00+00:00, run_after=2024-07-18 08:32:00+00:00
[2024-07-18T08:32:32.079+0000] {processor.py:183} INFO - Processing /home/airflow/.local/lib/python3.12/site-packages/airflow/example_dags/example_branch_python_dop_operator_3.py took 0.116 seconds
[2024-07-18T08:33:02.401+0000] {processor.py:161} INFO - Started process (PID=221) to work on /home/airflow/.local/lib/python3.12/site-packages/airflow/example_dags/example_branch_python_dop_operator_3.py
[2024-07-18T08:33:02.402+0000] {processor.py:830} INFO - Processing file /home/airflow/.local/lib/python3.12/site-packages/airflow/example_dags/example_branch_python_dop_operator_3.py for tasks to queue
[2024-07-18T08:33:02.403+0000] {logging_mixin.py:188} INFO - [2024-07-18T08:33:02.403+0000] {dagbag.py:545} INFO - Filling up the DagBag from /home/airflow/.local/lib/python3.12/site-packages/airflow/example_dags/example_branch_python_dop_operator_3.py
[2024-07-18T08:33:02.411+0000] {processor.py:840} INFO - DAG(s) 'example_branch_dop_operator_v3' retrieved from /home/airflow/.local/lib/python3.12/site-packages/airflow/example_dags/example_branch_python_dop_operator_3.py
[2024-07-18T08:33:02.433+0000] {logging_mixin.py:188} INFO - [2024-07-18T08:33:02.433+0000] {dag.py:3096} INFO - Sync 1 DAGs
[2024-07-18T08:33:02.459+0000] {logging_mixin.py:188} INFO - [2024-07-18T08:33:02.459+0000] {dag.py:3954} INFO - Setting next_dagrun for example_branch_dop_operator_v3 to 2024-07-18 08:32:00+00:00, run_after=2024-07-18 08:33:00+00:00
[2024-07-18T08:33:02.482+0000] {processor.py:183} INFO - Processing /home/airflow/.local/lib/python3.12/site-packages/airflow/example_dags/example_branch_python_dop_operator_3.py took 0.086 seconds
[2024-07-18T08:36:14.082+0000] {processor.py:161} INFO - Started process (PID=44) to work on /home/airflow/.local/lib/python3.12/site-packages/airflow/example_dags/example_branch_python_dop_operator_3.py
[2024-07-18T08:36:14.084+0000] {processor.py:830} INFO - Processing file /home/airflow/.local/lib/python3.12/site-packages/airflow/example_dags/example_branch_python_dop_operator_3.py for tasks to queue
[2024-07-18T08:36:14.086+0000] {logging_mixin.py:188} INFO - [2024-07-18T08:36:14.086+0000] {dagbag.py:545} INFO - Filling up the DagBag from /home/airflow/.local/lib/python3.12/site-packages/airflow/example_dags/example_branch_python_dop_operator_3.py
[2024-07-18T08:36:14.104+0000] {processor.py:840} INFO - DAG(s) 'example_branch_dop_operator_v3' retrieved from /home/airflow/.local/lib/python3.12/site-packages/airflow/example_dags/example_branch_python_dop_operator_3.py
[2024-07-18T08:36:14.492+0000] {logging_mixin.py:188} INFO - [2024-07-18T08:36:14.492+0000] {dag.py:3096} INFO - Sync 1 DAGs
[2024-07-18T08:36:14.607+0000] {logging_mixin.py:188} INFO - [2024-07-18T08:36:14.606+0000] {dag.py:3954} INFO - Setting next_dagrun for example_branch_dop_operator_v3 to 2024-07-18 08:35:00+00:00, run_after=2024-07-18 08:36:00+00:00
[2024-07-18T08:36:14.681+0000] {processor.py:183} INFO - Processing /home/airflow/.local/lib/python3.12/site-packages/airflow/example_dags/example_branch_python_dop_operator_3.py took 0.608 seconds
[2024-07-18T08:36:45.662+0000] {processor.py:161} INFO - Started process (PID=104) to work on /home/airflow/.local/lib/python3.12/site-packages/airflow/example_dags/example_branch_python_dop_operator_3.py
[2024-07-18T08:36:45.663+0000] {processor.py:830} INFO - Processing file /home/airflow/.local/lib/python3.12/site-packages/airflow/example_dags/example_branch_python_dop_operator_3.py for tasks to queue
[2024-07-18T08:36:45.666+0000] {logging_mixin.py:188} INFO - [2024-07-18T08:36:45.666+0000] {dagbag.py:545} INFO - Filling up the DagBag from /home/airflow/.local/lib/python3.12/site-packages/airflow/example_dags/example_branch_python_dop_operator_3.py
[2024-07-18T08:36:45.678+0000] {processor.py:840} INFO - DAG(s) 'example_branch_dop_operator_v3' retrieved from /home/airflow/.local/lib/python3.12/site-packages/airflow/example_dags/example_branch_python_dop_operator_3.py
[2024-07-18T08:36:45.698+0000] {logging_mixin.py:188} INFO - [2024-07-18T08:36:45.698+0000] {dag.py:3096} INFO - Sync 1 DAGs
[2024-07-18T08:36:45.723+0000] {logging_mixin.py:188} INFO - [2024-07-18T08:36:45.723+0000] {dag.py:3954} INFO - Setting next_dagrun for example_branch_dop_operator_v3 to 2024-07-18 08:35:00+00:00, run_after=2024-07-18 08:36:00+00:00
[2024-07-18T08:36:45.747+0000] {processor.py:183} INFO - Processing /home/airflow/.local/lib/python3.12/site-packages/airflow/example_dags/example_branch_python_dop_operator_3.py took 0.090 seconds
[2024-07-18T08:37:16.173+0000] {processor.py:161} INFO - Started process (PID=164) to work on /home/airflow/.local/lib/python3.12/site-packages/airflow/example_dags/example_branch_python_dop_operator_3.py
[2024-07-18T08:37:16.174+0000] {processor.py:830} INFO - Processing file /home/airflow/.local/lib/python3.12/site-packages/airflow/example_dags/example_branch_python_dop_operator_3.py for tasks to queue
[2024-07-18T08:37:16.176+0000] {logging_mixin.py:188} INFO - [2024-07-18T08:37:16.176+0000] {dagbag.py:545} INFO - Filling up the DagBag from /home/airflow/.local/lib/python3.12/site-packages/airflow/example_dags/example_branch_python_dop_operator_3.py
[2024-07-18T08:37:16.188+0000] {processor.py:840} INFO - DAG(s) 'example_branch_dop_operator_v3' retrieved from /home/airflow/.local/lib/python3.12/site-packages/airflow/example_dags/example_branch_python_dop_operator_3.py
[2024-07-18T08:37:16.214+0000] {logging_mixin.py:188} INFO - [2024-07-18T08:37:16.214+0000] {dag.py:3096} INFO - Sync 1 DAGs
[2024-07-18T08:37:16.251+0000] {logging_mixin.py:188} INFO - [2024-07-18T08:37:16.250+0000] {dag.py:3954} INFO - Setting next_dagrun for example_branch_dop_operator_v3 to 2024-07-18 08:36:00+00:00, run_after=2024-07-18 08:37:00+00:00
[2024-07-18T08:37:16.274+0000] {processor.py:183} INFO - Processing /home/airflow/.local/lib/python3.12/site-packages/airflow/example_dags/example_branch_python_dop_operator_3.py took 0.108 seconds
[2024-07-18T08:37:46.788+0000] {processor.py:161} INFO - Started process (PID=224) to work on /home/airflow/.local/lib/python3.12/site-packages/airflow/example_dags/example_branch_python_dop_operator_3.py
[2024-07-18T08:37:46.789+0000] {processor.py:830} INFO - Processing file /home/airflow/.local/lib/python3.12/site-packages/airflow/example_dags/example_branch_python_dop_operator_3.py for tasks to queue
[2024-07-18T08:37:46.791+0000] {logging_mixin.py:188} INFO - [2024-07-18T08:37:46.791+0000] {dagbag.py:545} INFO - Filling up the DagBag from /home/airflow/.local/lib/python3.12/site-packages/airflow/example_dags/example_branch_python_dop_operator_3.py
[2024-07-18T08:37:46.803+0000] {processor.py:840} INFO - DAG(s) 'example_branch_dop_operator_v3' retrieved from /home/airflow/.local/lib/python3.12/site-packages/airflow/example_dags/example_branch_python_dop_operator_3.py
[2024-07-18T08:37:46.823+0000] {logging_mixin.py:188} INFO - [2024-07-18T08:37:46.823+0000] {dag.py:3096} INFO - Sync 1 DAGs
[2024-07-18T08:37:46.856+0000] {logging_mixin.py:188} INFO - [2024-07-18T08:37:46.856+0000] {dag.py:3954} INFO - Setting next_dagrun for example_branch_dop_operator_v3 to 2024-07-18 08:36:00+00:00, run_after=2024-07-18 08:37:00+00:00
[2024-07-18T08:37:46.883+0000] {processor.py:183} INFO - Processing /home/airflow/.local/lib/python3.12/site-packages/airflow/example_dags/example_branch_python_dop_operator_3.py took 0.101 seconds
[2024-07-18T08:38:16.941+0000] {processor.py:161} INFO - Started process (PID=284) to work on /home/airflow/.local/lib/python3.12/site-packages/airflow/example_dags/example_branch_python_dop_operator_3.py
[2024-07-18T08:38:16.942+0000] {processor.py:830} INFO - Processing file /home/airflow/.local/lib/python3.12/site-packages/airflow/example_dags/example_branch_python_dop_operator_3.py for tasks to queue
[2024-07-18T08:38:16.944+0000] {logging_mixin.py:188} INFO - [2024-07-18T08:38:16.944+0000] {dagbag.py:545} INFO - Filling up the DagBag from /home/airflow/.local/lib/python3.12/site-packages/airflow/example_dags/example_branch_python_dop_operator_3.py
[2024-07-18T08:38:16.954+0000] {processor.py:840} INFO - DAG(s) 'example_branch_dop_operator_v3' retrieved from /home/airflow/.local/lib/python3.12/site-packages/airflow/example_dags/example_branch_python_dop_operator_3.py
[2024-07-18T08:38:16.977+0000] {logging_mixin.py:188} INFO - [2024-07-18T08:38:16.977+0000] {dag.py:3096} INFO - Sync 1 DAGs
[2024-07-18T08:38:17.010+0000] {logging_mixin.py:188} INFO - [2024-07-18T08:38:17.009+0000] {dag.py:3954} INFO - Setting next_dagrun for example_branch_dop_operator_v3 to 2024-07-18 08:37:00+00:00, run_after=2024-07-18 08:38:00+00:00
[2024-07-18T08:38:17.032+0000] {processor.py:183} INFO - Processing /home/airflow/.local/lib/python3.12/site-packages/airflow/example_dags/example_branch_python_dop_operator_3.py took 0.098 seconds
[2024-07-18T08:38:47.072+0000] {processor.py:161} INFO - Started process (PID=342) to work on /home/airflow/.local/lib/python3.12/site-packages/airflow/example_dags/example_branch_python_dop_operator_3.py
[2024-07-18T08:38:47.074+0000] {processor.py:830} INFO - Processing file /home/airflow/.local/lib/python3.12/site-packages/airflow/example_dags/example_branch_python_dop_operator_3.py for tasks to queue
[2024-07-18T08:38:47.076+0000] {logging_mixin.py:188} INFO - [2024-07-18T08:38:47.075+0000] {dagbag.py:545} INFO - Filling up the DagBag from /home/airflow/.local/lib/python3.12/site-packages/airflow/example_dags/example_branch_python_dop_operator_3.py
[2024-07-18T08:38:47.086+0000] {processor.py:840} INFO - DAG(s) 'example_branch_dop_operator_v3' retrieved from /home/airflow/.local/lib/python3.12/site-packages/airflow/example_dags/example_branch_python_dop_operator_3.py
[2024-07-18T08:38:47.106+0000] {logging_mixin.py:188} INFO - [2024-07-18T08:38:47.106+0000] {dag.py:3096} INFO - Sync 1 DAGs
[2024-07-18T08:38:47.137+0000] {logging_mixin.py:188} INFO - [2024-07-18T08:38:47.137+0000] {dag.py:3954} INFO - Setting next_dagrun for example_branch_dop_operator_v3 to 2024-07-18 08:37:00+00:00, run_after=2024-07-18 08:38:00+00:00
[2024-07-18T08:38:47.158+0000] {processor.py:183} INFO - Processing /home/airflow/.local/lib/python3.12/site-packages/airflow/example_dags/example_branch_python_dop_operator_3.py took 0.093 seconds
[2024-07-18T08:39:17.434+0000] {processor.py:161} INFO - Started process (PID=402) to work on /home/airflow/.local/lib/python3.12/site-packages/airflow/example_dags/example_branch_python_dop_operator_3.py
[2024-07-18T08:39:17.437+0000] {processor.py:830} INFO - Processing file /home/airflow/.local/lib/python3.12/site-packages/airflow/example_dags/example_branch_python_dop_operator_3.py for tasks to queue
[2024-07-18T08:39:17.444+0000] {logging_mixin.py:188} INFO - [2024-07-18T08:39:17.442+0000] {dagbag.py:545} INFO - Filling up the DagBag from /home/airflow/.local/lib/python3.12/site-packages/airflow/example_dags/example_branch_python_dop_operator_3.py
[2024-07-18T08:39:17.463+0000] {processor.py:840} INFO - DAG(s) 'example_branch_dop_operator_v3' retrieved from /home/airflow/.local/lib/python3.12/site-packages/airflow/example_dags/example_branch_python_dop_operator_3.py
[2024-07-18T08:39:17.492+0000] {logging_mixin.py:188} INFO - [2024-07-18T08:39:17.491+0000] {dag.py:3096} INFO - Sync 1 DAGs
[2024-07-18T08:39:17.531+0000] {logging_mixin.py:188} INFO - [2024-07-18T08:39:17.530+0000] {dag.py:3954} INFO - Setting next_dagrun for example_branch_dop_operator_v3 to 2024-07-18 08:38:00+00:00, run_after=2024-07-18 08:39:00+00:00
[2024-07-18T08:39:17.557+0000] {processor.py:183} INFO - Processing /home/airflow/.local/lib/python3.12/site-packages/airflow/example_dags/example_branch_python_dop_operator_3.py took 0.133 seconds
[2024-07-18T08:39:47.674+0000] {processor.py:161} INFO - Started process (PID=462) to work on /home/airflow/.local/lib/python3.12/site-packages/airflow/example_dags/example_branch_python_dop_operator_3.py
[2024-07-18T08:39:47.675+0000] {processor.py:830} INFO - Processing file /home/airflow/.local/lib/python3.12/site-packages/airflow/example_dags/example_branch_python_dop_operator_3.py for tasks to queue
[2024-07-18T08:39:47.677+0000] {logging_mixin.py:188} INFO - [2024-07-18T08:39:47.677+0000] {dagbag.py:545} INFO - Filling up the DagBag from /home/airflow/.local/lib/python3.12/site-packages/airflow/example_dags/example_branch_python_dop_operator_3.py
[2024-07-18T08:39:47.686+0000] {processor.py:840} INFO - DAG(s) 'example_branch_dop_operator_v3' retrieved from /home/airflow/.local/lib/python3.12/site-packages/airflow/example_dags/example_branch_python_dop_operator_3.py
[2024-07-18T08:39:47.707+0000] {logging_mixin.py:188} INFO - [2024-07-18T08:39:47.707+0000] {dag.py:3096} INFO - Sync 1 DAGs
[2024-07-18T08:39:47.737+0000] {logging_mixin.py:188} INFO - [2024-07-18T08:39:47.736+0000] {dag.py:3954} INFO - Setting next_dagrun for example_branch_dop_operator_v3 to 2024-07-18 08:38:00+00:00, run_after=2024-07-18 08:39:00+00:00
[2024-07-18T08:39:47.760+0000] {processor.py:183} INFO - Processing /home/airflow/.local/lib/python3.12/site-packages/airflow/example_dags/example_branch_python_dop_operator_3.py took 0.092 seconds
[2024-07-18T08:40:17.902+0000] {processor.py:161} INFO - Started process (PID=522) to work on /home/airflow/.local/lib/python3.12/site-packages/airflow/example_dags/example_branch_python_dop_operator_3.py
[2024-07-18T08:40:17.903+0000] {processor.py:830} INFO - Processing file /home/airflow/.local/lib/python3.12/site-packages/airflow/example_dags/example_branch_python_dop_operator_3.py for tasks to queue
[2024-07-18T08:40:17.904+0000] {logging_mixin.py:188} INFO - [2024-07-18T08:40:17.904+0000] {dagbag.py:545} INFO - Filling up the DagBag from /home/airflow/.local/lib/python3.12/site-packages/airflow/example_dags/example_branch_python_dop_operator_3.py
[2024-07-18T08:40:17.916+0000] {processor.py:840} INFO - DAG(s) 'example_branch_dop_operator_v3' retrieved from /home/airflow/.local/lib/python3.12/site-packages/airflow/example_dags/example_branch_python_dop_operator_3.py
[2024-07-18T08:40:17.949+0000] {logging_mixin.py:188} INFO - [2024-07-18T08:40:17.948+0000] {dag.py:3096} INFO - Sync 1 DAGs
[2024-07-18T08:40:17.987+0000] {logging_mixin.py:188} INFO - [2024-07-18T08:40:17.987+0000] {dag.py:3954} INFO - Setting next_dagrun for example_branch_dop_operator_v3 to 2024-07-18 08:39:00+00:00, run_after=2024-07-18 08:40:00+00:00
[2024-07-18T08:40:18.019+0000] {processor.py:183} INFO - Processing /home/airflow/.local/lib/python3.12/site-packages/airflow/example_dags/example_branch_python_dop_operator_3.py took 0.122 seconds
[2024-07-18T08:40:48.202+0000] {processor.py:161} INFO - Started process (PID=582) to work on /home/airflow/.local/lib/python3.12/site-packages/airflow/example_dags/example_branch_python_dop_operator_3.py
[2024-07-18T08:40:48.204+0000] {processor.py:830} INFO - Processing file /home/airflow/.local/lib/python3.12/site-packages/airflow/example_dags/example_branch_python_dop_operator_3.py for tasks to queue
[2024-07-18T08:40:48.207+0000] {logging_mixin.py:188} INFO - [2024-07-18T08:40:48.206+0000] {dagbag.py:545} INFO - Filling up the DagBag from /home/airflow/.local/lib/python3.12/site-packages/airflow/example_dags/example_branch_python_dop_operator_3.py
[2024-07-18T08:40:48.217+0000] {processor.py:840} INFO - DAG(s) 'example_branch_dop_operator_v3' retrieved from /home/airflow/.local/lib/python3.12/site-packages/airflow/example_dags/example_branch_python_dop_operator_3.py
[2024-07-18T08:40:48.242+0000] {logging_mixin.py:188} INFO - [2024-07-18T08:40:48.242+0000] {dag.py:3096} INFO - Sync 1 DAGs
[2024-07-18T08:40:48.272+0000] {logging_mixin.py:188} INFO - [2024-07-18T08:40:48.272+0000] {dag.py:3954} INFO - Setting next_dagrun for example_branch_dop_operator_v3 to 2024-07-18 08:39:00+00:00, run_after=2024-07-18 08:40:00+00:00
[2024-07-18T08:40:48.293+0000] {processor.py:183} INFO - Processing /home/airflow/.local/lib/python3.12/site-packages/airflow/example_dags/example_branch_python_dop_operator_3.py took 0.098 seconds
[2024-07-18T08:41:18.454+0000] {processor.py:161} INFO - Started process (PID=642) to work on /home/airflow/.local/lib/python3.12/site-packages/airflow/example_dags/example_branch_python_dop_operator_3.py
[2024-07-18T08:41:18.456+0000] {processor.py:830} INFO - Processing file /home/airflow/.local/lib/python3.12/site-packages/airflow/example_dags/example_branch_python_dop_operator_3.py for tasks to queue
[2024-07-18T08:41:18.458+0000] {logging_mixin.py:188} INFO - [2024-07-18T08:41:18.458+0000] {dagbag.py:545} INFO - Filling up the DagBag from /home/airflow/.local/lib/python3.12/site-packages/airflow/example_dags/example_branch_python_dop_operator_3.py
[2024-07-18T08:41:18.470+0000] {processor.py:840} INFO - DAG(s) 'example_branch_dop_operator_v3' retrieved from /home/airflow/.local/lib/python3.12/site-packages/airflow/example_dags/example_branch_python_dop_operator_3.py
[2024-07-18T08:41:18.494+0000] {logging_mixin.py:188} INFO - [2024-07-18T08:41:18.494+0000] {dag.py:3096} INFO - Sync 1 DAGs
[2024-07-18T08:41:18.521+0000] {logging_mixin.py:188} INFO - [2024-07-18T08:41:18.521+0000] {dag.py:3954} INFO - Setting next_dagrun for example_branch_dop_operator_v3 to 2024-07-18 08:40:00+00:00, run_after=2024-07-18 08:41:00+00:00
[2024-07-18T08:41:18.543+0000] {processor.py:183} INFO - Processing /home/airflow/.local/lib/python3.12/site-packages/airflow/example_dags/example_branch_python_dop_operator_3.py took 0.097 seconds
[2024-07-18T08:41:48.689+0000] {processor.py:161} INFO - Started process (PID=702) to work on /home/airflow/.local/lib/python3.12/site-packages/airflow/example_dags/example_branch_python_dop_operator_3.py
[2024-07-18T08:41:48.690+0000] {processor.py:830} INFO - Processing file /home/airflow/.local/lib/python3.12/site-packages/airflow/example_dags/example_branch_python_dop_operator_3.py for tasks to queue
[2024-07-18T08:41:48.698+0000] {logging_mixin.py:188} INFO - [2024-07-18T08:41:48.696+0000] {dagbag.py:545} INFO - Filling up the DagBag from /home/airflow/.local/lib/python3.12/site-packages/airflow/example_dags/example_branch_python_dop_operator_3.py
[2024-07-18T08:41:48.710+0000] {processor.py:840} INFO - DAG(s) 'example_branch_dop_operator_v3' retrieved from /home/airflow/.local/lib/python3.12/site-packages/airflow/example_dags/example_branch_python_dop_operator_3.py
[2024-07-18T08:41:48.736+0000] {logging_mixin.py:188} INFO - [2024-07-18T08:41:48.736+0000] {dag.py:3096} INFO - Sync 1 DAGs
[2024-07-18T08:41:48.779+0000] {logging_mixin.py:188} INFO - [2024-07-18T08:41:48.779+0000] {dag.py:3954} INFO - Setting next_dagrun for example_branch_dop_operator_v3 to 2024-07-18 08:40:00+00:00, run_after=2024-07-18 08:41:00+00:00
[2024-07-18T08:41:48.812+0000] {processor.py:183} INFO - Processing /home/airflow/.local/lib/python3.12/site-packages/airflow/example_dags/example_branch_python_dop_operator_3.py took 0.131 seconds
[2024-07-18T08:42:18.924+0000] {processor.py:161} INFO - Started process (PID=762) to work on /home/airflow/.local/lib/python3.12/site-packages/airflow/example_dags/example_branch_python_dop_operator_3.py
[2024-07-18T08:42:18.928+0000] {processor.py:830} INFO - Processing file /home/airflow/.local/lib/python3.12/site-packages/airflow/example_dags/example_branch_python_dop_operator_3.py for tasks to queue
[2024-07-18T08:42:18.930+0000] {logging_mixin.py:188} INFO - [2024-07-18T08:42:18.930+0000] {dagbag.py:545} INFO - Filling up the DagBag from /home/airflow/.local/lib/python3.12/site-packages/airflow/example_dags/example_branch_python_dop_operator_3.py
[2024-07-18T08:42:18.943+0000] {processor.py:840} INFO - DAG(s) 'example_branch_dop_operator_v3' retrieved from /home/airflow/.local/lib/python3.12/site-packages/airflow/example_dags/example_branch_python_dop_operator_3.py
[2024-07-18T08:42:18.970+0000] {logging_mixin.py:188} INFO - [2024-07-18T08:42:18.970+0000] {dag.py:3096} INFO - Sync 1 DAGs
[2024-07-18T08:42:19.003+0000] {logging_mixin.py:188} INFO - [2024-07-18T08:42:19.002+0000] {dag.py:3954} INFO - Setting next_dagrun for example_branch_dop_operator_v3 to 2024-07-18 08:41:00+00:00, run_after=2024-07-18 08:42:00+00:00
[2024-07-18T08:42:19.028+0000] {processor.py:183} INFO - Processing /home/airflow/.local/lib/python3.12/site-packages/airflow/example_dags/example_branch_python_dop_operator_3.py took 0.112 seconds
[2024-07-18T08:42:49.864+0000] {processor.py:161} INFO - Started process (PID=822) to work on /home/airflow/.local/lib/python3.12/site-packages/airflow/example_dags/example_branch_python_dop_operator_3.py
[2024-07-18T08:42:49.865+0000] {processor.py:830} INFO - Processing file /home/airflow/.local/lib/python3.12/site-packages/airflow/example_dags/example_branch_python_dop_operator_3.py for tasks to queue
[2024-07-18T08:42:49.867+0000] {logging_mixin.py:188} INFO - [2024-07-18T08:42:49.867+0000] {dagbag.py:545} INFO - Filling up the DagBag from /home/airflow/.local/lib/python3.12/site-packages/airflow/example_dags/example_branch_python_dop_operator_3.py
[2024-07-18T08:42:49.874+0000] {processor.py:840} INFO - DAG(s) 'example_branch_dop_operator_v3' retrieved from /home/airflow/.local/lib/python3.12/site-packages/airflow/example_dags/example_branch_python_dop_operator_3.py
[2024-07-18T08:42:49.893+0000] {logging_mixin.py:188} INFO - [2024-07-18T08:42:49.893+0000] {dag.py:3096} INFO - Sync 1 DAGs
[2024-07-18T08:42:49.916+0000] {logging_mixin.py:188} INFO - [2024-07-18T08:42:49.916+0000] {dag.py:3954} INFO - Setting next_dagrun for example_branch_dop_operator_v3 to 2024-07-18 08:41:00+00:00, run_after=2024-07-18 08:42:00+00:00
[2024-07-18T08:42:49.934+0000] {processor.py:183} INFO - Processing /home/airflow/.local/lib/python3.12/site-packages/airflow/example_dags/example_branch_python_dop_operator_3.py took 0.074 seconds
[2024-07-18T08:43:20.099+0000] {processor.py:161} INFO - Started process (PID=882) to work on /home/airflow/.local/lib/python3.12/site-packages/airflow/example_dags/example_branch_python_dop_operator_3.py
[2024-07-18T08:43:20.101+0000] {processor.py:830} INFO - Processing file /home/airflow/.local/lib/python3.12/site-packages/airflow/example_dags/example_branch_python_dop_operator_3.py for tasks to queue
[2024-07-18T08:43:20.103+0000] {logging_mixin.py:188} INFO - [2024-07-18T08:43:20.103+0000] {dagbag.py:545} INFO - Filling up the DagBag from /home/airflow/.local/lib/python3.12/site-packages/airflow/example_dags/example_branch_python_dop_operator_3.py
[2024-07-18T08:43:20.113+0000] {processor.py:840} INFO - DAG(s) 'example_branch_dop_operator_v3' retrieved from /home/airflow/.local/lib/python3.12/site-packages/airflow/example_dags/example_branch_python_dop_operator_3.py
[2024-07-18T08:43:20.137+0000] {logging_mixin.py:188} INFO - [2024-07-18T08:43:20.137+0000] {dag.py:3096} INFO - Sync 1 DAGs
[2024-07-18T08:43:20.165+0000] {logging_mixin.py:188} INFO - [2024-07-18T08:43:20.164+0000] {dag.py:3954} INFO - Setting next_dagrun for example_branch_dop_operator_v3 to 2024-07-18 08:42:00+00:00, run_after=2024-07-18 08:43:00+00:00
[2024-07-18T08:43:20.188+0000] {processor.py:183} INFO - Processing /home/airflow/.local/lib/python3.12/site-packages/airflow/example_dags/example_branch_python_dop_operator_3.py took 0.096 seconds
[2024-07-18T08:43:50.552+0000] {processor.py:161} INFO - Started process (PID=942) to work on /home/airflow/.local/lib/python3.12/site-packages/airflow/example_dags/example_branch_python_dop_operator_3.py
[2024-07-18T08:43:50.553+0000] {processor.py:830} INFO - Processing file /home/airflow/.local/lib/python3.12/site-packages/airflow/example_dags/example_branch_python_dop_operator_3.py for tasks to queue
[2024-07-18T08:43:50.555+0000] {logging_mixin.py:188} INFO - [2024-07-18T08:43:50.555+0000] {dagbag.py:545} INFO - Filling up the DagBag from /home/airflow/.local/lib/python3.12/site-packages/airflow/example_dags/example_branch_python_dop_operator_3.py
[2024-07-18T08:43:50.568+0000] {processor.py:840} INFO - DAG(s) 'example_branch_dop_operator_v3' retrieved from /home/airflow/.local/lib/python3.12/site-packages/airflow/example_dags/example_branch_python_dop_operator_3.py
[2024-07-18T08:43:50.605+0000] {logging_mixin.py:188} INFO - [2024-07-18T08:43:50.605+0000] {dag.py:3096} INFO - Sync 1 DAGs
[2024-07-18T08:43:50.637+0000] {logging_mixin.py:188} INFO - [2024-07-18T08:43:50.636+0000] {dag.py:3954} INFO - Setting next_dagrun for example_branch_dop_operator_v3 to 2024-07-18 08:42:00+00:00, run_after=2024-07-18 08:43:00+00:00
[2024-07-18T08:43:50.658+0000] {processor.py:183} INFO - Processing /home/airflow/.local/lib/python3.12/site-packages/airflow/example_dags/example_branch_python_dop_operator_3.py took 0.113 seconds
[2024-07-18T08:44:21.018+0000] {processor.py:161} INFO - Started process (PID=1002) to work on /home/airflow/.local/lib/python3.12/site-packages/airflow/example_dags/example_branch_python_dop_operator_3.py
[2024-07-18T08:44:21.019+0000] {processor.py:830} INFO - Processing file /home/airflow/.local/lib/python3.12/site-packages/airflow/example_dags/example_branch_python_dop_operator_3.py for tasks to queue
[2024-07-18T08:44:21.022+0000] {logging_mixin.py:188} INFO - [2024-07-18T08:44:21.021+0000] {dagbag.py:545} INFO - Filling up the DagBag from /home/airflow/.local/lib/python3.12/site-packages/airflow/example_dags/example_branch_python_dop_operator_3.py
[2024-07-18T08:44:21.033+0000] {processor.py:840} INFO - DAG(s) 'example_branch_dop_operator_v3' retrieved from /home/airflow/.local/lib/python3.12/site-packages/airflow/example_dags/example_branch_python_dop_operator_3.py
[2024-07-18T08:44:21.062+0000] {logging_mixin.py:188} INFO - [2024-07-18T08:44:21.061+0000] {dag.py:3096} INFO - Sync 1 DAGs
[2024-07-18T08:44:21.093+0000] {logging_mixin.py:188} INFO - [2024-07-18T08:44:21.092+0000] {dag.py:3954} INFO - Setting next_dagrun for example_branch_dop_operator_v3 to 2024-07-18 08:43:00+00:00, run_after=2024-07-18 08:44:00+00:00
[2024-07-18T08:44:21.119+0000] {processor.py:183} INFO - Processing /home/airflow/.local/lib/python3.12/site-packages/airflow/example_dags/example_branch_python_dop_operator_3.py took 0.107 seconds
[2024-07-18T08:44:51.526+0000] {processor.py:161} INFO - Started process (PID=1063) to work on /home/airflow/.local/lib/python3.12/site-packages/airflow/example_dags/example_branch_python_dop_operator_3.py
[2024-07-18T08:44:51.527+0000] {processor.py:830} INFO - Processing file /home/airflow/.local/lib/python3.12/site-packages/airflow/example_dags/example_branch_python_dop_operator_3.py for tasks to queue
[2024-07-18T08:44:51.530+0000] {logging_mixin.py:188} INFO - [2024-07-18T08:44:51.529+0000] {dagbag.py:545} INFO - Filling up the DagBag from /home/airflow/.local/lib/python3.12/site-packages/airflow/example_dags/example_branch_python_dop_operator_3.py
[2024-07-18T08:44:51.540+0000] {processor.py:840} INFO - DAG(s) 'example_branch_dop_operator_v3' retrieved from /home/airflow/.local/lib/python3.12/site-packages/airflow/example_dags/example_branch_python_dop_operator_3.py
[2024-07-18T08:44:51.567+0000] {logging_mixin.py:188} INFO - [2024-07-18T08:44:51.567+0000] {dag.py:3096} INFO - Sync 1 DAGs
[2024-07-18T08:44:51.601+0000] {logging_mixin.py:188} INFO - [2024-07-18T08:44:51.600+0000] {dag.py:3954} INFO - Setting next_dagrun for example_branch_dop_operator_v3 to 2024-07-18 08:43:00+00:00, run_after=2024-07-18 08:44:00+00:00
[2024-07-18T08:44:51.661+0000] {processor.py:183} INFO - Processing /home/airflow/.local/lib/python3.12/site-packages/airflow/example_dags/example_branch_python_dop_operator_3.py took 0.143 seconds
[2024-07-18T08:45:21.778+0000] {processor.py:161} INFO - Started process (PID=1124) to work on /home/airflow/.local/lib/python3.12/site-packages/airflow/example_dags/example_branch_python_dop_operator_3.py
[2024-07-18T08:45:21.779+0000] {processor.py:830} INFO - Processing file /home/airflow/.local/lib/python3.12/site-packages/airflow/example_dags/example_branch_python_dop_operator_3.py for tasks to queue
[2024-07-18T08:45:21.781+0000] {logging_mixin.py:188} INFO - [2024-07-18T08:45:21.780+0000] {dagbag.py:545} INFO - Filling up the DagBag from /home/airflow/.local/lib/python3.12/site-packages/airflow/example_dags/example_branch_python_dop_operator_3.py
[2024-07-18T08:45:21.788+0000] {processor.py:840} INFO - DAG(s) 'example_branch_dop_operator_v3' retrieved from /home/airflow/.local/lib/python3.12/site-packages/airflow/example_dags/example_branch_python_dop_operator_3.py
[2024-07-18T08:45:21.806+0000] {logging_mixin.py:188} INFO - [2024-07-18T08:45:21.806+0000] {dag.py:3096} INFO - Sync 1 DAGs
[2024-07-18T08:45:21.828+0000] {logging_mixin.py:188} INFO - [2024-07-18T08:45:21.828+0000] {dag.py:3954} INFO - Setting next_dagrun for example_branch_dop_operator_v3 to 2024-07-18 08:44:00+00:00, run_after=2024-07-18 08:45:00+00:00
[2024-07-18T08:45:21.849+0000] {processor.py:183} INFO - Processing /home/airflow/.local/lib/python3.12/site-packages/airflow/example_dags/example_branch_python_dop_operator_3.py took 0.076 seconds
