[2024-07-18T08:31:38.819+0000] {processor.py:161} INFO - Started process (PID=81) to work on /home/airflow/.local/lib/python3.12/site-packages/airflow/example_dags/tutorial_dag.py
[2024-07-18T08:31:38.820+0000] {processor.py:830} INFO - Processing file /home/airflow/.local/lib/python3.12/site-packages/airflow/example_dags/tutorial_dag.py for tasks to queue
[2024-07-18T08:31:38.822+0000] {logging_mixin.py:188} INFO - [2024-07-18T08:31:38.822+0000] {dagbag.py:545} INFO - Filling up the DagBag from /home/airflow/.local/lib/python3.12/site-packages/airflow/example_dags/tutorial_dag.py
[2024-07-18T08:31:38.828+0000] {processor.py:840} INFO - DAG(s) 'tutorial_dag' retrieved from /home/airflow/.local/lib/python3.12/site-packages/airflow/example_dags/tutorial_dag.py
[2024-07-18T08:31:38.971+0000] {logging_mixin.py:188} INFO - [2024-07-18T08:31:38.971+0000] {dag.py:3096} INFO - Sync 1 DAGs
[2024-07-18T08:31:38.987+0000] {logging_mixin.py:188} INFO - [2024-07-18T08:31:38.987+0000] {dag.py:3954} INFO - Setting next_dagrun for tutorial_dag to None, run_after=None
[2024-07-18T08:31:39.012+0000] {processor.py:183} INFO - Processing /home/airflow/.local/lib/python3.12/site-packages/airflow/example_dags/tutorial_dag.py took 0.201 seconds
[2024-07-18T08:32:09.130+0000] {processor.py:161} INFO - Started process (PID=142) to work on /home/airflow/.local/lib/python3.12/site-packages/airflow/example_dags/tutorial_dag.py
[2024-07-18T08:32:09.134+0000] {processor.py:830} INFO - Processing file /home/airflow/.local/lib/python3.12/site-packages/airflow/example_dags/tutorial_dag.py for tasks to queue
[2024-07-18T08:32:09.141+0000] {logging_mixin.py:188} INFO - [2024-07-18T08:32:09.140+0000] {dagbag.py:545} INFO - Filling up the DagBag from /home/airflow/.local/lib/python3.12/site-packages/airflow/example_dags/tutorial_dag.py
[2024-07-18T08:32:09.161+0000] {processor.py:840} INFO - DAG(s) 'tutorial_dag' retrieved from /home/airflow/.local/lib/python3.12/site-packages/airflow/example_dags/tutorial_dag.py
[2024-07-18T08:32:09.204+0000] {logging_mixin.py:188} INFO - [2024-07-18T08:32:09.203+0000] {dag.py:3096} INFO - Sync 1 DAGs
[2024-07-18T08:32:09.226+0000] {logging_mixin.py:188} INFO - [2024-07-18T08:32:09.226+0000] {dag.py:3954} INFO - Setting next_dagrun for tutorial_dag to None, run_after=None
[2024-07-18T08:32:09.266+0000] {processor.py:183} INFO - Processing /home/airflow/.local/lib/python3.12/site-packages/airflow/example_dags/tutorial_dag.py took 0.154 seconds
[2024-07-18T08:32:40.004+0000] {processor.py:161} INFO - Started process (PID=201) to work on /home/airflow/.local/lib/python3.12/site-packages/airflow/example_dags/tutorial_dag.py
[2024-07-18T08:32:40.005+0000] {processor.py:830} INFO - Processing file /home/airflow/.local/lib/python3.12/site-packages/airflow/example_dags/tutorial_dag.py for tasks to queue
[2024-07-18T08:32:40.006+0000] {logging_mixin.py:188} INFO - [2024-07-18T08:32:40.005+0000] {dagbag.py:545} INFO - Filling up the DagBag from /home/airflow/.local/lib/python3.12/site-packages/airflow/example_dags/tutorial_dag.py
[2024-07-18T08:32:40.011+0000] {processor.py:840} INFO - DAG(s) 'tutorial_dag' retrieved from /home/airflow/.local/lib/python3.12/site-packages/airflow/example_dags/tutorial_dag.py
[2024-07-18T08:32:40.033+0000] {logging_mixin.py:188} INFO - [2024-07-18T08:32:40.033+0000] {dag.py:3096} INFO - Sync 1 DAGs
[2024-07-18T08:32:40.051+0000] {logging_mixin.py:188} INFO - [2024-07-18T08:32:40.051+0000] {dag.py:3954} INFO - Setting next_dagrun for tutorial_dag to None, run_after=None
[2024-07-18T08:32:40.084+0000] {processor.py:183} INFO - Processing /home/airflow/.local/lib/python3.12/site-packages/airflow/example_dags/tutorial_dag.py took 0.087 seconds
[2024-07-18T08:33:10.490+0000] {processor.py:161} INFO - Started process (PID=261) to work on /home/airflow/.local/lib/python3.12/site-packages/airflow/example_dags/tutorial_dag.py
[2024-07-18T08:33:10.491+0000] {processor.py:830} INFO - Processing file /home/airflow/.local/lib/python3.12/site-packages/airflow/example_dags/tutorial_dag.py for tasks to queue
[2024-07-18T08:33:10.492+0000] {logging_mixin.py:188} INFO - [2024-07-18T08:33:10.492+0000] {dagbag.py:545} INFO - Filling up the DagBag from /home/airflow/.local/lib/python3.12/site-packages/airflow/example_dags/tutorial_dag.py
[2024-07-18T08:33:10.497+0000] {processor.py:840} INFO - DAG(s) 'tutorial_dag' retrieved from /home/airflow/.local/lib/python3.12/site-packages/airflow/example_dags/tutorial_dag.py
[2024-07-18T08:33:10.519+0000] {logging_mixin.py:188} INFO - [2024-07-18T08:33:10.519+0000] {dag.py:3096} INFO - Sync 1 DAGs
[2024-07-18T08:33:10.532+0000] {logging_mixin.py:188} INFO - [2024-07-18T08:33:10.532+0000] {dag.py:3954} INFO - Setting next_dagrun for tutorial_dag to None, run_after=None
[2024-07-18T08:33:10.555+0000] {processor.py:183} INFO - Processing /home/airflow/.local/lib/python3.12/site-packages/airflow/example_dags/tutorial_dag.py took 0.070 seconds
[2024-07-18T08:36:22.290+0000] {processor.py:161} INFO - Started process (PID=88) to work on /home/airflow/.local/lib/python3.12/site-packages/airflow/example_dags/tutorial_dag.py
[2024-07-18T08:36:22.291+0000] {processor.py:830} INFO - Processing file /home/airflow/.local/lib/python3.12/site-packages/airflow/example_dags/tutorial_dag.py for tasks to queue
[2024-07-18T08:36:22.302+0000] {logging_mixin.py:188} INFO - [2024-07-18T08:36:22.294+0000] {dagbag.py:545} INFO - Filling up the DagBag from /home/airflow/.local/lib/python3.12/site-packages/airflow/example_dags/tutorial_dag.py
[2024-07-18T08:36:22.311+0000] {processor.py:840} INFO - DAG(s) 'tutorial_dag' retrieved from /home/airflow/.local/lib/python3.12/site-packages/airflow/example_dags/tutorial_dag.py
[2024-07-18T08:36:22.669+0000] {logging_mixin.py:188} INFO - [2024-07-18T08:36:22.669+0000] {dag.py:3096} INFO - Sync 1 DAGs
[2024-07-18T08:36:22.695+0000] {logging_mixin.py:188} INFO - [2024-07-18T08:36:22.695+0000] {dag.py:3954} INFO - Setting next_dagrun for tutorial_dag to None, run_after=None
[2024-07-18T08:36:22.729+0000] {processor.py:183} INFO - Processing /home/airflow/.local/lib/python3.12/site-packages/airflow/example_dags/tutorial_dag.py took 0.458 seconds
[2024-07-18T08:36:52.921+0000] {processor.py:161} INFO - Started process (PID=148) to work on /home/airflow/.local/lib/python3.12/site-packages/airflow/example_dags/tutorial_dag.py
[2024-07-18T08:36:52.922+0000] {processor.py:830} INFO - Processing file /home/airflow/.local/lib/python3.12/site-packages/airflow/example_dags/tutorial_dag.py for tasks to queue
[2024-07-18T08:36:52.923+0000] {logging_mixin.py:188} INFO - [2024-07-18T08:36:52.923+0000] {dagbag.py:545} INFO - Filling up the DagBag from /home/airflow/.local/lib/python3.12/site-packages/airflow/example_dags/tutorial_dag.py
[2024-07-18T08:36:52.929+0000] {processor.py:840} INFO - DAG(s) 'tutorial_dag' retrieved from /home/airflow/.local/lib/python3.12/site-packages/airflow/example_dags/tutorial_dag.py
[2024-07-18T08:36:52.950+0000] {logging_mixin.py:188} INFO - [2024-07-18T08:36:52.950+0000] {dag.py:3096} INFO - Sync 1 DAGs
[2024-07-18T08:36:52.963+0000] {logging_mixin.py:188} INFO - [2024-07-18T08:36:52.963+0000] {dag.py:3954} INFO - Setting next_dagrun for tutorial_dag to None, run_after=None
[2024-07-18T08:36:52.989+0000] {processor.py:183} INFO - Processing /home/airflow/.local/lib/python3.12/site-packages/airflow/example_dags/tutorial_dag.py took 0.074 seconds
[2024-07-18T08:37:23.795+0000] {processor.py:161} INFO - Started process (PID=208) to work on /home/airflow/.local/lib/python3.12/site-packages/airflow/example_dags/tutorial_dag.py
[2024-07-18T08:37:23.797+0000] {processor.py:830} INFO - Processing file /home/airflow/.local/lib/python3.12/site-packages/airflow/example_dags/tutorial_dag.py for tasks to queue
[2024-07-18T08:37:23.801+0000] {logging_mixin.py:188} INFO - [2024-07-18T08:37:23.801+0000] {dagbag.py:545} INFO - Filling up the DagBag from /home/airflow/.local/lib/python3.12/site-packages/airflow/example_dags/tutorial_dag.py
[2024-07-18T08:37:23.812+0000] {processor.py:840} INFO - DAG(s) 'tutorial_dag' retrieved from /home/airflow/.local/lib/python3.12/site-packages/airflow/example_dags/tutorial_dag.py
[2024-07-18T08:37:23.845+0000] {logging_mixin.py:188} INFO - [2024-07-18T08:37:23.845+0000] {dag.py:3096} INFO - Sync 1 DAGs
[2024-07-18T08:37:23.865+0000] {logging_mixin.py:188} INFO - [2024-07-18T08:37:23.864+0000] {dag.py:3954} INFO - Setting next_dagrun for tutorial_dag to None, run_after=None
[2024-07-18T08:37:23.897+0000] {processor.py:183} INFO - Processing /home/airflow/.local/lib/python3.12/site-packages/airflow/example_dags/tutorial_dag.py took 0.114 seconds
[2024-07-18T08:37:54.250+0000] {processor.py:161} INFO - Started process (PID=269) to work on /home/airflow/.local/lib/python3.12/site-packages/airflow/example_dags/tutorial_dag.py
[2024-07-18T08:37:54.251+0000] {processor.py:830} INFO - Processing file /home/airflow/.local/lib/python3.12/site-packages/airflow/example_dags/tutorial_dag.py for tasks to queue
[2024-07-18T08:37:54.253+0000] {logging_mixin.py:188} INFO - [2024-07-18T08:37:54.252+0000] {dagbag.py:545} INFO - Filling up the DagBag from /home/airflow/.local/lib/python3.12/site-packages/airflow/example_dags/tutorial_dag.py
[2024-07-18T08:37:54.258+0000] {processor.py:840} INFO - DAG(s) 'tutorial_dag' retrieved from /home/airflow/.local/lib/python3.12/site-packages/airflow/example_dags/tutorial_dag.py
[2024-07-18T08:37:54.277+0000] {logging_mixin.py:188} INFO - [2024-07-18T08:37:54.277+0000] {dag.py:3096} INFO - Sync 1 DAGs
[2024-07-18T08:37:54.291+0000] {logging_mixin.py:188} INFO - [2024-07-18T08:37:54.291+0000] {dag.py:3954} INFO - Setting next_dagrun for tutorial_dag to None, run_after=None
[2024-07-18T08:37:54.312+0000] {processor.py:183} INFO - Processing /home/airflow/.local/lib/python3.12/site-packages/airflow/example_dags/tutorial_dag.py took 0.067 seconds
[2024-07-18T08:38:24.818+0000] {processor.py:161} INFO - Started process (PID=328) to work on /home/airflow/.local/lib/python3.12/site-packages/airflow/example_dags/tutorial_dag.py
[2024-07-18T08:38:24.819+0000] {processor.py:830} INFO - Processing file /home/airflow/.local/lib/python3.12/site-packages/airflow/example_dags/tutorial_dag.py for tasks to queue
[2024-07-18T08:38:24.822+0000] {logging_mixin.py:188} INFO - [2024-07-18T08:38:24.821+0000] {dagbag.py:545} INFO - Filling up the DagBag from /home/airflow/.local/lib/python3.12/site-packages/airflow/example_dags/tutorial_dag.py
[2024-07-18T08:38:24.828+0000] {processor.py:840} INFO - DAG(s) 'tutorial_dag' retrieved from /home/airflow/.local/lib/python3.12/site-packages/airflow/example_dags/tutorial_dag.py
[2024-07-18T08:38:24.852+0000] {logging_mixin.py:188} INFO - [2024-07-18T08:38:24.852+0000] {dag.py:3096} INFO - Sync 1 DAGs
[2024-07-18T08:38:24.870+0000] {logging_mixin.py:188} INFO - [2024-07-18T08:38:24.870+0000] {dag.py:3954} INFO - Setting next_dagrun for tutorial_dag to None, run_after=None
[2024-07-18T08:38:24.898+0000] {processor.py:183} INFO - Processing /home/airflow/.local/lib/python3.12/site-packages/airflow/example_dags/tutorial_dag.py took 0.085 seconds
[2024-07-18T08:38:55.278+0000] {processor.py:161} INFO - Started process (PID=388) to work on /home/airflow/.local/lib/python3.12/site-packages/airflow/example_dags/tutorial_dag.py
[2024-07-18T08:38:55.279+0000] {processor.py:830} INFO - Processing file /home/airflow/.local/lib/python3.12/site-packages/airflow/example_dags/tutorial_dag.py for tasks to queue
[2024-07-18T08:38:55.281+0000] {logging_mixin.py:188} INFO - [2024-07-18T08:38:55.281+0000] {dagbag.py:545} INFO - Filling up the DagBag from /home/airflow/.local/lib/python3.12/site-packages/airflow/example_dags/tutorial_dag.py
[2024-07-18T08:38:55.289+0000] {processor.py:840} INFO - DAG(s) 'tutorial_dag' retrieved from /home/airflow/.local/lib/python3.12/site-packages/airflow/example_dags/tutorial_dag.py
[2024-07-18T08:38:55.313+0000] {logging_mixin.py:188} INFO - [2024-07-18T08:38:55.313+0000] {dag.py:3096} INFO - Sync 1 DAGs
[2024-07-18T08:38:55.334+0000] {logging_mixin.py:188} INFO - [2024-07-18T08:38:55.334+0000] {dag.py:3954} INFO - Setting next_dagrun for tutorial_dag to None, run_after=None
[2024-07-18T08:38:55.360+0000] {processor.py:183} INFO - Processing /home/airflow/.local/lib/python3.12/site-packages/airflow/example_dags/tutorial_dag.py took 0.089 seconds
[2024-07-18T08:39:26.357+0000] {processor.py:161} INFO - Started process (PID=448) to work on /home/airflow/.local/lib/python3.12/site-packages/airflow/example_dags/tutorial_dag.py
[2024-07-18T08:39:26.359+0000] {processor.py:830} INFO - Processing file /home/airflow/.local/lib/python3.12/site-packages/airflow/example_dags/tutorial_dag.py for tasks to queue
[2024-07-18T08:39:26.361+0000] {logging_mixin.py:188} INFO - [2024-07-18T08:39:26.361+0000] {dagbag.py:545} INFO - Filling up the DagBag from /home/airflow/.local/lib/python3.12/site-packages/airflow/example_dags/tutorial_dag.py
[2024-07-18T08:39:26.368+0000] {processor.py:840} INFO - DAG(s) 'tutorial_dag' retrieved from /home/airflow/.local/lib/python3.12/site-packages/airflow/example_dags/tutorial_dag.py
[2024-07-18T08:39:26.418+0000] {logging_mixin.py:188} INFO - [2024-07-18T08:39:26.418+0000] {dag.py:3096} INFO - Sync 1 DAGs
[2024-07-18T08:39:26.453+0000] {logging_mixin.py:188} INFO - [2024-07-18T08:39:26.453+0000] {dag.py:3954} INFO - Setting next_dagrun for tutorial_dag to None, run_after=None
[2024-07-18T08:39:26.493+0000] {processor.py:183} INFO - Processing /home/airflow/.local/lib/python3.12/site-packages/airflow/example_dags/tutorial_dag.py took 0.151 seconds
[2024-07-18T08:39:57.055+0000] {processor.py:161} INFO - Started process (PID=508) to work on /home/airflow/.local/lib/python3.12/site-packages/airflow/example_dags/tutorial_dag.py
[2024-07-18T08:39:57.056+0000] {processor.py:830} INFO - Processing file /home/airflow/.local/lib/python3.12/site-packages/airflow/example_dags/tutorial_dag.py for tasks to queue
[2024-07-18T08:39:57.057+0000] {logging_mixin.py:188} INFO - [2024-07-18T08:39:57.057+0000] {dagbag.py:545} INFO - Filling up the DagBag from /home/airflow/.local/lib/python3.12/site-packages/airflow/example_dags/tutorial_dag.py
[2024-07-18T08:39:57.063+0000] {processor.py:840} INFO - DAG(s) 'tutorial_dag' retrieved from /home/airflow/.local/lib/python3.12/site-packages/airflow/example_dags/tutorial_dag.py
[2024-07-18T08:39:57.087+0000] {logging_mixin.py:188} INFO - [2024-07-18T08:39:57.086+0000] {dag.py:3096} INFO - Sync 1 DAGs
[2024-07-18T08:39:57.105+0000] {logging_mixin.py:188} INFO - [2024-07-18T08:39:57.105+0000] {dag.py:3954} INFO - Setting next_dagrun for tutorial_dag to None, run_after=None
[2024-07-18T08:39:57.136+0000] {processor.py:183} INFO - Processing /home/airflow/.local/lib/python3.12/site-packages/airflow/example_dags/tutorial_dag.py took 0.088 seconds
[2024-07-18T08:40:27.915+0000] {processor.py:161} INFO - Started process (PID=568) to work on /home/airflow/.local/lib/python3.12/site-packages/airflow/example_dags/tutorial_dag.py
[2024-07-18T08:40:27.916+0000] {processor.py:830} INFO - Processing file /home/airflow/.local/lib/python3.12/site-packages/airflow/example_dags/tutorial_dag.py for tasks to queue
[2024-07-18T08:40:27.917+0000] {logging_mixin.py:188} INFO - [2024-07-18T08:40:27.917+0000] {dagbag.py:545} INFO - Filling up the DagBag from /home/airflow/.local/lib/python3.12/site-packages/airflow/example_dags/tutorial_dag.py
[2024-07-18T08:40:27.923+0000] {processor.py:840} INFO - DAG(s) 'tutorial_dag' retrieved from /home/airflow/.local/lib/python3.12/site-packages/airflow/example_dags/tutorial_dag.py
[2024-07-18T08:40:27.948+0000] {logging_mixin.py:188} INFO - [2024-07-18T08:40:27.947+0000] {dag.py:3096} INFO - Sync 1 DAGs
[2024-07-18T08:40:27.966+0000] {logging_mixin.py:188} INFO - [2024-07-18T08:40:27.966+0000] {dag.py:3954} INFO - Setting next_dagrun for tutorial_dag to None, run_after=None
[2024-07-18T08:40:27.994+0000] {processor.py:183} INFO - Processing /home/airflow/.local/lib/python3.12/site-packages/airflow/example_dags/tutorial_dag.py took 0.084 seconds
[2024-07-18T08:40:58.273+0000] {processor.py:161} INFO - Started process (PID=628) to work on /home/airflow/.local/lib/python3.12/site-packages/airflow/example_dags/tutorial_dag.py
[2024-07-18T08:40:58.274+0000] {processor.py:830} INFO - Processing file /home/airflow/.local/lib/python3.12/site-packages/airflow/example_dags/tutorial_dag.py for tasks to queue
[2024-07-18T08:40:58.277+0000] {logging_mixin.py:188} INFO - [2024-07-18T08:40:58.276+0000] {dagbag.py:545} INFO - Filling up the DagBag from /home/airflow/.local/lib/python3.12/site-packages/airflow/example_dags/tutorial_dag.py
[2024-07-18T08:40:58.284+0000] {processor.py:840} INFO - DAG(s) 'tutorial_dag' retrieved from /home/airflow/.local/lib/python3.12/site-packages/airflow/example_dags/tutorial_dag.py
[2024-07-18T08:40:58.306+0000] {logging_mixin.py:188} INFO - [2024-07-18T08:40:58.306+0000] {dag.py:3096} INFO - Sync 1 DAGs
[2024-07-18T08:40:58.324+0000] {logging_mixin.py:188} INFO - [2024-07-18T08:40:58.324+0000] {dag.py:3954} INFO - Setting next_dagrun for tutorial_dag to None, run_after=None
[2024-07-18T08:40:58.354+0000] {processor.py:183} INFO - Processing /home/airflow/.local/lib/python3.12/site-packages/airflow/example_dags/tutorial_dag.py took 0.086 seconds
[2024-07-18T08:41:28.994+0000] {processor.py:161} INFO - Started process (PID=688) to work on /home/airflow/.local/lib/python3.12/site-packages/airflow/example_dags/tutorial_dag.py
[2024-07-18T08:41:28.995+0000] {processor.py:830} INFO - Processing file /home/airflow/.local/lib/python3.12/site-packages/airflow/example_dags/tutorial_dag.py for tasks to queue
[2024-07-18T08:41:28.997+0000] {logging_mixin.py:188} INFO - [2024-07-18T08:41:28.997+0000] {dagbag.py:545} INFO - Filling up the DagBag from /home/airflow/.local/lib/python3.12/site-packages/airflow/example_dags/tutorial_dag.py
[2024-07-18T08:41:29.003+0000] {processor.py:840} INFO - DAG(s) 'tutorial_dag' retrieved from /home/airflow/.local/lib/python3.12/site-packages/airflow/example_dags/tutorial_dag.py
[2024-07-18T08:41:29.027+0000] {logging_mixin.py:188} INFO - [2024-07-18T08:41:29.027+0000] {dag.py:3096} INFO - Sync 1 DAGs
[2024-07-18T08:41:29.043+0000] {logging_mixin.py:188} INFO - [2024-07-18T08:41:29.043+0000] {dag.py:3954} INFO - Setting next_dagrun for tutorial_dag to None, run_after=None
[2024-07-18T08:41:29.062+0000] {processor.py:183} INFO - Processing /home/airflow/.local/lib/python3.12/site-packages/airflow/example_dags/tutorial_dag.py took 0.072 seconds
[2024-07-18T08:41:59.989+0000] {processor.py:161} INFO - Started process (PID=748) to work on /home/airflow/.local/lib/python3.12/site-packages/airflow/example_dags/tutorial_dag.py
[2024-07-18T08:41:59.990+0000] {processor.py:830} INFO - Processing file /home/airflow/.local/lib/python3.12/site-packages/airflow/example_dags/tutorial_dag.py for tasks to queue
[2024-07-18T08:41:59.992+0000] {logging_mixin.py:188} INFO - [2024-07-18T08:41:59.991+0000] {dagbag.py:545} INFO - Filling up the DagBag from /home/airflow/.local/lib/python3.12/site-packages/airflow/example_dags/tutorial_dag.py
[2024-07-18T08:41:59.998+0000] {processor.py:840} INFO - DAG(s) 'tutorial_dag' retrieved from /home/airflow/.local/lib/python3.12/site-packages/airflow/example_dags/tutorial_dag.py
[2024-07-18T08:42:00.020+0000] {logging_mixin.py:188} INFO - [2024-07-18T08:42:00.019+0000] {dag.py:3096} INFO - Sync 1 DAGs
[2024-07-18T08:42:00.033+0000] {logging_mixin.py:188} INFO - [2024-07-18T08:42:00.033+0000] {dag.py:3954} INFO - Setting next_dagrun for tutorial_dag to None, run_after=None
[2024-07-18T08:42:00.057+0000] {processor.py:183} INFO - Processing /home/airflow/.local/lib/python3.12/site-packages/airflow/example_dags/tutorial_dag.py took 0.073 seconds
[2024-07-18T08:42:30.683+0000] {processor.py:161} INFO - Started process (PID=808) to work on /home/airflow/.local/lib/python3.12/site-packages/airflow/example_dags/tutorial_dag.py
[2024-07-18T08:42:30.684+0000] {processor.py:830} INFO - Processing file /home/airflow/.local/lib/python3.12/site-packages/airflow/example_dags/tutorial_dag.py for tasks to queue
[2024-07-18T08:42:30.685+0000] {logging_mixin.py:188} INFO - [2024-07-18T08:42:30.685+0000] {dagbag.py:545} INFO - Filling up the DagBag from /home/airflow/.local/lib/python3.12/site-packages/airflow/example_dags/tutorial_dag.py
[2024-07-18T08:42:30.689+0000] {processor.py:840} INFO - DAG(s) 'tutorial_dag' retrieved from /home/airflow/.local/lib/python3.12/site-packages/airflow/example_dags/tutorial_dag.py
[2024-07-18T08:42:30.707+0000] {logging_mixin.py:188} INFO - [2024-07-18T08:42:30.707+0000] {dag.py:3096} INFO - Sync 1 DAGs
[2024-07-18T08:42:30.718+0000] {logging_mixin.py:188} INFO - [2024-07-18T08:42:30.718+0000] {dag.py:3954} INFO - Setting next_dagrun for tutorial_dag to None, run_after=None
[2024-07-18T08:42:30.736+0000] {processor.py:183} INFO - Processing /home/airflow/.local/lib/python3.12/site-packages/airflow/example_dags/tutorial_dag.py took 0.059 seconds
[2024-07-18T08:43:01.319+0000] {processor.py:161} INFO - Started process (PID=868) to work on /home/airflow/.local/lib/python3.12/site-packages/airflow/example_dags/tutorial_dag.py
[2024-07-18T08:43:01.320+0000] {processor.py:830} INFO - Processing file /home/airflow/.local/lib/python3.12/site-packages/airflow/example_dags/tutorial_dag.py for tasks to queue
[2024-07-18T08:43:01.322+0000] {logging_mixin.py:188} INFO - [2024-07-18T08:43:01.322+0000] {dagbag.py:545} INFO - Filling up the DagBag from /home/airflow/.local/lib/python3.12/site-packages/airflow/example_dags/tutorial_dag.py
[2024-07-18T08:43:01.328+0000] {processor.py:840} INFO - DAG(s) 'tutorial_dag' retrieved from /home/airflow/.local/lib/python3.12/site-packages/airflow/example_dags/tutorial_dag.py
[2024-07-18T08:43:01.350+0000] {logging_mixin.py:188} INFO - [2024-07-18T08:43:01.350+0000] {dag.py:3096} INFO - Sync 1 DAGs
[2024-07-18T08:43:01.366+0000] {logging_mixin.py:188} INFO - [2024-07-18T08:43:01.366+0000] {dag.py:3954} INFO - Setting next_dagrun for tutorial_dag to None, run_after=None
[2024-07-18T08:43:01.391+0000] {processor.py:183} INFO - Processing /home/airflow/.local/lib/python3.12/site-packages/airflow/example_dags/tutorial_dag.py took 0.079 seconds
[2024-07-18T08:43:32.254+0000] {processor.py:161} INFO - Started process (PID=928) to work on /home/airflow/.local/lib/python3.12/site-packages/airflow/example_dags/tutorial_dag.py
[2024-07-18T08:43:32.255+0000] {processor.py:830} INFO - Processing file /home/airflow/.local/lib/python3.12/site-packages/airflow/example_dags/tutorial_dag.py for tasks to queue
[2024-07-18T08:43:32.257+0000] {logging_mixin.py:188} INFO - [2024-07-18T08:43:32.257+0000] {dagbag.py:545} INFO - Filling up the DagBag from /home/airflow/.local/lib/python3.12/site-packages/airflow/example_dags/tutorial_dag.py
[2024-07-18T08:43:32.266+0000] {processor.py:840} INFO - DAG(s) 'tutorial_dag' retrieved from /home/airflow/.local/lib/python3.12/site-packages/airflow/example_dags/tutorial_dag.py
[2024-07-18T08:43:32.291+0000] {logging_mixin.py:188} INFO - [2024-07-18T08:43:32.290+0000] {dag.py:3096} INFO - Sync 1 DAGs
[2024-07-18T08:43:32.311+0000] {logging_mixin.py:188} INFO - [2024-07-18T08:43:32.311+0000] {dag.py:3954} INFO - Setting next_dagrun for tutorial_dag to None, run_after=None
[2024-07-18T08:43:32.337+0000] {processor.py:183} INFO - Processing /home/airflow/.local/lib/python3.12/site-packages/airflow/example_dags/tutorial_dag.py took 0.090 seconds
[2024-07-18T08:44:03.195+0000] {processor.py:161} INFO - Started process (PID=988) to work on /home/airflow/.local/lib/python3.12/site-packages/airflow/example_dags/tutorial_dag.py
[2024-07-18T08:44:03.196+0000] {processor.py:830} INFO - Processing file /home/airflow/.local/lib/python3.12/site-packages/airflow/example_dags/tutorial_dag.py for tasks to queue
[2024-07-18T08:44:03.198+0000] {logging_mixin.py:188} INFO - [2024-07-18T08:44:03.198+0000] {dagbag.py:545} INFO - Filling up the DagBag from /home/airflow/.local/lib/python3.12/site-packages/airflow/example_dags/tutorial_dag.py
[2024-07-18T08:44:03.207+0000] {processor.py:840} INFO - DAG(s) 'tutorial_dag' retrieved from /home/airflow/.local/lib/python3.12/site-packages/airflow/example_dags/tutorial_dag.py
[2024-07-18T08:44:03.233+0000] {logging_mixin.py:188} INFO - [2024-07-18T08:44:03.233+0000] {dag.py:3096} INFO - Sync 1 DAGs
[2024-07-18T08:44:03.252+0000] {logging_mixin.py:188} INFO - [2024-07-18T08:44:03.252+0000] {dag.py:3954} INFO - Setting next_dagrun for tutorial_dag to None, run_after=None
[2024-07-18T08:44:03.274+0000] {processor.py:183} INFO - Processing /home/airflow/.local/lib/python3.12/site-packages/airflow/example_dags/tutorial_dag.py took 0.087 seconds
[2024-07-18T08:44:33.650+0000] {processor.py:161} INFO - Started process (PID=1049) to work on /home/airflow/.local/lib/python3.12/site-packages/airflow/example_dags/tutorial_dag.py
[2024-07-18T08:44:33.652+0000] {processor.py:830} INFO - Processing file /home/airflow/.local/lib/python3.12/site-packages/airflow/example_dags/tutorial_dag.py for tasks to queue
[2024-07-18T08:44:33.653+0000] {logging_mixin.py:188} INFO - [2024-07-18T08:44:33.653+0000] {dagbag.py:545} INFO - Filling up the DagBag from /home/airflow/.local/lib/python3.12/site-packages/airflow/example_dags/tutorial_dag.py
[2024-07-18T08:44:33.660+0000] {processor.py:840} INFO - DAG(s) 'tutorial_dag' retrieved from /home/airflow/.local/lib/python3.12/site-packages/airflow/example_dags/tutorial_dag.py
[2024-07-18T08:44:33.681+0000] {logging_mixin.py:188} INFO - [2024-07-18T08:44:33.681+0000] {dag.py:3096} INFO - Sync 1 DAGs
[2024-07-18T08:44:33.697+0000] {logging_mixin.py:188} INFO - [2024-07-18T08:44:33.697+0000] {dag.py:3954} INFO - Setting next_dagrun for tutorial_dag to None, run_after=None
[2024-07-18T08:44:33.720+0000] {processor.py:183} INFO - Processing /home/airflow/.local/lib/python3.12/site-packages/airflow/example_dags/tutorial_dag.py took 0.075 seconds
[2024-07-18T08:45:04.047+0000] {processor.py:161} INFO - Started process (PID=1109) to work on /home/airflow/.local/lib/python3.12/site-packages/airflow/example_dags/tutorial_dag.py
[2024-07-18T08:45:04.048+0000] {processor.py:830} INFO - Processing file /home/airflow/.local/lib/python3.12/site-packages/airflow/example_dags/tutorial_dag.py for tasks to queue
[2024-07-18T08:45:04.050+0000] {logging_mixin.py:188} INFO - [2024-07-18T08:45:04.049+0000] {dagbag.py:545} INFO - Filling up the DagBag from /home/airflow/.local/lib/python3.12/site-packages/airflow/example_dags/tutorial_dag.py
[2024-07-18T08:45:04.056+0000] {processor.py:840} INFO - DAG(s) 'tutorial_dag' retrieved from /home/airflow/.local/lib/python3.12/site-packages/airflow/example_dags/tutorial_dag.py
[2024-07-18T08:45:04.076+0000] {logging_mixin.py:188} INFO - [2024-07-18T08:45:04.076+0000] {dag.py:3096} INFO - Sync 1 DAGs
[2024-07-18T08:45:04.089+0000] {logging_mixin.py:188} INFO - [2024-07-18T08:45:04.088+0000] {dag.py:3954} INFO - Setting next_dagrun for tutorial_dag to None, run_after=None
[2024-07-18T08:45:04.116+0000] {processor.py:183} INFO - Processing /home/airflow/.local/lib/python3.12/site-packages/airflow/example_dags/tutorial_dag.py took 0.075 seconds
