[2024-07-16T11:01:18.429+0000] {local_task_job_runner.py:120} INFO - ::group::Pre task execution logs
[2024-07-16T11:01:18.465+0000] {taskinstance.py:2076} INFO - Dependencies all met for dep_context=non-requeueable deps ti=<TaskInstance: my_dag_name.task scheduled__2024-07-16T00:00:00+00:00 [queued]>
[2024-07-16T11:01:18.475+0000] {taskinstance.py:2076} INFO - Dependencies all met for dep_context=requeueable deps ti=<TaskInstance: my_dag_name.task scheduled__2024-07-16T00:00:00+00:00 [queued]>
[2024-07-16T11:01:18.475+0000] {taskinstance.py:2306} INFO - Starting attempt 1 of 1
[2024-07-16T11:01:18.495+0000] {taskinstance.py:2330} INFO - Executing <Task(PythonOperator): task> on 2024-07-16 00:00:00+00:00
[2024-07-16T11:01:18.506+0000] {warnings.py:112} WARNING - /home/***/.local/lib/python3.12/site-packages/***/task/task_runner/standard_task_runner.py:61: DeprecationWarning: This process (pid=179) is multi-threaded, use of fork() may lead to deadlocks in the child.
  pid = os.fork()

[2024-07-16T11:01:18.509+0000] {standard_task_runner.py:63} INFO - Started process 181 to run task
[2024-07-16T11:01:18.507+0000] {standard_task_runner.py:90} INFO - Running: ['***', 'tasks', 'run', 'my_dag_name', 'task', 'scheduled__2024-07-16T00:00:00+00:00', '--job-id', '7', '--raw', '--subdir', 'DAGS_FOLDER/test_dag.py', '--cfg-path', '/tmp/tmpfg1qg4kk']
[2024-07-16T11:01:18.512+0000] {standard_task_runner.py:91} INFO - Job 7: Subtask task
[2024-07-16T11:01:18.573+0000] {task_command.py:426} INFO - Running <TaskInstance: my_dag_name.task scheduled__2024-07-16T00:00:00+00:00 [running]> on host ba1ef47d3e6f
[2024-07-16T11:01:18.666+0000] {taskinstance.py:2648} INFO - Exporting env vars: AIRFLOW_CTX_DAG_OWNER='***' AIRFLOW_CTX_DAG_ID='my_dag_name' AIRFLOW_CTX_TASK_ID='task' AIRFLOW_CTX_EXECUTION_DATE='2024-07-16T00:00:00+00:00' AIRFLOW_CTX_TRY_NUMBER='1' AIRFLOW_CTX_DAG_RUN_ID='scheduled__2024-07-16T00:00:00+00:00'
[2024-07-16T11:01:18.669+0000] {taskinstance.py:430} INFO - ::endgroup::
[2024-07-16T11:01:18.669+0000] {logging_mixin.py:188} INFO - Hello World!
[2024-07-16T11:01:18.670+0000] {python.py:237} INFO - Done. Returned value was: None
[2024-07-16T11:01:18.670+0000] {taskinstance.py:441} INFO - ::group::Post task execution logs
[2024-07-16T11:01:18.680+0000] {taskinstance.py:1206} INFO - Marking task as SUCCESS. dag_id=my_dag_name, task_id=task, run_id=scheduled__2024-07-16T00:00:00+00:00, execution_date=20240716T000000, start_date=20240716T110118, end_date=20240716T110118
[2024-07-16T11:01:18.725+0000] {local_task_job_runner.py:240} INFO - Task exited with return code 0
[2024-07-16T11:01:18.741+0000] {taskinstance.py:3503} INFO - 0 downstream tasks scheduled from follow-on schedule check
[2024-07-16T11:01:18.744+0000] {local_task_job_runner.py:222} INFO - ::endgroup::
