[2024-07-17T10:31:51.946+0000] {processor.py:161} INFO - Started process (PID=67) to work on /home/airflow/.local/lib/python3.12/site-packages/airflow/example_dags/example_bash_operator.py
[2024-07-17T10:31:51.949+0000] {processor.py:830} INFO - Processing file /home/airflow/.local/lib/python3.12/site-packages/airflow/example_dags/example_bash_operator.py for tasks to queue
[2024-07-17T10:31:51.952+0000] {logging_mixin.py:188} INFO - [2024-07-17T10:31:51.951+0000] {dagbag.py:545} INFO - Filling up the DagBag from /home/airflow/.local/lib/python3.12/site-packages/airflow/example_dags/example_bash_operator.py
[2024-07-17T10:31:51.980+0000] {processor.py:840} INFO - DAG(s) 'example_bash_operator' retrieved from /home/airflow/.local/lib/python3.12/site-packages/airflow/example_dags/example_bash_operator.py
[2024-07-17T10:31:52.037+0000] {logging_mixin.py:188} INFO - [2024-07-17T10:31:52.037+0000] {dag.py:3096} INFO - Sync 1 DAGs
[2024-07-17T10:31:52.076+0000] {logging_mixin.py:188} INFO - [2024-07-17T10:31:52.076+0000] {dag.py:3954} INFO - Setting next_dagrun for example_bash_operator to 2024-07-16 00:00:00+00:00, run_after=2024-07-17 00:00:00+00:00
[2024-07-17T10:31:52.106+0000] {processor.py:183} INFO - Processing /home/airflow/.local/lib/python3.12/site-packages/airflow/example_dags/example_bash_operator.py took 0.168 seconds
[2024-07-17T10:32:22.832+0000] {processor.py:161} INFO - Started process (PID=127) to work on /home/airflow/.local/lib/python3.12/site-packages/airflow/example_dags/example_bash_operator.py
[2024-07-17T10:32:22.833+0000] {processor.py:830} INFO - Processing file /home/airflow/.local/lib/python3.12/site-packages/airflow/example_dags/example_bash_operator.py for tasks to queue
[2024-07-17T10:32:22.836+0000] {logging_mixin.py:188} INFO - [2024-07-17T10:32:22.835+0000] {dagbag.py:545} INFO - Filling up the DagBag from /home/airflow/.local/lib/python3.12/site-packages/airflow/example_dags/example_bash_operator.py
[2024-07-17T10:32:22.855+0000] {processor.py:840} INFO - DAG(s) 'example_bash_operator' retrieved from /home/airflow/.local/lib/python3.12/site-packages/airflow/example_dags/example_bash_operator.py
[2024-07-17T10:32:22.881+0000] {logging_mixin.py:188} INFO - [2024-07-17T10:32:22.881+0000] {dag.py:3096} INFO - Sync 1 DAGs
[2024-07-17T10:32:22.945+0000] {logging_mixin.py:188} INFO - [2024-07-17T10:32:22.945+0000] {dag.py:3954} INFO - Setting next_dagrun for example_bash_operator to 2024-07-16 00:00:00+00:00, run_after=2024-07-17 00:00:00+00:00
[2024-07-17T10:32:23.011+0000] {processor.py:183} INFO - Processing /home/airflow/.local/lib/python3.12/site-packages/airflow/example_dags/example_bash_operator.py took 0.190 seconds
[2024-07-17T10:32:53.578+0000] {processor.py:161} INFO - Started process (PID=193) to work on /home/airflow/.local/lib/python3.12/site-packages/airflow/example_dags/example_bash_operator.py
[2024-07-17T10:32:53.579+0000] {processor.py:830} INFO - Processing file /home/airflow/.local/lib/python3.12/site-packages/airflow/example_dags/example_bash_operator.py for tasks to queue
[2024-07-17T10:32:53.581+0000] {logging_mixin.py:188} INFO - [2024-07-17T10:32:53.581+0000] {dagbag.py:545} INFO - Filling up the DagBag from /home/airflow/.local/lib/python3.12/site-packages/airflow/example_dags/example_bash_operator.py
[2024-07-17T10:32:53.595+0000] {processor.py:840} INFO - DAG(s) 'example_bash_operator' retrieved from /home/airflow/.local/lib/python3.12/site-packages/airflow/example_dags/example_bash_operator.py
[2024-07-17T10:32:53.785+0000] {logging_mixin.py:188} INFO - [2024-07-17T10:32:53.784+0000] {dag.py:3096} INFO - Sync 1 DAGs
[2024-07-17T10:32:53.818+0000] {logging_mixin.py:188} INFO - [2024-07-17T10:32:53.818+0000] {dag.py:3954} INFO - Setting next_dagrun for example_bash_operator to 2024-07-16 00:00:00+00:00, run_after=2024-07-17 00:00:00+00:00
[2024-07-17T10:32:53.848+0000] {processor.py:183} INFO - Processing /home/airflow/.local/lib/python3.12/site-packages/airflow/example_dags/example_bash_operator.py took 0.278 seconds
[2024-07-17T10:33:24.063+0000] {processor.py:161} INFO - Started process (PID=253) to work on /home/airflow/.local/lib/python3.12/site-packages/airflow/example_dags/example_bash_operator.py
[2024-07-17T10:33:24.065+0000] {processor.py:830} INFO - Processing file /home/airflow/.local/lib/python3.12/site-packages/airflow/example_dags/example_bash_operator.py for tasks to queue
[2024-07-17T10:33:24.067+0000] {logging_mixin.py:188} INFO - [2024-07-17T10:33:24.067+0000] {dagbag.py:545} INFO - Filling up the DagBag from /home/airflow/.local/lib/python3.12/site-packages/airflow/example_dags/example_bash_operator.py
[2024-07-17T10:33:24.085+0000] {processor.py:840} INFO - DAG(s) 'example_bash_operator' retrieved from /home/airflow/.local/lib/python3.12/site-packages/airflow/example_dags/example_bash_operator.py
[2024-07-17T10:33:24.165+0000] {logging_mixin.py:188} INFO - [2024-07-17T10:33:24.165+0000] {dag.py:3096} INFO - Sync 1 DAGs
[2024-07-17T10:33:24.213+0000] {logging_mixin.py:188} INFO - [2024-07-17T10:33:24.212+0000] {dag.py:3954} INFO - Setting next_dagrun for example_bash_operator to 2024-07-16 00:00:00+00:00, run_after=2024-07-17 00:00:00+00:00
[2024-07-17T10:33:24.247+0000] {processor.py:183} INFO - Processing /home/airflow/.local/lib/python3.12/site-packages/airflow/example_dags/example_bash_operator.py took 0.192 seconds
[2024-07-17T10:33:54.865+0000] {processor.py:161} INFO - Started process (PID=313) to work on /home/airflow/.local/lib/python3.12/site-packages/airflow/example_dags/example_bash_operator.py
[2024-07-17T10:33:54.873+0000] {processor.py:830} INFO - Processing file /home/airflow/.local/lib/python3.12/site-packages/airflow/example_dags/example_bash_operator.py for tasks to queue
[2024-07-17T10:33:54.876+0000] {logging_mixin.py:188} INFO - [2024-07-17T10:33:54.875+0000] {dagbag.py:545} INFO - Filling up the DagBag from /home/airflow/.local/lib/python3.12/site-packages/airflow/example_dags/example_bash_operator.py
[2024-07-17T10:33:54.898+0000] {processor.py:840} INFO - DAG(s) 'example_bash_operator' retrieved from /home/airflow/.local/lib/python3.12/site-packages/airflow/example_dags/example_bash_operator.py
[2024-07-17T10:33:54.954+0000] {logging_mixin.py:188} INFO - [2024-07-17T10:33:54.953+0000] {dag.py:3096} INFO - Sync 1 DAGs
[2024-07-17T10:33:54.999+0000] {logging_mixin.py:188} INFO - [2024-07-17T10:33:54.999+0000] {dag.py:3954} INFO - Setting next_dagrun for example_bash_operator to 2024-07-16 00:00:00+00:00, run_after=2024-07-17 00:00:00+00:00
[2024-07-17T10:33:55.038+0000] {processor.py:183} INFO - Processing /home/airflow/.local/lib/python3.12/site-packages/airflow/example_dags/example_bash_operator.py took 0.182 seconds
[2024-07-17T10:34:26.025+0000] {processor.py:161} INFO - Started process (PID=373) to work on /home/airflow/.local/lib/python3.12/site-packages/airflow/example_dags/example_bash_operator.py
[2024-07-17T10:34:26.027+0000] {processor.py:830} INFO - Processing file /home/airflow/.local/lib/python3.12/site-packages/airflow/example_dags/example_bash_operator.py for tasks to queue
[2024-07-17T10:34:26.029+0000] {logging_mixin.py:188} INFO - [2024-07-17T10:34:26.029+0000] {dagbag.py:545} INFO - Filling up the DagBag from /home/airflow/.local/lib/python3.12/site-packages/airflow/example_dags/example_bash_operator.py
[2024-07-17T10:34:26.042+0000] {processor.py:840} INFO - DAG(s) 'example_bash_operator' retrieved from /home/airflow/.local/lib/python3.12/site-packages/airflow/example_dags/example_bash_operator.py
[2024-07-17T10:34:26.085+0000] {logging_mixin.py:188} INFO - [2024-07-17T10:34:26.084+0000] {dag.py:3096} INFO - Sync 1 DAGs
[2024-07-17T10:34:26.131+0000] {logging_mixin.py:188} INFO - [2024-07-17T10:34:26.131+0000] {dag.py:3954} INFO - Setting next_dagrun for example_bash_operator to 2024-07-16 00:00:00+00:00, run_after=2024-07-17 00:00:00+00:00
[2024-07-17T10:34:26.164+0000] {processor.py:183} INFO - Processing /home/airflow/.local/lib/python3.12/site-packages/airflow/example_dags/example_bash_operator.py took 0.146 seconds
[2024-07-17T10:34:56.980+0000] {processor.py:161} INFO - Started process (PID=433) to work on /home/airflow/.local/lib/python3.12/site-packages/airflow/example_dags/example_bash_operator.py
[2024-07-17T10:34:56.981+0000] {processor.py:830} INFO - Processing file /home/airflow/.local/lib/python3.12/site-packages/airflow/example_dags/example_bash_operator.py for tasks to queue
[2024-07-17T10:34:56.983+0000] {logging_mixin.py:188} INFO - [2024-07-17T10:34:56.983+0000] {dagbag.py:545} INFO - Filling up the DagBag from /home/airflow/.local/lib/python3.12/site-packages/airflow/example_dags/example_bash_operator.py
[2024-07-17T10:34:56.993+0000] {processor.py:840} INFO - DAG(s) 'example_bash_operator' retrieved from /home/airflow/.local/lib/python3.12/site-packages/airflow/example_dags/example_bash_operator.py
[2024-07-17T10:34:57.019+0000] {logging_mixin.py:188} INFO - [2024-07-17T10:34:57.019+0000] {dag.py:3096} INFO - Sync 1 DAGs
[2024-07-17T10:34:57.041+0000] {logging_mixin.py:188} INFO - [2024-07-17T10:34:57.041+0000] {dag.py:3954} INFO - Setting next_dagrun for example_bash_operator to 2024-07-16 00:00:00+00:00, run_after=2024-07-17 00:00:00+00:00
[2024-07-17T10:34:57.062+0000] {processor.py:183} INFO - Processing /home/airflow/.local/lib/python3.12/site-packages/airflow/example_dags/example_bash_operator.py took 0.086 seconds
[2024-07-17T10:35:27.133+0000] {processor.py:161} INFO - Started process (PID=493) to work on /home/airflow/.local/lib/python3.12/site-packages/airflow/example_dags/example_bash_operator.py
[2024-07-17T10:35:27.134+0000] {processor.py:830} INFO - Processing file /home/airflow/.local/lib/python3.12/site-packages/airflow/example_dags/example_bash_operator.py for tasks to queue
[2024-07-17T10:35:27.137+0000] {logging_mixin.py:188} INFO - [2024-07-17T10:35:27.136+0000] {dagbag.py:545} INFO - Filling up the DagBag from /home/airflow/.local/lib/python3.12/site-packages/airflow/example_dags/example_bash_operator.py
[2024-07-17T10:35:27.155+0000] {processor.py:840} INFO - DAG(s) 'example_bash_operator' retrieved from /home/airflow/.local/lib/python3.12/site-packages/airflow/example_dags/example_bash_operator.py
[2024-07-17T10:35:27.204+0000] {logging_mixin.py:188} INFO - [2024-07-17T10:35:27.204+0000] {dag.py:3096} INFO - Sync 1 DAGs
[2024-07-17T10:35:27.260+0000] {logging_mixin.py:188} INFO - [2024-07-17T10:35:27.260+0000] {dag.py:3954} INFO - Setting next_dagrun for example_bash_operator to 2024-07-16 00:00:00+00:00, run_after=2024-07-17 00:00:00+00:00
[2024-07-17T10:35:27.302+0000] {processor.py:183} INFO - Processing /home/airflow/.local/lib/python3.12/site-packages/airflow/example_dags/example_bash_operator.py took 0.177 seconds
[2024-07-17T10:35:58.304+0000] {processor.py:161} INFO - Started process (PID=553) to work on /home/airflow/.local/lib/python3.12/site-packages/airflow/example_dags/example_bash_operator.py
[2024-07-17T10:35:58.306+0000] {processor.py:830} INFO - Processing file /home/airflow/.local/lib/python3.12/site-packages/airflow/example_dags/example_bash_operator.py for tasks to queue
[2024-07-17T10:35:58.308+0000] {logging_mixin.py:188} INFO - [2024-07-17T10:35:58.308+0000] {dagbag.py:545} INFO - Filling up the DagBag from /home/airflow/.local/lib/python3.12/site-packages/airflow/example_dags/example_bash_operator.py
[2024-07-17T10:35:58.323+0000] {processor.py:840} INFO - DAG(s) 'example_bash_operator' retrieved from /home/airflow/.local/lib/python3.12/site-packages/airflow/example_dags/example_bash_operator.py
[2024-07-17T10:35:58.367+0000] {logging_mixin.py:188} INFO - [2024-07-17T10:35:58.366+0000] {dag.py:3096} INFO - Sync 1 DAGs
[2024-07-17T10:35:58.403+0000] {logging_mixin.py:188} INFO - [2024-07-17T10:35:58.403+0000] {dag.py:3954} INFO - Setting next_dagrun for example_bash_operator to 2024-07-16 00:00:00+00:00, run_after=2024-07-17 00:00:00+00:00
[2024-07-17T10:35:58.429+0000] {processor.py:183} INFO - Processing /home/airflow/.local/lib/python3.12/site-packages/airflow/example_dags/example_bash_operator.py took 0.132 seconds
[2024-07-17T10:36:29.214+0000] {processor.py:161} INFO - Started process (PID=613) to work on /home/airflow/.local/lib/python3.12/site-packages/airflow/example_dags/example_bash_operator.py
[2024-07-17T10:36:29.215+0000] {processor.py:830} INFO - Processing file /home/airflow/.local/lib/python3.12/site-packages/airflow/example_dags/example_bash_operator.py for tasks to queue
[2024-07-17T10:36:29.217+0000] {logging_mixin.py:188} INFO - [2024-07-17T10:36:29.217+0000] {dagbag.py:545} INFO - Filling up the DagBag from /home/airflow/.local/lib/python3.12/site-packages/airflow/example_dags/example_bash_operator.py
[2024-07-17T10:36:29.229+0000] {processor.py:840} INFO - DAG(s) 'example_bash_operator' retrieved from /home/airflow/.local/lib/python3.12/site-packages/airflow/example_dags/example_bash_operator.py
[2024-07-17T10:36:29.264+0000] {logging_mixin.py:188} INFO - [2024-07-17T10:36:29.263+0000] {dag.py:3096} INFO - Sync 1 DAGs
[2024-07-17T10:36:29.292+0000] {logging_mixin.py:188} INFO - [2024-07-17T10:36:29.291+0000] {dag.py:3954} INFO - Setting next_dagrun for example_bash_operator to 2024-07-16 00:00:00+00:00, run_after=2024-07-17 00:00:00+00:00
[2024-07-17T10:36:29.316+0000] {processor.py:183} INFO - Processing /home/airflow/.local/lib/python3.12/site-packages/airflow/example_dags/example_bash_operator.py took 0.108 seconds
[2024-07-17T13:41:28.388+0000] {processor.py:161} INFO - Started process (PID=73) to work on /home/airflow/.local/lib/python3.12/site-packages/airflow/example_dags/example_bash_operator.py
[2024-07-17T13:41:28.390+0000] {processor.py:830} INFO - Processing file /home/airflow/.local/lib/python3.12/site-packages/airflow/example_dags/example_bash_operator.py for tasks to queue
[2024-07-17T13:41:28.393+0000] {logging_mixin.py:188} INFO - [2024-07-17T13:41:28.392+0000] {dagbag.py:545} INFO - Filling up the DagBag from /home/airflow/.local/lib/python3.12/site-packages/airflow/example_dags/example_bash_operator.py
[2024-07-17T13:41:28.411+0000] {processor.py:840} INFO - DAG(s) 'example_bash_operator' retrieved from /home/airflow/.local/lib/python3.12/site-packages/airflow/example_dags/example_bash_operator.py
[2024-07-17T13:41:28.709+0000] {logging_mixin.py:188} INFO - [2024-07-17T13:41:28.709+0000] {dag.py:3096} INFO - Sync 1 DAGs
[2024-07-17T13:41:28.773+0000] {logging_mixin.py:188} INFO - [2024-07-17T13:41:28.772+0000] {dag.py:3954} INFO - Setting next_dagrun for example_bash_operator to 2024-07-16 00:00:00+00:00, run_after=2024-07-17 00:00:00+00:00
[2024-07-17T13:41:28.826+0000] {processor.py:183} INFO - Processing /home/airflow/.local/lib/python3.12/site-packages/airflow/example_dags/example_bash_operator.py took 0.445 seconds
[2024-07-17T13:41:59.410+0000] {processor.py:161} INFO - Started process (PID=133) to work on /home/airflow/.local/lib/python3.12/site-packages/airflow/example_dags/example_bash_operator.py
[2024-07-17T13:41:59.411+0000] {processor.py:830} INFO - Processing file /home/airflow/.local/lib/python3.12/site-packages/airflow/example_dags/example_bash_operator.py for tasks to queue
[2024-07-17T13:41:59.414+0000] {logging_mixin.py:188} INFO - [2024-07-17T13:41:59.413+0000] {dagbag.py:545} INFO - Filling up the DagBag from /home/airflow/.local/lib/python3.12/site-packages/airflow/example_dags/example_bash_operator.py
[2024-07-17T13:41:59.430+0000] {processor.py:840} INFO - DAG(s) 'example_bash_operator' retrieved from /home/airflow/.local/lib/python3.12/site-packages/airflow/example_dags/example_bash_operator.py
[2024-07-17T13:41:59.469+0000] {logging_mixin.py:188} INFO - [2024-07-17T13:41:59.468+0000] {dag.py:3096} INFO - Sync 1 DAGs
[2024-07-17T13:41:59.497+0000] {logging_mixin.py:188} INFO - [2024-07-17T13:41:59.496+0000] {dag.py:3954} INFO - Setting next_dagrun for example_bash_operator to 2024-07-16 00:00:00+00:00, run_after=2024-07-17 00:00:00+00:00
[2024-07-17T13:41:59.518+0000] {processor.py:183} INFO - Processing /home/airflow/.local/lib/python3.12/site-packages/airflow/example_dags/example_bash_operator.py took 0.114 seconds
[2024-07-17T13:42:29.969+0000] {processor.py:161} INFO - Started process (PID=193) to work on /home/airflow/.local/lib/python3.12/site-packages/airflow/example_dags/example_bash_operator.py
[2024-07-17T13:42:29.970+0000] {processor.py:830} INFO - Processing file /home/airflow/.local/lib/python3.12/site-packages/airflow/example_dags/example_bash_operator.py for tasks to queue
[2024-07-17T13:42:29.972+0000] {logging_mixin.py:188} INFO - [2024-07-17T13:42:29.972+0000] {dagbag.py:545} INFO - Filling up the DagBag from /home/airflow/.local/lib/python3.12/site-packages/airflow/example_dags/example_bash_operator.py
[2024-07-17T13:42:29.983+0000] {processor.py:840} INFO - DAG(s) 'example_bash_operator' retrieved from /home/airflow/.local/lib/python3.12/site-packages/airflow/example_dags/example_bash_operator.py
[2024-07-17T13:42:30.017+0000] {logging_mixin.py:188} INFO - [2024-07-17T13:42:30.016+0000] {dag.py:3096} INFO - Sync 1 DAGs
[2024-07-17T13:42:30.045+0000] {logging_mixin.py:188} INFO - [2024-07-17T13:42:30.044+0000] {dag.py:3954} INFO - Setting next_dagrun for example_bash_operator to 2024-07-16 00:00:00+00:00, run_after=2024-07-17 00:00:00+00:00
[2024-07-17T13:42:30.065+0000] {processor.py:183} INFO - Processing /home/airflow/.local/lib/python3.12/site-packages/airflow/example_dags/example_bash_operator.py took 0.102 seconds
[2024-07-17T13:43:00.588+0000] {processor.py:161} INFO - Started process (PID=253) to work on /home/airflow/.local/lib/python3.12/site-packages/airflow/example_dags/example_bash_operator.py
[2024-07-17T13:43:00.590+0000] {processor.py:830} INFO - Processing file /home/airflow/.local/lib/python3.12/site-packages/airflow/example_dags/example_bash_operator.py for tasks to queue
[2024-07-17T13:43:00.592+0000] {logging_mixin.py:188} INFO - [2024-07-17T13:43:00.592+0000] {dagbag.py:545} INFO - Filling up the DagBag from /home/airflow/.local/lib/python3.12/site-packages/airflow/example_dags/example_bash_operator.py
[2024-07-17T13:43:00.611+0000] {processor.py:840} INFO - DAG(s) 'example_bash_operator' retrieved from /home/airflow/.local/lib/python3.12/site-packages/airflow/example_dags/example_bash_operator.py
[2024-07-17T13:43:00.660+0000] {logging_mixin.py:188} INFO - [2024-07-17T13:43:00.660+0000] {dag.py:3096} INFO - Sync 1 DAGs
[2024-07-17T13:43:00.696+0000] {logging_mixin.py:188} INFO - [2024-07-17T13:43:00.695+0000] {dag.py:3954} INFO - Setting next_dagrun for example_bash_operator to 2024-07-16 00:00:00+00:00, run_after=2024-07-17 00:00:00+00:00
[2024-07-17T13:43:00.723+0000] {processor.py:183} INFO - Processing /home/airflow/.local/lib/python3.12/site-packages/airflow/example_dags/example_bash_operator.py took 0.142 seconds
[2024-07-17T13:43:31.628+0000] {processor.py:161} INFO - Started process (PID=313) to work on /home/airflow/.local/lib/python3.12/site-packages/airflow/example_dags/example_bash_operator.py
[2024-07-17T13:43:31.630+0000] {processor.py:830} INFO - Processing file /home/airflow/.local/lib/python3.12/site-packages/airflow/example_dags/example_bash_operator.py for tasks to queue
[2024-07-17T13:43:31.633+0000] {logging_mixin.py:188} INFO - [2024-07-17T13:43:31.632+0000] {dagbag.py:545} INFO - Filling up the DagBag from /home/airflow/.local/lib/python3.12/site-packages/airflow/example_dags/example_bash_operator.py
[2024-07-17T13:43:31.651+0000] {processor.py:840} INFO - DAG(s) 'example_bash_operator' retrieved from /home/airflow/.local/lib/python3.12/site-packages/airflow/example_dags/example_bash_operator.py
[2024-07-17T13:43:31.710+0000] {logging_mixin.py:188} INFO - [2024-07-17T13:43:31.710+0000] {dag.py:3096} INFO - Sync 1 DAGs
[2024-07-17T13:43:31.767+0000] {logging_mixin.py:188} INFO - [2024-07-17T13:43:31.767+0000] {dag.py:3954} INFO - Setting next_dagrun for example_bash_operator to 2024-07-16 00:00:00+00:00, run_after=2024-07-17 00:00:00+00:00
[2024-07-17T13:43:31.814+0000] {processor.py:183} INFO - Processing /home/airflow/.local/lib/python3.12/site-packages/airflow/example_dags/example_bash_operator.py took 0.194 seconds
[2024-07-17T13:44:01.901+0000] {processor.py:161} INFO - Started process (PID=373) to work on /home/airflow/.local/lib/python3.12/site-packages/airflow/example_dags/example_bash_operator.py
[2024-07-17T13:44:01.902+0000] {processor.py:830} INFO - Processing file /home/airflow/.local/lib/python3.12/site-packages/airflow/example_dags/example_bash_operator.py for tasks to queue
[2024-07-17T13:44:01.904+0000] {logging_mixin.py:188} INFO - [2024-07-17T13:44:01.904+0000] {dagbag.py:545} INFO - Filling up the DagBag from /home/airflow/.local/lib/python3.12/site-packages/airflow/example_dags/example_bash_operator.py
[2024-07-17T13:44:01.915+0000] {processor.py:840} INFO - DAG(s) 'example_bash_operator' retrieved from /home/airflow/.local/lib/python3.12/site-packages/airflow/example_dags/example_bash_operator.py
[2024-07-17T13:44:01.943+0000] {logging_mixin.py:188} INFO - [2024-07-17T13:44:01.942+0000] {dag.py:3096} INFO - Sync 1 DAGs
[2024-07-17T13:44:01.964+0000] {logging_mixin.py:188} INFO - [2024-07-17T13:44:01.964+0000] {dag.py:3954} INFO - Setting next_dagrun for example_bash_operator to 2024-07-16 00:00:00+00:00, run_after=2024-07-17 00:00:00+00:00
[2024-07-17T13:44:01.985+0000] {processor.py:183} INFO - Processing /home/airflow/.local/lib/python3.12/site-packages/airflow/example_dags/example_bash_operator.py took 0.088 seconds
[2024-07-17T13:44:32.106+0000] {processor.py:161} INFO - Started process (PID=433) to work on /home/airflow/.local/lib/python3.12/site-packages/airflow/example_dags/example_bash_operator.py
[2024-07-17T13:44:32.108+0000] {processor.py:830} INFO - Processing file /home/airflow/.local/lib/python3.12/site-packages/airflow/example_dags/example_bash_operator.py for tasks to queue
[2024-07-17T13:44:32.111+0000] {logging_mixin.py:188} INFO - [2024-07-17T13:44:32.110+0000] {dagbag.py:545} INFO - Filling up the DagBag from /home/airflow/.local/lib/python3.12/site-packages/airflow/example_dags/example_bash_operator.py
[2024-07-17T13:44:32.125+0000] {processor.py:840} INFO - DAG(s) 'example_bash_operator' retrieved from /home/airflow/.local/lib/python3.12/site-packages/airflow/example_dags/example_bash_operator.py
[2024-07-17T13:44:32.172+0000] {logging_mixin.py:188} INFO - [2024-07-17T13:44:32.172+0000] {dag.py:3096} INFO - Sync 1 DAGs
[2024-07-17T13:44:32.213+0000] {logging_mixin.py:188} INFO - [2024-07-17T13:44:32.212+0000] {dag.py:3954} INFO - Setting next_dagrun for example_bash_operator to 2024-07-16 00:00:00+00:00, run_after=2024-07-17 00:00:00+00:00
[2024-07-17T13:44:32.257+0000] {processor.py:183} INFO - Processing /home/airflow/.local/lib/python3.12/site-packages/airflow/example_dags/example_bash_operator.py took 0.158 seconds
[2024-07-17T13:45:02.362+0000] {processor.py:161} INFO - Started process (PID=493) to work on /home/airflow/.local/lib/python3.12/site-packages/airflow/example_dags/example_bash_operator.py
[2024-07-17T13:45:02.364+0000] {processor.py:830} INFO - Processing file /home/airflow/.local/lib/python3.12/site-packages/airflow/example_dags/example_bash_operator.py for tasks to queue
[2024-07-17T13:45:02.367+0000] {logging_mixin.py:188} INFO - [2024-07-17T13:45:02.366+0000] {dagbag.py:545} INFO - Filling up the DagBag from /home/airflow/.local/lib/python3.12/site-packages/airflow/example_dags/example_bash_operator.py
[2024-07-17T13:45:02.383+0000] {processor.py:840} INFO - DAG(s) 'example_bash_operator' retrieved from /home/airflow/.local/lib/python3.12/site-packages/airflow/example_dags/example_bash_operator.py
[2024-07-17T13:45:02.417+0000] {logging_mixin.py:188} INFO - [2024-07-17T13:45:02.417+0000] {dag.py:3096} INFO - Sync 1 DAGs
[2024-07-17T13:45:02.447+0000] {logging_mixin.py:188} INFO - [2024-07-17T13:45:02.447+0000] {dag.py:3954} INFO - Setting next_dagrun for example_bash_operator to 2024-07-16 00:00:00+00:00, run_after=2024-07-17 00:00:00+00:00
[2024-07-17T13:45:02.473+0000] {processor.py:183} INFO - Processing /home/airflow/.local/lib/python3.12/site-packages/airflow/example_dags/example_bash_operator.py took 0.127 seconds
[2024-07-17T13:45:32.663+0000] {processor.py:161} INFO - Started process (PID=553) to work on /home/airflow/.local/lib/python3.12/site-packages/airflow/example_dags/example_bash_operator.py
[2024-07-17T13:45:32.664+0000] {processor.py:830} INFO - Processing file /home/airflow/.local/lib/python3.12/site-packages/airflow/example_dags/example_bash_operator.py for tasks to queue
[2024-07-17T13:45:32.666+0000] {logging_mixin.py:188} INFO - [2024-07-17T13:45:32.665+0000] {dagbag.py:545} INFO - Filling up the DagBag from /home/airflow/.local/lib/python3.12/site-packages/airflow/example_dags/example_bash_operator.py
[2024-07-17T13:45:32.676+0000] {processor.py:840} INFO - DAG(s) 'example_bash_operator' retrieved from /home/airflow/.local/lib/python3.12/site-packages/airflow/example_dags/example_bash_operator.py
[2024-07-17T13:45:32.703+0000] {logging_mixin.py:188} INFO - [2024-07-17T13:45:32.703+0000] {dag.py:3096} INFO - Sync 1 DAGs
[2024-07-17T13:45:32.725+0000] {logging_mixin.py:188} INFO - [2024-07-17T13:45:32.725+0000] {dag.py:3954} INFO - Setting next_dagrun for example_bash_operator to 2024-07-16 00:00:00+00:00, run_after=2024-07-17 00:00:00+00:00
[2024-07-17T13:45:32.746+0000] {processor.py:183} INFO - Processing /home/airflow/.local/lib/python3.12/site-packages/airflow/example_dags/example_bash_operator.py took 0.088 seconds
[2024-07-17T13:46:03.303+0000] {processor.py:161} INFO - Started process (PID=613) to work on /home/airflow/.local/lib/python3.12/site-packages/airflow/example_dags/example_bash_operator.py
[2024-07-17T13:46:03.304+0000] {processor.py:830} INFO - Processing file /home/airflow/.local/lib/python3.12/site-packages/airflow/example_dags/example_bash_operator.py for tasks to queue
[2024-07-17T13:46:03.306+0000] {logging_mixin.py:188} INFO - [2024-07-17T13:46:03.305+0000] {dagbag.py:545} INFO - Filling up the DagBag from /home/airflow/.local/lib/python3.12/site-packages/airflow/example_dags/example_bash_operator.py
[2024-07-17T13:46:03.316+0000] {processor.py:840} INFO - DAG(s) 'example_bash_operator' retrieved from /home/airflow/.local/lib/python3.12/site-packages/airflow/example_dags/example_bash_operator.py
[2024-07-17T13:46:03.343+0000] {logging_mixin.py:188} INFO - [2024-07-17T13:46:03.342+0000] {dag.py:3096} INFO - Sync 1 DAGs
[2024-07-17T13:46:03.366+0000] {logging_mixin.py:188} INFO - [2024-07-17T13:46:03.366+0000] {dag.py:3954} INFO - Setting next_dagrun for example_bash_operator to 2024-07-16 00:00:00+00:00, run_after=2024-07-17 00:00:00+00:00
[2024-07-17T13:46:03.386+0000] {processor.py:183} INFO - Processing /home/airflow/.local/lib/python3.12/site-packages/airflow/example_dags/example_bash_operator.py took 0.088 seconds
[2024-07-17T13:46:34.487+0000] {processor.py:161} INFO - Started process (PID=673) to work on /home/airflow/.local/lib/python3.12/site-packages/airflow/example_dags/example_bash_operator.py
[2024-07-17T13:46:34.488+0000] {processor.py:830} INFO - Processing file /home/airflow/.local/lib/python3.12/site-packages/airflow/example_dags/example_bash_operator.py for tasks to queue
[2024-07-17T13:46:34.491+0000] {logging_mixin.py:188} INFO - [2024-07-17T13:46:34.490+0000] {dagbag.py:545} INFO - Filling up the DagBag from /home/airflow/.local/lib/python3.12/site-packages/airflow/example_dags/example_bash_operator.py
[2024-07-17T13:46:34.508+0000] {processor.py:840} INFO - DAG(s) 'example_bash_operator' retrieved from /home/airflow/.local/lib/python3.12/site-packages/airflow/example_dags/example_bash_operator.py
[2024-07-17T13:46:34.559+0000] {logging_mixin.py:188} INFO - [2024-07-17T13:46:34.558+0000] {dag.py:3096} INFO - Sync 1 DAGs
[2024-07-17T13:46:34.619+0000] {logging_mixin.py:188} INFO - [2024-07-17T13:46:34.619+0000] {dag.py:3954} INFO - Setting next_dagrun for example_bash_operator to 2024-07-16 00:00:00+00:00, run_after=2024-07-17 00:00:00+00:00
[2024-07-17T13:46:34.672+0000] {processor.py:183} INFO - Processing /home/airflow/.local/lib/python3.12/site-packages/airflow/example_dags/example_bash_operator.py took 0.197 seconds
[2024-07-17T13:47:04.935+0000] {processor.py:161} INFO - Started process (PID=733) to work on /home/airflow/.local/lib/python3.12/site-packages/airflow/example_dags/example_bash_operator.py
[2024-07-17T13:47:04.936+0000] {processor.py:830} INFO - Processing file /home/airflow/.local/lib/python3.12/site-packages/airflow/example_dags/example_bash_operator.py for tasks to queue
[2024-07-17T13:47:04.939+0000] {logging_mixin.py:188} INFO - [2024-07-17T13:47:04.938+0000] {dagbag.py:545} INFO - Filling up the DagBag from /home/airflow/.local/lib/python3.12/site-packages/airflow/example_dags/example_bash_operator.py
[2024-07-17T13:47:04.955+0000] {processor.py:840} INFO - DAG(s) 'example_bash_operator' retrieved from /home/airflow/.local/lib/python3.12/site-packages/airflow/example_dags/example_bash_operator.py
[2024-07-17T13:47:04.992+0000] {logging_mixin.py:188} INFO - [2024-07-17T13:47:04.992+0000] {dag.py:3096} INFO - Sync 1 DAGs
[2024-07-17T13:47:05.024+0000] {logging_mixin.py:188} INFO - [2024-07-17T13:47:05.024+0000] {dag.py:3954} INFO - Setting next_dagrun for example_bash_operator to 2024-07-16 00:00:00+00:00, run_after=2024-07-17 00:00:00+00:00
[2024-07-17T13:47:05.048+0000] {processor.py:183} INFO - Processing /home/airflow/.local/lib/python3.12/site-packages/airflow/example_dags/example_bash_operator.py took 0.121 seconds
[2024-07-17T13:47:35.443+0000] {processor.py:161} INFO - Started process (PID=793) to work on /home/airflow/.local/lib/python3.12/site-packages/airflow/example_dags/example_bash_operator.py
[2024-07-17T13:47:35.444+0000] {processor.py:830} INFO - Processing file /home/airflow/.local/lib/python3.12/site-packages/airflow/example_dags/example_bash_operator.py for tasks to queue
[2024-07-17T13:47:35.446+0000] {logging_mixin.py:188} INFO - [2024-07-17T13:47:35.446+0000] {dagbag.py:545} INFO - Filling up the DagBag from /home/airflow/.local/lib/python3.12/site-packages/airflow/example_dags/example_bash_operator.py
[2024-07-17T13:47:35.455+0000] {processor.py:840} INFO - DAG(s) 'example_bash_operator' retrieved from /home/airflow/.local/lib/python3.12/site-packages/airflow/example_dags/example_bash_operator.py
[2024-07-17T13:47:35.483+0000] {logging_mixin.py:188} INFO - [2024-07-17T13:47:35.482+0000] {dag.py:3096} INFO - Sync 1 DAGs
[2024-07-17T13:47:35.505+0000] {logging_mixin.py:188} INFO - [2024-07-17T13:47:35.505+0000] {dag.py:3954} INFO - Setting next_dagrun for example_bash_operator to 2024-07-16 00:00:00+00:00, run_after=2024-07-17 00:00:00+00:00
[2024-07-17T13:47:35.526+0000] {processor.py:183} INFO - Processing /home/airflow/.local/lib/python3.12/site-packages/airflow/example_dags/example_bash_operator.py took 0.087 seconds
[2024-07-17T13:48:06.310+0000] {processor.py:161} INFO - Started process (PID=853) to work on /home/airflow/.local/lib/python3.12/site-packages/airflow/example_dags/example_bash_operator.py
[2024-07-17T13:48:06.311+0000] {processor.py:830} INFO - Processing file /home/airflow/.local/lib/python3.12/site-packages/airflow/example_dags/example_bash_operator.py for tasks to queue
[2024-07-17T13:48:06.313+0000] {logging_mixin.py:188} INFO - [2024-07-17T13:48:06.313+0000] {dagbag.py:545} INFO - Filling up the DagBag from /home/airflow/.local/lib/python3.12/site-packages/airflow/example_dags/example_bash_operator.py
[2024-07-17T13:48:06.328+0000] {processor.py:840} INFO - DAG(s) 'example_bash_operator' retrieved from /home/airflow/.local/lib/python3.12/site-packages/airflow/example_dags/example_bash_operator.py
[2024-07-17T13:48:06.370+0000] {logging_mixin.py:188} INFO - [2024-07-17T13:48:06.369+0000] {dag.py:3096} INFO - Sync 1 DAGs
[2024-07-17T13:48:06.404+0000] {logging_mixin.py:188} INFO - [2024-07-17T13:48:06.403+0000] {dag.py:3954} INFO - Setting next_dagrun for example_bash_operator to 2024-07-16 00:00:00+00:00, run_after=2024-07-17 00:00:00+00:00
[2024-07-17T13:48:06.429+0000] {processor.py:183} INFO - Processing /home/airflow/.local/lib/python3.12/site-packages/airflow/example_dags/example_bash_operator.py took 0.125 seconds
[2024-07-17T13:48:36.930+0000] {processor.py:161} INFO - Started process (PID=913) to work on /home/airflow/.local/lib/python3.12/site-packages/airflow/example_dags/example_bash_operator.py
[2024-07-17T13:48:36.932+0000] {processor.py:830} INFO - Processing file /home/airflow/.local/lib/python3.12/site-packages/airflow/example_dags/example_bash_operator.py for tasks to queue
[2024-07-17T13:48:36.934+0000] {logging_mixin.py:188} INFO - [2024-07-17T13:48:36.934+0000] {dagbag.py:545} INFO - Filling up the DagBag from /home/airflow/.local/lib/python3.12/site-packages/airflow/example_dags/example_bash_operator.py
[2024-07-17T13:48:36.953+0000] {processor.py:840} INFO - DAG(s) 'example_bash_operator' retrieved from /home/airflow/.local/lib/python3.12/site-packages/airflow/example_dags/example_bash_operator.py
[2024-07-17T13:48:36.992+0000] {logging_mixin.py:188} INFO - [2024-07-17T13:48:36.992+0000] {dag.py:3096} INFO - Sync 1 DAGs
[2024-07-17T13:48:37.030+0000] {logging_mixin.py:188} INFO - [2024-07-17T13:48:37.029+0000] {dag.py:3954} INFO - Setting next_dagrun for example_bash_operator to 2024-07-16 00:00:00+00:00, run_after=2024-07-17 00:00:00+00:00
[2024-07-17T13:48:37.058+0000] {processor.py:183} INFO - Processing /home/airflow/.local/lib/python3.12/site-packages/airflow/example_dags/example_bash_operator.py took 0.139 seconds
[2024-07-17T13:49:07.338+0000] {processor.py:161} INFO - Started process (PID=973) to work on /home/airflow/.local/lib/python3.12/site-packages/airflow/example_dags/example_bash_operator.py
[2024-07-17T13:49:07.339+0000] {processor.py:830} INFO - Processing file /home/airflow/.local/lib/python3.12/site-packages/airflow/example_dags/example_bash_operator.py for tasks to queue
[2024-07-17T13:49:07.342+0000] {logging_mixin.py:188} INFO - [2024-07-17T13:49:07.341+0000] {dagbag.py:545} INFO - Filling up the DagBag from /home/airflow/.local/lib/python3.12/site-packages/airflow/example_dags/example_bash_operator.py
[2024-07-17T13:49:07.352+0000] {processor.py:840} INFO - DAG(s) 'example_bash_operator' retrieved from /home/airflow/.local/lib/python3.12/site-packages/airflow/example_dags/example_bash_operator.py
[2024-07-17T13:49:07.378+0000] {logging_mixin.py:188} INFO - [2024-07-17T13:49:07.378+0000] {dag.py:3096} INFO - Sync 1 DAGs
[2024-07-17T13:49:07.400+0000] {logging_mixin.py:188} INFO - [2024-07-17T13:49:07.399+0000] {dag.py:3954} INFO - Setting next_dagrun for example_bash_operator to 2024-07-16 00:00:00+00:00, run_after=2024-07-17 00:00:00+00:00
[2024-07-17T13:49:07.419+0000] {processor.py:183} INFO - Processing /home/airflow/.local/lib/python3.12/site-packages/airflow/example_dags/example_bash_operator.py took 0.088 seconds
[2024-07-17T13:49:37.574+0000] {processor.py:161} INFO - Started process (PID=1032) to work on /home/airflow/.local/lib/python3.12/site-packages/airflow/example_dags/example_bash_operator.py
[2024-07-17T13:49:37.575+0000] {processor.py:830} INFO - Processing file /home/airflow/.local/lib/python3.12/site-packages/airflow/example_dags/example_bash_operator.py for tasks to queue
[2024-07-17T13:49:37.577+0000] {logging_mixin.py:188} INFO - [2024-07-17T13:49:37.577+0000] {dagbag.py:545} INFO - Filling up the DagBag from /home/airflow/.local/lib/python3.12/site-packages/airflow/example_dags/example_bash_operator.py
[2024-07-17T13:49:37.594+0000] {processor.py:840} INFO - DAG(s) 'example_bash_operator' retrieved from /home/airflow/.local/lib/python3.12/site-packages/airflow/example_dags/example_bash_operator.py
[2024-07-17T13:49:37.636+0000] {logging_mixin.py:188} INFO - [2024-07-17T13:49:37.636+0000] {dag.py:3096} INFO - Sync 1 DAGs
[2024-07-17T13:49:37.670+0000] {logging_mixin.py:188} INFO - [2024-07-17T13:49:37.670+0000] {dag.py:3954} INFO - Setting next_dagrun for example_bash_operator to 2024-07-16 00:00:00+00:00, run_after=2024-07-17 00:00:00+00:00
[2024-07-17T13:49:37.698+0000] {processor.py:183} INFO - Processing /home/airflow/.local/lib/python3.12/site-packages/airflow/example_dags/example_bash_operator.py took 0.130 seconds
[2024-07-17T13:50:07.777+0000] {processor.py:161} INFO - Started process (PID=1092) to work on /home/airflow/.local/lib/python3.12/site-packages/airflow/example_dags/example_bash_operator.py
[2024-07-17T13:50:07.778+0000] {processor.py:830} INFO - Processing file /home/airflow/.local/lib/python3.12/site-packages/airflow/example_dags/example_bash_operator.py for tasks to queue
[2024-07-17T13:50:07.781+0000] {logging_mixin.py:188} INFO - [2024-07-17T13:50:07.780+0000] {dagbag.py:545} INFO - Filling up the DagBag from /home/airflow/.local/lib/python3.12/site-packages/airflow/example_dags/example_bash_operator.py
[2024-07-17T13:50:07.795+0000] {processor.py:840} INFO - DAG(s) 'example_bash_operator' retrieved from /home/airflow/.local/lib/python3.12/site-packages/airflow/example_dags/example_bash_operator.py
[2024-07-17T13:50:07.837+0000] {logging_mixin.py:188} INFO - [2024-07-17T13:50:07.837+0000] {dag.py:3096} INFO - Sync 1 DAGs
[2024-07-17T13:50:07.869+0000] {logging_mixin.py:188} INFO - [2024-07-17T13:50:07.869+0000] {dag.py:3954} INFO - Setting next_dagrun for example_bash_operator to 2024-07-16 00:00:00+00:00, run_after=2024-07-17 00:00:00+00:00
[2024-07-17T13:50:07.894+0000] {processor.py:183} INFO - Processing /home/airflow/.local/lib/python3.12/site-packages/airflow/example_dags/example_bash_operator.py took 0.125 seconds
[2024-07-17T13:50:37.995+0000] {processor.py:161} INFO - Started process (PID=1150) to work on /home/airflow/.local/lib/python3.12/site-packages/airflow/example_dags/example_bash_operator.py
[2024-07-17T13:50:37.996+0000] {processor.py:830} INFO - Processing file /home/airflow/.local/lib/python3.12/site-packages/airflow/example_dags/example_bash_operator.py for tasks to queue
[2024-07-17T13:50:37.998+0000] {logging_mixin.py:188} INFO - [2024-07-17T13:50:37.998+0000] {dagbag.py:545} INFO - Filling up the DagBag from /home/airflow/.local/lib/python3.12/site-packages/airflow/example_dags/example_bash_operator.py
[2024-07-17T13:50:38.007+0000] {processor.py:840} INFO - DAG(s) 'example_bash_operator' retrieved from /home/airflow/.local/lib/python3.12/site-packages/airflow/example_dags/example_bash_operator.py
[2024-07-17T13:50:38.038+0000] {logging_mixin.py:188} INFO - [2024-07-17T13:50:38.037+0000] {dag.py:3096} INFO - Sync 1 DAGs
[2024-07-17T13:50:38.059+0000] {logging_mixin.py:188} INFO - [2024-07-17T13:50:38.059+0000] {dag.py:3954} INFO - Setting next_dagrun for example_bash_operator to 2024-07-16 00:00:00+00:00, run_after=2024-07-17 00:00:00+00:00
[2024-07-17T13:50:38.077+0000] {processor.py:183} INFO - Processing /home/airflow/.local/lib/python3.12/site-packages/airflow/example_dags/example_bash_operator.py took 0.087 seconds
[2024-07-17T13:51:33.045+0000] {processor.py:161} INFO - Started process (PID=1185) to work on /home/airflow/.local/lib/python3.12/site-packages/airflow/example_dags/example_bash_operator.py
[2024-07-17T13:51:33.046+0000] {processor.py:830} INFO - Processing file /home/airflow/.local/lib/python3.12/site-packages/airflow/example_dags/example_bash_operator.py for tasks to queue
[2024-07-17T13:51:33.048+0000] {logging_mixin.py:188} INFO - [2024-07-17T13:51:33.047+0000] {dagbag.py:545} INFO - Filling up the DagBag from /home/airflow/.local/lib/python3.12/site-packages/airflow/example_dags/example_bash_operator.py
[2024-07-17T13:51:33.060+0000] {processor.py:840} INFO - DAG(s) 'example_bash_operator' retrieved from /home/airflow/.local/lib/python3.12/site-packages/airflow/example_dags/example_bash_operator.py
[2024-07-17T13:51:33.103+0000] {logging_mixin.py:188} INFO - [2024-07-17T13:51:33.102+0000] {dag.py:3096} INFO - Sync 1 DAGs
[2024-07-17T13:51:33.148+0000] {logging_mixin.py:188} INFO - [2024-07-17T13:51:33.148+0000] {dag.py:3954} INFO - Setting next_dagrun for example_bash_operator to 2024-07-16 00:00:00+00:00, run_after=2024-07-17 00:00:00+00:00
[2024-07-17T13:51:33.184+0000] {processor.py:183} INFO - Processing /home/airflow/.local/lib/python3.12/site-packages/airflow/example_dags/example_bash_operator.py took 0.146 seconds
[2024-07-17T13:52:03.710+0000] {processor.py:161} INFO - Started process (PID=1245) to work on /home/airflow/.local/lib/python3.12/site-packages/airflow/example_dags/example_bash_operator.py
[2024-07-17T13:52:03.711+0000] {processor.py:830} INFO - Processing file /home/airflow/.local/lib/python3.12/site-packages/airflow/example_dags/example_bash_operator.py for tasks to queue
[2024-07-17T13:52:03.713+0000] {logging_mixin.py:188} INFO - [2024-07-17T13:52:03.713+0000] {dagbag.py:545} INFO - Filling up the DagBag from /home/airflow/.local/lib/python3.12/site-packages/airflow/example_dags/example_bash_operator.py
[2024-07-17T13:52:03.724+0000] {processor.py:840} INFO - DAG(s) 'example_bash_operator' retrieved from /home/airflow/.local/lib/python3.12/site-packages/airflow/example_dags/example_bash_operator.py
[2024-07-17T13:52:03.760+0000] {logging_mixin.py:188} INFO - [2024-07-17T13:52:03.760+0000] {dag.py:3096} INFO - Sync 1 DAGs
[2024-07-17T13:52:03.785+0000] {logging_mixin.py:188} INFO - [2024-07-17T13:52:03.785+0000] {dag.py:3954} INFO - Setting next_dagrun for example_bash_operator to 2024-07-16 00:00:00+00:00, run_after=2024-07-17 00:00:00+00:00
[2024-07-17T13:52:03.812+0000] {processor.py:183} INFO - Processing /home/airflow/.local/lib/python3.12/site-packages/airflow/example_dags/example_bash_operator.py took 0.108 seconds
[2024-07-17T13:52:34.458+0000] {processor.py:161} INFO - Started process (PID=1305) to work on /home/airflow/.local/lib/python3.12/site-packages/airflow/example_dags/example_bash_operator.py
[2024-07-17T13:52:34.459+0000] {processor.py:830} INFO - Processing file /home/airflow/.local/lib/python3.12/site-packages/airflow/example_dags/example_bash_operator.py for tasks to queue
[2024-07-17T13:52:34.462+0000] {logging_mixin.py:188} INFO - [2024-07-17T13:52:34.461+0000] {dagbag.py:545} INFO - Filling up the DagBag from /home/airflow/.local/lib/python3.12/site-packages/airflow/example_dags/example_bash_operator.py
[2024-07-17T13:52:34.478+0000] {processor.py:840} INFO - DAG(s) 'example_bash_operator' retrieved from /home/airflow/.local/lib/python3.12/site-packages/airflow/example_dags/example_bash_operator.py
[2024-07-17T13:52:34.532+0000] {logging_mixin.py:188} INFO - [2024-07-17T13:52:34.532+0000] {dag.py:3096} INFO - Sync 1 DAGs
[2024-07-17T13:52:34.577+0000] {logging_mixin.py:188} INFO - [2024-07-17T13:52:34.576+0000] {dag.py:3954} INFO - Setting next_dagrun for example_bash_operator to 2024-07-16 00:00:00+00:00, run_after=2024-07-17 00:00:00+00:00
[2024-07-17T13:52:34.605+0000] {processor.py:183} INFO - Processing /home/airflow/.local/lib/python3.12/site-packages/airflow/example_dags/example_bash_operator.py took 0.155 seconds
[2024-07-17T13:53:04.936+0000] {processor.py:161} INFO - Started process (PID=1366) to work on /home/airflow/.local/lib/python3.12/site-packages/airflow/example_dags/example_bash_operator.py
[2024-07-17T13:53:04.937+0000] {processor.py:830} INFO - Processing file /home/airflow/.local/lib/python3.12/site-packages/airflow/example_dags/example_bash_operator.py for tasks to queue
[2024-07-17T13:53:04.939+0000] {logging_mixin.py:188} INFO - [2024-07-17T13:53:04.938+0000] {dagbag.py:545} INFO - Filling up the DagBag from /home/airflow/.local/lib/python3.12/site-packages/airflow/example_dags/example_bash_operator.py
[2024-07-17T13:53:04.951+0000] {processor.py:840} INFO - DAG(s) 'example_bash_operator' retrieved from /home/airflow/.local/lib/python3.12/site-packages/airflow/example_dags/example_bash_operator.py
[2024-07-17T13:53:04.988+0000] {logging_mixin.py:188} INFO - [2024-07-17T13:53:04.988+0000] {dag.py:3096} INFO - Sync 1 DAGs
[2024-07-17T13:53:05.021+0000] {logging_mixin.py:188} INFO - [2024-07-17T13:53:05.020+0000] {dag.py:3954} INFO - Setting next_dagrun for example_bash_operator to 2024-07-16 00:00:00+00:00, run_after=2024-07-17 00:00:00+00:00
[2024-07-17T13:53:05.048+0000] {processor.py:183} INFO - Processing /home/airflow/.local/lib/python3.12/site-packages/airflow/example_dags/example_bash_operator.py took 0.119 seconds
[2024-07-17T13:53:35.434+0000] {processor.py:161} INFO - Started process (PID=1426) to work on /home/airflow/.local/lib/python3.12/site-packages/airflow/example_dags/example_bash_operator.py
[2024-07-17T13:53:35.436+0000] {processor.py:830} INFO - Processing file /home/airflow/.local/lib/python3.12/site-packages/airflow/example_dags/example_bash_operator.py for tasks to queue
[2024-07-17T13:53:35.438+0000] {logging_mixin.py:188} INFO - [2024-07-17T13:53:35.438+0000] {dagbag.py:545} INFO - Filling up the DagBag from /home/airflow/.local/lib/python3.12/site-packages/airflow/example_dags/example_bash_operator.py
[2024-07-17T13:53:35.451+0000] {processor.py:840} INFO - DAG(s) 'example_bash_operator' retrieved from /home/airflow/.local/lib/python3.12/site-packages/airflow/example_dags/example_bash_operator.py
[2024-07-17T13:53:35.492+0000] {logging_mixin.py:188} INFO - [2024-07-17T13:53:35.491+0000] {dag.py:3096} INFO - Sync 1 DAGs
[2024-07-17T13:53:35.527+0000] {logging_mixin.py:188} INFO - [2024-07-17T13:53:35.527+0000] {dag.py:3954} INFO - Setting next_dagrun for example_bash_operator to 2024-07-16 00:00:00+00:00, run_after=2024-07-17 00:00:00+00:00
[2024-07-17T13:53:35.553+0000] {processor.py:183} INFO - Processing /home/airflow/.local/lib/python3.12/site-packages/airflow/example_dags/example_bash_operator.py took 0.126 seconds
[2024-07-17T13:54:05.710+0000] {processor.py:161} INFO - Started process (PID=1485) to work on /home/airflow/.local/lib/python3.12/site-packages/airflow/example_dags/example_bash_operator.py
[2024-07-17T13:54:05.711+0000] {processor.py:830} INFO - Processing file /home/airflow/.local/lib/python3.12/site-packages/airflow/example_dags/example_bash_operator.py for tasks to queue
[2024-07-17T13:54:05.714+0000] {logging_mixin.py:188} INFO - [2024-07-17T13:54:05.713+0000] {dagbag.py:545} INFO - Filling up the DagBag from /home/airflow/.local/lib/python3.12/site-packages/airflow/example_dags/example_bash_operator.py
[2024-07-17T13:54:05.734+0000] {processor.py:840} INFO - DAG(s) 'example_bash_operator' retrieved from /home/airflow/.local/lib/python3.12/site-packages/airflow/example_dags/example_bash_operator.py
[2024-07-17T13:54:05.779+0000] {logging_mixin.py:188} INFO - [2024-07-17T13:54:05.779+0000] {dag.py:3096} INFO - Sync 1 DAGs
[2024-07-17T13:54:05.815+0000] {logging_mixin.py:188} INFO - [2024-07-17T13:54:05.815+0000] {dag.py:3954} INFO - Setting next_dagrun for example_bash_operator to 2024-07-16 00:00:00+00:00, run_after=2024-07-17 00:00:00+00:00
[2024-07-17T13:54:05.836+0000] {processor.py:183} INFO - Processing /home/airflow/.local/lib/python3.12/site-packages/airflow/example_dags/example_bash_operator.py took 0.137 seconds
[2024-07-17T13:54:36.692+0000] {processor.py:161} INFO - Started process (PID=1545) to work on /home/airflow/.local/lib/python3.12/site-packages/airflow/example_dags/example_bash_operator.py
[2024-07-17T13:54:36.693+0000] {processor.py:830} INFO - Processing file /home/airflow/.local/lib/python3.12/site-packages/airflow/example_dags/example_bash_operator.py for tasks to queue
[2024-07-17T13:54:36.696+0000] {logging_mixin.py:188} INFO - [2024-07-17T13:54:36.695+0000] {dagbag.py:545} INFO - Filling up the DagBag from /home/airflow/.local/lib/python3.12/site-packages/airflow/example_dags/example_bash_operator.py
[2024-07-17T13:54:36.711+0000] {processor.py:840} INFO - DAG(s) 'example_bash_operator' retrieved from /home/airflow/.local/lib/python3.12/site-packages/airflow/example_dags/example_bash_operator.py
[2024-07-17T13:54:36.763+0000] {logging_mixin.py:188} INFO - [2024-07-17T13:54:36.762+0000] {dag.py:3096} INFO - Sync 1 DAGs
[2024-07-17T13:54:36.801+0000] {logging_mixin.py:188} INFO - [2024-07-17T13:54:36.801+0000] {dag.py:3954} INFO - Setting next_dagrun for example_bash_operator to 2024-07-16 00:00:00+00:00, run_after=2024-07-17 00:00:00+00:00
[2024-07-17T13:54:36.830+0000] {processor.py:183} INFO - Processing /home/airflow/.local/lib/python3.12/site-packages/airflow/example_dags/example_bash_operator.py took 0.149 seconds
[2024-07-17T13:55:07.683+0000] {processor.py:161} INFO - Started process (PID=1605) to work on /home/airflow/.local/lib/python3.12/site-packages/airflow/example_dags/example_bash_operator.py
[2024-07-17T13:55:07.684+0000] {processor.py:830} INFO - Processing file /home/airflow/.local/lib/python3.12/site-packages/airflow/example_dags/example_bash_operator.py for tasks to queue
[2024-07-17T13:55:07.686+0000] {logging_mixin.py:188} INFO - [2024-07-17T13:55:07.686+0000] {dagbag.py:545} INFO - Filling up the DagBag from /home/airflow/.local/lib/python3.12/site-packages/airflow/example_dags/example_bash_operator.py
[2024-07-17T13:55:07.696+0000] {processor.py:840} INFO - DAG(s) 'example_bash_operator' retrieved from /home/airflow/.local/lib/python3.12/site-packages/airflow/example_dags/example_bash_operator.py
[2024-07-17T13:55:07.722+0000] {logging_mixin.py:188} INFO - [2024-07-17T13:55:07.722+0000] {dag.py:3096} INFO - Sync 1 DAGs
[2024-07-17T13:55:07.742+0000] {logging_mixin.py:188} INFO - [2024-07-17T13:55:07.742+0000] {dag.py:3954} INFO - Setting next_dagrun for example_bash_operator to 2024-07-16 00:00:00+00:00, run_after=2024-07-17 00:00:00+00:00
[2024-07-17T13:55:07.761+0000] {processor.py:183} INFO - Processing /home/airflow/.local/lib/python3.12/site-packages/airflow/example_dags/example_bash_operator.py took 0.084 seconds
[2024-07-17T13:55:38.826+0000] {processor.py:161} INFO - Started process (PID=1666) to work on /home/airflow/.local/lib/python3.12/site-packages/airflow/example_dags/example_bash_operator.py
[2024-07-17T13:55:38.827+0000] {processor.py:830} INFO - Processing file /home/airflow/.local/lib/python3.12/site-packages/airflow/example_dags/example_bash_operator.py for tasks to queue
[2024-07-17T13:55:38.829+0000] {logging_mixin.py:188} INFO - [2024-07-17T13:55:38.829+0000] {dagbag.py:545} INFO - Filling up the DagBag from /home/airflow/.local/lib/python3.12/site-packages/airflow/example_dags/example_bash_operator.py
[2024-07-17T13:55:38.846+0000] {processor.py:840} INFO - DAG(s) 'example_bash_operator' retrieved from /home/airflow/.local/lib/python3.12/site-packages/airflow/example_dags/example_bash_operator.py
[2024-07-17T13:55:38.886+0000] {logging_mixin.py:188} INFO - [2024-07-17T13:55:38.886+0000] {dag.py:3096} INFO - Sync 1 DAGs
[2024-07-17T13:55:38.919+0000] {logging_mixin.py:188} INFO - [2024-07-17T13:55:38.918+0000] {dag.py:3954} INFO - Setting next_dagrun for example_bash_operator to 2024-07-16 00:00:00+00:00, run_after=2024-07-17 00:00:00+00:00
[2024-07-17T13:55:38.947+0000] {processor.py:183} INFO - Processing /home/airflow/.local/lib/python3.12/site-packages/airflow/example_dags/example_bash_operator.py took 0.129 seconds
[2024-07-17T13:56:09.862+0000] {processor.py:161} INFO - Started process (PID=1727) to work on /home/airflow/.local/lib/python3.12/site-packages/airflow/example_dags/example_bash_operator.py
[2024-07-17T13:56:09.863+0000] {processor.py:830} INFO - Processing file /home/airflow/.local/lib/python3.12/site-packages/airflow/example_dags/example_bash_operator.py for tasks to queue
[2024-07-17T13:56:09.865+0000] {logging_mixin.py:188} INFO - [2024-07-17T13:56:09.865+0000] {dagbag.py:545} INFO - Filling up the DagBag from /home/airflow/.local/lib/python3.12/site-packages/airflow/example_dags/example_bash_operator.py
[2024-07-17T13:56:09.881+0000] {processor.py:840} INFO - DAG(s) 'example_bash_operator' retrieved from /home/airflow/.local/lib/python3.12/site-packages/airflow/example_dags/example_bash_operator.py
[2024-07-17T13:56:09.924+0000] {logging_mixin.py:188} INFO - [2024-07-17T13:56:09.924+0000] {dag.py:3096} INFO - Sync 1 DAGs
[2024-07-17T13:56:09.957+0000] {logging_mixin.py:188} INFO - [2024-07-17T13:56:09.957+0000] {dag.py:3954} INFO - Setting next_dagrun for example_bash_operator to 2024-07-16 00:00:00+00:00, run_after=2024-07-17 00:00:00+00:00
[2024-07-17T13:56:09.980+0000] {processor.py:183} INFO - Processing /home/airflow/.local/lib/python3.12/site-packages/airflow/example_dags/example_bash_operator.py took 0.126 seconds
[2024-07-17T13:56:41.067+0000] {processor.py:161} INFO - Started process (PID=1787) to work on /home/airflow/.local/lib/python3.12/site-packages/airflow/example_dags/example_bash_operator.py
[2024-07-17T13:56:41.068+0000] {processor.py:830} INFO - Processing file /home/airflow/.local/lib/python3.12/site-packages/airflow/example_dags/example_bash_operator.py for tasks to queue
[2024-07-17T13:56:41.070+0000] {logging_mixin.py:188} INFO - [2024-07-17T13:56:41.070+0000] {dagbag.py:545} INFO - Filling up the DagBag from /home/airflow/.local/lib/python3.12/site-packages/airflow/example_dags/example_bash_operator.py
[2024-07-17T13:56:41.082+0000] {processor.py:840} INFO - DAG(s) 'example_bash_operator' retrieved from /home/airflow/.local/lib/python3.12/site-packages/airflow/example_dags/example_bash_operator.py
[2024-07-17T13:56:41.113+0000] {logging_mixin.py:188} INFO - [2024-07-17T13:56:41.112+0000] {dag.py:3096} INFO - Sync 1 DAGs
[2024-07-17T13:56:41.141+0000] {logging_mixin.py:188} INFO - [2024-07-17T13:56:41.141+0000] {dag.py:3954} INFO - Setting next_dagrun for example_bash_operator to 2024-07-16 00:00:00+00:00, run_after=2024-07-17 00:00:00+00:00
[2024-07-17T13:56:41.171+0000] {processor.py:183} INFO - Processing /home/airflow/.local/lib/python3.12/site-packages/airflow/example_dags/example_bash_operator.py took 0.109 seconds
[2024-07-17T13:57:11.682+0000] {processor.py:161} INFO - Started process (PID=1846) to work on /home/airflow/.local/lib/python3.12/site-packages/airflow/example_dags/example_bash_operator.py
[2024-07-17T13:57:11.683+0000] {processor.py:830} INFO - Processing file /home/airflow/.local/lib/python3.12/site-packages/airflow/example_dags/example_bash_operator.py for tasks to queue
[2024-07-17T13:57:11.685+0000] {logging_mixin.py:188} INFO - [2024-07-17T13:57:11.685+0000] {dagbag.py:545} INFO - Filling up the DagBag from /home/airflow/.local/lib/python3.12/site-packages/airflow/example_dags/example_bash_operator.py
[2024-07-17T13:57:11.697+0000] {processor.py:840} INFO - DAG(s) 'example_bash_operator' retrieved from /home/airflow/.local/lib/python3.12/site-packages/airflow/example_dags/example_bash_operator.py
[2024-07-17T13:57:11.730+0000] {logging_mixin.py:188} INFO - [2024-07-17T13:57:11.729+0000] {dag.py:3096} INFO - Sync 1 DAGs
[2024-07-17T13:57:11.763+0000] {logging_mixin.py:188} INFO - [2024-07-17T13:57:11.762+0000] {dag.py:3954} INFO - Setting next_dagrun for example_bash_operator to 2024-07-16 00:00:00+00:00, run_after=2024-07-17 00:00:00+00:00
[2024-07-17T13:57:11.795+0000] {processor.py:183} INFO - Processing /home/airflow/.local/lib/python3.12/site-packages/airflow/example_dags/example_bash_operator.py took 0.118 seconds
[2024-07-17T13:57:42.149+0000] {processor.py:161} INFO - Started process (PID=1905) to work on /home/airflow/.local/lib/python3.12/site-packages/airflow/example_dags/example_bash_operator.py
[2024-07-17T13:57:42.150+0000] {processor.py:830} INFO - Processing file /home/airflow/.local/lib/python3.12/site-packages/airflow/example_dags/example_bash_operator.py for tasks to queue
[2024-07-17T13:57:42.152+0000] {logging_mixin.py:188} INFO - [2024-07-17T13:57:42.152+0000] {dagbag.py:545} INFO - Filling up the DagBag from /home/airflow/.local/lib/python3.12/site-packages/airflow/example_dags/example_bash_operator.py
[2024-07-17T13:57:42.169+0000] {processor.py:840} INFO - DAG(s) 'example_bash_operator' retrieved from /home/airflow/.local/lib/python3.12/site-packages/airflow/example_dags/example_bash_operator.py
[2024-07-17T13:57:42.401+0000] {logging_mixin.py:188} INFO - [2024-07-17T13:57:42.401+0000] {dag.py:3096} INFO - Sync 1 DAGs
[2024-07-17T13:57:42.428+0000] {logging_mixin.py:188} INFO - [2024-07-17T13:57:42.427+0000] {dag.py:3954} INFO - Setting next_dagrun for example_bash_operator to 2024-07-16 00:00:00+00:00, run_after=2024-07-17 00:00:00+00:00
[2024-07-17T13:57:42.452+0000] {processor.py:183} INFO - Processing /home/airflow/.local/lib/python3.12/site-packages/airflow/example_dags/example_bash_operator.py took 0.310 seconds
[2024-07-17T13:58:12.921+0000] {processor.py:161} INFO - Started process (PID=1966) to work on /home/airflow/.local/lib/python3.12/site-packages/airflow/example_dags/example_bash_operator.py
[2024-07-17T13:58:12.922+0000] {processor.py:830} INFO - Processing file /home/airflow/.local/lib/python3.12/site-packages/airflow/example_dags/example_bash_operator.py for tasks to queue
[2024-07-17T13:58:12.924+0000] {logging_mixin.py:188} INFO - [2024-07-17T13:58:12.924+0000] {dagbag.py:545} INFO - Filling up the DagBag from /home/airflow/.local/lib/python3.12/site-packages/airflow/example_dags/example_bash_operator.py
[2024-07-17T13:58:12.942+0000] {processor.py:840} INFO - DAG(s) 'example_bash_operator' retrieved from /home/airflow/.local/lib/python3.12/site-packages/airflow/example_dags/example_bash_operator.py
[2024-07-17T13:58:12.981+0000] {logging_mixin.py:188} INFO - [2024-07-17T13:58:12.981+0000] {dag.py:3096} INFO - Sync 1 DAGs
[2024-07-17T13:58:13.015+0000] {logging_mixin.py:188} INFO - [2024-07-17T13:58:13.015+0000] {dag.py:3954} INFO - Setting next_dagrun for example_bash_operator to 2024-07-16 00:00:00+00:00, run_after=2024-07-17 00:00:00+00:00
[2024-07-17T13:58:13.042+0000] {processor.py:183} INFO - Processing /home/airflow/.local/lib/python3.12/site-packages/airflow/example_dags/example_bash_operator.py took 0.129 seconds
[2024-07-17T13:58:43.745+0000] {processor.py:161} INFO - Started process (PID=2026) to work on /home/airflow/.local/lib/python3.12/site-packages/airflow/example_dags/example_bash_operator.py
[2024-07-17T13:58:43.746+0000] {processor.py:830} INFO - Processing file /home/airflow/.local/lib/python3.12/site-packages/airflow/example_dags/example_bash_operator.py for tasks to queue
[2024-07-17T13:58:43.748+0000] {logging_mixin.py:188} INFO - [2024-07-17T13:58:43.748+0000] {dagbag.py:545} INFO - Filling up the DagBag from /home/airflow/.local/lib/python3.12/site-packages/airflow/example_dags/example_bash_operator.py
[2024-07-17T13:58:43.764+0000] {processor.py:840} INFO - DAG(s) 'example_bash_operator' retrieved from /home/airflow/.local/lib/python3.12/site-packages/airflow/example_dags/example_bash_operator.py
[2024-07-17T13:58:43.804+0000] {logging_mixin.py:188} INFO - [2024-07-17T13:58:43.804+0000] {dag.py:3096} INFO - Sync 1 DAGs
[2024-07-17T13:58:43.837+0000] {logging_mixin.py:188} INFO - [2024-07-17T13:58:43.837+0000] {dag.py:3954} INFO - Setting next_dagrun for example_bash_operator to 2024-07-16 00:00:00+00:00, run_after=2024-07-17 00:00:00+00:00
[2024-07-17T13:58:43.870+0000] {processor.py:183} INFO - Processing /home/airflow/.local/lib/python3.12/site-packages/airflow/example_dags/example_bash_operator.py took 0.131 seconds
[2024-07-17T13:59:14.396+0000] {processor.py:161} INFO - Started process (PID=2086) to work on /home/airflow/.local/lib/python3.12/site-packages/airflow/example_dags/example_bash_operator.py
[2024-07-17T13:59:14.397+0000] {processor.py:830} INFO - Processing file /home/airflow/.local/lib/python3.12/site-packages/airflow/example_dags/example_bash_operator.py for tasks to queue
[2024-07-17T13:59:14.399+0000] {logging_mixin.py:188} INFO - [2024-07-17T13:59:14.399+0000] {dagbag.py:545} INFO - Filling up the DagBag from /home/airflow/.local/lib/python3.12/site-packages/airflow/example_dags/example_bash_operator.py
[2024-07-17T13:59:14.415+0000] {processor.py:840} INFO - DAG(s) 'example_bash_operator' retrieved from /home/airflow/.local/lib/python3.12/site-packages/airflow/example_dags/example_bash_operator.py
[2024-07-17T13:59:14.459+0000] {logging_mixin.py:188} INFO - [2024-07-17T13:59:14.459+0000] {dag.py:3096} INFO - Sync 1 DAGs
[2024-07-17T13:59:14.491+0000] {logging_mixin.py:188} INFO - [2024-07-17T13:59:14.491+0000] {dag.py:3954} INFO - Setting next_dagrun for example_bash_operator to 2024-07-16 00:00:00+00:00, run_after=2024-07-17 00:00:00+00:00
[2024-07-17T13:59:14.521+0000] {processor.py:183} INFO - Processing /home/airflow/.local/lib/python3.12/site-packages/airflow/example_dags/example_bash_operator.py took 0.131 seconds
[2024-07-17T13:59:44.829+0000] {processor.py:161} INFO - Started process (PID=2147) to work on /home/airflow/.local/lib/python3.12/site-packages/airflow/example_dags/example_bash_operator.py
[2024-07-17T13:59:44.837+0000] {processor.py:830} INFO - Processing file /home/airflow/.local/lib/python3.12/site-packages/airflow/example_dags/example_bash_operator.py for tasks to queue
[2024-07-17T13:59:44.848+0000] {logging_mixin.py:188} INFO - [2024-07-17T13:59:44.847+0000] {dagbag.py:545} INFO - Filling up the DagBag from /home/airflow/.local/lib/python3.12/site-packages/airflow/example_dags/example_bash_operator.py
[2024-07-17T13:59:44.876+0000] {processor.py:840} INFO - DAG(s) 'example_bash_operator' retrieved from /home/airflow/.local/lib/python3.12/site-packages/airflow/example_dags/example_bash_operator.py
[2024-07-17T13:59:44.943+0000] {logging_mixin.py:188} INFO - [2024-07-17T13:59:44.943+0000] {dag.py:3096} INFO - Sync 1 DAGs
[2024-07-17T13:59:44.984+0000] {logging_mixin.py:188} INFO - [2024-07-17T13:59:44.983+0000] {dag.py:3954} INFO - Setting next_dagrun for example_bash_operator to 2024-07-16 00:00:00+00:00, run_after=2024-07-17 00:00:00+00:00
[2024-07-17T13:59:45.021+0000] {processor.py:183} INFO - Processing /home/airflow/.local/lib/python3.12/site-packages/airflow/example_dags/example_bash_operator.py took 0.204 seconds
[2024-07-17T14:00:15.904+0000] {processor.py:161} INFO - Started process (PID=2207) to work on /home/airflow/.local/lib/python3.12/site-packages/airflow/example_dags/example_bash_operator.py
[2024-07-17T14:00:15.905+0000] {processor.py:830} INFO - Processing file /home/airflow/.local/lib/python3.12/site-packages/airflow/example_dags/example_bash_operator.py for tasks to queue
[2024-07-17T14:00:15.908+0000] {logging_mixin.py:188} INFO - [2024-07-17T14:00:15.907+0000] {dagbag.py:545} INFO - Filling up the DagBag from /home/airflow/.local/lib/python3.12/site-packages/airflow/example_dags/example_bash_operator.py
[2024-07-17T14:00:15.923+0000] {processor.py:840} INFO - DAG(s) 'example_bash_operator' retrieved from /home/airflow/.local/lib/python3.12/site-packages/airflow/example_dags/example_bash_operator.py
[2024-07-17T14:00:15.954+0000] {logging_mixin.py:188} INFO - [2024-07-17T14:00:15.954+0000] {dag.py:3096} INFO - Sync 1 DAGs
[2024-07-17T14:00:15.986+0000] {logging_mixin.py:188} INFO - [2024-07-17T14:00:15.986+0000] {dag.py:3954} INFO - Setting next_dagrun for example_bash_operator to 2024-07-16 00:00:00+00:00, run_after=2024-07-17 00:00:00+00:00
[2024-07-17T14:00:16.009+0000] {processor.py:183} INFO - Processing /home/airflow/.local/lib/python3.12/site-packages/airflow/example_dags/example_bash_operator.py took 0.110 seconds
[2024-07-17T14:00:46.545+0000] {processor.py:161} INFO - Started process (PID=2267) to work on /home/airflow/.local/lib/python3.12/site-packages/airflow/example_dags/example_bash_operator.py
[2024-07-17T14:00:46.546+0000] {processor.py:830} INFO - Processing file /home/airflow/.local/lib/python3.12/site-packages/airflow/example_dags/example_bash_operator.py for tasks to queue
[2024-07-17T14:00:46.549+0000] {logging_mixin.py:188} INFO - [2024-07-17T14:00:46.549+0000] {dagbag.py:545} INFO - Filling up the DagBag from /home/airflow/.local/lib/python3.12/site-packages/airflow/example_dags/example_bash_operator.py
[2024-07-17T14:00:46.565+0000] {processor.py:840} INFO - DAG(s) 'example_bash_operator' retrieved from /home/airflow/.local/lib/python3.12/site-packages/airflow/example_dags/example_bash_operator.py
[2024-07-17T14:00:46.616+0000] {logging_mixin.py:188} INFO - [2024-07-17T14:00:46.616+0000] {dag.py:3096} INFO - Sync 1 DAGs
[2024-07-17T14:00:46.656+0000] {logging_mixin.py:188} INFO - [2024-07-17T14:00:46.656+0000] {dag.py:3954} INFO - Setting next_dagrun for example_bash_operator to 2024-07-16 00:00:00+00:00, run_after=2024-07-17 00:00:00+00:00
[2024-07-17T14:00:46.691+0000] {processor.py:183} INFO - Processing /home/airflow/.local/lib/python3.12/site-packages/airflow/example_dags/example_bash_operator.py took 0.153 seconds
[2024-07-17T14:01:16.863+0000] {processor.py:161} INFO - Started process (PID=2326) to work on /home/airflow/.local/lib/python3.12/site-packages/airflow/example_dags/example_bash_operator.py
[2024-07-17T14:01:16.864+0000] {processor.py:830} INFO - Processing file /home/airflow/.local/lib/python3.12/site-packages/airflow/example_dags/example_bash_operator.py for tasks to queue
[2024-07-17T14:01:16.866+0000] {logging_mixin.py:188} INFO - [2024-07-17T14:01:16.866+0000] {dagbag.py:545} INFO - Filling up the DagBag from /home/airflow/.local/lib/python3.12/site-packages/airflow/example_dags/example_bash_operator.py
[2024-07-17T14:01:16.883+0000] {processor.py:840} INFO - DAG(s) 'example_bash_operator' retrieved from /home/airflow/.local/lib/python3.12/site-packages/airflow/example_dags/example_bash_operator.py
[2024-07-17T14:01:16.935+0000] {logging_mixin.py:188} INFO - [2024-07-17T14:01:16.934+0000] {dag.py:3096} INFO - Sync 1 DAGs
[2024-07-17T14:01:16.980+0000] {logging_mixin.py:188} INFO - [2024-07-17T14:01:16.980+0000] {dag.py:3954} INFO - Setting next_dagrun for example_bash_operator to 2024-07-16 00:00:00+00:00, run_after=2024-07-17 00:00:00+00:00
[2024-07-17T14:01:17.013+0000] {processor.py:183} INFO - Processing /home/airflow/.local/lib/python3.12/site-packages/airflow/example_dags/example_bash_operator.py took 0.157 seconds
[2024-07-17T14:01:47.280+0000] {processor.py:161} INFO - Started process (PID=2386) to work on /home/airflow/.local/lib/python3.12/site-packages/airflow/example_dags/example_bash_operator.py
[2024-07-17T14:01:47.281+0000] {processor.py:830} INFO - Processing file /home/airflow/.local/lib/python3.12/site-packages/airflow/example_dags/example_bash_operator.py for tasks to queue
[2024-07-17T14:01:47.283+0000] {logging_mixin.py:188} INFO - [2024-07-17T14:01:47.283+0000] {dagbag.py:545} INFO - Filling up the DagBag from /home/airflow/.local/lib/python3.12/site-packages/airflow/example_dags/example_bash_operator.py
[2024-07-17T14:01:47.295+0000] {processor.py:840} INFO - DAG(s) 'example_bash_operator' retrieved from /home/airflow/.local/lib/python3.12/site-packages/airflow/example_dags/example_bash_operator.py
[2024-07-17T14:01:47.325+0000] {logging_mixin.py:188} INFO - [2024-07-17T14:01:47.325+0000] {dag.py:3096} INFO - Sync 1 DAGs
[2024-07-17T14:01:47.353+0000] {logging_mixin.py:188} INFO - [2024-07-17T14:01:47.353+0000] {dag.py:3954} INFO - Setting next_dagrun for example_bash_operator to 2024-07-16 00:00:00+00:00, run_after=2024-07-17 00:00:00+00:00
[2024-07-17T14:01:47.377+0000] {processor.py:183} INFO - Processing /home/airflow/.local/lib/python3.12/site-packages/airflow/example_dags/example_bash_operator.py took 0.104 seconds
[2024-07-17T14:04:07.562+0000] {processor.py:161} INFO - Started process (PID=2445) to work on /home/airflow/.local/lib/python3.12/site-packages/airflow/example_dags/example_bash_operator.py
[2024-07-17T14:04:07.563+0000] {processor.py:830} INFO - Processing file /home/airflow/.local/lib/python3.12/site-packages/airflow/example_dags/example_bash_operator.py for tasks to queue
[2024-07-17T14:04:07.566+0000] {logging_mixin.py:188} INFO - [2024-07-17T14:04:07.565+0000] {dagbag.py:545} INFO - Filling up the DagBag from /home/airflow/.local/lib/python3.12/site-packages/airflow/example_dags/example_bash_operator.py
[2024-07-17T14:04:07.591+0000] {processor.py:840} INFO - DAG(s) 'example_bash_operator' retrieved from /home/airflow/.local/lib/python3.12/site-packages/airflow/example_dags/example_bash_operator.py
[2024-07-17T14:04:07.698+0000] {logging_mixin.py:188} INFO - [2024-07-17T14:04:07.697+0000] {dag.py:3096} INFO - Sync 1 DAGs
[2024-07-17T14:04:07.785+0000] {logging_mixin.py:188} INFO - [2024-07-17T14:04:07.782+0000] {dag.py:3954} INFO - Setting next_dagrun for example_bash_operator to 2024-07-16 00:00:00+00:00, run_after=2024-07-17 00:00:00+00:00
[2024-07-17T14:04:07.836+0000] {processor.py:183} INFO - Processing /home/airflow/.local/lib/python3.12/site-packages/airflow/example_dags/example_bash_operator.py took 0.286 seconds
[2024-07-17T14:04:37.971+0000] {processor.py:161} INFO - Started process (PID=2506) to work on /home/airflow/.local/lib/python3.12/site-packages/airflow/example_dags/example_bash_operator.py
[2024-07-17T14:04:37.974+0000] {processor.py:830} INFO - Processing file /home/airflow/.local/lib/python3.12/site-packages/airflow/example_dags/example_bash_operator.py for tasks to queue
[2024-07-17T14:04:37.978+0000] {logging_mixin.py:188} INFO - [2024-07-17T14:04:37.977+0000] {dagbag.py:545} INFO - Filling up the DagBag from /home/airflow/.local/lib/python3.12/site-packages/airflow/example_dags/example_bash_operator.py
[2024-07-17T14:04:38.000+0000] {processor.py:840} INFO - DAG(s) 'example_bash_operator' retrieved from /home/airflow/.local/lib/python3.12/site-packages/airflow/example_dags/example_bash_operator.py
[2024-07-17T14:04:38.047+0000] {logging_mixin.py:188} INFO - [2024-07-17T14:04:38.047+0000] {dag.py:3096} INFO - Sync 1 DAGs
[2024-07-17T14:04:38.087+0000] {logging_mixin.py:188} INFO - [2024-07-17T14:04:38.086+0000] {dag.py:3954} INFO - Setting next_dagrun for example_bash_operator to 2024-07-16 00:00:00+00:00, run_after=2024-07-17 00:00:00+00:00
[2024-07-17T14:04:38.115+0000] {processor.py:183} INFO - Processing /home/airflow/.local/lib/python3.12/site-packages/airflow/example_dags/example_bash_operator.py took 0.155 seconds
[2024-07-17T14:05:08.233+0000] {processor.py:161} INFO - Started process (PID=2567) to work on /home/airflow/.local/lib/python3.12/site-packages/airflow/example_dags/example_bash_operator.py
[2024-07-17T14:05:08.234+0000] {processor.py:830} INFO - Processing file /home/airflow/.local/lib/python3.12/site-packages/airflow/example_dags/example_bash_operator.py for tasks to queue
[2024-07-17T14:05:08.237+0000] {logging_mixin.py:188} INFO - [2024-07-17T14:05:08.236+0000] {dagbag.py:545} INFO - Filling up the DagBag from /home/airflow/.local/lib/python3.12/site-packages/airflow/example_dags/example_bash_operator.py
[2024-07-17T14:05:08.250+0000] {processor.py:840} INFO - DAG(s) 'example_bash_operator' retrieved from /home/airflow/.local/lib/python3.12/site-packages/airflow/example_dags/example_bash_operator.py
[2024-07-17T14:05:08.294+0000] {logging_mixin.py:188} INFO - [2024-07-17T14:05:08.294+0000] {dag.py:3096} INFO - Sync 1 DAGs
[2024-07-17T14:05:08.327+0000] {logging_mixin.py:188} INFO - [2024-07-17T14:05:08.327+0000] {dag.py:3954} INFO - Setting next_dagrun for example_bash_operator to 2024-07-16 00:00:00+00:00, run_after=2024-07-17 00:00:00+00:00
[2024-07-17T14:05:08.354+0000] {processor.py:183} INFO - Processing /home/airflow/.local/lib/python3.12/site-packages/airflow/example_dags/example_bash_operator.py took 0.127 seconds
[2024-07-17T14:05:39.334+0000] {processor.py:161} INFO - Started process (PID=2627) to work on /home/airflow/.local/lib/python3.12/site-packages/airflow/example_dags/example_bash_operator.py
[2024-07-17T14:05:39.340+0000] {processor.py:830} INFO - Processing file /home/airflow/.local/lib/python3.12/site-packages/airflow/example_dags/example_bash_operator.py for tasks to queue
[2024-07-17T14:05:39.343+0000] {logging_mixin.py:188} INFO - [2024-07-17T14:05:39.342+0000] {dagbag.py:545} INFO - Filling up the DagBag from /home/airflow/.local/lib/python3.12/site-packages/airflow/example_dags/example_bash_operator.py
[2024-07-17T14:05:39.366+0000] {processor.py:840} INFO - DAG(s) 'example_bash_operator' retrieved from /home/airflow/.local/lib/python3.12/site-packages/airflow/example_dags/example_bash_operator.py
[2024-07-17T14:05:39.424+0000] {logging_mixin.py:188} INFO - [2024-07-17T14:05:39.424+0000] {dag.py:3096} INFO - Sync 1 DAGs
[2024-07-17T14:05:39.482+0000] {logging_mixin.py:188} INFO - [2024-07-17T14:05:39.481+0000] {dag.py:3954} INFO - Setting next_dagrun for example_bash_operator to 2024-07-16 00:00:00+00:00, run_after=2024-07-17 00:00:00+00:00
[2024-07-17T14:05:39.519+0000] {processor.py:183} INFO - Processing /home/airflow/.local/lib/python3.12/site-packages/airflow/example_dags/example_bash_operator.py took 0.199 seconds
[2024-07-17T14:06:10.643+0000] {processor.py:161} INFO - Started process (PID=2688) to work on /home/airflow/.local/lib/python3.12/site-packages/airflow/example_dags/example_bash_operator.py
[2024-07-17T14:06:10.645+0000] {processor.py:830} INFO - Processing file /home/airflow/.local/lib/python3.12/site-packages/airflow/example_dags/example_bash_operator.py for tasks to queue
[2024-07-17T14:06:10.649+0000] {logging_mixin.py:188} INFO - [2024-07-17T14:06:10.648+0000] {dagbag.py:545} INFO - Filling up the DagBag from /home/airflow/.local/lib/python3.12/site-packages/airflow/example_dags/example_bash_operator.py
[2024-07-17T14:06:10.676+0000] {processor.py:840} INFO - DAG(s) 'example_bash_operator' retrieved from /home/airflow/.local/lib/python3.12/site-packages/airflow/example_dags/example_bash_operator.py
[2024-07-17T14:06:10.759+0000] {logging_mixin.py:188} INFO - [2024-07-17T14:06:10.759+0000] {dag.py:3096} INFO - Sync 1 DAGs
[2024-07-17T14:06:10.807+0000] {logging_mixin.py:188} INFO - [2024-07-17T14:06:10.807+0000] {dag.py:3954} INFO - Setting next_dagrun for example_bash_operator to 2024-07-16 00:00:00+00:00, run_after=2024-07-17 00:00:00+00:00
[2024-07-17T14:06:10.844+0000] {processor.py:183} INFO - Processing /home/airflow/.local/lib/python3.12/site-packages/airflow/example_dags/example_bash_operator.py took 0.214 seconds
[2024-07-17T14:06:41.206+0000] {processor.py:161} INFO - Started process (PID=2748) to work on /home/airflow/.local/lib/python3.12/site-packages/airflow/example_dags/example_bash_operator.py
[2024-07-17T14:06:41.208+0000] {processor.py:830} INFO - Processing file /home/airflow/.local/lib/python3.12/site-packages/airflow/example_dags/example_bash_operator.py for tasks to queue
[2024-07-17T14:06:41.211+0000] {logging_mixin.py:188} INFO - [2024-07-17T14:06:41.211+0000] {dagbag.py:545} INFO - Filling up the DagBag from /home/airflow/.local/lib/python3.12/site-packages/airflow/example_dags/example_bash_operator.py
[2024-07-17T14:06:41.233+0000] {processor.py:840} INFO - DAG(s) 'example_bash_operator' retrieved from /home/airflow/.local/lib/python3.12/site-packages/airflow/example_dags/example_bash_operator.py
[2024-07-17T14:06:41.290+0000] {logging_mixin.py:188} INFO - [2024-07-17T14:06:41.289+0000] {dag.py:3096} INFO - Sync 1 DAGs
[2024-07-17T14:06:41.333+0000] {logging_mixin.py:188} INFO - [2024-07-17T14:06:41.333+0000] {dag.py:3954} INFO - Setting next_dagrun for example_bash_operator to 2024-07-16 00:00:00+00:00, run_after=2024-07-17 00:00:00+00:00
[2024-07-17T14:06:41.371+0000] {processor.py:183} INFO - Processing /home/airflow/.local/lib/python3.12/site-packages/airflow/example_dags/example_bash_operator.py took 0.177 seconds
[2024-07-17T14:07:12.142+0000] {processor.py:161} INFO - Started process (PID=2808) to work on /home/airflow/.local/lib/python3.12/site-packages/airflow/example_dags/example_bash_operator.py
[2024-07-17T14:07:12.144+0000] {processor.py:830} INFO - Processing file /home/airflow/.local/lib/python3.12/site-packages/airflow/example_dags/example_bash_operator.py for tasks to queue
[2024-07-17T14:07:12.148+0000] {logging_mixin.py:188} INFO - [2024-07-17T14:07:12.148+0000] {dagbag.py:545} INFO - Filling up the DagBag from /home/airflow/.local/lib/python3.12/site-packages/airflow/example_dags/example_bash_operator.py
[2024-07-17T14:07:12.175+0000] {processor.py:840} INFO - DAG(s) 'example_bash_operator' retrieved from /home/airflow/.local/lib/python3.12/site-packages/airflow/example_dags/example_bash_operator.py
[2024-07-17T14:07:12.240+0000] {logging_mixin.py:188} INFO - [2024-07-17T14:07:12.240+0000] {dag.py:3096} INFO - Sync 1 DAGs
[2024-07-17T14:07:12.298+0000] {logging_mixin.py:188} INFO - [2024-07-17T14:07:12.297+0000] {dag.py:3954} INFO - Setting next_dagrun for example_bash_operator to 2024-07-16 00:00:00+00:00, run_after=2024-07-17 00:00:00+00:00
[2024-07-17T14:07:12.345+0000] {processor.py:183} INFO - Processing /home/airflow/.local/lib/python3.12/site-packages/airflow/example_dags/example_bash_operator.py took 0.217 seconds
[2024-07-17T14:07:43.059+0000] {processor.py:161} INFO - Started process (PID=2868) to work on /home/airflow/.local/lib/python3.12/site-packages/airflow/example_dags/example_bash_operator.py
[2024-07-17T14:07:43.061+0000] {processor.py:830} INFO - Processing file /home/airflow/.local/lib/python3.12/site-packages/airflow/example_dags/example_bash_operator.py for tasks to queue
[2024-07-17T14:07:43.066+0000] {logging_mixin.py:188} INFO - [2024-07-17T14:07:43.065+0000] {dagbag.py:545} INFO - Filling up the DagBag from /home/airflow/.local/lib/python3.12/site-packages/airflow/example_dags/example_bash_operator.py
[2024-07-17T14:07:43.098+0000] {processor.py:840} INFO - DAG(s) 'example_bash_operator' retrieved from /home/airflow/.local/lib/python3.12/site-packages/airflow/example_dags/example_bash_operator.py
[2024-07-17T14:07:43.182+0000] {logging_mixin.py:188} INFO - [2024-07-17T14:07:43.182+0000] {dag.py:3096} INFO - Sync 1 DAGs
[2024-07-17T14:07:43.243+0000] {logging_mixin.py:188} INFO - [2024-07-17T14:07:43.243+0000] {dag.py:3954} INFO - Setting next_dagrun for example_bash_operator to 2024-07-16 00:00:00+00:00, run_after=2024-07-17 00:00:00+00:00
[2024-07-17T14:07:43.294+0000] {processor.py:183} INFO - Processing /home/airflow/.local/lib/python3.12/site-packages/airflow/example_dags/example_bash_operator.py took 0.248 seconds
[2024-07-17T14:08:13.521+0000] {processor.py:161} INFO - Started process (PID=2928) to work on /home/airflow/.local/lib/python3.12/site-packages/airflow/example_dags/example_bash_operator.py
[2024-07-17T14:08:13.523+0000] {processor.py:830} INFO - Processing file /home/airflow/.local/lib/python3.12/site-packages/airflow/example_dags/example_bash_operator.py for tasks to queue
[2024-07-17T14:08:13.526+0000] {logging_mixin.py:188} INFO - [2024-07-17T14:08:13.525+0000] {dagbag.py:545} INFO - Filling up the DagBag from /home/airflow/.local/lib/python3.12/site-packages/airflow/example_dags/example_bash_operator.py
[2024-07-17T14:08:13.549+0000] {processor.py:840} INFO - DAG(s) 'example_bash_operator' retrieved from /home/airflow/.local/lib/python3.12/site-packages/airflow/example_dags/example_bash_operator.py
[2024-07-17T14:08:13.613+0000] {logging_mixin.py:188} INFO - [2024-07-17T14:08:13.612+0000] {dag.py:3096} INFO - Sync 1 DAGs
[2024-07-17T14:08:13.662+0000] {logging_mixin.py:188} INFO - [2024-07-17T14:08:13.661+0000] {dag.py:3954} INFO - Setting next_dagrun for example_bash_operator to 2024-07-16 00:00:00+00:00, run_after=2024-07-17 00:00:00+00:00
[2024-07-17T14:08:13.701+0000] {processor.py:183} INFO - Processing /home/airflow/.local/lib/python3.12/site-packages/airflow/example_dags/example_bash_operator.py took 0.203 seconds
[2024-07-17T14:08:44.764+0000] {processor.py:161} INFO - Started process (PID=2988) to work on /home/airflow/.local/lib/python3.12/site-packages/airflow/example_dags/example_bash_operator.py
[2024-07-17T14:08:44.766+0000] {processor.py:830} INFO - Processing file /home/airflow/.local/lib/python3.12/site-packages/airflow/example_dags/example_bash_operator.py for tasks to queue
[2024-07-17T14:08:44.770+0000] {logging_mixin.py:188} INFO - [2024-07-17T14:08:44.769+0000] {dagbag.py:545} INFO - Filling up the DagBag from /home/airflow/.local/lib/python3.12/site-packages/airflow/example_dags/example_bash_operator.py
[2024-07-17T14:08:44.793+0000] {processor.py:840} INFO - DAG(s) 'example_bash_operator' retrieved from /home/airflow/.local/lib/python3.12/site-packages/airflow/example_dags/example_bash_operator.py
[2024-07-17T14:08:44.859+0000] {logging_mixin.py:188} INFO - [2024-07-17T14:08:44.858+0000] {dag.py:3096} INFO - Sync 1 DAGs
[2024-07-17T14:08:44.910+0000] {logging_mixin.py:188} INFO - [2024-07-17T14:08:44.909+0000] {dag.py:3954} INFO - Setting next_dagrun for example_bash_operator to 2024-07-16 00:00:00+00:00, run_after=2024-07-17 00:00:00+00:00
[2024-07-17T14:08:44.953+0000] {processor.py:183} INFO - Processing /home/airflow/.local/lib/python3.12/site-packages/airflow/example_dags/example_bash_operator.py took 0.201 seconds
[2024-07-17T14:09:15.931+0000] {processor.py:161} INFO - Started process (PID=3048) to work on /home/airflow/.local/lib/python3.12/site-packages/airflow/example_dags/example_bash_operator.py
[2024-07-17T14:09:15.933+0000] {processor.py:830} INFO - Processing file /home/airflow/.local/lib/python3.12/site-packages/airflow/example_dags/example_bash_operator.py for tasks to queue
[2024-07-17T14:09:15.938+0000] {logging_mixin.py:188} INFO - [2024-07-17T14:09:15.937+0000] {dagbag.py:545} INFO - Filling up the DagBag from /home/airflow/.local/lib/python3.12/site-packages/airflow/example_dags/example_bash_operator.py
[2024-07-17T14:09:15.974+0000] {processor.py:840} INFO - DAG(s) 'example_bash_operator' retrieved from /home/airflow/.local/lib/python3.12/site-packages/airflow/example_dags/example_bash_operator.py
[2024-07-17T14:09:16.046+0000] {logging_mixin.py:188} INFO - [2024-07-17T14:09:16.046+0000] {dag.py:3096} INFO - Sync 1 DAGs
[2024-07-17T14:09:16.098+0000] {logging_mixin.py:188} INFO - [2024-07-17T14:09:16.098+0000] {dag.py:3954} INFO - Setting next_dagrun for example_bash_operator to 2024-07-16 00:00:00+00:00, run_after=2024-07-17 00:00:00+00:00
[2024-07-17T14:09:16.140+0000] {processor.py:183} INFO - Processing /home/airflow/.local/lib/python3.12/site-packages/airflow/example_dags/example_bash_operator.py took 0.228 seconds
[2024-07-17T14:09:46.805+0000] {processor.py:161} INFO - Started process (PID=3108) to work on /home/airflow/.local/lib/python3.12/site-packages/airflow/example_dags/example_bash_operator.py
[2024-07-17T14:09:46.808+0000] {processor.py:830} INFO - Processing file /home/airflow/.local/lib/python3.12/site-packages/airflow/example_dags/example_bash_operator.py for tasks to queue
[2024-07-17T14:09:46.811+0000] {logging_mixin.py:188} INFO - [2024-07-17T14:09:46.810+0000] {dagbag.py:545} INFO - Filling up the DagBag from /home/airflow/.local/lib/python3.12/site-packages/airflow/example_dags/example_bash_operator.py
[2024-07-17T14:09:46.830+0000] {processor.py:840} INFO - DAG(s) 'example_bash_operator' retrieved from /home/airflow/.local/lib/python3.12/site-packages/airflow/example_dags/example_bash_operator.py
[2024-07-17T14:09:46.893+0000] {logging_mixin.py:188} INFO - [2024-07-17T14:09:46.893+0000] {dag.py:3096} INFO - Sync 1 DAGs
[2024-07-17T14:09:46.934+0000] {logging_mixin.py:188} INFO - [2024-07-17T14:09:46.934+0000] {dag.py:3954} INFO - Setting next_dagrun for example_bash_operator to 2024-07-16 00:00:00+00:00, run_after=2024-07-17 00:00:00+00:00
[2024-07-17T14:09:46.973+0000] {processor.py:183} INFO - Processing /home/airflow/.local/lib/python3.12/site-packages/airflow/example_dags/example_bash_operator.py took 0.179 seconds
[2024-07-17T14:10:17.742+0000] {processor.py:161} INFO - Started process (PID=3167) to work on /home/airflow/.local/lib/python3.12/site-packages/airflow/example_dags/example_bash_operator.py
[2024-07-17T14:10:17.743+0000] {processor.py:830} INFO - Processing file /home/airflow/.local/lib/python3.12/site-packages/airflow/example_dags/example_bash_operator.py for tasks to queue
[2024-07-17T14:10:17.748+0000] {logging_mixin.py:188} INFO - [2024-07-17T14:10:17.747+0000] {dagbag.py:545} INFO - Filling up the DagBag from /home/airflow/.local/lib/python3.12/site-packages/airflow/example_dags/example_bash_operator.py
[2024-07-17T14:10:17.775+0000] {processor.py:840} INFO - DAG(s) 'example_bash_operator' retrieved from /home/airflow/.local/lib/python3.12/site-packages/airflow/example_dags/example_bash_operator.py
[2024-07-17T14:10:17.840+0000] {logging_mixin.py:188} INFO - [2024-07-17T14:10:17.839+0000] {dag.py:3096} INFO - Sync 1 DAGs
[2024-07-17T14:10:17.894+0000] {logging_mixin.py:188} INFO - [2024-07-17T14:10:17.894+0000] {dag.py:3954} INFO - Setting next_dagrun for example_bash_operator to 2024-07-16 00:00:00+00:00, run_after=2024-07-17 00:00:00+00:00
[2024-07-17T14:10:17.930+0000] {processor.py:183} INFO - Processing /home/airflow/.local/lib/python3.12/site-packages/airflow/example_dags/example_bash_operator.py took 0.201 seconds
[2024-07-17T14:10:48.631+0000] {processor.py:161} INFO - Started process (PID=3228) to work on /home/airflow/.local/lib/python3.12/site-packages/airflow/example_dags/example_bash_operator.py
[2024-07-17T14:10:48.633+0000] {processor.py:830} INFO - Processing file /home/airflow/.local/lib/python3.12/site-packages/airflow/example_dags/example_bash_operator.py for tasks to queue
[2024-07-17T14:10:48.637+0000] {logging_mixin.py:188} INFO - [2024-07-17T14:10:48.636+0000] {dagbag.py:545} INFO - Filling up the DagBag from /home/airflow/.local/lib/python3.12/site-packages/airflow/example_dags/example_bash_operator.py
[2024-07-17T14:10:48.664+0000] {processor.py:840} INFO - DAG(s) 'example_bash_operator' retrieved from /home/airflow/.local/lib/python3.12/site-packages/airflow/example_dags/example_bash_operator.py
[2024-07-17T14:10:48.748+0000] {logging_mixin.py:188} INFO - [2024-07-17T14:10:48.747+0000] {dag.py:3096} INFO - Sync 1 DAGs
[2024-07-17T14:10:48.816+0000] {logging_mixin.py:188} INFO - [2024-07-17T14:10:48.815+0000] {dag.py:3954} INFO - Setting next_dagrun for example_bash_operator to 2024-07-16 00:00:00+00:00, run_after=2024-07-17 00:00:00+00:00
[2024-07-17T14:10:48.865+0000] {processor.py:183} INFO - Processing /home/airflow/.local/lib/python3.12/site-packages/airflow/example_dags/example_bash_operator.py took 0.246 seconds
[2024-07-17T14:11:19.580+0000] {processor.py:161} INFO - Started process (PID=3288) to work on /home/airflow/.local/lib/python3.12/site-packages/airflow/example_dags/example_bash_operator.py
[2024-07-17T14:11:19.582+0000] {processor.py:830} INFO - Processing file /home/airflow/.local/lib/python3.12/site-packages/airflow/example_dags/example_bash_operator.py for tasks to queue
[2024-07-17T14:11:19.587+0000] {logging_mixin.py:188} INFO - [2024-07-17T14:11:19.586+0000] {dagbag.py:545} INFO - Filling up the DagBag from /home/airflow/.local/lib/python3.12/site-packages/airflow/example_dags/example_bash_operator.py
[2024-07-17T14:11:19.613+0000] {processor.py:840} INFO - DAG(s) 'example_bash_operator' retrieved from /home/airflow/.local/lib/python3.12/site-packages/airflow/example_dags/example_bash_operator.py
[2024-07-17T14:11:19.684+0000] {logging_mixin.py:188} INFO - [2024-07-17T14:11:19.683+0000] {dag.py:3096} INFO - Sync 1 DAGs
[2024-07-17T14:11:19.740+0000] {logging_mixin.py:188} INFO - [2024-07-17T14:11:19.740+0000] {dag.py:3954} INFO - Setting next_dagrun for example_bash_operator to 2024-07-16 00:00:00+00:00, run_after=2024-07-17 00:00:00+00:00
[2024-07-17T14:11:19.793+0000] {processor.py:183} INFO - Processing /home/airflow/.local/lib/python3.12/site-packages/airflow/example_dags/example_bash_operator.py took 0.229 seconds
[2024-07-17T14:11:51.224+0000] {processor.py:161} INFO - Started process (PID=3348) to work on /home/airflow/.local/lib/python3.12/site-packages/airflow/example_dags/example_bash_operator.py
[2024-07-17T14:11:51.230+0000] {processor.py:830} INFO - Processing file /home/airflow/.local/lib/python3.12/site-packages/airflow/example_dags/example_bash_operator.py for tasks to queue
[2024-07-17T14:11:51.240+0000] {logging_mixin.py:188} INFO - [2024-07-17T14:11:51.239+0000] {dagbag.py:545} INFO - Filling up the DagBag from /home/airflow/.local/lib/python3.12/site-packages/airflow/example_dags/example_bash_operator.py
[2024-07-17T14:11:51.290+0000] {processor.py:840} INFO - DAG(s) 'example_bash_operator' retrieved from /home/airflow/.local/lib/python3.12/site-packages/airflow/example_dags/example_bash_operator.py
[2024-07-17T14:11:51.408+0000] {logging_mixin.py:188} INFO - [2024-07-17T14:11:51.406+0000] {dag.py:3096} INFO - Sync 1 DAGs
[2024-07-17T14:11:51.485+0000] {logging_mixin.py:188} INFO - [2024-07-17T14:11:51.484+0000] {dag.py:3954} INFO - Setting next_dagrun for example_bash_operator to 2024-07-16 00:00:00+00:00, run_after=2024-07-17 00:00:00+00:00
[2024-07-17T14:11:51.539+0000] {processor.py:183} INFO - Processing /home/airflow/.local/lib/python3.12/site-packages/airflow/example_dags/example_bash_operator.py took 0.336 seconds
