[2024-07-17T10:31:52.583+0000] {processor.py:161} INFO - Started process (PID=75) to work on /home/airflow/.local/lib/python3.12/site-packages/airflow/example_dags/example_latest_only_with_trigger.py
[2024-07-17T10:31:52.584+0000] {processor.py:830} INFO - Processing file /home/airflow/.local/lib/python3.12/site-packages/airflow/example_dags/example_latest_only_with_trigger.py for tasks to queue
[2024-07-17T10:31:52.587+0000] {logging_mixin.py:188} INFO - [2024-07-17T10:31:52.586+0000] {dagbag.py:545} INFO - Filling up the DagBag from /home/airflow/.local/lib/python3.12/site-packages/airflow/example_dags/example_latest_only_with_trigger.py
[2024-07-17T10:31:52.597+0000] {processor.py:840} INFO - DAG(s) 'latest_only_with_trigger' retrieved from /home/airflow/.local/lib/python3.12/site-packages/airflow/example_dags/example_latest_only_with_trigger.py
[2024-07-17T10:31:52.647+0000] {logging_mixin.py:188} INFO - [2024-07-17T10:31:52.647+0000] {dag.py:3096} INFO - Sync 1 DAGs
[2024-07-17T10:31:52.687+0000] {logging_mixin.py:188} INFO - [2024-07-17T10:31:52.687+0000] {dag.py:3954} INFO - Setting next_dagrun for latest_only_with_trigger to 2024-07-17 04:00:00+00:00, run_after=2024-07-17 08:00:00+00:00
[2024-07-17T10:31:52.746+0000] {processor.py:183} INFO - Processing /home/airflow/.local/lib/python3.12/site-packages/airflow/example_dags/example_latest_only_with_trigger.py took 0.172 seconds
[2024-07-17T10:32:23.624+0000] {processor.py:161} INFO - Started process (PID=141) to work on /home/airflow/.local/lib/python3.12/site-packages/airflow/example_dags/example_latest_only_with_trigger.py
[2024-07-17T10:32:23.626+0000] {processor.py:830} INFO - Processing file /home/airflow/.local/lib/python3.12/site-packages/airflow/example_dags/example_latest_only_with_trigger.py for tasks to queue
[2024-07-17T10:32:23.629+0000] {logging_mixin.py:188} INFO - [2024-07-17T10:32:23.628+0000] {dagbag.py:545} INFO - Filling up the DagBag from /home/airflow/.local/lib/python3.12/site-packages/airflow/example_dags/example_latest_only_with_trigger.py
[2024-07-17T10:32:23.637+0000] {processor.py:840} INFO - DAG(s) 'latest_only_with_trigger' retrieved from /home/airflow/.local/lib/python3.12/site-packages/airflow/example_dags/example_latest_only_with_trigger.py
[2024-07-17T10:32:23.655+0000] {logging_mixin.py:188} INFO - [2024-07-17T10:32:23.655+0000] {dag.py:3096} INFO - Sync 1 DAGs
[2024-07-17T10:32:23.700+0000] {logging_mixin.py:188} INFO - [2024-07-17T10:32:23.699+0000] {dag.py:3954} INFO - Setting next_dagrun for latest_only_with_trigger to 2024-07-17 04:00:00+00:00, run_after=2024-07-17 08:00:00+00:00
[2024-07-17T10:32:23.735+0000] {processor.py:183} INFO - Processing /home/airflow/.local/lib/python3.12/site-packages/airflow/example_dags/example_latest_only_with_trigger.py took 0.119 seconds
[2024-07-17T10:32:54.785+0000] {processor.py:161} INFO - Started process (PID=201) to work on /home/airflow/.local/lib/python3.12/site-packages/airflow/example_dags/example_latest_only_with_trigger.py
[2024-07-17T10:32:54.786+0000] {processor.py:830} INFO - Processing file /home/airflow/.local/lib/python3.12/site-packages/airflow/example_dags/example_latest_only_with_trigger.py for tasks to queue
[2024-07-17T10:32:54.789+0000] {logging_mixin.py:188} INFO - [2024-07-17T10:32:54.789+0000] {dagbag.py:545} INFO - Filling up the DagBag from /home/airflow/.local/lib/python3.12/site-packages/airflow/example_dags/example_latest_only_with_trigger.py
[2024-07-17T10:32:54.796+0000] {processor.py:840} INFO - DAG(s) 'latest_only_with_trigger' retrieved from /home/airflow/.local/lib/python3.12/site-packages/airflow/example_dags/example_latest_only_with_trigger.py
[2024-07-17T10:32:54.977+0000] {logging_mixin.py:188} INFO - [2024-07-17T10:32:54.977+0000] {dag.py:3096} INFO - Sync 1 DAGs
[2024-07-17T10:32:55.010+0000] {logging_mixin.py:188} INFO - [2024-07-17T10:32:55.009+0000] {dag.py:3954} INFO - Setting next_dagrun for latest_only_with_trigger to 2024-07-17 04:00:00+00:00, run_after=2024-07-17 08:00:00+00:00
[2024-07-17T10:32:55.038+0000] {processor.py:183} INFO - Processing /home/airflow/.local/lib/python3.12/site-packages/airflow/example_dags/example_latest_only_with_trigger.py took 0.261 seconds
[2024-07-17T10:33:25.571+0000] {processor.py:161} INFO - Started process (PID=261) to work on /home/airflow/.local/lib/python3.12/site-packages/airflow/example_dags/example_latest_only_with_trigger.py
[2024-07-17T10:33:25.572+0000] {processor.py:830} INFO - Processing file /home/airflow/.local/lib/python3.12/site-packages/airflow/example_dags/example_latest_only_with_trigger.py for tasks to queue
[2024-07-17T10:33:25.574+0000] {logging_mixin.py:188} INFO - [2024-07-17T10:33:25.574+0000] {dagbag.py:545} INFO - Filling up the DagBag from /home/airflow/.local/lib/python3.12/site-packages/airflow/example_dags/example_latest_only_with_trigger.py
[2024-07-17T10:33:25.581+0000] {processor.py:840} INFO - DAG(s) 'latest_only_with_trigger' retrieved from /home/airflow/.local/lib/python3.12/site-packages/airflow/example_dags/example_latest_only_with_trigger.py
[2024-07-17T10:33:25.606+0000] {logging_mixin.py:188} INFO - [2024-07-17T10:33:25.605+0000] {dag.py:3096} INFO - Sync 1 DAGs
[2024-07-17T10:33:25.635+0000] {logging_mixin.py:188} INFO - [2024-07-17T10:33:25.635+0000] {dag.py:3954} INFO - Setting next_dagrun for latest_only_with_trigger to 2024-07-17 04:00:00+00:00, run_after=2024-07-17 08:00:00+00:00
[2024-07-17T10:33:25.664+0000] {processor.py:183} INFO - Processing /home/airflow/.local/lib/python3.12/site-packages/airflow/example_dags/example_latest_only_with_trigger.py took 0.098 seconds
[2024-07-17T10:33:56.637+0000] {processor.py:161} INFO - Started process (PID=321) to work on /home/airflow/.local/lib/python3.12/site-packages/airflow/example_dags/example_latest_only_with_trigger.py
[2024-07-17T10:33:56.641+0000] {processor.py:830} INFO - Processing file /home/airflow/.local/lib/python3.12/site-packages/airflow/example_dags/example_latest_only_with_trigger.py for tasks to queue
[2024-07-17T10:33:56.645+0000] {logging_mixin.py:188} INFO - [2024-07-17T10:33:56.645+0000] {dagbag.py:545} INFO - Filling up the DagBag from /home/airflow/.local/lib/python3.12/site-packages/airflow/example_dags/example_latest_only_with_trigger.py
[2024-07-17T10:33:56.652+0000] {processor.py:840} INFO - DAG(s) 'latest_only_with_trigger' retrieved from /home/airflow/.local/lib/python3.12/site-packages/airflow/example_dags/example_latest_only_with_trigger.py
[2024-07-17T10:33:56.690+0000] {logging_mixin.py:188} INFO - [2024-07-17T10:33:56.689+0000] {dag.py:3096} INFO - Sync 1 DAGs
[2024-07-17T10:33:56.733+0000] {logging_mixin.py:188} INFO - [2024-07-17T10:33:56.733+0000] {dag.py:3954} INFO - Setting next_dagrun for latest_only_with_trigger to 2024-07-17 04:00:00+00:00, run_after=2024-07-17 08:00:00+00:00
[2024-07-17T10:33:56.773+0000] {processor.py:183} INFO - Processing /home/airflow/.local/lib/python3.12/site-packages/airflow/example_dags/example_latest_only_with_trigger.py took 0.144 seconds
[2024-07-17T10:34:26.900+0000] {processor.py:161} INFO - Started process (PID=381) to work on /home/airflow/.local/lib/python3.12/site-packages/airflow/example_dags/example_latest_only_with_trigger.py
[2024-07-17T10:34:26.902+0000] {processor.py:830} INFO - Processing file /home/airflow/.local/lib/python3.12/site-packages/airflow/example_dags/example_latest_only_with_trigger.py for tasks to queue
[2024-07-17T10:34:26.915+0000] {logging_mixin.py:188} INFO - [2024-07-17T10:34:26.914+0000] {dagbag.py:545} INFO - Filling up the DagBag from /home/airflow/.local/lib/python3.12/site-packages/airflow/example_dags/example_latest_only_with_trigger.py
[2024-07-17T10:34:26.926+0000] {processor.py:840} INFO - DAG(s) 'latest_only_with_trigger' retrieved from /home/airflow/.local/lib/python3.12/site-packages/airflow/example_dags/example_latest_only_with_trigger.py
[2024-07-17T10:34:26.970+0000] {logging_mixin.py:188} INFO - [2024-07-17T10:34:26.969+0000] {dag.py:3096} INFO - Sync 1 DAGs
[2024-07-17T10:34:26.999+0000] {logging_mixin.py:188} INFO - [2024-07-17T10:34:26.998+0000] {dag.py:3954} INFO - Setting next_dagrun for latest_only_with_trigger to 2024-07-17 04:00:00+00:00, run_after=2024-07-17 08:00:00+00:00
[2024-07-17T10:34:27.020+0000] {processor.py:183} INFO - Processing /home/airflow/.local/lib/python3.12/site-packages/airflow/example_dags/example_latest_only_with_trigger.py took 0.130 seconds
[2024-07-17T10:34:57.571+0000] {processor.py:161} INFO - Started process (PID=441) to work on /home/airflow/.local/lib/python3.12/site-packages/airflow/example_dags/example_latest_only_with_trigger.py
[2024-07-17T10:34:57.572+0000] {processor.py:830} INFO - Processing file /home/airflow/.local/lib/python3.12/site-packages/airflow/example_dags/example_latest_only_with_trigger.py for tasks to queue
[2024-07-17T10:34:57.575+0000] {logging_mixin.py:188} INFO - [2024-07-17T10:34:57.575+0000] {dagbag.py:545} INFO - Filling up the DagBag from /home/airflow/.local/lib/python3.12/site-packages/airflow/example_dags/example_latest_only_with_trigger.py
[2024-07-17T10:34:57.583+0000] {processor.py:840} INFO - DAG(s) 'latest_only_with_trigger' retrieved from /home/airflow/.local/lib/python3.12/site-packages/airflow/example_dags/example_latest_only_with_trigger.py
[2024-07-17T10:34:57.609+0000] {logging_mixin.py:188} INFO - [2024-07-17T10:34:57.609+0000] {dag.py:3096} INFO - Sync 1 DAGs
[2024-07-17T10:34:57.638+0000] {logging_mixin.py:188} INFO - [2024-07-17T10:34:57.638+0000] {dag.py:3954} INFO - Setting next_dagrun for latest_only_with_trigger to 2024-07-17 04:00:00+00:00, run_after=2024-07-17 08:00:00+00:00
[2024-07-17T10:34:57.670+0000] {processor.py:183} INFO - Processing /home/airflow/.local/lib/python3.12/site-packages/airflow/example_dags/example_latest_only_with_trigger.py took 0.111 seconds
[2024-07-17T10:35:27.802+0000] {processor.py:161} INFO - Started process (PID=501) to work on /home/airflow/.local/lib/python3.12/site-packages/airflow/example_dags/example_latest_only_with_trigger.py
[2024-07-17T10:35:27.804+0000] {processor.py:830} INFO - Processing file /home/airflow/.local/lib/python3.12/site-packages/airflow/example_dags/example_latest_only_with_trigger.py for tasks to queue
[2024-07-17T10:35:27.807+0000] {logging_mixin.py:188} INFO - [2024-07-17T10:35:27.806+0000] {dagbag.py:545} INFO - Filling up the DagBag from /home/airflow/.local/lib/python3.12/site-packages/airflow/example_dags/example_latest_only_with_trigger.py
[2024-07-17T10:35:27.817+0000] {processor.py:840} INFO - DAG(s) 'latest_only_with_trigger' retrieved from /home/airflow/.local/lib/python3.12/site-packages/airflow/example_dags/example_latest_only_with_trigger.py
[2024-07-17T10:35:27.858+0000] {logging_mixin.py:188} INFO - [2024-07-17T10:35:27.857+0000] {dag.py:3096} INFO - Sync 1 DAGs
[2024-07-17T10:35:27.908+0000] {logging_mixin.py:188} INFO - [2024-07-17T10:35:27.908+0000] {dag.py:3954} INFO - Setting next_dagrun for latest_only_with_trigger to 2024-07-17 04:00:00+00:00, run_after=2024-07-17 08:00:00+00:00
[2024-07-17T10:35:27.954+0000] {processor.py:183} INFO - Processing /home/airflow/.local/lib/python3.12/site-packages/airflow/example_dags/example_latest_only_with_trigger.py took 0.160 seconds
[2024-07-17T10:35:58.891+0000] {processor.py:161} INFO - Started process (PID=561) to work on /home/airflow/.local/lib/python3.12/site-packages/airflow/example_dags/example_latest_only_with_trigger.py
[2024-07-17T10:35:58.893+0000] {processor.py:830} INFO - Processing file /home/airflow/.local/lib/python3.12/site-packages/airflow/example_dags/example_latest_only_with_trigger.py for tasks to queue
[2024-07-17T10:35:58.895+0000] {logging_mixin.py:188} INFO - [2024-07-17T10:35:58.895+0000] {dagbag.py:545} INFO - Filling up the DagBag from /home/airflow/.local/lib/python3.12/site-packages/airflow/example_dags/example_latest_only_with_trigger.py
[2024-07-17T10:35:58.902+0000] {processor.py:840} INFO - DAG(s) 'latest_only_with_trigger' retrieved from /home/airflow/.local/lib/python3.12/site-packages/airflow/example_dags/example_latest_only_with_trigger.py
[2024-07-17T10:35:58.935+0000] {logging_mixin.py:188} INFO - [2024-07-17T10:35:58.935+0000] {dag.py:3096} INFO - Sync 1 DAGs
[2024-07-17T10:35:58.970+0000] {logging_mixin.py:188} INFO - [2024-07-17T10:35:58.970+0000] {dag.py:3954} INFO - Setting next_dagrun for latest_only_with_trigger to 2024-07-17 04:00:00+00:00, run_after=2024-07-17 08:00:00+00:00
[2024-07-17T10:35:58.999+0000] {processor.py:183} INFO - Processing /home/airflow/.local/lib/python3.12/site-packages/airflow/example_dags/example_latest_only_with_trigger.py took 0.118 seconds
[2024-07-17T10:36:29.835+0000] {processor.py:161} INFO - Started process (PID=621) to work on /home/airflow/.local/lib/python3.12/site-packages/airflow/example_dags/example_latest_only_with_trigger.py
[2024-07-17T10:36:29.836+0000] {processor.py:830} INFO - Processing file /home/airflow/.local/lib/python3.12/site-packages/airflow/example_dags/example_latest_only_with_trigger.py for tasks to queue
[2024-07-17T10:36:29.844+0000] {logging_mixin.py:188} INFO - [2024-07-17T10:36:29.844+0000] {dagbag.py:545} INFO - Filling up the DagBag from /home/airflow/.local/lib/python3.12/site-packages/airflow/example_dags/example_latest_only_with_trigger.py
[2024-07-17T10:36:29.862+0000] {processor.py:840} INFO - DAG(s) 'latest_only_with_trigger' retrieved from /home/airflow/.local/lib/python3.12/site-packages/airflow/example_dags/example_latest_only_with_trigger.py
[2024-07-17T10:36:29.901+0000] {logging_mixin.py:188} INFO - [2024-07-17T10:36:29.900+0000] {dag.py:3096} INFO - Sync 1 DAGs
[2024-07-17T10:36:29.944+0000] {logging_mixin.py:188} INFO - [2024-07-17T10:36:29.943+0000] {dag.py:3954} INFO - Setting next_dagrun for latest_only_with_trigger to 2024-07-17 04:00:00+00:00, run_after=2024-07-17 08:00:00+00:00
[2024-07-17T10:36:29.973+0000] {processor.py:183} INFO - Processing /home/airflow/.local/lib/python3.12/site-packages/airflow/example_dags/example_latest_only_with_trigger.py took 0.146 seconds
[2024-07-17T13:41:29.738+0000] {processor.py:161} INFO - Started process (PID=81) to work on /home/airflow/.local/lib/python3.12/site-packages/airflow/example_dags/example_latest_only_with_trigger.py
[2024-07-17T13:41:29.739+0000] {processor.py:830} INFO - Processing file /home/airflow/.local/lib/python3.12/site-packages/airflow/example_dags/example_latest_only_with_trigger.py for tasks to queue
[2024-07-17T13:41:29.741+0000] {logging_mixin.py:188} INFO - [2024-07-17T13:41:29.741+0000] {dagbag.py:545} INFO - Filling up the DagBag from /home/airflow/.local/lib/python3.12/site-packages/airflow/example_dags/example_latest_only_with_trigger.py
[2024-07-17T13:41:29.748+0000] {processor.py:840} INFO - DAG(s) 'latest_only_with_trigger' retrieved from /home/airflow/.local/lib/python3.12/site-packages/airflow/example_dags/example_latest_only_with_trigger.py
[2024-07-17T13:41:29.976+0000] {logging_mixin.py:188} INFO - [2024-07-17T13:41:29.975+0000] {dag.py:3096} INFO - Sync 1 DAGs
[2024-07-17T13:41:30.017+0000] {logging_mixin.py:188} INFO - [2024-07-17T13:41:30.015+0000] {dag.py:3954} INFO - Setting next_dagrun for latest_only_with_trigger to 2024-07-17 08:00:00+00:00, run_after=2024-07-17 12:00:00+00:00
[2024-07-17T13:41:30.076+0000] {processor.py:183} INFO - Processing /home/airflow/.local/lib/python3.12/site-packages/airflow/example_dags/example_latest_only_with_trigger.py took 0.346 seconds
[2024-07-17T13:42:00.924+0000] {processor.py:161} INFO - Started process (PID=141) to work on /home/airflow/.local/lib/python3.12/site-packages/airflow/example_dags/example_latest_only_with_trigger.py
[2024-07-17T13:42:00.925+0000] {processor.py:830} INFO - Processing file /home/airflow/.local/lib/python3.12/site-packages/airflow/example_dags/example_latest_only_with_trigger.py for tasks to queue
[2024-07-17T13:42:00.927+0000] {logging_mixin.py:188} INFO - [2024-07-17T13:42:00.927+0000] {dagbag.py:545} INFO - Filling up the DagBag from /home/airflow/.local/lib/python3.12/site-packages/airflow/example_dags/example_latest_only_with_trigger.py
[2024-07-17T13:42:00.933+0000] {processor.py:840} INFO - DAG(s) 'latest_only_with_trigger' retrieved from /home/airflow/.local/lib/python3.12/site-packages/airflow/example_dags/example_latest_only_with_trigger.py
[2024-07-17T13:42:00.959+0000] {logging_mixin.py:188} INFO - [2024-07-17T13:42:00.959+0000] {dag.py:3096} INFO - Sync 1 DAGs
[2024-07-17T13:42:00.989+0000] {logging_mixin.py:188} INFO - [2024-07-17T13:42:00.988+0000] {dag.py:3954} INFO - Setting next_dagrun for latest_only_with_trigger to 2024-07-17 08:00:00+00:00, run_after=2024-07-17 12:00:00+00:00
[2024-07-17T13:42:01.010+0000] {processor.py:183} INFO - Processing /home/airflow/.local/lib/python3.12/site-packages/airflow/example_dags/example_latest_only_with_trigger.py took 0.093 seconds
[2024-07-17T13:42:31.522+0000] {processor.py:161} INFO - Started process (PID=201) to work on /home/airflow/.local/lib/python3.12/site-packages/airflow/example_dags/example_latest_only_with_trigger.py
[2024-07-17T13:42:31.524+0000] {processor.py:830} INFO - Processing file /home/airflow/.local/lib/python3.12/site-packages/airflow/example_dags/example_latest_only_with_trigger.py for tasks to queue
[2024-07-17T13:42:31.530+0000] {logging_mixin.py:188} INFO - [2024-07-17T13:42:31.530+0000] {dagbag.py:545} INFO - Filling up the DagBag from /home/airflow/.local/lib/python3.12/site-packages/airflow/example_dags/example_latest_only_with_trigger.py
[2024-07-17T13:42:31.538+0000] {processor.py:840} INFO - DAG(s) 'latest_only_with_trigger' retrieved from /home/airflow/.local/lib/python3.12/site-packages/airflow/example_dags/example_latest_only_with_trigger.py
[2024-07-17T13:42:31.571+0000] {logging_mixin.py:188} INFO - [2024-07-17T13:42:31.571+0000] {dag.py:3096} INFO - Sync 1 DAGs
[2024-07-17T13:42:31.606+0000] {logging_mixin.py:188} INFO - [2024-07-17T13:42:31.605+0000] {dag.py:3954} INFO - Setting next_dagrun for latest_only_with_trigger to 2024-07-17 08:00:00+00:00, run_after=2024-07-17 12:00:00+00:00
[2024-07-17T13:42:31.633+0000] {processor.py:183} INFO - Processing /home/airflow/.local/lib/python3.12/site-packages/airflow/example_dags/example_latest_only_with_trigger.py took 0.118 seconds
[2024-07-17T13:43:02.145+0000] {processor.py:161} INFO - Started process (PID=261) to work on /home/airflow/.local/lib/python3.12/site-packages/airflow/example_dags/example_latest_only_with_trigger.py
[2024-07-17T13:43:02.147+0000] {processor.py:830} INFO - Processing file /home/airflow/.local/lib/python3.12/site-packages/airflow/example_dags/example_latest_only_with_trigger.py for tasks to queue
[2024-07-17T13:43:02.149+0000] {logging_mixin.py:188} INFO - [2024-07-17T13:43:02.148+0000] {dagbag.py:545} INFO - Filling up the DagBag from /home/airflow/.local/lib/python3.12/site-packages/airflow/example_dags/example_latest_only_with_trigger.py
[2024-07-17T13:43:02.155+0000] {processor.py:840} INFO - DAG(s) 'latest_only_with_trigger' retrieved from /home/airflow/.local/lib/python3.12/site-packages/airflow/example_dags/example_latest_only_with_trigger.py
[2024-07-17T13:43:02.178+0000] {logging_mixin.py:188} INFO - [2024-07-17T13:43:02.178+0000] {dag.py:3096} INFO - Sync 1 DAGs
[2024-07-17T13:43:02.207+0000] {logging_mixin.py:188} INFO - [2024-07-17T13:43:02.207+0000] {dag.py:3954} INFO - Setting next_dagrun for latest_only_with_trigger to 2024-07-17 08:00:00+00:00, run_after=2024-07-17 12:00:00+00:00
[2024-07-17T13:43:02.232+0000] {processor.py:183} INFO - Processing /home/airflow/.local/lib/python3.12/site-packages/airflow/example_dags/example_latest_only_with_trigger.py took 0.092 seconds
[2024-07-17T13:43:32.545+0000] {processor.py:161} INFO - Started process (PID=321) to work on /home/airflow/.local/lib/python3.12/site-packages/airflow/example_dags/example_latest_only_with_trigger.py
[2024-07-17T13:43:32.546+0000] {processor.py:830} INFO - Processing file /home/airflow/.local/lib/python3.12/site-packages/airflow/example_dags/example_latest_only_with_trigger.py for tasks to queue
[2024-07-17T13:43:32.549+0000] {logging_mixin.py:188} INFO - [2024-07-17T13:43:32.549+0000] {dagbag.py:545} INFO - Filling up the DagBag from /home/airflow/.local/lib/python3.12/site-packages/airflow/example_dags/example_latest_only_with_trigger.py
[2024-07-17T13:43:32.557+0000] {processor.py:840} INFO - DAG(s) 'latest_only_with_trigger' retrieved from /home/airflow/.local/lib/python3.12/site-packages/airflow/example_dags/example_latest_only_with_trigger.py
[2024-07-17T13:43:32.588+0000] {logging_mixin.py:188} INFO - [2024-07-17T13:43:32.587+0000] {dag.py:3096} INFO - Sync 1 DAGs
[2024-07-17T13:43:32.624+0000] {logging_mixin.py:188} INFO - [2024-07-17T13:43:32.623+0000] {dag.py:3954} INFO - Setting next_dagrun for latest_only_with_trigger to 2024-07-17 08:00:00+00:00, run_after=2024-07-17 12:00:00+00:00
[2024-07-17T13:43:32.654+0000] {processor.py:183} INFO - Processing /home/airflow/.local/lib/python3.12/site-packages/airflow/example_dags/example_latest_only_with_trigger.py took 0.116 seconds
[2024-07-17T13:44:03.440+0000] {processor.py:161} INFO - Started process (PID=381) to work on /home/airflow/.local/lib/python3.12/site-packages/airflow/example_dags/example_latest_only_with_trigger.py
[2024-07-17T13:44:03.441+0000] {processor.py:830} INFO - Processing file /home/airflow/.local/lib/python3.12/site-packages/airflow/example_dags/example_latest_only_with_trigger.py for tasks to queue
[2024-07-17T13:44:03.443+0000] {logging_mixin.py:188} INFO - [2024-07-17T13:44:03.443+0000] {dagbag.py:545} INFO - Filling up the DagBag from /home/airflow/.local/lib/python3.12/site-packages/airflow/example_dags/example_latest_only_with_trigger.py
[2024-07-17T13:44:03.450+0000] {processor.py:840} INFO - DAG(s) 'latest_only_with_trigger' retrieved from /home/airflow/.local/lib/python3.12/site-packages/airflow/example_dags/example_latest_only_with_trigger.py
[2024-07-17T13:44:03.480+0000] {logging_mixin.py:188} INFO - [2024-07-17T13:44:03.480+0000] {dag.py:3096} INFO - Sync 1 DAGs
[2024-07-17T13:44:03.511+0000] {logging_mixin.py:188} INFO - [2024-07-17T13:44:03.511+0000] {dag.py:3954} INFO - Setting next_dagrun for latest_only_with_trigger to 2024-07-17 08:00:00+00:00, run_after=2024-07-17 12:00:00+00:00
[2024-07-17T13:44:03.545+0000] {processor.py:183} INFO - Processing /home/airflow/.local/lib/python3.12/site-packages/airflow/example_dags/example_latest_only_with_trigger.py took 0.112 seconds
[2024-07-17T13:44:33.993+0000] {processor.py:161} INFO - Started process (PID=441) to work on /home/airflow/.local/lib/python3.12/site-packages/airflow/example_dags/example_latest_only_with_trigger.py
[2024-07-17T13:44:33.998+0000] {processor.py:830} INFO - Processing file /home/airflow/.local/lib/python3.12/site-packages/airflow/example_dags/example_latest_only_with_trigger.py for tasks to queue
[2024-07-17T13:44:34.001+0000] {logging_mixin.py:188} INFO - [2024-07-17T13:44:34.001+0000] {dagbag.py:545} INFO - Filling up the DagBag from /home/airflow/.local/lib/python3.12/site-packages/airflow/example_dags/example_latest_only_with_trigger.py
[2024-07-17T13:44:34.008+0000] {processor.py:840} INFO - DAG(s) 'latest_only_with_trigger' retrieved from /home/airflow/.local/lib/python3.12/site-packages/airflow/example_dags/example_latest_only_with_trigger.py
[2024-07-17T13:44:34.042+0000] {logging_mixin.py:188} INFO - [2024-07-17T13:44:34.042+0000] {dag.py:3096} INFO - Sync 1 DAGs
[2024-07-17T13:44:34.081+0000] {logging_mixin.py:188} INFO - [2024-07-17T13:44:34.080+0000] {dag.py:3954} INFO - Setting next_dagrun for latest_only_with_trigger to 2024-07-17 08:00:00+00:00, run_after=2024-07-17 12:00:00+00:00
[2024-07-17T13:44:34.118+0000] {processor.py:183} INFO - Processing /home/airflow/.local/lib/python3.12/site-packages/airflow/example_dags/example_latest_only_with_trigger.py took 0.134 seconds
[2024-07-17T13:45:04.798+0000] {processor.py:161} INFO - Started process (PID=501) to work on /home/airflow/.local/lib/python3.12/site-packages/airflow/example_dags/example_latest_only_with_trigger.py
[2024-07-17T13:45:04.799+0000] {processor.py:830} INFO - Processing file /home/airflow/.local/lib/python3.12/site-packages/airflow/example_dags/example_latest_only_with_trigger.py for tasks to queue
[2024-07-17T13:45:04.801+0000] {logging_mixin.py:188} INFO - [2024-07-17T13:45:04.800+0000] {dagbag.py:545} INFO - Filling up the DagBag from /home/airflow/.local/lib/python3.12/site-packages/airflow/example_dags/example_latest_only_with_trigger.py
[2024-07-17T13:45:04.806+0000] {processor.py:840} INFO - DAG(s) 'latest_only_with_trigger' retrieved from /home/airflow/.local/lib/python3.12/site-packages/airflow/example_dags/example_latest_only_with_trigger.py
[2024-07-17T13:45:04.827+0000] {logging_mixin.py:188} INFO - [2024-07-17T13:45:04.827+0000] {dag.py:3096} INFO - Sync 1 DAGs
[2024-07-17T13:45:04.847+0000] {logging_mixin.py:188} INFO - [2024-07-17T13:45:04.847+0000] {dag.py:3954} INFO - Setting next_dagrun for latest_only_with_trigger to 2024-07-17 08:00:00+00:00, run_after=2024-07-17 12:00:00+00:00
[2024-07-17T13:45:04.864+0000] {processor.py:183} INFO - Processing /home/airflow/.local/lib/python3.12/site-packages/airflow/example_dags/example_latest_only_with_trigger.py took 0.072 seconds
[2024-07-17T13:45:35.032+0000] {processor.py:161} INFO - Started process (PID=561) to work on /home/airflow/.local/lib/python3.12/site-packages/airflow/example_dags/example_latest_only_with_trigger.py
[2024-07-17T13:45:35.033+0000] {processor.py:830} INFO - Processing file /home/airflow/.local/lib/python3.12/site-packages/airflow/example_dags/example_latest_only_with_trigger.py for tasks to queue
[2024-07-17T13:45:35.035+0000] {logging_mixin.py:188} INFO - [2024-07-17T13:45:35.034+0000] {dagbag.py:545} INFO - Filling up the DagBag from /home/airflow/.local/lib/python3.12/site-packages/airflow/example_dags/example_latest_only_with_trigger.py
[2024-07-17T13:45:35.040+0000] {processor.py:840} INFO - DAG(s) 'latest_only_with_trigger' retrieved from /home/airflow/.local/lib/python3.12/site-packages/airflow/example_dags/example_latest_only_with_trigger.py
[2024-07-17T13:45:35.063+0000] {logging_mixin.py:188} INFO - [2024-07-17T13:45:35.063+0000] {dag.py:3096} INFO - Sync 1 DAGs
[2024-07-17T13:45:35.085+0000] {logging_mixin.py:188} INFO - [2024-07-17T13:45:35.085+0000] {dag.py:3954} INFO - Setting next_dagrun for latest_only_with_trigger to 2024-07-17 08:00:00+00:00, run_after=2024-07-17 12:00:00+00:00
[2024-07-17T13:45:35.105+0000] {processor.py:183} INFO - Processing /home/airflow/.local/lib/python3.12/site-packages/airflow/example_dags/example_latest_only_with_trigger.py took 0.078 seconds
[2024-07-17T13:46:05.688+0000] {processor.py:161} INFO - Started process (PID=621) to work on /home/airflow/.local/lib/python3.12/site-packages/airflow/example_dags/example_latest_only_with_trigger.py
[2024-07-17T13:46:05.689+0000] {processor.py:830} INFO - Processing file /home/airflow/.local/lib/python3.12/site-packages/airflow/example_dags/example_latest_only_with_trigger.py for tasks to queue
[2024-07-17T13:46:05.691+0000] {logging_mixin.py:188} INFO - [2024-07-17T13:46:05.691+0000] {dagbag.py:545} INFO - Filling up the DagBag from /home/airflow/.local/lib/python3.12/site-packages/airflow/example_dags/example_latest_only_with_trigger.py
[2024-07-17T13:46:05.698+0000] {processor.py:840} INFO - DAG(s) 'latest_only_with_trigger' retrieved from /home/airflow/.local/lib/python3.12/site-packages/airflow/example_dags/example_latest_only_with_trigger.py
[2024-07-17T13:46:05.724+0000] {logging_mixin.py:188} INFO - [2024-07-17T13:46:05.723+0000] {dag.py:3096} INFO - Sync 1 DAGs
[2024-07-17T13:46:05.754+0000] {logging_mixin.py:188} INFO - [2024-07-17T13:46:05.753+0000] {dag.py:3954} INFO - Setting next_dagrun for latest_only_with_trigger to 2024-07-17 08:00:00+00:00, run_after=2024-07-17 12:00:00+00:00
[2024-07-17T13:46:05.778+0000] {processor.py:183} INFO - Processing /home/airflow/.local/lib/python3.12/site-packages/airflow/example_dags/example_latest_only_with_trigger.py took 0.097 seconds
[2024-07-17T13:46:36.250+0000] {processor.py:161} INFO - Started process (PID=681) to work on /home/airflow/.local/lib/python3.12/site-packages/airflow/example_dags/example_latest_only_with_trigger.py
[2024-07-17T13:46:36.254+0000] {processor.py:830} INFO - Processing file /home/airflow/.local/lib/python3.12/site-packages/airflow/example_dags/example_latest_only_with_trigger.py for tasks to queue
[2024-07-17T13:46:36.260+0000] {logging_mixin.py:188} INFO - [2024-07-17T13:46:36.259+0000] {dagbag.py:545} INFO - Filling up the DagBag from /home/airflow/.local/lib/python3.12/site-packages/airflow/example_dags/example_latest_only_with_trigger.py
[2024-07-17T13:46:36.269+0000] {processor.py:840} INFO - DAG(s) 'latest_only_with_trigger' retrieved from /home/airflow/.local/lib/python3.12/site-packages/airflow/example_dags/example_latest_only_with_trigger.py
[2024-07-17T13:46:36.297+0000] {logging_mixin.py:188} INFO - [2024-07-17T13:46:36.296+0000] {dag.py:3096} INFO - Sync 1 DAGs
[2024-07-17T13:46:36.328+0000] {logging_mixin.py:188} INFO - [2024-07-17T13:46:36.328+0000] {dag.py:3954} INFO - Setting next_dagrun for latest_only_with_trigger to 2024-07-17 08:00:00+00:00, run_after=2024-07-17 12:00:00+00:00
[2024-07-17T13:46:36.362+0000] {processor.py:183} INFO - Processing /home/airflow/.local/lib/python3.12/site-packages/airflow/example_dags/example_latest_only_with_trigger.py took 0.120 seconds
[2024-07-17T13:47:06.524+0000] {processor.py:161} INFO - Started process (PID=741) to work on /home/airflow/.local/lib/python3.12/site-packages/airflow/example_dags/example_latest_only_with_trigger.py
[2024-07-17T13:47:06.525+0000] {processor.py:830} INFO - Processing file /home/airflow/.local/lib/python3.12/site-packages/airflow/example_dags/example_latest_only_with_trigger.py for tasks to queue
[2024-07-17T13:47:06.528+0000] {logging_mixin.py:188} INFO - [2024-07-17T13:47:06.527+0000] {dagbag.py:545} INFO - Filling up the DagBag from /home/airflow/.local/lib/python3.12/site-packages/airflow/example_dags/example_latest_only_with_trigger.py
[2024-07-17T13:47:06.535+0000] {processor.py:840} INFO - DAG(s) 'latest_only_with_trigger' retrieved from /home/airflow/.local/lib/python3.12/site-packages/airflow/example_dags/example_latest_only_with_trigger.py
[2024-07-17T13:47:06.567+0000] {logging_mixin.py:188} INFO - [2024-07-17T13:47:06.567+0000] {dag.py:3096} INFO - Sync 1 DAGs
[2024-07-17T13:47:06.598+0000] {logging_mixin.py:188} INFO - [2024-07-17T13:47:06.598+0000] {dag.py:3954} INFO - Setting next_dagrun for latest_only_with_trigger to 2024-07-17 08:00:00+00:00, run_after=2024-07-17 12:00:00+00:00
[2024-07-17T13:47:06.625+0000] {processor.py:183} INFO - Processing /home/airflow/.local/lib/python3.12/site-packages/airflow/example_dags/example_latest_only_with_trigger.py took 0.109 seconds
[2024-07-17T13:47:36.861+0000] {processor.py:161} INFO - Started process (PID=801) to work on /home/airflow/.local/lib/python3.12/site-packages/airflow/example_dags/example_latest_only_with_trigger.py
[2024-07-17T13:47:36.862+0000] {processor.py:830} INFO - Processing file /home/airflow/.local/lib/python3.12/site-packages/airflow/example_dags/example_latest_only_with_trigger.py for tasks to queue
[2024-07-17T13:47:36.864+0000] {logging_mixin.py:188} INFO - [2024-07-17T13:47:36.864+0000] {dagbag.py:545} INFO - Filling up the DagBag from /home/airflow/.local/lib/python3.12/site-packages/airflow/example_dags/example_latest_only_with_trigger.py
[2024-07-17T13:47:36.868+0000] {processor.py:840} INFO - DAG(s) 'latest_only_with_trigger' retrieved from /home/airflow/.local/lib/python3.12/site-packages/airflow/example_dags/example_latest_only_with_trigger.py
[2024-07-17T13:47:36.888+0000] {logging_mixin.py:188} INFO - [2024-07-17T13:47:36.888+0000] {dag.py:3096} INFO - Sync 1 DAGs
[2024-07-17T13:47:36.910+0000] {logging_mixin.py:188} INFO - [2024-07-17T13:47:36.909+0000] {dag.py:3954} INFO - Setting next_dagrun for latest_only_with_trigger to 2024-07-17 08:00:00+00:00, run_after=2024-07-17 12:00:00+00:00
[2024-07-17T13:47:36.930+0000] {processor.py:183} INFO - Processing /home/airflow/.local/lib/python3.12/site-packages/airflow/example_dags/example_latest_only_with_trigger.py took 0.074 seconds
[2024-07-17T13:48:07.795+0000] {processor.py:161} INFO - Started process (PID=861) to work on /home/airflow/.local/lib/python3.12/site-packages/airflow/example_dags/example_latest_only_with_trigger.py
[2024-07-17T13:48:07.796+0000] {processor.py:830} INFO - Processing file /home/airflow/.local/lib/python3.12/site-packages/airflow/example_dags/example_latest_only_with_trigger.py for tasks to queue
[2024-07-17T13:48:07.798+0000] {logging_mixin.py:188} INFO - [2024-07-17T13:48:07.798+0000] {dagbag.py:545} INFO - Filling up the DagBag from /home/airflow/.local/lib/python3.12/site-packages/airflow/example_dags/example_latest_only_with_trigger.py
[2024-07-17T13:48:07.804+0000] {processor.py:840} INFO - DAG(s) 'latest_only_with_trigger' retrieved from /home/airflow/.local/lib/python3.12/site-packages/airflow/example_dags/example_latest_only_with_trigger.py
[2024-07-17T13:48:07.829+0000] {logging_mixin.py:188} INFO - [2024-07-17T13:48:07.828+0000] {dag.py:3096} INFO - Sync 1 DAGs
[2024-07-17T13:48:07.861+0000] {logging_mixin.py:188} INFO - [2024-07-17T13:48:07.860+0000] {dag.py:3954} INFO - Setting next_dagrun for latest_only_with_trigger to 2024-07-17 08:00:00+00:00, run_after=2024-07-17 12:00:00+00:00
[2024-07-17T13:48:07.885+0000] {processor.py:183} INFO - Processing /home/airflow/.local/lib/python3.12/site-packages/airflow/example_dags/example_latest_only_with_trigger.py took 0.097 seconds
[2024-07-17T13:48:38.448+0000] {processor.py:161} INFO - Started process (PID=921) to work on /home/airflow/.local/lib/python3.12/site-packages/airflow/example_dags/example_latest_only_with_trigger.py
[2024-07-17T13:48:38.449+0000] {processor.py:830} INFO - Processing file /home/airflow/.local/lib/python3.12/site-packages/airflow/example_dags/example_latest_only_with_trigger.py for tasks to queue
[2024-07-17T13:48:38.452+0000] {logging_mixin.py:188} INFO - [2024-07-17T13:48:38.451+0000] {dagbag.py:545} INFO - Filling up the DagBag from /home/airflow/.local/lib/python3.12/site-packages/airflow/example_dags/example_latest_only_with_trigger.py
[2024-07-17T13:48:38.458+0000] {processor.py:840} INFO - DAG(s) 'latest_only_with_trigger' retrieved from /home/airflow/.local/lib/python3.12/site-packages/airflow/example_dags/example_latest_only_with_trigger.py
[2024-07-17T13:48:38.489+0000] {logging_mixin.py:188} INFO - [2024-07-17T13:48:38.489+0000] {dag.py:3096} INFO - Sync 1 DAGs
[2024-07-17T13:48:38.521+0000] {logging_mixin.py:188} INFO - [2024-07-17T13:48:38.521+0000] {dag.py:3954} INFO - Setting next_dagrun for latest_only_with_trigger to 2024-07-17 08:00:00+00:00, run_after=2024-07-17 12:00:00+00:00
[2024-07-17T13:48:38.548+0000] {processor.py:183} INFO - Processing /home/airflow/.local/lib/python3.12/site-packages/airflow/example_dags/example_latest_only_with_trigger.py took 0.109 seconds
[2024-07-17T13:49:08.790+0000] {processor.py:161} INFO - Started process (PID=981) to work on /home/airflow/.local/lib/python3.12/site-packages/airflow/example_dags/example_latest_only_with_trigger.py
[2024-07-17T13:49:08.791+0000] {processor.py:830} INFO - Processing file /home/airflow/.local/lib/python3.12/site-packages/airflow/example_dags/example_latest_only_with_trigger.py for tasks to queue
[2024-07-17T13:49:08.793+0000] {logging_mixin.py:188} INFO - [2024-07-17T13:49:08.792+0000] {dagbag.py:545} INFO - Filling up the DagBag from /home/airflow/.local/lib/python3.12/site-packages/airflow/example_dags/example_latest_only_with_trigger.py
[2024-07-17T13:49:08.797+0000] {processor.py:840} INFO - DAG(s) 'latest_only_with_trigger' retrieved from /home/airflow/.local/lib/python3.12/site-packages/airflow/example_dags/example_latest_only_with_trigger.py
[2024-07-17T13:49:08.818+0000] {logging_mixin.py:188} INFO - [2024-07-17T13:49:08.818+0000] {dag.py:3096} INFO - Sync 1 DAGs
[2024-07-17T13:49:08.840+0000] {logging_mixin.py:188} INFO - [2024-07-17T13:49:08.839+0000] {dag.py:3954} INFO - Setting next_dagrun for latest_only_with_trigger to 2024-07-17 08:00:00+00:00, run_after=2024-07-17 12:00:00+00:00
[2024-07-17T13:49:08.858+0000] {processor.py:183} INFO - Processing /home/airflow/.local/lib/python3.12/site-packages/airflow/example_dags/example_latest_only_with_trigger.py took 0.073 seconds
[2024-07-17T13:49:39.111+0000] {processor.py:161} INFO - Started process (PID=1041) to work on /home/airflow/.local/lib/python3.12/site-packages/airflow/example_dags/example_latest_only_with_trigger.py
[2024-07-17T13:49:39.112+0000] {processor.py:830} INFO - Processing file /home/airflow/.local/lib/python3.12/site-packages/airflow/example_dags/example_latest_only_with_trigger.py for tasks to queue
[2024-07-17T13:49:39.114+0000] {logging_mixin.py:188} INFO - [2024-07-17T13:49:39.113+0000] {dagbag.py:545} INFO - Filling up the DagBag from /home/airflow/.local/lib/python3.12/site-packages/airflow/example_dags/example_latest_only_with_trigger.py
[2024-07-17T13:49:39.121+0000] {processor.py:840} INFO - DAG(s) 'latest_only_with_trigger' retrieved from /home/airflow/.local/lib/python3.12/site-packages/airflow/example_dags/example_latest_only_with_trigger.py
[2024-07-17T13:49:39.151+0000] {logging_mixin.py:188} INFO - [2024-07-17T13:49:39.151+0000] {dag.py:3096} INFO - Sync 1 DAGs
[2024-07-17T13:49:39.185+0000] {logging_mixin.py:188} INFO - [2024-07-17T13:49:39.185+0000] {dag.py:3954} INFO - Setting next_dagrun for latest_only_with_trigger to 2024-07-17 08:00:00+00:00, run_after=2024-07-17 12:00:00+00:00
[2024-07-17T13:49:39.207+0000] {processor.py:183} INFO - Processing /home/airflow/.local/lib/python3.12/site-packages/airflow/example_dags/example_latest_only_with_trigger.py took 0.103 seconds
[2024-07-17T13:50:09.617+0000] {processor.py:161} INFO - Started process (PID=1101) to work on /home/airflow/.local/lib/python3.12/site-packages/airflow/example_dags/example_latest_only_with_trigger.py
[2024-07-17T13:50:09.618+0000] {processor.py:830} INFO - Processing file /home/airflow/.local/lib/python3.12/site-packages/airflow/example_dags/example_latest_only_with_trigger.py for tasks to queue
[2024-07-17T13:50:09.620+0000] {logging_mixin.py:188} INFO - [2024-07-17T13:50:09.620+0000] {dagbag.py:545} INFO - Filling up the DagBag from /home/airflow/.local/lib/python3.12/site-packages/airflow/example_dags/example_latest_only_with_trigger.py
[2024-07-17T13:50:09.628+0000] {processor.py:840} INFO - DAG(s) 'latest_only_with_trigger' retrieved from /home/airflow/.local/lib/python3.12/site-packages/airflow/example_dags/example_latest_only_with_trigger.py
[2024-07-17T13:50:09.655+0000] {logging_mixin.py:188} INFO - [2024-07-17T13:50:09.655+0000] {dag.py:3096} INFO - Sync 1 DAGs
[2024-07-17T13:50:09.685+0000] {logging_mixin.py:188} INFO - [2024-07-17T13:50:09.685+0000] {dag.py:3954} INFO - Setting next_dagrun for latest_only_with_trigger to 2024-07-17 08:00:00+00:00, run_after=2024-07-17 12:00:00+00:00
[2024-07-17T13:50:09.716+0000] {processor.py:183} INFO - Processing /home/airflow/.local/lib/python3.12/site-packages/airflow/example_dags/example_latest_only_with_trigger.py took 0.106 seconds
[2024-07-17T13:51:33.866+0000] {processor.py:161} INFO - Started process (PID=1193) to work on /home/airflow/.local/lib/python3.12/site-packages/airflow/example_dags/example_latest_only_with_trigger.py
[2024-07-17T13:51:33.883+0000] {processor.py:830} INFO - Processing file /home/airflow/.local/lib/python3.12/site-packages/airflow/example_dags/example_latest_only_with_trigger.py for tasks to queue
[2024-07-17T13:51:33.885+0000] {logging_mixin.py:188} INFO - [2024-07-17T13:51:33.885+0000] {dagbag.py:545} INFO - Filling up the DagBag from /home/airflow/.local/lib/python3.12/site-packages/airflow/example_dags/example_latest_only_with_trigger.py
[2024-07-17T13:51:33.890+0000] {processor.py:840} INFO - DAG(s) 'latest_only_with_trigger' retrieved from /home/airflow/.local/lib/python3.12/site-packages/airflow/example_dags/example_latest_only_with_trigger.py
[2024-07-17T13:51:33.912+0000] {logging_mixin.py:188} INFO - [2024-07-17T13:51:33.911+0000] {dag.py:3096} INFO - Sync 1 DAGs
[2024-07-17T13:51:33.934+0000] {logging_mixin.py:188} INFO - [2024-07-17T13:51:33.934+0000] {dag.py:3954} INFO - Setting next_dagrun for latest_only_with_trigger to 2024-07-17 08:00:00+00:00, run_after=2024-07-17 12:00:00+00:00
[2024-07-17T13:51:34.019+0000] {processor.py:183} INFO - Processing /home/airflow/.local/lib/python3.12/site-packages/airflow/example_dags/example_latest_only_with_trigger.py took 0.159 seconds
[2024-07-17T13:52:04.330+0000] {processor.py:161} INFO - Started process (PID=1253) to work on /home/airflow/.local/lib/python3.12/site-packages/airflow/example_dags/example_latest_only_with_trigger.py
[2024-07-17T13:52:04.331+0000] {processor.py:830} INFO - Processing file /home/airflow/.local/lib/python3.12/site-packages/airflow/example_dags/example_latest_only_with_trigger.py for tasks to queue
[2024-07-17T13:52:04.334+0000] {logging_mixin.py:188} INFO - [2024-07-17T13:52:04.333+0000] {dagbag.py:545} INFO - Filling up the DagBag from /home/airflow/.local/lib/python3.12/site-packages/airflow/example_dags/example_latest_only_with_trigger.py
[2024-07-17T13:52:04.342+0000] {processor.py:840} INFO - DAG(s) 'latest_only_with_trigger' retrieved from /home/airflow/.local/lib/python3.12/site-packages/airflow/example_dags/example_latest_only_with_trigger.py
[2024-07-17T13:52:04.373+0000] {logging_mixin.py:188} INFO - [2024-07-17T13:52:04.372+0000] {dag.py:3096} INFO - Sync 1 DAGs
[2024-07-17T13:52:04.405+0000] {logging_mixin.py:188} INFO - [2024-07-17T13:52:04.405+0000] {dag.py:3954} INFO - Setting next_dagrun for latest_only_with_trigger to 2024-07-17 08:00:00+00:00, run_after=2024-07-17 12:00:00+00:00
[2024-07-17T13:52:04.432+0000] {processor.py:183} INFO - Processing /home/airflow/.local/lib/python3.12/site-packages/airflow/example_dags/example_latest_only_with_trigger.py took 0.113 seconds
[2024-07-17T13:52:35.261+0000] {processor.py:161} INFO - Started process (PID=1313) to work on /home/airflow/.local/lib/python3.12/site-packages/airflow/example_dags/example_latest_only_with_trigger.py
[2024-07-17T13:52:35.262+0000] {processor.py:830} INFO - Processing file /home/airflow/.local/lib/python3.12/site-packages/airflow/example_dags/example_latest_only_with_trigger.py for tasks to queue
[2024-07-17T13:52:35.264+0000] {logging_mixin.py:188} INFO - [2024-07-17T13:52:35.264+0000] {dagbag.py:545} INFO - Filling up the DagBag from /home/airflow/.local/lib/python3.12/site-packages/airflow/example_dags/example_latest_only_with_trigger.py
[2024-07-17T13:52:35.270+0000] {processor.py:840} INFO - DAG(s) 'latest_only_with_trigger' retrieved from /home/airflow/.local/lib/python3.12/site-packages/airflow/example_dags/example_latest_only_with_trigger.py
[2024-07-17T13:52:35.297+0000] {logging_mixin.py:188} INFO - [2024-07-17T13:52:35.296+0000] {dag.py:3096} INFO - Sync 1 DAGs
[2024-07-17T13:52:35.334+0000] {logging_mixin.py:188} INFO - [2024-07-17T13:52:35.334+0000] {dag.py:3954} INFO - Setting next_dagrun for latest_only_with_trigger to 2024-07-17 08:00:00+00:00, run_after=2024-07-17 12:00:00+00:00
[2024-07-17T13:52:35.368+0000] {processor.py:183} INFO - Processing /home/airflow/.local/lib/python3.12/site-packages/airflow/example_dags/example_latest_only_with_trigger.py took 0.113 seconds
[2024-07-17T13:53:05.575+0000] {processor.py:161} INFO - Started process (PID=1374) to work on /home/airflow/.local/lib/python3.12/site-packages/airflow/example_dags/example_latest_only_with_trigger.py
[2024-07-17T13:53:05.576+0000] {processor.py:830} INFO - Processing file /home/airflow/.local/lib/python3.12/site-packages/airflow/example_dags/example_latest_only_with_trigger.py for tasks to queue
[2024-07-17T13:53:05.578+0000] {logging_mixin.py:188} INFO - [2024-07-17T13:53:05.578+0000] {dagbag.py:545} INFO - Filling up the DagBag from /home/airflow/.local/lib/python3.12/site-packages/airflow/example_dags/example_latest_only_with_trigger.py
[2024-07-17T13:53:05.584+0000] {processor.py:840} INFO - DAG(s) 'latest_only_with_trigger' retrieved from /home/airflow/.local/lib/python3.12/site-packages/airflow/example_dags/example_latest_only_with_trigger.py
[2024-07-17T13:53:05.609+0000] {logging_mixin.py:188} INFO - [2024-07-17T13:53:05.609+0000] {dag.py:3096} INFO - Sync 1 DAGs
[2024-07-17T13:53:05.642+0000] {logging_mixin.py:188} INFO - [2024-07-17T13:53:05.642+0000] {dag.py:3954} INFO - Setting next_dagrun for latest_only_with_trigger to 2024-07-17 08:00:00+00:00, run_after=2024-07-17 12:00:00+00:00
[2024-07-17T13:53:05.661+0000] {processor.py:183} INFO - Processing /home/airflow/.local/lib/python3.12/site-packages/airflow/example_dags/example_latest_only_with_trigger.py took 0.094 seconds
[2024-07-17T13:53:36.156+0000] {processor.py:161} INFO - Started process (PID=1434) to work on /home/airflow/.local/lib/python3.12/site-packages/airflow/example_dags/example_latest_only_with_trigger.py
[2024-07-17T13:53:36.159+0000] {processor.py:830} INFO - Processing file /home/airflow/.local/lib/python3.12/site-packages/airflow/example_dags/example_latest_only_with_trigger.py for tasks to queue
[2024-07-17T13:53:36.164+0000] {logging_mixin.py:188} INFO - [2024-07-17T13:53:36.164+0000] {dagbag.py:545} INFO - Filling up the DagBag from /home/airflow/.local/lib/python3.12/site-packages/airflow/example_dags/example_latest_only_with_trigger.py
[2024-07-17T13:53:36.176+0000] {processor.py:840} INFO - DAG(s) 'latest_only_with_trigger' retrieved from /home/airflow/.local/lib/python3.12/site-packages/airflow/example_dags/example_latest_only_with_trigger.py
[2024-07-17T13:53:36.233+0000] {logging_mixin.py:188} INFO - [2024-07-17T13:53:36.233+0000] {dag.py:3096} INFO - Sync 1 DAGs
[2024-07-17T13:53:36.281+0000] {logging_mixin.py:188} INFO - [2024-07-17T13:53:36.280+0000] {dag.py:3954} INFO - Setting next_dagrun for latest_only_with_trigger to 2024-07-17 08:00:00+00:00, run_after=2024-07-17 12:00:00+00:00
[2024-07-17T13:53:36.309+0000] {processor.py:183} INFO - Processing /home/airflow/.local/lib/python3.12/site-packages/airflow/example_dags/example_latest_only_with_trigger.py took 0.164 seconds
[2024-07-17T13:54:06.610+0000] {processor.py:161} INFO - Started process (PID=1494) to work on /home/airflow/.local/lib/python3.12/site-packages/airflow/example_dags/example_latest_only_with_trigger.py
[2024-07-17T13:54:06.611+0000] {processor.py:830} INFO - Processing file /home/airflow/.local/lib/python3.12/site-packages/airflow/example_dags/example_latest_only_with_trigger.py for tasks to queue
[2024-07-17T13:54:06.614+0000] {logging_mixin.py:188} INFO - [2024-07-17T13:54:06.613+0000] {dagbag.py:545} INFO - Filling up the DagBag from /home/airflow/.local/lib/python3.12/site-packages/airflow/example_dags/example_latest_only_with_trigger.py
[2024-07-17T13:54:06.622+0000] {processor.py:840} INFO - DAG(s) 'latest_only_with_trigger' retrieved from /home/airflow/.local/lib/python3.12/site-packages/airflow/example_dags/example_latest_only_with_trigger.py
[2024-07-17T13:54:06.661+0000] {logging_mixin.py:188} INFO - [2024-07-17T13:54:06.660+0000] {dag.py:3096} INFO - Sync 1 DAGs
[2024-07-17T13:54:06.692+0000] {logging_mixin.py:188} INFO - [2024-07-17T13:54:06.692+0000] {dag.py:3954} INFO - Setting next_dagrun for latest_only_with_trigger to 2024-07-17 08:00:00+00:00, run_after=2024-07-17 12:00:00+00:00
[2024-07-17T13:54:06.725+0000] {processor.py:183} INFO - Processing /home/airflow/.local/lib/python3.12/site-packages/airflow/example_dags/example_latest_only_with_trigger.py took 0.124 seconds
[2024-07-17T13:54:38.117+0000] {processor.py:161} INFO - Started process (PID=1554) to work on /home/airflow/.local/lib/python3.12/site-packages/airflow/example_dags/example_latest_only_with_trigger.py
[2024-07-17T13:54:38.118+0000] {processor.py:830} INFO - Processing file /home/airflow/.local/lib/python3.12/site-packages/airflow/example_dags/example_latest_only_with_trigger.py for tasks to queue
[2024-07-17T13:54:38.123+0000] {logging_mixin.py:188} INFO - [2024-07-17T13:54:38.120+0000] {dagbag.py:545} INFO - Filling up the DagBag from /home/airflow/.local/lib/python3.12/site-packages/airflow/example_dags/example_latest_only_with_trigger.py
[2024-07-17T13:54:38.133+0000] {processor.py:840} INFO - DAG(s) 'latest_only_with_trigger' retrieved from /home/airflow/.local/lib/python3.12/site-packages/airflow/example_dags/example_latest_only_with_trigger.py
[2024-07-17T13:54:38.167+0000] {logging_mixin.py:188} INFO - [2024-07-17T13:54:38.167+0000] {dag.py:3096} INFO - Sync 1 DAGs
[2024-07-17T13:54:38.206+0000] {logging_mixin.py:188} INFO - [2024-07-17T13:54:38.205+0000] {dag.py:3954} INFO - Setting next_dagrun for latest_only_with_trigger to 2024-07-17 08:00:00+00:00, run_after=2024-07-17 12:00:00+00:00
[2024-07-17T13:54:38.251+0000] {processor.py:183} INFO - Processing /home/airflow/.local/lib/python3.12/site-packages/airflow/example_dags/example_latest_only_with_trigger.py took 0.142 seconds
[2024-07-17T13:55:08.407+0000] {processor.py:161} INFO - Started process (PID=1614) to work on /home/airflow/.local/lib/python3.12/site-packages/airflow/example_dags/example_latest_only_with_trigger.py
[2024-07-17T13:55:08.408+0000] {processor.py:830} INFO - Processing file /home/airflow/.local/lib/python3.12/site-packages/airflow/example_dags/example_latest_only_with_trigger.py for tasks to queue
[2024-07-17T13:55:08.410+0000] {logging_mixin.py:188} INFO - [2024-07-17T13:55:08.410+0000] {dagbag.py:545} INFO - Filling up the DagBag from /home/airflow/.local/lib/python3.12/site-packages/airflow/example_dags/example_latest_only_with_trigger.py
[2024-07-17T13:55:08.415+0000] {processor.py:840} INFO - DAG(s) 'latest_only_with_trigger' retrieved from /home/airflow/.local/lib/python3.12/site-packages/airflow/example_dags/example_latest_only_with_trigger.py
[2024-07-17T13:55:08.435+0000] {logging_mixin.py:188} INFO - [2024-07-17T13:55:08.435+0000] {dag.py:3096} INFO - Sync 1 DAGs
[2024-07-17T13:55:08.455+0000] {logging_mixin.py:188} INFO - [2024-07-17T13:55:08.454+0000] {dag.py:3954} INFO - Setting next_dagrun for latest_only_with_trigger to 2024-07-17 08:00:00+00:00, run_after=2024-07-17 12:00:00+00:00
[2024-07-17T13:55:08.474+0000] {processor.py:183} INFO - Processing /home/airflow/.local/lib/python3.12/site-packages/airflow/example_dags/example_latest_only_with_trigger.py took 0.074 seconds
[2024-07-17T13:55:39.654+0000] {processor.py:161} INFO - Started process (PID=1674) to work on /home/airflow/.local/lib/python3.12/site-packages/airflow/example_dags/example_latest_only_with_trigger.py
[2024-07-17T13:55:39.656+0000] {processor.py:830} INFO - Processing file /home/airflow/.local/lib/python3.12/site-packages/airflow/example_dags/example_latest_only_with_trigger.py for tasks to queue
[2024-07-17T13:55:39.658+0000] {logging_mixin.py:188} INFO - [2024-07-17T13:55:39.657+0000] {dagbag.py:545} INFO - Filling up the DagBag from /home/airflow/.local/lib/python3.12/site-packages/airflow/example_dags/example_latest_only_with_trigger.py
[2024-07-17T13:55:39.665+0000] {processor.py:840} INFO - DAG(s) 'latest_only_with_trigger' retrieved from /home/airflow/.local/lib/python3.12/site-packages/airflow/example_dags/example_latest_only_with_trigger.py
[2024-07-17T13:55:39.694+0000] {logging_mixin.py:188} INFO - [2024-07-17T13:55:39.694+0000] {dag.py:3096} INFO - Sync 1 DAGs
[2024-07-17T13:55:39.723+0000] {logging_mixin.py:188} INFO - [2024-07-17T13:55:39.723+0000] {dag.py:3954} INFO - Setting next_dagrun for latest_only_with_trigger to 2024-07-17 08:00:00+00:00, run_after=2024-07-17 12:00:00+00:00
[2024-07-17T13:55:39.755+0000] {processor.py:183} INFO - Processing /home/airflow/.local/lib/python3.12/site-packages/airflow/example_dags/example_latest_only_with_trigger.py took 0.107 seconds
[2024-07-17T13:56:10.546+0000] {processor.py:161} INFO - Started process (PID=1735) to work on /home/airflow/.local/lib/python3.12/site-packages/airflow/example_dags/example_latest_only_with_trigger.py
[2024-07-17T13:56:10.547+0000] {processor.py:830} INFO - Processing file /home/airflow/.local/lib/python3.12/site-packages/airflow/example_dags/example_latest_only_with_trigger.py for tasks to queue
[2024-07-17T13:56:10.549+0000] {logging_mixin.py:188} INFO - [2024-07-17T13:56:10.549+0000] {dagbag.py:545} INFO - Filling up the DagBag from /home/airflow/.local/lib/python3.12/site-packages/airflow/example_dags/example_latest_only_with_trigger.py
[2024-07-17T13:56:10.555+0000] {processor.py:840} INFO - DAG(s) 'latest_only_with_trigger' retrieved from /home/airflow/.local/lib/python3.12/site-packages/airflow/example_dags/example_latest_only_with_trigger.py
[2024-07-17T13:56:10.581+0000] {logging_mixin.py:188} INFO - [2024-07-17T13:56:10.580+0000] {dag.py:3096} INFO - Sync 1 DAGs
[2024-07-17T13:56:10.611+0000] {logging_mixin.py:188} INFO - [2024-07-17T13:56:10.610+0000] {dag.py:3954} INFO - Setting next_dagrun for latest_only_with_trigger to 2024-07-17 08:00:00+00:00, run_after=2024-07-17 12:00:00+00:00
[2024-07-17T13:56:10.638+0000] {processor.py:183} INFO - Processing /home/airflow/.local/lib/python3.12/site-packages/airflow/example_dags/example_latest_only_with_trigger.py took 0.098 seconds
[2024-07-17T13:56:41.607+0000] {processor.py:161} INFO - Started process (PID=1795) to work on /home/airflow/.local/lib/python3.12/site-packages/airflow/example_dags/example_latest_only_with_trigger.py
[2024-07-17T13:56:41.608+0000] {processor.py:830} INFO - Processing file /home/airflow/.local/lib/python3.12/site-packages/airflow/example_dags/example_latest_only_with_trigger.py for tasks to queue
[2024-07-17T13:56:41.610+0000] {logging_mixin.py:188} INFO - [2024-07-17T13:56:41.609+0000] {dagbag.py:545} INFO - Filling up the DagBag from /home/airflow/.local/lib/python3.12/site-packages/airflow/example_dags/example_latest_only_with_trigger.py
[2024-07-17T13:56:41.614+0000] {processor.py:840} INFO - DAG(s) 'latest_only_with_trigger' retrieved from /home/airflow/.local/lib/python3.12/site-packages/airflow/example_dags/example_latest_only_with_trigger.py
[2024-07-17T13:56:41.634+0000] {logging_mixin.py:188} INFO - [2024-07-17T13:56:41.634+0000] {dag.py:3096} INFO - Sync 1 DAGs
[2024-07-17T13:56:41.656+0000] {logging_mixin.py:188} INFO - [2024-07-17T13:56:41.656+0000] {dag.py:3954} INFO - Setting next_dagrun for latest_only_with_trigger to 2024-07-17 08:00:00+00:00, run_after=2024-07-17 12:00:00+00:00
[2024-07-17T13:56:41.675+0000] {processor.py:183} INFO - Processing /home/airflow/.local/lib/python3.12/site-packages/airflow/example_dags/example_latest_only_with_trigger.py took 0.073 seconds
[2024-07-17T13:57:12.808+0000] {processor.py:161} INFO - Started process (PID=1855) to work on /home/airflow/.local/lib/python3.12/site-packages/airflow/example_dags/example_latest_only_with_trigger.py
[2024-07-17T13:57:12.810+0000] {processor.py:830} INFO - Processing file /home/airflow/.local/lib/python3.12/site-packages/airflow/example_dags/example_latest_only_with_trigger.py for tasks to queue
[2024-07-17T13:57:12.812+0000] {logging_mixin.py:188} INFO - [2024-07-17T13:57:12.812+0000] {dagbag.py:545} INFO - Filling up the DagBag from /home/airflow/.local/lib/python3.12/site-packages/airflow/example_dags/example_latest_only_with_trigger.py
[2024-07-17T13:57:12.819+0000] {processor.py:840} INFO - DAG(s) 'latest_only_with_trigger' retrieved from /home/airflow/.local/lib/python3.12/site-packages/airflow/example_dags/example_latest_only_with_trigger.py
[2024-07-17T13:57:12.847+0000] {logging_mixin.py:188} INFO - [2024-07-17T13:57:12.847+0000] {dag.py:3096} INFO - Sync 1 DAGs
[2024-07-17T13:57:12.880+0000] {logging_mixin.py:188} INFO - [2024-07-17T13:57:12.879+0000] {dag.py:3954} INFO - Setting next_dagrun for latest_only_with_trigger to 2024-07-17 08:00:00+00:00, run_after=2024-07-17 12:00:00+00:00
[2024-07-17T13:57:12.913+0000] {processor.py:183} INFO - Processing /home/airflow/.local/lib/python3.12/site-packages/airflow/example_dags/example_latest_only_with_trigger.py took 0.113 seconds
[2024-07-17T13:57:44.062+0000] {processor.py:161} INFO - Started process (PID=1915) to work on /home/airflow/.local/lib/python3.12/site-packages/airflow/example_dags/example_latest_only_with_trigger.py
[2024-07-17T13:57:44.063+0000] {processor.py:830} INFO - Processing file /home/airflow/.local/lib/python3.12/site-packages/airflow/example_dags/example_latest_only_with_trigger.py for tasks to queue
[2024-07-17T13:57:44.066+0000] {logging_mixin.py:188} INFO - [2024-07-17T13:57:44.065+0000] {dagbag.py:545} INFO - Filling up the DagBag from /home/airflow/.local/lib/python3.12/site-packages/airflow/example_dags/example_latest_only_with_trigger.py
[2024-07-17T13:57:44.084+0000] {processor.py:840} INFO - DAG(s) 'latest_only_with_trigger' retrieved from /home/airflow/.local/lib/python3.12/site-packages/airflow/example_dags/example_latest_only_with_trigger.py
[2024-07-17T13:57:44.117+0000] {logging_mixin.py:188} INFO - [2024-07-17T13:57:44.117+0000] {dag.py:3096} INFO - Sync 1 DAGs
[2024-07-17T13:57:44.155+0000] {logging_mixin.py:188} INFO - [2024-07-17T13:57:44.155+0000] {dag.py:3954} INFO - Setting next_dagrun for latest_only_with_trigger to 2024-07-17 08:00:00+00:00, run_after=2024-07-17 12:00:00+00:00
[2024-07-17T13:57:44.211+0000] {processor.py:183} INFO - Processing /home/airflow/.local/lib/python3.12/site-packages/airflow/example_dags/example_latest_only_with_trigger.py took 0.165 seconds
[2024-07-17T13:58:14.766+0000] {processor.py:161} INFO - Started process (PID=1976) to work on /home/airflow/.local/lib/python3.12/site-packages/airflow/example_dags/example_latest_only_with_trigger.py
[2024-07-17T13:58:14.767+0000] {processor.py:830} INFO - Processing file /home/airflow/.local/lib/python3.12/site-packages/airflow/example_dags/example_latest_only_with_trigger.py for tasks to queue
[2024-07-17T13:58:14.769+0000] {logging_mixin.py:188} INFO - [2024-07-17T13:58:14.769+0000] {dagbag.py:545} INFO - Filling up the DagBag from /home/airflow/.local/lib/python3.12/site-packages/airflow/example_dags/example_latest_only_with_trigger.py
[2024-07-17T13:58:14.774+0000] {processor.py:840} INFO - DAG(s) 'latest_only_with_trigger' retrieved from /home/airflow/.local/lib/python3.12/site-packages/airflow/example_dags/example_latest_only_with_trigger.py
[2024-07-17T13:58:14.794+0000] {logging_mixin.py:188} INFO - [2024-07-17T13:58:14.793+0000] {dag.py:3096} INFO - Sync 1 DAGs
[2024-07-17T13:58:14.814+0000] {logging_mixin.py:188} INFO - [2024-07-17T13:58:14.814+0000] {dag.py:3954} INFO - Setting next_dagrun for latest_only_with_trigger to 2024-07-17 08:00:00+00:00, run_after=2024-07-17 12:00:00+00:00
[2024-07-17T13:58:14.834+0000] {processor.py:183} INFO - Processing /home/airflow/.local/lib/python3.12/site-packages/airflow/example_dags/example_latest_only_with_trigger.py took 0.073 seconds
[2024-07-17T13:58:45.750+0000] {processor.py:161} INFO - Started process (PID=2036) to work on /home/airflow/.local/lib/python3.12/site-packages/airflow/example_dags/example_latest_only_with_trigger.py
[2024-07-17T13:58:45.751+0000] {processor.py:830} INFO - Processing file /home/airflow/.local/lib/python3.12/site-packages/airflow/example_dags/example_latest_only_with_trigger.py for tasks to queue
[2024-07-17T13:58:45.754+0000] {logging_mixin.py:188} INFO - [2024-07-17T13:58:45.753+0000] {dagbag.py:545} INFO - Filling up the DagBag from /home/airflow/.local/lib/python3.12/site-packages/airflow/example_dags/example_latest_only_with_trigger.py
[2024-07-17T13:58:45.761+0000] {processor.py:840} INFO - DAG(s) 'latest_only_with_trigger' retrieved from /home/airflow/.local/lib/python3.12/site-packages/airflow/example_dags/example_latest_only_with_trigger.py
[2024-07-17T13:58:45.784+0000] {logging_mixin.py:188} INFO - [2024-07-17T13:58:45.784+0000] {dag.py:3096} INFO - Sync 1 DAGs
[2024-07-17T13:58:45.813+0000] {logging_mixin.py:188} INFO - [2024-07-17T13:58:45.813+0000] {dag.py:3954} INFO - Setting next_dagrun for latest_only_with_trigger to 2024-07-17 08:00:00+00:00, run_after=2024-07-17 12:00:00+00:00
[2024-07-17T13:58:45.838+0000] {processor.py:183} INFO - Processing /home/airflow/.local/lib/python3.12/site-packages/airflow/example_dags/example_latest_only_with_trigger.py took 0.096 seconds
[2024-07-17T13:59:16.049+0000] {processor.py:161} INFO - Started process (PID=2094) to work on /home/airflow/.local/lib/python3.12/site-packages/airflow/example_dags/example_latest_only_with_trigger.py
[2024-07-17T13:59:16.050+0000] {processor.py:830} INFO - Processing file /home/airflow/.local/lib/python3.12/site-packages/airflow/example_dags/example_latest_only_with_trigger.py for tasks to queue
[2024-07-17T13:59:16.053+0000] {logging_mixin.py:188} INFO - [2024-07-17T13:59:16.052+0000] {dagbag.py:545} INFO - Filling up the DagBag from /home/airflow/.local/lib/python3.12/site-packages/airflow/example_dags/example_latest_only_with_trigger.py
[2024-07-17T13:59:16.062+0000] {processor.py:840} INFO - DAG(s) 'latest_only_with_trigger' retrieved from /home/airflow/.local/lib/python3.12/site-packages/airflow/example_dags/example_latest_only_with_trigger.py
[2024-07-17T13:59:16.093+0000] {logging_mixin.py:188} INFO - [2024-07-17T13:59:16.092+0000] {dag.py:3096} INFO - Sync 1 DAGs
[2024-07-17T13:59:16.124+0000] {logging_mixin.py:188} INFO - [2024-07-17T13:59:16.124+0000] {dag.py:3954} INFO - Setting next_dagrun for latest_only_with_trigger to 2024-07-17 08:00:00+00:00, run_after=2024-07-17 12:00:00+00:00
[2024-07-17T13:59:16.149+0000] {processor.py:183} INFO - Processing /home/airflow/.local/lib/python3.12/site-packages/airflow/example_dags/example_latest_only_with_trigger.py took 0.108 seconds
[2024-07-17T13:59:47.061+0000] {processor.py:161} INFO - Started process (PID=2155) to work on /home/airflow/.local/lib/python3.12/site-packages/airflow/example_dags/example_latest_only_with_trigger.py
[2024-07-17T13:59:47.062+0000] {processor.py:830} INFO - Processing file /home/airflow/.local/lib/python3.12/site-packages/airflow/example_dags/example_latest_only_with_trigger.py for tasks to queue
[2024-07-17T13:59:47.067+0000] {logging_mixin.py:188} INFO - [2024-07-17T13:59:47.066+0000] {dagbag.py:545} INFO - Filling up the DagBag from /home/airflow/.local/lib/python3.12/site-packages/airflow/example_dags/example_latest_only_with_trigger.py
[2024-07-17T13:59:47.074+0000] {processor.py:840} INFO - DAG(s) 'latest_only_with_trigger' retrieved from /home/airflow/.local/lib/python3.12/site-packages/airflow/example_dags/example_latest_only_with_trigger.py
[2024-07-17T13:59:47.098+0000] {logging_mixin.py:188} INFO - [2024-07-17T13:59:47.098+0000] {dag.py:3096} INFO - Sync 1 DAGs
[2024-07-17T13:59:47.122+0000] {logging_mixin.py:188} INFO - [2024-07-17T13:59:47.122+0000] {dag.py:3954} INFO - Setting next_dagrun for latest_only_with_trigger to 2024-07-17 08:00:00+00:00, run_after=2024-07-17 12:00:00+00:00
[2024-07-17T13:59:47.143+0000] {processor.py:183} INFO - Processing /home/airflow/.local/lib/python3.12/site-packages/airflow/example_dags/example_latest_only_with_trigger.py took 0.093 seconds
[2024-07-17T14:00:17.540+0000] {processor.py:161} INFO - Started process (PID=2215) to work on /home/airflow/.local/lib/python3.12/site-packages/airflow/example_dags/example_latest_only_with_trigger.py
[2024-07-17T14:00:17.541+0000] {processor.py:830} INFO - Processing file /home/airflow/.local/lib/python3.12/site-packages/airflow/example_dags/example_latest_only_with_trigger.py for tasks to queue
[2024-07-17T14:00:17.542+0000] {logging_mixin.py:188} INFO - [2024-07-17T14:00:17.542+0000] {dagbag.py:545} INFO - Filling up the DagBag from /home/airflow/.local/lib/python3.12/site-packages/airflow/example_dags/example_latest_only_with_trigger.py
[2024-07-17T14:00:17.547+0000] {processor.py:840} INFO - DAG(s) 'latest_only_with_trigger' retrieved from /home/airflow/.local/lib/python3.12/site-packages/airflow/example_dags/example_latest_only_with_trigger.py
[2024-07-17T14:00:17.568+0000] {logging_mixin.py:188} INFO - [2024-07-17T14:00:17.568+0000] {dag.py:3096} INFO - Sync 1 DAGs
[2024-07-17T14:00:17.589+0000] {logging_mixin.py:188} INFO - [2024-07-17T14:00:17.589+0000] {dag.py:3954} INFO - Setting next_dagrun for latest_only_with_trigger to 2024-07-17 08:00:00+00:00, run_after=2024-07-17 12:00:00+00:00
[2024-07-17T14:00:17.608+0000] {processor.py:183} INFO - Processing /home/airflow/.local/lib/python3.12/site-packages/airflow/example_dags/example_latest_only_with_trigger.py took 0.074 seconds
[2024-07-17T14:00:48.471+0000] {processor.py:161} INFO - Started process (PID=2281) to work on /home/airflow/.local/lib/python3.12/site-packages/airflow/example_dags/example_latest_only_with_trigger.py
[2024-07-17T14:00:48.472+0000] {processor.py:830} INFO - Processing file /home/airflow/.local/lib/python3.12/site-packages/airflow/example_dags/example_latest_only_with_trigger.py for tasks to queue
[2024-07-17T14:00:48.475+0000] {logging_mixin.py:188} INFO - [2024-07-17T14:00:48.475+0000] {dagbag.py:545} INFO - Filling up the DagBag from /home/airflow/.local/lib/python3.12/site-packages/airflow/example_dags/example_latest_only_with_trigger.py
[2024-07-17T14:00:48.481+0000] {processor.py:840} INFO - DAG(s) 'latest_only_with_trigger' retrieved from /home/airflow/.local/lib/python3.12/site-packages/airflow/example_dags/example_latest_only_with_trigger.py
[2024-07-17T14:00:48.512+0000] {logging_mixin.py:188} INFO - [2024-07-17T14:00:48.512+0000] {dag.py:3096} INFO - Sync 1 DAGs
[2024-07-17T14:00:48.549+0000] {logging_mixin.py:188} INFO - [2024-07-17T14:00:48.549+0000] {dag.py:3954} INFO - Setting next_dagrun for latest_only_with_trigger to 2024-07-17 08:00:00+00:00, run_after=2024-07-17 12:00:00+00:00
[2024-07-17T14:00:48.571+0000] {processor.py:183} INFO - Processing /home/airflow/.local/lib/python3.12/site-packages/airflow/example_dags/example_latest_only_with_trigger.py took 0.107 seconds
[2024-07-17T14:01:18.850+0000] {processor.py:161} INFO - Started process (PID=2341) to work on /home/airflow/.local/lib/python3.12/site-packages/airflow/example_dags/example_latest_only_with_trigger.py
[2024-07-17T14:01:18.851+0000] {processor.py:830} INFO - Processing file /home/airflow/.local/lib/python3.12/site-packages/airflow/example_dags/example_latest_only_with_trigger.py for tasks to queue
[2024-07-17T14:01:18.853+0000] {logging_mixin.py:188} INFO - [2024-07-17T14:01:18.852+0000] {dagbag.py:545} INFO - Filling up the DagBag from /home/airflow/.local/lib/python3.12/site-packages/airflow/example_dags/example_latest_only_with_trigger.py
[2024-07-17T14:01:18.859+0000] {processor.py:840} INFO - DAG(s) 'latest_only_with_trigger' retrieved from /home/airflow/.local/lib/python3.12/site-packages/airflow/example_dags/example_latest_only_with_trigger.py
[2024-07-17T14:01:18.886+0000] {logging_mixin.py:188} INFO - [2024-07-17T14:01:18.886+0000] {dag.py:3096} INFO - Sync 1 DAGs
[2024-07-17T14:01:18.914+0000] {logging_mixin.py:188} INFO - [2024-07-17T14:01:18.913+0000] {dag.py:3954} INFO - Setting next_dagrun for latest_only_with_trigger to 2024-07-17 08:00:00+00:00, run_after=2024-07-17 12:00:00+00:00
[2024-07-17T14:01:18.944+0000] {processor.py:183} INFO - Processing /home/airflow/.local/lib/python3.12/site-packages/airflow/example_dags/example_latest_only_with_trigger.py took 0.100 seconds
[2024-07-17T14:01:49.098+0000] {processor.py:161} INFO - Started process (PID=2401) to work on /home/airflow/.local/lib/python3.12/site-packages/airflow/example_dags/example_latest_only_with_trigger.py
[2024-07-17T14:01:49.099+0000] {processor.py:830} INFO - Processing file /home/airflow/.local/lib/python3.12/site-packages/airflow/example_dags/example_latest_only_with_trigger.py for tasks to queue
[2024-07-17T14:01:49.101+0000] {logging_mixin.py:188} INFO - [2024-07-17T14:01:49.101+0000] {dagbag.py:545} INFO - Filling up the DagBag from /home/airflow/.local/lib/python3.12/site-packages/airflow/example_dags/example_latest_only_with_trigger.py
[2024-07-17T14:01:49.108+0000] {processor.py:840} INFO - DAG(s) 'latest_only_with_trigger' retrieved from /home/airflow/.local/lib/python3.12/site-packages/airflow/example_dags/example_latest_only_with_trigger.py
[2024-07-17T14:01:49.135+0000] {logging_mixin.py:188} INFO - [2024-07-17T14:01:49.135+0000] {dag.py:3096} INFO - Sync 1 DAGs
[2024-07-17T14:01:49.172+0000] {logging_mixin.py:188} INFO - [2024-07-17T14:01:49.172+0000] {dag.py:3954} INFO - Setting next_dagrun for latest_only_with_trigger to 2024-07-17 08:00:00+00:00, run_after=2024-07-17 12:00:00+00:00
[2024-07-17T14:01:49.196+0000] {processor.py:183} INFO - Processing /home/airflow/.local/lib/python3.12/site-packages/airflow/example_dags/example_latest_only_with_trigger.py took 0.105 seconds
[2024-07-17T14:04:08.690+0000] {processor.py:161} INFO - Started process (PID=2453) to work on /home/airflow/.local/lib/python3.12/site-packages/airflow/example_dags/example_latest_only_with_trigger.py
[2024-07-17T14:04:08.691+0000] {processor.py:830} INFO - Processing file /home/airflow/.local/lib/python3.12/site-packages/airflow/example_dags/example_latest_only_with_trigger.py for tasks to queue
[2024-07-17T14:04:08.694+0000] {logging_mixin.py:188} INFO - [2024-07-17T14:04:08.694+0000] {dagbag.py:545} INFO - Filling up the DagBag from /home/airflow/.local/lib/python3.12/site-packages/airflow/example_dags/example_latest_only_with_trigger.py
[2024-07-17T14:04:08.707+0000] {processor.py:840} INFO - DAG(s) 'latest_only_with_trigger' retrieved from /home/airflow/.local/lib/python3.12/site-packages/airflow/example_dags/example_latest_only_with_trigger.py
[2024-07-17T14:04:08.751+0000] {logging_mixin.py:188} INFO - [2024-07-17T14:04:08.750+0000] {dag.py:3096} INFO - Sync 1 DAGs
[2024-07-17T14:04:08.820+0000] {logging_mixin.py:188} INFO - [2024-07-17T14:04:08.819+0000] {dag.py:3954} INFO - Setting next_dagrun for latest_only_with_trigger to 2024-07-17 08:00:00+00:00, run_after=2024-07-17 12:00:00+00:00
[2024-07-17T14:04:08.865+0000] {processor.py:183} INFO - Processing /home/airflow/.local/lib/python3.12/site-packages/airflow/example_dags/example_latest_only_with_trigger.py took 0.193 seconds
[2024-07-17T14:04:39.803+0000] {processor.py:161} INFO - Started process (PID=2514) to work on /home/airflow/.local/lib/python3.12/site-packages/airflow/example_dags/example_latest_only_with_trigger.py
[2024-07-17T14:04:39.804+0000] {processor.py:830} INFO - Processing file /home/airflow/.local/lib/python3.12/site-packages/airflow/example_dags/example_latest_only_with_trigger.py for tasks to queue
[2024-07-17T14:04:39.806+0000] {logging_mixin.py:188} INFO - [2024-07-17T14:04:39.806+0000] {dagbag.py:545} INFO - Filling up the DagBag from /home/airflow/.local/lib/python3.12/site-packages/airflow/example_dags/example_latest_only_with_trigger.py
[2024-07-17T14:04:39.814+0000] {processor.py:840} INFO - DAG(s) 'latest_only_with_trigger' retrieved from /home/airflow/.local/lib/python3.12/site-packages/airflow/example_dags/example_latest_only_with_trigger.py
[2024-07-17T14:04:39.842+0000] {logging_mixin.py:188} INFO - [2024-07-17T14:04:39.842+0000] {dag.py:3096} INFO - Sync 1 DAGs
[2024-07-17T14:04:39.877+0000] {logging_mixin.py:188} INFO - [2024-07-17T14:04:39.877+0000] {dag.py:3954} INFO - Setting next_dagrun for latest_only_with_trigger to 2024-07-17 08:00:00+00:00, run_after=2024-07-17 12:00:00+00:00
[2024-07-17T14:04:39.911+0000] {processor.py:183} INFO - Processing /home/airflow/.local/lib/python3.12/site-packages/airflow/example_dags/example_latest_only_with_trigger.py took 0.117 seconds
[2024-07-17T14:05:10.056+0000] {processor.py:161} INFO - Started process (PID=2575) to work on /home/airflow/.local/lib/python3.12/site-packages/airflow/example_dags/example_latest_only_with_trigger.py
[2024-07-17T14:05:10.057+0000] {processor.py:830} INFO - Processing file /home/airflow/.local/lib/python3.12/site-packages/airflow/example_dags/example_latest_only_with_trigger.py for tasks to queue
[2024-07-17T14:05:10.059+0000] {logging_mixin.py:188} INFO - [2024-07-17T14:05:10.059+0000] {dagbag.py:545} INFO - Filling up the DagBag from /home/airflow/.local/lib/python3.12/site-packages/airflow/example_dags/example_latest_only_with_trigger.py
[2024-07-17T14:05:10.063+0000] {processor.py:840} INFO - DAG(s) 'latest_only_with_trigger' retrieved from /home/airflow/.local/lib/python3.12/site-packages/airflow/example_dags/example_latest_only_with_trigger.py
[2024-07-17T14:05:10.082+0000] {logging_mixin.py:188} INFO - [2024-07-17T14:05:10.082+0000] {dag.py:3096} INFO - Sync 1 DAGs
[2024-07-17T14:05:10.102+0000] {logging_mixin.py:188} INFO - [2024-07-17T14:05:10.101+0000] {dag.py:3954} INFO - Setting next_dagrun for latest_only_with_trigger to 2024-07-17 08:00:00+00:00, run_after=2024-07-17 12:00:00+00:00
[2024-07-17T14:05:10.119+0000] {processor.py:183} INFO - Processing /home/airflow/.local/lib/python3.12/site-packages/airflow/example_dags/example_latest_only_with_trigger.py took 0.068 seconds
[2024-07-17T14:05:41.023+0000] {processor.py:161} INFO - Started process (PID=2635) to work on /home/airflow/.local/lib/python3.12/site-packages/airflow/example_dags/example_latest_only_with_trigger.py
[2024-07-17T14:05:41.024+0000] {processor.py:830} INFO - Processing file /home/airflow/.local/lib/python3.12/site-packages/airflow/example_dags/example_latest_only_with_trigger.py for tasks to queue
[2024-07-17T14:05:41.027+0000] {logging_mixin.py:188} INFO - [2024-07-17T14:05:41.026+0000] {dagbag.py:545} INFO - Filling up the DagBag from /home/airflow/.local/lib/python3.12/site-packages/airflow/example_dags/example_latest_only_with_trigger.py
[2024-07-17T14:05:41.035+0000] {processor.py:840} INFO - DAG(s) 'latest_only_with_trigger' retrieved from /home/airflow/.local/lib/python3.12/site-packages/airflow/example_dags/example_latest_only_with_trigger.py
[2024-07-17T14:05:41.063+0000] {logging_mixin.py:188} INFO - [2024-07-17T14:05:41.063+0000] {dag.py:3096} INFO - Sync 1 DAGs
[2024-07-17T14:05:41.094+0000] {logging_mixin.py:188} INFO - [2024-07-17T14:05:41.094+0000] {dag.py:3954} INFO - Setting next_dagrun for latest_only_with_trigger to 2024-07-17 08:00:00+00:00, run_after=2024-07-17 12:00:00+00:00
[2024-07-17T14:05:41.123+0000] {processor.py:183} INFO - Processing /home/airflow/.local/lib/python3.12/site-packages/airflow/example_dags/example_latest_only_with_trigger.py took 0.107 seconds
[2024-07-17T14:06:11.693+0000] {processor.py:161} INFO - Started process (PID=2696) to work on /home/airflow/.local/lib/python3.12/site-packages/airflow/example_dags/example_latest_only_with_trigger.py
[2024-07-17T14:06:11.694+0000] {processor.py:830} INFO - Processing file /home/airflow/.local/lib/python3.12/site-packages/airflow/example_dags/example_latest_only_with_trigger.py for tasks to queue
[2024-07-17T14:06:11.697+0000] {logging_mixin.py:188} INFO - [2024-07-17T14:06:11.697+0000] {dagbag.py:545} INFO - Filling up the DagBag from /home/airflow/.local/lib/python3.12/site-packages/airflow/example_dags/example_latest_only_with_trigger.py
[2024-07-17T14:06:11.708+0000] {processor.py:840} INFO - DAG(s) 'latest_only_with_trigger' retrieved from /home/airflow/.local/lib/python3.12/site-packages/airflow/example_dags/example_latest_only_with_trigger.py
[2024-07-17T14:06:11.751+0000] {logging_mixin.py:188} INFO - [2024-07-17T14:06:11.750+0000] {dag.py:3096} INFO - Sync 1 DAGs
[2024-07-17T14:06:11.798+0000] {logging_mixin.py:188} INFO - [2024-07-17T14:06:11.797+0000] {dag.py:3954} INFO - Setting next_dagrun for latest_only_with_trigger to 2024-07-17 08:00:00+00:00, run_after=2024-07-17 12:00:00+00:00
[2024-07-17T14:06:11.840+0000] {processor.py:183} INFO - Processing /home/airflow/.local/lib/python3.12/site-packages/airflow/example_dags/example_latest_only_with_trigger.py took 0.159 seconds
[2024-07-17T14:06:42.120+0000] {processor.py:161} INFO - Started process (PID=2756) to work on /home/airflow/.local/lib/python3.12/site-packages/airflow/example_dags/example_latest_only_with_trigger.py
[2024-07-17T14:06:42.122+0000] {processor.py:830} INFO - Processing file /home/airflow/.local/lib/python3.12/site-packages/airflow/example_dags/example_latest_only_with_trigger.py for tasks to queue
[2024-07-17T14:06:42.125+0000] {logging_mixin.py:188} INFO - [2024-07-17T14:06:42.125+0000] {dagbag.py:545} INFO - Filling up the DagBag from /home/airflow/.local/lib/python3.12/site-packages/airflow/example_dags/example_latest_only_with_trigger.py
[2024-07-17T14:06:42.137+0000] {processor.py:840} INFO - DAG(s) 'latest_only_with_trigger' retrieved from /home/airflow/.local/lib/python3.12/site-packages/airflow/example_dags/example_latest_only_with_trigger.py
[2024-07-17T14:06:42.189+0000] {logging_mixin.py:188} INFO - [2024-07-17T14:06:42.188+0000] {dag.py:3096} INFO - Sync 1 DAGs
[2024-07-17T14:06:42.237+0000] {logging_mixin.py:188} INFO - [2024-07-17T14:06:42.237+0000] {dag.py:3954} INFO - Setting next_dagrun for latest_only_with_trigger to 2024-07-17 08:00:00+00:00, run_after=2024-07-17 12:00:00+00:00
[2024-07-17T14:06:42.278+0000] {processor.py:183} INFO - Processing /home/airflow/.local/lib/python3.12/site-packages/airflow/example_dags/example_latest_only_with_trigger.py took 0.169 seconds
[2024-07-17T14:07:13.167+0000] {processor.py:161} INFO - Started process (PID=2816) to work on /home/airflow/.local/lib/python3.12/site-packages/airflow/example_dags/example_latest_only_with_trigger.py
[2024-07-17T14:07:13.169+0000] {processor.py:830} INFO - Processing file /home/airflow/.local/lib/python3.12/site-packages/airflow/example_dags/example_latest_only_with_trigger.py for tasks to queue
[2024-07-17T14:07:13.173+0000] {logging_mixin.py:188} INFO - [2024-07-17T14:07:13.172+0000] {dagbag.py:545} INFO - Filling up the DagBag from /home/airflow/.local/lib/python3.12/site-packages/airflow/example_dags/example_latest_only_with_trigger.py
[2024-07-17T14:07:13.183+0000] {processor.py:840} INFO - DAG(s) 'latest_only_with_trigger' retrieved from /home/airflow/.local/lib/python3.12/site-packages/airflow/example_dags/example_latest_only_with_trigger.py
[2024-07-17T14:07:13.226+0000] {logging_mixin.py:188} INFO - [2024-07-17T14:07:13.226+0000] {dag.py:3096} INFO - Sync 1 DAGs
[2024-07-17T14:07:13.281+0000] {logging_mixin.py:188} INFO - [2024-07-17T14:07:13.281+0000] {dag.py:3954} INFO - Setting next_dagrun for latest_only_with_trigger to 2024-07-17 08:00:00+00:00, run_after=2024-07-17 12:00:00+00:00
[2024-07-17T14:07:13.325+0000] {processor.py:183} INFO - Processing /home/airflow/.local/lib/python3.12/site-packages/airflow/example_dags/example_latest_only_with_trigger.py took 0.171 seconds
[2024-07-17T14:07:44.147+0000] {processor.py:161} INFO - Started process (PID=2876) to work on /home/airflow/.local/lib/python3.12/site-packages/airflow/example_dags/example_latest_only_with_trigger.py
[2024-07-17T14:07:44.149+0000] {processor.py:830} INFO - Processing file /home/airflow/.local/lib/python3.12/site-packages/airflow/example_dags/example_latest_only_with_trigger.py for tasks to queue
[2024-07-17T14:07:44.155+0000] {logging_mixin.py:188} INFO - [2024-07-17T14:07:44.154+0000] {dagbag.py:545} INFO - Filling up the DagBag from /home/airflow/.local/lib/python3.12/site-packages/airflow/example_dags/example_latest_only_with_trigger.py
[2024-07-17T14:07:44.168+0000] {processor.py:840} INFO - DAG(s) 'latest_only_with_trigger' retrieved from /home/airflow/.local/lib/python3.12/site-packages/airflow/example_dags/example_latest_only_with_trigger.py
[2024-07-17T14:07:44.217+0000] {logging_mixin.py:188} INFO - [2024-07-17T14:07:44.216+0000] {dag.py:3096} INFO - Sync 1 DAGs
[2024-07-17T14:07:44.284+0000] {logging_mixin.py:188} INFO - [2024-07-17T14:07:44.284+0000] {dag.py:3954} INFO - Setting next_dagrun for latest_only_with_trigger to 2024-07-17 08:00:00+00:00, run_after=2024-07-17 12:00:00+00:00
[2024-07-17T14:07:44.324+0000] {processor.py:183} INFO - Processing /home/airflow/.local/lib/python3.12/site-packages/airflow/example_dags/example_latest_only_with_trigger.py took 0.191 seconds
[2024-07-17T14:08:14.450+0000] {processor.py:161} INFO - Started process (PID=2936) to work on /home/airflow/.local/lib/python3.12/site-packages/airflow/example_dags/example_latest_only_with_trigger.py
[2024-07-17T14:08:14.452+0000] {processor.py:830} INFO - Processing file /home/airflow/.local/lib/python3.12/site-packages/airflow/example_dags/example_latest_only_with_trigger.py for tasks to queue
[2024-07-17T14:08:14.455+0000] {logging_mixin.py:188} INFO - [2024-07-17T14:08:14.455+0000] {dagbag.py:545} INFO - Filling up the DagBag from /home/airflow/.local/lib/python3.12/site-packages/airflow/example_dags/example_latest_only_with_trigger.py
[2024-07-17T14:08:14.465+0000] {processor.py:840} INFO - DAG(s) 'latest_only_with_trigger' retrieved from /home/airflow/.local/lib/python3.12/site-packages/airflow/example_dags/example_latest_only_with_trigger.py
[2024-07-17T14:08:14.514+0000] {logging_mixin.py:188} INFO - [2024-07-17T14:08:14.513+0000] {dag.py:3096} INFO - Sync 1 DAGs
[2024-07-17T14:08:14.569+0000] {logging_mixin.py:188} INFO - [2024-07-17T14:08:14.568+0000] {dag.py:3954} INFO - Setting next_dagrun for latest_only_with_trigger to 2024-07-17 08:00:00+00:00, run_after=2024-07-17 12:00:00+00:00
[2024-07-17T14:08:14.607+0000] {processor.py:183} INFO - Processing /home/airflow/.local/lib/python3.12/site-packages/airflow/example_dags/example_latest_only_with_trigger.py took 0.171 seconds
[2024-07-17T14:08:45.756+0000] {processor.py:161} INFO - Started process (PID=2996) to work on /home/airflow/.local/lib/python3.12/site-packages/airflow/example_dags/example_latest_only_with_trigger.py
[2024-07-17T14:08:45.758+0000] {processor.py:830} INFO - Processing file /home/airflow/.local/lib/python3.12/site-packages/airflow/example_dags/example_latest_only_with_trigger.py for tasks to queue
[2024-07-17T14:08:45.761+0000] {logging_mixin.py:188} INFO - [2024-07-17T14:08:45.761+0000] {dagbag.py:545} INFO - Filling up the DagBag from /home/airflow/.local/lib/python3.12/site-packages/airflow/example_dags/example_latest_only_with_trigger.py
[2024-07-17T14:08:45.772+0000] {processor.py:840} INFO - DAG(s) 'latest_only_with_trigger' retrieved from /home/airflow/.local/lib/python3.12/site-packages/airflow/example_dags/example_latest_only_with_trigger.py
[2024-07-17T14:08:45.811+0000] {logging_mixin.py:188} INFO - [2024-07-17T14:08:45.811+0000] {dag.py:3096} INFO - Sync 1 DAGs
[2024-07-17T14:08:45.859+0000] {logging_mixin.py:188} INFO - [2024-07-17T14:08:45.859+0000] {dag.py:3954} INFO - Setting next_dagrun for latest_only_with_trigger to 2024-07-17 08:00:00+00:00, run_after=2024-07-17 12:00:00+00:00
[2024-07-17T14:08:45.900+0000] {processor.py:183} INFO - Processing /home/airflow/.local/lib/python3.12/site-packages/airflow/example_dags/example_latest_only_with_trigger.py took 0.156 seconds
[2024-07-17T14:09:16.940+0000] {processor.py:161} INFO - Started process (PID=3056) to work on /home/airflow/.local/lib/python3.12/site-packages/airflow/example_dags/example_latest_only_with_trigger.py
[2024-07-17T14:09:16.942+0000] {processor.py:830} INFO - Processing file /home/airflow/.local/lib/python3.12/site-packages/airflow/example_dags/example_latest_only_with_trigger.py for tasks to queue
[2024-07-17T14:09:16.946+0000] {logging_mixin.py:188} INFO - [2024-07-17T14:09:16.946+0000] {dagbag.py:545} INFO - Filling up the DagBag from /home/airflow/.local/lib/python3.12/site-packages/airflow/example_dags/example_latest_only_with_trigger.py
[2024-07-17T14:09:16.957+0000] {processor.py:840} INFO - DAG(s) 'latest_only_with_trigger' retrieved from /home/airflow/.local/lib/python3.12/site-packages/airflow/example_dags/example_latest_only_with_trigger.py
[2024-07-17T14:09:16.998+0000] {logging_mixin.py:188} INFO - [2024-07-17T14:09:16.997+0000] {dag.py:3096} INFO - Sync 1 DAGs
[2024-07-17T14:09:17.058+0000] {logging_mixin.py:188} INFO - [2024-07-17T14:09:17.058+0000] {dag.py:3954} INFO - Setting next_dagrun for latest_only_with_trigger to 2024-07-17 08:00:00+00:00, run_after=2024-07-17 12:00:00+00:00
[2024-07-17T14:09:17.145+0000] {processor.py:183} INFO - Processing /home/airflow/.local/lib/python3.12/site-packages/airflow/example_dags/example_latest_only_with_trigger.py took 0.218 seconds
[2024-07-17T14:09:47.685+0000] {processor.py:161} INFO - Started process (PID=3116) to work on /home/airflow/.local/lib/python3.12/site-packages/airflow/example_dags/example_latest_only_with_trigger.py
[2024-07-17T14:09:47.687+0000] {processor.py:830} INFO - Processing file /home/airflow/.local/lib/python3.12/site-packages/airflow/example_dags/example_latest_only_with_trigger.py for tasks to queue
[2024-07-17T14:09:47.691+0000] {logging_mixin.py:188} INFO - [2024-07-17T14:09:47.690+0000] {dagbag.py:545} INFO - Filling up the DagBag from /home/airflow/.local/lib/python3.12/site-packages/airflow/example_dags/example_latest_only_with_trigger.py
[2024-07-17T14:09:47.702+0000] {processor.py:840} INFO - DAG(s) 'latest_only_with_trigger' retrieved from /home/airflow/.local/lib/python3.12/site-packages/airflow/example_dags/example_latest_only_with_trigger.py
[2024-07-17T14:09:47.749+0000] {logging_mixin.py:188} INFO - [2024-07-17T14:09:47.749+0000] {dag.py:3096} INFO - Sync 1 DAGs
[2024-07-17T14:09:47.847+0000] {logging_mixin.py:188} INFO - [2024-07-17T14:09:47.846+0000] {dag.py:3954} INFO - Setting next_dagrun for latest_only_with_trigger to 2024-07-17 08:00:00+00:00, run_after=2024-07-17 12:00:00+00:00
[2024-07-17T14:09:47.917+0000] {processor.py:183} INFO - Processing /home/airflow/.local/lib/python3.12/site-packages/airflow/example_dags/example_latest_only_with_trigger.py took 0.243 seconds
[2024-07-17T14:10:19.193+0000] {processor.py:161} INFO - Started process (PID=3176) to work on /home/airflow/.local/lib/python3.12/site-packages/airflow/example_dags/example_latest_only_with_trigger.py
[2024-07-17T14:10:19.195+0000] {processor.py:830} INFO - Processing file /home/airflow/.local/lib/python3.12/site-packages/airflow/example_dags/example_latest_only_with_trigger.py for tasks to queue
[2024-07-17T14:10:19.199+0000] {logging_mixin.py:188} INFO - [2024-07-17T14:10:19.199+0000] {dagbag.py:545} INFO - Filling up the DagBag from /home/airflow/.local/lib/python3.12/site-packages/airflow/example_dags/example_latest_only_with_trigger.py
[2024-07-17T14:10:19.217+0000] {processor.py:840} INFO - DAG(s) 'latest_only_with_trigger' retrieved from /home/airflow/.local/lib/python3.12/site-packages/airflow/example_dags/example_latest_only_with_trigger.py
[2024-07-17T14:10:19.269+0000] {logging_mixin.py:188} INFO - [2024-07-17T14:10:19.269+0000] {dag.py:3096} INFO - Sync 1 DAGs
[2024-07-17T14:10:19.316+0000] {logging_mixin.py:188} INFO - [2024-07-17T14:10:19.315+0000] {dag.py:3954} INFO - Setting next_dagrun for latest_only_with_trigger to 2024-07-17 08:00:00+00:00, run_after=2024-07-17 12:00:00+00:00
[2024-07-17T14:10:19.351+0000] {processor.py:183} INFO - Processing /home/airflow/.local/lib/python3.12/site-packages/airflow/example_dags/example_latest_only_with_trigger.py took 0.175 seconds
[2024-07-17T14:10:49.996+0000] {processor.py:161} INFO - Started process (PID=3236) to work on /home/airflow/.local/lib/python3.12/site-packages/airflow/example_dags/example_latest_only_with_trigger.py
[2024-07-17T14:10:49.998+0000] {processor.py:830} INFO - Processing file /home/airflow/.local/lib/python3.12/site-packages/airflow/example_dags/example_latest_only_with_trigger.py for tasks to queue
[2024-07-17T14:10:50.007+0000] {logging_mixin.py:188} INFO - [2024-07-17T14:10:50.006+0000] {dagbag.py:545} INFO - Filling up the DagBag from /home/airflow/.local/lib/python3.12/site-packages/airflow/example_dags/example_latest_only_with_trigger.py
[2024-07-17T14:10:50.029+0000] {processor.py:840} INFO - DAG(s) 'latest_only_with_trigger' retrieved from /home/airflow/.local/lib/python3.12/site-packages/airflow/example_dags/example_latest_only_with_trigger.py
[2024-07-17T14:10:50.092+0000] {logging_mixin.py:188} INFO - [2024-07-17T14:10:50.092+0000] {dag.py:3096} INFO - Sync 1 DAGs
[2024-07-17T14:10:50.152+0000] {logging_mixin.py:188} INFO - [2024-07-17T14:10:50.151+0000] {dag.py:3954} INFO - Setting next_dagrun for latest_only_with_trigger to 2024-07-17 08:00:00+00:00, run_after=2024-07-17 12:00:00+00:00
[2024-07-17T14:10:50.246+0000] {processor.py:183} INFO - Processing /home/airflow/.local/lib/python3.12/site-packages/airflow/example_dags/example_latest_only_with_trigger.py took 0.264 seconds
[2024-07-17T14:11:20.711+0000] {processor.py:161} INFO - Started process (PID=3296) to work on /home/airflow/.local/lib/python3.12/site-packages/airflow/example_dags/example_latest_only_with_trigger.py
[2024-07-17T14:11:20.713+0000] {processor.py:830} INFO - Processing file /home/airflow/.local/lib/python3.12/site-packages/airflow/example_dags/example_latest_only_with_trigger.py for tasks to queue
[2024-07-17T14:11:20.716+0000] {logging_mixin.py:188} INFO - [2024-07-17T14:11:20.716+0000] {dagbag.py:545} INFO - Filling up the DagBag from /home/airflow/.local/lib/python3.12/site-packages/airflow/example_dags/example_latest_only_with_trigger.py
[2024-07-17T14:11:20.728+0000] {processor.py:840} INFO - DAG(s) 'latest_only_with_trigger' retrieved from /home/airflow/.local/lib/python3.12/site-packages/airflow/example_dags/example_latest_only_with_trigger.py
[2024-07-17T14:11:20.769+0000] {logging_mixin.py:188} INFO - [2024-07-17T14:11:20.769+0000] {dag.py:3096} INFO - Sync 1 DAGs
[2024-07-17T14:11:20.818+0000] {logging_mixin.py:188} INFO - [2024-07-17T14:11:20.817+0000] {dag.py:3954} INFO - Setting next_dagrun for latest_only_with_trigger to 2024-07-17 08:00:00+00:00, run_after=2024-07-17 12:00:00+00:00
[2024-07-17T14:11:20.856+0000] {processor.py:183} INFO - Processing /home/airflow/.local/lib/python3.12/site-packages/airflow/example_dags/example_latest_only_with_trigger.py took 0.157 seconds
[2024-07-17T14:11:52.635+0000] {processor.py:161} INFO - Started process (PID=3356) to work on /home/airflow/.local/lib/python3.12/site-packages/airflow/example_dags/example_latest_only_with_trigger.py
[2024-07-17T14:11:52.637+0000] {processor.py:830} INFO - Processing file /home/airflow/.local/lib/python3.12/site-packages/airflow/example_dags/example_latest_only_with_trigger.py for tasks to queue
[2024-07-17T14:11:52.642+0000] {logging_mixin.py:188} INFO - [2024-07-17T14:11:52.641+0000] {dagbag.py:545} INFO - Filling up the DagBag from /home/airflow/.local/lib/python3.12/site-packages/airflow/example_dags/example_latest_only_with_trigger.py
[2024-07-17T14:11:52.656+0000] {processor.py:840} INFO - DAG(s) 'latest_only_with_trigger' retrieved from /home/airflow/.local/lib/python3.12/site-packages/airflow/example_dags/example_latest_only_with_trigger.py
[2024-07-17T14:11:52.720+0000] {logging_mixin.py:188} INFO - [2024-07-17T14:11:52.720+0000] {dag.py:3096} INFO - Sync 1 DAGs
[2024-07-17T14:11:52.792+0000] {logging_mixin.py:188} INFO - [2024-07-17T14:11:52.792+0000] {dag.py:3954} INFO - Setting next_dagrun for latest_only_with_trigger to 2024-07-17 08:00:00+00:00, run_after=2024-07-17 12:00:00+00:00
[2024-07-17T14:11:52.842+0000] {processor.py:183} INFO - Processing /home/airflow/.local/lib/python3.12/site-packages/airflow/example_dags/example_latest_only_with_trigger.py took 0.222 seconds
