[2024-07-17T10:31:48.950+0000] {processor.py:161} INFO - Started process (PID=48) to work on /home/airflow/.local/lib/python3.12/site-packages/airflow/example_dags/example_task_group_decorator.py
[2024-07-17T10:31:48.952+0000] {processor.py:830} INFO - Processing file /home/airflow/.local/lib/python3.12/site-packages/airflow/example_dags/example_task_group_decorator.py for tasks to queue
[2024-07-17T10:31:48.955+0000] {logging_mixin.py:188} INFO - [2024-07-17T10:31:48.954+0000] {dagbag.py:545} INFO - Filling up the DagBag from /home/airflow/.local/lib/python3.12/site-packages/airflow/example_dags/example_task_group_decorator.py
[2024-07-17T10:31:49.030+0000] {processor.py:840} INFO - DAG(s) 'example_task_group_decorator' retrieved from /home/airflow/.local/lib/python3.12/site-packages/airflow/example_dags/example_task_group_decorator.py
[2024-07-17T10:31:49.243+0000] {logging_mixin.py:188} INFO - [2024-07-17T10:31:49.243+0000] {dag.py:3096} INFO - Sync 1 DAGs
[2024-07-17T10:31:49.308+0000] {logging_mixin.py:188} INFO - [2024-07-17T10:31:49.308+0000] {dag.py:3954} INFO - Setting next_dagrun for example_task_group_decorator to 2024-07-16 00:00:00+00:00, run_after=2024-07-17 00:00:00+00:00
[2024-07-17T10:31:49.367+0000] {processor.py:183} INFO - Processing /home/airflow/.local/lib/python3.12/site-packages/airflow/example_dags/example_task_group_decorator.py took 0.434 seconds
[2024-07-17T10:32:19.642+0000] {processor.py:161} INFO - Started process (PID=108) to work on /home/airflow/.local/lib/python3.12/site-packages/airflow/example_dags/example_task_group_decorator.py
[2024-07-17T10:32:19.644+0000] {processor.py:830} INFO - Processing file /home/airflow/.local/lib/python3.12/site-packages/airflow/example_dags/example_task_group_decorator.py for tasks to queue
[2024-07-17T10:32:19.647+0000] {logging_mixin.py:188} INFO - [2024-07-17T10:32:19.646+0000] {dagbag.py:545} INFO - Filling up the DagBag from /home/airflow/.local/lib/python3.12/site-packages/airflow/example_dags/example_task_group_decorator.py
[2024-07-17T10:32:19.681+0000] {processor.py:840} INFO - DAG(s) 'example_task_group_decorator' retrieved from /home/airflow/.local/lib/python3.12/site-packages/airflow/example_dags/example_task_group_decorator.py
[2024-07-17T10:32:19.739+0000] {logging_mixin.py:188} INFO - [2024-07-17T10:32:19.729+0000] {dag.py:3096} INFO - Sync 1 DAGs
[2024-07-17T10:32:19.790+0000] {logging_mixin.py:188} INFO - [2024-07-17T10:32:19.790+0000] {dag.py:3954} INFO - Setting next_dagrun for example_task_group_decorator to 2024-07-16 00:00:00+00:00, run_after=2024-07-17 00:00:00+00:00
[2024-07-17T10:32:19.827+0000] {processor.py:183} INFO - Processing /home/airflow/.local/lib/python3.12/site-packages/airflow/example_dags/example_task_group_decorator.py took 0.201 seconds
[2024-07-17T10:32:50.667+0000] {processor.py:161} INFO - Started process (PID=168) to work on /home/airflow/.local/lib/python3.12/site-packages/airflow/example_dags/example_task_group_decorator.py
[2024-07-17T10:32:50.668+0000] {processor.py:830} INFO - Processing file /home/airflow/.local/lib/python3.12/site-packages/airflow/example_dags/example_task_group_decorator.py for tasks to queue
[2024-07-17T10:32:50.670+0000] {logging_mixin.py:188} INFO - [2024-07-17T10:32:50.670+0000] {dagbag.py:545} INFO - Filling up the DagBag from /home/airflow/.local/lib/python3.12/site-packages/airflow/example_dags/example_task_group_decorator.py
[2024-07-17T10:32:50.691+0000] {processor.py:840} INFO - DAG(s) 'example_task_group_decorator' retrieved from /home/airflow/.local/lib/python3.12/site-packages/airflow/example_dags/example_task_group_decorator.py
[2024-07-17T10:32:50.846+0000] {logging_mixin.py:188} INFO - [2024-07-17T10:32:50.846+0000] {dag.py:3096} INFO - Sync 1 DAGs
[2024-07-17T10:32:50.877+0000] {logging_mixin.py:188} INFO - [2024-07-17T10:32:50.877+0000] {dag.py:3954} INFO - Setting next_dagrun for example_task_group_decorator to 2024-07-16 00:00:00+00:00, run_after=2024-07-17 00:00:00+00:00
[2024-07-17T10:32:50.901+0000] {processor.py:183} INFO - Processing /home/airflow/.local/lib/python3.12/site-packages/airflow/example_dags/example_task_group_decorator.py took 0.241 seconds
[2024-07-17T10:33:20.987+0000] {processor.py:161} INFO - Started process (PID=228) to work on /home/airflow/.local/lib/python3.12/site-packages/airflow/example_dags/example_task_group_decorator.py
[2024-07-17T10:33:20.988+0000] {processor.py:830} INFO - Processing file /home/airflow/.local/lib/python3.12/site-packages/airflow/example_dags/example_task_group_decorator.py for tasks to queue
[2024-07-17T10:33:20.989+0000] {logging_mixin.py:188} INFO - [2024-07-17T10:33:20.989+0000] {dagbag.py:545} INFO - Filling up the DagBag from /home/airflow/.local/lib/python3.12/site-packages/airflow/example_dags/example_task_group_decorator.py
[2024-07-17T10:33:21.002+0000] {processor.py:840} INFO - DAG(s) 'example_task_group_decorator' retrieved from /home/airflow/.local/lib/python3.12/site-packages/airflow/example_dags/example_task_group_decorator.py
[2024-07-17T10:33:21.038+0000] {logging_mixin.py:188} INFO - [2024-07-17T10:33:21.038+0000] {dag.py:3096} INFO - Sync 1 DAGs
[2024-07-17T10:33:21.069+0000] {logging_mixin.py:188} INFO - [2024-07-17T10:33:21.069+0000] {dag.py:3954} INFO - Setting next_dagrun for example_task_group_decorator to 2024-07-16 00:00:00+00:00, run_after=2024-07-17 00:00:00+00:00
[2024-07-17T10:33:21.090+0000] {processor.py:183} INFO - Processing /home/airflow/.local/lib/python3.12/site-packages/airflow/example_dags/example_task_group_decorator.py took 0.108 seconds
[2024-07-17T10:33:51.237+0000] {processor.py:161} INFO - Started process (PID=286) to work on /home/airflow/.local/lib/python3.12/site-packages/airflow/example_dags/example_task_group_decorator.py
[2024-07-17T10:33:51.238+0000] {processor.py:830} INFO - Processing file /home/airflow/.local/lib/python3.12/site-packages/airflow/example_dags/example_task_group_decorator.py for tasks to queue
[2024-07-17T10:33:51.240+0000] {logging_mixin.py:188} INFO - [2024-07-17T10:33:51.240+0000] {dagbag.py:545} INFO - Filling up the DagBag from /home/airflow/.local/lib/python3.12/site-packages/airflow/example_dags/example_task_group_decorator.py
[2024-07-17T10:33:51.260+0000] {processor.py:840} INFO - DAG(s) 'example_task_group_decorator' retrieved from /home/airflow/.local/lib/python3.12/site-packages/airflow/example_dags/example_task_group_decorator.py
[2024-07-17T10:33:51.292+0000] {logging_mixin.py:188} INFO - [2024-07-17T10:33:51.292+0000] {dag.py:3096} INFO - Sync 1 DAGs
[2024-07-17T10:33:51.324+0000] {logging_mixin.py:188} INFO - [2024-07-17T10:33:51.323+0000] {dag.py:3954} INFO - Setting next_dagrun for example_task_group_decorator to 2024-07-16 00:00:00+00:00, run_after=2024-07-17 00:00:00+00:00
[2024-07-17T10:33:51.349+0000] {processor.py:183} INFO - Processing /home/airflow/.local/lib/python3.12/site-packages/airflow/example_dags/example_task_group_decorator.py took 0.119 seconds
[2024-07-17T10:34:21.498+0000] {processor.py:161} INFO - Started process (PID=346) to work on /home/airflow/.local/lib/python3.12/site-packages/airflow/example_dags/example_task_group_decorator.py
[2024-07-17T10:34:21.500+0000] {processor.py:830} INFO - Processing file /home/airflow/.local/lib/python3.12/site-packages/airflow/example_dags/example_task_group_decorator.py for tasks to queue
[2024-07-17T10:34:21.502+0000] {logging_mixin.py:188} INFO - [2024-07-17T10:34:21.502+0000] {dagbag.py:545} INFO - Filling up the DagBag from /home/airflow/.local/lib/python3.12/site-packages/airflow/example_dags/example_task_group_decorator.py
[2024-07-17T10:34:21.527+0000] {processor.py:840} INFO - DAG(s) 'example_task_group_decorator' retrieved from /home/airflow/.local/lib/python3.12/site-packages/airflow/example_dags/example_task_group_decorator.py
[2024-07-17T10:34:21.574+0000] {logging_mixin.py:188} INFO - [2024-07-17T10:34:21.574+0000] {dag.py:3096} INFO - Sync 1 DAGs
[2024-07-17T10:34:21.606+0000] {logging_mixin.py:188} INFO - [2024-07-17T10:34:21.606+0000] {dag.py:3954} INFO - Setting next_dagrun for example_task_group_decorator to 2024-07-16 00:00:00+00:00, run_after=2024-07-17 00:00:00+00:00
[2024-07-17T10:34:21.633+0000] {processor.py:183} INFO - Processing /home/airflow/.local/lib/python3.12/site-packages/airflow/example_dags/example_task_group_decorator.py took 0.143 seconds
[2024-07-17T10:34:51.727+0000] {processor.py:161} INFO - Started process (PID=406) to work on /home/airflow/.local/lib/python3.12/site-packages/airflow/example_dags/example_task_group_decorator.py
[2024-07-17T10:34:51.728+0000] {processor.py:830} INFO - Processing file /home/airflow/.local/lib/python3.12/site-packages/airflow/example_dags/example_task_group_decorator.py for tasks to queue
[2024-07-17T10:34:51.729+0000] {logging_mixin.py:188} INFO - [2024-07-17T10:34:51.729+0000] {dagbag.py:545} INFO - Filling up the DagBag from /home/airflow/.local/lib/python3.12/site-packages/airflow/example_dags/example_task_group_decorator.py
[2024-07-17T10:34:51.741+0000] {processor.py:840} INFO - DAG(s) 'example_task_group_decorator' retrieved from /home/airflow/.local/lib/python3.12/site-packages/airflow/example_dags/example_task_group_decorator.py
[2024-07-17T10:34:51.765+0000] {logging_mixin.py:188} INFO - [2024-07-17T10:34:51.765+0000] {dag.py:3096} INFO - Sync 1 DAGs
[2024-07-17T10:34:51.785+0000] {logging_mixin.py:188} INFO - [2024-07-17T10:34:51.785+0000] {dag.py:3954} INFO - Setting next_dagrun for example_task_group_decorator to 2024-07-16 00:00:00+00:00, run_after=2024-07-17 00:00:00+00:00
[2024-07-17T10:34:51.803+0000] {processor.py:183} INFO - Processing /home/airflow/.local/lib/python3.12/site-packages/airflow/example_dags/example_task_group_decorator.py took 0.081 seconds
[2024-07-17T10:35:22.358+0000] {processor.py:161} INFO - Started process (PID=466) to work on /home/airflow/.local/lib/python3.12/site-packages/airflow/example_dags/example_task_group_decorator.py
[2024-07-17T10:35:22.359+0000] {processor.py:830} INFO - Processing file /home/airflow/.local/lib/python3.12/site-packages/airflow/example_dags/example_task_group_decorator.py for tasks to queue
[2024-07-17T10:35:22.361+0000] {logging_mixin.py:188} INFO - [2024-07-17T10:35:22.361+0000] {dagbag.py:545} INFO - Filling up the DagBag from /home/airflow/.local/lib/python3.12/site-packages/airflow/example_dags/example_task_group_decorator.py
[2024-07-17T10:35:22.383+0000] {processor.py:840} INFO - DAG(s) 'example_task_group_decorator' retrieved from /home/airflow/.local/lib/python3.12/site-packages/airflow/example_dags/example_task_group_decorator.py
[2024-07-17T10:35:22.423+0000] {logging_mixin.py:188} INFO - [2024-07-17T10:35:22.423+0000] {dag.py:3096} INFO - Sync 1 DAGs
[2024-07-17T10:35:22.454+0000] {logging_mixin.py:188} INFO - [2024-07-17T10:35:22.453+0000] {dag.py:3954} INFO - Setting next_dagrun for example_task_group_decorator to 2024-07-16 00:00:00+00:00, run_after=2024-07-17 00:00:00+00:00
[2024-07-17T10:35:22.478+0000] {processor.py:183} INFO - Processing /home/airflow/.local/lib/python3.12/site-packages/airflow/example_dags/example_task_group_decorator.py took 0.128 seconds
[2024-07-17T10:35:53.330+0000] {processor.py:161} INFO - Started process (PID=526) to work on /home/airflow/.local/lib/python3.12/site-packages/airflow/example_dags/example_task_group_decorator.py
[2024-07-17T10:35:53.332+0000] {processor.py:830} INFO - Processing file /home/airflow/.local/lib/python3.12/site-packages/airflow/example_dags/example_task_group_decorator.py for tasks to queue
[2024-07-17T10:35:53.334+0000] {logging_mixin.py:188} INFO - [2024-07-17T10:35:53.334+0000] {dagbag.py:545} INFO - Filling up the DagBag from /home/airflow/.local/lib/python3.12/site-packages/airflow/example_dags/example_task_group_decorator.py
[2024-07-17T10:35:53.355+0000] {processor.py:840} INFO - DAG(s) 'example_task_group_decorator' retrieved from /home/airflow/.local/lib/python3.12/site-packages/airflow/example_dags/example_task_group_decorator.py
[2024-07-17T10:35:53.406+0000] {logging_mixin.py:188} INFO - [2024-07-17T10:35:53.406+0000] {dag.py:3096} INFO - Sync 1 DAGs
[2024-07-17T10:35:53.441+0000] {logging_mixin.py:188} INFO - [2024-07-17T10:35:53.441+0000] {dag.py:3954} INFO - Setting next_dagrun for example_task_group_decorator to 2024-07-16 00:00:00+00:00, run_after=2024-07-17 00:00:00+00:00
[2024-07-17T10:35:53.464+0000] {processor.py:183} INFO - Processing /home/airflow/.local/lib/python3.12/site-packages/airflow/example_dags/example_task_group_decorator.py took 0.141 seconds
[2024-07-17T10:36:24.294+0000] {processor.py:161} INFO - Started process (PID=592) to work on /home/airflow/.local/lib/python3.12/site-packages/airflow/example_dags/example_task_group_decorator.py
[2024-07-17T10:36:24.295+0000] {processor.py:830} INFO - Processing file /home/airflow/.local/lib/python3.12/site-packages/airflow/example_dags/example_task_group_decorator.py for tasks to queue
[2024-07-17T10:36:24.297+0000] {logging_mixin.py:188} INFO - [2024-07-17T10:36:24.296+0000] {dagbag.py:545} INFO - Filling up the DagBag from /home/airflow/.local/lib/python3.12/site-packages/airflow/example_dags/example_task_group_decorator.py
[2024-07-17T10:36:24.310+0000] {processor.py:840} INFO - DAG(s) 'example_task_group_decorator' retrieved from /home/airflow/.local/lib/python3.12/site-packages/airflow/example_dags/example_task_group_decorator.py
[2024-07-17T10:36:24.338+0000] {logging_mixin.py:188} INFO - [2024-07-17T10:36:24.338+0000] {dag.py:3096} INFO - Sync 1 DAGs
[2024-07-17T10:36:24.362+0000] {logging_mixin.py:188} INFO - [2024-07-17T10:36:24.362+0000] {dag.py:3954} INFO - Setting next_dagrun for example_task_group_decorator to 2024-07-16 00:00:00+00:00, run_after=2024-07-17 00:00:00+00:00
[2024-07-17T10:36:24.385+0000] {processor.py:183} INFO - Processing /home/airflow/.local/lib/python3.12/site-packages/airflow/example_dags/example_task_group_decorator.py took 0.096 seconds
[2024-07-17T13:41:19.420+0000] {processor.py:161} INFO - Started process (PID=48) to work on /home/airflow/.local/lib/python3.12/site-packages/airflow/example_dags/example_task_group_decorator.py
[2024-07-17T13:41:19.426+0000] {processor.py:830} INFO - Processing file /home/airflow/.local/lib/python3.12/site-packages/airflow/example_dags/example_task_group_decorator.py for tasks to queue
[2024-07-17T13:41:19.433+0000] {logging_mixin.py:188} INFO - [2024-07-17T13:41:19.432+0000] {dagbag.py:545} INFO - Filling up the DagBag from /home/airflow/.local/lib/python3.12/site-packages/airflow/example_dags/example_task_group_decorator.py
[2024-07-17T13:41:19.465+0000] {processor.py:840} INFO - DAG(s) 'example_task_group_decorator' retrieved from /home/airflow/.local/lib/python3.12/site-packages/airflow/example_dags/example_task_group_decorator.py
[2024-07-17T13:41:19.695+0000] {logging_mixin.py:188} INFO - [2024-07-17T13:41:19.694+0000] {dag.py:3096} INFO - Sync 1 DAGs
[2024-07-17T13:41:19.751+0000] {logging_mixin.py:188} INFO - [2024-07-17T13:41:19.751+0000] {dag.py:3954} INFO - Setting next_dagrun for example_task_group_decorator to 2024-07-16 00:00:00+00:00, run_after=2024-07-17 00:00:00+00:00
[2024-07-17T13:41:19.828+0000] {processor.py:183} INFO - Processing /home/airflow/.local/lib/python3.12/site-packages/airflow/example_dags/example_task_group_decorator.py took 0.425 seconds
[2024-07-17T13:41:50.049+0000] {processor.py:161} INFO - Started process (PID=108) to work on /home/airflow/.local/lib/python3.12/site-packages/airflow/example_dags/example_task_group_decorator.py
[2024-07-17T13:41:50.050+0000] {processor.py:830} INFO - Processing file /home/airflow/.local/lib/python3.12/site-packages/airflow/example_dags/example_task_group_decorator.py for tasks to queue
[2024-07-17T13:41:50.052+0000] {logging_mixin.py:188} INFO - [2024-07-17T13:41:50.052+0000] {dagbag.py:545} INFO - Filling up the DagBag from /home/airflow/.local/lib/python3.12/site-packages/airflow/example_dags/example_task_group_decorator.py
[2024-07-17T13:41:50.071+0000] {processor.py:840} INFO - DAG(s) 'example_task_group_decorator' retrieved from /home/airflow/.local/lib/python3.12/site-packages/airflow/example_dags/example_task_group_decorator.py
[2024-07-17T13:41:50.095+0000] {logging_mixin.py:188} INFO - [2024-07-17T13:41:50.095+0000] {dag.py:3096} INFO - Sync 1 DAGs
[2024-07-17T13:41:50.121+0000] {logging_mixin.py:188} INFO - [2024-07-17T13:41:50.121+0000] {dag.py:3954} INFO - Setting next_dagrun for example_task_group_decorator to 2024-07-16 00:00:00+00:00, run_after=2024-07-17 00:00:00+00:00
[2024-07-17T13:41:50.144+0000] {processor.py:183} INFO - Processing /home/airflow/.local/lib/python3.12/site-packages/airflow/example_dags/example_task_group_decorator.py took 0.101 seconds
[2024-07-17T13:42:20.676+0000] {processor.py:161} INFO - Started process (PID=168) to work on /home/airflow/.local/lib/python3.12/site-packages/airflow/example_dags/example_task_group_decorator.py
[2024-07-17T13:42:20.677+0000] {processor.py:830} INFO - Processing file /home/airflow/.local/lib/python3.12/site-packages/airflow/example_dags/example_task_group_decorator.py for tasks to queue
[2024-07-17T13:42:20.679+0000] {logging_mixin.py:188} INFO - [2024-07-17T13:42:20.679+0000] {dagbag.py:545} INFO - Filling up the DagBag from /home/airflow/.local/lib/python3.12/site-packages/airflow/example_dags/example_task_group_decorator.py
[2024-07-17T13:42:20.693+0000] {processor.py:840} INFO - DAG(s) 'example_task_group_decorator' retrieved from /home/airflow/.local/lib/python3.12/site-packages/airflow/example_dags/example_task_group_decorator.py
[2024-07-17T13:42:20.717+0000] {logging_mixin.py:188} INFO - [2024-07-17T13:42:20.717+0000] {dag.py:3096} INFO - Sync 1 DAGs
[2024-07-17T13:42:20.744+0000] {logging_mixin.py:188} INFO - [2024-07-17T13:42:20.744+0000] {dag.py:3954} INFO - Setting next_dagrun for example_task_group_decorator to 2024-07-16 00:00:00+00:00, run_after=2024-07-17 00:00:00+00:00
[2024-07-17T13:42:20.768+0000] {processor.py:183} INFO - Processing /home/airflow/.local/lib/python3.12/site-packages/airflow/example_dags/example_task_group_decorator.py took 0.098 seconds
[2024-07-17T13:42:51.225+0000] {processor.py:161} INFO - Started process (PID=228) to work on /home/airflow/.local/lib/python3.12/site-packages/airflow/example_dags/example_task_group_decorator.py
[2024-07-17T13:42:51.226+0000] {processor.py:830} INFO - Processing file /home/airflow/.local/lib/python3.12/site-packages/airflow/example_dags/example_task_group_decorator.py for tasks to queue
[2024-07-17T13:42:51.228+0000] {logging_mixin.py:188} INFO - [2024-07-17T13:42:51.227+0000] {dagbag.py:545} INFO - Filling up the DagBag from /home/airflow/.local/lib/python3.12/site-packages/airflow/example_dags/example_task_group_decorator.py
[2024-07-17T13:42:51.243+0000] {processor.py:840} INFO - DAG(s) 'example_task_group_decorator' retrieved from /home/airflow/.local/lib/python3.12/site-packages/airflow/example_dags/example_task_group_decorator.py
[2024-07-17T13:42:51.268+0000] {logging_mixin.py:188} INFO - [2024-07-17T13:42:51.267+0000] {dag.py:3096} INFO - Sync 1 DAGs
[2024-07-17T13:42:51.289+0000] {logging_mixin.py:188} INFO - [2024-07-17T13:42:51.288+0000] {dag.py:3954} INFO - Setting next_dagrun for example_task_group_decorator to 2024-07-16 00:00:00+00:00, run_after=2024-07-17 00:00:00+00:00
[2024-07-17T13:42:51.307+0000] {processor.py:183} INFO - Processing /home/airflow/.local/lib/python3.12/site-packages/airflow/example_dags/example_task_group_decorator.py took 0.088 seconds
[2024-07-17T13:43:21.990+0000] {processor.py:161} INFO - Started process (PID=288) to work on /home/airflow/.local/lib/python3.12/site-packages/airflow/example_dags/example_task_group_decorator.py
[2024-07-17T13:43:21.991+0000] {processor.py:830} INFO - Processing file /home/airflow/.local/lib/python3.12/site-packages/airflow/example_dags/example_task_group_decorator.py for tasks to queue
[2024-07-17T13:43:21.993+0000] {logging_mixin.py:188} INFO - [2024-07-17T13:43:21.993+0000] {dagbag.py:545} INFO - Filling up the DagBag from /home/airflow/.local/lib/python3.12/site-packages/airflow/example_dags/example_task_group_decorator.py
[2024-07-17T13:43:22.009+0000] {processor.py:840} INFO - DAG(s) 'example_task_group_decorator' retrieved from /home/airflow/.local/lib/python3.12/site-packages/airflow/example_dags/example_task_group_decorator.py
[2024-07-17T13:43:22.037+0000] {logging_mixin.py:188} INFO - [2024-07-17T13:43:22.037+0000] {dag.py:3096} INFO - Sync 1 DAGs
[2024-07-17T13:43:22.060+0000] {logging_mixin.py:188} INFO - [2024-07-17T13:43:22.060+0000] {dag.py:3954} INFO - Setting next_dagrun for example_task_group_decorator to 2024-07-16 00:00:00+00:00, run_after=2024-07-17 00:00:00+00:00
[2024-07-17T13:43:22.083+0000] {processor.py:183} INFO - Processing /home/airflow/.local/lib/python3.12/site-packages/airflow/example_dags/example_task_group_decorator.py took 0.098 seconds
[2024-07-17T13:43:52.853+0000] {processor.py:161} INFO - Started process (PID=348) to work on /home/airflow/.local/lib/python3.12/site-packages/airflow/example_dags/example_task_group_decorator.py
[2024-07-17T13:43:52.854+0000] {processor.py:830} INFO - Processing file /home/airflow/.local/lib/python3.12/site-packages/airflow/example_dags/example_task_group_decorator.py for tasks to queue
[2024-07-17T13:43:52.856+0000] {logging_mixin.py:188} INFO - [2024-07-17T13:43:52.856+0000] {dagbag.py:545} INFO - Filling up the DagBag from /home/airflow/.local/lib/python3.12/site-packages/airflow/example_dags/example_task_group_decorator.py
[2024-07-17T13:43:52.877+0000] {processor.py:840} INFO - DAG(s) 'example_task_group_decorator' retrieved from /home/airflow/.local/lib/python3.12/site-packages/airflow/example_dags/example_task_group_decorator.py
[2024-07-17T13:43:52.907+0000] {logging_mixin.py:188} INFO - [2024-07-17T13:43:52.907+0000] {dag.py:3096} INFO - Sync 1 DAGs
[2024-07-17T13:43:52.934+0000] {logging_mixin.py:188} INFO - [2024-07-17T13:43:52.933+0000] {dag.py:3954} INFO - Setting next_dagrun for example_task_group_decorator to 2024-07-16 00:00:00+00:00, run_after=2024-07-17 00:00:00+00:00
[2024-07-17T13:43:52.965+0000] {processor.py:183} INFO - Processing /home/airflow/.local/lib/python3.12/site-packages/airflow/example_dags/example_task_group_decorator.py took 0.120 seconds
[2024-07-17T13:44:23.996+0000] {processor.py:161} INFO - Started process (PID=407) to work on /home/airflow/.local/lib/python3.12/site-packages/airflow/example_dags/example_task_group_decorator.py
[2024-07-17T13:44:23.997+0000] {processor.py:830} INFO - Processing file /home/airflow/.local/lib/python3.12/site-packages/airflow/example_dags/example_task_group_decorator.py for tasks to queue
[2024-07-17T13:44:23.999+0000] {logging_mixin.py:188} INFO - [2024-07-17T13:44:23.998+0000] {dagbag.py:545} INFO - Filling up the DagBag from /home/airflow/.local/lib/python3.12/site-packages/airflow/example_dags/example_task_group_decorator.py
[2024-07-17T13:44:24.011+0000] {processor.py:840} INFO - DAG(s) 'example_task_group_decorator' retrieved from /home/airflow/.local/lib/python3.12/site-packages/airflow/example_dags/example_task_group_decorator.py
[2024-07-17T13:44:24.036+0000] {logging_mixin.py:188} INFO - [2024-07-17T13:44:24.036+0000] {dag.py:3096} INFO - Sync 1 DAGs
[2024-07-17T13:44:24.057+0000] {logging_mixin.py:188} INFO - [2024-07-17T13:44:24.056+0000] {dag.py:3954} INFO - Setting next_dagrun for example_task_group_decorator to 2024-07-16 00:00:00+00:00, run_after=2024-07-17 00:00:00+00:00
[2024-07-17T13:44:24.078+0000] {processor.py:183} INFO - Processing /home/airflow/.local/lib/python3.12/site-packages/airflow/example_dags/example_task_group_decorator.py took 0.087 seconds
[2024-07-17T13:44:54.225+0000] {processor.py:161} INFO - Started process (PID=466) to work on /home/airflow/.local/lib/python3.12/site-packages/airflow/example_dags/example_task_group_decorator.py
[2024-07-17T13:44:54.231+0000] {processor.py:830} INFO - Processing file /home/airflow/.local/lib/python3.12/site-packages/airflow/example_dags/example_task_group_decorator.py for tasks to queue
[2024-07-17T13:44:54.236+0000] {logging_mixin.py:188} INFO - [2024-07-17T13:44:54.235+0000] {dagbag.py:545} INFO - Filling up the DagBag from /home/airflow/.local/lib/python3.12/site-packages/airflow/example_dags/example_task_group_decorator.py
[2024-07-17T13:44:54.258+0000] {processor.py:840} INFO - DAG(s) 'example_task_group_decorator' retrieved from /home/airflow/.local/lib/python3.12/site-packages/airflow/example_dags/example_task_group_decorator.py
[2024-07-17T13:44:54.294+0000] {logging_mixin.py:188} INFO - [2024-07-17T13:44:54.294+0000] {dag.py:3096} INFO - Sync 1 DAGs
[2024-07-17T13:44:54.322+0000] {logging_mixin.py:188} INFO - [2024-07-17T13:44:54.322+0000] {dag.py:3954} INFO - Setting next_dagrun for example_task_group_decorator to 2024-07-16 00:00:00+00:00, run_after=2024-07-17 00:00:00+00:00
[2024-07-17T13:44:54.345+0000] {processor.py:183} INFO - Processing /home/airflow/.local/lib/python3.12/site-packages/airflow/example_dags/example_task_group_decorator.py took 0.129 seconds
[2024-07-17T13:45:24.436+0000] {processor.py:161} INFO - Started process (PID=526) to work on /home/airflow/.local/lib/python3.12/site-packages/airflow/example_dags/example_task_group_decorator.py
[2024-07-17T13:45:24.437+0000] {processor.py:830} INFO - Processing file /home/airflow/.local/lib/python3.12/site-packages/airflow/example_dags/example_task_group_decorator.py for tasks to queue
[2024-07-17T13:45:24.439+0000] {logging_mixin.py:188} INFO - [2024-07-17T13:45:24.439+0000] {dagbag.py:545} INFO - Filling up the DagBag from /home/airflow/.local/lib/python3.12/site-packages/airflow/example_dags/example_task_group_decorator.py
[2024-07-17T13:45:24.456+0000] {processor.py:840} INFO - DAG(s) 'example_task_group_decorator' retrieved from /home/airflow/.local/lib/python3.12/site-packages/airflow/example_dags/example_task_group_decorator.py
[2024-07-17T13:45:24.493+0000] {logging_mixin.py:188} INFO - [2024-07-17T13:45:24.493+0000] {dag.py:3096} INFO - Sync 1 DAGs
[2024-07-17T13:45:24.528+0000] {logging_mixin.py:188} INFO - [2024-07-17T13:45:24.528+0000] {dag.py:3954} INFO - Setting next_dagrun for example_task_group_decorator to 2024-07-16 00:00:00+00:00, run_after=2024-07-17 00:00:00+00:00
[2024-07-17T13:45:24.565+0000] {processor.py:183} INFO - Processing /home/airflow/.local/lib/python3.12/site-packages/airflow/example_dags/example_task_group_decorator.py took 0.136 seconds
[2024-07-17T13:45:54.636+0000] {processor.py:161} INFO - Started process (PID=586) to work on /home/airflow/.local/lib/python3.12/site-packages/airflow/example_dags/example_task_group_decorator.py
[2024-07-17T13:45:54.637+0000] {processor.py:830} INFO - Processing file /home/airflow/.local/lib/python3.12/site-packages/airflow/example_dags/example_task_group_decorator.py for tasks to queue
[2024-07-17T13:45:54.639+0000] {logging_mixin.py:188} INFO - [2024-07-17T13:45:54.639+0000] {dagbag.py:545} INFO - Filling up the DagBag from /home/airflow/.local/lib/python3.12/site-packages/airflow/example_dags/example_task_group_decorator.py
[2024-07-17T13:45:54.652+0000] {processor.py:840} INFO - DAG(s) 'example_task_group_decorator' retrieved from /home/airflow/.local/lib/python3.12/site-packages/airflow/example_dags/example_task_group_decorator.py
[2024-07-17T13:45:54.677+0000] {logging_mixin.py:188} INFO - [2024-07-17T13:45:54.677+0000] {dag.py:3096} INFO - Sync 1 DAGs
[2024-07-17T13:45:54.703+0000] {logging_mixin.py:188} INFO - [2024-07-17T13:45:54.702+0000] {dag.py:3954} INFO - Setting next_dagrun for example_task_group_decorator to 2024-07-16 00:00:00+00:00, run_after=2024-07-17 00:00:00+00:00
[2024-07-17T13:45:54.731+0000] {processor.py:183} INFO - Processing /home/airflow/.local/lib/python3.12/site-packages/airflow/example_dags/example_task_group_decorator.py took 0.101 seconds
[2024-07-17T13:46:24.817+0000] {processor.py:161} INFO - Started process (PID=646) to work on /home/airflow/.local/lib/python3.12/site-packages/airflow/example_dags/example_task_group_decorator.py
[2024-07-17T13:46:24.818+0000] {processor.py:830} INFO - Processing file /home/airflow/.local/lib/python3.12/site-packages/airflow/example_dags/example_task_group_decorator.py for tasks to queue
[2024-07-17T13:46:24.820+0000] {logging_mixin.py:188} INFO - [2024-07-17T13:46:24.820+0000] {dagbag.py:545} INFO - Filling up the DagBag from /home/airflow/.local/lib/python3.12/site-packages/airflow/example_dags/example_task_group_decorator.py
[2024-07-17T13:46:24.832+0000] {processor.py:840} INFO - DAG(s) 'example_task_group_decorator' retrieved from /home/airflow/.local/lib/python3.12/site-packages/airflow/example_dags/example_task_group_decorator.py
[2024-07-17T13:46:24.856+0000] {logging_mixin.py:188} INFO - [2024-07-17T13:46:24.855+0000] {dag.py:3096} INFO - Sync 1 DAGs
[2024-07-17T13:46:24.875+0000] {logging_mixin.py:188} INFO - [2024-07-17T13:46:24.874+0000] {dag.py:3954} INFO - Setting next_dagrun for example_task_group_decorator to 2024-07-16 00:00:00+00:00, run_after=2024-07-17 00:00:00+00:00
[2024-07-17T13:46:24.892+0000] {processor.py:183} INFO - Processing /home/airflow/.local/lib/python3.12/site-packages/airflow/example_dags/example_task_group_decorator.py took 0.080 seconds
[2024-07-17T13:46:55.217+0000] {processor.py:161} INFO - Started process (PID=706) to work on /home/airflow/.local/lib/python3.12/site-packages/airflow/example_dags/example_task_group_decorator.py
[2024-07-17T13:46:55.218+0000] {processor.py:830} INFO - Processing file /home/airflow/.local/lib/python3.12/site-packages/airflow/example_dags/example_task_group_decorator.py for tasks to queue
[2024-07-17T13:46:55.220+0000] {logging_mixin.py:188} INFO - [2024-07-17T13:46:55.219+0000] {dagbag.py:545} INFO - Filling up the DagBag from /home/airflow/.local/lib/python3.12/site-packages/airflow/example_dags/example_task_group_decorator.py
[2024-07-17T13:46:55.238+0000] {processor.py:840} INFO - DAG(s) 'example_task_group_decorator' retrieved from /home/airflow/.local/lib/python3.12/site-packages/airflow/example_dags/example_task_group_decorator.py
[2024-07-17T13:46:55.263+0000] {logging_mixin.py:188} INFO - [2024-07-17T13:46:55.262+0000] {dag.py:3096} INFO - Sync 1 DAGs
[2024-07-17T13:46:55.284+0000] {logging_mixin.py:188} INFO - [2024-07-17T13:46:55.284+0000] {dag.py:3954} INFO - Setting next_dagrun for example_task_group_decorator to 2024-07-16 00:00:00+00:00, run_after=2024-07-17 00:00:00+00:00
[2024-07-17T13:46:55.313+0000] {processor.py:183} INFO - Processing /home/airflow/.local/lib/python3.12/site-packages/airflow/example_dags/example_task_group_decorator.py took 0.101 seconds
[2024-07-17T13:47:25.493+0000] {processor.py:161} INFO - Started process (PID=766) to work on /home/airflow/.local/lib/python3.12/site-packages/airflow/example_dags/example_task_group_decorator.py
[2024-07-17T13:47:25.494+0000] {processor.py:830} INFO - Processing file /home/airflow/.local/lib/python3.12/site-packages/airflow/example_dags/example_task_group_decorator.py for tasks to queue
[2024-07-17T13:47:25.497+0000] {logging_mixin.py:188} INFO - [2024-07-17T13:47:25.496+0000] {dagbag.py:545} INFO - Filling up the DagBag from /home/airflow/.local/lib/python3.12/site-packages/airflow/example_dags/example_task_group_decorator.py
[2024-07-17T13:47:25.515+0000] {processor.py:840} INFO - DAG(s) 'example_task_group_decorator' retrieved from /home/airflow/.local/lib/python3.12/site-packages/airflow/example_dags/example_task_group_decorator.py
[2024-07-17T13:47:25.548+0000] {logging_mixin.py:188} INFO - [2024-07-17T13:47:25.548+0000] {dag.py:3096} INFO - Sync 1 DAGs
[2024-07-17T13:47:25.579+0000] {logging_mixin.py:188} INFO - [2024-07-17T13:47:25.579+0000] {dag.py:3954} INFO - Setting next_dagrun for example_task_group_decorator to 2024-07-16 00:00:00+00:00, run_after=2024-07-17 00:00:00+00:00
[2024-07-17T13:47:25.609+0000] {processor.py:183} INFO - Processing /home/airflow/.local/lib/python3.12/site-packages/airflow/example_dags/example_task_group_decorator.py took 0.123 seconds
[2024-07-17T13:47:56.144+0000] {processor.py:161} INFO - Started process (PID=826) to work on /home/airflow/.local/lib/python3.12/site-packages/airflow/example_dags/example_task_group_decorator.py
[2024-07-17T13:47:56.145+0000] {processor.py:830} INFO - Processing file /home/airflow/.local/lib/python3.12/site-packages/airflow/example_dags/example_task_group_decorator.py for tasks to queue
[2024-07-17T13:47:56.146+0000] {logging_mixin.py:188} INFO - [2024-07-17T13:47:56.146+0000] {dagbag.py:545} INFO - Filling up the DagBag from /home/airflow/.local/lib/python3.12/site-packages/airflow/example_dags/example_task_group_decorator.py
[2024-07-17T13:47:56.165+0000] {processor.py:840} INFO - DAG(s) 'example_task_group_decorator' retrieved from /home/airflow/.local/lib/python3.12/site-packages/airflow/example_dags/example_task_group_decorator.py
[2024-07-17T13:47:56.190+0000] {logging_mixin.py:188} INFO - [2024-07-17T13:47:56.189+0000] {dag.py:3096} INFO - Sync 1 DAGs
[2024-07-17T13:47:56.211+0000] {logging_mixin.py:188} INFO - [2024-07-17T13:47:56.211+0000] {dag.py:3954} INFO - Setting next_dagrun for example_task_group_decorator to 2024-07-16 00:00:00+00:00, run_after=2024-07-17 00:00:00+00:00
[2024-07-17T13:47:56.238+0000] {processor.py:183} INFO - Processing /home/airflow/.local/lib/python3.12/site-packages/airflow/example_dags/example_task_group_decorator.py took 0.101 seconds
[2024-07-17T13:48:26.423+0000] {processor.py:161} INFO - Started process (PID=886) to work on /home/airflow/.local/lib/python3.12/site-packages/airflow/example_dags/example_task_group_decorator.py
[2024-07-17T13:48:26.424+0000] {processor.py:830} INFO - Processing file /home/airflow/.local/lib/python3.12/site-packages/airflow/example_dags/example_task_group_decorator.py for tasks to queue
[2024-07-17T13:48:26.426+0000] {logging_mixin.py:188} INFO - [2024-07-17T13:48:26.425+0000] {dagbag.py:545} INFO - Filling up the DagBag from /home/airflow/.local/lib/python3.12/site-packages/airflow/example_dags/example_task_group_decorator.py
[2024-07-17T13:48:26.447+0000] {processor.py:840} INFO - DAG(s) 'example_task_group_decorator' retrieved from /home/airflow/.local/lib/python3.12/site-packages/airflow/example_dags/example_task_group_decorator.py
[2024-07-17T13:48:26.482+0000] {logging_mixin.py:188} INFO - [2024-07-17T13:48:26.481+0000] {dag.py:3096} INFO - Sync 1 DAGs
[2024-07-17T13:48:26.509+0000] {logging_mixin.py:188} INFO - [2024-07-17T13:48:26.509+0000] {dag.py:3954} INFO - Setting next_dagrun for example_task_group_decorator to 2024-07-16 00:00:00+00:00, run_after=2024-07-17 00:00:00+00:00
[2024-07-17T13:48:26.532+0000] {processor.py:183} INFO - Processing /home/airflow/.local/lib/python3.12/site-packages/airflow/example_dags/example_task_group_decorator.py took 0.116 seconds
[2024-07-17T13:48:56.597+0000] {processor.py:161} INFO - Started process (PID=946) to work on /home/airflow/.local/lib/python3.12/site-packages/airflow/example_dags/example_task_group_decorator.py
[2024-07-17T13:48:56.599+0000] {processor.py:830} INFO - Processing file /home/airflow/.local/lib/python3.12/site-packages/airflow/example_dags/example_task_group_decorator.py for tasks to queue
[2024-07-17T13:48:56.601+0000] {logging_mixin.py:188} INFO - [2024-07-17T13:48:56.601+0000] {dagbag.py:545} INFO - Filling up the DagBag from /home/airflow/.local/lib/python3.12/site-packages/airflow/example_dags/example_task_group_decorator.py
[2024-07-17T13:48:56.622+0000] {processor.py:840} INFO - DAG(s) 'example_task_group_decorator' retrieved from /home/airflow/.local/lib/python3.12/site-packages/airflow/example_dags/example_task_group_decorator.py
[2024-07-17T13:48:56.656+0000] {logging_mixin.py:188} INFO - [2024-07-17T13:48:56.656+0000] {dag.py:3096} INFO - Sync 1 DAGs
[2024-07-17T13:48:56.685+0000] {logging_mixin.py:188} INFO - [2024-07-17T13:48:56.684+0000] {dag.py:3954} INFO - Setting next_dagrun for example_task_group_decorator to 2024-07-16 00:00:00+00:00, run_after=2024-07-17 00:00:00+00:00
[2024-07-17T13:48:56.708+0000] {processor.py:183} INFO - Processing /home/airflow/.local/lib/python3.12/site-packages/airflow/example_dags/example_task_group_decorator.py took 0.118 seconds
[2024-07-17T13:49:27.138+0000] {processor.py:161} INFO - Started process (PID=1006) to work on /home/airflow/.local/lib/python3.12/site-packages/airflow/example_dags/example_task_group_decorator.py
[2024-07-17T13:49:27.139+0000] {processor.py:830} INFO - Processing file /home/airflow/.local/lib/python3.12/site-packages/airflow/example_dags/example_task_group_decorator.py for tasks to queue
[2024-07-17T13:49:27.141+0000] {logging_mixin.py:188} INFO - [2024-07-17T13:49:27.141+0000] {dagbag.py:545} INFO - Filling up the DagBag from /home/airflow/.local/lib/python3.12/site-packages/airflow/example_dags/example_task_group_decorator.py
[2024-07-17T13:49:27.160+0000] {processor.py:840} INFO - DAG(s) 'example_task_group_decorator' retrieved from /home/airflow/.local/lib/python3.12/site-packages/airflow/example_dags/example_task_group_decorator.py
[2024-07-17T13:49:27.187+0000] {logging_mixin.py:188} INFO - [2024-07-17T13:49:27.187+0000] {dag.py:3096} INFO - Sync 1 DAGs
[2024-07-17T13:49:27.208+0000] {logging_mixin.py:188} INFO - [2024-07-17T13:49:27.208+0000] {dag.py:3954} INFO - Setting next_dagrun for example_task_group_decorator to 2024-07-16 00:00:00+00:00, run_after=2024-07-17 00:00:00+00:00
[2024-07-17T13:49:27.226+0000] {processor.py:183} INFO - Processing /home/airflow/.local/lib/python3.12/site-packages/airflow/example_dags/example_task_group_decorator.py took 0.094 seconds
[2024-07-17T13:49:57.357+0000] {processor.py:161} INFO - Started process (PID=1066) to work on /home/airflow/.local/lib/python3.12/site-packages/airflow/example_dags/example_task_group_decorator.py
[2024-07-17T13:49:57.358+0000] {processor.py:830} INFO - Processing file /home/airflow/.local/lib/python3.12/site-packages/airflow/example_dags/example_task_group_decorator.py for tasks to queue
[2024-07-17T13:49:57.361+0000] {logging_mixin.py:188} INFO - [2024-07-17T13:49:57.360+0000] {dagbag.py:545} INFO - Filling up the DagBag from /home/airflow/.local/lib/python3.12/site-packages/airflow/example_dags/example_task_group_decorator.py
[2024-07-17T13:49:57.384+0000] {processor.py:840} INFO - DAG(s) 'example_task_group_decorator' retrieved from /home/airflow/.local/lib/python3.12/site-packages/airflow/example_dags/example_task_group_decorator.py
[2024-07-17T13:49:57.422+0000] {logging_mixin.py:188} INFO - [2024-07-17T13:49:57.422+0000] {dag.py:3096} INFO - Sync 1 DAGs
[2024-07-17T13:49:57.447+0000] {logging_mixin.py:188} INFO - [2024-07-17T13:49:57.447+0000] {dag.py:3954} INFO - Setting next_dagrun for example_task_group_decorator to 2024-07-16 00:00:00+00:00, run_after=2024-07-17 00:00:00+00:00
[2024-07-17T13:49:57.468+0000] {processor.py:183} INFO - Processing /home/airflow/.local/lib/python3.12/site-packages/airflow/example_dags/example_task_group_decorator.py took 0.118 seconds
[2024-07-17T13:50:27.772+0000] {processor.py:161} INFO - Started process (PID=1126) to work on /home/airflow/.local/lib/python3.12/site-packages/airflow/example_dags/example_task_group_decorator.py
[2024-07-17T13:50:27.773+0000] {processor.py:830} INFO - Processing file /home/airflow/.local/lib/python3.12/site-packages/airflow/example_dags/example_task_group_decorator.py for tasks to queue
[2024-07-17T13:50:27.775+0000] {logging_mixin.py:188} INFO - [2024-07-17T13:50:27.775+0000] {dagbag.py:545} INFO - Filling up the DagBag from /home/airflow/.local/lib/python3.12/site-packages/airflow/example_dags/example_task_group_decorator.py
[2024-07-17T13:50:27.795+0000] {processor.py:840} INFO - DAG(s) 'example_task_group_decorator' retrieved from /home/airflow/.local/lib/python3.12/site-packages/airflow/example_dags/example_task_group_decorator.py
[2024-07-17T13:50:27.831+0000] {logging_mixin.py:188} INFO - [2024-07-17T13:50:27.831+0000] {dag.py:3096} INFO - Sync 1 DAGs
[2024-07-17T13:50:27.857+0000] {logging_mixin.py:188} INFO - [2024-07-17T13:50:27.857+0000] {dag.py:3954} INFO - Setting next_dagrun for example_task_group_decorator to 2024-07-16 00:00:00+00:00, run_after=2024-07-17 00:00:00+00:00
[2024-07-17T13:50:27.877+0000] {processor.py:183} INFO - Processing /home/airflow/.local/lib/python3.12/site-packages/airflow/example_dags/example_task_group_decorator.py took 0.111 seconds
[2024-07-17T13:51:30.414+0000] {processor.py:161} INFO - Started process (PID=1166) to work on /home/airflow/.local/lib/python3.12/site-packages/airflow/example_dags/example_task_group_decorator.py
[2024-07-17T13:51:30.437+0000] {processor.py:830} INFO - Processing file /home/airflow/.local/lib/python3.12/site-packages/airflow/example_dags/example_task_group_decorator.py for tasks to queue
[2024-07-17T13:51:30.443+0000] {logging_mixin.py:188} INFO - [2024-07-17T13:51:30.442+0000] {dagbag.py:545} INFO - Filling up the DagBag from /home/airflow/.local/lib/python3.12/site-packages/airflow/example_dags/example_task_group_decorator.py
[2024-07-17T13:51:30.476+0000] {processor.py:840} INFO - DAG(s) 'example_task_group_decorator' retrieved from /home/airflow/.local/lib/python3.12/site-packages/airflow/example_dags/example_task_group_decorator.py
[2024-07-17T13:51:30.526+0000] {logging_mixin.py:188} INFO - [2024-07-17T13:51:30.525+0000] {dag.py:3096} INFO - Sync 1 DAGs
[2024-07-17T13:51:30.567+0000] {logging_mixin.py:188} INFO - [2024-07-17T13:51:30.566+0000] {dag.py:3954} INFO - Setting next_dagrun for example_task_group_decorator to 2024-07-16 00:00:00+00:00, run_after=2024-07-17 00:00:00+00:00
[2024-07-17T13:51:30.596+0000] {processor.py:183} INFO - Processing /home/airflow/.local/lib/python3.12/site-packages/airflow/example_dags/example_task_group_decorator.py took 0.191 seconds
[2024-07-17T13:52:00.905+0000] {processor.py:161} INFO - Started process (PID=1226) to work on /home/airflow/.local/lib/python3.12/site-packages/airflow/example_dags/example_task_group_decorator.py
[2024-07-17T13:52:00.907+0000] {processor.py:830} INFO - Processing file /home/airflow/.local/lib/python3.12/site-packages/airflow/example_dags/example_task_group_decorator.py for tasks to queue
[2024-07-17T13:52:00.909+0000] {logging_mixin.py:188} INFO - [2024-07-17T13:52:00.909+0000] {dagbag.py:545} INFO - Filling up the DagBag from /home/airflow/.local/lib/python3.12/site-packages/airflow/example_dags/example_task_group_decorator.py
[2024-07-17T13:52:00.933+0000] {processor.py:840} INFO - DAG(s) 'example_task_group_decorator' retrieved from /home/airflow/.local/lib/python3.12/site-packages/airflow/example_dags/example_task_group_decorator.py
[2024-07-17T13:52:00.978+0000] {logging_mixin.py:188} INFO - [2024-07-17T13:52:00.977+0000] {dag.py:3096} INFO - Sync 1 DAGs
[2024-07-17T13:52:01.010+0000] {logging_mixin.py:188} INFO - [2024-07-17T13:52:01.010+0000] {dag.py:3954} INFO - Setting next_dagrun for example_task_group_decorator to 2024-07-16 00:00:00+00:00, run_after=2024-07-17 00:00:00+00:00
[2024-07-17T13:52:01.033+0000] {processor.py:183} INFO - Processing /home/airflow/.local/lib/python3.12/site-packages/airflow/example_dags/example_task_group_decorator.py took 0.135 seconds
[2024-07-17T13:52:32.116+0000] {processor.py:161} INFO - Started process (PID=1286) to work on /home/airflow/.local/lib/python3.12/site-packages/airflow/example_dags/example_task_group_decorator.py
[2024-07-17T13:52:32.119+0000] {processor.py:830} INFO - Processing file /home/airflow/.local/lib/python3.12/site-packages/airflow/example_dags/example_task_group_decorator.py for tasks to queue
[2024-07-17T13:52:32.121+0000] {logging_mixin.py:188} INFO - [2024-07-17T13:52:32.121+0000] {dagbag.py:545} INFO - Filling up the DagBag from /home/airflow/.local/lib/python3.12/site-packages/airflow/example_dags/example_task_group_decorator.py
[2024-07-17T13:52:32.144+0000] {processor.py:840} INFO - DAG(s) 'example_task_group_decorator' retrieved from /home/airflow/.local/lib/python3.12/site-packages/airflow/example_dags/example_task_group_decorator.py
[2024-07-17T13:52:32.188+0000] {logging_mixin.py:188} INFO - [2024-07-17T13:52:32.188+0000] {dag.py:3096} INFO - Sync 1 DAGs
[2024-07-17T13:52:32.223+0000] {logging_mixin.py:188} INFO - [2024-07-17T13:52:32.223+0000] {dag.py:3954} INFO - Setting next_dagrun for example_task_group_decorator to 2024-07-16 00:00:00+00:00, run_after=2024-07-17 00:00:00+00:00
[2024-07-17T13:52:32.257+0000] {processor.py:183} INFO - Processing /home/airflow/.local/lib/python3.12/site-packages/airflow/example_dags/example_task_group_decorator.py took 0.150 seconds
[2024-07-17T13:53:03.197+0000] {processor.py:161} INFO - Started process (PID=1347) to work on /home/airflow/.local/lib/python3.12/site-packages/airflow/example_dags/example_task_group_decorator.py
[2024-07-17T13:53:03.199+0000] {processor.py:830} INFO - Processing file /home/airflow/.local/lib/python3.12/site-packages/airflow/example_dags/example_task_group_decorator.py for tasks to queue
[2024-07-17T13:53:03.202+0000] {logging_mixin.py:188} INFO - [2024-07-17T13:53:03.201+0000] {dagbag.py:545} INFO - Filling up the DagBag from /home/airflow/.local/lib/python3.12/site-packages/airflow/example_dags/example_task_group_decorator.py
[2024-07-17T13:53:03.239+0000] {processor.py:840} INFO - DAG(s) 'example_task_group_decorator' retrieved from /home/airflow/.local/lib/python3.12/site-packages/airflow/example_dags/example_task_group_decorator.py
[2024-07-17T13:53:03.301+0000] {logging_mixin.py:188} INFO - [2024-07-17T13:53:03.300+0000] {dag.py:3096} INFO - Sync 1 DAGs
[2024-07-17T13:53:03.344+0000] {logging_mixin.py:188} INFO - [2024-07-17T13:53:03.343+0000] {dag.py:3954} INFO - Setting next_dagrun for example_task_group_decorator to 2024-07-16 00:00:00+00:00, run_after=2024-07-17 00:00:00+00:00
[2024-07-17T13:53:03.388+0000] {processor.py:183} INFO - Processing /home/airflow/.local/lib/python3.12/site-packages/airflow/example_dags/example_task_group_decorator.py took 0.207 seconds
[2024-07-17T13:53:33.514+0000] {processor.py:161} INFO - Started process (PID=1407) to work on /home/airflow/.local/lib/python3.12/site-packages/airflow/example_dags/example_task_group_decorator.py
[2024-07-17T13:53:33.515+0000] {processor.py:830} INFO - Processing file /home/airflow/.local/lib/python3.12/site-packages/airflow/example_dags/example_task_group_decorator.py for tasks to queue
[2024-07-17T13:53:33.517+0000] {logging_mixin.py:188} INFO - [2024-07-17T13:53:33.516+0000] {dagbag.py:545} INFO - Filling up the DagBag from /home/airflow/.local/lib/python3.12/site-packages/airflow/example_dags/example_task_group_decorator.py
[2024-07-17T13:53:33.530+0000] {processor.py:840} INFO - DAG(s) 'example_task_group_decorator' retrieved from /home/airflow/.local/lib/python3.12/site-packages/airflow/example_dags/example_task_group_decorator.py
[2024-07-17T13:53:33.566+0000] {logging_mixin.py:188} INFO - [2024-07-17T13:53:33.565+0000] {dag.py:3096} INFO - Sync 1 DAGs
[2024-07-17T13:53:33.608+0000] {logging_mixin.py:188} INFO - [2024-07-17T13:53:33.608+0000] {dag.py:3954} INFO - Setting next_dagrun for example_task_group_decorator to 2024-07-16 00:00:00+00:00, run_after=2024-07-17 00:00:00+00:00
[2024-07-17T13:53:33.640+0000] {processor.py:183} INFO - Processing /home/airflow/.local/lib/python3.12/site-packages/airflow/example_dags/example_task_group_decorator.py took 0.134 seconds
[2024-07-17T13:54:03.918+0000] {processor.py:161} INFO - Started process (PID=1465) to work on /home/airflow/.local/lib/python3.12/site-packages/airflow/example_dags/example_task_group_decorator.py
[2024-07-17T13:54:03.919+0000] {processor.py:830} INFO - Processing file /home/airflow/.local/lib/python3.12/site-packages/airflow/example_dags/example_task_group_decorator.py for tasks to queue
[2024-07-17T13:54:03.921+0000] {logging_mixin.py:188} INFO - [2024-07-17T13:54:03.921+0000] {dagbag.py:545} INFO - Filling up the DagBag from /home/airflow/.local/lib/python3.12/site-packages/airflow/example_dags/example_task_group_decorator.py
[2024-07-17T13:54:03.941+0000] {processor.py:840} INFO - DAG(s) 'example_task_group_decorator' retrieved from /home/airflow/.local/lib/python3.12/site-packages/airflow/example_dags/example_task_group_decorator.py
[2024-07-17T13:54:03.973+0000] {logging_mixin.py:188} INFO - [2024-07-17T13:54:03.972+0000] {dag.py:3096} INFO - Sync 1 DAGs
[2024-07-17T13:54:03.996+0000] {logging_mixin.py:188} INFO - [2024-07-17T13:54:03.996+0000] {dag.py:3954} INFO - Setting next_dagrun for example_task_group_decorator to 2024-07-16 00:00:00+00:00, run_after=2024-07-17 00:00:00+00:00
[2024-07-17T13:54:04.017+0000] {processor.py:183} INFO - Processing /home/airflow/.local/lib/python3.12/site-packages/airflow/example_dags/example_task_group_decorator.py took 0.106 seconds
[2024-07-17T13:54:34.610+0000] {processor.py:161} INFO - Started process (PID=1525) to work on /home/airflow/.local/lib/python3.12/site-packages/airflow/example_dags/example_task_group_decorator.py
[2024-07-17T13:54:34.611+0000] {processor.py:830} INFO - Processing file /home/airflow/.local/lib/python3.12/site-packages/airflow/example_dags/example_task_group_decorator.py for tasks to queue
[2024-07-17T13:54:34.614+0000] {logging_mixin.py:188} INFO - [2024-07-17T13:54:34.613+0000] {dagbag.py:545} INFO - Filling up the DagBag from /home/airflow/.local/lib/python3.12/site-packages/airflow/example_dags/example_task_group_decorator.py
[2024-07-17T13:54:34.650+0000] {processor.py:840} INFO - DAG(s) 'example_task_group_decorator' retrieved from /home/airflow/.local/lib/python3.12/site-packages/airflow/example_dags/example_task_group_decorator.py
[2024-07-17T13:54:34.692+0000] {logging_mixin.py:188} INFO - [2024-07-17T13:54:34.692+0000] {dag.py:3096} INFO - Sync 1 DAGs
[2024-07-17T13:54:34.722+0000] {logging_mixin.py:188} INFO - [2024-07-17T13:54:34.722+0000] {dag.py:3954} INFO - Setting next_dagrun for example_task_group_decorator to 2024-07-16 00:00:00+00:00, run_after=2024-07-17 00:00:00+00:00
[2024-07-17T13:54:34.750+0000] {processor.py:183} INFO - Processing /home/airflow/.local/lib/python3.12/site-packages/airflow/example_dags/example_task_group_decorator.py took 0.149 seconds
[2024-07-17T13:55:05.100+0000] {processor.py:161} INFO - Started process (PID=1585) to work on /home/airflow/.local/lib/python3.12/site-packages/airflow/example_dags/example_task_group_decorator.py
[2024-07-17T13:55:05.101+0000] {processor.py:830} INFO - Processing file /home/airflow/.local/lib/python3.12/site-packages/airflow/example_dags/example_task_group_decorator.py for tasks to queue
[2024-07-17T13:55:05.103+0000] {logging_mixin.py:188} INFO - [2024-07-17T13:55:05.103+0000] {dagbag.py:545} INFO - Filling up the DagBag from /home/airflow/.local/lib/python3.12/site-packages/airflow/example_dags/example_task_group_decorator.py
[2024-07-17T13:55:05.124+0000] {processor.py:840} INFO - DAG(s) 'example_task_group_decorator' retrieved from /home/airflow/.local/lib/python3.12/site-packages/airflow/example_dags/example_task_group_decorator.py
[2024-07-17T13:55:05.163+0000] {logging_mixin.py:188} INFO - [2024-07-17T13:55:05.163+0000] {dag.py:3096} INFO - Sync 1 DAGs
[2024-07-17T13:55:05.194+0000] {logging_mixin.py:188} INFO - [2024-07-17T13:55:05.193+0000] {dag.py:3954} INFO - Setting next_dagrun for example_task_group_decorator to 2024-07-16 00:00:00+00:00, run_after=2024-07-17 00:00:00+00:00
[2024-07-17T13:55:05.230+0000] {processor.py:183} INFO - Processing /home/airflow/.local/lib/python3.12/site-packages/airflow/example_dags/example_task_group_decorator.py took 0.138 seconds
[2024-07-17T13:55:35.347+0000] {processor.py:161} INFO - Started process (PID=1645) to work on /home/airflow/.local/lib/python3.12/site-packages/airflow/example_dags/example_task_group_decorator.py
[2024-07-17T13:55:35.348+0000] {processor.py:830} INFO - Processing file /home/airflow/.local/lib/python3.12/site-packages/airflow/example_dags/example_task_group_decorator.py for tasks to queue
[2024-07-17T13:55:35.351+0000] {logging_mixin.py:188} INFO - [2024-07-17T13:55:35.351+0000] {dagbag.py:545} INFO - Filling up the DagBag from /home/airflow/.local/lib/python3.12/site-packages/airflow/example_dags/example_task_group_decorator.py
[2024-07-17T13:55:35.372+0000] {processor.py:840} INFO - DAG(s) 'example_task_group_decorator' retrieved from /home/airflow/.local/lib/python3.12/site-packages/airflow/example_dags/example_task_group_decorator.py
[2024-07-17T13:55:35.407+0000] {logging_mixin.py:188} INFO - [2024-07-17T13:55:35.407+0000] {dag.py:3096} INFO - Sync 1 DAGs
[2024-07-17T13:55:35.434+0000] {logging_mixin.py:188} INFO - [2024-07-17T13:55:35.434+0000] {dag.py:3954} INFO - Setting next_dagrun for example_task_group_decorator to 2024-07-16 00:00:00+00:00, run_after=2024-07-17 00:00:00+00:00
[2024-07-17T13:55:35.466+0000] {processor.py:183} INFO - Processing /home/airflow/.local/lib/python3.12/site-packages/airflow/example_dags/example_task_group_decorator.py took 0.128 seconds
[2024-07-17T13:56:05.745+0000] {processor.py:161} INFO - Started process (PID=1706) to work on /home/airflow/.local/lib/python3.12/site-packages/airflow/example_dags/example_task_group_decorator.py
[2024-07-17T13:56:05.746+0000] {processor.py:830} INFO - Processing file /home/airflow/.local/lib/python3.12/site-packages/airflow/example_dags/example_task_group_decorator.py for tasks to queue
[2024-07-17T13:56:05.748+0000] {logging_mixin.py:188} INFO - [2024-07-17T13:56:05.748+0000] {dagbag.py:545} INFO - Filling up the DagBag from /home/airflow/.local/lib/python3.12/site-packages/airflow/example_dags/example_task_group_decorator.py
[2024-07-17T13:56:05.771+0000] {processor.py:840} INFO - DAG(s) 'example_task_group_decorator' retrieved from /home/airflow/.local/lib/python3.12/site-packages/airflow/example_dags/example_task_group_decorator.py
[2024-07-17T13:56:05.810+0000] {logging_mixin.py:188} INFO - [2024-07-17T13:56:05.810+0000] {dag.py:3096} INFO - Sync 1 DAGs
[2024-07-17T13:56:05.834+0000] {logging_mixin.py:188} INFO - [2024-07-17T13:56:05.834+0000] {dag.py:3954} INFO - Setting next_dagrun for example_task_group_decorator to 2024-07-16 00:00:00+00:00, run_after=2024-07-17 00:00:00+00:00
[2024-07-17T13:56:05.863+0000] {processor.py:183} INFO - Processing /home/airflow/.local/lib/python3.12/site-packages/airflow/example_dags/example_task_group_decorator.py took 0.126 seconds
[2024-07-17T13:56:36.090+0000] {processor.py:161} INFO - Started process (PID=1766) to work on /home/airflow/.local/lib/python3.12/site-packages/airflow/example_dags/example_task_group_decorator.py
[2024-07-17T13:56:36.091+0000] {processor.py:830} INFO - Processing file /home/airflow/.local/lib/python3.12/site-packages/airflow/example_dags/example_task_group_decorator.py for tasks to queue
[2024-07-17T13:56:36.093+0000] {logging_mixin.py:188} INFO - [2024-07-17T13:56:36.093+0000] {dagbag.py:545} INFO - Filling up the DagBag from /home/airflow/.local/lib/python3.12/site-packages/airflow/example_dags/example_task_group_decorator.py
[2024-07-17T13:56:36.107+0000] {processor.py:840} INFO - DAG(s) 'example_task_group_decorator' retrieved from /home/airflow/.local/lib/python3.12/site-packages/airflow/example_dags/example_task_group_decorator.py
[2024-07-17T13:56:36.141+0000] {logging_mixin.py:188} INFO - [2024-07-17T13:56:36.140+0000] {dag.py:3096} INFO - Sync 1 DAGs
[2024-07-17T13:56:36.173+0000] {logging_mixin.py:188} INFO - [2024-07-17T13:56:36.173+0000] {dag.py:3954} INFO - Setting next_dagrun for example_task_group_decorator to 2024-07-16 00:00:00+00:00, run_after=2024-07-17 00:00:00+00:00
[2024-07-17T13:56:36.198+0000] {processor.py:183} INFO - Processing /home/airflow/.local/lib/python3.12/site-packages/airflow/example_dags/example_task_group_decorator.py took 0.113 seconds
[2024-07-17T13:57:06.899+0000] {processor.py:161} INFO - Started process (PID=1826) to work on /home/airflow/.local/lib/python3.12/site-packages/airflow/example_dags/example_task_group_decorator.py
[2024-07-17T13:57:06.900+0000] {processor.py:830} INFO - Processing file /home/airflow/.local/lib/python3.12/site-packages/airflow/example_dags/example_task_group_decorator.py for tasks to queue
[2024-07-17T13:57:06.902+0000] {logging_mixin.py:188} INFO - [2024-07-17T13:57:06.902+0000] {dagbag.py:545} INFO - Filling up the DagBag from /home/airflow/.local/lib/python3.12/site-packages/airflow/example_dags/example_task_group_decorator.py
[2024-07-17T13:57:06.914+0000] {processor.py:840} INFO - DAG(s) 'example_task_group_decorator' retrieved from /home/airflow/.local/lib/python3.12/site-packages/airflow/example_dags/example_task_group_decorator.py
[2024-07-17T13:57:07.062+0000] {logging_mixin.py:188} INFO - [2024-07-17T13:57:07.061+0000] {dag.py:3096} INFO - Sync 1 DAGs
[2024-07-17T13:57:07.093+0000] {logging_mixin.py:188} INFO - [2024-07-17T13:57:07.093+0000] {dag.py:3954} INFO - Setting next_dagrun for example_task_group_decorator to 2024-07-16 00:00:00+00:00, run_after=2024-07-17 00:00:00+00:00
[2024-07-17T13:57:07.115+0000] {processor.py:183} INFO - Processing /home/airflow/.local/lib/python3.12/site-packages/airflow/example_dags/example_task_group_decorator.py took 0.221 seconds
[2024-07-17T13:57:37.584+0000] {processor.py:161} INFO - Started process (PID=1886) to work on /home/airflow/.local/lib/python3.12/site-packages/airflow/example_dags/example_task_group_decorator.py
[2024-07-17T13:57:37.585+0000] {processor.py:830} INFO - Processing file /home/airflow/.local/lib/python3.12/site-packages/airflow/example_dags/example_task_group_decorator.py for tasks to queue
[2024-07-17T13:57:37.588+0000] {logging_mixin.py:188} INFO - [2024-07-17T13:57:37.588+0000] {dagbag.py:545} INFO - Filling up the DagBag from /home/airflow/.local/lib/python3.12/site-packages/airflow/example_dags/example_task_group_decorator.py
[2024-07-17T13:57:37.613+0000] {processor.py:840} INFO - DAG(s) 'example_task_group_decorator' retrieved from /home/airflow/.local/lib/python3.12/site-packages/airflow/example_dags/example_task_group_decorator.py
[2024-07-17T13:57:37.650+0000] {logging_mixin.py:188} INFO - [2024-07-17T13:57:37.649+0000] {dag.py:3096} INFO - Sync 1 DAGs
[2024-07-17T13:57:37.850+0000] {logging_mixin.py:188} INFO - [2024-07-17T13:57:37.850+0000] {dag.py:3954} INFO - Setting next_dagrun for example_task_group_decorator to 2024-07-16 00:00:00+00:00, run_after=2024-07-17 00:00:00+00:00
[2024-07-17T13:57:37.875+0000] {processor.py:183} INFO - Processing /home/airflow/.local/lib/python3.12/site-packages/airflow/example_dags/example_task_group_decorator.py took 0.299 seconds
[2024-07-17T13:58:08.423+0000] {processor.py:161} INFO - Started process (PID=1947) to work on /home/airflow/.local/lib/python3.12/site-packages/airflow/example_dags/example_task_group_decorator.py
[2024-07-17T13:58:08.424+0000] {processor.py:830} INFO - Processing file /home/airflow/.local/lib/python3.12/site-packages/airflow/example_dags/example_task_group_decorator.py for tasks to queue
[2024-07-17T13:58:08.426+0000] {logging_mixin.py:188} INFO - [2024-07-17T13:58:08.425+0000] {dagbag.py:545} INFO - Filling up the DagBag from /home/airflow/.local/lib/python3.12/site-packages/airflow/example_dags/example_task_group_decorator.py
[2024-07-17T13:58:08.445+0000] {processor.py:840} INFO - DAG(s) 'example_task_group_decorator' retrieved from /home/airflow/.local/lib/python3.12/site-packages/airflow/example_dags/example_task_group_decorator.py
[2024-07-17T13:58:08.476+0000] {logging_mixin.py:188} INFO - [2024-07-17T13:58:08.476+0000] {dag.py:3096} INFO - Sync 1 DAGs
[2024-07-17T13:58:08.503+0000] {logging_mixin.py:188} INFO - [2024-07-17T13:58:08.502+0000] {dag.py:3954} INFO - Setting next_dagrun for example_task_group_decorator to 2024-07-16 00:00:00+00:00, run_after=2024-07-17 00:00:00+00:00
[2024-07-17T13:58:08.529+0000] {processor.py:183} INFO - Processing /home/airflow/.local/lib/python3.12/site-packages/airflow/example_dags/example_task_group_decorator.py took 0.114 seconds
[2024-07-17T13:58:38.574+0000] {processor.py:161} INFO - Started process (PID=2007) to work on /home/airflow/.local/lib/python3.12/site-packages/airflow/example_dags/example_task_group_decorator.py
[2024-07-17T13:58:38.575+0000] {processor.py:830} INFO - Processing file /home/airflow/.local/lib/python3.12/site-packages/airflow/example_dags/example_task_group_decorator.py for tasks to queue
[2024-07-17T13:58:38.577+0000] {logging_mixin.py:188} INFO - [2024-07-17T13:58:38.577+0000] {dagbag.py:545} INFO - Filling up the DagBag from /home/airflow/.local/lib/python3.12/site-packages/airflow/example_dags/example_task_group_decorator.py
[2024-07-17T13:58:38.594+0000] {processor.py:840} INFO - DAG(s) 'example_task_group_decorator' retrieved from /home/airflow/.local/lib/python3.12/site-packages/airflow/example_dags/example_task_group_decorator.py
[2024-07-17T13:58:38.620+0000] {logging_mixin.py:188} INFO - [2024-07-17T13:58:38.620+0000] {dag.py:3096} INFO - Sync 1 DAGs
[2024-07-17T13:58:38.641+0000] {logging_mixin.py:188} INFO - [2024-07-17T13:58:38.641+0000] {dag.py:3954} INFO - Setting next_dagrun for example_task_group_decorator to 2024-07-16 00:00:00+00:00, run_after=2024-07-17 00:00:00+00:00
[2024-07-17T13:58:38.669+0000] {processor.py:183} INFO - Processing /home/airflow/.local/lib/python3.12/site-packages/airflow/example_dags/example_task_group_decorator.py took 0.100 seconds
[2024-07-17T13:59:08.788+0000] {processor.py:161} INFO - Started process (PID=2067) to work on /home/airflow/.local/lib/python3.12/site-packages/airflow/example_dags/example_task_group_decorator.py
[2024-07-17T13:59:08.789+0000] {processor.py:830} INFO - Processing file /home/airflow/.local/lib/python3.12/site-packages/airflow/example_dags/example_task_group_decorator.py for tasks to queue
[2024-07-17T13:59:08.791+0000] {logging_mixin.py:188} INFO - [2024-07-17T13:59:08.791+0000] {dagbag.py:545} INFO - Filling up the DagBag from /home/airflow/.local/lib/python3.12/site-packages/airflow/example_dags/example_task_group_decorator.py
[2024-07-17T13:59:08.812+0000] {processor.py:840} INFO - DAG(s) 'example_task_group_decorator' retrieved from /home/airflow/.local/lib/python3.12/site-packages/airflow/example_dags/example_task_group_decorator.py
[2024-07-17T13:59:08.853+0000] {logging_mixin.py:188} INFO - [2024-07-17T13:59:08.853+0000] {dag.py:3096} INFO - Sync 1 DAGs
[2024-07-17T13:59:08.904+0000] {logging_mixin.py:188} INFO - [2024-07-17T13:59:08.903+0000] {dag.py:3954} INFO - Setting next_dagrun for example_task_group_decorator to 2024-07-16 00:00:00+00:00, run_after=2024-07-17 00:00:00+00:00
[2024-07-17T13:59:08.936+0000] {processor.py:183} INFO - Processing /home/airflow/.local/lib/python3.12/site-packages/airflow/example_dags/example_task_group_decorator.py took 0.156 seconds
[2024-07-17T13:59:39.254+0000] {processor.py:161} INFO - Started process (PID=2128) to work on /home/airflow/.local/lib/python3.12/site-packages/airflow/example_dags/example_task_group_decorator.py
[2024-07-17T13:59:39.255+0000] {processor.py:830} INFO - Processing file /home/airflow/.local/lib/python3.12/site-packages/airflow/example_dags/example_task_group_decorator.py for tasks to queue
[2024-07-17T13:59:39.256+0000] {logging_mixin.py:188} INFO - [2024-07-17T13:59:39.256+0000] {dagbag.py:545} INFO - Filling up the DagBag from /home/airflow/.local/lib/python3.12/site-packages/airflow/example_dags/example_task_group_decorator.py
[2024-07-17T13:59:39.278+0000] {processor.py:840} INFO - DAG(s) 'example_task_group_decorator' retrieved from /home/airflow/.local/lib/python3.12/site-packages/airflow/example_dags/example_task_group_decorator.py
[2024-07-17T13:59:39.315+0000] {logging_mixin.py:188} INFO - [2024-07-17T13:59:39.314+0000] {dag.py:3096} INFO - Sync 1 DAGs
[2024-07-17T13:59:39.351+0000] {logging_mixin.py:188} INFO - [2024-07-17T13:59:39.351+0000] {dag.py:3954} INFO - Setting next_dagrun for example_task_group_decorator to 2024-07-16 00:00:00+00:00, run_after=2024-07-17 00:00:00+00:00
[2024-07-17T13:59:39.390+0000] {processor.py:183} INFO - Processing /home/airflow/.local/lib/python3.12/site-packages/airflow/example_dags/example_task_group_decorator.py took 0.144 seconds
[2024-07-17T14:00:09.692+0000] {processor.py:161} INFO - Started process (PID=2188) to work on /home/airflow/.local/lib/python3.12/site-packages/airflow/example_dags/example_task_group_decorator.py
[2024-07-17T14:00:09.693+0000] {processor.py:830} INFO - Processing file /home/airflow/.local/lib/python3.12/site-packages/airflow/example_dags/example_task_group_decorator.py for tasks to queue
[2024-07-17T14:00:09.695+0000] {logging_mixin.py:188} INFO - [2024-07-17T14:00:09.695+0000] {dagbag.py:545} INFO - Filling up the DagBag from /home/airflow/.local/lib/python3.12/site-packages/airflow/example_dags/example_task_group_decorator.py
[2024-07-17T14:00:09.714+0000] {processor.py:840} INFO - DAG(s) 'example_task_group_decorator' retrieved from /home/airflow/.local/lib/python3.12/site-packages/airflow/example_dags/example_task_group_decorator.py
[2024-07-17T14:00:09.743+0000] {logging_mixin.py:188} INFO - [2024-07-17T14:00:09.743+0000] {dag.py:3096} INFO - Sync 1 DAGs
[2024-07-17T14:00:09.765+0000] {logging_mixin.py:188} INFO - [2024-07-17T14:00:09.765+0000] {dag.py:3954} INFO - Setting next_dagrun for example_task_group_decorator to 2024-07-16 00:00:00+00:00, run_after=2024-07-17 00:00:00+00:00
[2024-07-17T14:00:09.788+0000] {processor.py:183} INFO - Processing /home/airflow/.local/lib/python3.12/site-packages/airflow/example_dags/example_task_group_decorator.py took 0.102 seconds
[2024-07-17T14:00:40.006+0000] {processor.py:161} INFO - Started process (PID=2248) to work on /home/airflow/.local/lib/python3.12/site-packages/airflow/example_dags/example_task_group_decorator.py
[2024-07-17T14:00:40.010+0000] {processor.py:830} INFO - Processing file /home/airflow/.local/lib/python3.12/site-packages/airflow/example_dags/example_task_group_decorator.py for tasks to queue
[2024-07-17T14:00:40.013+0000] {logging_mixin.py:188} INFO - [2024-07-17T14:00:40.012+0000] {dagbag.py:545} INFO - Filling up the DagBag from /home/airflow/.local/lib/python3.12/site-packages/airflow/example_dags/example_task_group_decorator.py
[2024-07-17T14:00:40.060+0000] {processor.py:840} INFO - DAG(s) 'example_task_group_decorator' retrieved from /home/airflow/.local/lib/python3.12/site-packages/airflow/example_dags/example_task_group_decorator.py
[2024-07-17T14:00:40.126+0000] {logging_mixin.py:188} INFO - [2024-07-17T14:00:40.125+0000] {dag.py:3096} INFO - Sync 1 DAGs
[2024-07-17T14:00:40.174+0000] {logging_mixin.py:188} INFO - [2024-07-17T14:00:40.174+0000] {dag.py:3954} INFO - Setting next_dagrun for example_task_group_decorator to 2024-07-16 00:00:00+00:00, run_after=2024-07-17 00:00:00+00:00
[2024-07-17T14:00:40.201+0000] {processor.py:183} INFO - Processing /home/airflow/.local/lib/python3.12/site-packages/airflow/example_dags/example_task_group_decorator.py took 0.214 seconds
[2024-07-17T14:01:10.377+0000] {processor.py:161} INFO - Started process (PID=2308) to work on /home/airflow/.local/lib/python3.12/site-packages/airflow/example_dags/example_task_group_decorator.py
[2024-07-17T14:01:10.378+0000] {processor.py:830} INFO - Processing file /home/airflow/.local/lib/python3.12/site-packages/airflow/example_dags/example_task_group_decorator.py for tasks to queue
[2024-07-17T14:01:10.380+0000] {logging_mixin.py:188} INFO - [2024-07-17T14:01:10.380+0000] {dagbag.py:545} INFO - Filling up the DagBag from /home/airflow/.local/lib/python3.12/site-packages/airflow/example_dags/example_task_group_decorator.py
[2024-07-17T14:01:10.401+0000] {processor.py:840} INFO - DAG(s) 'example_task_group_decorator' retrieved from /home/airflow/.local/lib/python3.12/site-packages/airflow/example_dags/example_task_group_decorator.py
[2024-07-17T14:01:10.440+0000] {logging_mixin.py:188} INFO - [2024-07-17T14:01:10.439+0000] {dag.py:3096} INFO - Sync 1 DAGs
[2024-07-17T14:01:10.472+0000] {logging_mixin.py:188} INFO - [2024-07-17T14:01:10.472+0000] {dag.py:3954} INFO - Setting next_dagrun for example_task_group_decorator to 2024-07-16 00:00:00+00:00, run_after=2024-07-17 00:00:00+00:00
[2024-07-17T14:01:10.498+0000] {processor.py:183} INFO - Processing /home/airflow/.local/lib/python3.12/site-packages/airflow/example_dags/example_task_group_decorator.py took 0.128 seconds
[2024-07-17T14:01:40.798+0000] {processor.py:161} INFO - Started process (PID=2368) to work on /home/airflow/.local/lib/python3.12/site-packages/airflow/example_dags/example_task_group_decorator.py
[2024-07-17T14:01:40.799+0000] {processor.py:830} INFO - Processing file /home/airflow/.local/lib/python3.12/site-packages/airflow/example_dags/example_task_group_decorator.py for tasks to queue
[2024-07-17T14:01:40.801+0000] {logging_mixin.py:188} INFO - [2024-07-17T14:01:40.801+0000] {dagbag.py:545} INFO - Filling up the DagBag from /home/airflow/.local/lib/python3.12/site-packages/airflow/example_dags/example_task_group_decorator.py
[2024-07-17T14:01:40.821+0000] {processor.py:840} INFO - DAG(s) 'example_task_group_decorator' retrieved from /home/airflow/.local/lib/python3.12/site-packages/airflow/example_dags/example_task_group_decorator.py
[2024-07-17T14:01:40.858+0000] {logging_mixin.py:188} INFO - [2024-07-17T14:01:40.857+0000] {dag.py:3096} INFO - Sync 1 DAGs
[2024-07-17T14:01:40.891+0000] {logging_mixin.py:188} INFO - [2024-07-17T14:01:40.891+0000] {dag.py:3954} INFO - Setting next_dagrun for example_task_group_decorator to 2024-07-16 00:00:00+00:00, run_after=2024-07-17 00:00:00+00:00
[2024-07-17T14:01:40.925+0000] {processor.py:183} INFO - Processing /home/airflow/.local/lib/python3.12/site-packages/airflow/example_dags/example_task_group_decorator.py took 0.136 seconds
[2024-07-17T14:04:03.027+0000] {processor.py:161} INFO - Started process (PID=2426) to work on /home/airflow/.local/lib/python3.12/site-packages/airflow/example_dags/example_task_group_decorator.py
[2024-07-17T14:04:03.044+0000] {processor.py:830} INFO - Processing file /home/airflow/.local/lib/python3.12/site-packages/airflow/example_dags/example_task_group_decorator.py for tasks to queue
[2024-07-17T14:04:03.061+0000] {logging_mixin.py:188} INFO - [2024-07-17T14:04:03.061+0000] {dagbag.py:545} INFO - Filling up the DagBag from /home/airflow/.local/lib/python3.12/site-packages/airflow/example_dags/example_task_group_decorator.py
[2024-07-17T14:04:03.106+0000] {processor.py:840} INFO - DAG(s) 'example_task_group_decorator' retrieved from /home/airflow/.local/lib/python3.12/site-packages/airflow/example_dags/example_task_group_decorator.py
[2024-07-17T14:04:03.211+0000] {logging_mixin.py:188} INFO - [2024-07-17T14:04:03.211+0000] {dag.py:3096} INFO - Sync 1 DAGs
[2024-07-17T14:04:03.304+0000] {logging_mixin.py:188} INFO - [2024-07-17T14:04:03.304+0000] {dag.py:3954} INFO - Setting next_dagrun for example_task_group_decorator to 2024-07-16 00:00:00+00:00, run_after=2024-07-17 00:00:00+00:00
[2024-07-17T14:04:03.376+0000] {processor.py:183} INFO - Processing /home/airflow/.local/lib/python3.12/site-packages/airflow/example_dags/example_task_group_decorator.py took 0.358 seconds
[2024-07-17T14:04:33.888+0000] {processor.py:161} INFO - Started process (PID=2487) to work on /home/airflow/.local/lib/python3.12/site-packages/airflow/example_dags/example_task_group_decorator.py
[2024-07-17T14:04:33.889+0000] {processor.py:830} INFO - Processing file /home/airflow/.local/lib/python3.12/site-packages/airflow/example_dags/example_task_group_decorator.py for tasks to queue
[2024-07-17T14:04:33.892+0000] {logging_mixin.py:188} INFO - [2024-07-17T14:04:33.891+0000] {dagbag.py:545} INFO - Filling up the DagBag from /home/airflow/.local/lib/python3.12/site-packages/airflow/example_dags/example_task_group_decorator.py
[2024-07-17T14:04:33.917+0000] {processor.py:840} INFO - DAG(s) 'example_task_group_decorator' retrieved from /home/airflow/.local/lib/python3.12/site-packages/airflow/example_dags/example_task_group_decorator.py
[2024-07-17T14:04:33.958+0000] {logging_mixin.py:188} INFO - [2024-07-17T14:04:33.957+0000] {dag.py:3096} INFO - Sync 1 DAGs
[2024-07-17T14:04:33.991+0000] {logging_mixin.py:188} INFO - [2024-07-17T14:04:33.991+0000] {dag.py:3954} INFO - Setting next_dagrun for example_task_group_decorator to 2024-07-16 00:00:00+00:00, run_after=2024-07-17 00:00:00+00:00
[2024-07-17T14:04:34.021+0000] {processor.py:183} INFO - Processing /home/airflow/.local/lib/python3.12/site-packages/airflow/example_dags/example_task_group_decorator.py took 0.139 seconds
[2024-07-17T14:05:04.512+0000] {processor.py:161} INFO - Started process (PID=2548) to work on /home/airflow/.local/lib/python3.12/site-packages/airflow/example_dags/example_task_group_decorator.py
[2024-07-17T14:05:04.515+0000] {processor.py:830} INFO - Processing file /home/airflow/.local/lib/python3.12/site-packages/airflow/example_dags/example_task_group_decorator.py for tasks to queue
[2024-07-17T14:05:04.518+0000] {logging_mixin.py:188} INFO - [2024-07-17T14:05:04.518+0000] {dagbag.py:545} INFO - Filling up the DagBag from /home/airflow/.local/lib/python3.12/site-packages/airflow/example_dags/example_task_group_decorator.py
[2024-07-17T14:05:04.546+0000] {processor.py:840} INFO - DAG(s) 'example_task_group_decorator' retrieved from /home/airflow/.local/lib/python3.12/site-packages/airflow/example_dags/example_task_group_decorator.py
[2024-07-17T14:05:04.579+0000] {logging_mixin.py:188} INFO - [2024-07-17T14:05:04.579+0000] {dag.py:3096} INFO - Sync 1 DAGs
[2024-07-17T14:05:04.605+0000] {logging_mixin.py:188} INFO - [2024-07-17T14:05:04.604+0000] {dag.py:3954} INFO - Setting next_dagrun for example_task_group_decorator to 2024-07-16 00:00:00+00:00, run_after=2024-07-17 00:00:00+00:00
[2024-07-17T14:05:04.626+0000] {processor.py:183} INFO - Processing /home/airflow/.local/lib/python3.12/site-packages/airflow/example_dags/example_task_group_decorator.py took 0.123 seconds
[2024-07-17T14:05:35.356+0000] {processor.py:161} INFO - Started process (PID=2608) to work on /home/airflow/.local/lib/python3.12/site-packages/airflow/example_dags/example_task_group_decorator.py
[2024-07-17T14:05:35.357+0000] {processor.py:830} INFO - Processing file /home/airflow/.local/lib/python3.12/site-packages/airflow/example_dags/example_task_group_decorator.py for tasks to queue
[2024-07-17T14:05:35.359+0000] {logging_mixin.py:188} INFO - [2024-07-17T14:05:35.359+0000] {dagbag.py:545} INFO - Filling up the DagBag from /home/airflow/.local/lib/python3.12/site-packages/airflow/example_dags/example_task_group_decorator.py
[2024-07-17T14:05:35.371+0000] {processor.py:840} INFO - DAG(s) 'example_task_group_decorator' retrieved from /home/airflow/.local/lib/python3.12/site-packages/airflow/example_dags/example_task_group_decorator.py
[2024-07-17T14:05:35.396+0000] {logging_mixin.py:188} INFO - [2024-07-17T14:05:35.396+0000] {dag.py:3096} INFO - Sync 1 DAGs
[2024-07-17T14:05:35.417+0000] {logging_mixin.py:188} INFO - [2024-07-17T14:05:35.417+0000] {dag.py:3954} INFO - Setting next_dagrun for example_task_group_decorator to 2024-07-16 00:00:00+00:00, run_after=2024-07-17 00:00:00+00:00
[2024-07-17T14:05:35.436+0000] {processor.py:183} INFO - Processing /home/airflow/.local/lib/python3.12/site-packages/airflow/example_dags/example_task_group_decorator.py took 0.085 seconds
[2024-07-17T14:06:06.473+0000] {processor.py:161} INFO - Started process (PID=2669) to work on /home/airflow/.local/lib/python3.12/site-packages/airflow/example_dags/example_task_group_decorator.py
[2024-07-17T14:06:06.475+0000] {processor.py:830} INFO - Processing file /home/airflow/.local/lib/python3.12/site-packages/airflow/example_dags/example_task_group_decorator.py for tasks to queue
[2024-07-17T14:06:06.479+0000] {logging_mixin.py:188} INFO - [2024-07-17T14:06:06.478+0000] {dagbag.py:545} INFO - Filling up the DagBag from /home/airflow/.local/lib/python3.12/site-packages/airflow/example_dags/example_task_group_decorator.py
[2024-07-17T14:06:06.515+0000] {processor.py:840} INFO - DAG(s) 'example_task_group_decorator' retrieved from /home/airflow/.local/lib/python3.12/site-packages/airflow/example_dags/example_task_group_decorator.py
[2024-07-17T14:06:06.575+0000] {logging_mixin.py:188} INFO - [2024-07-17T14:06:06.574+0000] {dag.py:3096} INFO - Sync 1 DAGs
[2024-07-17T14:06:06.622+0000] {logging_mixin.py:188} INFO - [2024-07-17T14:06:06.622+0000] {dag.py:3954} INFO - Setting next_dagrun for example_task_group_decorator to 2024-07-16 00:00:00+00:00, run_after=2024-07-17 00:00:00+00:00
[2024-07-17T14:06:06.666+0000] {processor.py:183} INFO - Processing /home/airflow/.local/lib/python3.12/site-packages/airflow/example_dags/example_task_group_decorator.py took 0.205 seconds
[2024-07-17T14:06:36.821+0000] {processor.py:161} INFO - Started process (PID=2729) to work on /home/airflow/.local/lib/python3.12/site-packages/airflow/example_dags/example_task_group_decorator.py
[2024-07-17T14:06:36.823+0000] {processor.py:830} INFO - Processing file /home/airflow/.local/lib/python3.12/site-packages/airflow/example_dags/example_task_group_decorator.py for tasks to queue
[2024-07-17T14:06:36.827+0000] {logging_mixin.py:188} INFO - [2024-07-17T14:06:36.826+0000] {dagbag.py:545} INFO - Filling up the DagBag from /home/airflow/.local/lib/python3.12/site-packages/airflow/example_dags/example_task_group_decorator.py
[2024-07-17T14:06:36.853+0000] {processor.py:840} INFO - DAG(s) 'example_task_group_decorator' retrieved from /home/airflow/.local/lib/python3.12/site-packages/airflow/example_dags/example_task_group_decorator.py
[2024-07-17T14:06:36.906+0000] {logging_mixin.py:188} INFO - [2024-07-17T14:06:36.906+0000] {dag.py:3096} INFO - Sync 1 DAGs
[2024-07-17T14:06:36.948+0000] {logging_mixin.py:188} INFO - [2024-07-17T14:06:36.948+0000] {dag.py:3954} INFO - Setting next_dagrun for example_task_group_decorator to 2024-07-16 00:00:00+00:00, run_after=2024-07-17 00:00:00+00:00
[2024-07-17T14:06:36.996+0000] {processor.py:183} INFO - Processing /home/airflow/.local/lib/python3.12/site-packages/airflow/example_dags/example_task_group_decorator.py took 0.186 seconds
[2024-07-17T14:07:07.477+0000] {processor.py:161} INFO - Started process (PID=2789) to work on /home/airflow/.local/lib/python3.12/site-packages/airflow/example_dags/example_task_group_decorator.py
[2024-07-17T14:07:07.479+0000] {processor.py:830} INFO - Processing file /home/airflow/.local/lib/python3.12/site-packages/airflow/example_dags/example_task_group_decorator.py for tasks to queue
[2024-07-17T14:07:07.484+0000] {logging_mixin.py:188} INFO - [2024-07-17T14:07:07.483+0000] {dagbag.py:545} INFO - Filling up the DagBag from /home/airflow/.local/lib/python3.12/site-packages/airflow/example_dags/example_task_group_decorator.py
[2024-07-17T14:07:07.528+0000] {processor.py:840} INFO - DAG(s) 'example_task_group_decorator' retrieved from /home/airflow/.local/lib/python3.12/site-packages/airflow/example_dags/example_task_group_decorator.py
[2024-07-17T14:07:07.597+0000] {logging_mixin.py:188} INFO - [2024-07-17T14:07:07.597+0000] {dag.py:3096} INFO - Sync 1 DAGs
[2024-07-17T14:07:07.656+0000] {logging_mixin.py:188} INFO - [2024-07-17T14:07:07.655+0000] {dag.py:3954} INFO - Setting next_dagrun for example_task_group_decorator to 2024-07-16 00:00:00+00:00, run_after=2024-07-17 00:00:00+00:00
[2024-07-17T14:07:07.706+0000] {processor.py:183} INFO - Processing /home/airflow/.local/lib/python3.12/site-packages/airflow/example_dags/example_task_group_decorator.py took 0.244 seconds
[2024-07-17T14:07:38.016+0000] {processor.py:161} INFO - Started process (PID=2848) to work on /home/airflow/.local/lib/python3.12/site-packages/airflow/example_dags/example_task_group_decorator.py
[2024-07-17T14:07:38.018+0000] {processor.py:830} INFO - Processing file /home/airflow/.local/lib/python3.12/site-packages/airflow/example_dags/example_task_group_decorator.py for tasks to queue
[2024-07-17T14:07:38.023+0000] {logging_mixin.py:188} INFO - [2024-07-17T14:07:38.021+0000] {dagbag.py:545} INFO - Filling up the DagBag from /home/airflow/.local/lib/python3.12/site-packages/airflow/example_dags/example_task_group_decorator.py
[2024-07-17T14:07:38.059+0000] {processor.py:840} INFO - DAG(s) 'example_task_group_decorator' retrieved from /home/airflow/.local/lib/python3.12/site-packages/airflow/example_dags/example_task_group_decorator.py
[2024-07-17T14:07:38.154+0000] {logging_mixin.py:188} INFO - [2024-07-17T14:07:38.151+0000] {dag.py:3096} INFO - Sync 1 DAGs
[2024-07-17T14:07:38.218+0000] {logging_mixin.py:188} INFO - [2024-07-17T14:07:38.217+0000] {dag.py:3954} INFO - Setting next_dagrun for example_task_group_decorator to 2024-07-16 00:00:00+00:00, run_after=2024-07-17 00:00:00+00:00
[2024-07-17T14:07:38.265+0000] {processor.py:183} INFO - Processing /home/airflow/.local/lib/python3.12/site-packages/airflow/example_dags/example_task_group_decorator.py took 0.263 seconds
[2024-07-17T14:08:08.766+0000] {processor.py:161} INFO - Started process (PID=2907) to work on /home/airflow/.local/lib/python3.12/site-packages/airflow/example_dags/example_task_group_decorator.py
[2024-07-17T14:08:08.768+0000] {processor.py:830} INFO - Processing file /home/airflow/.local/lib/python3.12/site-packages/airflow/example_dags/example_task_group_decorator.py for tasks to queue
[2024-07-17T14:08:08.772+0000] {logging_mixin.py:188} INFO - [2024-07-17T14:08:08.771+0000] {dagbag.py:545} INFO - Filling up the DagBag from /home/airflow/.local/lib/python3.12/site-packages/airflow/example_dags/example_task_group_decorator.py
[2024-07-17T14:08:08.808+0000] {processor.py:840} INFO - DAG(s) 'example_task_group_decorator' retrieved from /home/airflow/.local/lib/python3.12/site-packages/airflow/example_dags/example_task_group_decorator.py
[2024-07-17T14:08:08.878+0000] {logging_mixin.py:188} INFO - [2024-07-17T14:08:08.877+0000] {dag.py:3096} INFO - Sync 1 DAGs
[2024-07-17T14:08:08.941+0000] {logging_mixin.py:188} INFO - [2024-07-17T14:08:08.940+0000] {dag.py:3954} INFO - Setting next_dagrun for example_task_group_decorator to 2024-07-16 00:00:00+00:00, run_after=2024-07-17 00:00:00+00:00
[2024-07-17T14:08:08.981+0000] {processor.py:183} INFO - Processing /home/airflow/.local/lib/python3.12/site-packages/airflow/example_dags/example_task_group_decorator.py took 0.229 seconds
[2024-07-17T14:08:39.126+0000] {processor.py:161} INFO - Started process (PID=2967) to work on /home/airflow/.local/lib/python3.12/site-packages/airflow/example_dags/example_task_group_decorator.py
[2024-07-17T14:08:39.128+0000] {processor.py:830} INFO - Processing file /home/airflow/.local/lib/python3.12/site-packages/airflow/example_dags/example_task_group_decorator.py for tasks to queue
[2024-07-17T14:08:39.133+0000] {logging_mixin.py:188} INFO - [2024-07-17T14:08:39.132+0000] {dagbag.py:545} INFO - Filling up the DagBag from /home/airflow/.local/lib/python3.12/site-packages/airflow/example_dags/example_task_group_decorator.py
[2024-07-17T14:08:39.203+0000] {processor.py:840} INFO - DAG(s) 'example_task_group_decorator' retrieved from /home/airflow/.local/lib/python3.12/site-packages/airflow/example_dags/example_task_group_decorator.py
[2024-07-17T14:08:39.294+0000] {logging_mixin.py:188} INFO - [2024-07-17T14:08:39.290+0000] {dag.py:3096} INFO - Sync 1 DAGs
[2024-07-17T14:08:39.352+0000] {logging_mixin.py:188} INFO - [2024-07-17T14:08:39.351+0000] {dag.py:3954} INFO - Setting next_dagrun for example_task_group_decorator to 2024-07-16 00:00:00+00:00, run_after=2024-07-17 00:00:00+00:00
[2024-07-17T14:08:39.397+0000] {processor.py:183} INFO - Processing /home/airflow/.local/lib/python3.12/site-packages/airflow/example_dags/example_task_group_decorator.py took 0.290 seconds
[2024-07-17T14:09:09.674+0000] {processor.py:161} INFO - Started process (PID=3027) to work on /home/airflow/.local/lib/python3.12/site-packages/airflow/example_dags/example_task_group_decorator.py
[2024-07-17T14:09:09.675+0000] {processor.py:830} INFO - Processing file /home/airflow/.local/lib/python3.12/site-packages/airflow/example_dags/example_task_group_decorator.py for tasks to queue
[2024-07-17T14:09:09.680+0000] {logging_mixin.py:188} INFO - [2024-07-17T14:09:09.679+0000] {dagbag.py:545} INFO - Filling up the DagBag from /home/airflow/.local/lib/python3.12/site-packages/airflow/example_dags/example_task_group_decorator.py
[2024-07-17T14:09:09.712+0000] {processor.py:840} INFO - DAG(s) 'example_task_group_decorator' retrieved from /home/airflow/.local/lib/python3.12/site-packages/airflow/example_dags/example_task_group_decorator.py
[2024-07-17T14:09:09.769+0000] {logging_mixin.py:188} INFO - [2024-07-17T14:09:09.769+0000] {dag.py:3096} INFO - Sync 1 DAGs
[2024-07-17T14:09:09.815+0000] {logging_mixin.py:188} INFO - [2024-07-17T14:09:09.815+0000] {dag.py:3954} INFO - Setting next_dagrun for example_task_group_decorator to 2024-07-16 00:00:00+00:00, run_after=2024-07-17 00:00:00+00:00
[2024-07-17T14:09:09.852+0000] {processor.py:183} INFO - Processing /home/airflow/.local/lib/python3.12/site-packages/airflow/example_dags/example_task_group_decorator.py took 0.191 seconds
[2024-07-17T14:09:40.004+0000] {processor.py:161} INFO - Started process (PID=3087) to work on /home/airflow/.local/lib/python3.12/site-packages/airflow/example_dags/example_task_group_decorator.py
[2024-07-17T14:09:40.005+0000] {processor.py:830} INFO - Processing file /home/airflow/.local/lib/python3.12/site-packages/airflow/example_dags/example_task_group_decorator.py for tasks to queue
[2024-07-17T14:09:40.009+0000] {logging_mixin.py:188} INFO - [2024-07-17T14:09:40.009+0000] {dagbag.py:545} INFO - Filling up the DagBag from /home/airflow/.local/lib/python3.12/site-packages/airflow/example_dags/example_task_group_decorator.py
[2024-07-17T14:09:40.039+0000] {processor.py:840} INFO - DAG(s) 'example_task_group_decorator' retrieved from /home/airflow/.local/lib/python3.12/site-packages/airflow/example_dags/example_task_group_decorator.py
[2024-07-17T14:09:40.092+0000] {logging_mixin.py:188} INFO - [2024-07-17T14:09:40.091+0000] {dag.py:3096} INFO - Sync 1 DAGs
[2024-07-17T14:09:40.141+0000] {logging_mixin.py:188} INFO - [2024-07-17T14:09:40.141+0000] {dag.py:3954} INFO - Setting next_dagrun for example_task_group_decorator to 2024-07-16 00:00:00+00:00, run_after=2024-07-17 00:00:00+00:00
[2024-07-17T14:09:40.185+0000] {processor.py:183} INFO - Processing /home/airflow/.local/lib/python3.12/site-packages/airflow/example_dags/example_task_group_decorator.py took 0.191 seconds
[2024-07-17T14:10:10.382+0000] {processor.py:161} INFO - Started process (PID=3147) to work on /home/airflow/.local/lib/python3.12/site-packages/airflow/example_dags/example_task_group_decorator.py
[2024-07-17T14:10:10.383+0000] {processor.py:830} INFO - Processing file /home/airflow/.local/lib/python3.12/site-packages/airflow/example_dags/example_task_group_decorator.py for tasks to queue
[2024-07-17T14:10:10.387+0000] {logging_mixin.py:188} INFO - [2024-07-17T14:10:10.386+0000] {dagbag.py:545} INFO - Filling up the DagBag from /home/airflow/.local/lib/python3.12/site-packages/airflow/example_dags/example_task_group_decorator.py
[2024-07-17T14:10:10.422+0000] {processor.py:840} INFO - DAG(s) 'example_task_group_decorator' retrieved from /home/airflow/.local/lib/python3.12/site-packages/airflow/example_dags/example_task_group_decorator.py
[2024-07-17T14:10:10.481+0000] {logging_mixin.py:188} INFO - [2024-07-17T14:10:10.480+0000] {dag.py:3096} INFO - Sync 1 DAGs
[2024-07-17T14:10:10.526+0000] {logging_mixin.py:188} INFO - [2024-07-17T14:10:10.526+0000] {dag.py:3954} INFO - Setting next_dagrun for example_task_group_decorator to 2024-07-16 00:00:00+00:00, run_after=2024-07-17 00:00:00+00:00
[2024-07-17T14:10:10.566+0000] {processor.py:183} INFO - Processing /home/airflow/.local/lib/python3.12/site-packages/airflow/example_dags/example_task_group_decorator.py took 0.197 seconds
[2024-07-17T14:10:40.746+0000] {processor.py:161} INFO - Started process (PID=3207) to work on /home/airflow/.local/lib/python3.12/site-packages/airflow/example_dags/example_task_group_decorator.py
[2024-07-17T14:10:40.748+0000] {processor.py:830} INFO - Processing file /home/airflow/.local/lib/python3.12/site-packages/airflow/example_dags/example_task_group_decorator.py for tasks to queue
[2024-07-17T14:10:40.752+0000] {logging_mixin.py:188} INFO - [2024-07-17T14:10:40.751+0000] {dagbag.py:545} INFO - Filling up the DagBag from /home/airflow/.local/lib/python3.12/site-packages/airflow/example_dags/example_task_group_decorator.py
[2024-07-17T14:10:40.780+0000] {processor.py:840} INFO - DAG(s) 'example_task_group_decorator' retrieved from /home/airflow/.local/lib/python3.12/site-packages/airflow/example_dags/example_task_group_decorator.py
[2024-07-17T14:10:40.842+0000] {logging_mixin.py:188} INFO - [2024-07-17T14:10:40.841+0000] {dag.py:3096} INFO - Sync 1 DAGs
[2024-07-17T14:10:40.888+0000] {logging_mixin.py:188} INFO - [2024-07-17T14:10:40.887+0000] {dag.py:3954} INFO - Setting next_dagrun for example_task_group_decorator to 2024-07-16 00:00:00+00:00, run_after=2024-07-17 00:00:00+00:00
[2024-07-17T14:10:40.931+0000] {processor.py:183} INFO - Processing /home/airflow/.local/lib/python3.12/site-packages/airflow/example_dags/example_task_group_decorator.py took 0.196 seconds
[2024-07-17T14:11:11.309+0000] {processor.py:161} INFO - Started process (PID=3267) to work on /home/airflow/.local/lib/python3.12/site-packages/airflow/example_dags/example_task_group_decorator.py
[2024-07-17T14:11:11.310+0000] {processor.py:830} INFO - Processing file /home/airflow/.local/lib/python3.12/site-packages/airflow/example_dags/example_task_group_decorator.py for tasks to queue
[2024-07-17T14:11:11.314+0000] {logging_mixin.py:188} INFO - [2024-07-17T14:11:11.313+0000] {dagbag.py:545} INFO - Filling up the DagBag from /home/airflow/.local/lib/python3.12/site-packages/airflow/example_dags/example_task_group_decorator.py
[2024-07-17T14:11:11.343+0000] {processor.py:840} INFO - DAG(s) 'example_task_group_decorator' retrieved from /home/airflow/.local/lib/python3.12/site-packages/airflow/example_dags/example_task_group_decorator.py
[2024-07-17T14:11:11.398+0000] {logging_mixin.py:188} INFO - [2024-07-17T14:11:11.397+0000] {dag.py:3096} INFO - Sync 1 DAGs
[2024-07-17T14:11:11.451+0000] {logging_mixin.py:188} INFO - [2024-07-17T14:11:11.450+0000] {dag.py:3954} INFO - Setting next_dagrun for example_task_group_decorator to 2024-07-16 00:00:00+00:00, run_after=2024-07-17 00:00:00+00:00
[2024-07-17T14:11:11.490+0000] {processor.py:183} INFO - Processing /home/airflow/.local/lib/python3.12/site-packages/airflow/example_dags/example_task_group_decorator.py took 0.191 seconds
[2024-07-17T14:11:41.835+0000] {processor.py:161} INFO - Started process (PID=3327) to work on /home/airflow/.local/lib/python3.12/site-packages/airflow/example_dags/example_task_group_decorator.py
[2024-07-17T14:11:41.837+0000] {processor.py:830} INFO - Processing file /home/airflow/.local/lib/python3.12/site-packages/airflow/example_dags/example_task_group_decorator.py for tasks to queue
[2024-07-17T14:11:41.840+0000] {logging_mixin.py:188} INFO - [2024-07-17T14:11:41.839+0000] {dagbag.py:545} INFO - Filling up the DagBag from /home/airflow/.local/lib/python3.12/site-packages/airflow/example_dags/example_task_group_decorator.py
[2024-07-17T14:11:41.872+0000] {processor.py:840} INFO - DAG(s) 'example_task_group_decorator' retrieved from /home/airflow/.local/lib/python3.12/site-packages/airflow/example_dags/example_task_group_decorator.py
[2024-07-17T14:11:41.936+0000] {logging_mixin.py:188} INFO - [2024-07-17T14:11:41.935+0000] {dag.py:3096} INFO - Sync 1 DAGs
[2024-07-17T14:11:41.997+0000] {logging_mixin.py:188} INFO - [2024-07-17T14:11:41.996+0000] {dag.py:3954} INFO - Setting next_dagrun for example_task_group_decorator to 2024-07-16 00:00:00+00:00, run_after=2024-07-17 00:00:00+00:00
[2024-07-17T14:11:42.048+0000] {processor.py:183} INFO - Processing /home/airflow/.local/lib/python3.12/site-packages/airflow/example_dags/example_task_group_decorator.py took 0.225 seconds
[2024-07-17T14:12:12.817+0000] {processor.py:161} INFO - Started process (PID=3387) to work on /home/airflow/.local/lib/python3.12/site-packages/airflow/example_dags/example_task_group_decorator.py
[2024-07-17T14:12:12.821+0000] {processor.py:830} INFO - Processing file /home/airflow/.local/lib/python3.12/site-packages/airflow/example_dags/example_task_group_decorator.py for tasks to queue
[2024-07-17T14:12:12.825+0000] {logging_mixin.py:188} INFO - [2024-07-17T14:12:12.824+0000] {dagbag.py:545} INFO - Filling up the DagBag from /home/airflow/.local/lib/python3.12/site-packages/airflow/example_dags/example_task_group_decorator.py
[2024-07-17T14:12:12.864+0000] {processor.py:840} INFO - DAG(s) 'example_task_group_decorator' retrieved from /home/airflow/.local/lib/python3.12/site-packages/airflow/example_dags/example_task_group_decorator.py
[2024-07-17T14:12:12.932+0000] {logging_mixin.py:188} INFO - [2024-07-17T14:12:12.932+0000] {dag.py:3096} INFO - Sync 1 DAGs
[2024-07-17T14:12:12.984+0000] {logging_mixin.py:188} INFO - [2024-07-17T14:12:12.984+0000] {dag.py:3954} INFO - Setting next_dagrun for example_task_group_decorator to 2024-07-16 00:00:00+00:00, run_after=2024-07-17 00:00:00+00:00
[2024-07-17T14:12:13.034+0000] {processor.py:183} INFO - Processing /home/airflow/.local/lib/python3.12/site-packages/airflow/example_dags/example_task_group_decorator.py took 0.231 seconds
