[2024-07-17T10:31:46.975+0000] {processor.py:161} INFO - Started process (PID=40) to work on /home/airflow/.local/lib/python3.12/site-packages/airflow/example_dags/example_branch_operator.py
[2024-07-17T10:31:46.984+0000] {processor.py:830} INFO - Processing file /home/airflow/.local/lib/python3.12/site-packages/airflow/example_dags/example_branch_operator.py for tasks to queue
[2024-07-17T10:31:46.987+0000] {logging_mixin.py:188} INFO - [2024-07-17T10:31:46.987+0000] {dagbag.py:545} INFO - Filling up the DagBag from /home/airflow/.local/lib/python3.12/site-packages/airflow/example_dags/example_branch_operator.py
[2024-07-17T10:31:47.037+0000] {processor.py:840} INFO - DAG(s) 'example_branch_operator' retrieved from /home/airflow/.local/lib/python3.12/site-packages/airflow/example_dags/example_branch_operator.py
[2024-07-17T10:31:47.326+0000] {logging_mixin.py:188} INFO - [2024-07-17T10:31:47.325+0000] {dag.py:3096} INFO - Sync 1 DAGs
[2024-07-17T10:31:47.359+0000] {logging_mixin.py:188} INFO - [2024-07-17T10:31:47.358+0000] {dag.py:3954} INFO - Setting next_dagrun for example_branch_operator to 2024-07-16 00:00:00+00:00, run_after=2024-07-17 00:00:00+00:00
[2024-07-17T10:31:47.393+0000] {processor.py:183} INFO - Processing /home/airflow/.local/lib/python3.12/site-packages/airflow/example_dags/example_branch_operator.py took 0.429 seconds
[2024-07-17T10:32:18.173+0000] {processor.py:161} INFO - Started process (PID=99) to work on /home/airflow/.local/lib/python3.12/site-packages/airflow/example_dags/example_branch_operator.py
[2024-07-17T10:32:18.174+0000] {processor.py:830} INFO - Processing file /home/airflow/.local/lib/python3.12/site-packages/airflow/example_dags/example_branch_operator.py for tasks to queue
[2024-07-17T10:32:18.178+0000] {logging_mixin.py:188} INFO - [2024-07-17T10:32:18.177+0000] {dagbag.py:545} INFO - Filling up the DagBag from /home/airflow/.local/lib/python3.12/site-packages/airflow/example_dags/example_branch_operator.py
[2024-07-17T10:32:18.209+0000] {processor.py:840} INFO - DAG(s) 'example_branch_operator' retrieved from /home/airflow/.local/lib/python3.12/site-packages/airflow/example_dags/example_branch_operator.py
[2024-07-17T10:32:18.227+0000] {logging_mixin.py:188} INFO - [2024-07-17T10:32:18.227+0000] {dag.py:3096} INFO - Sync 1 DAGs
[2024-07-17T10:32:18.267+0000] {logging_mixin.py:188} INFO - [2024-07-17T10:32:18.267+0000] {dag.py:3954} INFO - Setting next_dagrun for example_branch_operator to 2024-07-16 00:00:00+00:00, run_after=2024-07-17 00:00:00+00:00
[2024-07-17T10:32:18.303+0000] {processor.py:183} INFO - Processing /home/airflow/.local/lib/python3.12/site-packages/airflow/example_dags/example_branch_operator.py took 0.138 seconds
[2024-07-17T10:32:49.045+0000] {processor.py:161} INFO - Started process (PID=158) to work on /home/airflow/.local/lib/python3.12/site-packages/airflow/example_dags/example_branch_operator.py
[2024-07-17T10:32:49.046+0000] {processor.py:830} INFO - Processing file /home/airflow/.local/lib/python3.12/site-packages/airflow/example_dags/example_branch_operator.py for tasks to queue
[2024-07-17T10:32:49.049+0000] {logging_mixin.py:188} INFO - [2024-07-17T10:32:49.048+0000] {dagbag.py:545} INFO - Filling up the DagBag from /home/airflow/.local/lib/python3.12/site-packages/airflow/example_dags/example_branch_operator.py
[2024-07-17T10:32:49.085+0000] {processor.py:840} INFO - DAG(s) 'example_branch_operator' retrieved from /home/airflow/.local/lib/python3.12/site-packages/airflow/example_dags/example_branch_operator.py
[2024-07-17T10:32:49.288+0000] {logging_mixin.py:188} INFO - [2024-07-17T10:32:49.287+0000] {dag.py:3096} INFO - Sync 1 DAGs
[2024-07-17T10:32:49.318+0000] {logging_mixin.py:188} INFO - [2024-07-17T10:32:49.318+0000] {dag.py:3954} INFO - Setting next_dagrun for example_branch_operator to 2024-07-16 00:00:00+00:00, run_after=2024-07-17 00:00:00+00:00
[2024-07-17T10:32:49.345+0000] {processor.py:183} INFO - Processing /home/airflow/.local/lib/python3.12/site-packages/airflow/example_dags/example_branch_operator.py took 0.307 seconds
[2024-07-17T10:33:19.443+0000] {processor.py:161} INFO - Started process (PID=218) to work on /home/airflow/.local/lib/python3.12/site-packages/airflow/example_dags/example_branch_operator.py
[2024-07-17T10:33:19.444+0000] {processor.py:830} INFO - Processing file /home/airflow/.local/lib/python3.12/site-packages/airflow/example_dags/example_branch_operator.py for tasks to queue
[2024-07-17T10:33:19.446+0000] {logging_mixin.py:188} INFO - [2024-07-17T10:33:19.446+0000] {dagbag.py:545} INFO - Filling up the DagBag from /home/airflow/.local/lib/python3.12/site-packages/airflow/example_dags/example_branch_operator.py
[2024-07-17T10:33:19.462+0000] {processor.py:840} INFO - DAG(s) 'example_branch_operator' retrieved from /home/airflow/.local/lib/python3.12/site-packages/airflow/example_dags/example_branch_operator.py
[2024-07-17T10:33:19.491+0000] {logging_mixin.py:188} INFO - [2024-07-17T10:33:19.490+0000] {dag.py:3096} INFO - Sync 1 DAGs
[2024-07-17T10:33:19.513+0000] {logging_mixin.py:188} INFO - [2024-07-17T10:33:19.512+0000] {dag.py:3954} INFO - Setting next_dagrun for example_branch_operator to 2024-07-16 00:00:00+00:00, run_after=2024-07-17 00:00:00+00:00
[2024-07-17T10:33:19.532+0000] {processor.py:183} INFO - Processing /home/airflow/.local/lib/python3.12/site-packages/airflow/example_dags/example_branch_operator.py took 0.094 seconds
[2024-07-17T10:33:49.663+0000] {processor.py:161} INFO - Started process (PID=279) to work on /home/airflow/.local/lib/python3.12/site-packages/airflow/example_dags/example_branch_operator.py
[2024-07-17T10:33:49.665+0000] {processor.py:830} INFO - Processing file /home/airflow/.local/lib/python3.12/site-packages/airflow/example_dags/example_branch_operator.py for tasks to queue
[2024-07-17T10:33:49.667+0000] {logging_mixin.py:188} INFO - [2024-07-17T10:33:49.667+0000] {dagbag.py:545} INFO - Filling up the DagBag from /home/airflow/.local/lib/python3.12/site-packages/airflow/example_dags/example_branch_operator.py
[2024-07-17T10:33:49.693+0000] {processor.py:840} INFO - DAG(s) 'example_branch_operator' retrieved from /home/airflow/.local/lib/python3.12/site-packages/airflow/example_dags/example_branch_operator.py
[2024-07-17T10:33:49.728+0000] {logging_mixin.py:188} INFO - [2024-07-17T10:33:49.727+0000] {dag.py:3096} INFO - Sync 1 DAGs
[2024-07-17T10:33:49.755+0000] {logging_mixin.py:188} INFO - [2024-07-17T10:33:49.755+0000] {dag.py:3954} INFO - Setting next_dagrun for example_branch_operator to 2024-07-16 00:00:00+00:00, run_after=2024-07-17 00:00:00+00:00
[2024-07-17T10:33:49.777+0000] {processor.py:183} INFO - Processing /home/airflow/.local/lib/python3.12/site-packages/airflow/example_dags/example_branch_operator.py took 0.121 seconds
[2024-07-17T10:34:19.916+0000] {processor.py:161} INFO - Started process (PID=339) to work on /home/airflow/.local/lib/python3.12/site-packages/airflow/example_dags/example_branch_operator.py
[2024-07-17T10:34:19.918+0000] {processor.py:830} INFO - Processing file /home/airflow/.local/lib/python3.12/site-packages/airflow/example_dags/example_branch_operator.py for tasks to queue
[2024-07-17T10:34:19.920+0000] {logging_mixin.py:188} INFO - [2024-07-17T10:34:19.920+0000] {dagbag.py:545} INFO - Filling up the DagBag from /home/airflow/.local/lib/python3.12/site-packages/airflow/example_dags/example_branch_operator.py
[2024-07-17T10:34:19.941+0000] {processor.py:840} INFO - DAG(s) 'example_branch_operator' retrieved from /home/airflow/.local/lib/python3.12/site-packages/airflow/example_dags/example_branch_operator.py
[2024-07-17T10:34:19.978+0000] {logging_mixin.py:188} INFO - [2024-07-17T10:34:19.977+0000] {dag.py:3096} INFO - Sync 1 DAGs
[2024-07-17T10:34:20.004+0000] {logging_mixin.py:188} INFO - [2024-07-17T10:34:20.004+0000] {dag.py:3954} INFO - Setting next_dagrun for example_branch_operator to 2024-07-16 00:00:00+00:00, run_after=2024-07-17 00:00:00+00:00
[2024-07-17T10:34:20.031+0000] {processor.py:183} INFO - Processing /home/airflow/.local/lib/python3.12/site-packages/airflow/example_dags/example_branch_operator.py took 0.123 seconds
[2024-07-17T10:34:50.144+0000] {processor.py:161} INFO - Started process (PID=398) to work on /home/airflow/.local/lib/python3.12/site-packages/airflow/example_dags/example_branch_operator.py
[2024-07-17T10:34:50.146+0000] {processor.py:830} INFO - Processing file /home/airflow/.local/lib/python3.12/site-packages/airflow/example_dags/example_branch_operator.py for tasks to queue
[2024-07-17T10:34:50.149+0000] {logging_mixin.py:188} INFO - [2024-07-17T10:34:50.149+0000] {dagbag.py:545} INFO - Filling up the DagBag from /home/airflow/.local/lib/python3.12/site-packages/airflow/example_dags/example_branch_operator.py
[2024-07-17T10:34:50.172+0000] {processor.py:840} INFO - DAG(s) 'example_branch_operator' retrieved from /home/airflow/.local/lib/python3.12/site-packages/airflow/example_dags/example_branch_operator.py
[2024-07-17T10:34:50.211+0000] {logging_mixin.py:188} INFO - [2024-07-17T10:34:50.211+0000] {dag.py:3096} INFO - Sync 1 DAGs
[2024-07-17T10:34:50.244+0000] {logging_mixin.py:188} INFO - [2024-07-17T10:34:50.244+0000] {dag.py:3954} INFO - Setting next_dagrun for example_branch_operator to 2024-07-16 00:00:00+00:00, run_after=2024-07-17 00:00:00+00:00
[2024-07-17T10:34:50.268+0000] {processor.py:183} INFO - Processing /home/airflow/.local/lib/python3.12/site-packages/airflow/example_dags/example_branch_operator.py took 0.133 seconds
[2024-07-17T10:35:20.503+0000] {processor.py:161} INFO - Started process (PID=458) to work on /home/airflow/.local/lib/python3.12/site-packages/airflow/example_dags/example_branch_operator.py
[2024-07-17T10:35:20.505+0000] {processor.py:830} INFO - Processing file /home/airflow/.local/lib/python3.12/site-packages/airflow/example_dags/example_branch_operator.py for tasks to queue
[2024-07-17T10:35:20.507+0000] {logging_mixin.py:188} INFO - [2024-07-17T10:35:20.506+0000] {dagbag.py:545} INFO - Filling up the DagBag from /home/airflow/.local/lib/python3.12/site-packages/airflow/example_dags/example_branch_operator.py
[2024-07-17T10:35:20.534+0000] {processor.py:840} INFO - DAG(s) 'example_branch_operator' retrieved from /home/airflow/.local/lib/python3.12/site-packages/airflow/example_dags/example_branch_operator.py
[2024-07-17T10:35:20.580+0000] {logging_mixin.py:188} INFO - [2024-07-17T10:35:20.579+0000] {dag.py:3096} INFO - Sync 1 DAGs
[2024-07-17T10:35:20.619+0000] {logging_mixin.py:188} INFO - [2024-07-17T10:35:20.619+0000] {dag.py:3954} INFO - Setting next_dagrun for example_branch_operator to 2024-07-16 00:00:00+00:00, run_after=2024-07-17 00:00:00+00:00
[2024-07-17T10:35:20.663+0000] {processor.py:183} INFO - Processing /home/airflow/.local/lib/python3.12/site-packages/airflow/example_dags/example_branch_operator.py took 0.167 seconds
[2024-07-17T10:35:50.743+0000] {processor.py:161} INFO - Started process (PID=518) to work on /home/airflow/.local/lib/python3.12/site-packages/airflow/example_dags/example_branch_operator.py
[2024-07-17T10:35:50.744+0000] {processor.py:830} INFO - Processing file /home/airflow/.local/lib/python3.12/site-packages/airflow/example_dags/example_branch_operator.py for tasks to queue
[2024-07-17T10:35:50.747+0000] {logging_mixin.py:188} INFO - [2024-07-17T10:35:50.746+0000] {dagbag.py:545} INFO - Filling up the DagBag from /home/airflow/.local/lib/python3.12/site-packages/airflow/example_dags/example_branch_operator.py
[2024-07-17T10:35:50.772+0000] {processor.py:840} INFO - DAG(s) 'example_branch_operator' retrieved from /home/airflow/.local/lib/python3.12/site-packages/airflow/example_dags/example_branch_operator.py
[2024-07-17T10:35:50.812+0000] {logging_mixin.py:188} INFO - [2024-07-17T10:35:50.812+0000] {dag.py:3096} INFO - Sync 1 DAGs
[2024-07-17T10:35:50.844+0000] {logging_mixin.py:188} INFO - [2024-07-17T10:35:50.844+0000] {dag.py:3954} INFO - Setting next_dagrun for example_branch_operator to 2024-07-16 00:00:00+00:00, run_after=2024-07-17 00:00:00+00:00
[2024-07-17T10:35:50.864+0000] {processor.py:183} INFO - Processing /home/airflow/.local/lib/python3.12/site-packages/airflow/example_dags/example_branch_operator.py took 0.129 seconds
[2024-07-17T10:36:21.010+0000] {processor.py:161} INFO - Started process (PID=579) to work on /home/airflow/.local/lib/python3.12/site-packages/airflow/example_dags/example_branch_operator.py
[2024-07-17T10:36:21.011+0000] {processor.py:830} INFO - Processing file /home/airflow/.local/lib/python3.12/site-packages/airflow/example_dags/example_branch_operator.py for tasks to queue
[2024-07-17T10:36:21.014+0000] {logging_mixin.py:188} INFO - [2024-07-17T10:36:21.013+0000] {dagbag.py:545} INFO - Filling up the DagBag from /home/airflow/.local/lib/python3.12/site-packages/airflow/example_dags/example_branch_operator.py
[2024-07-17T10:36:21.038+0000] {processor.py:840} INFO - DAG(s) 'example_branch_operator' retrieved from /home/airflow/.local/lib/python3.12/site-packages/airflow/example_dags/example_branch_operator.py
[2024-07-17T10:36:21.077+0000] {logging_mixin.py:188} INFO - [2024-07-17T10:36:21.076+0000] {dag.py:3096} INFO - Sync 1 DAGs
[2024-07-17T10:36:21.107+0000] {logging_mixin.py:188} INFO - [2024-07-17T10:36:21.107+0000] {dag.py:3954} INFO - Setting next_dagrun for example_branch_operator to 2024-07-16 00:00:00+00:00, run_after=2024-07-17 00:00:00+00:00
[2024-07-17T10:36:21.134+0000] {processor.py:183} INFO - Processing /home/airflow/.local/lib/python3.12/site-packages/airflow/example_dags/example_branch_operator.py took 0.132 seconds
[2024-07-17T13:41:16.494+0000] {processor.py:161} INFO - Started process (PID=40) to work on /home/airflow/.local/lib/python3.12/site-packages/airflow/example_dags/example_branch_operator.py
[2024-07-17T13:41:16.503+0000] {processor.py:830} INFO - Processing file /home/airflow/.local/lib/python3.12/site-packages/airflow/example_dags/example_branch_operator.py for tasks to queue
[2024-07-17T13:41:16.505+0000] {logging_mixin.py:188} INFO - [2024-07-17T13:41:16.505+0000] {dagbag.py:545} INFO - Filling up the DagBag from /home/airflow/.local/lib/python3.12/site-packages/airflow/example_dags/example_branch_operator.py
[2024-07-17T13:41:16.521+0000] {processor.py:840} INFO - DAG(s) 'example_branch_operator' retrieved from /home/airflow/.local/lib/python3.12/site-packages/airflow/example_dags/example_branch_operator.py
[2024-07-17T13:41:16.538+0000] {logging_mixin.py:188} INFO - [2024-07-17T13:41:16.537+0000] {dag.py:3096} INFO - Sync 1 DAGs
[2024-07-17T13:41:16.584+0000] {logging_mixin.py:188} INFO - [2024-07-17T13:41:16.584+0000] {dag.py:3954} INFO - Setting next_dagrun for example_branch_operator to 2024-07-16 00:00:00+00:00, run_after=2024-07-17 00:00:00+00:00
[2024-07-17T13:41:16.611+0000] {processor.py:183} INFO - Processing /home/airflow/.local/lib/python3.12/site-packages/airflow/example_dags/example_branch_operator.py took 0.122 seconds
[2024-07-17T13:41:46.800+0000] {processor.py:161} INFO - Started process (PID=98) to work on /home/airflow/.local/lib/python3.12/site-packages/airflow/example_dags/example_branch_operator.py
[2024-07-17T13:41:46.801+0000] {processor.py:830} INFO - Processing file /home/airflow/.local/lib/python3.12/site-packages/airflow/example_dags/example_branch_operator.py for tasks to queue
[2024-07-17T13:41:46.803+0000] {logging_mixin.py:188} INFO - [2024-07-17T13:41:46.803+0000] {dagbag.py:545} INFO - Filling up the DagBag from /home/airflow/.local/lib/python3.12/site-packages/airflow/example_dags/example_branch_operator.py
[2024-07-17T13:41:46.822+0000] {processor.py:840} INFO - DAG(s) 'example_branch_operator' retrieved from /home/airflow/.local/lib/python3.12/site-packages/airflow/example_dags/example_branch_operator.py
[2024-07-17T13:41:46.964+0000] {logging_mixin.py:188} INFO - [2024-07-17T13:41:46.964+0000] {dag.py:3096} INFO - Sync 1 DAGs
[2024-07-17T13:41:46.989+0000] {logging_mixin.py:188} INFO - [2024-07-17T13:41:46.989+0000] {dag.py:3954} INFO - Setting next_dagrun for example_branch_operator to 2024-07-16 00:00:00+00:00, run_after=2024-07-17 00:00:00+00:00
[2024-07-17T13:41:47.015+0000] {processor.py:183} INFO - Processing /home/airflow/.local/lib/python3.12/site-packages/airflow/example_dags/example_branch_operator.py took 0.220 seconds
[2024-07-17T13:42:17.858+0000] {processor.py:161} INFO - Started process (PID=158) to work on /home/airflow/.local/lib/python3.12/site-packages/airflow/example_dags/example_branch_operator.py
[2024-07-17T13:42:17.859+0000] {processor.py:830} INFO - Processing file /home/airflow/.local/lib/python3.12/site-packages/airflow/example_dags/example_branch_operator.py for tasks to queue
[2024-07-17T13:42:17.862+0000] {logging_mixin.py:188} INFO - [2024-07-17T13:42:17.861+0000] {dagbag.py:545} INFO - Filling up the DagBag from /home/airflow/.local/lib/python3.12/site-packages/airflow/example_dags/example_branch_operator.py
[2024-07-17T13:42:17.887+0000] {processor.py:840} INFO - DAG(s) 'example_branch_operator' retrieved from /home/airflow/.local/lib/python3.12/site-packages/airflow/example_dags/example_branch_operator.py
[2024-07-17T13:42:17.934+0000] {logging_mixin.py:188} INFO - [2024-07-17T13:42:17.934+0000] {dag.py:3096} INFO - Sync 1 DAGs
[2024-07-17T13:42:17.963+0000] {logging_mixin.py:188} INFO - [2024-07-17T13:42:17.962+0000] {dag.py:3954} INFO - Setting next_dagrun for example_branch_operator to 2024-07-16 00:00:00+00:00, run_after=2024-07-17 00:00:00+00:00
[2024-07-17T13:42:17.987+0000] {processor.py:183} INFO - Processing /home/airflow/.local/lib/python3.12/site-packages/airflow/example_dags/example_branch_operator.py took 0.136 seconds
[2024-07-17T13:42:48.101+0000] {processor.py:161} INFO - Started process (PID=218) to work on /home/airflow/.local/lib/python3.12/site-packages/airflow/example_dags/example_branch_operator.py
[2024-07-17T13:42:48.102+0000] {processor.py:830} INFO - Processing file /home/airflow/.local/lib/python3.12/site-packages/airflow/example_dags/example_branch_operator.py for tasks to queue
[2024-07-17T13:42:48.104+0000] {logging_mixin.py:188} INFO - [2024-07-17T13:42:48.104+0000] {dagbag.py:545} INFO - Filling up the DagBag from /home/airflow/.local/lib/python3.12/site-packages/airflow/example_dags/example_branch_operator.py
[2024-07-17T13:42:48.126+0000] {processor.py:840} INFO - DAG(s) 'example_branch_operator' retrieved from /home/airflow/.local/lib/python3.12/site-packages/airflow/example_dags/example_branch_operator.py
[2024-07-17T13:42:48.165+0000] {logging_mixin.py:188} INFO - [2024-07-17T13:42:48.165+0000] {dag.py:3096} INFO - Sync 1 DAGs
[2024-07-17T13:42:48.195+0000] {logging_mixin.py:188} INFO - [2024-07-17T13:42:48.195+0000] {dag.py:3954} INFO - Setting next_dagrun for example_branch_operator to 2024-07-16 00:00:00+00:00, run_after=2024-07-17 00:00:00+00:00
[2024-07-17T13:42:48.220+0000] {processor.py:183} INFO - Processing /home/airflow/.local/lib/python3.12/site-packages/airflow/example_dags/example_branch_operator.py took 0.125 seconds
[2024-07-17T13:43:18.652+0000] {processor.py:161} INFO - Started process (PID=278) to work on /home/airflow/.local/lib/python3.12/site-packages/airflow/example_dags/example_branch_operator.py
[2024-07-17T13:43:18.653+0000] {processor.py:830} INFO - Processing file /home/airflow/.local/lib/python3.12/site-packages/airflow/example_dags/example_branch_operator.py for tasks to queue
[2024-07-17T13:43:18.655+0000] {logging_mixin.py:188} INFO - [2024-07-17T13:43:18.655+0000] {dagbag.py:545} INFO - Filling up the DagBag from /home/airflow/.local/lib/python3.12/site-packages/airflow/example_dags/example_branch_operator.py
[2024-07-17T13:43:18.676+0000] {processor.py:840} INFO - DAG(s) 'example_branch_operator' retrieved from /home/airflow/.local/lib/python3.12/site-packages/airflow/example_dags/example_branch_operator.py
[2024-07-17T13:43:18.711+0000] {logging_mixin.py:188} INFO - [2024-07-17T13:43:18.711+0000] {dag.py:3096} INFO - Sync 1 DAGs
[2024-07-17T13:43:18.741+0000] {logging_mixin.py:188} INFO - [2024-07-17T13:43:18.741+0000] {dag.py:3954} INFO - Setting next_dagrun for example_branch_operator to 2024-07-16 00:00:00+00:00, run_after=2024-07-17 00:00:00+00:00
[2024-07-17T13:43:18.765+0000] {processor.py:183} INFO - Processing /home/airflow/.local/lib/python3.12/site-packages/airflow/example_dags/example_branch_operator.py took 0.118 seconds
[2024-07-17T13:43:49.065+0000] {processor.py:161} INFO - Started process (PID=338) to work on /home/airflow/.local/lib/python3.12/site-packages/airflow/example_dags/example_branch_operator.py
[2024-07-17T13:43:49.066+0000] {processor.py:830} INFO - Processing file /home/airflow/.local/lib/python3.12/site-packages/airflow/example_dags/example_branch_operator.py for tasks to queue
[2024-07-17T13:43:49.068+0000] {logging_mixin.py:188} INFO - [2024-07-17T13:43:49.068+0000] {dagbag.py:545} INFO - Filling up the DagBag from /home/airflow/.local/lib/python3.12/site-packages/airflow/example_dags/example_branch_operator.py
[2024-07-17T13:43:49.093+0000] {processor.py:840} INFO - DAG(s) 'example_branch_operator' retrieved from /home/airflow/.local/lib/python3.12/site-packages/airflow/example_dags/example_branch_operator.py
[2024-07-17T13:43:49.135+0000] {logging_mixin.py:188} INFO - [2024-07-17T13:43:49.134+0000] {dag.py:3096} INFO - Sync 1 DAGs
[2024-07-17T13:43:49.173+0000] {logging_mixin.py:188} INFO - [2024-07-17T13:43:49.172+0000] {dag.py:3954} INFO - Setting next_dagrun for example_branch_operator to 2024-07-16 00:00:00+00:00, run_after=2024-07-17 00:00:00+00:00
[2024-07-17T13:43:49.199+0000] {processor.py:183} INFO - Processing /home/airflow/.local/lib/python3.12/site-packages/airflow/example_dags/example_branch_operator.py took 0.141 seconds
[2024-07-17T13:44:19.371+0000] {processor.py:161} INFO - Started process (PID=398) to work on /home/airflow/.local/lib/python3.12/site-packages/airflow/example_dags/example_branch_operator.py
[2024-07-17T13:44:19.373+0000] {processor.py:830} INFO - Processing file /home/airflow/.local/lib/python3.12/site-packages/airflow/example_dags/example_branch_operator.py for tasks to queue
[2024-07-17T13:44:19.378+0000] {logging_mixin.py:188} INFO - [2024-07-17T13:44:19.378+0000] {dagbag.py:545} INFO - Filling up the DagBag from /home/airflow/.local/lib/python3.12/site-packages/airflow/example_dags/example_branch_operator.py
[2024-07-17T13:44:19.404+0000] {processor.py:840} INFO - DAG(s) 'example_branch_operator' retrieved from /home/airflow/.local/lib/python3.12/site-packages/airflow/example_dags/example_branch_operator.py
[2024-07-17T13:44:19.454+0000] {logging_mixin.py:188} INFO - [2024-07-17T13:44:19.453+0000] {dag.py:3096} INFO - Sync 1 DAGs
[2024-07-17T13:44:19.489+0000] {logging_mixin.py:188} INFO - [2024-07-17T13:44:19.489+0000] {dag.py:3954} INFO - Setting next_dagrun for example_branch_operator to 2024-07-16 00:00:00+00:00, run_after=2024-07-17 00:00:00+00:00
[2024-07-17T13:44:19.526+0000] {processor.py:183} INFO - Processing /home/airflow/.local/lib/python3.12/site-packages/airflow/example_dags/example_branch_operator.py took 0.162 seconds
[2024-07-17T13:44:50.466+0000] {processor.py:161} INFO - Started process (PID=458) to work on /home/airflow/.local/lib/python3.12/site-packages/airflow/example_dags/example_branch_operator.py
[2024-07-17T13:44:50.468+0000] {processor.py:830} INFO - Processing file /home/airflow/.local/lib/python3.12/site-packages/airflow/example_dags/example_branch_operator.py for tasks to queue
[2024-07-17T13:44:50.471+0000] {logging_mixin.py:188} INFO - [2024-07-17T13:44:50.471+0000] {dagbag.py:545} INFO - Filling up the DagBag from /home/airflow/.local/lib/python3.12/site-packages/airflow/example_dags/example_branch_operator.py
[2024-07-17T13:44:50.498+0000] {processor.py:840} INFO - DAG(s) 'example_branch_operator' retrieved from /home/airflow/.local/lib/python3.12/site-packages/airflow/example_dags/example_branch_operator.py
[2024-07-17T13:44:50.550+0000] {logging_mixin.py:188} INFO - [2024-07-17T13:44:50.550+0000] {dag.py:3096} INFO - Sync 1 DAGs
[2024-07-17T13:44:50.579+0000] {logging_mixin.py:188} INFO - [2024-07-17T13:44:50.579+0000] {dag.py:3954} INFO - Setting next_dagrun for example_branch_operator to 2024-07-16 00:00:00+00:00, run_after=2024-07-17 00:00:00+00:00
[2024-07-17T13:44:50.602+0000] {processor.py:183} INFO - Processing /home/airflow/.local/lib/python3.12/site-packages/airflow/example_dags/example_branch_operator.py took 0.144 seconds
[2024-07-17T13:45:20.812+0000] {processor.py:161} INFO - Started process (PID=518) to work on /home/airflow/.local/lib/python3.12/site-packages/airflow/example_dags/example_branch_operator.py
[2024-07-17T13:45:20.814+0000] {processor.py:830} INFO - Processing file /home/airflow/.local/lib/python3.12/site-packages/airflow/example_dags/example_branch_operator.py for tasks to queue
[2024-07-17T13:45:20.816+0000] {logging_mixin.py:188} INFO - [2024-07-17T13:45:20.816+0000] {dagbag.py:545} INFO - Filling up the DagBag from /home/airflow/.local/lib/python3.12/site-packages/airflow/example_dags/example_branch_operator.py
[2024-07-17T13:45:20.838+0000] {processor.py:840} INFO - DAG(s) 'example_branch_operator' retrieved from /home/airflow/.local/lib/python3.12/site-packages/airflow/example_dags/example_branch_operator.py
[2024-07-17T13:45:20.878+0000] {logging_mixin.py:188} INFO - [2024-07-17T13:45:20.878+0000] {dag.py:3096} INFO - Sync 1 DAGs
[2024-07-17T13:45:20.901+0000] {logging_mixin.py:188} INFO - [2024-07-17T13:45:20.901+0000] {dag.py:3954} INFO - Setting next_dagrun for example_branch_operator to 2024-07-16 00:00:00+00:00, run_after=2024-07-17 00:00:00+00:00
[2024-07-17T13:45:20.919+0000] {processor.py:183} INFO - Processing /home/airflow/.local/lib/python3.12/site-packages/airflow/example_dags/example_branch_operator.py took 0.112 seconds
[2024-07-17T13:45:51.033+0000] {processor.py:161} INFO - Started process (PID=578) to work on /home/airflow/.local/lib/python3.12/site-packages/airflow/example_dags/example_branch_operator.py
[2024-07-17T13:45:51.034+0000] {processor.py:830} INFO - Processing file /home/airflow/.local/lib/python3.12/site-packages/airflow/example_dags/example_branch_operator.py for tasks to queue
[2024-07-17T13:45:51.036+0000] {logging_mixin.py:188} INFO - [2024-07-17T13:45:51.036+0000] {dagbag.py:545} INFO - Filling up the DagBag from /home/airflow/.local/lib/python3.12/site-packages/airflow/example_dags/example_branch_operator.py
[2024-07-17T13:45:51.061+0000] {processor.py:840} INFO - DAG(s) 'example_branch_operator' retrieved from /home/airflow/.local/lib/python3.12/site-packages/airflow/example_dags/example_branch_operator.py
[2024-07-17T13:45:51.105+0000] {logging_mixin.py:188} INFO - [2024-07-17T13:45:51.105+0000] {dag.py:3096} INFO - Sync 1 DAGs
[2024-07-17T13:45:51.138+0000] {logging_mixin.py:188} INFO - [2024-07-17T13:45:51.137+0000] {dag.py:3954} INFO - Setting next_dagrun for example_branch_operator to 2024-07-16 00:00:00+00:00, run_after=2024-07-17 00:00:00+00:00
[2024-07-17T13:45:51.161+0000] {processor.py:183} INFO - Processing /home/airflow/.local/lib/python3.12/site-packages/airflow/example_dags/example_branch_operator.py took 0.136 seconds
[2024-07-17T13:46:21.291+0000] {processor.py:161} INFO - Started process (PID=638) to work on /home/airflow/.local/lib/python3.12/site-packages/airflow/example_dags/example_branch_operator.py
[2024-07-17T13:46:21.292+0000] {processor.py:830} INFO - Processing file /home/airflow/.local/lib/python3.12/site-packages/airflow/example_dags/example_branch_operator.py for tasks to queue
[2024-07-17T13:46:21.294+0000] {logging_mixin.py:188} INFO - [2024-07-17T13:46:21.294+0000] {dagbag.py:545} INFO - Filling up the DagBag from /home/airflow/.local/lib/python3.12/site-packages/airflow/example_dags/example_branch_operator.py
[2024-07-17T13:46:21.318+0000] {processor.py:840} INFO - DAG(s) 'example_branch_operator' retrieved from /home/airflow/.local/lib/python3.12/site-packages/airflow/example_dags/example_branch_operator.py
[2024-07-17T13:46:21.362+0000] {logging_mixin.py:188} INFO - [2024-07-17T13:46:21.360+0000] {dag.py:3096} INFO - Sync 1 DAGs
[2024-07-17T13:46:21.394+0000] {logging_mixin.py:188} INFO - [2024-07-17T13:46:21.394+0000] {dag.py:3954} INFO - Setting next_dagrun for example_branch_operator to 2024-07-16 00:00:00+00:00, run_after=2024-07-17 00:00:00+00:00
[2024-07-17T13:46:21.420+0000] {processor.py:183} INFO - Processing /home/airflow/.local/lib/python3.12/site-packages/airflow/example_dags/example_branch_operator.py took 0.135 seconds
[2024-07-17T13:46:51.664+0000] {processor.py:161} INFO - Started process (PID=698) to work on /home/airflow/.local/lib/python3.12/site-packages/airflow/example_dags/example_branch_operator.py
[2024-07-17T13:46:51.665+0000] {processor.py:830} INFO - Processing file /home/airflow/.local/lib/python3.12/site-packages/airflow/example_dags/example_branch_operator.py for tasks to queue
[2024-07-17T13:46:51.667+0000] {logging_mixin.py:188} INFO - [2024-07-17T13:46:51.667+0000] {dagbag.py:545} INFO - Filling up the DagBag from /home/airflow/.local/lib/python3.12/site-packages/airflow/example_dags/example_branch_operator.py
[2024-07-17T13:46:51.686+0000] {processor.py:840} INFO - DAG(s) 'example_branch_operator' retrieved from /home/airflow/.local/lib/python3.12/site-packages/airflow/example_dags/example_branch_operator.py
[2024-07-17T13:46:51.731+0000] {logging_mixin.py:188} INFO - [2024-07-17T13:46:51.730+0000] {dag.py:3096} INFO - Sync 1 DAGs
[2024-07-17T13:46:51.763+0000] {logging_mixin.py:188} INFO - [2024-07-17T13:46:51.763+0000] {dag.py:3954} INFO - Setting next_dagrun for example_branch_operator to 2024-07-16 00:00:00+00:00, run_after=2024-07-17 00:00:00+00:00
[2024-07-17T13:46:51.788+0000] {processor.py:183} INFO - Processing /home/airflow/.local/lib/python3.12/site-packages/airflow/example_dags/example_branch_operator.py took 0.130 seconds
[2024-07-17T13:47:21.962+0000] {processor.py:161} INFO - Started process (PID=758) to work on /home/airflow/.local/lib/python3.12/site-packages/airflow/example_dags/example_branch_operator.py
[2024-07-17T13:47:21.963+0000] {processor.py:830} INFO - Processing file /home/airflow/.local/lib/python3.12/site-packages/airflow/example_dags/example_branch_operator.py for tasks to queue
[2024-07-17T13:47:21.965+0000] {logging_mixin.py:188} INFO - [2024-07-17T13:47:21.964+0000] {dagbag.py:545} INFO - Filling up the DagBag from /home/airflow/.local/lib/python3.12/site-packages/airflow/example_dags/example_branch_operator.py
[2024-07-17T13:47:21.981+0000] {processor.py:840} INFO - DAG(s) 'example_branch_operator' retrieved from /home/airflow/.local/lib/python3.12/site-packages/airflow/example_dags/example_branch_operator.py
[2024-07-17T13:47:22.015+0000] {logging_mixin.py:188} INFO - [2024-07-17T13:47:22.015+0000] {dag.py:3096} INFO - Sync 1 DAGs
[2024-07-17T13:47:22.045+0000] {logging_mixin.py:188} INFO - [2024-07-17T13:47:22.045+0000] {dag.py:3954} INFO - Setting next_dagrun for example_branch_operator to 2024-07-16 00:00:00+00:00, run_after=2024-07-17 00:00:00+00:00
[2024-07-17T13:47:22.072+0000] {processor.py:183} INFO - Processing /home/airflow/.local/lib/python3.12/site-packages/airflow/example_dags/example_branch_operator.py took 0.115 seconds
[2024-07-17T13:47:52.584+0000] {processor.py:161} INFO - Started process (PID=818) to work on /home/airflow/.local/lib/python3.12/site-packages/airflow/example_dags/example_branch_operator.py
[2024-07-17T13:47:52.585+0000] {processor.py:830} INFO - Processing file /home/airflow/.local/lib/python3.12/site-packages/airflow/example_dags/example_branch_operator.py for tasks to queue
[2024-07-17T13:47:52.588+0000] {logging_mixin.py:188} INFO - [2024-07-17T13:47:52.587+0000] {dagbag.py:545} INFO - Filling up the DagBag from /home/airflow/.local/lib/python3.12/site-packages/airflow/example_dags/example_branch_operator.py
[2024-07-17T13:47:52.612+0000] {processor.py:840} INFO - DAG(s) 'example_branch_operator' retrieved from /home/airflow/.local/lib/python3.12/site-packages/airflow/example_dags/example_branch_operator.py
[2024-07-17T13:47:52.654+0000] {logging_mixin.py:188} INFO - [2024-07-17T13:47:52.654+0000] {dag.py:3096} INFO - Sync 1 DAGs
[2024-07-17T13:47:52.687+0000] {logging_mixin.py:188} INFO - [2024-07-17T13:47:52.686+0000] {dag.py:3954} INFO - Setting next_dagrun for example_branch_operator to 2024-07-16 00:00:00+00:00, run_after=2024-07-17 00:00:00+00:00
[2024-07-17T13:47:52.711+0000] {processor.py:183} INFO - Processing /home/airflow/.local/lib/python3.12/site-packages/airflow/example_dags/example_branch_operator.py took 0.135 seconds
[2024-07-17T13:48:22.748+0000] {processor.py:161} INFO - Started process (PID=879) to work on /home/airflow/.local/lib/python3.12/site-packages/airflow/example_dags/example_branch_operator.py
[2024-07-17T13:48:22.749+0000] {processor.py:830} INFO - Processing file /home/airflow/.local/lib/python3.12/site-packages/airflow/example_dags/example_branch_operator.py for tasks to queue
[2024-07-17T13:48:22.751+0000] {logging_mixin.py:188} INFO - [2024-07-17T13:48:22.751+0000] {dagbag.py:545} INFO - Filling up the DagBag from /home/airflow/.local/lib/python3.12/site-packages/airflow/example_dags/example_branch_operator.py
[2024-07-17T13:48:22.765+0000] {processor.py:840} INFO - DAG(s) 'example_branch_operator' retrieved from /home/airflow/.local/lib/python3.12/site-packages/airflow/example_dags/example_branch_operator.py
[2024-07-17T13:48:22.792+0000] {logging_mixin.py:188} INFO - [2024-07-17T13:48:22.792+0000] {dag.py:3096} INFO - Sync 1 DAGs
[2024-07-17T13:48:22.812+0000] {logging_mixin.py:188} INFO - [2024-07-17T13:48:22.812+0000] {dag.py:3954} INFO - Setting next_dagrun for example_branch_operator to 2024-07-16 00:00:00+00:00, run_after=2024-07-17 00:00:00+00:00
[2024-07-17T13:48:22.830+0000] {processor.py:183} INFO - Processing /home/airflow/.local/lib/python3.12/site-packages/airflow/example_dags/example_branch_operator.py took 0.086 seconds
[2024-07-17T13:48:52.984+0000] {processor.py:161} INFO - Started process (PID=938) to work on /home/airflow/.local/lib/python3.12/site-packages/airflow/example_dags/example_branch_operator.py
[2024-07-17T13:48:52.985+0000] {processor.py:830} INFO - Processing file /home/airflow/.local/lib/python3.12/site-packages/airflow/example_dags/example_branch_operator.py for tasks to queue
[2024-07-17T13:48:52.987+0000] {logging_mixin.py:188} INFO - [2024-07-17T13:48:52.987+0000] {dagbag.py:545} INFO - Filling up the DagBag from /home/airflow/.local/lib/python3.12/site-packages/airflow/example_dags/example_branch_operator.py
[2024-07-17T13:48:53.010+0000] {processor.py:840} INFO - DAG(s) 'example_branch_operator' retrieved from /home/airflow/.local/lib/python3.12/site-packages/airflow/example_dags/example_branch_operator.py
[2024-07-17T13:48:53.050+0000] {logging_mixin.py:188} INFO - [2024-07-17T13:48:53.050+0000] {dag.py:3096} INFO - Sync 1 DAGs
[2024-07-17T13:48:53.086+0000] {logging_mixin.py:188} INFO - [2024-07-17T13:48:53.086+0000] {dag.py:3954} INFO - Setting next_dagrun for example_branch_operator to 2024-07-16 00:00:00+00:00, run_after=2024-07-17 00:00:00+00:00
[2024-07-17T13:48:53.112+0000] {processor.py:183} INFO - Processing /home/airflow/.local/lib/python3.12/site-packages/airflow/example_dags/example_branch_operator.py took 0.134 seconds
[2024-07-17T13:49:23.504+0000] {processor.py:161} INFO - Started process (PID=998) to work on /home/airflow/.local/lib/python3.12/site-packages/airflow/example_dags/example_branch_operator.py
[2024-07-17T13:49:23.505+0000] {processor.py:830} INFO - Processing file /home/airflow/.local/lib/python3.12/site-packages/airflow/example_dags/example_branch_operator.py for tasks to queue
[2024-07-17T13:49:23.507+0000] {logging_mixin.py:188} INFO - [2024-07-17T13:49:23.507+0000] {dagbag.py:545} INFO - Filling up the DagBag from /home/airflow/.local/lib/python3.12/site-packages/airflow/example_dags/example_branch_operator.py
[2024-07-17T13:49:23.529+0000] {processor.py:840} INFO - DAG(s) 'example_branch_operator' retrieved from /home/airflow/.local/lib/python3.12/site-packages/airflow/example_dags/example_branch_operator.py
[2024-07-17T13:49:23.574+0000] {logging_mixin.py:188} INFO - [2024-07-17T13:49:23.573+0000] {dag.py:3096} INFO - Sync 1 DAGs
[2024-07-17T13:49:23.616+0000] {logging_mixin.py:188} INFO - [2024-07-17T13:49:23.616+0000] {dag.py:3954} INFO - Setting next_dagrun for example_branch_operator to 2024-07-16 00:00:00+00:00, run_after=2024-07-17 00:00:00+00:00
[2024-07-17T13:49:23.641+0000] {processor.py:183} INFO - Processing /home/airflow/.local/lib/python3.12/site-packages/airflow/example_dags/example_branch_operator.py took 0.144 seconds
[2024-07-17T13:49:53.712+0000] {processor.py:161} INFO - Started process (PID=1058) to work on /home/airflow/.local/lib/python3.12/site-packages/airflow/example_dags/example_branch_operator.py
[2024-07-17T13:49:53.713+0000] {processor.py:830} INFO - Processing file /home/airflow/.local/lib/python3.12/site-packages/airflow/example_dags/example_branch_operator.py for tasks to queue
[2024-07-17T13:49:53.714+0000] {logging_mixin.py:188} INFO - [2024-07-17T13:49:53.714+0000] {dagbag.py:545} INFO - Filling up the DagBag from /home/airflow/.local/lib/python3.12/site-packages/airflow/example_dags/example_branch_operator.py
[2024-07-17T13:49:53.728+0000] {processor.py:840} INFO - DAG(s) 'example_branch_operator' retrieved from /home/airflow/.local/lib/python3.12/site-packages/airflow/example_dags/example_branch_operator.py
[2024-07-17T13:49:53.756+0000] {logging_mixin.py:188} INFO - [2024-07-17T13:49:53.756+0000] {dag.py:3096} INFO - Sync 1 DAGs
[2024-07-17T13:49:53.777+0000] {logging_mixin.py:188} INFO - [2024-07-17T13:49:53.777+0000] {dag.py:3954} INFO - Setting next_dagrun for example_branch_operator to 2024-07-16 00:00:00+00:00, run_after=2024-07-17 00:00:00+00:00
[2024-07-17T13:49:53.795+0000] {processor.py:183} INFO - Processing /home/airflow/.local/lib/python3.12/site-packages/airflow/example_dags/example_branch_operator.py took 0.088 seconds
[2024-07-17T13:50:24.142+0000] {processor.py:161} INFO - Started process (PID=1118) to work on /home/airflow/.local/lib/python3.12/site-packages/airflow/example_dags/example_branch_operator.py
[2024-07-17T13:50:24.143+0000] {processor.py:830} INFO - Processing file /home/airflow/.local/lib/python3.12/site-packages/airflow/example_dags/example_branch_operator.py for tasks to queue
[2024-07-17T13:50:24.146+0000] {logging_mixin.py:188} INFO - [2024-07-17T13:50:24.145+0000] {dagbag.py:545} INFO - Filling up the DagBag from /home/airflow/.local/lib/python3.12/site-packages/airflow/example_dags/example_branch_operator.py
[2024-07-17T13:50:24.172+0000] {processor.py:840} INFO - DAG(s) 'example_branch_operator' retrieved from /home/airflow/.local/lib/python3.12/site-packages/airflow/example_dags/example_branch_operator.py
[2024-07-17T13:50:24.219+0000] {logging_mixin.py:188} INFO - [2024-07-17T13:50:24.218+0000] {dag.py:3096} INFO - Sync 1 DAGs
[2024-07-17T13:50:24.250+0000] {logging_mixin.py:188} INFO - [2024-07-17T13:50:24.249+0000] {dag.py:3954} INFO - Setting next_dagrun for example_branch_operator to 2024-07-16 00:00:00+00:00, run_after=2024-07-17 00:00:00+00:00
[2024-07-17T13:50:24.272+0000] {processor.py:183} INFO - Processing /home/airflow/.local/lib/python3.12/site-packages/airflow/example_dags/example_branch_operator.py took 0.136 seconds
[2024-07-17T13:51:29.378+0000] {processor.py:161} INFO - Started process (PID=1158) to work on /home/airflow/.local/lib/python3.12/site-packages/airflow/example_dags/example_branch_operator.py
[2024-07-17T13:51:29.380+0000] {processor.py:830} INFO - Processing file /home/airflow/.local/lib/python3.12/site-packages/airflow/example_dags/example_branch_operator.py for tasks to queue
[2024-07-17T13:51:29.383+0000] {logging_mixin.py:188} INFO - [2024-07-17T13:51:29.382+0000] {dagbag.py:545} INFO - Filling up the DagBag from /home/airflow/.local/lib/python3.12/site-packages/airflow/example_dags/example_branch_operator.py
[2024-07-17T13:51:29.420+0000] {processor.py:840} INFO - DAG(s) 'example_branch_operator' retrieved from /home/airflow/.local/lib/python3.12/site-packages/airflow/example_dags/example_branch_operator.py
[2024-07-17T13:51:29.494+0000] {logging_mixin.py:188} INFO - [2024-07-17T13:51:29.493+0000] {dag.py:3096} INFO - Sync 1 DAGs
[2024-07-17T13:51:29.578+0000] {logging_mixin.py:188} INFO - [2024-07-17T13:51:29.577+0000] {dag.py:3954} INFO - Setting next_dagrun for example_branch_operator to 2024-07-16 00:00:00+00:00, run_after=2024-07-17 00:00:00+00:00
[2024-07-17T13:51:29.632+0000] {processor.py:183} INFO - Processing /home/airflow/.local/lib/python3.12/site-packages/airflow/example_dags/example_branch_operator.py took 0.263 seconds
[2024-07-17T13:52:00.304+0000] {processor.py:161} INFO - Started process (PID=1218) to work on /home/airflow/.local/lib/python3.12/site-packages/airflow/example_dags/example_branch_operator.py
[2024-07-17T13:52:00.305+0000] {processor.py:830} INFO - Processing file /home/airflow/.local/lib/python3.12/site-packages/airflow/example_dags/example_branch_operator.py for tasks to queue
[2024-07-17T13:52:00.310+0000] {logging_mixin.py:188} INFO - [2024-07-17T13:52:00.309+0000] {dagbag.py:545} INFO - Filling up the DagBag from /home/airflow/.local/lib/python3.12/site-packages/airflow/example_dags/example_branch_operator.py
[2024-07-17T13:52:00.342+0000] {processor.py:840} INFO - DAG(s) 'example_branch_operator' retrieved from /home/airflow/.local/lib/python3.12/site-packages/airflow/example_dags/example_branch_operator.py
[2024-07-17T13:52:00.391+0000] {logging_mixin.py:188} INFO - [2024-07-17T13:52:00.390+0000] {dag.py:3096} INFO - Sync 1 DAGs
[2024-07-17T13:52:00.427+0000] {logging_mixin.py:188} INFO - [2024-07-17T13:52:00.427+0000] {dag.py:3954} INFO - Setting next_dagrun for example_branch_operator to 2024-07-16 00:00:00+00:00, run_after=2024-07-17 00:00:00+00:00
[2024-07-17T13:52:00.459+0000] {processor.py:183} INFO - Processing /home/airflow/.local/lib/python3.12/site-packages/airflow/example_dags/example_branch_operator.py took 0.163 seconds
[2024-07-17T13:52:30.987+0000] {processor.py:161} INFO - Started process (PID=1277) to work on /home/airflow/.local/lib/python3.12/site-packages/airflow/example_dags/example_branch_operator.py
[2024-07-17T13:52:30.988+0000] {processor.py:830} INFO - Processing file /home/airflow/.local/lib/python3.12/site-packages/airflow/example_dags/example_branch_operator.py for tasks to queue
[2024-07-17T13:52:30.991+0000] {logging_mixin.py:188} INFO - [2024-07-17T13:52:30.991+0000] {dagbag.py:545} INFO - Filling up the DagBag from /home/airflow/.local/lib/python3.12/site-packages/airflow/example_dags/example_branch_operator.py
[2024-07-17T13:52:31.021+0000] {processor.py:840} INFO - DAG(s) 'example_branch_operator' retrieved from /home/airflow/.local/lib/python3.12/site-packages/airflow/example_dags/example_branch_operator.py
[2024-07-17T13:52:31.063+0000] {logging_mixin.py:188} INFO - [2024-07-17T13:52:31.062+0000] {dag.py:3096} INFO - Sync 1 DAGs
[2024-07-17T13:52:31.097+0000] {logging_mixin.py:188} INFO - [2024-07-17T13:52:31.096+0000] {dag.py:3954} INFO - Setting next_dagrun for example_branch_operator to 2024-07-16 00:00:00+00:00, run_after=2024-07-17 00:00:00+00:00
[2024-07-17T13:52:31.135+0000] {processor.py:183} INFO - Processing /home/airflow/.local/lib/python3.12/site-packages/airflow/example_dags/example_branch_operator.py took 0.155 seconds
[2024-07-17T13:53:01.315+0000] {processor.py:161} INFO - Started process (PID=1337) to work on /home/airflow/.local/lib/python3.12/site-packages/airflow/example_dags/example_branch_operator.py
[2024-07-17T13:53:01.316+0000] {processor.py:830} INFO - Processing file /home/airflow/.local/lib/python3.12/site-packages/airflow/example_dags/example_branch_operator.py for tasks to queue
[2024-07-17T13:53:01.318+0000] {logging_mixin.py:188} INFO - [2024-07-17T13:53:01.318+0000] {dagbag.py:545} INFO - Filling up the DagBag from /home/airflow/.local/lib/python3.12/site-packages/airflow/example_dags/example_branch_operator.py
[2024-07-17T13:53:01.341+0000] {processor.py:840} INFO - DAG(s) 'example_branch_operator' retrieved from /home/airflow/.local/lib/python3.12/site-packages/airflow/example_dags/example_branch_operator.py
[2024-07-17T13:53:01.381+0000] {logging_mixin.py:188} INFO - [2024-07-17T13:53:01.381+0000] {dag.py:3096} INFO - Sync 1 DAGs
[2024-07-17T13:53:01.414+0000] {logging_mixin.py:188} INFO - [2024-07-17T13:53:01.413+0000] {dag.py:3954} INFO - Setting next_dagrun for example_branch_operator to 2024-07-16 00:00:00+00:00, run_after=2024-07-17 00:00:00+00:00
[2024-07-17T13:53:01.439+0000] {processor.py:183} INFO - Processing /home/airflow/.local/lib/python3.12/site-packages/airflow/example_dags/example_branch_operator.py took 0.131 seconds
[2024-07-17T13:53:31.687+0000] {processor.py:161} INFO - Started process (PID=1397) to work on /home/airflow/.local/lib/python3.12/site-packages/airflow/example_dags/example_branch_operator.py
[2024-07-17T13:53:31.688+0000] {processor.py:830} INFO - Processing file /home/airflow/.local/lib/python3.12/site-packages/airflow/example_dags/example_branch_operator.py for tasks to queue
[2024-07-17T13:53:31.690+0000] {logging_mixin.py:188} INFO - [2024-07-17T13:53:31.690+0000] {dagbag.py:545} INFO - Filling up the DagBag from /home/airflow/.local/lib/python3.12/site-packages/airflow/example_dags/example_branch_operator.py
[2024-07-17T13:53:31.711+0000] {processor.py:840} INFO - DAG(s) 'example_branch_operator' retrieved from /home/airflow/.local/lib/python3.12/site-packages/airflow/example_dags/example_branch_operator.py
[2024-07-17T13:53:31.745+0000] {logging_mixin.py:188} INFO - [2024-07-17T13:53:31.745+0000] {dag.py:3096} INFO - Sync 1 DAGs
[2024-07-17T13:53:31.772+0000] {logging_mixin.py:188} INFO - [2024-07-17T13:53:31.772+0000] {dag.py:3954} INFO - Setting next_dagrun for example_branch_operator to 2024-07-16 00:00:00+00:00, run_after=2024-07-17 00:00:00+00:00
[2024-07-17T13:53:31.793+0000] {processor.py:183} INFO - Processing /home/airflow/.local/lib/python3.12/site-packages/airflow/example_dags/example_branch_operator.py took 0.112 seconds
[2024-07-17T13:54:02.253+0000] {processor.py:161} INFO - Started process (PID=1457) to work on /home/airflow/.local/lib/python3.12/site-packages/airflow/example_dags/example_branch_operator.py
[2024-07-17T13:54:02.255+0000] {processor.py:830} INFO - Processing file /home/airflow/.local/lib/python3.12/site-packages/airflow/example_dags/example_branch_operator.py for tasks to queue
[2024-07-17T13:54:02.258+0000] {logging_mixin.py:188} INFO - [2024-07-17T13:54:02.258+0000] {dagbag.py:545} INFO - Filling up the DagBag from /home/airflow/.local/lib/python3.12/site-packages/airflow/example_dags/example_branch_operator.py
[2024-07-17T13:54:02.285+0000] {processor.py:840} INFO - DAG(s) 'example_branch_operator' retrieved from /home/airflow/.local/lib/python3.12/site-packages/airflow/example_dags/example_branch_operator.py
[2024-07-17T13:54:02.334+0000] {logging_mixin.py:188} INFO - [2024-07-17T13:54:02.334+0000] {dag.py:3096} INFO - Sync 1 DAGs
[2024-07-17T13:54:02.369+0000] {logging_mixin.py:188} INFO - [2024-07-17T13:54:02.369+0000] {dag.py:3954} INFO - Setting next_dagrun for example_branch_operator to 2024-07-16 00:00:00+00:00, run_after=2024-07-17 00:00:00+00:00
[2024-07-17T13:54:02.396+0000] {processor.py:183} INFO - Processing /home/airflow/.local/lib/python3.12/site-packages/airflow/example_dags/example_branch_operator.py took 0.152 seconds
[2024-07-17T13:54:32.732+0000] {processor.py:161} INFO - Started process (PID=1517) to work on /home/airflow/.local/lib/python3.12/site-packages/airflow/example_dags/example_branch_operator.py
[2024-07-17T13:54:32.733+0000] {processor.py:830} INFO - Processing file /home/airflow/.local/lib/python3.12/site-packages/airflow/example_dags/example_branch_operator.py for tasks to queue
[2024-07-17T13:54:32.735+0000] {logging_mixin.py:188} INFO - [2024-07-17T13:54:32.735+0000] {dagbag.py:545} INFO - Filling up the DagBag from /home/airflow/.local/lib/python3.12/site-packages/airflow/example_dags/example_branch_operator.py
[2024-07-17T13:54:32.771+0000] {processor.py:840} INFO - DAG(s) 'example_branch_operator' retrieved from /home/airflow/.local/lib/python3.12/site-packages/airflow/example_dags/example_branch_operator.py
[2024-07-17T13:54:32.824+0000] {logging_mixin.py:188} INFO - [2024-07-17T13:54:32.824+0000] {dag.py:3096} INFO - Sync 1 DAGs
[2024-07-17T13:54:32.870+0000] {logging_mixin.py:188} INFO - [2024-07-17T13:54:32.869+0000] {dag.py:3954} INFO - Setting next_dagrun for example_branch_operator to 2024-07-16 00:00:00+00:00, run_after=2024-07-17 00:00:00+00:00
[2024-07-17T13:54:32.902+0000] {processor.py:183} INFO - Processing /home/airflow/.local/lib/python3.12/site-packages/airflow/example_dags/example_branch_operator.py took 0.179 seconds
[2024-07-17T13:55:03.430+0000] {processor.py:161} INFO - Started process (PID=1577) to work on /home/airflow/.local/lib/python3.12/site-packages/airflow/example_dags/example_branch_operator.py
[2024-07-17T13:55:03.432+0000] {processor.py:830} INFO - Processing file /home/airflow/.local/lib/python3.12/site-packages/airflow/example_dags/example_branch_operator.py for tasks to queue
[2024-07-17T13:55:03.433+0000] {logging_mixin.py:188} INFO - [2024-07-17T13:55:03.433+0000] {dagbag.py:545} INFO - Filling up the DagBag from /home/airflow/.local/lib/python3.12/site-packages/airflow/example_dags/example_branch_operator.py
[2024-07-17T13:55:03.458+0000] {processor.py:840} INFO - DAG(s) 'example_branch_operator' retrieved from /home/airflow/.local/lib/python3.12/site-packages/airflow/example_dags/example_branch_operator.py
[2024-07-17T13:55:03.499+0000] {logging_mixin.py:188} INFO - [2024-07-17T13:55:03.499+0000] {dag.py:3096} INFO - Sync 1 DAGs
[2024-07-17T13:55:03.529+0000] {logging_mixin.py:188} INFO - [2024-07-17T13:55:03.529+0000] {dag.py:3954} INFO - Setting next_dagrun for example_branch_operator to 2024-07-16 00:00:00+00:00, run_after=2024-07-17 00:00:00+00:00
[2024-07-17T13:55:03.555+0000] {processor.py:183} INFO - Processing /home/airflow/.local/lib/python3.12/site-packages/airflow/example_dags/example_branch_operator.py took 0.132 seconds
[2024-07-17T13:55:33.622+0000] {processor.py:161} INFO - Started process (PID=1637) to work on /home/airflow/.local/lib/python3.12/site-packages/airflow/example_dags/example_branch_operator.py
[2024-07-17T13:55:33.623+0000] {processor.py:830} INFO - Processing file /home/airflow/.local/lib/python3.12/site-packages/airflow/example_dags/example_branch_operator.py for tasks to queue
[2024-07-17T13:55:33.626+0000] {logging_mixin.py:188} INFO - [2024-07-17T13:55:33.625+0000] {dagbag.py:545} INFO - Filling up the DagBag from /home/airflow/.local/lib/python3.12/site-packages/airflow/example_dags/example_branch_operator.py
[2024-07-17T13:55:33.649+0000] {processor.py:840} INFO - DAG(s) 'example_branch_operator' retrieved from /home/airflow/.local/lib/python3.12/site-packages/airflow/example_dags/example_branch_operator.py
[2024-07-17T13:55:33.686+0000] {logging_mixin.py:188} INFO - [2024-07-17T13:55:33.686+0000] {dag.py:3096} INFO - Sync 1 DAGs
[2024-07-17T13:55:33.710+0000] {logging_mixin.py:188} INFO - [2024-07-17T13:55:33.710+0000] {dag.py:3954} INFO - Setting next_dagrun for example_branch_operator to 2024-07-16 00:00:00+00:00, run_after=2024-07-17 00:00:00+00:00
[2024-07-17T13:55:33.731+0000] {processor.py:183} INFO - Processing /home/airflow/.local/lib/python3.12/site-packages/airflow/example_dags/example_branch_operator.py took 0.116 seconds
[2024-07-17T13:56:04.088+0000] {processor.py:161} INFO - Started process (PID=1698) to work on /home/airflow/.local/lib/python3.12/site-packages/airflow/example_dags/example_branch_operator.py
[2024-07-17T13:56:04.090+0000] {processor.py:830} INFO - Processing file /home/airflow/.local/lib/python3.12/site-packages/airflow/example_dags/example_branch_operator.py for tasks to queue
[2024-07-17T13:56:04.093+0000] {logging_mixin.py:188} INFO - [2024-07-17T13:56:04.093+0000] {dagbag.py:545} INFO - Filling up the DagBag from /home/airflow/.local/lib/python3.12/site-packages/airflow/example_dags/example_branch_operator.py
[2024-07-17T13:56:04.120+0000] {processor.py:840} INFO - DAG(s) 'example_branch_operator' retrieved from /home/airflow/.local/lib/python3.12/site-packages/airflow/example_dags/example_branch_operator.py
[2024-07-17T13:56:04.167+0000] {logging_mixin.py:188} INFO - [2024-07-17T13:56:04.167+0000] {dag.py:3096} INFO - Sync 1 DAGs
[2024-07-17T13:56:04.194+0000] {logging_mixin.py:188} INFO - [2024-07-17T13:56:04.194+0000] {dag.py:3954} INFO - Setting next_dagrun for example_branch_operator to 2024-07-16 00:00:00+00:00, run_after=2024-07-17 00:00:00+00:00
[2024-07-17T13:56:04.217+0000] {processor.py:183} INFO - Processing /home/airflow/.local/lib/python3.12/site-packages/airflow/example_dags/example_branch_operator.py took 0.136 seconds
[2024-07-17T13:56:34.540+0000] {processor.py:161} INFO - Started process (PID=1758) to work on /home/airflow/.local/lib/python3.12/site-packages/airflow/example_dags/example_branch_operator.py
[2024-07-17T13:56:34.541+0000] {processor.py:830} INFO - Processing file /home/airflow/.local/lib/python3.12/site-packages/airflow/example_dags/example_branch_operator.py for tasks to queue
[2024-07-17T13:56:34.544+0000] {logging_mixin.py:188} INFO - [2024-07-17T13:56:34.543+0000] {dagbag.py:545} INFO - Filling up the DagBag from /home/airflow/.local/lib/python3.12/site-packages/airflow/example_dags/example_branch_operator.py
[2024-07-17T13:56:34.569+0000] {processor.py:840} INFO - DAG(s) 'example_branch_operator' retrieved from /home/airflow/.local/lib/python3.12/site-packages/airflow/example_dags/example_branch_operator.py
[2024-07-17T13:56:34.612+0000] {logging_mixin.py:188} INFO - [2024-07-17T13:56:34.611+0000] {dag.py:3096} INFO - Sync 1 DAGs
[2024-07-17T13:56:34.644+0000] {logging_mixin.py:188} INFO - [2024-07-17T13:56:34.644+0000] {dag.py:3954} INFO - Setting next_dagrun for example_branch_operator to 2024-07-16 00:00:00+00:00, run_after=2024-07-17 00:00:00+00:00
[2024-07-17T13:56:34.671+0000] {processor.py:183} INFO - Processing /home/airflow/.local/lib/python3.12/site-packages/airflow/example_dags/example_branch_operator.py took 0.138 seconds
[2024-07-17T13:57:04.749+0000] {processor.py:161} INFO - Started process (PID=1818) to work on /home/airflow/.local/lib/python3.12/site-packages/airflow/example_dags/example_branch_operator.py
[2024-07-17T13:57:04.750+0000] {processor.py:830} INFO - Processing file /home/airflow/.local/lib/python3.12/site-packages/airflow/example_dags/example_branch_operator.py for tasks to queue
[2024-07-17T13:57:04.752+0000] {logging_mixin.py:188} INFO - [2024-07-17T13:57:04.752+0000] {dagbag.py:545} INFO - Filling up the DagBag from /home/airflow/.local/lib/python3.12/site-packages/airflow/example_dags/example_branch_operator.py
[2024-07-17T13:57:04.766+0000] {processor.py:840} INFO - DAG(s) 'example_branch_operator' retrieved from /home/airflow/.local/lib/python3.12/site-packages/airflow/example_dags/example_branch_operator.py
[2024-07-17T13:57:04.905+0000] {logging_mixin.py:188} INFO - [2024-07-17T13:57:04.905+0000] {dag.py:3096} INFO - Sync 1 DAGs
[2024-07-17T13:57:04.923+0000] {logging_mixin.py:188} INFO - [2024-07-17T13:57:04.923+0000] {dag.py:3954} INFO - Setting next_dagrun for example_branch_operator to 2024-07-16 00:00:00+00:00, run_after=2024-07-17 00:00:00+00:00
[2024-07-17T13:57:04.939+0000] {processor.py:183} INFO - Processing /home/airflow/.local/lib/python3.12/site-packages/airflow/example_dags/example_branch_operator.py took 0.194 seconds
[2024-07-17T13:57:35.198+0000] {processor.py:161} INFO - Started process (PID=1878) to work on /home/airflow/.local/lib/python3.12/site-packages/airflow/example_dags/example_branch_operator.py
[2024-07-17T13:57:35.200+0000] {processor.py:830} INFO - Processing file /home/airflow/.local/lib/python3.12/site-packages/airflow/example_dags/example_branch_operator.py for tasks to queue
[2024-07-17T13:57:35.204+0000] {logging_mixin.py:188} INFO - [2024-07-17T13:57:35.203+0000] {dagbag.py:545} INFO - Filling up the DagBag from /home/airflow/.local/lib/python3.12/site-packages/airflow/example_dags/example_branch_operator.py
[2024-07-17T13:57:35.232+0000] {processor.py:840} INFO - DAG(s) 'example_branch_operator' retrieved from /home/airflow/.local/lib/python3.12/site-packages/airflow/example_dags/example_branch_operator.py
[2024-07-17T13:57:35.280+0000] {logging_mixin.py:188} INFO - [2024-07-17T13:57:35.279+0000] {dag.py:3096} INFO - Sync 1 DAGs
[2024-07-17T13:57:35.476+0000] {logging_mixin.py:188} INFO - [2024-07-17T13:57:35.475+0000] {dag.py:3954} INFO - Setting next_dagrun for example_branch_operator to 2024-07-16 00:00:00+00:00, run_after=2024-07-17 00:00:00+00:00
[2024-07-17T13:57:35.519+0000] {processor.py:183} INFO - Processing /home/airflow/.local/lib/python3.12/site-packages/airflow/example_dags/example_branch_operator.py took 0.332 seconds
[2024-07-17T13:58:05.909+0000] {processor.py:161} INFO - Started process (PID=1939) to work on /home/airflow/.local/lib/python3.12/site-packages/airflow/example_dags/example_branch_operator.py
[2024-07-17T13:58:05.910+0000] {processor.py:830} INFO - Processing file /home/airflow/.local/lib/python3.12/site-packages/airflow/example_dags/example_branch_operator.py for tasks to queue
[2024-07-17T13:58:05.912+0000] {logging_mixin.py:188} INFO - [2024-07-17T13:58:05.912+0000] {dagbag.py:545} INFO - Filling up the DagBag from /home/airflow/.local/lib/python3.12/site-packages/airflow/example_dags/example_branch_operator.py
[2024-07-17T13:58:05.939+0000] {processor.py:840} INFO - DAG(s) 'example_branch_operator' retrieved from /home/airflow/.local/lib/python3.12/site-packages/airflow/example_dags/example_branch_operator.py
[2024-07-17T13:58:05.976+0000] {logging_mixin.py:188} INFO - [2024-07-17T13:58:05.975+0000] {dag.py:3096} INFO - Sync 1 DAGs
[2024-07-17T13:58:06.006+0000] {logging_mixin.py:188} INFO - [2024-07-17T13:58:06.005+0000] {dag.py:3954} INFO - Setting next_dagrun for example_branch_operator to 2024-07-16 00:00:00+00:00, run_after=2024-07-17 00:00:00+00:00
[2024-07-17T13:58:06.032+0000] {processor.py:183} INFO - Processing /home/airflow/.local/lib/python3.12/site-packages/airflow/example_dags/example_branch_operator.py took 0.131 seconds
[2024-07-17T13:58:36.089+0000] {processor.py:161} INFO - Started process (PID=2000) to work on /home/airflow/.local/lib/python3.12/site-packages/airflow/example_dags/example_branch_operator.py
[2024-07-17T13:58:36.090+0000] {processor.py:830} INFO - Processing file /home/airflow/.local/lib/python3.12/site-packages/airflow/example_dags/example_branch_operator.py for tasks to queue
[2024-07-17T13:58:36.092+0000] {logging_mixin.py:188} INFO - [2024-07-17T13:58:36.092+0000] {dagbag.py:545} INFO - Filling up the DagBag from /home/airflow/.local/lib/python3.12/site-packages/airflow/example_dags/example_branch_operator.py
[2024-07-17T13:58:36.108+0000] {processor.py:840} INFO - DAG(s) 'example_branch_operator' retrieved from /home/airflow/.local/lib/python3.12/site-packages/airflow/example_dags/example_branch_operator.py
[2024-07-17T13:58:36.143+0000] {logging_mixin.py:188} INFO - [2024-07-17T13:58:36.142+0000] {dag.py:3096} INFO - Sync 1 DAGs
[2024-07-17T13:58:36.170+0000] {logging_mixin.py:188} INFO - [2024-07-17T13:58:36.169+0000] {dag.py:3954} INFO - Setting next_dagrun for example_branch_operator to 2024-07-16 00:00:00+00:00, run_after=2024-07-17 00:00:00+00:00
[2024-07-17T13:58:36.197+0000] {processor.py:183} INFO - Processing /home/airflow/.local/lib/python3.12/site-packages/airflow/example_dags/example_branch_operator.py took 0.116 seconds
[2024-07-17T13:59:06.248+0000] {processor.py:161} INFO - Started process (PID=2059) to work on /home/airflow/.local/lib/python3.12/site-packages/airflow/example_dags/example_branch_operator.py
[2024-07-17T13:59:06.250+0000] {processor.py:830} INFO - Processing file /home/airflow/.local/lib/python3.12/site-packages/airflow/example_dags/example_branch_operator.py for tasks to queue
[2024-07-17T13:59:06.251+0000] {logging_mixin.py:188} INFO - [2024-07-17T13:59:06.251+0000] {dagbag.py:545} INFO - Filling up the DagBag from /home/airflow/.local/lib/python3.12/site-packages/airflow/example_dags/example_branch_operator.py
[2024-07-17T13:59:06.267+0000] {processor.py:840} INFO - DAG(s) 'example_branch_operator' retrieved from /home/airflow/.local/lib/python3.12/site-packages/airflow/example_dags/example_branch_operator.py
[2024-07-17T13:59:06.297+0000] {logging_mixin.py:188} INFO - [2024-07-17T13:59:06.297+0000] {dag.py:3096} INFO - Sync 1 DAGs
[2024-07-17T13:59:06.320+0000] {logging_mixin.py:188} INFO - [2024-07-17T13:59:06.320+0000] {dag.py:3954} INFO - Setting next_dagrun for example_branch_operator to 2024-07-16 00:00:00+00:00, run_after=2024-07-17 00:00:00+00:00
[2024-07-17T13:59:06.343+0000] {processor.py:183} INFO - Processing /home/airflow/.local/lib/python3.12/site-packages/airflow/example_dags/example_branch_operator.py took 0.100 seconds
[2024-07-17T13:59:36.729+0000] {processor.py:161} INFO - Started process (PID=2120) to work on /home/airflow/.local/lib/python3.12/site-packages/airflow/example_dags/example_branch_operator.py
[2024-07-17T13:59:36.730+0000] {processor.py:830} INFO - Processing file /home/airflow/.local/lib/python3.12/site-packages/airflow/example_dags/example_branch_operator.py for tasks to queue
[2024-07-17T13:59:36.733+0000] {logging_mixin.py:188} INFO - [2024-07-17T13:59:36.732+0000] {dagbag.py:545} INFO - Filling up the DagBag from /home/airflow/.local/lib/python3.12/site-packages/airflow/example_dags/example_branch_operator.py
[2024-07-17T13:59:36.755+0000] {processor.py:840} INFO - DAG(s) 'example_branch_operator' retrieved from /home/airflow/.local/lib/python3.12/site-packages/airflow/example_dags/example_branch_operator.py
[2024-07-17T13:59:36.821+0000] {logging_mixin.py:188} INFO - [2024-07-17T13:59:36.821+0000] {dag.py:3096} INFO - Sync 1 DAGs
[2024-07-17T13:59:36.862+0000] {logging_mixin.py:188} INFO - [2024-07-17T13:59:36.862+0000] {dag.py:3954} INFO - Setting next_dagrun for example_branch_operator to 2024-07-16 00:00:00+00:00, run_after=2024-07-17 00:00:00+00:00
[2024-07-17T13:59:36.901+0000] {processor.py:183} INFO - Processing /home/airflow/.local/lib/python3.12/site-packages/airflow/example_dags/example_branch_operator.py took 0.180 seconds
[2024-07-17T14:00:07.281+0000] {processor.py:161} INFO - Started process (PID=2180) to work on /home/airflow/.local/lib/python3.12/site-packages/airflow/example_dags/example_branch_operator.py
[2024-07-17T14:00:07.281+0000] {processor.py:830} INFO - Processing file /home/airflow/.local/lib/python3.12/site-packages/airflow/example_dags/example_branch_operator.py for tasks to queue
[2024-07-17T14:00:07.283+0000] {logging_mixin.py:188} INFO - [2024-07-17T14:00:07.283+0000] {dagbag.py:545} INFO - Filling up the DagBag from /home/airflow/.local/lib/python3.12/site-packages/airflow/example_dags/example_branch_operator.py
[2024-07-17T14:00:07.297+0000] {processor.py:840} INFO - DAG(s) 'example_branch_operator' retrieved from /home/airflow/.local/lib/python3.12/site-packages/airflow/example_dags/example_branch_operator.py
[2024-07-17T14:00:07.325+0000] {logging_mixin.py:188} INFO - [2024-07-17T14:00:07.325+0000] {dag.py:3096} INFO - Sync 1 DAGs
[2024-07-17T14:00:07.354+0000] {logging_mixin.py:188} INFO - [2024-07-17T14:00:07.354+0000] {dag.py:3954} INFO - Setting next_dagrun for example_branch_operator to 2024-07-16 00:00:00+00:00, run_after=2024-07-17 00:00:00+00:00
[2024-07-17T14:00:07.378+0000] {processor.py:183} INFO - Processing /home/airflow/.local/lib/python3.12/site-packages/airflow/example_dags/example_branch_operator.py took 0.102 seconds
[2024-07-17T14:00:37.616+0000] {processor.py:161} INFO - Started process (PID=2240) to work on /home/airflow/.local/lib/python3.12/site-packages/airflow/example_dags/example_branch_operator.py
[2024-07-17T14:00:37.617+0000] {processor.py:830} INFO - Processing file /home/airflow/.local/lib/python3.12/site-packages/airflow/example_dags/example_branch_operator.py for tasks to queue
[2024-07-17T14:00:37.620+0000] {logging_mixin.py:188} INFO - [2024-07-17T14:00:37.619+0000] {dagbag.py:545} INFO - Filling up the DagBag from /home/airflow/.local/lib/python3.12/site-packages/airflow/example_dags/example_branch_operator.py
[2024-07-17T14:00:37.638+0000] {processor.py:840} INFO - DAG(s) 'example_branch_operator' retrieved from /home/airflow/.local/lib/python3.12/site-packages/airflow/example_dags/example_branch_operator.py
[2024-07-17T14:00:37.675+0000] {logging_mixin.py:188} INFO - [2024-07-17T14:00:37.674+0000] {dag.py:3096} INFO - Sync 1 DAGs
[2024-07-17T14:00:37.700+0000] {logging_mixin.py:188} INFO - [2024-07-17T14:00:37.700+0000] {dag.py:3954} INFO - Setting next_dagrun for example_branch_operator to 2024-07-16 00:00:00+00:00, run_after=2024-07-17 00:00:00+00:00
[2024-07-17T14:00:37.726+0000] {processor.py:183} INFO - Processing /home/airflow/.local/lib/python3.12/site-packages/airflow/example_dags/example_branch_operator.py took 0.116 seconds
[2024-07-17T14:01:07.984+0000] {processor.py:161} INFO - Started process (PID=2300) to work on /home/airflow/.local/lib/python3.12/site-packages/airflow/example_dags/example_branch_operator.py
[2024-07-17T14:01:07.985+0000] {processor.py:830} INFO - Processing file /home/airflow/.local/lib/python3.12/site-packages/airflow/example_dags/example_branch_operator.py for tasks to queue
[2024-07-17T14:01:07.987+0000] {logging_mixin.py:188} INFO - [2024-07-17T14:01:07.986+0000] {dagbag.py:545} INFO - Filling up the DagBag from /home/airflow/.local/lib/python3.12/site-packages/airflow/example_dags/example_branch_operator.py
[2024-07-17T14:01:08.002+0000] {processor.py:840} INFO - DAG(s) 'example_branch_operator' retrieved from /home/airflow/.local/lib/python3.12/site-packages/airflow/example_dags/example_branch_operator.py
[2024-07-17T14:01:08.042+0000] {logging_mixin.py:188} INFO - [2024-07-17T14:01:08.042+0000] {dag.py:3096} INFO - Sync 1 DAGs
[2024-07-17T14:01:08.077+0000] {logging_mixin.py:188} INFO - [2024-07-17T14:01:08.077+0000] {dag.py:3954} INFO - Setting next_dagrun for example_branch_operator to 2024-07-16 00:00:00+00:00, run_after=2024-07-17 00:00:00+00:00
[2024-07-17T14:01:08.100+0000] {processor.py:183} INFO - Processing /home/airflow/.local/lib/python3.12/site-packages/airflow/example_dags/example_branch_operator.py took 0.121 seconds
[2024-07-17T14:01:38.370+0000] {processor.py:161} INFO - Started process (PID=2360) to work on /home/airflow/.local/lib/python3.12/site-packages/airflow/example_dags/example_branch_operator.py
[2024-07-17T14:01:38.371+0000] {processor.py:830} INFO - Processing file /home/airflow/.local/lib/python3.12/site-packages/airflow/example_dags/example_branch_operator.py for tasks to queue
[2024-07-17T14:01:38.373+0000] {logging_mixin.py:188} INFO - [2024-07-17T14:01:38.372+0000] {dagbag.py:545} INFO - Filling up the DagBag from /home/airflow/.local/lib/python3.12/site-packages/airflow/example_dags/example_branch_operator.py
[2024-07-17T14:01:38.388+0000] {processor.py:840} INFO - DAG(s) 'example_branch_operator' retrieved from /home/airflow/.local/lib/python3.12/site-packages/airflow/example_dags/example_branch_operator.py
[2024-07-17T14:01:38.421+0000] {logging_mixin.py:188} INFO - [2024-07-17T14:01:38.420+0000] {dag.py:3096} INFO - Sync 1 DAGs
[2024-07-17T14:01:38.444+0000] {logging_mixin.py:188} INFO - [2024-07-17T14:01:38.444+0000] {dag.py:3954} INFO - Setting next_dagrun for example_branch_operator to 2024-07-16 00:00:00+00:00, run_after=2024-07-17 00:00:00+00:00
[2024-07-17T14:01:38.466+0000] {processor.py:183} INFO - Processing /home/airflow/.local/lib/python3.12/site-packages/airflow/example_dags/example_branch_operator.py took 0.103 seconds
[2024-07-17T14:04:00.637+0000] {processor.py:161} INFO - Started process (PID=2418) to work on /home/airflow/.local/lib/python3.12/site-packages/airflow/example_dags/example_branch_operator.py
[2024-07-17T14:04:00.638+0000] {processor.py:830} INFO - Processing file /home/airflow/.local/lib/python3.12/site-packages/airflow/example_dags/example_branch_operator.py for tasks to queue
[2024-07-17T14:04:00.640+0000] {logging_mixin.py:188} INFO - [2024-07-17T14:04:00.639+0000] {dagbag.py:545} INFO - Filling up the DagBag from /home/airflow/.local/lib/python3.12/site-packages/airflow/example_dags/example_branch_operator.py
[2024-07-17T14:04:00.678+0000] {processor.py:840} INFO - DAG(s) 'example_branch_operator' retrieved from /home/airflow/.local/lib/python3.12/site-packages/airflow/example_dags/example_branch_operator.py
[2024-07-17T14:04:00.712+0000] {logging_mixin.py:188} INFO - [2024-07-17T14:04:00.712+0000] {dag.py:3096} INFO - Sync 1 DAGs
[2024-07-17T14:04:00.738+0000] {logging_mixin.py:188} INFO - [2024-07-17T14:04:00.738+0000] {dag.py:3954} INFO - Setting next_dagrun for example_branch_operator to 2024-07-16 00:00:00+00:00, run_after=2024-07-17 00:00:00+00:00
[2024-07-17T14:04:00.863+0000] {processor.py:183} INFO - Processing /home/airflow/.local/lib/python3.12/site-packages/airflow/example_dags/example_branch_operator.py took 0.230 seconds
[2024-07-17T14:04:31.337+0000] {processor.py:161} INFO - Started process (PID=2479) to work on /home/airflow/.local/lib/python3.12/site-packages/airflow/example_dags/example_branch_operator.py
[2024-07-17T14:04:31.339+0000] {processor.py:830} INFO - Processing file /home/airflow/.local/lib/python3.12/site-packages/airflow/example_dags/example_branch_operator.py for tasks to queue
[2024-07-17T14:04:31.341+0000] {logging_mixin.py:188} INFO - [2024-07-17T14:04:31.340+0000] {dagbag.py:545} INFO - Filling up the DagBag from /home/airflow/.local/lib/python3.12/site-packages/airflow/example_dags/example_branch_operator.py
[2024-07-17T14:04:31.379+0000] {processor.py:840} INFO - DAG(s) 'example_branch_operator' retrieved from /home/airflow/.local/lib/python3.12/site-packages/airflow/example_dags/example_branch_operator.py
[2024-07-17T14:04:31.423+0000] {logging_mixin.py:188} INFO - [2024-07-17T14:04:31.422+0000] {dag.py:3096} INFO - Sync 1 DAGs
[2024-07-17T14:04:31.451+0000] {logging_mixin.py:188} INFO - [2024-07-17T14:04:31.450+0000] {dag.py:3954} INFO - Setting next_dagrun for example_branch_operator to 2024-07-16 00:00:00+00:00, run_after=2024-07-17 00:00:00+00:00
[2024-07-17T14:04:31.477+0000] {processor.py:183} INFO - Processing /home/airflow/.local/lib/python3.12/site-packages/airflow/example_dags/example_branch_operator.py took 0.156 seconds
[2024-07-17T14:05:01.647+0000] {processor.py:161} INFO - Started process (PID=2540) to work on /home/airflow/.local/lib/python3.12/site-packages/airflow/example_dags/example_branch_operator.py
[2024-07-17T14:05:01.648+0000] {processor.py:830} INFO - Processing file /home/airflow/.local/lib/python3.12/site-packages/airflow/example_dags/example_branch_operator.py for tasks to queue
[2024-07-17T14:05:01.651+0000] {logging_mixin.py:188} INFO - [2024-07-17T14:05:01.650+0000] {dagbag.py:545} INFO - Filling up the DagBag from /home/airflow/.local/lib/python3.12/site-packages/airflow/example_dags/example_branch_operator.py
[2024-07-17T14:05:01.677+0000] {processor.py:840} INFO - DAG(s) 'example_branch_operator' retrieved from /home/airflow/.local/lib/python3.12/site-packages/airflow/example_dags/example_branch_operator.py
[2024-07-17T14:05:01.721+0000] {logging_mixin.py:188} INFO - [2024-07-17T14:05:01.721+0000] {dag.py:3096} INFO - Sync 1 DAGs
[2024-07-17T14:05:01.750+0000] {logging_mixin.py:188} INFO - [2024-07-17T14:05:01.749+0000] {dag.py:3954} INFO - Setting next_dagrun for example_branch_operator to 2024-07-16 00:00:00+00:00, run_after=2024-07-17 00:00:00+00:00
[2024-07-17T14:05:01.775+0000] {processor.py:183} INFO - Processing /home/airflow/.local/lib/python3.12/site-packages/airflow/example_dags/example_branch_operator.py took 0.137 seconds
[2024-07-17T14:05:32.057+0000] {processor.py:161} INFO - Started process (PID=2596) to work on /home/airflow/.local/lib/python3.12/site-packages/airflow/example_dags/example_branch_operator.py
[2024-07-17T14:05:32.058+0000] {processor.py:830} INFO - Processing file /home/airflow/.local/lib/python3.12/site-packages/airflow/example_dags/example_branch_operator.py for tasks to queue
[2024-07-17T14:05:32.060+0000] {logging_mixin.py:188} INFO - [2024-07-17T14:05:32.060+0000] {dagbag.py:545} INFO - Filling up the DagBag from /home/airflow/.local/lib/python3.12/site-packages/airflow/example_dags/example_branch_operator.py
[2024-07-17T14:05:32.075+0000] {processor.py:840} INFO - DAG(s) 'example_branch_operator' retrieved from /home/airflow/.local/lib/python3.12/site-packages/airflow/example_dags/example_branch_operator.py
[2024-07-17T14:05:32.105+0000] {logging_mixin.py:188} INFO - [2024-07-17T14:05:32.105+0000] {dag.py:3096} INFO - Sync 1 DAGs
[2024-07-17T14:05:32.129+0000] {logging_mixin.py:188} INFO - [2024-07-17T14:05:32.128+0000] {dag.py:3954} INFO - Setting next_dagrun for example_branch_operator to 2024-07-16 00:00:00+00:00, run_after=2024-07-17 00:00:00+00:00
[2024-07-17T14:05:32.148+0000] {processor.py:183} INFO - Processing /home/airflow/.local/lib/python3.12/site-packages/airflow/example_dags/example_branch_operator.py took 0.098 seconds
[2024-07-17T14:06:02.622+0000] {processor.py:161} INFO - Started process (PID=2657) to work on /home/airflow/.local/lib/python3.12/site-packages/airflow/example_dags/example_branch_operator.py
[2024-07-17T14:06:02.624+0000] {processor.py:830} INFO - Processing file /home/airflow/.local/lib/python3.12/site-packages/airflow/example_dags/example_branch_operator.py for tasks to queue
[2024-07-17T14:06:02.629+0000] {logging_mixin.py:188} INFO - [2024-07-17T14:06:02.628+0000] {dagbag.py:545} INFO - Filling up the DagBag from /home/airflow/.local/lib/python3.12/site-packages/airflow/example_dags/example_branch_operator.py
[2024-07-17T14:06:02.662+0000] {processor.py:840} INFO - DAG(s) 'example_branch_operator' retrieved from /home/airflow/.local/lib/python3.12/site-packages/airflow/example_dags/example_branch_operator.py
[2024-07-17T14:06:02.728+0000] {logging_mixin.py:188} INFO - [2024-07-17T14:06:02.727+0000] {dag.py:3096} INFO - Sync 1 DAGs
[2024-07-17T14:06:02.784+0000] {logging_mixin.py:188} INFO - [2024-07-17T14:06:02.783+0000] {dag.py:3954} INFO - Setting next_dagrun for example_branch_operator to 2024-07-16 00:00:00+00:00, run_after=2024-07-17 00:00:00+00:00
[2024-07-17T14:06:02.825+0000] {processor.py:183} INFO - Processing /home/airflow/.local/lib/python3.12/site-packages/airflow/example_dags/example_branch_operator.py took 0.215 seconds
[2024-07-17T14:06:33.975+0000] {processor.py:161} INFO - Started process (PID=2717) to work on /home/airflow/.local/lib/python3.12/site-packages/airflow/example_dags/example_branch_operator.py
[2024-07-17T14:06:33.977+0000] {processor.py:830} INFO - Processing file /home/airflow/.local/lib/python3.12/site-packages/airflow/example_dags/example_branch_operator.py for tasks to queue
[2024-07-17T14:06:33.982+0000] {logging_mixin.py:188} INFO - [2024-07-17T14:06:33.981+0000] {dagbag.py:545} INFO - Filling up the DagBag from /home/airflow/.local/lib/python3.12/site-packages/airflow/example_dags/example_branch_operator.py
[2024-07-17T14:06:34.034+0000] {processor.py:840} INFO - DAG(s) 'example_branch_operator' retrieved from /home/airflow/.local/lib/python3.12/site-packages/airflow/example_dags/example_branch_operator.py
[2024-07-17T14:06:34.115+0000] {logging_mixin.py:188} INFO - [2024-07-17T14:06:34.114+0000] {dag.py:3096} INFO - Sync 1 DAGs
[2024-07-17T14:06:34.193+0000] {logging_mixin.py:188} INFO - [2024-07-17T14:06:34.192+0000] {dag.py:3954} INFO - Setting next_dagrun for example_branch_operator to 2024-07-16 00:00:00+00:00, run_after=2024-07-17 00:00:00+00:00
[2024-07-17T14:06:34.256+0000] {processor.py:183} INFO - Processing /home/airflow/.local/lib/python3.12/site-packages/airflow/example_dags/example_branch_operator.py took 0.296 seconds
[2024-07-17T14:07:04.474+0000] {processor.py:161} INFO - Started process (PID=2777) to work on /home/airflow/.local/lib/python3.12/site-packages/airflow/example_dags/example_branch_operator.py
[2024-07-17T14:07:04.476+0000] {processor.py:830} INFO - Processing file /home/airflow/.local/lib/python3.12/site-packages/airflow/example_dags/example_branch_operator.py for tasks to queue
[2024-07-17T14:07:04.479+0000] {logging_mixin.py:188} INFO - [2024-07-17T14:07:04.479+0000] {dagbag.py:545} INFO - Filling up the DagBag from /home/airflow/.local/lib/python3.12/site-packages/airflow/example_dags/example_branch_operator.py
[2024-07-17T14:07:04.525+0000] {processor.py:840} INFO - DAG(s) 'example_branch_operator' retrieved from /home/airflow/.local/lib/python3.12/site-packages/airflow/example_dags/example_branch_operator.py
[2024-07-17T14:07:04.635+0000] {logging_mixin.py:188} INFO - [2024-07-17T14:07:04.634+0000] {dag.py:3096} INFO - Sync 1 DAGs
[2024-07-17T14:07:04.716+0000] {logging_mixin.py:188} INFO - [2024-07-17T14:07:04.715+0000] {dag.py:3954} INFO - Setting next_dagrun for example_branch_operator to 2024-07-16 00:00:00+00:00, run_after=2024-07-17 00:00:00+00:00
[2024-07-17T14:07:04.770+0000] {processor.py:183} INFO - Processing /home/airflow/.local/lib/python3.12/site-packages/airflow/example_dags/example_branch_operator.py took 0.312 seconds
[2024-07-17T14:07:35.012+0000] {processor.py:161} INFO - Started process (PID=2837) to work on /home/airflow/.local/lib/python3.12/site-packages/airflow/example_dags/example_branch_operator.py
[2024-07-17T14:07:35.015+0000] {processor.py:830} INFO - Processing file /home/airflow/.local/lib/python3.12/site-packages/airflow/example_dags/example_branch_operator.py for tasks to queue
[2024-07-17T14:07:35.019+0000] {logging_mixin.py:188} INFO - [2024-07-17T14:07:35.018+0000] {dagbag.py:545} INFO - Filling up the DagBag from /home/airflow/.local/lib/python3.12/site-packages/airflow/example_dags/example_branch_operator.py
[2024-07-17T14:07:35.063+0000] {processor.py:840} INFO - DAG(s) 'example_branch_operator' retrieved from /home/airflow/.local/lib/python3.12/site-packages/airflow/example_dags/example_branch_operator.py
[2024-07-17T14:07:35.125+0000] {logging_mixin.py:188} INFO - [2024-07-17T14:07:35.125+0000] {dag.py:3096} INFO - Sync 1 DAGs
[2024-07-17T14:07:35.184+0000] {logging_mixin.py:188} INFO - [2024-07-17T14:07:35.183+0000] {dag.py:3954} INFO - Setting next_dagrun for example_branch_operator to 2024-07-16 00:00:00+00:00, run_after=2024-07-17 00:00:00+00:00
[2024-07-17T14:07:35.244+0000] {processor.py:183} INFO - Processing /home/airflow/.local/lib/python3.12/site-packages/airflow/example_dags/example_branch_operator.py took 0.252 seconds
[2024-07-17T14:08:05.334+0000] {processor.py:161} INFO - Started process (PID=2897) to work on /home/airflow/.local/lib/python3.12/site-packages/airflow/example_dags/example_branch_operator.py
[2024-07-17T14:08:05.337+0000] {processor.py:830} INFO - Processing file /home/airflow/.local/lib/python3.12/site-packages/airflow/example_dags/example_branch_operator.py for tasks to queue
[2024-07-17T14:08:05.341+0000] {logging_mixin.py:188} INFO - [2024-07-17T14:08:05.340+0000] {dagbag.py:545} INFO - Filling up the DagBag from /home/airflow/.local/lib/python3.12/site-packages/airflow/example_dags/example_branch_operator.py
[2024-07-17T14:08:05.382+0000] {processor.py:840} INFO - DAG(s) 'example_branch_operator' retrieved from /home/airflow/.local/lib/python3.12/site-packages/airflow/example_dags/example_branch_operator.py
[2024-07-17T14:08:05.474+0000] {logging_mixin.py:188} INFO - [2024-07-17T14:08:05.473+0000] {dag.py:3096} INFO - Sync 1 DAGs
[2024-07-17T14:08:05.541+0000] {logging_mixin.py:188} INFO - [2024-07-17T14:08:05.541+0000] {dag.py:3954} INFO - Setting next_dagrun for example_branch_operator to 2024-07-16 00:00:00+00:00, run_after=2024-07-17 00:00:00+00:00
[2024-07-17T14:08:05.578+0000] {processor.py:183} INFO - Processing /home/airflow/.local/lib/python3.12/site-packages/airflow/example_dags/example_branch_operator.py took 0.255 seconds
[2024-07-17T14:08:35.794+0000] {processor.py:161} INFO - Started process (PID=2957) to work on /home/airflow/.local/lib/python3.12/site-packages/airflow/example_dags/example_branch_operator.py
[2024-07-17T14:08:35.796+0000] {processor.py:830} INFO - Processing file /home/airflow/.local/lib/python3.12/site-packages/airflow/example_dags/example_branch_operator.py for tasks to queue
[2024-07-17T14:08:35.799+0000] {logging_mixin.py:188} INFO - [2024-07-17T14:08:35.799+0000] {dagbag.py:545} INFO - Filling up the DagBag from /home/airflow/.local/lib/python3.12/site-packages/airflow/example_dags/example_branch_operator.py
[2024-07-17T14:08:35.830+0000] {processor.py:840} INFO - DAG(s) 'example_branch_operator' retrieved from /home/airflow/.local/lib/python3.12/site-packages/airflow/example_dags/example_branch_operator.py
[2024-07-17T14:08:35.890+0000] {logging_mixin.py:188} INFO - [2024-07-17T14:08:35.890+0000] {dag.py:3096} INFO - Sync 1 DAGs
[2024-07-17T14:08:35.933+0000] {logging_mixin.py:188} INFO - [2024-07-17T14:08:35.933+0000] {dag.py:3954} INFO - Setting next_dagrun for example_branch_operator to 2024-07-16 00:00:00+00:00, run_after=2024-07-17 00:00:00+00:00
[2024-07-17T14:08:35.975+0000] {processor.py:183} INFO - Processing /home/airflow/.local/lib/python3.12/site-packages/airflow/example_dags/example_branch_operator.py took 0.191 seconds
[2024-07-17T14:09:06.319+0000] {processor.py:161} INFO - Started process (PID=3017) to work on /home/airflow/.local/lib/python3.12/site-packages/airflow/example_dags/example_branch_operator.py
[2024-07-17T14:09:06.320+0000] {processor.py:830} INFO - Processing file /home/airflow/.local/lib/python3.12/site-packages/airflow/example_dags/example_branch_operator.py for tasks to queue
[2024-07-17T14:09:06.324+0000] {logging_mixin.py:188} INFO - [2024-07-17T14:09:06.323+0000] {dagbag.py:545} INFO - Filling up the DagBag from /home/airflow/.local/lib/python3.12/site-packages/airflow/example_dags/example_branch_operator.py
[2024-07-17T14:09:06.356+0000] {processor.py:840} INFO - DAG(s) 'example_branch_operator' retrieved from /home/airflow/.local/lib/python3.12/site-packages/airflow/example_dags/example_branch_operator.py
[2024-07-17T14:09:06.421+0000] {logging_mixin.py:188} INFO - [2024-07-17T14:09:06.421+0000] {dag.py:3096} INFO - Sync 1 DAGs
[2024-07-17T14:09:06.480+0000] {logging_mixin.py:188} INFO - [2024-07-17T14:09:06.480+0000] {dag.py:3954} INFO - Setting next_dagrun for example_branch_operator to 2024-07-16 00:00:00+00:00, run_after=2024-07-17 00:00:00+00:00
[2024-07-17T14:09:06.518+0000] {processor.py:183} INFO - Processing /home/airflow/.local/lib/python3.12/site-packages/airflow/example_dags/example_branch_operator.py took 0.210 seconds
[2024-07-17T14:09:37.088+0000] {processor.py:161} INFO - Started process (PID=3077) to work on /home/airflow/.local/lib/python3.12/site-packages/airflow/example_dags/example_branch_operator.py
[2024-07-17T14:09:37.090+0000] {processor.py:830} INFO - Processing file /home/airflow/.local/lib/python3.12/site-packages/airflow/example_dags/example_branch_operator.py for tasks to queue
[2024-07-17T14:09:37.094+0000] {logging_mixin.py:188} INFO - [2024-07-17T14:09:37.093+0000] {dagbag.py:545} INFO - Filling up the DagBag from /home/airflow/.local/lib/python3.12/site-packages/airflow/example_dags/example_branch_operator.py
[2024-07-17T14:09:37.135+0000] {processor.py:840} INFO - DAG(s) 'example_branch_operator' retrieved from /home/airflow/.local/lib/python3.12/site-packages/airflow/example_dags/example_branch_operator.py
[2024-07-17T14:09:37.200+0000] {logging_mixin.py:188} INFO - [2024-07-17T14:09:37.199+0000] {dag.py:3096} INFO - Sync 1 DAGs
[2024-07-17T14:09:37.257+0000] {logging_mixin.py:188} INFO - [2024-07-17T14:09:37.256+0000] {dag.py:3954} INFO - Setting next_dagrun for example_branch_operator to 2024-07-16 00:00:00+00:00, run_after=2024-07-17 00:00:00+00:00
[2024-07-17T14:09:37.300+0000] {processor.py:183} INFO - Processing /home/airflow/.local/lib/python3.12/site-packages/airflow/example_dags/example_branch_operator.py took 0.225 seconds
[2024-07-17T14:10:07.489+0000] {processor.py:161} INFO - Started process (PID=3137) to work on /home/airflow/.local/lib/python3.12/site-packages/airflow/example_dags/example_branch_operator.py
[2024-07-17T14:10:07.492+0000] {processor.py:830} INFO - Processing file /home/airflow/.local/lib/python3.12/site-packages/airflow/example_dags/example_branch_operator.py for tasks to queue
[2024-07-17T14:10:07.495+0000] {logging_mixin.py:188} INFO - [2024-07-17T14:10:07.495+0000] {dagbag.py:545} INFO - Filling up the DagBag from /home/airflow/.local/lib/python3.12/site-packages/airflow/example_dags/example_branch_operator.py
[2024-07-17T14:10:07.535+0000] {processor.py:840} INFO - DAG(s) 'example_branch_operator' retrieved from /home/airflow/.local/lib/python3.12/site-packages/airflow/example_dags/example_branch_operator.py
[2024-07-17T14:10:07.598+0000] {logging_mixin.py:188} INFO - [2024-07-17T14:10:07.597+0000] {dag.py:3096} INFO - Sync 1 DAGs
[2024-07-17T14:10:07.643+0000] {logging_mixin.py:188} INFO - [2024-07-17T14:10:07.642+0000] {dag.py:3954} INFO - Setting next_dagrun for example_branch_operator to 2024-07-16 00:00:00+00:00, run_after=2024-07-17 00:00:00+00:00
[2024-07-17T14:10:07.685+0000] {processor.py:183} INFO - Processing /home/airflow/.local/lib/python3.12/site-packages/airflow/example_dags/example_branch_operator.py took 0.207 seconds
[2024-07-17T14:10:37.878+0000] {processor.py:161} INFO - Started process (PID=3197) to work on /home/airflow/.local/lib/python3.12/site-packages/airflow/example_dags/example_branch_operator.py
[2024-07-17T14:10:37.880+0000] {processor.py:830} INFO - Processing file /home/airflow/.local/lib/python3.12/site-packages/airflow/example_dags/example_branch_operator.py for tasks to queue
[2024-07-17T14:10:37.883+0000] {logging_mixin.py:188} INFO - [2024-07-17T14:10:37.883+0000] {dagbag.py:545} INFO - Filling up the DagBag from /home/airflow/.local/lib/python3.12/site-packages/airflow/example_dags/example_branch_operator.py
[2024-07-17T14:10:37.925+0000] {processor.py:840} INFO - DAG(s) 'example_branch_operator' retrieved from /home/airflow/.local/lib/python3.12/site-packages/airflow/example_dags/example_branch_operator.py
[2024-07-17T14:10:37.991+0000] {logging_mixin.py:188} INFO - [2024-07-17T14:10:37.991+0000] {dag.py:3096} INFO - Sync 1 DAGs
[2024-07-17T14:10:38.044+0000] {logging_mixin.py:188} INFO - [2024-07-17T14:10:38.043+0000] {dag.py:3954} INFO - Setting next_dagrun for example_branch_operator to 2024-07-16 00:00:00+00:00, run_after=2024-07-17 00:00:00+00:00
[2024-07-17T14:10:38.086+0000] {processor.py:183} INFO - Processing /home/airflow/.local/lib/python3.12/site-packages/airflow/example_dags/example_branch_operator.py took 0.222 seconds
[2024-07-17T14:11:08.405+0000] {processor.py:161} INFO - Started process (PID=3258) to work on /home/airflow/.local/lib/python3.12/site-packages/airflow/example_dags/example_branch_operator.py
[2024-07-17T14:11:08.407+0000] {processor.py:830} INFO - Processing file /home/airflow/.local/lib/python3.12/site-packages/airflow/example_dags/example_branch_operator.py for tasks to queue
[2024-07-17T14:11:08.412+0000] {logging_mixin.py:188} INFO - [2024-07-17T14:11:08.411+0000] {dagbag.py:545} INFO - Filling up the DagBag from /home/airflow/.local/lib/python3.12/site-packages/airflow/example_dags/example_branch_operator.py
[2024-07-17T14:11:08.458+0000] {processor.py:840} INFO - DAG(s) 'example_branch_operator' retrieved from /home/airflow/.local/lib/python3.12/site-packages/airflow/example_dags/example_branch_operator.py
[2024-07-17T14:11:08.536+0000] {logging_mixin.py:188} INFO - [2024-07-17T14:11:08.535+0000] {dag.py:3096} INFO - Sync 1 DAGs
[2024-07-17T14:11:08.596+0000] {logging_mixin.py:188} INFO - [2024-07-17T14:11:08.596+0000] {dag.py:3954} INFO - Setting next_dagrun for example_branch_operator to 2024-07-16 00:00:00+00:00, run_after=2024-07-17 00:00:00+00:00
[2024-07-17T14:11:08.634+0000] {processor.py:183} INFO - Processing /home/airflow/.local/lib/python3.12/site-packages/airflow/example_dags/example_branch_operator.py took 0.242 seconds
[2024-07-17T14:11:39.023+0000] {processor.py:161} INFO - Started process (PID=3317) to work on /home/airflow/.local/lib/python3.12/site-packages/airflow/example_dags/example_branch_operator.py
[2024-07-17T14:11:39.025+0000] {processor.py:830} INFO - Processing file /home/airflow/.local/lib/python3.12/site-packages/airflow/example_dags/example_branch_operator.py for tasks to queue
[2024-07-17T14:11:39.029+0000] {logging_mixin.py:188} INFO - [2024-07-17T14:11:39.028+0000] {dagbag.py:545} INFO - Filling up the DagBag from /home/airflow/.local/lib/python3.12/site-packages/airflow/example_dags/example_branch_operator.py
[2024-07-17T14:11:39.083+0000] {processor.py:840} INFO - DAG(s) 'example_branch_operator' retrieved from /home/airflow/.local/lib/python3.12/site-packages/airflow/example_dags/example_branch_operator.py
[2024-07-17T14:11:39.168+0000] {logging_mixin.py:188} INFO - [2024-07-17T14:11:39.167+0000] {dag.py:3096} INFO - Sync 1 DAGs
[2024-07-17T14:11:39.231+0000] {logging_mixin.py:188} INFO - [2024-07-17T14:11:39.230+0000] {dag.py:3954} INFO - Setting next_dagrun for example_branch_operator to 2024-07-16 00:00:00+00:00, run_after=2024-07-17 00:00:00+00:00
[2024-07-17T14:11:39.272+0000] {processor.py:183} INFO - Processing /home/airflow/.local/lib/python3.12/site-packages/airflow/example_dags/example_branch_operator.py took 0.262 seconds
[2024-07-17T14:12:09.636+0000] {processor.py:161} INFO - Started process (PID=3377) to work on /home/airflow/.local/lib/python3.12/site-packages/airflow/example_dags/example_branch_operator.py
[2024-07-17T14:12:09.638+0000] {processor.py:830} INFO - Processing file /home/airflow/.local/lib/python3.12/site-packages/airflow/example_dags/example_branch_operator.py for tasks to queue
[2024-07-17T14:12:09.642+0000] {logging_mixin.py:188} INFO - [2024-07-17T14:12:09.641+0000] {dagbag.py:545} INFO - Filling up the DagBag from /home/airflow/.local/lib/python3.12/site-packages/airflow/example_dags/example_branch_operator.py
[2024-07-17T14:12:09.689+0000] {processor.py:840} INFO - DAG(s) 'example_branch_operator' retrieved from /home/airflow/.local/lib/python3.12/site-packages/airflow/example_dags/example_branch_operator.py
[2024-07-17T14:12:09.811+0000] {logging_mixin.py:188} INFO - [2024-07-17T14:12:09.811+0000] {dag.py:3096} INFO - Sync 1 DAGs
[2024-07-17T14:12:09.900+0000] {logging_mixin.py:188} INFO - [2024-07-17T14:12:09.900+0000] {dag.py:3954} INFO - Setting next_dagrun for example_branch_operator to 2024-07-16 00:00:00+00:00, run_after=2024-07-17 00:00:00+00:00
[2024-07-17T14:12:09.963+0000] {processor.py:183} INFO - Processing /home/airflow/.local/lib/python3.12/site-packages/airflow/example_dags/example_branch_operator.py took 0.340 seconds
