[2024-07-17T10:31:50.283+0000] {processor.py:161} INFO - Started process (PID=56) to work on /home/airflow/.local/lib/python3.12/site-packages/airflow/example_dags/example_nested_branch_dag.py
[2024-07-17T10:31:50.285+0000] {processor.py:830} INFO - Processing file /home/airflow/.local/lib/python3.12/site-packages/airflow/example_dags/example_nested_branch_dag.py for tasks to queue
[2024-07-17T10:31:50.290+0000] {logging_mixin.py:188} INFO - [2024-07-17T10:31:50.290+0000] {dagbag.py:545} INFO - Filling up the DagBag from /home/airflow/.local/lib/python3.12/site-packages/airflow/example_dags/example_nested_branch_dag.py
[2024-07-17T10:31:50.313+0000] {processor.py:840} INFO - DAG(s) 'example_nested_branch_dag' retrieved from /home/airflow/.local/lib/python3.12/site-packages/airflow/example_dags/example_nested_branch_dag.py
[2024-07-17T10:31:50.351+0000] {logging_mixin.py:188} INFO - [2024-07-17T10:31:50.351+0000] {dag.py:3096} INFO - Sync 1 DAGs
[2024-07-17T10:31:50.391+0000] {logging_mixin.py:188} INFO - [2024-07-17T10:31:50.390+0000] {dag.py:3954} INFO - Setting next_dagrun for example_nested_branch_dag to 2024-07-16 00:00:00+00:00, run_after=2024-07-17 00:00:00+00:00
[2024-07-17T10:31:50.421+0000] {processor.py:183} INFO - Processing /home/airflow/.local/lib/python3.12/site-packages/airflow/example_dags/example_nested_branch_dag.py took 0.149 seconds
[2024-07-17T10:32:20.577+0000] {processor.py:161} INFO - Started process (PID=116) to work on /home/airflow/.local/lib/python3.12/site-packages/airflow/example_dags/example_nested_branch_dag.py
[2024-07-17T10:32:20.579+0000] {processor.py:830} INFO - Processing file /home/airflow/.local/lib/python3.12/site-packages/airflow/example_dags/example_nested_branch_dag.py for tasks to queue
[2024-07-17T10:32:20.581+0000] {logging_mixin.py:188} INFO - [2024-07-17T10:32:20.581+0000] {dagbag.py:545} INFO - Filling up the DagBag from /home/airflow/.local/lib/python3.12/site-packages/airflow/example_dags/example_nested_branch_dag.py
[2024-07-17T10:32:20.595+0000] {processor.py:840} INFO - DAG(s) 'example_nested_branch_dag' retrieved from /home/airflow/.local/lib/python3.12/site-packages/airflow/example_dags/example_nested_branch_dag.py
[2024-07-17T10:32:20.611+0000] {logging_mixin.py:188} INFO - [2024-07-17T10:32:20.611+0000] {dag.py:3096} INFO - Sync 1 DAGs
[2024-07-17T10:32:20.675+0000] {logging_mixin.py:188} INFO - [2024-07-17T10:32:20.675+0000] {dag.py:3954} INFO - Setting next_dagrun for example_nested_branch_dag to 2024-07-16 00:00:00+00:00, run_after=2024-07-17 00:00:00+00:00
[2024-07-17T10:32:20.705+0000] {processor.py:183} INFO - Processing /home/airflow/.local/lib/python3.12/site-packages/airflow/example_dags/example_nested_branch_dag.py took 0.135 seconds
[2024-07-17T10:32:51.803+0000] {processor.py:161} INFO - Started process (PID=176) to work on /home/airflow/.local/lib/python3.12/site-packages/airflow/example_dags/example_nested_branch_dag.py
[2024-07-17T10:32:51.805+0000] {processor.py:830} INFO - Processing file /home/airflow/.local/lib/python3.12/site-packages/airflow/example_dags/example_nested_branch_dag.py for tasks to queue
[2024-07-17T10:32:51.807+0000] {logging_mixin.py:188} INFO - [2024-07-17T10:32:51.807+0000] {dagbag.py:545} INFO - Filling up the DagBag from /home/airflow/.local/lib/python3.12/site-packages/airflow/example_dags/example_nested_branch_dag.py
[2024-07-17T10:32:51.825+0000] {processor.py:840} INFO - DAG(s) 'example_nested_branch_dag' retrieved from /home/airflow/.local/lib/python3.12/site-packages/airflow/example_dags/example_nested_branch_dag.py
[2024-07-17T10:32:51.960+0000] {logging_mixin.py:188} INFO - [2024-07-17T10:32:51.960+0000] {dag.py:3096} INFO - Sync 1 DAGs
[2024-07-17T10:32:51.988+0000] {logging_mixin.py:188} INFO - [2024-07-17T10:32:51.988+0000] {dag.py:3954} INFO - Setting next_dagrun for example_nested_branch_dag to 2024-07-16 00:00:00+00:00, run_after=2024-07-17 00:00:00+00:00
[2024-07-17T10:32:52.012+0000] {processor.py:183} INFO - Processing /home/airflow/.local/lib/python3.12/site-packages/airflow/example_dags/example_nested_branch_dag.py took 0.221 seconds
[2024-07-17T10:33:22.794+0000] {processor.py:161} INFO - Started process (PID=236) to work on /home/airflow/.local/lib/python3.12/site-packages/airflow/example_dags/example_nested_branch_dag.py
[2024-07-17T10:33:22.795+0000] {processor.py:830} INFO - Processing file /home/airflow/.local/lib/python3.12/site-packages/airflow/example_dags/example_nested_branch_dag.py for tasks to queue
[2024-07-17T10:33:22.798+0000] {logging_mixin.py:188} INFO - [2024-07-17T10:33:22.797+0000] {dagbag.py:545} INFO - Filling up the DagBag from /home/airflow/.local/lib/python3.12/site-packages/airflow/example_dags/example_nested_branch_dag.py
[2024-07-17T10:33:22.821+0000] {processor.py:840} INFO - DAG(s) 'example_nested_branch_dag' retrieved from /home/airflow/.local/lib/python3.12/site-packages/airflow/example_dags/example_nested_branch_dag.py
[2024-07-17T10:33:22.854+0000] {logging_mixin.py:188} INFO - [2024-07-17T10:33:22.853+0000] {dag.py:3096} INFO - Sync 1 DAGs
[2024-07-17T10:33:22.885+0000] {logging_mixin.py:188} INFO - [2024-07-17T10:33:22.885+0000] {dag.py:3954} INFO - Setting next_dagrun for example_nested_branch_dag to 2024-07-16 00:00:00+00:00, run_after=2024-07-17 00:00:00+00:00
[2024-07-17T10:33:22.909+0000] {processor.py:183} INFO - Processing /home/airflow/.local/lib/python3.12/site-packages/airflow/example_dags/example_nested_branch_dag.py took 0.122 seconds
[2024-07-17T10:33:53.353+0000] {processor.py:161} INFO - Started process (PID=296) to work on /home/airflow/.local/lib/python3.12/site-packages/airflow/example_dags/example_nested_branch_dag.py
[2024-07-17T10:33:53.362+0000] {processor.py:830} INFO - Processing file /home/airflow/.local/lib/python3.12/site-packages/airflow/example_dags/example_nested_branch_dag.py for tasks to queue
[2024-07-17T10:33:53.366+0000] {logging_mixin.py:188} INFO - [2024-07-17T10:33:53.366+0000] {dagbag.py:545} INFO - Filling up the DagBag from /home/airflow/.local/lib/python3.12/site-packages/airflow/example_dags/example_nested_branch_dag.py
[2024-07-17T10:33:53.384+0000] {processor.py:840} INFO - DAG(s) 'example_nested_branch_dag' retrieved from /home/airflow/.local/lib/python3.12/site-packages/airflow/example_dags/example_nested_branch_dag.py
[2024-07-17T10:33:53.426+0000] {logging_mixin.py:188} INFO - [2024-07-17T10:33:53.425+0000] {dag.py:3096} INFO - Sync 1 DAGs
[2024-07-17T10:33:53.466+0000] {logging_mixin.py:188} INFO - [2024-07-17T10:33:53.465+0000] {dag.py:3954} INFO - Setting next_dagrun for example_nested_branch_dag to 2024-07-16 00:00:00+00:00, run_after=2024-07-17 00:00:00+00:00
[2024-07-17T10:33:53.495+0000] {processor.py:183} INFO - Processing /home/airflow/.local/lib/python3.12/site-packages/airflow/example_dags/example_nested_branch_dag.py took 0.152 seconds
[2024-07-17T10:34:23.675+0000] {processor.py:161} INFO - Started process (PID=362) to work on /home/airflow/.local/lib/python3.12/site-packages/airflow/example_dags/example_nested_branch_dag.py
[2024-07-17T10:34:23.676+0000] {processor.py:830} INFO - Processing file /home/airflow/.local/lib/python3.12/site-packages/airflow/example_dags/example_nested_branch_dag.py for tasks to queue
[2024-07-17T10:34:23.678+0000] {logging_mixin.py:188} INFO - [2024-07-17T10:34:23.678+0000] {dagbag.py:545} INFO - Filling up the DagBag from /home/airflow/.local/lib/python3.12/site-packages/airflow/example_dags/example_nested_branch_dag.py
[2024-07-17T10:34:23.701+0000] {processor.py:840} INFO - DAG(s) 'example_nested_branch_dag' retrieved from /home/airflow/.local/lib/python3.12/site-packages/airflow/example_dags/example_nested_branch_dag.py
[2024-07-17T10:34:23.749+0000] {logging_mixin.py:188} INFO - [2024-07-17T10:34:23.749+0000] {dag.py:3096} INFO - Sync 1 DAGs
[2024-07-17T10:34:23.779+0000] {logging_mixin.py:188} INFO - [2024-07-17T10:34:23.779+0000] {dag.py:3954} INFO - Setting next_dagrun for example_nested_branch_dag to 2024-07-16 00:00:00+00:00, run_after=2024-07-17 00:00:00+00:00
[2024-07-17T10:34:23.805+0000] {processor.py:183} INFO - Processing /home/airflow/.local/lib/python3.12/site-packages/airflow/example_dags/example_nested_branch_dag.py took 0.138 seconds
[2024-07-17T10:34:54.293+0000] {processor.py:161} INFO - Started process (PID=420) to work on /home/airflow/.local/lib/python3.12/site-packages/airflow/example_dags/example_nested_branch_dag.py
[2024-07-17T10:34:54.294+0000] {processor.py:830} INFO - Processing file /home/airflow/.local/lib/python3.12/site-packages/airflow/example_dags/example_nested_branch_dag.py for tasks to queue
[2024-07-17T10:34:54.297+0000] {logging_mixin.py:188} INFO - [2024-07-17T10:34:54.296+0000] {dagbag.py:545} INFO - Filling up the DagBag from /home/airflow/.local/lib/python3.12/site-packages/airflow/example_dags/example_nested_branch_dag.py
[2024-07-17T10:34:54.311+0000] {processor.py:840} INFO - DAG(s) 'example_nested_branch_dag' retrieved from /home/airflow/.local/lib/python3.12/site-packages/airflow/example_dags/example_nested_branch_dag.py
[2024-07-17T10:34:54.343+0000] {logging_mixin.py:188} INFO - [2024-07-17T10:34:54.342+0000] {dag.py:3096} INFO - Sync 1 DAGs
[2024-07-17T10:34:54.380+0000] {logging_mixin.py:188} INFO - [2024-07-17T10:34:54.379+0000] {dag.py:3954} INFO - Setting next_dagrun for example_nested_branch_dag to 2024-07-16 00:00:00+00:00, run_after=2024-07-17 00:00:00+00:00
[2024-07-17T10:34:54.412+0000] {processor.py:183} INFO - Processing /home/airflow/.local/lib/python3.12/site-packages/airflow/example_dags/example_nested_branch_dag.py took 0.130 seconds
[2024-07-17T10:35:25.054+0000] {processor.py:161} INFO - Started process (PID=480) to work on /home/airflow/.local/lib/python3.12/site-packages/airflow/example_dags/example_nested_branch_dag.py
[2024-07-17T10:35:25.054+0000] {processor.py:830} INFO - Processing file /home/airflow/.local/lib/python3.12/site-packages/airflow/example_dags/example_nested_branch_dag.py for tasks to queue
[2024-07-17T10:35:25.056+0000] {logging_mixin.py:188} INFO - [2024-07-17T10:35:25.056+0000] {dagbag.py:545} INFO - Filling up the DagBag from /home/airflow/.local/lib/python3.12/site-packages/airflow/example_dags/example_nested_branch_dag.py
[2024-07-17T10:35:25.066+0000] {processor.py:840} INFO - DAG(s) 'example_nested_branch_dag' retrieved from /home/airflow/.local/lib/python3.12/site-packages/airflow/example_dags/example_nested_branch_dag.py
[2024-07-17T10:35:25.093+0000] {logging_mixin.py:188} INFO - [2024-07-17T10:35:25.092+0000] {dag.py:3096} INFO - Sync 1 DAGs
[2024-07-17T10:35:25.120+0000] {logging_mixin.py:188} INFO - [2024-07-17T10:35:25.120+0000] {dag.py:3954} INFO - Setting next_dagrun for example_nested_branch_dag to 2024-07-16 00:00:00+00:00, run_after=2024-07-17 00:00:00+00:00
[2024-07-17T10:35:25.145+0000] {processor.py:183} INFO - Processing /home/airflow/.local/lib/python3.12/site-packages/airflow/example_dags/example_nested_branch_dag.py took 0.097 seconds
[2024-07-17T10:35:55.359+0000] {processor.py:161} INFO - Started process (PID=540) to work on /home/airflow/.local/lib/python3.12/site-packages/airflow/example_dags/example_nested_branch_dag.py
[2024-07-17T10:35:55.360+0000] {processor.py:830} INFO - Processing file /home/airflow/.local/lib/python3.12/site-packages/airflow/example_dags/example_nested_branch_dag.py for tasks to queue
[2024-07-17T10:35:55.364+0000] {logging_mixin.py:188} INFO - [2024-07-17T10:35:55.363+0000] {dagbag.py:545} INFO - Filling up the DagBag from /home/airflow/.local/lib/python3.12/site-packages/airflow/example_dags/example_nested_branch_dag.py
[2024-07-17T10:35:55.387+0000] {processor.py:840} INFO - DAG(s) 'example_nested_branch_dag' retrieved from /home/airflow/.local/lib/python3.12/site-packages/airflow/example_dags/example_nested_branch_dag.py
[2024-07-17T10:35:55.437+0000] {logging_mixin.py:188} INFO - [2024-07-17T10:35:55.436+0000] {dag.py:3096} INFO - Sync 1 DAGs
[2024-07-17T10:35:55.492+0000] {logging_mixin.py:188} INFO - [2024-07-17T10:35:55.492+0000] {dag.py:3954} INFO - Setting next_dagrun for example_nested_branch_dag to 2024-07-16 00:00:00+00:00, run_after=2024-07-17 00:00:00+00:00
[2024-07-17T10:35:55.524+0000] {processor.py:183} INFO - Processing /home/airflow/.local/lib/python3.12/site-packages/airflow/example_dags/example_nested_branch_dag.py took 0.173 seconds
[2024-07-17T10:36:25.903+0000] {processor.py:161} INFO - Started process (PID=600) to work on /home/airflow/.local/lib/python3.12/site-packages/airflow/example_dags/example_nested_branch_dag.py
[2024-07-17T10:36:25.904+0000] {processor.py:830} INFO - Processing file /home/airflow/.local/lib/python3.12/site-packages/airflow/example_dags/example_nested_branch_dag.py for tasks to queue
[2024-07-17T10:36:25.907+0000] {logging_mixin.py:188} INFO - [2024-07-17T10:36:25.906+0000] {dagbag.py:545} INFO - Filling up the DagBag from /home/airflow/.local/lib/python3.12/site-packages/airflow/example_dags/example_nested_branch_dag.py
[2024-07-17T10:36:25.920+0000] {processor.py:840} INFO - DAG(s) 'example_nested_branch_dag' retrieved from /home/airflow/.local/lib/python3.12/site-packages/airflow/example_dags/example_nested_branch_dag.py
[2024-07-17T10:36:25.952+0000] {logging_mixin.py:188} INFO - [2024-07-17T10:36:25.951+0000] {dag.py:3096} INFO - Sync 1 DAGs
[2024-07-17T10:36:25.984+0000] {logging_mixin.py:188} INFO - [2024-07-17T10:36:25.983+0000] {dag.py:3954} INFO - Setting next_dagrun for example_nested_branch_dag to 2024-07-16 00:00:00+00:00, run_after=2024-07-17 00:00:00+00:00
[2024-07-17T10:36:26.010+0000] {processor.py:183} INFO - Processing /home/airflow/.local/lib/python3.12/site-packages/airflow/example_dags/example_nested_branch_dag.py took 0.116 seconds
[2024-07-17T13:41:23.855+0000] {processor.py:161} INFO - Started process (PID=56) to work on /home/airflow/.local/lib/python3.12/site-packages/airflow/example_dags/example_nested_branch_dag.py
[2024-07-17T13:41:23.857+0000] {processor.py:830} INFO - Processing file /home/airflow/.local/lib/python3.12/site-packages/airflow/example_dags/example_nested_branch_dag.py for tasks to queue
[2024-07-17T13:41:23.859+0000] {logging_mixin.py:188} INFO - [2024-07-17T13:41:23.859+0000] {dagbag.py:545} INFO - Filling up the DagBag from /home/airflow/.local/lib/python3.12/site-packages/airflow/example_dags/example_nested_branch_dag.py
[2024-07-17T13:41:23.873+0000] {processor.py:840} INFO - DAG(s) 'example_nested_branch_dag' retrieved from /home/airflow/.local/lib/python3.12/site-packages/airflow/example_dags/example_nested_branch_dag.py
[2024-07-17T13:41:24.167+0000] {logging_mixin.py:188} INFO - [2024-07-17T13:41:24.166+0000] {dag.py:3096} INFO - Sync 1 DAGs
[2024-07-17T13:41:24.225+0000] {logging_mixin.py:188} INFO - [2024-07-17T13:41:24.224+0000] {dag.py:3954} INFO - Setting next_dagrun for example_nested_branch_dag to 2024-07-16 00:00:00+00:00, run_after=2024-07-17 00:00:00+00:00
[2024-07-17T13:41:24.270+0000] {processor.py:183} INFO - Processing /home/airflow/.local/lib/python3.12/site-packages/airflow/example_dags/example_nested_branch_dag.py took 0.422 seconds
[2024-07-17T13:41:54.549+0000] {processor.py:161} INFO - Started process (PID=116) to work on /home/airflow/.local/lib/python3.12/site-packages/airflow/example_dags/example_nested_branch_dag.py
[2024-07-17T13:41:54.550+0000] {processor.py:830} INFO - Processing file /home/airflow/.local/lib/python3.12/site-packages/airflow/example_dags/example_nested_branch_dag.py for tasks to queue
[2024-07-17T13:41:54.552+0000] {logging_mixin.py:188} INFO - [2024-07-17T13:41:54.552+0000] {dagbag.py:545} INFO - Filling up the DagBag from /home/airflow/.local/lib/python3.12/site-packages/airflow/example_dags/example_nested_branch_dag.py
[2024-07-17T13:41:54.561+0000] {processor.py:840} INFO - DAG(s) 'example_nested_branch_dag' retrieved from /home/airflow/.local/lib/python3.12/site-packages/airflow/example_dags/example_nested_branch_dag.py
[2024-07-17T13:41:54.584+0000] {logging_mixin.py:188} INFO - [2024-07-17T13:41:54.584+0000] {dag.py:3096} INFO - Sync 1 DAGs
[2024-07-17T13:41:54.607+0000] {logging_mixin.py:188} INFO - [2024-07-17T13:41:54.607+0000] {dag.py:3954} INFO - Setting next_dagrun for example_nested_branch_dag to 2024-07-16 00:00:00+00:00, run_after=2024-07-17 00:00:00+00:00
[2024-07-17T13:41:54.629+0000] {processor.py:183} INFO - Processing /home/airflow/.local/lib/python3.12/site-packages/airflow/example_dags/example_nested_branch_dag.py took 0.085 seconds
[2024-07-17T13:42:25.236+0000] {processor.py:161} INFO - Started process (PID=176) to work on /home/airflow/.local/lib/python3.12/site-packages/airflow/example_dags/example_nested_branch_dag.py
[2024-07-17T13:42:25.237+0000] {processor.py:830} INFO - Processing file /home/airflow/.local/lib/python3.12/site-packages/airflow/example_dags/example_nested_branch_dag.py for tasks to queue
[2024-07-17T13:42:25.239+0000] {logging_mixin.py:188} INFO - [2024-07-17T13:42:25.238+0000] {dagbag.py:545} INFO - Filling up the DagBag from /home/airflow/.local/lib/python3.12/site-packages/airflow/example_dags/example_nested_branch_dag.py
[2024-07-17T13:42:25.247+0000] {processor.py:840} INFO - DAG(s) 'example_nested_branch_dag' retrieved from /home/airflow/.local/lib/python3.12/site-packages/airflow/example_dags/example_nested_branch_dag.py
[2024-07-17T13:42:25.267+0000] {logging_mixin.py:188} INFO - [2024-07-17T13:42:25.267+0000] {dag.py:3096} INFO - Sync 1 DAGs
[2024-07-17T13:42:25.289+0000] {logging_mixin.py:188} INFO - [2024-07-17T13:42:25.288+0000] {dag.py:3954} INFO - Setting next_dagrun for example_nested_branch_dag to 2024-07-16 00:00:00+00:00, run_after=2024-07-17 00:00:00+00:00
[2024-07-17T13:42:25.308+0000] {processor.py:183} INFO - Processing /home/airflow/.local/lib/python3.12/site-packages/airflow/example_dags/example_nested_branch_dag.py took 0.076 seconds
[2024-07-17T13:42:55.870+0000] {processor.py:161} INFO - Started process (PID=236) to work on /home/airflow/.local/lib/python3.12/site-packages/airflow/example_dags/example_nested_branch_dag.py
[2024-07-17T13:42:55.871+0000] {processor.py:830} INFO - Processing file /home/airflow/.local/lib/python3.12/site-packages/airflow/example_dags/example_nested_branch_dag.py for tasks to queue
[2024-07-17T13:42:55.873+0000] {logging_mixin.py:188} INFO - [2024-07-17T13:42:55.873+0000] {dagbag.py:545} INFO - Filling up the DagBag from /home/airflow/.local/lib/python3.12/site-packages/airflow/example_dags/example_nested_branch_dag.py
[2024-07-17T13:42:55.884+0000] {processor.py:840} INFO - DAG(s) 'example_nested_branch_dag' retrieved from /home/airflow/.local/lib/python3.12/site-packages/airflow/example_dags/example_nested_branch_dag.py
[2024-07-17T13:42:55.909+0000] {logging_mixin.py:188} INFO - [2024-07-17T13:42:55.908+0000] {dag.py:3096} INFO - Sync 1 DAGs
[2024-07-17T13:42:55.939+0000] {logging_mixin.py:188} INFO - [2024-07-17T13:42:55.938+0000] {dag.py:3954} INFO - Setting next_dagrun for example_nested_branch_dag to 2024-07-16 00:00:00+00:00, run_after=2024-07-17 00:00:00+00:00
[2024-07-17T13:42:55.959+0000] {processor.py:183} INFO - Processing /home/airflow/.local/lib/python3.12/site-packages/airflow/example_dags/example_nested_branch_dag.py took 0.097 seconds
[2024-07-17T13:43:26.631+0000] {processor.py:161} INFO - Started process (PID=296) to work on /home/airflow/.local/lib/python3.12/site-packages/airflow/example_dags/example_nested_branch_dag.py
[2024-07-17T13:43:26.632+0000] {processor.py:830} INFO - Processing file /home/airflow/.local/lib/python3.12/site-packages/airflow/example_dags/example_nested_branch_dag.py for tasks to queue
[2024-07-17T13:43:26.635+0000] {logging_mixin.py:188} INFO - [2024-07-17T13:43:26.634+0000] {dagbag.py:545} INFO - Filling up the DagBag from /home/airflow/.local/lib/python3.12/site-packages/airflow/example_dags/example_nested_branch_dag.py
[2024-07-17T13:43:26.648+0000] {processor.py:840} INFO - DAG(s) 'example_nested_branch_dag' retrieved from /home/airflow/.local/lib/python3.12/site-packages/airflow/example_dags/example_nested_branch_dag.py
[2024-07-17T13:43:26.674+0000] {logging_mixin.py:188} INFO - [2024-07-17T13:43:26.674+0000] {dag.py:3096} INFO - Sync 1 DAGs
[2024-07-17T13:43:26.703+0000] {logging_mixin.py:188} INFO - [2024-07-17T13:43:26.703+0000] {dag.py:3954} INFO - Setting next_dagrun for example_nested_branch_dag to 2024-07-16 00:00:00+00:00, run_after=2024-07-17 00:00:00+00:00
[2024-07-17T13:43:26.724+0000] {processor.py:183} INFO - Processing /home/airflow/.local/lib/python3.12/site-packages/airflow/example_dags/example_nested_branch_dag.py took 0.106 seconds
[2024-07-17T13:43:56.953+0000] {processor.py:161} INFO - Started process (PID=356) to work on /home/airflow/.local/lib/python3.12/site-packages/airflow/example_dags/example_nested_branch_dag.py
[2024-07-17T13:43:56.954+0000] {processor.py:830} INFO - Processing file /home/airflow/.local/lib/python3.12/site-packages/airflow/example_dags/example_nested_branch_dag.py for tasks to queue
[2024-07-17T13:43:56.956+0000] {logging_mixin.py:188} INFO - [2024-07-17T13:43:56.956+0000] {dagbag.py:545} INFO - Filling up the DagBag from /home/airflow/.local/lib/python3.12/site-packages/airflow/example_dags/example_nested_branch_dag.py
[2024-07-17T13:43:56.967+0000] {processor.py:840} INFO - DAG(s) 'example_nested_branch_dag' retrieved from /home/airflow/.local/lib/python3.12/site-packages/airflow/example_dags/example_nested_branch_dag.py
[2024-07-17T13:43:56.992+0000] {logging_mixin.py:188} INFO - [2024-07-17T13:43:56.992+0000] {dag.py:3096} INFO - Sync 1 DAGs
[2024-07-17T13:43:57.023+0000] {logging_mixin.py:188} INFO - [2024-07-17T13:43:57.023+0000] {dag.py:3954} INFO - Setting next_dagrun for example_nested_branch_dag to 2024-07-16 00:00:00+00:00, run_after=2024-07-17 00:00:00+00:00
[2024-07-17T13:43:57.049+0000] {processor.py:183} INFO - Processing /home/airflow/.local/lib/python3.12/site-packages/airflow/example_dags/example_nested_branch_dag.py took 0.100 seconds
[2024-07-17T13:44:27.133+0000] {processor.py:161} INFO - Started process (PID=416) to work on /home/airflow/.local/lib/python3.12/site-packages/airflow/example_dags/example_nested_branch_dag.py
[2024-07-17T13:44:27.134+0000] {processor.py:830} INFO - Processing file /home/airflow/.local/lib/python3.12/site-packages/airflow/example_dags/example_nested_branch_dag.py for tasks to queue
[2024-07-17T13:44:27.137+0000] {logging_mixin.py:188} INFO - [2024-07-17T13:44:27.136+0000] {dagbag.py:545} INFO - Filling up the DagBag from /home/airflow/.local/lib/python3.12/site-packages/airflow/example_dags/example_nested_branch_dag.py
[2024-07-17T13:44:27.149+0000] {processor.py:840} INFO - DAG(s) 'example_nested_branch_dag' retrieved from /home/airflow/.local/lib/python3.12/site-packages/airflow/example_dags/example_nested_branch_dag.py
[2024-07-17T13:44:27.180+0000] {logging_mixin.py:188} INFO - [2024-07-17T13:44:27.179+0000] {dag.py:3096} INFO - Sync 1 DAGs
[2024-07-17T13:44:27.214+0000] {logging_mixin.py:188} INFO - [2024-07-17T13:44:27.213+0000] {dag.py:3954} INFO - Setting next_dagrun for example_nested_branch_dag to 2024-07-16 00:00:00+00:00, run_after=2024-07-17 00:00:00+00:00
[2024-07-17T13:44:27.249+0000] {processor.py:183} INFO - Processing /home/airflow/.local/lib/python3.12/site-packages/airflow/example_dags/example_nested_branch_dag.py took 0.122 seconds
[2024-07-17T13:44:57.610+0000] {processor.py:161} INFO - Started process (PID=476) to work on /home/airflow/.local/lib/python3.12/site-packages/airflow/example_dags/example_nested_branch_dag.py
[2024-07-17T13:44:57.611+0000] {processor.py:830} INFO - Processing file /home/airflow/.local/lib/python3.12/site-packages/airflow/example_dags/example_nested_branch_dag.py for tasks to queue
[2024-07-17T13:44:57.613+0000] {logging_mixin.py:188} INFO - [2024-07-17T13:44:57.613+0000] {dagbag.py:545} INFO - Filling up the DagBag from /home/airflow/.local/lib/python3.12/site-packages/airflow/example_dags/example_nested_branch_dag.py
[2024-07-17T13:44:57.622+0000] {processor.py:840} INFO - DAG(s) 'example_nested_branch_dag' retrieved from /home/airflow/.local/lib/python3.12/site-packages/airflow/example_dags/example_nested_branch_dag.py
[2024-07-17T13:44:57.647+0000] {logging_mixin.py:188} INFO - [2024-07-17T13:44:57.647+0000] {dag.py:3096} INFO - Sync 1 DAGs
[2024-07-17T13:44:57.681+0000] {logging_mixin.py:188} INFO - [2024-07-17T13:44:57.681+0000] {dag.py:3954} INFO - Setting next_dagrun for example_nested_branch_dag to 2024-07-16 00:00:00+00:00, run_after=2024-07-17 00:00:00+00:00
[2024-07-17T13:44:57.709+0000] {processor.py:183} INFO - Processing /home/airflow/.local/lib/python3.12/site-packages/airflow/example_dags/example_nested_branch_dag.py took 0.105 seconds
[2024-07-17T13:45:27.900+0000] {processor.py:161} INFO - Started process (PID=536) to work on /home/airflow/.local/lib/python3.12/site-packages/airflow/example_dags/example_nested_branch_dag.py
[2024-07-17T13:45:27.901+0000] {processor.py:830} INFO - Processing file /home/airflow/.local/lib/python3.12/site-packages/airflow/example_dags/example_nested_branch_dag.py for tasks to queue
[2024-07-17T13:45:27.904+0000] {logging_mixin.py:188} INFO - [2024-07-17T13:45:27.904+0000] {dagbag.py:545} INFO - Filling up the DagBag from /home/airflow/.local/lib/python3.12/site-packages/airflow/example_dags/example_nested_branch_dag.py
[2024-07-17T13:45:27.916+0000] {processor.py:840} INFO - DAG(s) 'example_nested_branch_dag' retrieved from /home/airflow/.local/lib/python3.12/site-packages/airflow/example_dags/example_nested_branch_dag.py
[2024-07-17T13:45:27.938+0000] {logging_mixin.py:188} INFO - [2024-07-17T13:45:27.938+0000] {dag.py:3096} INFO - Sync 1 DAGs
[2024-07-17T13:45:27.960+0000] {logging_mixin.py:188} INFO - [2024-07-17T13:45:27.959+0000] {dag.py:3954} INFO - Setting next_dagrun for example_nested_branch_dag to 2024-07-16 00:00:00+00:00, run_after=2024-07-17 00:00:00+00:00
[2024-07-17T13:45:27.980+0000] {processor.py:183} INFO - Processing /home/airflow/.local/lib/python3.12/site-packages/airflow/example_dags/example_nested_branch_dag.py took 0.086 seconds
[2024-07-17T13:45:58.443+0000] {processor.py:161} INFO - Started process (PID=602) to work on /home/airflow/.local/lib/python3.12/site-packages/airflow/example_dags/example_nested_branch_dag.py
[2024-07-17T13:45:58.444+0000] {processor.py:830} INFO - Processing file /home/airflow/.local/lib/python3.12/site-packages/airflow/example_dags/example_nested_branch_dag.py for tasks to queue
[2024-07-17T13:45:58.446+0000] {logging_mixin.py:188} INFO - [2024-07-17T13:45:58.446+0000] {dagbag.py:545} INFO - Filling up the DagBag from /home/airflow/.local/lib/python3.12/site-packages/airflow/example_dags/example_nested_branch_dag.py
[2024-07-17T13:45:58.458+0000] {processor.py:840} INFO - DAG(s) 'example_nested_branch_dag' retrieved from /home/airflow/.local/lib/python3.12/site-packages/airflow/example_dags/example_nested_branch_dag.py
[2024-07-17T13:45:58.482+0000] {logging_mixin.py:188} INFO - [2024-07-17T13:45:58.482+0000] {dag.py:3096} INFO - Sync 1 DAGs
[2024-07-17T13:45:58.509+0000] {logging_mixin.py:188} INFO - [2024-07-17T13:45:58.509+0000] {dag.py:3954} INFO - Setting next_dagrun for example_nested_branch_dag to 2024-07-16 00:00:00+00:00, run_after=2024-07-17 00:00:00+00:00
[2024-07-17T13:45:58.530+0000] {processor.py:183} INFO - Processing /home/airflow/.local/lib/python3.12/site-packages/airflow/example_dags/example_nested_branch_dag.py took 0.093 seconds
[2024-07-17T13:46:29.424+0000] {processor.py:161} INFO - Started process (PID=662) to work on /home/airflow/.local/lib/python3.12/site-packages/airflow/example_dags/example_nested_branch_dag.py
[2024-07-17T13:46:29.425+0000] {processor.py:830} INFO - Processing file /home/airflow/.local/lib/python3.12/site-packages/airflow/example_dags/example_nested_branch_dag.py for tasks to queue
[2024-07-17T13:46:29.427+0000] {logging_mixin.py:188} INFO - [2024-07-17T13:46:29.427+0000] {dagbag.py:545} INFO - Filling up the DagBag from /home/airflow/.local/lib/python3.12/site-packages/airflow/example_dags/example_nested_branch_dag.py
[2024-07-17T13:46:29.437+0000] {processor.py:840} INFO - DAG(s) 'example_nested_branch_dag' retrieved from /home/airflow/.local/lib/python3.12/site-packages/airflow/example_dags/example_nested_branch_dag.py
[2024-07-17T13:46:29.464+0000] {logging_mixin.py:188} INFO - [2024-07-17T13:46:29.464+0000] {dag.py:3096} INFO - Sync 1 DAGs
[2024-07-17T13:46:29.499+0000] {logging_mixin.py:188} INFO - [2024-07-17T13:46:29.499+0000] {dag.py:3954} INFO - Setting next_dagrun for example_nested_branch_dag to 2024-07-16 00:00:00+00:00, run_after=2024-07-17 00:00:00+00:00
[2024-07-17T13:46:29.530+0000] {processor.py:183} INFO - Processing /home/airflow/.local/lib/python3.12/site-packages/airflow/example_dags/example_nested_branch_dag.py took 0.113 seconds
[2024-07-17T13:46:59.878+0000] {processor.py:161} INFO - Started process (PID=722) to work on /home/airflow/.local/lib/python3.12/site-packages/airflow/example_dags/example_nested_branch_dag.py
[2024-07-17T13:46:59.879+0000] {processor.py:830} INFO - Processing file /home/airflow/.local/lib/python3.12/site-packages/airflow/example_dags/example_nested_branch_dag.py for tasks to queue
[2024-07-17T13:46:59.882+0000] {logging_mixin.py:188} INFO - [2024-07-17T13:46:59.881+0000] {dagbag.py:545} INFO - Filling up the DagBag from /home/airflow/.local/lib/python3.12/site-packages/airflow/example_dags/example_nested_branch_dag.py
[2024-07-17T13:46:59.895+0000] {processor.py:840} INFO - DAG(s) 'example_nested_branch_dag' retrieved from /home/airflow/.local/lib/python3.12/site-packages/airflow/example_dags/example_nested_branch_dag.py
[2024-07-17T13:46:59.928+0000] {logging_mixin.py:188} INFO - [2024-07-17T13:46:59.928+0000] {dag.py:3096} INFO - Sync 1 DAGs
[2024-07-17T13:46:59.962+0000] {logging_mixin.py:188} INFO - [2024-07-17T13:46:59.961+0000] {dag.py:3954} INFO - Setting next_dagrun for example_nested_branch_dag to 2024-07-16 00:00:00+00:00, run_after=2024-07-17 00:00:00+00:00
[2024-07-17T13:46:59.988+0000] {processor.py:183} INFO - Processing /home/airflow/.local/lib/python3.12/site-packages/airflow/example_dags/example_nested_branch_dag.py took 0.118 seconds
[2024-07-17T13:47:30.101+0000] {processor.py:161} INFO - Started process (PID=780) to work on /home/airflow/.local/lib/python3.12/site-packages/airflow/example_dags/example_nested_branch_dag.py
[2024-07-17T13:47:30.102+0000] {processor.py:830} INFO - Processing file /home/airflow/.local/lib/python3.12/site-packages/airflow/example_dags/example_nested_branch_dag.py for tasks to queue
[2024-07-17T13:47:30.104+0000] {logging_mixin.py:188} INFO - [2024-07-17T13:47:30.103+0000] {dagbag.py:545} INFO - Filling up the DagBag from /home/airflow/.local/lib/python3.12/site-packages/airflow/example_dags/example_nested_branch_dag.py
[2024-07-17T13:47:30.116+0000] {processor.py:840} INFO - DAG(s) 'example_nested_branch_dag' retrieved from /home/airflow/.local/lib/python3.12/site-packages/airflow/example_dags/example_nested_branch_dag.py
[2024-07-17T13:47:30.139+0000] {logging_mixin.py:188} INFO - [2024-07-17T13:47:30.139+0000] {dag.py:3096} INFO - Sync 1 DAGs
[2024-07-17T13:47:30.169+0000] {logging_mixin.py:188} INFO - [2024-07-17T13:47:30.169+0000] {dag.py:3954} INFO - Setting next_dagrun for example_nested_branch_dag to 2024-07-16 00:00:00+00:00, run_after=2024-07-17 00:00:00+00:00
[2024-07-17T13:47:30.197+0000] {processor.py:183} INFO - Processing /home/airflow/.local/lib/python3.12/site-packages/airflow/example_dags/example_nested_branch_dag.py took 0.103 seconds
[2024-07-17T13:48:00.524+0000] {processor.py:161} INFO - Started process (PID=840) to work on /home/airflow/.local/lib/python3.12/site-packages/airflow/example_dags/example_nested_branch_dag.py
[2024-07-17T13:48:00.525+0000] {processor.py:830} INFO - Processing file /home/airflow/.local/lib/python3.12/site-packages/airflow/example_dags/example_nested_branch_dag.py for tasks to queue
[2024-07-17T13:48:00.526+0000] {logging_mixin.py:188} INFO - [2024-07-17T13:48:00.526+0000] {dagbag.py:545} INFO - Filling up the DagBag from /home/airflow/.local/lib/python3.12/site-packages/airflow/example_dags/example_nested_branch_dag.py
[2024-07-17T13:48:00.535+0000] {processor.py:840} INFO - DAG(s) 'example_nested_branch_dag' retrieved from /home/airflow/.local/lib/python3.12/site-packages/airflow/example_dags/example_nested_branch_dag.py
[2024-07-17T13:48:00.556+0000] {logging_mixin.py:188} INFO - [2024-07-17T13:48:00.556+0000] {dag.py:3096} INFO - Sync 1 DAGs
[2024-07-17T13:48:00.578+0000] {logging_mixin.py:188} INFO - [2024-07-17T13:48:00.578+0000] {dag.py:3954} INFO - Setting next_dagrun for example_nested_branch_dag to 2024-07-16 00:00:00+00:00, run_after=2024-07-17 00:00:00+00:00
[2024-07-17T13:48:00.599+0000] {processor.py:183} INFO - Processing /home/airflow/.local/lib/python3.12/site-packages/airflow/example_dags/example_nested_branch_dag.py took 0.080 seconds
[2024-07-17T13:48:30.924+0000] {processor.py:161} INFO - Started process (PID=900) to work on /home/airflow/.local/lib/python3.12/site-packages/airflow/example_dags/example_nested_branch_dag.py
[2024-07-17T13:48:30.925+0000] {processor.py:830} INFO - Processing file /home/airflow/.local/lib/python3.12/site-packages/airflow/example_dags/example_nested_branch_dag.py for tasks to queue
[2024-07-17T13:48:30.928+0000] {logging_mixin.py:188} INFO - [2024-07-17T13:48:30.927+0000] {dagbag.py:545} INFO - Filling up the DagBag from /home/airflow/.local/lib/python3.12/site-packages/airflow/example_dags/example_nested_branch_dag.py
[2024-07-17T13:48:30.938+0000] {processor.py:840} INFO - DAG(s) 'example_nested_branch_dag' retrieved from /home/airflow/.local/lib/python3.12/site-packages/airflow/example_dags/example_nested_branch_dag.py
[2024-07-17T13:48:30.967+0000] {logging_mixin.py:188} INFO - [2024-07-17T13:48:30.967+0000] {dag.py:3096} INFO - Sync 1 DAGs
[2024-07-17T13:48:30.994+0000] {logging_mixin.py:188} INFO - [2024-07-17T13:48:30.994+0000] {dag.py:3954} INFO - Setting next_dagrun for example_nested_branch_dag to 2024-07-16 00:00:00+00:00, run_after=2024-07-17 00:00:00+00:00
[2024-07-17T13:48:31.012+0000] {processor.py:183} INFO - Processing /home/airflow/.local/lib/python3.12/site-packages/airflow/example_dags/example_nested_branch_dag.py took 0.094 seconds
[2024-07-17T13:49:01.182+0000] {processor.py:161} INFO - Started process (PID=960) to work on /home/airflow/.local/lib/python3.12/site-packages/airflow/example_dags/example_nested_branch_dag.py
[2024-07-17T13:49:01.183+0000] {processor.py:830} INFO - Processing file /home/airflow/.local/lib/python3.12/site-packages/airflow/example_dags/example_nested_branch_dag.py for tasks to queue
[2024-07-17T13:49:01.186+0000] {logging_mixin.py:188} INFO - [2024-07-17T13:49:01.185+0000] {dagbag.py:545} INFO - Filling up the DagBag from /home/airflow/.local/lib/python3.12/site-packages/airflow/example_dags/example_nested_branch_dag.py
[2024-07-17T13:49:01.203+0000] {processor.py:840} INFO - DAG(s) 'example_nested_branch_dag' retrieved from /home/airflow/.local/lib/python3.12/site-packages/airflow/example_dags/example_nested_branch_dag.py
[2024-07-17T13:49:01.237+0000] {logging_mixin.py:188} INFO - [2024-07-17T13:49:01.237+0000] {dag.py:3096} INFO - Sync 1 DAGs
[2024-07-17T13:49:01.277+0000] {logging_mixin.py:188} INFO - [2024-07-17T13:49:01.276+0000] {dag.py:3954} INFO - Setting next_dagrun for example_nested_branch_dag to 2024-07-16 00:00:00+00:00, run_after=2024-07-17 00:00:00+00:00
[2024-07-17T13:49:01.309+0000] {processor.py:183} INFO - Processing /home/airflow/.local/lib/python3.12/site-packages/airflow/example_dags/example_nested_branch_dag.py took 0.133 seconds
[2024-07-17T13:49:31.519+0000] {processor.py:161} INFO - Started process (PID=1020) to work on /home/airflow/.local/lib/python3.12/site-packages/airflow/example_dags/example_nested_branch_dag.py
[2024-07-17T13:49:31.520+0000] {processor.py:830} INFO - Processing file /home/airflow/.local/lib/python3.12/site-packages/airflow/example_dags/example_nested_branch_dag.py for tasks to queue
[2024-07-17T13:49:31.522+0000] {logging_mixin.py:188} INFO - [2024-07-17T13:49:31.522+0000] {dagbag.py:545} INFO - Filling up the DagBag from /home/airflow/.local/lib/python3.12/site-packages/airflow/example_dags/example_nested_branch_dag.py
[2024-07-17T13:49:31.530+0000] {processor.py:840} INFO - DAG(s) 'example_nested_branch_dag' retrieved from /home/airflow/.local/lib/python3.12/site-packages/airflow/example_dags/example_nested_branch_dag.py
[2024-07-17T13:49:31.555+0000] {logging_mixin.py:188} INFO - [2024-07-17T13:49:31.554+0000] {dag.py:3096} INFO - Sync 1 DAGs
[2024-07-17T13:49:31.580+0000] {logging_mixin.py:188} INFO - [2024-07-17T13:49:31.579+0000] {dag.py:3954} INFO - Setting next_dagrun for example_nested_branch_dag to 2024-07-16 00:00:00+00:00, run_after=2024-07-17 00:00:00+00:00
[2024-07-17T13:49:31.602+0000] {processor.py:183} INFO - Processing /home/airflow/.local/lib/python3.12/site-packages/airflow/example_dags/example_nested_branch_dag.py took 0.087 seconds
[2024-07-17T13:50:01.796+0000] {processor.py:161} INFO - Started process (PID=1080) to work on /home/airflow/.local/lib/python3.12/site-packages/airflow/example_dags/example_nested_branch_dag.py
[2024-07-17T13:50:01.797+0000] {processor.py:830} INFO - Processing file /home/airflow/.local/lib/python3.12/site-packages/airflow/example_dags/example_nested_branch_dag.py for tasks to queue
[2024-07-17T13:50:01.799+0000] {logging_mixin.py:188} INFO - [2024-07-17T13:50:01.799+0000] {dagbag.py:545} INFO - Filling up the DagBag from /home/airflow/.local/lib/python3.12/site-packages/airflow/example_dags/example_nested_branch_dag.py
[2024-07-17T13:50:01.808+0000] {processor.py:840} INFO - DAG(s) 'example_nested_branch_dag' retrieved from /home/airflow/.local/lib/python3.12/site-packages/airflow/example_dags/example_nested_branch_dag.py
[2024-07-17T13:50:01.828+0000] {logging_mixin.py:188} INFO - [2024-07-17T13:50:01.828+0000] {dag.py:3096} INFO - Sync 1 DAGs
[2024-07-17T13:50:01.849+0000] {logging_mixin.py:188} INFO - [2024-07-17T13:50:01.849+0000] {dag.py:3954} INFO - Setting next_dagrun for example_nested_branch_dag to 2024-07-16 00:00:00+00:00, run_after=2024-07-17 00:00:00+00:00
[2024-07-17T13:50:01.868+0000] {processor.py:183} INFO - Processing /home/airflow/.local/lib/python3.12/site-packages/airflow/example_dags/example_nested_branch_dag.py took 0.076 seconds
[2024-07-17T13:50:32.220+0000] {processor.py:161} INFO - Started process (PID=1140) to work on /home/airflow/.local/lib/python3.12/site-packages/airflow/example_dags/example_nested_branch_dag.py
[2024-07-17T13:50:32.221+0000] {processor.py:830} INFO - Processing file /home/airflow/.local/lib/python3.12/site-packages/airflow/example_dags/example_nested_branch_dag.py for tasks to queue
[2024-07-17T13:50:32.228+0000] {logging_mixin.py:188} INFO - [2024-07-17T13:50:32.227+0000] {dagbag.py:545} INFO - Filling up the DagBag from /home/airflow/.local/lib/python3.12/site-packages/airflow/example_dags/example_nested_branch_dag.py
[2024-07-17T13:50:32.250+0000] {processor.py:840} INFO - DAG(s) 'example_nested_branch_dag' retrieved from /home/airflow/.local/lib/python3.12/site-packages/airflow/example_dags/example_nested_branch_dag.py
[2024-07-17T13:50:32.291+0000] {logging_mixin.py:188} INFO - [2024-07-17T13:50:32.291+0000] {dag.py:3096} INFO - Sync 1 DAGs
[2024-07-17T13:50:32.344+0000] {logging_mixin.py:188} INFO - [2024-07-17T13:50:32.344+0000] {dag.py:3954} INFO - Setting next_dagrun for example_nested_branch_dag to 2024-07-16 00:00:00+00:00, run_after=2024-07-17 00:00:00+00:00
[2024-07-17T13:50:32.376+0000] {processor.py:183} INFO - Processing /home/airflow/.local/lib/python3.12/site-packages/airflow/example_dags/example_nested_branch_dag.py took 0.164 seconds
[2024-07-17T13:51:31.277+0000] {processor.py:161} INFO - Started process (PID=1174) to work on /home/airflow/.local/lib/python3.12/site-packages/airflow/example_dags/example_nested_branch_dag.py
[2024-07-17T13:51:31.278+0000] {processor.py:830} INFO - Processing file /home/airflow/.local/lib/python3.12/site-packages/airflow/example_dags/example_nested_branch_dag.py for tasks to queue
[2024-07-17T13:51:31.280+0000] {logging_mixin.py:188} INFO - [2024-07-17T13:51:31.280+0000] {dagbag.py:545} INFO - Filling up the DagBag from /home/airflow/.local/lib/python3.12/site-packages/airflow/example_dags/example_nested_branch_dag.py
[2024-07-17T13:51:31.294+0000] {processor.py:840} INFO - DAG(s) 'example_nested_branch_dag' retrieved from /home/airflow/.local/lib/python3.12/site-packages/airflow/example_dags/example_nested_branch_dag.py
[2024-07-17T13:51:31.323+0000] {logging_mixin.py:188} INFO - [2024-07-17T13:51:31.323+0000] {dag.py:3096} INFO - Sync 1 DAGs
[2024-07-17T13:51:31.362+0000] {logging_mixin.py:188} INFO - [2024-07-17T13:51:31.362+0000] {dag.py:3954} INFO - Setting next_dagrun for example_nested_branch_dag to 2024-07-16 00:00:00+00:00, run_after=2024-07-17 00:00:00+00:00
[2024-07-17T13:51:31.391+0000] {processor.py:183} INFO - Processing /home/airflow/.local/lib/python3.12/site-packages/airflow/example_dags/example_nested_branch_dag.py took 0.123 seconds
[2024-07-17T13:52:01.559+0000] {processor.py:161} INFO - Started process (PID=1234) to work on /home/airflow/.local/lib/python3.12/site-packages/airflow/example_dags/example_nested_branch_dag.py
[2024-07-17T13:52:01.560+0000] {processor.py:830} INFO - Processing file /home/airflow/.local/lib/python3.12/site-packages/airflow/example_dags/example_nested_branch_dag.py for tasks to queue
[2024-07-17T13:52:01.563+0000] {logging_mixin.py:188} INFO - [2024-07-17T13:52:01.562+0000] {dagbag.py:545} INFO - Filling up the DagBag from /home/airflow/.local/lib/python3.12/site-packages/airflow/example_dags/example_nested_branch_dag.py
[2024-07-17T13:52:01.576+0000] {processor.py:840} INFO - DAG(s) 'example_nested_branch_dag' retrieved from /home/airflow/.local/lib/python3.12/site-packages/airflow/example_dags/example_nested_branch_dag.py
[2024-07-17T13:52:01.614+0000] {logging_mixin.py:188} INFO - [2024-07-17T13:52:01.614+0000] {dag.py:3096} INFO - Sync 1 DAGs
[2024-07-17T13:52:01.653+0000] {logging_mixin.py:188} INFO - [2024-07-17T13:52:01.653+0000] {dag.py:3954} INFO - Setting next_dagrun for example_nested_branch_dag to 2024-07-16 00:00:00+00:00, run_after=2024-07-17 00:00:00+00:00
[2024-07-17T13:52:01.685+0000] {processor.py:183} INFO - Processing /home/airflow/.local/lib/python3.12/site-packages/airflow/example_dags/example_nested_branch_dag.py took 0.134 seconds
[2024-07-17T13:52:33.097+0000] {processor.py:161} INFO - Started process (PID=1294) to work on /home/airflow/.local/lib/python3.12/site-packages/airflow/example_dags/example_nested_branch_dag.py
[2024-07-17T13:52:33.099+0000] {processor.py:830} INFO - Processing file /home/airflow/.local/lib/python3.12/site-packages/airflow/example_dags/example_nested_branch_dag.py for tasks to queue
[2024-07-17T13:52:33.102+0000] {logging_mixin.py:188} INFO - [2024-07-17T13:52:33.101+0000] {dagbag.py:545} INFO - Filling up the DagBag from /home/airflow/.local/lib/python3.12/site-packages/airflow/example_dags/example_nested_branch_dag.py
[2024-07-17T13:52:33.125+0000] {processor.py:840} INFO - DAG(s) 'example_nested_branch_dag' retrieved from /home/airflow/.local/lib/python3.12/site-packages/airflow/example_dags/example_nested_branch_dag.py
[2024-07-17T13:52:33.178+0000] {logging_mixin.py:188} INFO - [2024-07-17T13:52:33.178+0000] {dag.py:3096} INFO - Sync 1 DAGs
[2024-07-17T13:52:33.239+0000] {logging_mixin.py:188} INFO - [2024-07-17T13:52:33.239+0000] {dag.py:3954} INFO - Setting next_dagrun for example_nested_branch_dag to 2024-07-16 00:00:00+00:00, run_after=2024-07-17 00:00:00+00:00
[2024-07-17T13:52:33.273+0000] {processor.py:183} INFO - Processing /home/airflow/.local/lib/python3.12/site-packages/airflow/example_dags/example_nested_branch_dag.py took 0.187 seconds
[2024-07-17T13:53:03.860+0000] {processor.py:161} INFO - Started process (PID=1355) to work on /home/airflow/.local/lib/python3.12/site-packages/airflow/example_dags/example_nested_branch_dag.py
[2024-07-17T13:53:03.861+0000] {processor.py:830} INFO - Processing file /home/airflow/.local/lib/python3.12/site-packages/airflow/example_dags/example_nested_branch_dag.py for tasks to queue
[2024-07-17T13:53:03.863+0000] {logging_mixin.py:188} INFO - [2024-07-17T13:53:03.863+0000] {dagbag.py:545} INFO - Filling up the DagBag from /home/airflow/.local/lib/python3.12/site-packages/airflow/example_dags/example_nested_branch_dag.py
[2024-07-17T13:53:03.877+0000] {processor.py:840} INFO - DAG(s) 'example_nested_branch_dag' retrieved from /home/airflow/.local/lib/python3.12/site-packages/airflow/example_dags/example_nested_branch_dag.py
[2024-07-17T13:53:03.903+0000] {logging_mixin.py:188} INFO - [2024-07-17T13:53:03.902+0000] {dag.py:3096} INFO - Sync 1 DAGs
[2024-07-17T13:53:03.939+0000] {logging_mixin.py:188} INFO - [2024-07-17T13:53:03.939+0000] {dag.py:3954} INFO - Setting next_dagrun for example_nested_branch_dag to 2024-07-16 00:00:00+00:00, run_after=2024-07-17 00:00:00+00:00
[2024-07-17T13:53:03.979+0000] {processor.py:183} INFO - Processing /home/airflow/.local/lib/python3.12/site-packages/airflow/example_dags/example_nested_branch_dag.py took 0.127 seconds
[2024-07-17T13:53:34.445+0000] {processor.py:161} INFO - Started process (PID=1415) to work on /home/airflow/.local/lib/python3.12/site-packages/airflow/example_dags/example_nested_branch_dag.py
[2024-07-17T13:53:34.446+0000] {processor.py:830} INFO - Processing file /home/airflow/.local/lib/python3.12/site-packages/airflow/example_dags/example_nested_branch_dag.py for tasks to queue
[2024-07-17T13:53:34.449+0000] {logging_mixin.py:188} INFO - [2024-07-17T13:53:34.448+0000] {dagbag.py:545} INFO - Filling up the DagBag from /home/airflow/.local/lib/python3.12/site-packages/airflow/example_dags/example_nested_branch_dag.py
[2024-07-17T13:53:34.468+0000] {processor.py:840} INFO - DAG(s) 'example_nested_branch_dag' retrieved from /home/airflow/.local/lib/python3.12/site-packages/airflow/example_dags/example_nested_branch_dag.py
[2024-07-17T13:53:34.527+0000] {logging_mixin.py:188} INFO - [2024-07-17T13:53:34.526+0000] {dag.py:3096} INFO - Sync 1 DAGs
[2024-07-17T13:53:34.558+0000] {logging_mixin.py:188} INFO - [2024-07-17T13:53:34.558+0000] {dag.py:3954} INFO - Setting next_dagrun for example_nested_branch_dag to 2024-07-16 00:00:00+00:00, run_after=2024-07-17 00:00:00+00:00
[2024-07-17T13:53:34.580+0000] {processor.py:183} INFO - Processing /home/airflow/.local/lib/python3.12/site-packages/airflow/example_dags/example_nested_branch_dag.py took 0.143 seconds
[2024-07-17T13:54:04.831+0000] {processor.py:161} INFO - Started process (PID=1475) to work on /home/airflow/.local/lib/python3.12/site-packages/airflow/example_dags/example_nested_branch_dag.py
[2024-07-17T13:54:04.832+0000] {processor.py:830} INFO - Processing file /home/airflow/.local/lib/python3.12/site-packages/airflow/example_dags/example_nested_branch_dag.py for tasks to queue
[2024-07-17T13:54:04.835+0000] {logging_mixin.py:188} INFO - [2024-07-17T13:54:04.834+0000] {dagbag.py:545} INFO - Filling up the DagBag from /home/airflow/.local/lib/python3.12/site-packages/airflow/example_dags/example_nested_branch_dag.py
[2024-07-17T13:54:04.849+0000] {processor.py:840} INFO - DAG(s) 'example_nested_branch_dag' retrieved from /home/airflow/.local/lib/python3.12/site-packages/airflow/example_dags/example_nested_branch_dag.py
[2024-07-17T13:54:04.880+0000] {logging_mixin.py:188} INFO - [2024-07-17T13:54:04.880+0000] {dag.py:3096} INFO - Sync 1 DAGs
[2024-07-17T13:54:04.917+0000] {logging_mixin.py:188} INFO - [2024-07-17T13:54:04.916+0000] {dag.py:3954} INFO - Setting next_dagrun for example_nested_branch_dag to 2024-07-16 00:00:00+00:00, run_after=2024-07-17 00:00:00+00:00
[2024-07-17T13:54:04.948+0000] {processor.py:183} INFO - Processing /home/airflow/.local/lib/python3.12/site-packages/airflow/example_dags/example_nested_branch_dag.py took 0.124 seconds
[2024-07-17T13:54:35.356+0000] {processor.py:161} INFO - Started process (PID=1535) to work on /home/airflow/.local/lib/python3.12/site-packages/airflow/example_dags/example_nested_branch_dag.py
[2024-07-17T13:54:35.357+0000] {processor.py:830} INFO - Processing file /home/airflow/.local/lib/python3.12/site-packages/airflow/example_dags/example_nested_branch_dag.py for tasks to queue
[2024-07-17T13:54:35.360+0000] {logging_mixin.py:188} INFO - [2024-07-17T13:54:35.359+0000] {dagbag.py:545} INFO - Filling up the DagBag from /home/airflow/.local/lib/python3.12/site-packages/airflow/example_dags/example_nested_branch_dag.py
[2024-07-17T13:54:35.374+0000] {processor.py:840} INFO - DAG(s) 'example_nested_branch_dag' retrieved from /home/airflow/.local/lib/python3.12/site-packages/airflow/example_dags/example_nested_branch_dag.py
[2024-07-17T13:54:35.413+0000] {logging_mixin.py:188} INFO - [2024-07-17T13:54:35.413+0000] {dag.py:3096} INFO - Sync 1 DAGs
[2024-07-17T13:54:35.445+0000] {logging_mixin.py:188} INFO - [2024-07-17T13:54:35.444+0000] {dag.py:3954} INFO - Setting next_dagrun for example_nested_branch_dag to 2024-07-16 00:00:00+00:00, run_after=2024-07-17 00:00:00+00:00
[2024-07-17T13:54:35.468+0000] {processor.py:183} INFO - Processing /home/airflow/.local/lib/python3.12/site-packages/airflow/example_dags/example_nested_branch_dag.py took 0.120 seconds
[2024-07-17T13:55:05.717+0000] {processor.py:161} INFO - Started process (PID=1593) to work on /home/airflow/.local/lib/python3.12/site-packages/airflow/example_dags/example_nested_branch_dag.py
[2024-07-17T13:55:05.718+0000] {processor.py:830} INFO - Processing file /home/airflow/.local/lib/python3.12/site-packages/airflow/example_dags/example_nested_branch_dag.py for tasks to queue
[2024-07-17T13:55:05.721+0000] {logging_mixin.py:188} INFO - [2024-07-17T13:55:05.720+0000] {dagbag.py:545} INFO - Filling up the DagBag from /home/airflow/.local/lib/python3.12/site-packages/airflow/example_dags/example_nested_branch_dag.py
[2024-07-17T13:55:05.736+0000] {processor.py:840} INFO - DAG(s) 'example_nested_branch_dag' retrieved from /home/airflow/.local/lib/python3.12/site-packages/airflow/example_dags/example_nested_branch_dag.py
[2024-07-17T13:55:05.767+0000] {logging_mixin.py:188} INFO - [2024-07-17T13:55:05.767+0000] {dag.py:3096} INFO - Sync 1 DAGs
[2024-07-17T13:55:05.801+0000] {logging_mixin.py:188} INFO - [2024-07-17T13:55:05.800+0000] {dag.py:3954} INFO - Setting next_dagrun for example_nested_branch_dag to 2024-07-16 00:00:00+00:00, run_after=2024-07-17 00:00:00+00:00
[2024-07-17T13:55:05.830+0000] {processor.py:183} INFO - Processing /home/airflow/.local/lib/python3.12/site-packages/airflow/example_dags/example_nested_branch_dag.py took 0.120 seconds
[2024-07-17T13:55:36.067+0000] {processor.py:161} INFO - Started process (PID=1653) to work on /home/airflow/.local/lib/python3.12/site-packages/airflow/example_dags/example_nested_branch_dag.py
[2024-07-17T13:55:36.069+0000] {processor.py:830} INFO - Processing file /home/airflow/.local/lib/python3.12/site-packages/airflow/example_dags/example_nested_branch_dag.py for tasks to queue
[2024-07-17T13:55:36.072+0000] {logging_mixin.py:188} INFO - [2024-07-17T13:55:36.072+0000] {dagbag.py:545} INFO - Filling up the DagBag from /home/airflow/.local/lib/python3.12/site-packages/airflow/example_dags/example_nested_branch_dag.py
[2024-07-17T13:55:36.087+0000] {processor.py:840} INFO - DAG(s) 'example_nested_branch_dag' retrieved from /home/airflow/.local/lib/python3.12/site-packages/airflow/example_dags/example_nested_branch_dag.py
[2024-07-17T13:55:36.119+0000] {logging_mixin.py:188} INFO - [2024-07-17T13:55:36.119+0000] {dag.py:3096} INFO - Sync 1 DAGs
[2024-07-17T13:55:36.148+0000] {logging_mixin.py:188} INFO - [2024-07-17T13:55:36.148+0000] {dag.py:3954} INFO - Setting next_dagrun for example_nested_branch_dag to 2024-07-16 00:00:00+00:00, run_after=2024-07-17 00:00:00+00:00
[2024-07-17T13:55:36.168+0000] {processor.py:183} INFO - Processing /home/airflow/.local/lib/python3.12/site-packages/airflow/example_dags/example_nested_branch_dag.py took 0.114 seconds
[2024-07-17T13:56:06.364+0000] {processor.py:161} INFO - Started process (PID=1714) to work on /home/airflow/.local/lib/python3.12/site-packages/airflow/example_dags/example_nested_branch_dag.py
[2024-07-17T13:56:06.365+0000] {processor.py:830} INFO - Processing file /home/airflow/.local/lib/python3.12/site-packages/airflow/example_dags/example_nested_branch_dag.py for tasks to queue
[2024-07-17T13:56:06.368+0000] {logging_mixin.py:188} INFO - [2024-07-17T13:56:06.367+0000] {dagbag.py:545} INFO - Filling up the DagBag from /home/airflow/.local/lib/python3.12/site-packages/airflow/example_dags/example_nested_branch_dag.py
[2024-07-17T13:56:06.383+0000] {processor.py:840} INFO - DAG(s) 'example_nested_branch_dag' retrieved from /home/airflow/.local/lib/python3.12/site-packages/airflow/example_dags/example_nested_branch_dag.py
[2024-07-17T13:56:06.411+0000] {logging_mixin.py:188} INFO - [2024-07-17T13:56:06.411+0000] {dag.py:3096} INFO - Sync 1 DAGs
[2024-07-17T13:56:06.448+0000] {logging_mixin.py:188} INFO - [2024-07-17T13:56:06.447+0000] {dag.py:3954} INFO - Setting next_dagrun for example_nested_branch_dag to 2024-07-16 00:00:00+00:00, run_after=2024-07-17 00:00:00+00:00
[2024-07-17T13:56:06.478+0000] {processor.py:183} INFO - Processing /home/airflow/.local/lib/python3.12/site-packages/airflow/example_dags/example_nested_branch_dag.py took 0.120 seconds
[2024-07-17T13:56:36.760+0000] {processor.py:161} INFO - Started process (PID=1774) to work on /home/airflow/.local/lib/python3.12/site-packages/airflow/example_dags/example_nested_branch_dag.py
[2024-07-17T13:56:36.762+0000] {processor.py:830} INFO - Processing file /home/airflow/.local/lib/python3.12/site-packages/airflow/example_dags/example_nested_branch_dag.py for tasks to queue
[2024-07-17T13:56:36.764+0000] {logging_mixin.py:188} INFO - [2024-07-17T13:56:36.763+0000] {dagbag.py:545} INFO - Filling up the DagBag from /home/airflow/.local/lib/python3.12/site-packages/airflow/example_dags/example_nested_branch_dag.py
[2024-07-17T13:56:36.778+0000] {processor.py:840} INFO - DAG(s) 'example_nested_branch_dag' retrieved from /home/airflow/.local/lib/python3.12/site-packages/airflow/example_dags/example_nested_branch_dag.py
[2024-07-17T13:56:36.806+0000] {logging_mixin.py:188} INFO - [2024-07-17T13:56:36.806+0000] {dag.py:3096} INFO - Sync 1 DAGs
[2024-07-17T13:56:36.839+0000] {logging_mixin.py:188} INFO - [2024-07-17T13:56:36.838+0000] {dag.py:3954} INFO - Setting next_dagrun for example_nested_branch_dag to 2024-07-16 00:00:00+00:00, run_after=2024-07-17 00:00:00+00:00
[2024-07-17T13:56:36.864+0000] {processor.py:183} INFO - Processing /home/airflow/.local/lib/python3.12/site-packages/airflow/example_dags/example_nested_branch_dag.py took 0.112 seconds
[2024-07-17T13:57:07.513+0000] {processor.py:161} INFO - Started process (PID=1834) to work on /home/airflow/.local/lib/python3.12/site-packages/airflow/example_dags/example_nested_branch_dag.py
[2024-07-17T13:57:07.514+0000] {processor.py:830} INFO - Processing file /home/airflow/.local/lib/python3.12/site-packages/airflow/example_dags/example_nested_branch_dag.py for tasks to queue
[2024-07-17T13:57:07.515+0000] {logging_mixin.py:188} INFO - [2024-07-17T13:57:07.515+0000] {dagbag.py:545} INFO - Filling up the DagBag from /home/airflow/.local/lib/python3.12/site-packages/airflow/example_dags/example_nested_branch_dag.py
[2024-07-17T13:57:07.524+0000] {processor.py:840} INFO - DAG(s) 'example_nested_branch_dag' retrieved from /home/airflow/.local/lib/python3.12/site-packages/airflow/example_dags/example_nested_branch_dag.py
[2024-07-17T13:57:07.546+0000] {logging_mixin.py:188} INFO - [2024-07-17T13:57:07.545+0000] {dag.py:3096} INFO - Sync 1 DAGs
[2024-07-17T13:57:07.570+0000] {logging_mixin.py:188} INFO - [2024-07-17T13:57:07.570+0000] {dag.py:3954} INFO - Setting next_dagrun for example_nested_branch_dag to 2024-07-16 00:00:00+00:00, run_after=2024-07-17 00:00:00+00:00
[2024-07-17T13:57:07.590+0000] {processor.py:183} INFO - Processing /home/airflow/.local/lib/python3.12/site-packages/airflow/example_dags/example_nested_branch_dag.py took 0.082 seconds
[2024-07-17T13:57:39.094+0000] {processor.py:161} INFO - Started process (PID=1894) to work on /home/airflow/.local/lib/python3.12/site-packages/airflow/example_dags/example_nested_branch_dag.py
[2024-07-17T13:57:39.095+0000] {processor.py:830} INFO - Processing file /home/airflow/.local/lib/python3.12/site-packages/airflow/example_dags/example_nested_branch_dag.py for tasks to queue
[2024-07-17T13:57:39.098+0000] {logging_mixin.py:188} INFO - [2024-07-17T13:57:39.097+0000] {dagbag.py:545} INFO - Filling up the DagBag from /home/airflow/.local/lib/python3.12/site-packages/airflow/example_dags/example_nested_branch_dag.py
[2024-07-17T13:57:39.111+0000] {processor.py:840} INFO - DAG(s) 'example_nested_branch_dag' retrieved from /home/airflow/.local/lib/python3.12/site-packages/airflow/example_dags/example_nested_branch_dag.py
[2024-07-17T13:57:39.293+0000] {logging_mixin.py:188} INFO - [2024-07-17T13:57:39.292+0000] {dag.py:3096} INFO - Sync 1 DAGs
[2024-07-17T13:57:39.312+0000] {logging_mixin.py:188} INFO - [2024-07-17T13:57:39.312+0000] {dag.py:3954} INFO - Setting next_dagrun for example_nested_branch_dag to 2024-07-16 00:00:00+00:00, run_after=2024-07-17 00:00:00+00:00
[2024-07-17T13:57:39.339+0000] {processor.py:183} INFO - Processing /home/airflow/.local/lib/python3.12/site-packages/airflow/example_dags/example_nested_branch_dag.py took 0.251 seconds
[2024-07-17T13:58:10.067+0000] {processor.py:161} INFO - Started process (PID=1955) to work on /home/airflow/.local/lib/python3.12/site-packages/airflow/example_dags/example_nested_branch_dag.py
[2024-07-17T13:58:10.068+0000] {processor.py:830} INFO - Processing file /home/airflow/.local/lib/python3.12/site-packages/airflow/example_dags/example_nested_branch_dag.py for tasks to queue
[2024-07-17T13:58:10.070+0000] {logging_mixin.py:188} INFO - [2024-07-17T13:58:10.070+0000] {dagbag.py:545} INFO - Filling up the DagBag from /home/airflow/.local/lib/python3.12/site-packages/airflow/example_dags/example_nested_branch_dag.py
[2024-07-17T13:58:10.079+0000] {processor.py:840} INFO - DAG(s) 'example_nested_branch_dag' retrieved from /home/airflow/.local/lib/python3.12/site-packages/airflow/example_dags/example_nested_branch_dag.py
[2024-07-17T13:58:10.102+0000] {logging_mixin.py:188} INFO - [2024-07-17T13:58:10.101+0000] {dag.py:3096} INFO - Sync 1 DAGs
[2024-07-17T13:58:10.125+0000] {logging_mixin.py:188} INFO - [2024-07-17T13:58:10.125+0000] {dag.py:3954} INFO - Setting next_dagrun for example_nested_branch_dag to 2024-07-16 00:00:00+00:00, run_after=2024-07-17 00:00:00+00:00
[2024-07-17T13:58:10.147+0000] {processor.py:183} INFO - Processing /home/airflow/.local/lib/python3.12/site-packages/airflow/example_dags/example_nested_branch_dag.py took 0.086 seconds
[2024-07-17T13:58:40.977+0000] {processor.py:161} INFO - Started process (PID=2015) to work on /home/airflow/.local/lib/python3.12/site-packages/airflow/example_dags/example_nested_branch_dag.py
[2024-07-17T13:58:40.978+0000] {processor.py:830} INFO - Processing file /home/airflow/.local/lib/python3.12/site-packages/airflow/example_dags/example_nested_branch_dag.py for tasks to queue
[2024-07-17T13:58:40.980+0000] {logging_mixin.py:188} INFO - [2024-07-17T13:58:40.980+0000] {dagbag.py:545} INFO - Filling up the DagBag from /home/airflow/.local/lib/python3.12/site-packages/airflow/example_dags/example_nested_branch_dag.py
[2024-07-17T13:58:40.990+0000] {processor.py:840} INFO - DAG(s) 'example_nested_branch_dag' retrieved from /home/airflow/.local/lib/python3.12/site-packages/airflow/example_dags/example_nested_branch_dag.py
[2024-07-17T13:58:41.021+0000] {logging_mixin.py:188} INFO - [2024-07-17T13:58:41.021+0000] {dag.py:3096} INFO - Sync 1 DAGs
[2024-07-17T13:58:41.057+0000] {logging_mixin.py:188} INFO - [2024-07-17T13:58:41.056+0000] {dag.py:3954} INFO - Setting next_dagrun for example_nested_branch_dag to 2024-07-16 00:00:00+00:00, run_after=2024-07-17 00:00:00+00:00
[2024-07-17T13:58:41.087+0000] {processor.py:183} INFO - Processing /home/airflow/.local/lib/python3.12/site-packages/airflow/example_dags/example_nested_branch_dag.py took 0.117 seconds
[2024-07-17T13:59:11.562+0000] {processor.py:161} INFO - Started process (PID=2075) to work on /home/airflow/.local/lib/python3.12/site-packages/airflow/example_dags/example_nested_branch_dag.py
[2024-07-17T13:59:11.563+0000] {processor.py:830} INFO - Processing file /home/airflow/.local/lib/python3.12/site-packages/airflow/example_dags/example_nested_branch_dag.py for tasks to queue
[2024-07-17T13:59:11.566+0000] {logging_mixin.py:188} INFO - [2024-07-17T13:59:11.565+0000] {dagbag.py:545} INFO - Filling up the DagBag from /home/airflow/.local/lib/python3.12/site-packages/airflow/example_dags/example_nested_branch_dag.py
[2024-07-17T13:59:11.577+0000] {processor.py:840} INFO - DAG(s) 'example_nested_branch_dag' retrieved from /home/airflow/.local/lib/python3.12/site-packages/airflow/example_dags/example_nested_branch_dag.py
[2024-07-17T13:59:11.603+0000] {logging_mixin.py:188} INFO - [2024-07-17T13:59:11.603+0000] {dag.py:3096} INFO - Sync 1 DAGs
[2024-07-17T13:59:11.641+0000] {logging_mixin.py:188} INFO - [2024-07-17T13:59:11.641+0000] {dag.py:3954} INFO - Setting next_dagrun for example_nested_branch_dag to 2024-07-16 00:00:00+00:00, run_after=2024-07-17 00:00:00+00:00
[2024-07-17T13:59:11.668+0000] {processor.py:183} INFO - Processing /home/airflow/.local/lib/python3.12/site-packages/airflow/example_dags/example_nested_branch_dag.py took 0.113 seconds
[2024-07-17T13:59:41.859+0000] {processor.py:161} INFO - Started process (PID=2136) to work on /home/airflow/.local/lib/python3.12/site-packages/airflow/example_dags/example_nested_branch_dag.py
[2024-07-17T13:59:41.860+0000] {processor.py:830} INFO - Processing file /home/airflow/.local/lib/python3.12/site-packages/airflow/example_dags/example_nested_branch_dag.py for tasks to queue
[2024-07-17T13:59:41.862+0000] {logging_mixin.py:188} INFO - [2024-07-17T13:59:41.862+0000] {dagbag.py:545} INFO - Filling up the DagBag from /home/airflow/.local/lib/python3.12/site-packages/airflow/example_dags/example_nested_branch_dag.py
[2024-07-17T13:59:41.877+0000] {processor.py:840} INFO - DAG(s) 'example_nested_branch_dag' retrieved from /home/airflow/.local/lib/python3.12/site-packages/airflow/example_dags/example_nested_branch_dag.py
[2024-07-17T13:59:41.907+0000] {logging_mixin.py:188} INFO - [2024-07-17T13:59:41.907+0000] {dag.py:3096} INFO - Sync 1 DAGs
[2024-07-17T13:59:41.939+0000] {logging_mixin.py:188} INFO - [2024-07-17T13:59:41.939+0000] {dag.py:3954} INFO - Setting next_dagrun for example_nested_branch_dag to 2024-07-16 00:00:00+00:00, run_after=2024-07-17 00:00:00+00:00
[2024-07-17T13:59:41.973+0000] {processor.py:183} INFO - Processing /home/airflow/.local/lib/python3.12/site-packages/airflow/example_dags/example_nested_branch_dag.py took 0.122 seconds
[2024-07-17T14:00:12.197+0000] {processor.py:161} INFO - Started process (PID=2196) to work on /home/airflow/.local/lib/python3.12/site-packages/airflow/example_dags/example_nested_branch_dag.py
[2024-07-17T14:00:12.198+0000] {processor.py:830} INFO - Processing file /home/airflow/.local/lib/python3.12/site-packages/airflow/example_dags/example_nested_branch_dag.py for tasks to queue
[2024-07-17T14:00:12.200+0000] {logging_mixin.py:188} INFO - [2024-07-17T14:00:12.200+0000] {dagbag.py:545} INFO - Filling up the DagBag from /home/airflow/.local/lib/python3.12/site-packages/airflow/example_dags/example_nested_branch_dag.py
[2024-07-17T14:00:12.208+0000] {processor.py:840} INFO - DAG(s) 'example_nested_branch_dag' retrieved from /home/airflow/.local/lib/python3.12/site-packages/airflow/example_dags/example_nested_branch_dag.py
[2024-07-17T14:00:12.229+0000] {logging_mixin.py:188} INFO - [2024-07-17T14:00:12.229+0000] {dag.py:3096} INFO - Sync 1 DAGs
[2024-07-17T14:00:12.250+0000] {logging_mixin.py:188} INFO - [2024-07-17T14:00:12.250+0000] {dag.py:3954} INFO - Setting next_dagrun for example_nested_branch_dag to 2024-07-16 00:00:00+00:00, run_after=2024-07-17 00:00:00+00:00
[2024-07-17T14:00:12.269+0000] {processor.py:183} INFO - Processing /home/airflow/.local/lib/python3.12/site-packages/airflow/example_dags/example_nested_branch_dag.py took 0.077 seconds
[2024-07-17T14:00:42.661+0000] {processor.py:161} INFO - Started process (PID=2256) to work on /home/airflow/.local/lib/python3.12/site-packages/airflow/example_dags/example_nested_branch_dag.py
[2024-07-17T14:00:42.662+0000] {processor.py:830} INFO - Processing file /home/airflow/.local/lib/python3.12/site-packages/airflow/example_dags/example_nested_branch_dag.py for tasks to queue
[2024-07-17T14:00:42.665+0000] {logging_mixin.py:188} INFO - [2024-07-17T14:00:42.664+0000] {dagbag.py:545} INFO - Filling up the DagBag from /home/airflow/.local/lib/python3.12/site-packages/airflow/example_dags/example_nested_branch_dag.py
[2024-07-17T14:00:42.678+0000] {processor.py:840} INFO - DAG(s) 'example_nested_branch_dag' retrieved from /home/airflow/.local/lib/python3.12/site-packages/airflow/example_dags/example_nested_branch_dag.py
[2024-07-17T14:00:42.705+0000] {logging_mixin.py:188} INFO - [2024-07-17T14:00:42.705+0000] {dag.py:3096} INFO - Sync 1 DAGs
[2024-07-17T14:00:42.733+0000] {logging_mixin.py:188} INFO - [2024-07-17T14:00:42.732+0000] {dag.py:3954} INFO - Setting next_dagrun for example_nested_branch_dag to 2024-07-16 00:00:00+00:00, run_after=2024-07-17 00:00:00+00:00
[2024-07-17T14:00:42.758+0000] {processor.py:183} INFO - Processing /home/airflow/.local/lib/python3.12/site-packages/airflow/example_dags/example_nested_branch_dag.py took 0.105 seconds
[2024-07-17T14:01:12.969+0000] {processor.py:161} INFO - Started process (PID=2316) to work on /home/airflow/.local/lib/python3.12/site-packages/airflow/example_dags/example_nested_branch_dag.py
[2024-07-17T14:01:12.971+0000] {processor.py:830} INFO - Processing file /home/airflow/.local/lib/python3.12/site-packages/airflow/example_dags/example_nested_branch_dag.py for tasks to queue
[2024-07-17T14:01:12.973+0000] {logging_mixin.py:188} INFO - [2024-07-17T14:01:12.973+0000] {dagbag.py:545} INFO - Filling up the DagBag from /home/airflow/.local/lib/python3.12/site-packages/airflow/example_dags/example_nested_branch_dag.py
[2024-07-17T14:01:12.986+0000] {processor.py:840} INFO - DAG(s) 'example_nested_branch_dag' retrieved from /home/airflow/.local/lib/python3.12/site-packages/airflow/example_dags/example_nested_branch_dag.py
[2024-07-17T14:01:13.013+0000] {logging_mixin.py:188} INFO - [2024-07-17T14:01:13.013+0000] {dag.py:3096} INFO - Sync 1 DAGs
[2024-07-17T14:01:13.045+0000] {logging_mixin.py:188} INFO - [2024-07-17T14:01:13.045+0000] {dag.py:3954} INFO - Setting next_dagrun for example_nested_branch_dag to 2024-07-16 00:00:00+00:00, run_after=2024-07-17 00:00:00+00:00
[2024-07-17T14:01:13.077+0000] {processor.py:183} INFO - Processing /home/airflow/.local/lib/python3.12/site-packages/airflow/example_dags/example_nested_branch_dag.py took 0.116 seconds
[2024-07-17T14:01:43.335+0000] {processor.py:161} INFO - Started process (PID=2376) to work on /home/airflow/.local/lib/python3.12/site-packages/airflow/example_dags/example_nested_branch_dag.py
[2024-07-17T14:01:43.336+0000] {processor.py:830} INFO - Processing file /home/airflow/.local/lib/python3.12/site-packages/airflow/example_dags/example_nested_branch_dag.py for tasks to queue
[2024-07-17T14:01:43.338+0000] {logging_mixin.py:188} INFO - [2024-07-17T14:01:43.338+0000] {dagbag.py:545} INFO - Filling up the DagBag from /home/airflow/.local/lib/python3.12/site-packages/airflow/example_dags/example_nested_branch_dag.py
[2024-07-17T14:01:43.353+0000] {processor.py:840} INFO - DAG(s) 'example_nested_branch_dag' retrieved from /home/airflow/.local/lib/python3.12/site-packages/airflow/example_dags/example_nested_branch_dag.py
[2024-07-17T14:01:43.385+0000] {logging_mixin.py:188} INFO - [2024-07-17T14:01:43.385+0000] {dag.py:3096} INFO - Sync 1 DAGs
[2024-07-17T14:01:43.427+0000] {logging_mixin.py:188} INFO - [2024-07-17T14:01:43.425+0000] {dag.py:3954} INFO - Setting next_dagrun for example_nested_branch_dag to 2024-07-16 00:00:00+00:00, run_after=2024-07-17 00:00:00+00:00
[2024-07-17T14:01:43.466+0000] {processor.py:183} INFO - Processing /home/airflow/.local/lib/python3.12/site-packages/airflow/example_dags/example_nested_branch_dag.py took 0.139 seconds
[2024-07-17T14:04:05.430+0000] {processor.py:161} INFO - Started process (PID=2434) to work on /home/airflow/.local/lib/python3.12/site-packages/airflow/example_dags/example_nested_branch_dag.py
[2024-07-17T14:04:05.444+0000] {processor.py:830} INFO - Processing file /home/airflow/.local/lib/python3.12/site-packages/airflow/example_dags/example_nested_branch_dag.py for tasks to queue
[2024-07-17T14:04:05.456+0000] {logging_mixin.py:188} INFO - [2024-07-17T14:04:05.455+0000] {dagbag.py:545} INFO - Filling up the DagBag from /home/airflow/.local/lib/python3.12/site-packages/airflow/example_dags/example_nested_branch_dag.py
[2024-07-17T14:04:05.488+0000] {processor.py:840} INFO - DAG(s) 'example_nested_branch_dag' retrieved from /home/airflow/.local/lib/python3.12/site-packages/airflow/example_dags/example_nested_branch_dag.py
[2024-07-17T14:04:05.551+0000] {logging_mixin.py:188} INFO - [2024-07-17T14:04:05.550+0000] {dag.py:3096} INFO - Sync 1 DAGs
[2024-07-17T14:04:05.614+0000] {logging_mixin.py:188} INFO - [2024-07-17T14:04:05.613+0000] {dag.py:3954} INFO - Setting next_dagrun for example_nested_branch_dag to 2024-07-16 00:00:00+00:00, run_after=2024-07-17 00:00:00+00:00
[2024-07-17T14:04:05.658+0000] {processor.py:183} INFO - Processing /home/airflow/.local/lib/python3.12/site-packages/airflow/example_dags/example_nested_branch_dag.py took 0.251 seconds
[2024-07-17T14:04:35.708+0000] {processor.py:161} INFO - Started process (PID=2495) to work on /home/airflow/.local/lib/python3.12/site-packages/airflow/example_dags/example_nested_branch_dag.py
[2024-07-17T14:04:35.709+0000] {processor.py:830} INFO - Processing file /home/airflow/.local/lib/python3.12/site-packages/airflow/example_dags/example_nested_branch_dag.py for tasks to queue
[2024-07-17T14:04:35.711+0000] {logging_mixin.py:188} INFO - [2024-07-17T14:04:35.710+0000] {dagbag.py:545} INFO - Filling up the DagBag from /home/airflow/.local/lib/python3.12/site-packages/airflow/example_dags/example_nested_branch_dag.py
[2024-07-17T14:04:35.722+0000] {processor.py:840} INFO - DAG(s) 'example_nested_branch_dag' retrieved from /home/airflow/.local/lib/python3.12/site-packages/airflow/example_dags/example_nested_branch_dag.py
[2024-07-17T14:04:35.748+0000] {logging_mixin.py:188} INFO - [2024-07-17T14:04:35.747+0000] {dag.py:3096} INFO - Sync 1 DAGs
[2024-07-17T14:04:35.784+0000] {logging_mixin.py:188} INFO - [2024-07-17T14:04:35.784+0000] {dag.py:3954} INFO - Setting next_dagrun for example_nested_branch_dag to 2024-07-16 00:00:00+00:00, run_after=2024-07-17 00:00:00+00:00
[2024-07-17T14:04:35.809+0000] {processor.py:183} INFO - Processing /home/airflow/.local/lib/python3.12/site-packages/airflow/example_dags/example_nested_branch_dag.py took 0.108 seconds
[2024-07-17T14:05:06.192+0000] {processor.py:161} INFO - Started process (PID=2556) to work on /home/airflow/.local/lib/python3.12/site-packages/airflow/example_dags/example_nested_branch_dag.py
[2024-07-17T14:05:06.193+0000] {processor.py:830} INFO - Processing file /home/airflow/.local/lib/python3.12/site-packages/airflow/example_dags/example_nested_branch_dag.py for tasks to queue
[2024-07-17T14:05:06.196+0000] {logging_mixin.py:188} INFO - [2024-07-17T14:05:06.195+0000] {dagbag.py:545} INFO - Filling up the DagBag from /home/airflow/.local/lib/python3.12/site-packages/airflow/example_dags/example_nested_branch_dag.py
[2024-07-17T14:05:06.210+0000] {processor.py:840} INFO - DAG(s) 'example_nested_branch_dag' retrieved from /home/airflow/.local/lib/python3.12/site-packages/airflow/example_dags/example_nested_branch_dag.py
[2024-07-17T14:05:06.235+0000] {logging_mixin.py:188} INFO - [2024-07-17T14:05:06.235+0000] {dag.py:3096} INFO - Sync 1 DAGs
[2024-07-17T14:05:06.267+0000] {logging_mixin.py:188} INFO - [2024-07-17T14:05:06.267+0000] {dag.py:3954} INFO - Setting next_dagrun for example_nested_branch_dag to 2024-07-16 00:00:00+00:00, run_after=2024-07-17 00:00:00+00:00
[2024-07-17T14:05:06.294+0000] {processor.py:183} INFO - Processing /home/airflow/.local/lib/python3.12/site-packages/airflow/example_dags/example_nested_branch_dag.py took 0.111 seconds
[2024-07-17T14:05:36.749+0000] {processor.py:161} INFO - Started process (PID=2616) to work on /home/airflow/.local/lib/python3.12/site-packages/airflow/example_dags/example_nested_branch_dag.py
[2024-07-17T14:05:36.750+0000] {processor.py:830} INFO - Processing file /home/airflow/.local/lib/python3.12/site-packages/airflow/example_dags/example_nested_branch_dag.py for tasks to queue
[2024-07-17T14:05:36.752+0000] {logging_mixin.py:188} INFO - [2024-07-17T14:05:36.752+0000] {dagbag.py:545} INFO - Filling up the DagBag from /home/airflow/.local/lib/python3.12/site-packages/airflow/example_dags/example_nested_branch_dag.py
[2024-07-17T14:05:36.763+0000] {processor.py:840} INFO - DAG(s) 'example_nested_branch_dag' retrieved from /home/airflow/.local/lib/python3.12/site-packages/airflow/example_dags/example_nested_branch_dag.py
[2024-07-17T14:05:36.785+0000] {logging_mixin.py:188} INFO - [2024-07-17T14:05:36.785+0000] {dag.py:3096} INFO - Sync 1 DAGs
[2024-07-17T14:05:36.810+0000] {logging_mixin.py:188} INFO - [2024-07-17T14:05:36.810+0000] {dag.py:3954} INFO - Setting next_dagrun for example_nested_branch_dag to 2024-07-16 00:00:00+00:00, run_after=2024-07-17 00:00:00+00:00
[2024-07-17T14:05:36.832+0000] {processor.py:183} INFO - Processing /home/airflow/.local/lib/python3.12/site-packages/airflow/example_dags/example_nested_branch_dag.py took 0.088 seconds
[2024-07-17T14:06:07.521+0000] {processor.py:161} INFO - Started process (PID=2677) to work on /home/airflow/.local/lib/python3.12/site-packages/airflow/example_dags/example_nested_branch_dag.py
[2024-07-17T14:06:07.523+0000] {processor.py:830} INFO - Processing file /home/airflow/.local/lib/python3.12/site-packages/airflow/example_dags/example_nested_branch_dag.py for tasks to queue
[2024-07-17T14:06:07.527+0000] {logging_mixin.py:188} INFO - [2024-07-17T14:06:07.526+0000] {dagbag.py:545} INFO - Filling up the DagBag from /home/airflow/.local/lib/python3.12/site-packages/airflow/example_dags/example_nested_branch_dag.py
[2024-07-17T14:06:07.563+0000] {processor.py:840} INFO - DAG(s) 'example_nested_branch_dag' retrieved from /home/airflow/.local/lib/python3.12/site-packages/airflow/example_dags/example_nested_branch_dag.py
[2024-07-17T14:06:07.616+0000] {logging_mixin.py:188} INFO - [2024-07-17T14:06:07.615+0000] {dag.py:3096} INFO - Sync 1 DAGs
[2024-07-17T14:06:07.665+0000] {logging_mixin.py:188} INFO - [2024-07-17T14:06:07.664+0000] {dag.py:3954} INFO - Setting next_dagrun for example_nested_branch_dag to 2024-07-16 00:00:00+00:00, run_after=2024-07-17 00:00:00+00:00
[2024-07-17T14:06:07.702+0000] {processor.py:183} INFO - Processing /home/airflow/.local/lib/python3.12/site-packages/airflow/example_dags/example_nested_branch_dag.py took 0.194 seconds
[2024-07-17T14:06:37.900+0000] {processor.py:161} INFO - Started process (PID=2737) to work on /home/airflow/.local/lib/python3.12/site-packages/airflow/example_dags/example_nested_branch_dag.py
[2024-07-17T14:06:37.902+0000] {processor.py:830} INFO - Processing file /home/airflow/.local/lib/python3.12/site-packages/airflow/example_dags/example_nested_branch_dag.py for tasks to queue
[2024-07-17T14:06:37.906+0000] {logging_mixin.py:188} INFO - [2024-07-17T14:06:37.905+0000] {dagbag.py:545} INFO - Filling up the DagBag from /home/airflow/.local/lib/python3.12/site-packages/airflow/example_dags/example_nested_branch_dag.py
[2024-07-17T14:06:37.940+0000] {processor.py:840} INFO - DAG(s) 'example_nested_branch_dag' retrieved from /home/airflow/.local/lib/python3.12/site-packages/airflow/example_dags/example_nested_branch_dag.py
[2024-07-17T14:06:37.996+0000] {logging_mixin.py:188} INFO - [2024-07-17T14:06:37.995+0000] {dag.py:3096} INFO - Sync 1 DAGs
[2024-07-17T14:06:38.050+0000] {logging_mixin.py:188} INFO - [2024-07-17T14:06:38.050+0000] {dag.py:3954} INFO - Setting next_dagrun for example_nested_branch_dag to 2024-07-16 00:00:00+00:00, run_after=2024-07-17 00:00:00+00:00
[2024-07-17T14:06:38.089+0000] {processor.py:183} INFO - Processing /home/airflow/.local/lib/python3.12/site-packages/airflow/example_dags/example_nested_branch_dag.py took 0.202 seconds
[2024-07-17T14:07:08.795+0000] {processor.py:161} INFO - Started process (PID=2797) to work on /home/airflow/.local/lib/python3.12/site-packages/airflow/example_dags/example_nested_branch_dag.py
[2024-07-17T14:07:08.798+0000] {processor.py:830} INFO - Processing file /home/airflow/.local/lib/python3.12/site-packages/airflow/example_dags/example_nested_branch_dag.py for tasks to queue
[2024-07-17T14:07:08.805+0000] {logging_mixin.py:188} INFO - [2024-07-17T14:07:08.804+0000] {dagbag.py:545} INFO - Filling up the DagBag from /home/airflow/.local/lib/python3.12/site-packages/airflow/example_dags/example_nested_branch_dag.py
[2024-07-17T14:07:08.831+0000] {processor.py:840} INFO - DAG(s) 'example_nested_branch_dag' retrieved from /home/airflow/.local/lib/python3.12/site-packages/airflow/example_dags/example_nested_branch_dag.py
[2024-07-17T14:07:08.890+0000] {logging_mixin.py:188} INFO - [2024-07-17T14:07:08.889+0000] {dag.py:3096} INFO - Sync 1 DAGs
[2024-07-17T14:07:08.956+0000] {logging_mixin.py:188} INFO - [2024-07-17T14:07:08.956+0000] {dag.py:3954} INFO - Setting next_dagrun for example_nested_branch_dag to 2024-07-16 00:00:00+00:00, run_after=2024-07-17 00:00:00+00:00
[2024-07-17T14:07:08.997+0000] {processor.py:183} INFO - Processing /home/airflow/.local/lib/python3.12/site-packages/airflow/example_dags/example_nested_branch_dag.py took 0.222 seconds
[2024-07-17T14:07:39.946+0000] {processor.py:161} INFO - Started process (PID=2857) to work on /home/airflow/.local/lib/python3.12/site-packages/airflow/example_dags/example_nested_branch_dag.py
[2024-07-17T14:07:39.948+0000] {processor.py:830} INFO - Processing file /home/airflow/.local/lib/python3.12/site-packages/airflow/example_dags/example_nested_branch_dag.py for tasks to queue
[2024-07-17T14:07:39.953+0000] {logging_mixin.py:188} INFO - [2024-07-17T14:07:39.952+0000] {dagbag.py:545} INFO - Filling up the DagBag from /home/airflow/.local/lib/python3.12/site-packages/airflow/example_dags/example_nested_branch_dag.py
[2024-07-17T14:07:39.977+0000] {processor.py:840} INFO - DAG(s) 'example_nested_branch_dag' retrieved from /home/airflow/.local/lib/python3.12/site-packages/airflow/example_dags/example_nested_branch_dag.py
[2024-07-17T14:07:40.042+0000] {logging_mixin.py:188} INFO - [2024-07-17T14:07:40.042+0000] {dag.py:3096} INFO - Sync 1 DAGs
[2024-07-17T14:07:40.110+0000] {logging_mixin.py:188} INFO - [2024-07-17T14:07:40.109+0000] {dag.py:3954} INFO - Setting next_dagrun for example_nested_branch_dag to 2024-07-16 00:00:00+00:00, run_after=2024-07-17 00:00:00+00:00
[2024-07-17T14:07:40.158+0000] {processor.py:183} INFO - Processing /home/airflow/.local/lib/python3.12/site-packages/airflow/example_dags/example_nested_branch_dag.py took 0.226 seconds
[2024-07-17T14:08:10.927+0000] {processor.py:161} INFO - Started process (PID=2917) to work on /home/airflow/.local/lib/python3.12/site-packages/airflow/example_dags/example_nested_branch_dag.py
[2024-07-17T14:08:10.935+0000] {processor.py:830} INFO - Processing file /home/airflow/.local/lib/python3.12/site-packages/airflow/example_dags/example_nested_branch_dag.py for tasks to queue
[2024-07-17T14:08:10.943+0000] {logging_mixin.py:188} INFO - [2024-07-17T14:08:10.942+0000] {dagbag.py:545} INFO - Filling up the DagBag from /home/airflow/.local/lib/python3.12/site-packages/airflow/example_dags/example_nested_branch_dag.py
[2024-07-17T14:08:10.964+0000] {processor.py:840} INFO - DAG(s) 'example_nested_branch_dag' retrieved from /home/airflow/.local/lib/python3.12/site-packages/airflow/example_dags/example_nested_branch_dag.py
[2024-07-17T14:08:11.036+0000] {logging_mixin.py:188} INFO - [2024-07-17T14:08:11.035+0000] {dag.py:3096} INFO - Sync 1 DAGs
[2024-07-17T14:08:11.115+0000] {logging_mixin.py:188} INFO - [2024-07-17T14:08:11.115+0000] {dag.py:3954} INFO - Setting next_dagrun for example_nested_branch_dag to 2024-07-16 00:00:00+00:00, run_after=2024-07-17 00:00:00+00:00
[2024-07-17T14:08:11.171+0000] {processor.py:183} INFO - Processing /home/airflow/.local/lib/python3.12/site-packages/airflow/example_dags/example_nested_branch_dag.py took 0.263 seconds
[2024-07-17T14:08:41.909+0000] {processor.py:161} INFO - Started process (PID=2977) to work on /home/airflow/.local/lib/python3.12/site-packages/airflow/example_dags/example_nested_branch_dag.py
[2024-07-17T14:08:41.911+0000] {processor.py:830} INFO - Processing file /home/airflow/.local/lib/python3.12/site-packages/airflow/example_dags/example_nested_branch_dag.py for tasks to queue
[2024-07-17T14:08:41.916+0000] {logging_mixin.py:188} INFO - [2024-07-17T14:08:41.915+0000] {dagbag.py:545} INFO - Filling up the DagBag from /home/airflow/.local/lib/python3.12/site-packages/airflow/example_dags/example_nested_branch_dag.py
[2024-07-17T14:08:41.940+0000] {processor.py:840} INFO - DAG(s) 'example_nested_branch_dag' retrieved from /home/airflow/.local/lib/python3.12/site-packages/airflow/example_dags/example_nested_branch_dag.py
[2024-07-17T14:08:41.986+0000] {logging_mixin.py:188} INFO - [2024-07-17T14:08:41.986+0000] {dag.py:3096} INFO - Sync 1 DAGs
[2024-07-17T14:08:42.040+0000] {logging_mixin.py:188} INFO - [2024-07-17T14:08:42.039+0000] {dag.py:3954} INFO - Setting next_dagrun for example_nested_branch_dag to 2024-07-16 00:00:00+00:00, run_after=2024-07-17 00:00:00+00:00
[2024-07-17T14:08:42.078+0000] {processor.py:183} INFO - Processing /home/airflow/.local/lib/python3.12/site-packages/airflow/example_dags/example_nested_branch_dag.py took 0.182 seconds
[2024-07-17T14:09:12.234+0000] {processor.py:161} INFO - Started process (PID=3036) to work on /home/airflow/.local/lib/python3.12/site-packages/airflow/example_dags/example_nested_branch_dag.py
[2024-07-17T14:09:12.237+0000] {processor.py:830} INFO - Processing file /home/airflow/.local/lib/python3.12/site-packages/airflow/example_dags/example_nested_branch_dag.py for tasks to queue
[2024-07-17T14:09:12.243+0000] {logging_mixin.py:188} INFO - [2024-07-17T14:09:12.242+0000] {dagbag.py:545} INFO - Filling up the DagBag from /home/airflow/.local/lib/python3.12/site-packages/airflow/example_dags/example_nested_branch_dag.py
[2024-07-17T14:09:12.274+0000] {processor.py:840} INFO - DAG(s) 'example_nested_branch_dag' retrieved from /home/airflow/.local/lib/python3.12/site-packages/airflow/example_dags/example_nested_branch_dag.py
[2024-07-17T14:09:12.322+0000] {logging_mixin.py:188} INFO - [2024-07-17T14:09:12.322+0000] {dag.py:3096} INFO - Sync 1 DAGs
[2024-07-17T14:09:12.382+0000] {logging_mixin.py:188} INFO - [2024-07-17T14:09:12.381+0000] {dag.py:3954} INFO - Setting next_dagrun for example_nested_branch_dag to 2024-07-16 00:00:00+00:00, run_after=2024-07-17 00:00:00+00:00
[2024-07-17T14:09:12.415+0000] {processor.py:183} INFO - Processing /home/airflow/.local/lib/python3.12/site-packages/airflow/example_dags/example_nested_branch_dag.py took 0.199 seconds
[2024-07-17T14:09:42.590+0000] {processor.py:161} INFO - Started process (PID=3095) to work on /home/airflow/.local/lib/python3.12/site-packages/airflow/example_dags/example_nested_branch_dag.py
[2024-07-17T14:09:42.592+0000] {processor.py:830} INFO - Processing file /home/airflow/.local/lib/python3.12/site-packages/airflow/example_dags/example_nested_branch_dag.py for tasks to queue
[2024-07-17T14:09:42.596+0000] {logging_mixin.py:188} INFO - [2024-07-17T14:09:42.595+0000] {dagbag.py:545} INFO - Filling up the DagBag from /home/airflow/.local/lib/python3.12/site-packages/airflow/example_dags/example_nested_branch_dag.py
[2024-07-17T14:09:42.621+0000] {processor.py:840} INFO - DAG(s) 'example_nested_branch_dag' retrieved from /home/airflow/.local/lib/python3.12/site-packages/airflow/example_dags/example_nested_branch_dag.py
[2024-07-17T14:09:42.671+0000] {logging_mixin.py:188} INFO - [2024-07-17T14:09:42.671+0000] {dag.py:3096} INFO - Sync 1 DAGs
[2024-07-17T14:09:42.730+0000] {logging_mixin.py:188} INFO - [2024-07-17T14:09:42.729+0000] {dag.py:3954} INFO - Setting next_dagrun for example_nested_branch_dag to 2024-07-16 00:00:00+00:00, run_after=2024-07-17 00:00:00+00:00
[2024-07-17T14:09:42.778+0000] {processor.py:183} INFO - Processing /home/airflow/.local/lib/python3.12/site-packages/airflow/example_dags/example_nested_branch_dag.py took 0.202 seconds
[2024-07-17T14:10:12.970+0000] {processor.py:161} INFO - Started process (PID=3155) to work on /home/airflow/.local/lib/python3.12/site-packages/airflow/example_dags/example_nested_branch_dag.py
[2024-07-17T14:10:12.972+0000] {processor.py:830} INFO - Processing file /home/airflow/.local/lib/python3.12/site-packages/airflow/example_dags/example_nested_branch_dag.py for tasks to queue
[2024-07-17T14:10:12.976+0000] {logging_mixin.py:188} INFO - [2024-07-17T14:10:12.976+0000] {dagbag.py:545} INFO - Filling up the DagBag from /home/airflow/.local/lib/python3.12/site-packages/airflow/example_dags/example_nested_branch_dag.py
[2024-07-17T14:10:12.995+0000] {processor.py:840} INFO - DAG(s) 'example_nested_branch_dag' retrieved from /home/airflow/.local/lib/python3.12/site-packages/airflow/example_dags/example_nested_branch_dag.py
[2024-07-17T14:10:13.051+0000] {logging_mixin.py:188} INFO - [2024-07-17T14:10:13.049+0000] {dag.py:3096} INFO - Sync 1 DAGs
[2024-07-17T14:10:13.112+0000] {logging_mixin.py:188} INFO - [2024-07-17T14:10:13.111+0000] {dag.py:3954} INFO - Setting next_dagrun for example_nested_branch_dag to 2024-07-16 00:00:00+00:00, run_after=2024-07-17 00:00:00+00:00
[2024-07-17T14:10:13.162+0000] {processor.py:183} INFO - Processing /home/airflow/.local/lib/python3.12/site-packages/airflow/example_dags/example_nested_branch_dag.py took 0.206 seconds
[2024-07-17T14:10:43.320+0000] {processor.py:161} INFO - Started process (PID=3215) to work on /home/airflow/.local/lib/python3.12/site-packages/airflow/example_dags/example_nested_branch_dag.py
[2024-07-17T14:10:43.322+0000] {processor.py:830} INFO - Processing file /home/airflow/.local/lib/python3.12/site-packages/airflow/example_dags/example_nested_branch_dag.py for tasks to queue
[2024-07-17T14:10:43.326+0000] {logging_mixin.py:188} INFO - [2024-07-17T14:10:43.325+0000] {dagbag.py:545} INFO - Filling up the DagBag from /home/airflow/.local/lib/python3.12/site-packages/airflow/example_dags/example_nested_branch_dag.py
[2024-07-17T14:10:43.347+0000] {processor.py:840} INFO - DAG(s) 'example_nested_branch_dag' retrieved from /home/airflow/.local/lib/python3.12/site-packages/airflow/example_dags/example_nested_branch_dag.py
[2024-07-17T14:10:43.399+0000] {logging_mixin.py:188} INFO - [2024-07-17T14:10:43.398+0000] {dag.py:3096} INFO - Sync 1 DAGs
[2024-07-17T14:10:43.456+0000] {logging_mixin.py:188} INFO - [2024-07-17T14:10:43.456+0000] {dag.py:3954} INFO - Setting next_dagrun for example_nested_branch_dag to 2024-07-16 00:00:00+00:00, run_after=2024-07-17 00:00:00+00:00
[2024-07-17T14:10:43.499+0000] {processor.py:183} INFO - Processing /home/airflow/.local/lib/python3.12/site-packages/airflow/example_dags/example_nested_branch_dag.py took 0.190 seconds
[2024-07-17T14:11:14.409+0000] {processor.py:161} INFO - Started process (PID=3275) to work on /home/airflow/.local/lib/python3.12/site-packages/airflow/example_dags/example_nested_branch_dag.py
[2024-07-17T14:11:14.411+0000] {processor.py:830} INFO - Processing file /home/airflow/.local/lib/python3.12/site-packages/airflow/example_dags/example_nested_branch_dag.py for tasks to queue
[2024-07-17T14:11:14.414+0000] {logging_mixin.py:188} INFO - [2024-07-17T14:11:14.414+0000] {dagbag.py:545} INFO - Filling up the DagBag from /home/airflow/.local/lib/python3.12/site-packages/airflow/example_dags/example_nested_branch_dag.py
[2024-07-17T14:11:14.438+0000] {processor.py:840} INFO - DAG(s) 'example_nested_branch_dag' retrieved from /home/airflow/.local/lib/python3.12/site-packages/airflow/example_dags/example_nested_branch_dag.py
[2024-07-17T14:11:14.508+0000] {logging_mixin.py:188} INFO - [2024-07-17T14:11:14.507+0000] {dag.py:3096} INFO - Sync 1 DAGs
[2024-07-17T14:11:14.567+0000] {logging_mixin.py:188} INFO - [2024-07-17T14:11:14.566+0000] {dag.py:3954} INFO - Setting next_dagrun for example_nested_branch_dag to 2024-07-16 00:00:00+00:00, run_after=2024-07-17 00:00:00+00:00
[2024-07-17T14:11:14.603+0000] {processor.py:183} INFO - Processing /home/airflow/.local/lib/python3.12/site-packages/airflow/example_dags/example_nested_branch_dag.py took 0.208 seconds
[2024-07-17T14:11:45.388+0000] {processor.py:161} INFO - Started process (PID=3335) to work on /home/airflow/.local/lib/python3.12/site-packages/airflow/example_dags/example_nested_branch_dag.py
[2024-07-17T14:11:45.391+0000] {processor.py:830} INFO - Processing file /home/airflow/.local/lib/python3.12/site-packages/airflow/example_dags/example_nested_branch_dag.py for tasks to queue
[2024-07-17T14:11:45.396+0000] {logging_mixin.py:188} INFO - [2024-07-17T14:11:45.395+0000] {dagbag.py:545} INFO - Filling up the DagBag from /home/airflow/.local/lib/python3.12/site-packages/airflow/example_dags/example_nested_branch_dag.py
[2024-07-17T14:11:45.422+0000] {processor.py:840} INFO - DAG(s) 'example_nested_branch_dag' retrieved from /home/airflow/.local/lib/python3.12/site-packages/airflow/example_dags/example_nested_branch_dag.py
[2024-07-17T14:11:45.476+0000] {logging_mixin.py:188} INFO - [2024-07-17T14:11:45.476+0000] {dag.py:3096} INFO - Sync 1 DAGs
[2024-07-17T14:11:45.526+0000] {logging_mixin.py:188} INFO - [2024-07-17T14:11:45.525+0000] {dag.py:3954} INFO - Setting next_dagrun for example_nested_branch_dag to 2024-07-16 00:00:00+00:00, run_after=2024-07-17 00:00:00+00:00
[2024-07-17T14:11:45.575+0000] {processor.py:183} INFO - Processing /home/airflow/.local/lib/python3.12/site-packages/airflow/example_dags/example_nested_branch_dag.py took 0.201 seconds
[2024-07-17T14:12:15.955+0000] {processor.py:161} INFO - Started process (PID=3395) to work on /home/airflow/.local/lib/python3.12/site-packages/airflow/example_dags/example_nested_branch_dag.py
[2024-07-17T14:12:15.957+0000] {processor.py:830} INFO - Processing file /home/airflow/.local/lib/python3.12/site-packages/airflow/example_dags/example_nested_branch_dag.py for tasks to queue
[2024-07-17T14:12:15.961+0000] {logging_mixin.py:188} INFO - [2024-07-17T14:12:15.961+0000] {dagbag.py:545} INFO - Filling up the DagBag from /home/airflow/.local/lib/python3.12/site-packages/airflow/example_dags/example_nested_branch_dag.py
[2024-07-17T14:12:15.981+0000] {processor.py:840} INFO - DAG(s) 'example_nested_branch_dag' retrieved from /home/airflow/.local/lib/python3.12/site-packages/airflow/example_dags/example_nested_branch_dag.py
[2024-07-17T14:12:16.032+0000] {logging_mixin.py:188} INFO - [2024-07-17T14:12:16.032+0000] {dag.py:3096} INFO - Sync 1 DAGs
[2024-07-17T14:12:16.080+0000] {logging_mixin.py:188} INFO - [2024-07-17T14:12:16.079+0000] {dag.py:3954} INFO - Setting next_dagrun for example_nested_branch_dag to 2024-07-16 00:00:00+00:00, run_after=2024-07-17 00:00:00+00:00
[2024-07-17T14:12:16.119+0000] {processor.py:183} INFO - Processing /home/airflow/.local/lib/python3.12/site-packages/airflow/example_dags/example_nested_branch_dag.py took 0.177 seconds
