[2024-07-17T10:31:52.103+0000] {processor.py:161} INFO - Started process (PID=69) to work on /home/airflow/.local/lib/python3.12/site-packages/airflow/example_dags/example_setup_teardown.py
[2024-07-17T10:31:52.104+0000] {processor.py:830} INFO - Processing file /home/airflow/.local/lib/python3.12/site-packages/airflow/example_dags/example_setup_teardown.py for tasks to queue
[2024-07-17T10:31:52.107+0000] {logging_mixin.py:188} INFO - [2024-07-17T10:31:52.106+0000] {dagbag.py:545} INFO - Filling up the DagBag from /home/airflow/.local/lib/python3.12/site-packages/airflow/example_dags/example_setup_teardown.py
[2024-07-17T10:31:52.115+0000] {processor.py:840} INFO - DAG(s) 'example_setup_teardown' retrieved from /home/airflow/.local/lib/python3.12/site-packages/airflow/example_dags/example_setup_teardown.py
[2024-07-17T10:31:52.144+0000] {logging_mixin.py:188} INFO - [2024-07-17T10:31:52.144+0000] {dag.py:3096} INFO - Sync 1 DAGs
[2024-07-17T10:31:52.173+0000] {logging_mixin.py:188} INFO - [2024-07-17T10:31:52.173+0000] {dag.py:3954} INFO - Setting next_dagrun for example_setup_teardown to 2024-07-16 00:00:00+00:00, run_after=2024-07-17 00:00:00+00:00
[2024-07-17T10:31:52.199+0000] {processor.py:183} INFO - Processing /home/airflow/.local/lib/python3.12/site-packages/airflow/example_dags/example_setup_teardown.py took 0.103 seconds
[2024-07-17T10:32:23.112+0000] {processor.py:161} INFO - Started process (PID=129) to work on /home/airflow/.local/lib/python3.12/site-packages/airflow/example_dags/example_setup_teardown.py
[2024-07-17T10:32:23.122+0000] {processor.py:830} INFO - Processing file /home/airflow/.local/lib/python3.12/site-packages/airflow/example_dags/example_setup_teardown.py for tasks to queue
[2024-07-17T10:32:23.125+0000] {logging_mixin.py:188} INFO - [2024-07-17T10:32:23.124+0000] {dagbag.py:545} INFO - Filling up the DagBag from /home/airflow/.local/lib/python3.12/site-packages/airflow/example_dags/example_setup_teardown.py
[2024-07-17T10:32:23.138+0000] {processor.py:840} INFO - DAG(s) 'example_setup_teardown' retrieved from /home/airflow/.local/lib/python3.12/site-packages/airflow/example_dags/example_setup_teardown.py
[2024-07-17T10:32:23.160+0000] {logging_mixin.py:188} INFO - [2024-07-17T10:32:23.160+0000] {dag.py:3096} INFO - Sync 1 DAGs
[2024-07-17T10:32:23.223+0000] {logging_mixin.py:188} INFO - [2024-07-17T10:32:23.223+0000] {dag.py:3954} INFO - Setting next_dagrun for example_setup_teardown to 2024-07-16 00:00:00+00:00, run_after=2024-07-17 00:00:00+00:00
[2024-07-17T10:32:23.262+0000] {processor.py:183} INFO - Processing /home/airflow/.local/lib/python3.12/site-packages/airflow/example_dags/example_setup_teardown.py took 0.158 seconds
[2024-07-17T10:32:53.893+0000] {processor.py:161} INFO - Started process (PID=195) to work on /home/airflow/.local/lib/python3.12/site-packages/airflow/example_dags/example_setup_teardown.py
[2024-07-17T10:32:53.895+0000] {processor.py:830} INFO - Processing file /home/airflow/.local/lib/python3.12/site-packages/airflow/example_dags/example_setup_teardown.py for tasks to queue
[2024-07-17T10:32:53.897+0000] {logging_mixin.py:188} INFO - [2024-07-17T10:32:53.897+0000] {dagbag.py:545} INFO - Filling up the DagBag from /home/airflow/.local/lib/python3.12/site-packages/airflow/example_dags/example_setup_teardown.py
[2024-07-17T10:32:53.911+0000] {processor.py:840} INFO - DAG(s) 'example_setup_teardown' retrieved from /home/airflow/.local/lib/python3.12/site-packages/airflow/example_dags/example_setup_teardown.py
[2024-07-17T10:32:54.140+0000] {logging_mixin.py:188} INFO - [2024-07-17T10:32:54.131+0000] {dag.py:3096} INFO - Sync 1 DAGs
[2024-07-17T10:32:54.180+0000] {logging_mixin.py:188} INFO - [2024-07-17T10:32:54.180+0000] {dag.py:3954} INFO - Setting next_dagrun for example_setup_teardown to 2024-07-16 00:00:00+00:00, run_after=2024-07-17 00:00:00+00:00
[2024-07-17T10:32:54.209+0000] {processor.py:183} INFO - Processing /home/airflow/.local/lib/python3.12/site-packages/airflow/example_dags/example_setup_teardown.py took 0.323 seconds
[2024-07-17T10:33:24.288+0000] {processor.py:161} INFO - Started process (PID=255) to work on /home/airflow/.local/lib/python3.12/site-packages/airflow/example_dags/example_setup_teardown.py
[2024-07-17T10:33:24.289+0000] {processor.py:830} INFO - Processing file /home/airflow/.local/lib/python3.12/site-packages/airflow/example_dags/example_setup_teardown.py for tasks to queue
[2024-07-17T10:33:24.291+0000] {logging_mixin.py:188} INFO - [2024-07-17T10:33:24.291+0000] {dagbag.py:545} INFO - Filling up the DagBag from /home/airflow/.local/lib/python3.12/site-packages/airflow/example_dags/example_setup_teardown.py
[2024-07-17T10:33:24.301+0000] {processor.py:840} INFO - DAG(s) 'example_setup_teardown' retrieved from /home/airflow/.local/lib/python3.12/site-packages/airflow/example_dags/example_setup_teardown.py
[2024-07-17T10:33:24.327+0000] {logging_mixin.py:188} INFO - [2024-07-17T10:33:24.327+0000] {dag.py:3096} INFO - Sync 1 DAGs
[2024-07-17T10:33:24.353+0000] {logging_mixin.py:188} INFO - [2024-07-17T10:33:24.352+0000] {dag.py:3954} INFO - Setting next_dagrun for example_setup_teardown to 2024-07-16 00:00:00+00:00, run_after=2024-07-17 00:00:00+00:00
[2024-07-17T10:33:24.371+0000] {processor.py:183} INFO - Processing /home/airflow/.local/lib/python3.12/site-packages/airflow/example_dags/example_setup_teardown.py took 0.089 seconds
[2024-07-17T10:33:55.079+0000] {processor.py:161} INFO - Started process (PID=315) to work on /home/airflow/.local/lib/python3.12/site-packages/airflow/example_dags/example_setup_teardown.py
[2024-07-17T10:33:55.080+0000] {processor.py:830} INFO - Processing file /home/airflow/.local/lib/python3.12/site-packages/airflow/example_dags/example_setup_teardown.py for tasks to queue
[2024-07-17T10:33:55.083+0000] {logging_mixin.py:188} INFO - [2024-07-17T10:33:55.082+0000] {dagbag.py:545} INFO - Filling up the DagBag from /home/airflow/.local/lib/python3.12/site-packages/airflow/example_dags/example_setup_teardown.py
[2024-07-17T10:33:55.094+0000] {processor.py:840} INFO - DAG(s) 'example_setup_teardown' retrieved from /home/airflow/.local/lib/python3.12/site-packages/airflow/example_dags/example_setup_teardown.py
[2024-07-17T10:33:55.136+0000] {logging_mixin.py:188} INFO - [2024-07-17T10:33:55.136+0000] {dag.py:3096} INFO - Sync 1 DAGs
[2024-07-17T10:33:55.185+0000] {logging_mixin.py:188} INFO - [2024-07-17T10:33:55.185+0000] {dag.py:3954} INFO - Setting next_dagrun for example_setup_teardown to 2024-07-16 00:00:00+00:00, run_after=2024-07-17 00:00:00+00:00
[2024-07-17T10:33:55.219+0000] {processor.py:183} INFO - Processing /home/airflow/.local/lib/python3.12/site-packages/airflow/example_dags/example_setup_teardown.py took 0.149 seconds
[2024-07-17T10:34:26.261+0000] {processor.py:161} INFO - Started process (PID=375) to work on /home/airflow/.local/lib/python3.12/site-packages/airflow/example_dags/example_setup_teardown.py
[2024-07-17T10:34:26.263+0000] {processor.py:830} INFO - Processing file /home/airflow/.local/lib/python3.12/site-packages/airflow/example_dags/example_setup_teardown.py for tasks to queue
[2024-07-17T10:34:26.266+0000] {logging_mixin.py:188} INFO - [2024-07-17T10:34:26.265+0000] {dagbag.py:545} INFO - Filling up the DagBag from /home/airflow/.local/lib/python3.12/site-packages/airflow/example_dags/example_setup_teardown.py
[2024-07-17T10:34:26.279+0000] {processor.py:840} INFO - DAG(s) 'example_setup_teardown' retrieved from /home/airflow/.local/lib/python3.12/site-packages/airflow/example_dags/example_setup_teardown.py
[2024-07-17T10:34:26.319+0000] {logging_mixin.py:188} INFO - [2024-07-17T10:34:26.319+0000] {dag.py:3096} INFO - Sync 1 DAGs
[2024-07-17T10:34:26.380+0000] {logging_mixin.py:188} INFO - [2024-07-17T10:34:26.380+0000] {dag.py:3954} INFO - Setting next_dagrun for example_setup_teardown to 2024-07-16 00:00:00+00:00, run_after=2024-07-17 00:00:00+00:00
[2024-07-17T10:34:26.419+0000] {processor.py:183} INFO - Processing /home/airflow/.local/lib/python3.12/site-packages/airflow/example_dags/example_setup_teardown.py took 0.167 seconds
[2024-07-17T10:34:57.113+0000] {processor.py:161} INFO - Started process (PID=435) to work on /home/airflow/.local/lib/python3.12/site-packages/airflow/example_dags/example_setup_teardown.py
[2024-07-17T10:34:57.114+0000] {processor.py:830} INFO - Processing file /home/airflow/.local/lib/python3.12/site-packages/airflow/example_dags/example_setup_teardown.py for tasks to queue
[2024-07-17T10:34:57.117+0000] {logging_mixin.py:188} INFO - [2024-07-17T10:34:57.116+0000] {dagbag.py:545} INFO - Filling up the DagBag from /home/airflow/.local/lib/python3.12/site-packages/airflow/example_dags/example_setup_teardown.py
[2024-07-17T10:34:57.124+0000] {processor.py:840} INFO - DAG(s) 'example_setup_teardown' retrieved from /home/airflow/.local/lib/python3.12/site-packages/airflow/example_dags/example_setup_teardown.py
[2024-07-17T10:34:57.151+0000] {logging_mixin.py:188} INFO - [2024-07-17T10:34:57.151+0000] {dag.py:3096} INFO - Sync 1 DAGs
[2024-07-17T10:34:57.183+0000] {logging_mixin.py:188} INFO - [2024-07-17T10:34:57.182+0000] {dag.py:3954} INFO - Setting next_dagrun for example_setup_teardown to 2024-07-16 00:00:00+00:00, run_after=2024-07-17 00:00:00+00:00
[2024-07-17T10:34:57.215+0000] {processor.py:183} INFO - Processing /home/airflow/.local/lib/python3.12/site-packages/airflow/example_dags/example_setup_teardown.py took 0.108 seconds
[2024-07-17T10:35:27.387+0000] {processor.py:161} INFO - Started process (PID=495) to work on /home/airflow/.local/lib/python3.12/site-packages/airflow/example_dags/example_setup_teardown.py
[2024-07-17T10:35:27.391+0000] {processor.py:830} INFO - Processing file /home/airflow/.local/lib/python3.12/site-packages/airflow/example_dags/example_setup_teardown.py for tasks to queue
[2024-07-17T10:35:27.393+0000] {logging_mixin.py:188} INFO - [2024-07-17T10:35:27.393+0000] {dagbag.py:545} INFO - Filling up the DagBag from /home/airflow/.local/lib/python3.12/site-packages/airflow/example_dags/example_setup_teardown.py
[2024-07-17T10:35:27.401+0000] {processor.py:840} INFO - DAG(s) 'example_setup_teardown' retrieved from /home/airflow/.local/lib/python3.12/site-packages/airflow/example_dags/example_setup_teardown.py
[2024-07-17T10:35:27.424+0000] {logging_mixin.py:188} INFO - [2024-07-17T10:35:27.424+0000] {dag.py:3096} INFO - Sync 1 DAGs
[2024-07-17T10:35:27.458+0000] {logging_mixin.py:188} INFO - [2024-07-17T10:35:27.458+0000] {dag.py:3954} INFO - Setting next_dagrun for example_setup_teardown to 2024-07-16 00:00:00+00:00, run_after=2024-07-17 00:00:00+00:00
[2024-07-17T10:35:27.483+0000] {processor.py:183} INFO - Processing /home/airflow/.local/lib/python3.12/site-packages/airflow/example_dags/example_setup_teardown.py took 0.105 seconds
[2024-07-17T10:35:58.476+0000] {processor.py:161} INFO - Started process (PID=555) to work on /home/airflow/.local/lib/python3.12/site-packages/airflow/example_dags/example_setup_teardown.py
[2024-07-17T10:35:58.477+0000] {processor.py:830} INFO - Processing file /home/airflow/.local/lib/python3.12/site-packages/airflow/example_dags/example_setup_teardown.py for tasks to queue
[2024-07-17T10:35:58.480+0000] {logging_mixin.py:188} INFO - [2024-07-17T10:35:58.479+0000] {dagbag.py:545} INFO - Filling up the DagBag from /home/airflow/.local/lib/python3.12/site-packages/airflow/example_dags/example_setup_teardown.py
[2024-07-17T10:35:58.486+0000] {processor.py:840} INFO - DAG(s) 'example_setup_teardown' retrieved from /home/airflow/.local/lib/python3.12/site-packages/airflow/example_dags/example_setup_teardown.py
[2024-07-17T10:35:58.514+0000] {logging_mixin.py:188} INFO - [2024-07-17T10:35:58.513+0000] {dag.py:3096} INFO - Sync 1 DAGs
[2024-07-17T10:35:58.541+0000] {logging_mixin.py:188} INFO - [2024-07-17T10:35:58.541+0000] {dag.py:3954} INFO - Setting next_dagrun for example_setup_teardown to 2024-07-16 00:00:00+00:00, run_after=2024-07-17 00:00:00+00:00
[2024-07-17T10:35:58.567+0000] {processor.py:183} INFO - Processing /home/airflow/.local/lib/python3.12/site-packages/airflow/example_dags/example_setup_teardown.py took 0.099 seconds
[2024-07-17T10:36:29.357+0000] {processor.py:161} INFO - Started process (PID=615) to work on /home/airflow/.local/lib/python3.12/site-packages/airflow/example_dags/example_setup_teardown.py
[2024-07-17T10:36:29.358+0000] {processor.py:830} INFO - Processing file /home/airflow/.local/lib/python3.12/site-packages/airflow/example_dags/example_setup_teardown.py for tasks to queue
[2024-07-17T10:36:29.362+0000] {logging_mixin.py:188} INFO - [2024-07-17T10:36:29.362+0000] {dagbag.py:545} INFO - Filling up the DagBag from /home/airflow/.local/lib/python3.12/site-packages/airflow/example_dags/example_setup_teardown.py
[2024-07-17T10:36:29.374+0000] {processor.py:840} INFO - DAG(s) 'example_setup_teardown' retrieved from /home/airflow/.local/lib/python3.12/site-packages/airflow/example_dags/example_setup_teardown.py
[2024-07-17T10:36:29.416+0000] {logging_mixin.py:188} INFO - [2024-07-17T10:36:29.416+0000] {dag.py:3096} INFO - Sync 1 DAGs
[2024-07-17T10:36:29.458+0000] {logging_mixin.py:188} INFO - [2024-07-17T10:36:29.458+0000] {dag.py:3954} INFO - Setting next_dagrun for example_setup_teardown to 2024-07-16 00:00:00+00:00, run_after=2024-07-17 00:00:00+00:00
[2024-07-17T10:36:29.486+0000] {processor.py:183} INFO - Processing /home/airflow/.local/lib/python3.12/site-packages/airflow/example_dags/example_setup_teardown.py took 0.137 seconds
[2024-07-17T13:41:28.868+0000] {processor.py:161} INFO - Started process (PID=75) to work on /home/airflow/.local/lib/python3.12/site-packages/airflow/example_dags/example_setup_teardown.py
[2024-07-17T13:41:28.869+0000] {processor.py:830} INFO - Processing file /home/airflow/.local/lib/python3.12/site-packages/airflow/example_dags/example_setup_teardown.py for tasks to queue
[2024-07-17T13:41:28.871+0000] {logging_mixin.py:188} INFO - [2024-07-17T13:41:28.871+0000] {dagbag.py:545} INFO - Filling up the DagBag from /home/airflow/.local/lib/python3.12/site-packages/airflow/example_dags/example_setup_teardown.py
[2024-07-17T13:41:28.879+0000] {processor.py:840} INFO - DAG(s) 'example_setup_teardown' retrieved from /home/airflow/.local/lib/python3.12/site-packages/airflow/example_dags/example_setup_teardown.py
[2024-07-17T13:41:29.055+0000] {logging_mixin.py:188} INFO - [2024-07-17T13:41:29.054+0000] {dag.py:3096} INFO - Sync 1 DAGs
[2024-07-17T13:41:29.086+0000] {logging_mixin.py:188} INFO - [2024-07-17T13:41:29.086+0000] {dag.py:3954} INFO - Setting next_dagrun for example_setup_teardown to 2024-07-16 00:00:00+00:00, run_after=2024-07-17 00:00:00+00:00
[2024-07-17T13:41:29.125+0000] {processor.py:183} INFO - Processing /home/airflow/.local/lib/python3.12/site-packages/airflow/example_dags/example_setup_teardown.py took 0.265 seconds
[2024-07-17T13:41:59.558+0000] {processor.py:161} INFO - Started process (PID=135) to work on /home/airflow/.local/lib/python3.12/site-packages/airflow/example_dags/example_setup_teardown.py
[2024-07-17T13:41:59.559+0000] {processor.py:830} INFO - Processing file /home/airflow/.local/lib/python3.12/site-packages/airflow/example_dags/example_setup_teardown.py for tasks to queue
[2024-07-17T13:41:59.561+0000] {logging_mixin.py:188} INFO - [2024-07-17T13:41:59.560+0000] {dagbag.py:545} INFO - Filling up the DagBag from /home/airflow/.local/lib/python3.12/site-packages/airflow/example_dags/example_setup_teardown.py
[2024-07-17T13:41:59.569+0000] {processor.py:840} INFO - DAG(s) 'example_setup_teardown' retrieved from /home/airflow/.local/lib/python3.12/site-packages/airflow/example_dags/example_setup_teardown.py
[2024-07-17T13:41:59.591+0000] {logging_mixin.py:188} INFO - [2024-07-17T13:41:59.590+0000] {dag.py:3096} INFO - Sync 1 DAGs
[2024-07-17T13:41:59.613+0000] {logging_mixin.py:188} INFO - [2024-07-17T13:41:59.613+0000] {dag.py:3954} INFO - Setting next_dagrun for example_setup_teardown to 2024-07-16 00:00:00+00:00, run_after=2024-07-17 00:00:00+00:00
[2024-07-17T13:41:59.633+0000] {processor.py:183} INFO - Processing /home/airflow/.local/lib/python3.12/site-packages/airflow/example_dags/example_setup_teardown.py took 0.082 seconds
[2024-07-17T13:42:30.107+0000] {processor.py:161} INFO - Started process (PID=195) to work on /home/airflow/.local/lib/python3.12/site-packages/airflow/example_dags/example_setup_teardown.py
[2024-07-17T13:42:30.109+0000] {processor.py:830} INFO - Processing file /home/airflow/.local/lib/python3.12/site-packages/airflow/example_dags/example_setup_teardown.py for tasks to queue
[2024-07-17T13:42:30.111+0000] {logging_mixin.py:188} INFO - [2024-07-17T13:42:30.111+0000] {dagbag.py:545} INFO - Filling up the DagBag from /home/airflow/.local/lib/python3.12/site-packages/airflow/example_dags/example_setup_teardown.py
[2024-07-17T13:42:30.120+0000] {processor.py:840} INFO - DAG(s) 'example_setup_teardown' retrieved from /home/airflow/.local/lib/python3.12/site-packages/airflow/example_dags/example_setup_teardown.py
[2024-07-17T13:42:30.145+0000] {logging_mixin.py:188} INFO - [2024-07-17T13:42:30.145+0000] {dag.py:3096} INFO - Sync 1 DAGs
[2024-07-17T13:42:30.174+0000] {logging_mixin.py:188} INFO - [2024-07-17T13:42:30.174+0000] {dag.py:3954} INFO - Setting next_dagrun for example_setup_teardown to 2024-07-16 00:00:00+00:00, run_after=2024-07-17 00:00:00+00:00
[2024-07-17T13:42:30.200+0000] {processor.py:183} INFO - Processing /home/airflow/.local/lib/python3.12/site-packages/airflow/example_dags/example_setup_teardown.py took 0.100 seconds
[2024-07-17T13:43:00.765+0000] {processor.py:161} INFO - Started process (PID=255) to work on /home/airflow/.local/lib/python3.12/site-packages/airflow/example_dags/example_setup_teardown.py
[2024-07-17T13:43:00.767+0000] {processor.py:830} INFO - Processing file /home/airflow/.local/lib/python3.12/site-packages/airflow/example_dags/example_setup_teardown.py for tasks to queue
[2024-07-17T13:43:00.769+0000] {logging_mixin.py:188} INFO - [2024-07-17T13:43:00.769+0000] {dagbag.py:545} INFO - Filling up the DagBag from /home/airflow/.local/lib/python3.12/site-packages/airflow/example_dags/example_setup_teardown.py
[2024-07-17T13:43:00.781+0000] {processor.py:840} INFO - DAG(s) 'example_setup_teardown' retrieved from /home/airflow/.local/lib/python3.12/site-packages/airflow/example_dags/example_setup_teardown.py
[2024-07-17T13:43:00.811+0000] {logging_mixin.py:188} INFO - [2024-07-17T13:43:00.811+0000] {dag.py:3096} INFO - Sync 1 DAGs
[2024-07-17T13:43:00.844+0000] {logging_mixin.py:188} INFO - [2024-07-17T13:43:00.844+0000] {dag.py:3954} INFO - Setting next_dagrun for example_setup_teardown to 2024-07-16 00:00:00+00:00, run_after=2024-07-17 00:00:00+00:00
[2024-07-17T13:43:00.872+0000] {processor.py:183} INFO - Processing /home/airflow/.local/lib/python3.12/site-packages/airflow/example_dags/example_setup_teardown.py took 0.115 seconds
[2024-07-17T13:43:31.886+0000] {processor.py:161} INFO - Started process (PID=315) to work on /home/airflow/.local/lib/python3.12/site-packages/airflow/example_dags/example_setup_teardown.py
[2024-07-17T13:43:31.888+0000] {processor.py:830} INFO - Processing file /home/airflow/.local/lib/python3.12/site-packages/airflow/example_dags/example_setup_teardown.py for tasks to queue
[2024-07-17T13:43:31.891+0000] {logging_mixin.py:188} INFO - [2024-07-17T13:43:31.890+0000] {dagbag.py:545} INFO - Filling up the DagBag from /home/airflow/.local/lib/python3.12/site-packages/airflow/example_dags/example_setup_teardown.py
[2024-07-17T13:43:31.901+0000] {processor.py:840} INFO - DAG(s) 'example_setup_teardown' retrieved from /home/airflow/.local/lib/python3.12/site-packages/airflow/example_dags/example_setup_teardown.py
[2024-07-17T13:43:31.932+0000] {logging_mixin.py:188} INFO - [2024-07-17T13:43:31.931+0000] {dag.py:3096} INFO - Sync 1 DAGs
[2024-07-17T13:43:31.969+0000] {logging_mixin.py:188} INFO - [2024-07-17T13:43:31.968+0000] {dag.py:3954} INFO - Setting next_dagrun for example_setup_teardown to 2024-07-16 00:00:00+00:00, run_after=2024-07-17 00:00:00+00:00
[2024-07-17T13:43:32.004+0000] {processor.py:183} INFO - Processing /home/airflow/.local/lib/python3.12/site-packages/airflow/example_dags/example_setup_teardown.py took 0.134 seconds
[2024-07-17T13:44:03.009+0000] {processor.py:161} INFO - Started process (PID=375) to work on /home/airflow/.local/lib/python3.12/site-packages/airflow/example_dags/example_setup_teardown.py
[2024-07-17T13:44:03.010+0000] {processor.py:830} INFO - Processing file /home/airflow/.local/lib/python3.12/site-packages/airflow/example_dags/example_setup_teardown.py for tasks to queue
[2024-07-17T13:44:03.012+0000] {logging_mixin.py:188} INFO - [2024-07-17T13:44:03.012+0000] {dagbag.py:545} INFO - Filling up the DagBag from /home/airflow/.local/lib/python3.12/site-packages/airflow/example_dags/example_setup_teardown.py
[2024-07-17T13:44:03.020+0000] {processor.py:840} INFO - DAG(s) 'example_setup_teardown' retrieved from /home/airflow/.local/lib/python3.12/site-packages/airflow/example_dags/example_setup_teardown.py
[2024-07-17T13:44:03.052+0000] {logging_mixin.py:188} INFO - [2024-07-17T13:44:03.052+0000] {dag.py:3096} INFO - Sync 1 DAGs
[2024-07-17T13:44:03.090+0000] {logging_mixin.py:188} INFO - [2024-07-17T13:44:03.089+0000] {dag.py:3954} INFO - Setting next_dagrun for example_setup_teardown to 2024-07-16 00:00:00+00:00, run_after=2024-07-17 00:00:00+00:00
[2024-07-17T13:44:03.113+0000] {processor.py:183} INFO - Processing /home/airflow/.local/lib/python3.12/site-packages/airflow/example_dags/example_setup_teardown.py took 0.111 seconds
[2024-07-17T13:44:33.344+0000] {processor.py:161} INFO - Started process (PID=435) to work on /home/airflow/.local/lib/python3.12/site-packages/airflow/example_dags/example_setup_teardown.py
[2024-07-17T13:44:33.346+0000] {processor.py:830} INFO - Processing file /home/airflow/.local/lib/python3.12/site-packages/airflow/example_dags/example_setup_teardown.py for tasks to queue
[2024-07-17T13:44:33.348+0000] {logging_mixin.py:188} INFO - [2024-07-17T13:44:33.347+0000] {dagbag.py:545} INFO - Filling up the DagBag from /home/airflow/.local/lib/python3.12/site-packages/airflow/example_dags/example_setup_teardown.py
[2024-07-17T13:44:33.356+0000] {processor.py:840} INFO - DAG(s) 'example_setup_teardown' retrieved from /home/airflow/.local/lib/python3.12/site-packages/airflow/example_dags/example_setup_teardown.py
[2024-07-17T13:44:33.384+0000] {logging_mixin.py:188} INFO - [2024-07-17T13:44:33.383+0000] {dag.py:3096} INFO - Sync 1 DAGs
[2024-07-17T13:44:33.416+0000] {logging_mixin.py:188} INFO - [2024-07-17T13:44:33.416+0000] {dag.py:3954} INFO - Setting next_dagrun for example_setup_teardown to 2024-07-16 00:00:00+00:00, run_after=2024-07-17 00:00:00+00:00
[2024-07-17T13:44:33.450+0000] {processor.py:183} INFO - Processing /home/airflow/.local/lib/python3.12/site-packages/airflow/example_dags/example_setup_teardown.py took 0.113 seconds
[2024-07-17T13:45:03.558+0000] {processor.py:161} INFO - Started process (PID=495) to work on /home/airflow/.local/lib/python3.12/site-packages/airflow/example_dags/example_setup_teardown.py
[2024-07-17T13:45:03.560+0000] {processor.py:830} INFO - Processing file /home/airflow/.local/lib/python3.12/site-packages/airflow/example_dags/example_setup_teardown.py for tasks to queue
[2024-07-17T13:45:03.562+0000] {logging_mixin.py:188} INFO - [2024-07-17T13:45:03.561+0000] {dagbag.py:545} INFO - Filling up the DagBag from /home/airflow/.local/lib/python3.12/site-packages/airflow/example_dags/example_setup_teardown.py
[2024-07-17T13:45:03.570+0000] {processor.py:840} INFO - DAG(s) 'example_setup_teardown' retrieved from /home/airflow/.local/lib/python3.12/site-packages/airflow/example_dags/example_setup_teardown.py
[2024-07-17T13:45:03.591+0000] {logging_mixin.py:188} INFO - [2024-07-17T13:45:03.590+0000] {dag.py:3096} INFO - Sync 1 DAGs
[2024-07-17T13:45:03.613+0000] {logging_mixin.py:188} INFO - [2024-07-17T13:45:03.612+0000] {dag.py:3954} INFO - Setting next_dagrun for example_setup_teardown to 2024-07-16 00:00:00+00:00, run_after=2024-07-17 00:00:00+00:00
[2024-07-17T13:45:03.637+0000] {processor.py:183} INFO - Processing /home/airflow/.local/lib/python3.12/site-packages/airflow/example_dags/example_setup_teardown.py took 0.085 seconds
[2024-07-17T13:45:33.812+0000] {processor.py:161} INFO - Started process (PID=555) to work on /home/airflow/.local/lib/python3.12/site-packages/airflow/example_dags/example_setup_teardown.py
[2024-07-17T13:45:33.813+0000] {processor.py:830} INFO - Processing file /home/airflow/.local/lib/python3.12/site-packages/airflow/example_dags/example_setup_teardown.py for tasks to queue
[2024-07-17T13:45:33.815+0000] {logging_mixin.py:188} INFO - [2024-07-17T13:45:33.814+0000] {dagbag.py:545} INFO - Filling up the DagBag from /home/airflow/.local/lib/python3.12/site-packages/airflow/example_dags/example_setup_teardown.py
[2024-07-17T13:45:33.820+0000] {processor.py:840} INFO - DAG(s) 'example_setup_teardown' retrieved from /home/airflow/.local/lib/python3.12/site-packages/airflow/example_dags/example_setup_teardown.py
[2024-07-17T13:45:33.839+0000] {logging_mixin.py:188} INFO - [2024-07-17T13:45:33.838+0000] {dag.py:3096} INFO - Sync 1 DAGs
[2024-07-17T13:45:33.858+0000] {logging_mixin.py:188} INFO - [2024-07-17T13:45:33.857+0000] {dag.py:3954} INFO - Setting next_dagrun for example_setup_teardown to 2024-07-16 00:00:00+00:00, run_after=2024-07-17 00:00:00+00:00
[2024-07-17T13:45:33.876+0000] {processor.py:183} INFO - Processing /home/airflow/.local/lib/python3.12/site-packages/airflow/example_dags/example_setup_teardown.py took 0.069 seconds
[2024-07-17T13:46:04.433+0000] {processor.py:161} INFO - Started process (PID=615) to work on /home/airflow/.local/lib/python3.12/site-packages/airflow/example_dags/example_setup_teardown.py
[2024-07-17T13:46:04.434+0000] {processor.py:830} INFO - Processing file /home/airflow/.local/lib/python3.12/site-packages/airflow/example_dags/example_setup_teardown.py for tasks to queue
[2024-07-17T13:46:04.436+0000] {logging_mixin.py:188} INFO - [2024-07-17T13:46:04.436+0000] {dagbag.py:545} INFO - Filling up the DagBag from /home/airflow/.local/lib/python3.12/site-packages/airflow/example_dags/example_setup_teardown.py
[2024-07-17T13:46:04.445+0000] {processor.py:840} INFO - DAG(s) 'example_setup_teardown' retrieved from /home/airflow/.local/lib/python3.12/site-packages/airflow/example_dags/example_setup_teardown.py
[2024-07-17T13:46:04.477+0000] {logging_mixin.py:188} INFO - [2024-07-17T13:46:04.477+0000] {dag.py:3096} INFO - Sync 1 DAGs
[2024-07-17T13:46:04.505+0000] {logging_mixin.py:188} INFO - [2024-07-17T13:46:04.505+0000] {dag.py:3954} INFO - Setting next_dagrun for example_setup_teardown to 2024-07-16 00:00:00+00:00, run_after=2024-07-17 00:00:00+00:00
[2024-07-17T13:46:04.526+0000] {processor.py:183} INFO - Processing /home/airflow/.local/lib/python3.12/site-packages/airflow/example_dags/example_setup_teardown.py took 0.101 seconds
[2024-07-17T13:46:34.750+0000] {processor.py:161} INFO - Started process (PID=675) to work on /home/airflow/.local/lib/python3.12/site-packages/airflow/example_dags/example_setup_teardown.py
[2024-07-17T13:46:34.751+0000] {processor.py:830} INFO - Processing file /home/airflow/.local/lib/python3.12/site-packages/airflow/example_dags/example_setup_teardown.py for tasks to queue
[2024-07-17T13:46:34.753+0000] {logging_mixin.py:188} INFO - [2024-07-17T13:46:34.753+0000] {dagbag.py:545} INFO - Filling up the DagBag from /home/airflow/.local/lib/python3.12/site-packages/airflow/example_dags/example_setup_teardown.py
[2024-07-17T13:46:34.766+0000] {processor.py:840} INFO - DAG(s) 'example_setup_teardown' retrieved from /home/airflow/.local/lib/python3.12/site-packages/airflow/example_dags/example_setup_teardown.py
[2024-07-17T13:46:34.805+0000] {logging_mixin.py:188} INFO - [2024-07-17T13:46:34.805+0000] {dag.py:3096} INFO - Sync 1 DAGs
[2024-07-17T13:46:34.848+0000] {logging_mixin.py:188} INFO - [2024-07-17T13:46:34.848+0000] {dag.py:3954} INFO - Setting next_dagrun for example_setup_teardown to 2024-07-16 00:00:00+00:00, run_after=2024-07-17 00:00:00+00:00
[2024-07-17T13:46:34.904+0000] {processor.py:183} INFO - Processing /home/airflow/.local/lib/python3.12/site-packages/airflow/example_dags/example_setup_teardown.py took 0.163 seconds
[2024-07-17T13:47:05.104+0000] {processor.py:161} INFO - Started process (PID=735) to work on /home/airflow/.local/lib/python3.12/site-packages/airflow/example_dags/example_setup_teardown.py
[2024-07-17T13:47:05.105+0000] {processor.py:830} INFO - Processing file /home/airflow/.local/lib/python3.12/site-packages/airflow/example_dags/example_setup_teardown.py for tasks to queue
[2024-07-17T13:47:05.107+0000] {logging_mixin.py:188} INFO - [2024-07-17T13:47:05.107+0000] {dagbag.py:545} INFO - Filling up the DagBag from /home/airflow/.local/lib/python3.12/site-packages/airflow/example_dags/example_setup_teardown.py
[2024-07-17T13:47:05.117+0000] {processor.py:840} INFO - DAG(s) 'example_setup_teardown' retrieved from /home/airflow/.local/lib/python3.12/site-packages/airflow/example_dags/example_setup_teardown.py
[2024-07-17T13:47:05.146+0000] {logging_mixin.py:188} INFO - [2024-07-17T13:47:05.146+0000] {dag.py:3096} INFO - Sync 1 DAGs
[2024-07-17T13:47:05.176+0000] {logging_mixin.py:188} INFO - [2024-07-17T13:47:05.175+0000] {dag.py:3954} INFO - Setting next_dagrun for example_setup_teardown to 2024-07-16 00:00:00+00:00, run_after=2024-07-17 00:00:00+00:00
[2024-07-17T13:47:05.196+0000] {processor.py:183} INFO - Processing /home/airflow/.local/lib/python3.12/site-packages/airflow/example_dags/example_setup_teardown.py took 0.099 seconds
[2024-07-17T13:47:35.577+0000] {processor.py:161} INFO - Started process (PID=795) to work on /home/airflow/.local/lib/python3.12/site-packages/airflow/example_dags/example_setup_teardown.py
[2024-07-17T13:47:35.579+0000] {processor.py:830} INFO - Processing file /home/airflow/.local/lib/python3.12/site-packages/airflow/example_dags/example_setup_teardown.py for tasks to queue
[2024-07-17T13:47:35.581+0000] {logging_mixin.py:188} INFO - [2024-07-17T13:47:35.581+0000] {dagbag.py:545} INFO - Filling up the DagBag from /home/airflow/.local/lib/python3.12/site-packages/airflow/example_dags/example_setup_teardown.py
[2024-07-17T13:47:35.591+0000] {processor.py:840} INFO - DAG(s) 'example_setup_teardown' retrieved from /home/airflow/.local/lib/python3.12/site-packages/airflow/example_dags/example_setup_teardown.py
[2024-07-17T13:47:35.614+0000] {logging_mixin.py:188} INFO - [2024-07-17T13:47:35.613+0000] {dag.py:3096} INFO - Sync 1 DAGs
[2024-07-17T13:47:35.635+0000] {logging_mixin.py:188} INFO - [2024-07-17T13:47:35.635+0000] {dag.py:3954} INFO - Setting next_dagrun for example_setup_teardown to 2024-07-16 00:00:00+00:00, run_after=2024-07-17 00:00:00+00:00
[2024-07-17T13:47:35.655+0000] {processor.py:183} INFO - Processing /home/airflow/.local/lib/python3.12/site-packages/airflow/example_dags/example_setup_teardown.py took 0.085 seconds
[2024-07-17T13:48:06.467+0000] {processor.py:161} INFO - Started process (PID=855) to work on /home/airflow/.local/lib/python3.12/site-packages/airflow/example_dags/example_setup_teardown.py
[2024-07-17T13:48:06.468+0000] {processor.py:830} INFO - Processing file /home/airflow/.local/lib/python3.12/site-packages/airflow/example_dags/example_setup_teardown.py for tasks to queue
[2024-07-17T13:48:06.470+0000] {logging_mixin.py:188} INFO - [2024-07-17T13:48:06.470+0000] {dagbag.py:545} INFO - Filling up the DagBag from /home/airflow/.local/lib/python3.12/site-packages/airflow/example_dags/example_setup_teardown.py
[2024-07-17T13:48:06.479+0000] {processor.py:840} INFO - DAG(s) 'example_setup_teardown' retrieved from /home/airflow/.local/lib/python3.12/site-packages/airflow/example_dags/example_setup_teardown.py
[2024-07-17T13:48:06.509+0000] {logging_mixin.py:188} INFO - [2024-07-17T13:48:06.508+0000] {dag.py:3096} INFO - Sync 1 DAGs
[2024-07-17T13:48:06.544+0000] {logging_mixin.py:188} INFO - [2024-07-17T13:48:06.544+0000] {dag.py:3954} INFO - Setting next_dagrun for example_setup_teardown to 2024-07-16 00:00:00+00:00, run_after=2024-07-17 00:00:00+00:00
[2024-07-17T13:48:06.569+0000] {processor.py:183} INFO - Processing /home/airflow/.local/lib/python3.12/site-packages/airflow/example_dags/example_setup_teardown.py took 0.109 seconds
[2024-07-17T13:48:37.101+0000] {processor.py:161} INFO - Started process (PID=915) to work on /home/airflow/.local/lib/python3.12/site-packages/airflow/example_dags/example_setup_teardown.py
[2024-07-17T13:48:37.102+0000] {processor.py:830} INFO - Processing file /home/airflow/.local/lib/python3.12/site-packages/airflow/example_dags/example_setup_teardown.py for tasks to queue
[2024-07-17T13:48:37.105+0000] {logging_mixin.py:188} INFO - [2024-07-17T13:48:37.104+0000] {dagbag.py:545} INFO - Filling up the DagBag from /home/airflow/.local/lib/python3.12/site-packages/airflow/example_dags/example_setup_teardown.py
[2024-07-17T13:48:37.115+0000] {processor.py:840} INFO - DAG(s) 'example_setup_teardown' retrieved from /home/airflow/.local/lib/python3.12/site-packages/airflow/example_dags/example_setup_teardown.py
[2024-07-17T13:48:37.145+0000] {logging_mixin.py:188} INFO - [2024-07-17T13:48:37.145+0000] {dag.py:3096} INFO - Sync 1 DAGs
[2024-07-17T13:48:37.181+0000] {logging_mixin.py:188} INFO - [2024-07-17T13:48:37.181+0000] {dag.py:3954} INFO - Setting next_dagrun for example_setup_teardown to 2024-07-16 00:00:00+00:00, run_after=2024-07-17 00:00:00+00:00
[2024-07-17T13:48:37.205+0000] {processor.py:183} INFO - Processing /home/airflow/.local/lib/python3.12/site-packages/airflow/example_dags/example_setup_teardown.py took 0.112 seconds
[2024-07-17T13:49:07.536+0000] {processor.py:161} INFO - Started process (PID=975) to work on /home/airflow/.local/lib/python3.12/site-packages/airflow/example_dags/example_setup_teardown.py
[2024-07-17T13:49:07.537+0000] {processor.py:830} INFO - Processing file /home/airflow/.local/lib/python3.12/site-packages/airflow/example_dags/example_setup_teardown.py for tasks to queue
[2024-07-17T13:49:07.539+0000] {logging_mixin.py:188} INFO - [2024-07-17T13:49:07.539+0000] {dagbag.py:545} INFO - Filling up the DagBag from /home/airflow/.local/lib/python3.12/site-packages/airflow/example_dags/example_setup_teardown.py
[2024-07-17T13:49:07.545+0000] {processor.py:840} INFO - DAG(s) 'example_setup_teardown' retrieved from /home/airflow/.local/lib/python3.12/site-packages/airflow/example_dags/example_setup_teardown.py
[2024-07-17T13:49:07.564+0000] {logging_mixin.py:188} INFO - [2024-07-17T13:49:07.564+0000] {dag.py:3096} INFO - Sync 1 DAGs
[2024-07-17T13:49:07.585+0000] {logging_mixin.py:188} INFO - [2024-07-17T13:49:07.585+0000] {dag.py:3954} INFO - Setting next_dagrun for example_setup_teardown to 2024-07-16 00:00:00+00:00, run_after=2024-07-17 00:00:00+00:00
[2024-07-17T13:49:07.604+0000] {processor.py:183} INFO - Processing /home/airflow/.local/lib/python3.12/site-packages/airflow/example_dags/example_setup_teardown.py took 0.072 seconds
[2024-07-17T13:49:37.736+0000] {processor.py:161} INFO - Started process (PID=1035) to work on /home/airflow/.local/lib/python3.12/site-packages/airflow/example_dags/example_setup_teardown.py
[2024-07-17T13:49:37.738+0000] {processor.py:830} INFO - Processing file /home/airflow/.local/lib/python3.12/site-packages/airflow/example_dags/example_setup_teardown.py for tasks to queue
[2024-07-17T13:49:37.740+0000] {logging_mixin.py:188} INFO - [2024-07-17T13:49:37.740+0000] {dagbag.py:545} INFO - Filling up the DagBag from /home/airflow/.local/lib/python3.12/site-packages/airflow/example_dags/example_setup_teardown.py
[2024-07-17T13:49:37.753+0000] {processor.py:840} INFO - DAG(s) 'example_setup_teardown' retrieved from /home/airflow/.local/lib/python3.12/site-packages/airflow/example_dags/example_setup_teardown.py
[2024-07-17T13:49:37.782+0000] {logging_mixin.py:188} INFO - [2024-07-17T13:49:37.782+0000] {dag.py:3096} INFO - Sync 1 DAGs
[2024-07-17T13:49:37.812+0000] {logging_mixin.py:188} INFO - [2024-07-17T13:49:37.811+0000] {dag.py:3954} INFO - Setting next_dagrun for example_setup_teardown to 2024-07-16 00:00:00+00:00, run_after=2024-07-17 00:00:00+00:00
[2024-07-17T13:49:37.835+0000] {processor.py:183} INFO - Processing /home/airflow/.local/lib/python3.12/site-packages/airflow/example_dags/example_setup_teardown.py took 0.107 seconds
[2024-07-17T13:50:08.230+0000] {processor.py:161} INFO - Started process (PID=1095) to work on /home/airflow/.local/lib/python3.12/site-packages/airflow/example_dags/example_setup_teardown.py
[2024-07-17T13:50:08.231+0000] {processor.py:830} INFO - Processing file /home/airflow/.local/lib/python3.12/site-packages/airflow/example_dags/example_setup_teardown.py for tasks to queue
[2024-07-17T13:50:08.233+0000] {logging_mixin.py:188} INFO - [2024-07-17T13:50:08.233+0000] {dagbag.py:545} INFO - Filling up the DagBag from /home/airflow/.local/lib/python3.12/site-packages/airflow/example_dags/example_setup_teardown.py
[2024-07-17T13:50:08.239+0000] {processor.py:840} INFO - DAG(s) 'example_setup_teardown' retrieved from /home/airflow/.local/lib/python3.12/site-packages/airflow/example_dags/example_setup_teardown.py
[2024-07-17T13:50:08.259+0000] {logging_mixin.py:188} INFO - [2024-07-17T13:50:08.259+0000] {dag.py:3096} INFO - Sync 1 DAGs
[2024-07-17T13:50:08.281+0000] {logging_mixin.py:188} INFO - [2024-07-17T13:50:08.281+0000] {dag.py:3954} INFO - Setting next_dagrun for example_setup_teardown to 2024-07-16 00:00:00+00:00, run_after=2024-07-17 00:00:00+00:00
[2024-07-17T13:50:08.301+0000] {processor.py:183} INFO - Processing /home/airflow/.local/lib/python3.12/site-packages/airflow/example_dags/example_setup_teardown.py took 0.076 seconds
[2024-07-17T13:51:33.252+0000] {processor.py:161} INFO - Started process (PID=1187) to work on /home/airflow/.local/lib/python3.12/site-packages/airflow/example_dags/example_setup_teardown.py
[2024-07-17T13:51:33.282+0000] {processor.py:830} INFO - Processing file /home/airflow/.local/lib/python3.12/site-packages/airflow/example_dags/example_setup_teardown.py for tasks to queue
[2024-07-17T13:51:33.285+0000] {logging_mixin.py:188} INFO - [2024-07-17T13:51:33.284+0000] {dagbag.py:545} INFO - Filling up the DagBag from /home/airflow/.local/lib/python3.12/site-packages/airflow/example_dags/example_setup_teardown.py
[2024-07-17T13:51:33.294+0000] {processor.py:840} INFO - DAG(s) 'example_setup_teardown' retrieved from /home/airflow/.local/lib/python3.12/site-packages/airflow/example_dags/example_setup_teardown.py
[2024-07-17T13:51:33.316+0000] {logging_mixin.py:188} INFO - [2024-07-17T13:51:33.315+0000] {dag.py:3096} INFO - Sync 1 DAGs
[2024-07-17T13:51:33.373+0000] {logging_mixin.py:188} INFO - [2024-07-17T13:51:33.372+0000] {dag.py:3954} INFO - Setting next_dagrun for example_setup_teardown to 2024-07-16 00:00:00+00:00, run_after=2024-07-17 00:00:00+00:00
[2024-07-17T13:51:33.414+0000] {processor.py:183} INFO - Processing /home/airflow/.local/lib/python3.12/site-packages/airflow/example_dags/example_setup_teardown.py took 0.172 seconds
[2024-07-17T13:52:03.877+0000] {processor.py:161} INFO - Started process (PID=1247) to work on /home/airflow/.local/lib/python3.12/site-packages/airflow/example_dags/example_setup_teardown.py
[2024-07-17T13:52:03.878+0000] {processor.py:830} INFO - Processing file /home/airflow/.local/lib/python3.12/site-packages/airflow/example_dags/example_setup_teardown.py for tasks to queue
[2024-07-17T13:52:03.881+0000] {logging_mixin.py:188} INFO - [2024-07-17T13:52:03.880+0000] {dagbag.py:545} INFO - Filling up the DagBag from /home/airflow/.local/lib/python3.12/site-packages/airflow/example_dags/example_setup_teardown.py
[2024-07-17T13:52:03.889+0000] {processor.py:840} INFO - DAG(s) 'example_setup_teardown' retrieved from /home/airflow/.local/lib/python3.12/site-packages/airflow/example_dags/example_setup_teardown.py
[2024-07-17T13:52:03.916+0000] {logging_mixin.py:188} INFO - [2024-07-17T13:52:03.916+0000] {dag.py:3096} INFO - Sync 1 DAGs
[2024-07-17T13:52:03.949+0000] {logging_mixin.py:188} INFO - [2024-07-17T13:52:03.949+0000] {dag.py:3954} INFO - Setting next_dagrun for example_setup_teardown to 2024-07-16 00:00:00+00:00, run_after=2024-07-17 00:00:00+00:00
[2024-07-17T13:52:03.975+0000] {processor.py:183} INFO - Processing /home/airflow/.local/lib/python3.12/site-packages/airflow/example_dags/example_setup_teardown.py took 0.103 seconds
[2024-07-17T13:52:34.662+0000] {processor.py:161} INFO - Started process (PID=1307) to work on /home/airflow/.local/lib/python3.12/site-packages/airflow/example_dags/example_setup_teardown.py
[2024-07-17T13:52:34.664+0000] {processor.py:830} INFO - Processing file /home/airflow/.local/lib/python3.12/site-packages/airflow/example_dags/example_setup_teardown.py for tasks to queue
[2024-07-17T13:52:34.666+0000] {logging_mixin.py:188} INFO - [2024-07-17T13:52:34.666+0000] {dagbag.py:545} INFO - Filling up the DagBag from /home/airflow/.local/lib/python3.12/site-packages/airflow/example_dags/example_setup_teardown.py
[2024-07-17T13:52:34.677+0000] {processor.py:840} INFO - DAG(s) 'example_setup_teardown' retrieved from /home/airflow/.local/lib/python3.12/site-packages/airflow/example_dags/example_setup_teardown.py
[2024-07-17T13:52:34.712+0000] {logging_mixin.py:188} INFO - [2024-07-17T13:52:34.711+0000] {dag.py:3096} INFO - Sync 1 DAGs
[2024-07-17T13:52:34.768+0000] {logging_mixin.py:188} INFO - [2024-07-17T13:52:34.768+0000] {dag.py:3954} INFO - Setting next_dagrun for example_setup_teardown to 2024-07-16 00:00:00+00:00, run_after=2024-07-17 00:00:00+00:00
[2024-07-17T13:52:34.791+0000] {processor.py:183} INFO - Processing /home/airflow/.local/lib/python3.12/site-packages/airflow/example_dags/example_setup_teardown.py took 0.135 seconds
[2024-07-17T13:53:05.152+0000] {processor.py:161} INFO - Started process (PID=1368) to work on /home/airflow/.local/lib/python3.12/site-packages/airflow/example_dags/example_setup_teardown.py
[2024-07-17T13:53:05.153+0000] {processor.py:830} INFO - Processing file /home/airflow/.local/lib/python3.12/site-packages/airflow/example_dags/example_setup_teardown.py for tasks to queue
[2024-07-17T13:53:05.155+0000] {logging_mixin.py:188} INFO - [2024-07-17T13:53:05.155+0000] {dagbag.py:545} INFO - Filling up the DagBag from /home/airflow/.local/lib/python3.12/site-packages/airflow/example_dags/example_setup_teardown.py
[2024-07-17T13:53:05.164+0000] {processor.py:840} INFO - DAG(s) 'example_setup_teardown' retrieved from /home/airflow/.local/lib/python3.12/site-packages/airflow/example_dags/example_setup_teardown.py
[2024-07-17T13:53:05.187+0000] {logging_mixin.py:188} INFO - [2024-07-17T13:53:05.187+0000] {dag.py:3096} INFO - Sync 1 DAGs
[2024-07-17T13:53:05.218+0000] {logging_mixin.py:188} INFO - [2024-07-17T13:53:05.218+0000] {dag.py:3954} INFO - Setting next_dagrun for example_setup_teardown to 2024-07-16 00:00:00+00:00, run_after=2024-07-17 00:00:00+00:00
[2024-07-17T13:53:05.240+0000] {processor.py:183} INFO - Processing /home/airflow/.local/lib/python3.12/site-packages/airflow/example_dags/example_setup_teardown.py took 0.094 seconds
[2024-07-17T13:53:35.716+0000] {processor.py:161} INFO - Started process (PID=1428) to work on /home/airflow/.local/lib/python3.12/site-packages/airflow/example_dags/example_setup_teardown.py
[2024-07-17T13:53:35.717+0000] {processor.py:830} INFO - Processing file /home/airflow/.local/lib/python3.12/site-packages/airflow/example_dags/example_setup_teardown.py for tasks to queue
[2024-07-17T13:53:35.719+0000] {logging_mixin.py:188} INFO - [2024-07-17T13:53:35.719+0000] {dagbag.py:545} INFO - Filling up the DagBag from /home/airflow/.local/lib/python3.12/site-packages/airflow/example_dags/example_setup_teardown.py
[2024-07-17T13:53:35.729+0000] {processor.py:840} INFO - DAG(s) 'example_setup_teardown' retrieved from /home/airflow/.local/lib/python3.12/site-packages/airflow/example_dags/example_setup_teardown.py
[2024-07-17T13:53:35.760+0000] {logging_mixin.py:188} INFO - [2024-07-17T13:53:35.760+0000] {dag.py:3096} INFO - Sync 1 DAGs
[2024-07-17T13:53:35.790+0000] {logging_mixin.py:188} INFO - [2024-07-17T13:53:35.789+0000] {dag.py:3954} INFO - Setting next_dagrun for example_setup_teardown to 2024-07-16 00:00:00+00:00, run_after=2024-07-17 00:00:00+00:00
[2024-07-17T13:53:35.812+0000] {processor.py:183} INFO - Processing /home/airflow/.local/lib/python3.12/site-packages/airflow/example_dags/example_setup_teardown.py took 0.105 seconds
[2024-07-17T13:54:06.021+0000] {processor.py:161} INFO - Started process (PID=1488) to work on /home/airflow/.local/lib/python3.12/site-packages/airflow/example_dags/example_setup_teardown.py
[2024-07-17T13:54:06.022+0000] {processor.py:830} INFO - Processing file /home/airflow/.local/lib/python3.12/site-packages/airflow/example_dags/example_setup_teardown.py for tasks to queue
[2024-07-17T13:54:06.025+0000] {logging_mixin.py:188} INFO - [2024-07-17T13:54:06.024+0000] {dagbag.py:545} INFO - Filling up the DagBag from /home/airflow/.local/lib/python3.12/site-packages/airflow/example_dags/example_setup_teardown.py
[2024-07-17T13:54:06.035+0000] {processor.py:840} INFO - DAG(s) 'example_setup_teardown' retrieved from /home/airflow/.local/lib/python3.12/site-packages/airflow/example_dags/example_setup_teardown.py
[2024-07-17T13:54:06.066+0000] {logging_mixin.py:188} INFO - [2024-07-17T13:54:06.065+0000] {dag.py:3096} INFO - Sync 1 DAGs
[2024-07-17T13:54:06.095+0000] {logging_mixin.py:188} INFO - [2024-07-17T13:54:06.095+0000] {dag.py:3954} INFO - Setting next_dagrun for example_setup_teardown to 2024-07-16 00:00:00+00:00, run_after=2024-07-17 00:00:00+00:00
[2024-07-17T13:54:06.125+0000] {processor.py:183} INFO - Processing /home/airflow/.local/lib/python3.12/site-packages/airflow/example_dags/example_setup_teardown.py took 0.113 seconds
[2024-07-17T13:54:37.049+0000] {processor.py:161} INFO - Started process (PID=1548) to work on /home/airflow/.local/lib/python3.12/site-packages/airflow/example_dags/example_setup_teardown.py
[2024-07-17T13:54:37.051+0000] {processor.py:830} INFO - Processing file /home/airflow/.local/lib/python3.12/site-packages/airflow/example_dags/example_setup_teardown.py for tasks to queue
[2024-07-17T13:54:37.054+0000] {logging_mixin.py:188} INFO - [2024-07-17T13:54:37.053+0000] {dagbag.py:545} INFO - Filling up the DagBag from /home/airflow/.local/lib/python3.12/site-packages/airflow/example_dags/example_setup_teardown.py
[2024-07-17T13:54:37.063+0000] {processor.py:840} INFO - DAG(s) 'example_setup_teardown' retrieved from /home/airflow/.local/lib/python3.12/site-packages/airflow/example_dags/example_setup_teardown.py
[2024-07-17T13:54:37.107+0000] {logging_mixin.py:188} INFO - [2024-07-17T13:54:37.107+0000] {dag.py:3096} INFO - Sync 1 DAGs
[2024-07-17T13:54:37.144+0000] {logging_mixin.py:188} INFO - [2024-07-17T13:54:37.143+0000] {dag.py:3954} INFO - Setting next_dagrun for example_setup_teardown to 2024-07-16 00:00:00+00:00, run_after=2024-07-17 00:00:00+00:00
[2024-07-17T13:54:37.169+0000] {processor.py:183} INFO - Processing /home/airflow/.local/lib/python3.12/site-packages/airflow/example_dags/example_setup_teardown.py took 0.129 seconds
[2024-07-17T13:55:07.888+0000] {processor.py:161} INFO - Started process (PID=1608) to work on /home/airflow/.local/lib/python3.12/site-packages/airflow/example_dags/example_setup_teardown.py
[2024-07-17T13:55:07.889+0000] {processor.py:830} INFO - Processing file /home/airflow/.local/lib/python3.12/site-packages/airflow/example_dags/example_setup_teardown.py for tasks to queue
[2024-07-17T13:55:07.891+0000] {logging_mixin.py:188} INFO - [2024-07-17T13:55:07.891+0000] {dagbag.py:545} INFO - Filling up the DagBag from /home/airflow/.local/lib/python3.12/site-packages/airflow/example_dags/example_setup_teardown.py
[2024-07-17T13:55:07.897+0000] {processor.py:840} INFO - DAG(s) 'example_setup_teardown' retrieved from /home/airflow/.local/lib/python3.12/site-packages/airflow/example_dags/example_setup_teardown.py
[2024-07-17T13:55:07.917+0000] {logging_mixin.py:188} INFO - [2024-07-17T13:55:07.917+0000] {dag.py:3096} INFO - Sync 1 DAGs
[2024-07-17T13:55:07.941+0000] {logging_mixin.py:188} INFO - [2024-07-17T13:55:07.940+0000] {dag.py:3954} INFO - Setting next_dagrun for example_setup_teardown to 2024-07-16 00:00:00+00:00, run_after=2024-07-17 00:00:00+00:00
[2024-07-17T13:55:07.961+0000] {processor.py:183} INFO - Processing /home/airflow/.local/lib/python3.12/site-packages/airflow/example_dags/example_setup_teardown.py took 0.078 seconds
[2024-07-17T13:55:39.139+0000] {processor.py:161} INFO - Started process (PID=1668) to work on /home/airflow/.local/lib/python3.12/site-packages/airflow/example_dags/example_setup_teardown.py
[2024-07-17T13:55:39.141+0000] {processor.py:830} INFO - Processing file /home/airflow/.local/lib/python3.12/site-packages/airflow/example_dags/example_setup_teardown.py for tasks to queue
[2024-07-17T13:55:39.144+0000] {logging_mixin.py:188} INFO - [2024-07-17T13:55:39.143+0000] {dagbag.py:545} INFO - Filling up the DagBag from /home/airflow/.local/lib/python3.12/site-packages/airflow/example_dags/example_setup_teardown.py
[2024-07-17T13:55:39.155+0000] {processor.py:840} INFO - DAG(s) 'example_setup_teardown' retrieved from /home/airflow/.local/lib/python3.12/site-packages/airflow/example_dags/example_setup_teardown.py
[2024-07-17T13:55:39.202+0000] {logging_mixin.py:188} INFO - [2024-07-17T13:55:39.195+0000] {dag.py:3096} INFO - Sync 1 DAGs
[2024-07-17T13:55:39.257+0000] {logging_mixin.py:188} INFO - [2024-07-17T13:55:39.256+0000] {dag.py:3954} INFO - Setting next_dagrun for example_setup_teardown to 2024-07-16 00:00:00+00:00, run_after=2024-07-17 00:00:00+00:00
[2024-07-17T13:55:39.320+0000] {processor.py:183} INFO - Processing /home/airflow/.local/lib/python3.12/site-packages/airflow/example_dags/example_setup_teardown.py took 0.192 seconds
[2024-07-17T13:56:10.025+0000] {processor.py:161} INFO - Started process (PID=1729) to work on /home/airflow/.local/lib/python3.12/site-packages/airflow/example_dags/example_setup_teardown.py
[2024-07-17T13:56:10.026+0000] {processor.py:830} INFO - Processing file /home/airflow/.local/lib/python3.12/site-packages/airflow/example_dags/example_setup_teardown.py for tasks to queue
[2024-07-17T13:56:10.029+0000] {logging_mixin.py:188} INFO - [2024-07-17T13:56:10.028+0000] {dagbag.py:545} INFO - Filling up the DagBag from /home/airflow/.local/lib/python3.12/site-packages/airflow/example_dags/example_setup_teardown.py
[2024-07-17T13:56:10.036+0000] {processor.py:840} INFO - DAG(s) 'example_setup_teardown' retrieved from /home/airflow/.local/lib/python3.12/site-packages/airflow/example_dags/example_setup_teardown.py
[2024-07-17T13:56:10.061+0000] {logging_mixin.py:188} INFO - [2024-07-17T13:56:10.061+0000] {dag.py:3096} INFO - Sync 1 DAGs
[2024-07-17T13:56:10.092+0000] {logging_mixin.py:188} INFO - [2024-07-17T13:56:10.092+0000] {dag.py:3954} INFO - Setting next_dagrun for example_setup_teardown to 2024-07-16 00:00:00+00:00, run_after=2024-07-17 00:00:00+00:00
[2024-07-17T13:56:10.125+0000] {processor.py:183} INFO - Processing /home/airflow/.local/lib/python3.12/site-packages/airflow/example_dags/example_setup_teardown.py took 0.107 seconds
[2024-07-17T13:56:41.302+0000] {processor.py:161} INFO - Started process (PID=1789) to work on /home/airflow/.local/lib/python3.12/site-packages/airflow/example_dags/example_setup_teardown.py
[2024-07-17T13:56:41.303+0000] {processor.py:830} INFO - Processing file /home/airflow/.local/lib/python3.12/site-packages/airflow/example_dags/example_setup_teardown.py for tasks to queue
[2024-07-17T13:56:41.305+0000] {logging_mixin.py:188} INFO - [2024-07-17T13:56:41.305+0000] {dagbag.py:545} INFO - Filling up the DagBag from /home/airflow/.local/lib/python3.12/site-packages/airflow/example_dags/example_setup_teardown.py
[2024-07-17T13:56:41.312+0000] {processor.py:840} INFO - DAG(s) 'example_setup_teardown' retrieved from /home/airflow/.local/lib/python3.12/site-packages/airflow/example_dags/example_setup_teardown.py
[2024-07-17T13:56:41.339+0000] {logging_mixin.py:188} INFO - [2024-07-17T13:56:41.338+0000] {dag.py:3096} INFO - Sync 1 DAGs
[2024-07-17T13:56:41.362+0000] {logging_mixin.py:188} INFO - [2024-07-17T13:56:41.362+0000] {dag.py:3954} INFO - Setting next_dagrun for example_setup_teardown to 2024-07-16 00:00:00+00:00, run_after=2024-07-17 00:00:00+00:00
[2024-07-17T13:56:41.382+0000] {processor.py:183} INFO - Processing /home/airflow/.local/lib/python3.12/site-packages/airflow/example_dags/example_setup_teardown.py took 0.085 seconds
[2024-07-17T13:57:11.953+0000] {processor.py:161} INFO - Started process (PID=1849) to work on /home/airflow/.local/lib/python3.12/site-packages/airflow/example_dags/example_setup_teardown.py
[2024-07-17T13:57:11.954+0000] {processor.py:830} INFO - Processing file /home/airflow/.local/lib/python3.12/site-packages/airflow/example_dags/example_setup_teardown.py for tasks to queue
[2024-07-17T13:57:11.956+0000] {logging_mixin.py:188} INFO - [2024-07-17T13:57:11.956+0000] {dagbag.py:545} INFO - Filling up the DagBag from /home/airflow/.local/lib/python3.12/site-packages/airflow/example_dags/example_setup_teardown.py
[2024-07-17T13:57:11.966+0000] {processor.py:840} INFO - DAG(s) 'example_setup_teardown' retrieved from /home/airflow/.local/lib/python3.12/site-packages/airflow/example_dags/example_setup_teardown.py
[2024-07-17T13:57:11.996+0000] {logging_mixin.py:188} INFO - [2024-07-17T13:57:11.996+0000] {dag.py:3096} INFO - Sync 1 DAGs
[2024-07-17T13:57:12.026+0000] {logging_mixin.py:188} INFO - [2024-07-17T13:57:12.026+0000] {dag.py:3954} INFO - Setting next_dagrun for example_setup_teardown to 2024-07-16 00:00:00+00:00, run_after=2024-07-17 00:00:00+00:00
[2024-07-17T13:57:12.051+0000] {processor.py:183} INFO - Processing /home/airflow/.local/lib/python3.12/site-packages/airflow/example_dags/example_setup_teardown.py took 0.106 seconds
[2024-07-17T13:57:42.493+0000] {processor.py:161} INFO - Started process (PID=1907) to work on /home/airflow/.local/lib/python3.12/site-packages/airflow/example_dags/example_setup_teardown.py
[2024-07-17T13:57:42.495+0000] {processor.py:830} INFO - Processing file /home/airflow/.local/lib/python3.12/site-packages/airflow/example_dags/example_setup_teardown.py for tasks to queue
[2024-07-17T13:57:42.497+0000] {logging_mixin.py:188} INFO - [2024-07-17T13:57:42.497+0000] {dagbag.py:545} INFO - Filling up the DagBag from /home/airflow/.local/lib/python3.12/site-packages/airflow/example_dags/example_setup_teardown.py
[2024-07-17T13:57:42.506+0000] {processor.py:840} INFO - DAG(s) 'example_setup_teardown' retrieved from /home/airflow/.local/lib/python3.12/site-packages/airflow/example_dags/example_setup_teardown.py
[2024-07-17T13:57:42.685+0000] {logging_mixin.py:188} INFO - [2024-07-17T13:57:42.684+0000] {dag.py:3096} INFO - Sync 1 DAGs
[2024-07-17T13:57:42.712+0000] {logging_mixin.py:188} INFO - [2024-07-17T13:57:42.712+0000] {dag.py:3954} INFO - Setting next_dagrun for example_setup_teardown to 2024-07-16 00:00:00+00:00, run_after=2024-07-17 00:00:00+00:00
[2024-07-17T13:57:42.739+0000] {processor.py:183} INFO - Processing /home/airflow/.local/lib/python3.12/site-packages/airflow/example_dags/example_setup_teardown.py took 0.253 seconds
[2024-07-17T13:58:13.197+0000] {processor.py:161} INFO - Started process (PID=1968) to work on /home/airflow/.local/lib/python3.12/site-packages/airflow/example_dags/example_setup_teardown.py
[2024-07-17T13:58:13.199+0000] {processor.py:830} INFO - Processing file /home/airflow/.local/lib/python3.12/site-packages/airflow/example_dags/example_setup_teardown.py for tasks to queue
[2024-07-17T13:58:13.201+0000] {logging_mixin.py:188} INFO - [2024-07-17T13:58:13.201+0000] {dagbag.py:545} INFO - Filling up the DagBag from /home/airflow/.local/lib/python3.12/site-packages/airflow/example_dags/example_setup_teardown.py
[2024-07-17T13:58:13.210+0000] {processor.py:840} INFO - DAG(s) 'example_setup_teardown' retrieved from /home/airflow/.local/lib/python3.12/site-packages/airflow/example_dags/example_setup_teardown.py
[2024-07-17T13:58:13.237+0000] {logging_mixin.py:188} INFO - [2024-07-17T13:58:13.237+0000] {dag.py:3096} INFO - Sync 1 DAGs
[2024-07-17T13:58:13.261+0000] {logging_mixin.py:188} INFO - [2024-07-17T13:58:13.261+0000] {dag.py:3954} INFO - Setting next_dagrun for example_setup_teardown to 2024-07-16 00:00:00+00:00, run_after=2024-07-17 00:00:00+00:00
[2024-07-17T13:58:13.284+0000] {processor.py:183} INFO - Processing /home/airflow/.local/lib/python3.12/site-packages/airflow/example_dags/example_setup_teardown.py took 0.094 seconds
[2024-07-17T13:58:44.021+0000] {processor.py:161} INFO - Started process (PID=2028) to work on /home/airflow/.local/lib/python3.12/site-packages/airflow/example_dags/example_setup_teardown.py
[2024-07-17T13:58:44.022+0000] {processor.py:830} INFO - Processing file /home/airflow/.local/lib/python3.12/site-packages/airflow/example_dags/example_setup_teardown.py for tasks to queue
[2024-07-17T13:58:44.024+0000] {logging_mixin.py:188} INFO - [2024-07-17T13:58:44.024+0000] {dagbag.py:545} INFO - Filling up the DagBag from /home/airflow/.local/lib/python3.12/site-packages/airflow/example_dags/example_setup_teardown.py
[2024-07-17T13:58:44.031+0000] {processor.py:840} INFO - DAG(s) 'example_setup_teardown' retrieved from /home/airflow/.local/lib/python3.12/site-packages/airflow/example_dags/example_setup_teardown.py
[2024-07-17T13:58:44.053+0000] {logging_mixin.py:188} INFO - [2024-07-17T13:58:44.053+0000] {dag.py:3096} INFO - Sync 1 DAGs
[2024-07-17T13:58:44.083+0000] {logging_mixin.py:188} INFO - [2024-07-17T13:58:44.083+0000] {dag.py:3954} INFO - Setting next_dagrun for example_setup_teardown to 2024-07-16 00:00:00+00:00, run_after=2024-07-17 00:00:00+00:00
[2024-07-17T13:58:44.115+0000] {processor.py:183} INFO - Processing /home/airflow/.local/lib/python3.12/site-packages/airflow/example_dags/example_setup_teardown.py took 0.100 seconds
[2024-07-17T13:59:14.682+0000] {processor.py:161} INFO - Started process (PID=2088) to work on /home/airflow/.local/lib/python3.12/site-packages/airflow/example_dags/example_setup_teardown.py
[2024-07-17T13:59:14.684+0000] {processor.py:830} INFO - Processing file /home/airflow/.local/lib/python3.12/site-packages/airflow/example_dags/example_setup_teardown.py for tasks to queue
[2024-07-17T13:59:14.687+0000] {logging_mixin.py:188} INFO - [2024-07-17T13:59:14.686+0000] {dagbag.py:545} INFO - Filling up the DagBag from /home/airflow/.local/lib/python3.12/site-packages/airflow/example_dags/example_setup_teardown.py
[2024-07-17T13:59:14.697+0000] {processor.py:840} INFO - DAG(s) 'example_setup_teardown' retrieved from /home/airflow/.local/lib/python3.12/site-packages/airflow/example_dags/example_setup_teardown.py
[2024-07-17T13:59:14.721+0000] {logging_mixin.py:188} INFO - [2024-07-17T13:59:14.721+0000] {dag.py:3096} INFO - Sync 1 DAGs
[2024-07-17T13:59:14.753+0000] {logging_mixin.py:188} INFO - [2024-07-17T13:59:14.753+0000] {dag.py:3954} INFO - Setting next_dagrun for example_setup_teardown to 2024-07-16 00:00:00+00:00, run_after=2024-07-17 00:00:00+00:00
[2024-07-17T13:59:14.780+0000] {processor.py:183} INFO - Processing /home/airflow/.local/lib/python3.12/site-packages/airflow/example_dags/example_setup_teardown.py took 0.107 seconds
[2024-07-17T13:59:45.283+0000] {processor.py:161} INFO - Started process (PID=2149) to work on /home/airflow/.local/lib/python3.12/site-packages/airflow/example_dags/example_setup_teardown.py
[2024-07-17T13:59:45.285+0000] {processor.py:830} INFO - Processing file /home/airflow/.local/lib/python3.12/site-packages/airflow/example_dags/example_setup_teardown.py for tasks to queue
[2024-07-17T13:59:45.288+0000] {logging_mixin.py:188} INFO - [2024-07-17T13:59:45.287+0000] {dagbag.py:545} INFO - Filling up the DagBag from /home/airflow/.local/lib/python3.12/site-packages/airflow/example_dags/example_setup_teardown.py
[2024-07-17T13:59:45.297+0000] {processor.py:840} INFO - DAG(s) 'example_setup_teardown' retrieved from /home/airflow/.local/lib/python3.12/site-packages/airflow/example_dags/example_setup_teardown.py
[2024-07-17T13:59:45.332+0000] {logging_mixin.py:188} INFO - [2024-07-17T13:59:45.332+0000] {dag.py:3096} INFO - Sync 1 DAGs
[2024-07-17T13:59:45.378+0000] {logging_mixin.py:188} INFO - [2024-07-17T13:59:45.378+0000] {dag.py:3954} INFO - Setting next_dagrun for example_setup_teardown to 2024-07-16 00:00:00+00:00, run_after=2024-07-17 00:00:00+00:00
[2024-07-17T13:59:45.424+0000] {processor.py:183} INFO - Processing /home/airflow/.local/lib/python3.12/site-packages/airflow/example_dags/example_setup_teardown.py took 0.150 seconds
[2024-07-17T14:00:16.168+0000] {processor.py:161} INFO - Started process (PID=2209) to work on /home/airflow/.local/lib/python3.12/site-packages/airflow/example_dags/example_setup_teardown.py
[2024-07-17T14:00:16.169+0000] {processor.py:830} INFO - Processing file /home/airflow/.local/lib/python3.12/site-packages/airflow/example_dags/example_setup_teardown.py for tasks to queue
[2024-07-17T14:00:16.172+0000] {logging_mixin.py:188} INFO - [2024-07-17T14:00:16.171+0000] {dagbag.py:545} INFO - Filling up the DagBag from /home/airflow/.local/lib/python3.12/site-packages/airflow/example_dags/example_setup_teardown.py
[2024-07-17T14:00:16.180+0000] {processor.py:840} INFO - DAG(s) 'example_setup_teardown' retrieved from /home/airflow/.local/lib/python3.12/site-packages/airflow/example_dags/example_setup_teardown.py
[2024-07-17T14:00:16.206+0000] {logging_mixin.py:188} INFO - [2024-07-17T14:00:16.206+0000] {dag.py:3096} INFO - Sync 1 DAGs
[2024-07-17T14:00:16.239+0000] {logging_mixin.py:188} INFO - [2024-07-17T14:00:16.239+0000] {dag.py:3954} INFO - Setting next_dagrun for example_setup_teardown to 2024-07-16 00:00:00+00:00, run_after=2024-07-17 00:00:00+00:00
[2024-07-17T14:00:16.266+0000] {processor.py:183} INFO - Processing /home/airflow/.local/lib/python3.12/site-packages/airflow/example_dags/example_setup_teardown.py took 0.106 seconds
[2024-07-17T14:00:46.944+0000] {processor.py:161} INFO - Started process (PID=2269) to work on /home/airflow/.local/lib/python3.12/site-packages/airflow/example_dags/example_setup_teardown.py
[2024-07-17T14:00:46.946+0000] {processor.py:830} INFO - Processing file /home/airflow/.local/lib/python3.12/site-packages/airflow/example_dags/example_setup_teardown.py for tasks to queue
[2024-07-17T14:00:46.950+0000] {logging_mixin.py:188} INFO - [2024-07-17T14:00:46.949+0000] {dagbag.py:545} INFO - Filling up the DagBag from /home/airflow/.local/lib/python3.12/site-packages/airflow/example_dags/example_setup_teardown.py
[2024-07-17T14:00:46.963+0000] {processor.py:840} INFO - DAG(s) 'example_setup_teardown' retrieved from /home/airflow/.local/lib/python3.12/site-packages/airflow/example_dags/example_setup_teardown.py
[2024-07-17T14:00:47.010+0000] {logging_mixin.py:188} INFO - [2024-07-17T14:00:47.010+0000] {dag.py:3096} INFO - Sync 1 DAGs
[2024-07-17T14:00:47.040+0000] {logging_mixin.py:188} INFO - [2024-07-17T14:00:47.040+0000] {dag.py:3954} INFO - Setting next_dagrun for example_setup_teardown to 2024-07-16 00:00:00+00:00, run_after=2024-07-17 00:00:00+00:00
[2024-07-17T14:00:47.106+0000] {processor.py:183} INFO - Processing /home/airflow/.local/lib/python3.12/site-packages/airflow/example_dags/example_setup_teardown.py took 0.173 seconds
[2024-07-17T14:01:17.205+0000] {processor.py:161} INFO - Started process (PID=2329) to work on /home/airflow/.local/lib/python3.12/site-packages/airflow/example_dags/example_setup_teardown.py
[2024-07-17T14:01:17.207+0000] {processor.py:830} INFO - Processing file /home/airflow/.local/lib/python3.12/site-packages/airflow/example_dags/example_setup_teardown.py for tasks to queue
[2024-07-17T14:01:17.209+0000] {logging_mixin.py:188} INFO - [2024-07-17T14:01:17.209+0000] {dagbag.py:545} INFO - Filling up the DagBag from /home/airflow/.local/lib/python3.12/site-packages/airflow/example_dags/example_setup_teardown.py
[2024-07-17T14:01:17.220+0000] {processor.py:840} INFO - DAG(s) 'example_setup_teardown' retrieved from /home/airflow/.local/lib/python3.12/site-packages/airflow/example_dags/example_setup_teardown.py
[2024-07-17T14:01:17.250+0000] {logging_mixin.py:188} INFO - [2024-07-17T14:01:17.250+0000] {dag.py:3096} INFO - Sync 1 DAGs
[2024-07-17T14:01:17.281+0000] {logging_mixin.py:188} INFO - [2024-07-17T14:01:17.280+0000] {dag.py:3954} INFO - Setting next_dagrun for example_setup_teardown to 2024-07-16 00:00:00+00:00, run_after=2024-07-17 00:00:00+00:00
[2024-07-17T14:01:17.316+0000] {processor.py:183} INFO - Processing /home/airflow/.local/lib/python3.12/site-packages/airflow/example_dags/example_setup_teardown.py took 0.118 seconds
[2024-07-17T14:01:47.388+0000] {processor.py:161} INFO - Started process (PID=2388) to work on /home/airflow/.local/lib/python3.12/site-packages/airflow/example_dags/example_setup_teardown.py
[2024-07-17T14:01:47.389+0000] {processor.py:830} INFO - Processing file /home/airflow/.local/lib/python3.12/site-packages/airflow/example_dags/example_setup_teardown.py for tasks to queue
[2024-07-17T14:01:47.391+0000] {logging_mixin.py:188} INFO - [2024-07-17T14:01:47.390+0000] {dagbag.py:545} INFO - Filling up the DagBag from /home/airflow/.local/lib/python3.12/site-packages/airflow/example_dags/example_setup_teardown.py
[2024-07-17T14:01:47.399+0000] {processor.py:840} INFO - DAG(s) 'example_setup_teardown' retrieved from /home/airflow/.local/lib/python3.12/site-packages/airflow/example_dags/example_setup_teardown.py
[2024-07-17T14:01:47.421+0000] {logging_mixin.py:188} INFO - [2024-07-17T14:01:47.421+0000] {dag.py:3096} INFO - Sync 1 DAGs
[2024-07-17T14:01:47.445+0000] {logging_mixin.py:188} INFO - [2024-07-17T14:01:47.445+0000] {dag.py:3954} INFO - Setting next_dagrun for example_setup_teardown to 2024-07-16 00:00:00+00:00, run_after=2024-07-17 00:00:00+00:00
[2024-07-17T14:01:47.463+0000] {processor.py:183} INFO - Processing /home/airflow/.local/lib/python3.12/site-packages/airflow/example_dags/example_setup_teardown.py took 0.082 seconds
[2024-07-17T14:04:07.902+0000] {processor.py:161} INFO - Started process (PID=2447) to work on /home/airflow/.local/lib/python3.12/site-packages/airflow/example_dags/example_setup_teardown.py
[2024-07-17T14:04:07.904+0000] {processor.py:830} INFO - Processing file /home/airflow/.local/lib/python3.12/site-packages/airflow/example_dags/example_setup_teardown.py for tasks to queue
[2024-07-17T14:04:07.907+0000] {logging_mixin.py:188} INFO - [2024-07-17T14:04:07.906+0000] {dagbag.py:545} INFO - Filling up the DagBag from /home/airflow/.local/lib/python3.12/site-packages/airflow/example_dags/example_setup_teardown.py
[2024-07-17T14:04:07.935+0000] {processor.py:840} INFO - DAG(s) 'example_setup_teardown' retrieved from /home/airflow/.local/lib/python3.12/site-packages/airflow/example_dags/example_setup_teardown.py
[2024-07-17T14:04:08.023+0000] {logging_mixin.py:188} INFO - [2024-07-17T14:04:08.022+0000] {dag.py:3096} INFO - Sync 1 DAGs
[2024-07-17T14:04:08.073+0000] {logging_mixin.py:188} INFO - [2024-07-17T14:04:08.073+0000] {dag.py:3954} INFO - Setting next_dagrun for example_setup_teardown to 2024-07-16 00:00:00+00:00, run_after=2024-07-17 00:00:00+00:00
[2024-07-17T14:04:08.124+0000] {processor.py:183} INFO - Processing /home/airflow/.local/lib/python3.12/site-packages/airflow/example_dags/example_setup_teardown.py took 0.233 seconds
[2024-07-17T14:04:38.273+0000] {processor.py:161} INFO - Started process (PID=2508) to work on /home/airflow/.local/lib/python3.12/site-packages/airflow/example_dags/example_setup_teardown.py
[2024-07-17T14:04:38.274+0000] {processor.py:830} INFO - Processing file /home/airflow/.local/lib/python3.12/site-packages/airflow/example_dags/example_setup_teardown.py for tasks to queue
[2024-07-17T14:04:38.275+0000] {logging_mixin.py:188} INFO - [2024-07-17T14:04:38.275+0000] {dagbag.py:545} INFO - Filling up the DagBag from /home/airflow/.local/lib/python3.12/site-packages/airflow/example_dags/example_setup_teardown.py
[2024-07-17T14:04:38.282+0000] {processor.py:840} INFO - DAG(s) 'example_setup_teardown' retrieved from /home/airflow/.local/lib/python3.12/site-packages/airflow/example_dags/example_setup_teardown.py
[2024-07-17T14:04:38.306+0000] {logging_mixin.py:188} INFO - [2024-07-17T14:04:38.306+0000] {dag.py:3096} INFO - Sync 1 DAGs
[2024-07-17T14:04:38.336+0000] {logging_mixin.py:188} INFO - [2024-07-17T14:04:38.336+0000] {dag.py:3954} INFO - Setting next_dagrun for example_setup_teardown to 2024-07-16 00:00:00+00:00, run_after=2024-07-17 00:00:00+00:00
[2024-07-17T14:04:38.369+0000] {processor.py:183} INFO - Processing /home/airflow/.local/lib/python3.12/site-packages/airflow/example_dags/example_setup_teardown.py took 0.102 seconds
[2024-07-17T14:05:08.539+0000] {processor.py:161} INFO - Started process (PID=2570) to work on /home/airflow/.local/lib/python3.12/site-packages/airflow/example_dags/example_setup_teardown.py
[2024-07-17T14:05:08.541+0000] {processor.py:830} INFO - Processing file /home/airflow/.local/lib/python3.12/site-packages/airflow/example_dags/example_setup_teardown.py for tasks to queue
[2024-07-17T14:05:08.544+0000] {logging_mixin.py:188} INFO - [2024-07-17T14:05:08.543+0000] {dagbag.py:545} INFO - Filling up the DagBag from /home/airflow/.local/lib/python3.12/site-packages/airflow/example_dags/example_setup_teardown.py
[2024-07-17T14:05:08.552+0000] {processor.py:840} INFO - DAG(s) 'example_setup_teardown' retrieved from /home/airflow/.local/lib/python3.12/site-packages/airflow/example_dags/example_setup_teardown.py
[2024-07-17T14:05:08.578+0000] {logging_mixin.py:188} INFO - [2024-07-17T14:05:08.578+0000] {dag.py:3096} INFO - Sync 1 DAGs
[2024-07-17T14:05:08.619+0000] {logging_mixin.py:188} INFO - [2024-07-17T14:05:08.619+0000] {dag.py:3954} INFO - Setting next_dagrun for example_setup_teardown to 2024-07-16 00:00:00+00:00, run_after=2024-07-17 00:00:00+00:00
[2024-07-17T14:05:08.649+0000] {processor.py:183} INFO - Processing /home/airflow/.local/lib/python3.12/site-packages/airflow/example_dags/example_setup_teardown.py took 0.118 seconds
[2024-07-17T14:05:39.521+0000] {processor.py:161} INFO - Started process (PID=2629) to work on /home/airflow/.local/lib/python3.12/site-packages/airflow/example_dags/example_setup_teardown.py
[2024-07-17T14:05:39.523+0000] {processor.py:830} INFO - Processing file /home/airflow/.local/lib/python3.12/site-packages/airflow/example_dags/example_setup_teardown.py for tasks to queue
[2024-07-17T14:05:39.528+0000] {logging_mixin.py:188} INFO - [2024-07-17T14:05:39.527+0000] {dagbag.py:545} INFO - Filling up the DagBag from /home/airflow/.local/lib/python3.12/site-packages/airflow/example_dags/example_setup_teardown.py
[2024-07-17T14:05:39.541+0000] {processor.py:840} INFO - DAG(s) 'example_setup_teardown' retrieved from /home/airflow/.local/lib/python3.12/site-packages/airflow/example_dags/example_setup_teardown.py
[2024-07-17T14:05:39.571+0000] {logging_mixin.py:188} INFO - [2024-07-17T14:05:39.570+0000] {dag.py:3096} INFO - Sync 1 DAGs
[2024-07-17T14:05:39.607+0000] {logging_mixin.py:188} INFO - [2024-07-17T14:05:39.606+0000] {dag.py:3954} INFO - Setting next_dagrun for example_setup_teardown to 2024-07-16 00:00:00+00:00, run_after=2024-07-17 00:00:00+00:00
[2024-07-17T14:05:39.627+0000] {processor.py:183} INFO - Processing /home/airflow/.local/lib/python3.12/site-packages/airflow/example_dags/example_setup_teardown.py took 0.115 seconds
[2024-07-17T14:06:10.921+0000] {processor.py:161} INFO - Started process (PID=2690) to work on /home/airflow/.local/lib/python3.12/site-packages/airflow/example_dags/example_setup_teardown.py
[2024-07-17T14:06:10.922+0000] {processor.py:830} INFO - Processing file /home/airflow/.local/lib/python3.12/site-packages/airflow/example_dags/example_setup_teardown.py for tasks to queue
[2024-07-17T14:06:10.927+0000] {logging_mixin.py:188} INFO - [2024-07-17T14:06:10.926+0000] {dagbag.py:545} INFO - Filling up the DagBag from /home/airflow/.local/lib/python3.12/site-packages/airflow/example_dags/example_setup_teardown.py
[2024-07-17T14:06:10.942+0000] {processor.py:840} INFO - DAG(s) 'example_setup_teardown' retrieved from /home/airflow/.local/lib/python3.12/site-packages/airflow/example_dags/example_setup_teardown.py
[2024-07-17T14:06:10.986+0000] {logging_mixin.py:188} INFO - [2024-07-17T14:06:10.985+0000] {dag.py:3096} INFO - Sync 1 DAGs
[2024-07-17T14:06:11.044+0000] {logging_mixin.py:188} INFO - [2024-07-17T14:06:11.044+0000] {dag.py:3954} INFO - Setting next_dagrun for example_setup_teardown to 2024-07-16 00:00:00+00:00, run_after=2024-07-17 00:00:00+00:00
[2024-07-17T14:06:11.084+0000] {processor.py:183} INFO - Processing /home/airflow/.local/lib/python3.12/site-packages/airflow/example_dags/example_setup_teardown.py took 0.176 seconds
[2024-07-17T14:06:41.445+0000] {processor.py:161} INFO - Started process (PID=2750) to work on /home/airflow/.local/lib/python3.12/site-packages/airflow/example_dags/example_setup_teardown.py
[2024-07-17T14:06:41.447+0000] {processor.py:830} INFO - Processing file /home/airflow/.local/lib/python3.12/site-packages/airflow/example_dags/example_setup_teardown.py for tasks to queue
[2024-07-17T14:06:41.451+0000] {logging_mixin.py:188} INFO - [2024-07-17T14:06:41.450+0000] {dagbag.py:545} INFO - Filling up the DagBag from /home/airflow/.local/lib/python3.12/site-packages/airflow/example_dags/example_setup_teardown.py
[2024-07-17T14:06:41.463+0000] {processor.py:840} INFO - DAG(s) 'example_setup_teardown' retrieved from /home/airflow/.local/lib/python3.12/site-packages/airflow/example_dags/example_setup_teardown.py
[2024-07-17T14:06:41.510+0000] {logging_mixin.py:188} INFO - [2024-07-17T14:06:41.509+0000] {dag.py:3096} INFO - Sync 1 DAGs
[2024-07-17T14:06:41.559+0000] {logging_mixin.py:188} INFO - [2024-07-17T14:06:41.558+0000] {dag.py:3954} INFO - Setting next_dagrun for example_setup_teardown to 2024-07-16 00:00:00+00:00, run_after=2024-07-17 00:00:00+00:00
[2024-07-17T14:06:41.604+0000] {processor.py:183} INFO - Processing /home/airflow/.local/lib/python3.12/site-packages/airflow/example_dags/example_setup_teardown.py took 0.170 seconds
[2024-07-17T14:07:12.422+0000] {processor.py:161} INFO - Started process (PID=2810) to work on /home/airflow/.local/lib/python3.12/site-packages/airflow/example_dags/example_setup_teardown.py
[2024-07-17T14:07:12.424+0000] {processor.py:830} INFO - Processing file /home/airflow/.local/lib/python3.12/site-packages/airflow/example_dags/example_setup_teardown.py for tasks to queue
[2024-07-17T14:07:12.428+0000] {logging_mixin.py:188} INFO - [2024-07-17T14:07:12.427+0000] {dagbag.py:545} INFO - Filling up the DagBag from /home/airflow/.local/lib/python3.12/site-packages/airflow/example_dags/example_setup_teardown.py
[2024-07-17T14:07:12.444+0000] {processor.py:840} INFO - DAG(s) 'example_setup_teardown' retrieved from /home/airflow/.local/lib/python3.12/site-packages/airflow/example_dags/example_setup_teardown.py
[2024-07-17T14:07:12.491+0000] {logging_mixin.py:188} INFO - [2024-07-17T14:07:12.490+0000] {dag.py:3096} INFO - Sync 1 DAGs
[2024-07-17T14:07:12.554+0000] {logging_mixin.py:188} INFO - [2024-07-17T14:07:12.553+0000] {dag.py:3954} INFO - Setting next_dagrun for example_setup_teardown to 2024-07-16 00:00:00+00:00, run_after=2024-07-17 00:00:00+00:00
[2024-07-17T14:07:12.603+0000] {processor.py:183} INFO - Processing /home/airflow/.local/lib/python3.12/site-packages/airflow/example_dags/example_setup_teardown.py took 0.192 seconds
[2024-07-17T14:07:43.361+0000] {processor.py:161} INFO - Started process (PID=2870) to work on /home/airflow/.local/lib/python3.12/site-packages/airflow/example_dags/example_setup_teardown.py
[2024-07-17T14:07:43.363+0000] {processor.py:830} INFO - Processing file /home/airflow/.local/lib/python3.12/site-packages/airflow/example_dags/example_setup_teardown.py for tasks to queue
[2024-07-17T14:07:43.366+0000] {logging_mixin.py:188} INFO - [2024-07-17T14:07:43.366+0000] {dagbag.py:545} INFO - Filling up the DagBag from /home/airflow/.local/lib/python3.12/site-packages/airflow/example_dags/example_setup_teardown.py
[2024-07-17T14:07:43.383+0000] {processor.py:840} INFO - DAG(s) 'example_setup_teardown' retrieved from /home/airflow/.local/lib/python3.12/site-packages/airflow/example_dags/example_setup_teardown.py
[2024-07-17T14:07:43.440+0000] {logging_mixin.py:188} INFO - [2024-07-17T14:07:43.440+0000] {dag.py:3096} INFO - Sync 1 DAGs
[2024-07-17T14:07:43.516+0000] {logging_mixin.py:188} INFO - [2024-07-17T14:07:43.515+0000] {dag.py:3954} INFO - Setting next_dagrun for example_setup_teardown to 2024-07-16 00:00:00+00:00, run_after=2024-07-17 00:00:00+00:00
[2024-07-17T14:07:43.571+0000] {processor.py:183} INFO - Processing /home/airflow/.local/lib/python3.12/site-packages/airflow/example_dags/example_setup_teardown.py took 0.222 seconds
[2024-07-17T14:08:13.764+0000] {processor.py:161} INFO - Started process (PID=2930) to work on /home/airflow/.local/lib/python3.12/site-packages/airflow/example_dags/example_setup_teardown.py
[2024-07-17T14:08:13.766+0000] {processor.py:830} INFO - Processing file /home/airflow/.local/lib/python3.12/site-packages/airflow/example_dags/example_setup_teardown.py for tasks to queue
[2024-07-17T14:08:13.769+0000] {logging_mixin.py:188} INFO - [2024-07-17T14:08:13.769+0000] {dagbag.py:545} INFO - Filling up the DagBag from /home/airflow/.local/lib/python3.12/site-packages/airflow/example_dags/example_setup_teardown.py
[2024-07-17T14:08:13.780+0000] {processor.py:840} INFO - DAG(s) 'example_setup_teardown' retrieved from /home/airflow/.local/lib/python3.12/site-packages/airflow/example_dags/example_setup_teardown.py
[2024-07-17T14:08:13.824+0000] {logging_mixin.py:188} INFO - [2024-07-17T14:08:13.823+0000] {dag.py:3096} INFO - Sync 1 DAGs
[2024-07-17T14:08:13.880+0000] {logging_mixin.py:188} INFO - [2024-07-17T14:08:13.879+0000] {dag.py:3954} INFO - Setting next_dagrun for example_setup_teardown to 2024-07-16 00:00:00+00:00, run_after=2024-07-17 00:00:00+00:00
[2024-07-17T14:08:13.919+0000] {processor.py:183} INFO - Processing /home/airflow/.local/lib/python3.12/site-packages/airflow/example_dags/example_setup_teardown.py took 0.165 seconds
[2024-07-17T14:08:45.063+0000] {processor.py:161} INFO - Started process (PID=2990) to work on /home/airflow/.local/lib/python3.12/site-packages/airflow/example_dags/example_setup_teardown.py
[2024-07-17T14:08:45.065+0000] {processor.py:830} INFO - Processing file /home/airflow/.local/lib/python3.12/site-packages/airflow/example_dags/example_setup_teardown.py for tasks to queue
[2024-07-17T14:08:45.072+0000] {logging_mixin.py:188} INFO - [2024-07-17T14:08:45.071+0000] {dagbag.py:545} INFO - Filling up the DagBag from /home/airflow/.local/lib/python3.12/site-packages/airflow/example_dags/example_setup_teardown.py
[2024-07-17T14:08:45.102+0000] {processor.py:840} INFO - DAG(s) 'example_setup_teardown' retrieved from /home/airflow/.local/lib/python3.12/site-packages/airflow/example_dags/example_setup_teardown.py
[2024-07-17T14:08:45.155+0000] {logging_mixin.py:188} INFO - [2024-07-17T14:08:45.154+0000] {dag.py:3096} INFO - Sync 1 DAGs
[2024-07-17T14:08:45.219+0000] {logging_mixin.py:188} INFO - [2024-07-17T14:08:45.218+0000] {dag.py:3954} INFO - Setting next_dagrun for example_setup_teardown to 2024-07-16 00:00:00+00:00, run_after=2024-07-17 00:00:00+00:00
[2024-07-17T14:08:45.263+0000] {processor.py:183} INFO - Processing /home/airflow/.local/lib/python3.12/site-packages/airflow/example_dags/example_setup_teardown.py took 0.222 seconds
[2024-07-17T14:09:16.217+0000] {processor.py:161} INFO - Started process (PID=3050) to work on /home/airflow/.local/lib/python3.12/site-packages/airflow/example_dags/example_setup_teardown.py
[2024-07-17T14:09:16.220+0000] {processor.py:830} INFO - Processing file /home/airflow/.local/lib/python3.12/site-packages/airflow/example_dags/example_setup_teardown.py for tasks to queue
[2024-07-17T14:09:16.225+0000] {logging_mixin.py:188} INFO - [2024-07-17T14:09:16.224+0000] {dagbag.py:545} INFO - Filling up the DagBag from /home/airflow/.local/lib/python3.12/site-packages/airflow/example_dags/example_setup_teardown.py
[2024-07-17T14:09:16.246+0000] {processor.py:840} INFO - DAG(s) 'example_setup_teardown' retrieved from /home/airflow/.local/lib/python3.12/site-packages/airflow/example_dags/example_setup_teardown.py
[2024-07-17T14:09:16.294+0000] {logging_mixin.py:188} INFO - [2024-07-17T14:09:16.293+0000] {dag.py:3096} INFO - Sync 1 DAGs
[2024-07-17T14:09:16.346+0000] {logging_mixin.py:188} INFO - [2024-07-17T14:09:16.346+0000] {dag.py:3954} INFO - Setting next_dagrun for example_setup_teardown to 2024-07-16 00:00:00+00:00, run_after=2024-07-17 00:00:00+00:00
[2024-07-17T14:09:16.399+0000] {processor.py:183} INFO - Processing /home/airflow/.local/lib/python3.12/site-packages/airflow/example_dags/example_setup_teardown.py took 0.197 seconds
[2024-07-17T14:09:47.096+0000] {processor.py:161} INFO - Started process (PID=3110) to work on /home/airflow/.local/lib/python3.12/site-packages/airflow/example_dags/example_setup_teardown.py
[2024-07-17T14:09:47.098+0000] {processor.py:830} INFO - Processing file /home/airflow/.local/lib/python3.12/site-packages/airflow/example_dags/example_setup_teardown.py for tasks to queue
[2024-07-17T14:09:47.101+0000] {logging_mixin.py:188} INFO - [2024-07-17T14:09:47.100+0000] {dagbag.py:545} INFO - Filling up the DagBag from /home/airflow/.local/lib/python3.12/site-packages/airflow/example_dags/example_setup_teardown.py
[2024-07-17T14:09:47.112+0000] {processor.py:840} INFO - DAG(s) 'example_setup_teardown' retrieved from /home/airflow/.local/lib/python3.12/site-packages/airflow/example_dags/example_setup_teardown.py
[2024-07-17T14:09:47.150+0000] {logging_mixin.py:188} INFO - [2024-07-17T14:09:47.150+0000] {dag.py:3096} INFO - Sync 1 DAGs
[2024-07-17T14:09:47.197+0000] {logging_mixin.py:188} INFO - [2024-07-17T14:09:47.197+0000] {dag.py:3954} INFO - Setting next_dagrun for example_setup_teardown to 2024-07-16 00:00:00+00:00, run_after=2024-07-17 00:00:00+00:00
[2024-07-17T14:09:47.237+0000] {processor.py:183} INFO - Processing /home/airflow/.local/lib/python3.12/site-packages/airflow/example_dags/example_setup_teardown.py took 0.154 seconds
[2024-07-17T14:10:18.175+0000] {processor.py:161} INFO - Started process (PID=3170) to work on /home/airflow/.local/lib/python3.12/site-packages/airflow/example_dags/example_setup_teardown.py
[2024-07-17T14:10:18.177+0000] {processor.py:830} INFO - Processing file /home/airflow/.local/lib/python3.12/site-packages/airflow/example_dags/example_setup_teardown.py for tasks to queue
[2024-07-17T14:10:18.181+0000] {logging_mixin.py:188} INFO - [2024-07-17T14:10:18.181+0000] {dagbag.py:545} INFO - Filling up the DagBag from /home/airflow/.local/lib/python3.12/site-packages/airflow/example_dags/example_setup_teardown.py
[2024-07-17T14:10:18.195+0000] {processor.py:840} INFO - DAG(s) 'example_setup_teardown' retrieved from /home/airflow/.local/lib/python3.12/site-packages/airflow/example_dags/example_setup_teardown.py
[2024-07-17T14:10:18.238+0000] {logging_mixin.py:188} INFO - [2024-07-17T14:10:18.237+0000] {dag.py:3096} INFO - Sync 1 DAGs
[2024-07-17T14:10:18.289+0000] {logging_mixin.py:188} INFO - [2024-07-17T14:10:18.289+0000] {dag.py:3954} INFO - Setting next_dagrun for example_setup_teardown to 2024-07-16 00:00:00+00:00, run_after=2024-07-17 00:00:00+00:00
[2024-07-17T14:10:18.337+0000] {processor.py:183} INFO - Processing /home/airflow/.local/lib/python3.12/site-packages/airflow/example_dags/example_setup_teardown.py took 0.176 seconds
[2024-07-17T14:10:49.166+0000] {processor.py:161} INFO - Started process (PID=3230) to work on /home/airflow/.local/lib/python3.12/site-packages/airflow/example_dags/example_setup_teardown.py
[2024-07-17T14:10:49.168+0000] {processor.py:830} INFO - Processing file /home/airflow/.local/lib/python3.12/site-packages/airflow/example_dags/example_setup_teardown.py for tasks to queue
[2024-07-17T14:10:49.171+0000] {logging_mixin.py:188} INFO - [2024-07-17T14:10:49.170+0000] {dagbag.py:545} INFO - Filling up the DagBag from /home/airflow/.local/lib/python3.12/site-packages/airflow/example_dags/example_setup_teardown.py
[2024-07-17T14:10:49.186+0000] {processor.py:840} INFO - DAG(s) 'example_setup_teardown' retrieved from /home/airflow/.local/lib/python3.12/site-packages/airflow/example_dags/example_setup_teardown.py
[2024-07-17T14:10:49.235+0000] {logging_mixin.py:188} INFO - [2024-07-17T14:10:49.235+0000] {dag.py:3096} INFO - Sync 1 DAGs
[2024-07-17T14:10:49.321+0000] {logging_mixin.py:188} INFO - [2024-07-17T14:10:49.320+0000] {dag.py:3954} INFO - Setting next_dagrun for example_setup_teardown to 2024-07-16 00:00:00+00:00, run_after=2024-07-17 00:00:00+00:00
[2024-07-17T14:10:49.390+0000] {processor.py:183} INFO - Processing /home/airflow/.local/lib/python3.12/site-packages/airflow/example_dags/example_setup_teardown.py took 0.236 seconds
[2024-07-17T14:11:19.853+0000] {processor.py:161} INFO - Started process (PID=3290) to work on /home/airflow/.local/lib/python3.12/site-packages/airflow/example_dags/example_setup_teardown.py
[2024-07-17T14:11:19.854+0000] {processor.py:830} INFO - Processing file /home/airflow/.local/lib/python3.12/site-packages/airflow/example_dags/example_setup_teardown.py for tasks to queue
[2024-07-17T14:11:19.858+0000] {logging_mixin.py:188} INFO - [2024-07-17T14:11:19.857+0000] {dagbag.py:545} INFO - Filling up the DagBag from /home/airflow/.local/lib/python3.12/site-packages/airflow/example_dags/example_setup_teardown.py
[2024-07-17T14:11:19.871+0000] {processor.py:840} INFO - DAG(s) 'example_setup_teardown' retrieved from /home/airflow/.local/lib/python3.12/site-packages/airflow/example_dags/example_setup_teardown.py
[2024-07-17T14:11:19.910+0000] {logging_mixin.py:188} INFO - [2024-07-17T14:11:19.909+0000] {dag.py:3096} INFO - Sync 1 DAGs
[2024-07-17T14:11:19.952+0000] {logging_mixin.py:188} INFO - [2024-07-17T14:11:19.951+0000] {dag.py:3954} INFO - Setting next_dagrun for example_setup_teardown to 2024-07-16 00:00:00+00:00, run_after=2024-07-17 00:00:00+00:00
[2024-07-17T14:11:19.989+0000] {processor.py:183} INFO - Processing /home/airflow/.local/lib/python3.12/site-packages/airflow/example_dags/example_setup_teardown.py took 0.147 seconds
[2024-07-17T14:11:51.647+0000] {processor.py:161} INFO - Started process (PID=3350) to work on /home/airflow/.local/lib/python3.12/site-packages/airflow/example_dags/example_setup_teardown.py
[2024-07-17T14:11:51.649+0000] {processor.py:830} INFO - Processing file /home/airflow/.local/lib/python3.12/site-packages/airflow/example_dags/example_setup_teardown.py for tasks to queue
[2024-07-17T14:11:51.658+0000] {logging_mixin.py:188} INFO - [2024-07-17T14:11:51.653+0000] {dagbag.py:545} INFO - Filling up the DagBag from /home/airflow/.local/lib/python3.12/site-packages/airflow/example_dags/example_setup_teardown.py
[2024-07-17T14:11:51.679+0000] {processor.py:840} INFO - DAG(s) 'example_setup_teardown' retrieved from /home/airflow/.local/lib/python3.12/site-packages/airflow/example_dags/example_setup_teardown.py
[2024-07-17T14:11:51.756+0000] {logging_mixin.py:188} INFO - [2024-07-17T14:11:51.755+0000] {dag.py:3096} INFO - Sync 1 DAGs
[2024-07-17T14:11:51.834+0000] {logging_mixin.py:188} INFO - [2024-07-17T14:11:51.833+0000] {dag.py:3954} INFO - Setting next_dagrun for example_setup_teardown to 2024-07-16 00:00:00+00:00, run_after=2024-07-17 00:00:00+00:00
[2024-07-17T14:11:51.908+0000] {processor.py:183} INFO - Processing /home/airflow/.local/lib/python3.12/site-packages/airflow/example_dags/example_setup_teardown.py took 0.280 seconds
