[2024-07-17T10:31:50.554+0000] {processor.py:161} INFO - Started process (PID=59) to work on /home/airflow/.local/lib/python3.12/site-packages/airflow/example_dags/example_dag_decorator.py
[2024-07-17T10:31:50.555+0000] {processor.py:830} INFO - Processing file /home/airflow/.local/lib/python3.12/site-packages/airflow/example_dags/example_dag_decorator.py for tasks to queue
[2024-07-17T10:31:50.558+0000] {logging_mixin.py:188} INFO - [2024-07-17T10:31:50.558+0000] {dagbag.py:545} INFO - Filling up the DagBag from /home/airflow/.local/lib/python3.12/site-packages/airflow/example_dags/example_dag_decorator.py
[2024-07-17T10:31:50.885+0000] {processor.py:840} INFO - DAG(s) 'example_dag_decorator' retrieved from /home/airflow/.local/lib/python3.12/site-packages/airflow/example_dags/example_dag_decorator.py
[2024-07-17T10:31:51.043+0000] {logging_mixin.py:188} INFO - [2024-07-17T10:31:51.042+0000] {dag.py:3096} INFO - Sync 1 DAGs
[2024-07-17T10:31:51.056+0000] {logging_mixin.py:188} INFO - [2024-07-17T10:31:51.056+0000] {dag.py:3954} INFO - Setting next_dagrun for example_dag_decorator to None, run_after=None
[2024-07-17T10:31:51.104+0000] {processor.py:183} INFO - Processing /home/airflow/.local/lib/python3.12/site-packages/airflow/example_dags/example_dag_decorator.py took 0.560 seconds
[2024-07-17T10:32:21.187+0000] {processor.py:161} INFO - Started process (PID=121) to work on /home/airflow/.local/lib/python3.12/site-packages/airflow/example_dags/example_dag_decorator.py
[2024-07-17T10:32:21.189+0000] {processor.py:830} INFO - Processing file /home/airflow/.local/lib/python3.12/site-packages/airflow/example_dags/example_dag_decorator.py for tasks to queue
[2024-07-17T10:32:21.192+0000] {logging_mixin.py:188} INFO - [2024-07-17T10:32:21.191+0000] {dagbag.py:545} INFO - Filling up the DagBag from /home/airflow/.local/lib/python3.12/site-packages/airflow/example_dags/example_dag_decorator.py
[2024-07-17T10:32:21.391+0000] {processor.py:840} INFO - DAG(s) 'example_dag_decorator' retrieved from /home/airflow/.local/lib/python3.12/site-packages/airflow/example_dags/example_dag_decorator.py
[2024-07-17T10:32:21.402+0000] {logging_mixin.py:188} INFO - [2024-07-17T10:32:21.402+0000] {dag.py:3096} INFO - Sync 1 DAGs
[2024-07-17T10:32:21.420+0000] {logging_mixin.py:188} INFO - [2024-07-17T10:32:21.420+0000] {dag.py:3954} INFO - Setting next_dagrun for example_dag_decorator to None, run_after=None
[2024-07-17T10:32:21.454+0000] {processor.py:183} INFO - Processing /home/airflow/.local/lib/python3.12/site-packages/airflow/example_dags/example_dag_decorator.py took 0.277 seconds
[2024-07-17T10:32:52.141+0000] {processor.py:161} INFO - Started process (PID=179) to work on /home/airflow/.local/lib/python3.12/site-packages/airflow/example_dags/example_dag_decorator.py
[2024-07-17T10:32:52.142+0000] {processor.py:830} INFO - Processing file /home/airflow/.local/lib/python3.12/site-packages/airflow/example_dags/example_dag_decorator.py for tasks to queue
[2024-07-17T10:32:52.144+0000] {logging_mixin.py:188} INFO - [2024-07-17T10:32:52.144+0000] {dagbag.py:545} INFO - Filling up the DagBag from /home/airflow/.local/lib/python3.12/site-packages/airflow/example_dags/example_dag_decorator.py
[2024-07-17T10:32:52.245+0000] {processor.py:840} INFO - DAG(s) 'example_dag_decorator' retrieved from /home/airflow/.local/lib/python3.12/site-packages/airflow/example_dags/example_dag_decorator.py
[2024-07-17T10:32:52.377+0000] {logging_mixin.py:188} INFO - [2024-07-17T10:32:52.377+0000] {dag.py:3096} INFO - Sync 1 DAGs
[2024-07-17T10:32:52.391+0000] {logging_mixin.py:188} INFO - [2024-07-17T10:32:52.391+0000] {dag.py:3954} INFO - Setting next_dagrun for example_dag_decorator to None, run_after=None
[2024-07-17T10:32:52.418+0000] {processor.py:183} INFO - Processing /home/airflow/.local/lib/python3.12/site-packages/airflow/example_dags/example_dag_decorator.py took 0.284 seconds
[2024-07-17T10:33:23.103+0000] {processor.py:161} INFO - Started process (PID=239) to work on /home/airflow/.local/lib/python3.12/site-packages/airflow/example_dags/example_dag_decorator.py
[2024-07-17T10:33:23.104+0000] {processor.py:830} INFO - Processing file /home/airflow/.local/lib/python3.12/site-packages/airflow/example_dags/example_dag_decorator.py for tasks to queue
[2024-07-17T10:33:23.106+0000] {logging_mixin.py:188} INFO - [2024-07-17T10:33:23.105+0000] {dagbag.py:545} INFO - Filling up the DagBag from /home/airflow/.local/lib/python3.12/site-packages/airflow/example_dags/example_dag_decorator.py
[2024-07-17T10:33:23.253+0000] {processor.py:840} INFO - DAG(s) 'example_dag_decorator' retrieved from /home/airflow/.local/lib/python3.12/site-packages/airflow/example_dags/example_dag_decorator.py
[2024-07-17T10:33:23.414+0000] {logging_mixin.py:188} INFO - [2024-07-17T10:33:23.413+0000] {dag.py:3096} INFO - Sync 1 DAGs
[2024-07-17T10:33:23.430+0000] {logging_mixin.py:188} INFO - [2024-07-17T10:33:23.430+0000] {dag.py:3954} INFO - Setting next_dagrun for example_dag_decorator to None, run_after=None
[2024-07-17T10:33:23.457+0000] {processor.py:183} INFO - Processing /home/airflow/.local/lib/python3.12/site-packages/airflow/example_dags/example_dag_decorator.py took 0.361 seconds
[2024-07-17T10:33:53.752+0000] {processor.py:161} INFO - Started process (PID=305) to work on /home/airflow/.local/lib/python3.12/site-packages/airflow/example_dags/example_dag_decorator.py
[2024-07-17T10:33:53.754+0000] {processor.py:830} INFO - Processing file /home/airflow/.local/lib/python3.12/site-packages/airflow/example_dags/example_dag_decorator.py for tasks to queue
[2024-07-17T10:33:53.757+0000] {logging_mixin.py:188} INFO - [2024-07-17T10:33:53.757+0000] {dagbag.py:545} INFO - Filling up the DagBag from /home/airflow/.local/lib/python3.12/site-packages/airflow/example_dags/example_dag_decorator.py
[2024-07-17T10:33:53.992+0000] {processor.py:840} INFO - DAG(s) 'example_dag_decorator' retrieved from /home/airflow/.local/lib/python3.12/site-packages/airflow/example_dags/example_dag_decorator.py
[2024-07-17T10:33:54.307+0000] {logging_mixin.py:188} INFO - [2024-07-17T10:33:54.306+0000] {dag.py:3096} INFO - Sync 1 DAGs
[2024-07-17T10:33:54.332+0000] {logging_mixin.py:188} INFO - [2024-07-17T10:33:54.332+0000] {dag.py:3954} INFO - Setting next_dagrun for example_dag_decorator to None, run_after=None
[2024-07-17T10:33:54.373+0000] {processor.py:183} INFO - Processing /home/airflow/.local/lib/python3.12/site-packages/airflow/example_dags/example_dag_decorator.py took 0.633 seconds
[2024-07-17T10:34:24.445+0000] {processor.py:161} INFO - Started process (PID=366) to work on /home/airflow/.local/lib/python3.12/site-packages/airflow/example_dags/example_dag_decorator.py
[2024-07-17T10:34:24.448+0000] {processor.py:830} INFO - Processing file /home/airflow/.local/lib/python3.12/site-packages/airflow/example_dags/example_dag_decorator.py for tasks to queue
[2024-07-17T10:34:24.453+0000] {logging_mixin.py:188} INFO - [2024-07-17T10:34:24.452+0000] {dagbag.py:545} INFO - Filling up the DagBag from /home/airflow/.local/lib/python3.12/site-packages/airflow/example_dags/example_dag_decorator.py
[2024-07-17T10:34:24.661+0000] {processor.py:840} INFO - DAG(s) 'example_dag_decorator' retrieved from /home/airflow/.local/lib/python3.12/site-packages/airflow/example_dags/example_dag_decorator.py
[2024-07-17T10:34:24.811+0000] {logging_mixin.py:188} INFO - [2024-07-17T10:34:24.810+0000] {dag.py:3096} INFO - Sync 1 DAGs
[2024-07-17T10:34:24.825+0000] {logging_mixin.py:188} INFO - [2024-07-17T10:34:24.824+0000] {dag.py:3954} INFO - Setting next_dagrun for example_dag_decorator to None, run_after=None
[2024-07-17T10:34:24.850+0000] {processor.py:183} INFO - Processing /home/airflow/.local/lib/python3.12/site-packages/airflow/example_dags/example_dag_decorator.py took 0.414 seconds
[2024-07-17T10:34:55.452+0000] {processor.py:161} INFO - Started process (PID=426) to work on /home/airflow/.local/lib/python3.12/site-packages/airflow/example_dags/example_dag_decorator.py
[2024-07-17T10:34:55.453+0000] {processor.py:830} INFO - Processing file /home/airflow/.local/lib/python3.12/site-packages/airflow/example_dags/example_dag_decorator.py for tasks to queue
[2024-07-17T10:34:55.456+0000] {logging_mixin.py:188} INFO - [2024-07-17T10:34:55.456+0000] {dagbag.py:545} INFO - Filling up the DagBag from /home/airflow/.local/lib/python3.12/site-packages/airflow/example_dags/example_dag_decorator.py
[2024-07-17T10:34:55.642+0000] {processor.py:840} INFO - DAG(s) 'example_dag_decorator' retrieved from /home/airflow/.local/lib/python3.12/site-packages/airflow/example_dags/example_dag_decorator.py
[2024-07-17T10:34:55.782+0000] {logging_mixin.py:188} INFO - [2024-07-17T10:34:55.782+0000] {dag.py:3096} INFO - Sync 1 DAGs
[2024-07-17T10:34:55.794+0000] {logging_mixin.py:188} INFO - [2024-07-17T10:34:55.793+0000] {dag.py:3954} INFO - Setting next_dagrun for example_dag_decorator to None, run_after=None
[2024-07-17T10:34:55.817+0000] {processor.py:183} INFO - Processing /home/airflow/.local/lib/python3.12/site-packages/airflow/example_dags/example_dag_decorator.py took 0.377 seconds
[2024-07-17T10:35:26.092+0000] {processor.py:161} INFO - Started process (PID=485) to work on /home/airflow/.local/lib/python3.12/site-packages/airflow/example_dags/example_dag_decorator.py
[2024-07-17T10:35:26.094+0000] {processor.py:830} INFO - Processing file /home/airflow/.local/lib/python3.12/site-packages/airflow/example_dags/example_dag_decorator.py for tasks to queue
[2024-07-17T10:35:26.097+0000] {logging_mixin.py:188} INFO - [2024-07-17T10:35:26.097+0000] {dagbag.py:545} INFO - Filling up the DagBag from /home/airflow/.local/lib/python3.12/site-packages/airflow/example_dags/example_dag_decorator.py
[2024-07-17T10:35:26.367+0000] {processor.py:840} INFO - DAG(s) 'example_dag_decorator' retrieved from /home/airflow/.local/lib/python3.12/site-packages/airflow/example_dags/example_dag_decorator.py
[2024-07-17T10:35:26.590+0000] {logging_mixin.py:188} INFO - [2024-07-17T10:35:26.590+0000] {dag.py:3096} INFO - Sync 1 DAGs
[2024-07-17T10:35:26.624+0000] {logging_mixin.py:188} INFO - [2024-07-17T10:35:26.624+0000] {dag.py:3954} INFO - Setting next_dagrun for example_dag_decorator to None, run_after=None
[2024-07-17T10:35:26.652+0000] {processor.py:183} INFO - Processing /home/airflow/.local/lib/python3.12/site-packages/airflow/example_dags/example_dag_decorator.py took 0.568 seconds
[2024-07-17T10:35:57.214+0000] {processor.py:161} INFO - Started process (PID=546) to work on /home/airflow/.local/lib/python3.12/site-packages/airflow/example_dags/example_dag_decorator.py
[2024-07-17T10:35:57.216+0000] {processor.py:830} INFO - Processing file /home/airflow/.local/lib/python3.12/site-packages/airflow/example_dags/example_dag_decorator.py for tasks to queue
[2024-07-17T10:35:57.219+0000] {logging_mixin.py:188} INFO - [2024-07-17T10:35:57.218+0000] {dagbag.py:545} INFO - Filling up the DagBag from /home/airflow/.local/lib/python3.12/site-packages/airflow/example_dags/example_dag_decorator.py
[2024-07-17T10:35:57.426+0000] {processor.py:840} INFO - DAG(s) 'example_dag_decorator' retrieved from /home/airflow/.local/lib/python3.12/site-packages/airflow/example_dags/example_dag_decorator.py
[2024-07-17T10:35:57.624+0000] {logging_mixin.py:188} INFO - [2024-07-17T10:35:57.623+0000] {dag.py:3096} INFO - Sync 1 DAGs
[2024-07-17T10:35:57.640+0000] {logging_mixin.py:188} INFO - [2024-07-17T10:35:57.640+0000] {dag.py:3954} INFO - Setting next_dagrun for example_dag_decorator to None, run_after=None
[2024-07-17T10:35:57.878+0000] {processor.py:183} INFO - Processing /home/airflow/.local/lib/python3.12/site-packages/airflow/example_dags/example_dag_decorator.py took 0.675 seconds
[2024-07-17T10:36:28.198+0000] {processor.py:161} INFO - Started process (PID=605) to work on /home/airflow/.local/lib/python3.12/site-packages/airflow/example_dags/example_dag_decorator.py
[2024-07-17T10:36:28.199+0000] {processor.py:830} INFO - Processing file /home/airflow/.local/lib/python3.12/site-packages/airflow/example_dags/example_dag_decorator.py for tasks to queue
[2024-07-17T10:36:28.202+0000] {logging_mixin.py:188} INFO - [2024-07-17T10:36:28.201+0000] {dagbag.py:545} INFO - Filling up the DagBag from /home/airflow/.local/lib/python3.12/site-packages/airflow/example_dags/example_dag_decorator.py
[2024-07-17T10:36:28.379+0000] {processor.py:840} INFO - DAG(s) 'example_dag_decorator' retrieved from /home/airflow/.local/lib/python3.12/site-packages/airflow/example_dags/example_dag_decorator.py
[2024-07-17T10:36:28.412+0000] {logging_mixin.py:188} INFO - [2024-07-17T10:36:28.411+0000] {dag.py:3096} INFO - Sync 1 DAGs
[2024-07-17T10:36:28.430+0000] {logging_mixin.py:188} INFO - [2024-07-17T10:36:28.430+0000] {dag.py:3954} INFO - Setting next_dagrun for example_dag_decorator to None, run_after=None
[2024-07-17T10:36:28.468+0000] {processor.py:183} INFO - Processing /home/airflow/.local/lib/python3.12/site-packages/airflow/example_dags/example_dag_decorator.py took 0.278 seconds
[2024-07-17T13:41:24.895+0000] {processor.py:161} INFO - Started process (PID=59) to work on /home/airflow/.local/lib/python3.12/site-packages/airflow/example_dags/example_dag_decorator.py
[2024-07-17T13:41:24.941+0000] {processor.py:830} INFO - Processing file /home/airflow/.local/lib/python3.12/site-packages/airflow/example_dags/example_dag_decorator.py for tasks to queue
[2024-07-17T13:41:24.972+0000] {logging_mixin.py:188} INFO - [2024-07-17T13:41:24.968+0000] {dagbag.py:545} INFO - Filling up the DagBag from /home/airflow/.local/lib/python3.12/site-packages/airflow/example_dags/example_dag_decorator.py
[2024-07-17T13:41:26.283+0000] {processor.py:840} INFO - DAG(s) 'example_dag_decorator' retrieved from /home/airflow/.local/lib/python3.12/site-packages/airflow/example_dags/example_dag_decorator.py
[2024-07-17T13:41:27.103+0000] {logging_mixin.py:188} INFO - [2024-07-17T13:41:27.103+0000] {dag.py:3096} INFO - Sync 1 DAGs
[2024-07-17T13:41:27.133+0000] {logging_mixin.py:188} INFO - [2024-07-17T13:41:27.132+0000] {dag.py:3954} INFO - Setting next_dagrun for example_dag_decorator to None, run_after=None
[2024-07-17T13:41:27.213+0000] {processor.py:183} INFO - Processing /home/airflow/.local/lib/python3.12/site-packages/airflow/example_dags/example_dag_decorator.py took 2.569 seconds
[2024-07-17T13:41:57.709+0000] {processor.py:161} INFO - Started process (PID=119) to work on /home/airflow/.local/lib/python3.12/site-packages/airflow/example_dags/example_dag_decorator.py
[2024-07-17T13:41:57.710+0000] {processor.py:830} INFO - Processing file /home/airflow/.local/lib/python3.12/site-packages/airflow/example_dags/example_dag_decorator.py for tasks to queue
[2024-07-17T13:41:57.713+0000] {logging_mixin.py:188} INFO - [2024-07-17T13:41:57.712+0000] {dagbag.py:545} INFO - Filling up the DagBag from /home/airflow/.local/lib/python3.12/site-packages/airflow/example_dags/example_dag_decorator.py
[2024-07-17T13:41:57.888+0000] {processor.py:840} INFO - DAG(s) 'example_dag_decorator' retrieved from /home/airflow/.local/lib/python3.12/site-packages/airflow/example_dags/example_dag_decorator.py
[2024-07-17T13:41:58.058+0000] {logging_mixin.py:188} INFO - [2024-07-17T13:41:58.058+0000] {dag.py:3096} INFO - Sync 1 DAGs
[2024-07-17T13:41:58.075+0000] {logging_mixin.py:188} INFO - [2024-07-17T13:41:58.075+0000] {dag.py:3954} INFO - Setting next_dagrun for example_dag_decorator to None, run_after=None
[2024-07-17T13:41:58.098+0000] {processor.py:183} INFO - Processing /home/airflow/.local/lib/python3.12/site-packages/airflow/example_dags/example_dag_decorator.py took 0.398 seconds
[2024-07-17T13:42:28.381+0000] {processor.py:161} INFO - Started process (PID=185) to work on /home/airflow/.local/lib/python3.12/site-packages/airflow/example_dags/example_dag_decorator.py
[2024-07-17T13:42:28.382+0000] {processor.py:830} INFO - Processing file /home/airflow/.local/lib/python3.12/site-packages/airflow/example_dags/example_dag_decorator.py for tasks to queue
[2024-07-17T13:42:28.385+0000] {logging_mixin.py:188} INFO - [2024-07-17T13:42:28.385+0000] {dagbag.py:545} INFO - Filling up the DagBag from /home/airflow/.local/lib/python3.12/site-packages/airflow/example_dags/example_dag_decorator.py
[2024-07-17T13:42:28.523+0000] {processor.py:840} INFO - DAG(s) 'example_dag_decorator' retrieved from /home/airflow/.local/lib/python3.12/site-packages/airflow/example_dags/example_dag_decorator.py
[2024-07-17T13:42:28.650+0000] {logging_mixin.py:188} INFO - [2024-07-17T13:42:28.650+0000] {dag.py:3096} INFO - Sync 1 DAGs
[2024-07-17T13:42:28.668+0000] {logging_mixin.py:188} INFO - [2024-07-17T13:42:28.667+0000] {dag.py:3954} INFO - Setting next_dagrun for example_dag_decorator to None, run_after=None
[2024-07-17T13:42:28.691+0000] {processor.py:183} INFO - Processing /home/airflow/.local/lib/python3.12/site-packages/airflow/example_dags/example_dag_decorator.py took 0.318 seconds
[2024-07-17T13:42:59.022+0000] {processor.py:161} INFO - Started process (PID=245) to work on /home/airflow/.local/lib/python3.12/site-packages/airflow/example_dags/example_dag_decorator.py
[2024-07-17T13:42:59.023+0000] {processor.py:830} INFO - Processing file /home/airflow/.local/lib/python3.12/site-packages/airflow/example_dags/example_dag_decorator.py for tasks to queue
[2024-07-17T13:42:59.025+0000] {logging_mixin.py:188} INFO - [2024-07-17T13:42:59.024+0000] {dagbag.py:545} INFO - Filling up the DagBag from /home/airflow/.local/lib/python3.12/site-packages/airflow/example_dags/example_dag_decorator.py
[2024-07-17T13:42:59.127+0000] {processor.py:840} INFO - DAG(s) 'example_dag_decorator' retrieved from /home/airflow/.local/lib/python3.12/site-packages/airflow/example_dags/example_dag_decorator.py
[2024-07-17T13:42:59.246+0000] {logging_mixin.py:188} INFO - [2024-07-17T13:42:59.245+0000] {dag.py:3096} INFO - Sync 1 DAGs
[2024-07-17T13:42:59.260+0000] {logging_mixin.py:188} INFO - [2024-07-17T13:42:59.259+0000] {dag.py:3954} INFO - Setting next_dagrun for example_dag_decorator to None, run_after=None
[2024-07-17T13:42:59.284+0000] {processor.py:183} INFO - Processing /home/airflow/.local/lib/python3.12/site-packages/airflow/example_dags/example_dag_decorator.py took 0.266 seconds
[2024-07-17T13:43:29.802+0000] {processor.py:161} INFO - Started process (PID=305) to work on /home/airflow/.local/lib/python3.12/site-packages/airflow/example_dags/example_dag_decorator.py
[2024-07-17T13:43:29.804+0000] {processor.py:830} INFO - Processing file /home/airflow/.local/lib/python3.12/site-packages/airflow/example_dags/example_dag_decorator.py for tasks to queue
[2024-07-17T13:43:29.807+0000] {logging_mixin.py:188} INFO - [2024-07-17T13:43:29.806+0000] {dagbag.py:545} INFO - Filling up the DagBag from /home/airflow/.local/lib/python3.12/site-packages/airflow/example_dags/example_dag_decorator.py
[2024-07-17T13:43:30.041+0000] {processor.py:840} INFO - DAG(s) 'example_dag_decorator' retrieved from /home/airflow/.local/lib/python3.12/site-packages/airflow/example_dags/example_dag_decorator.py
[2024-07-17T13:43:30.204+0000] {logging_mixin.py:188} INFO - [2024-07-17T13:43:30.204+0000] {dag.py:3096} INFO - Sync 1 DAGs
[2024-07-17T13:43:30.220+0000] {logging_mixin.py:188} INFO - [2024-07-17T13:43:30.220+0000] {dag.py:3954} INFO - Setting next_dagrun for example_dag_decorator to None, run_after=None
[2024-07-17T13:43:30.248+0000] {processor.py:183} INFO - Processing /home/airflow/.local/lib/python3.12/site-packages/airflow/example_dags/example_dag_decorator.py took 0.457 seconds
[2024-07-17T13:44:00.324+0000] {processor.py:161} INFO - Started process (PID=367) to work on /home/airflow/.local/lib/python3.12/site-packages/airflow/example_dags/example_dag_decorator.py
[2024-07-17T13:44:00.325+0000] {processor.py:830} INFO - Processing file /home/airflow/.local/lib/python3.12/site-packages/airflow/example_dags/example_dag_decorator.py for tasks to queue
[2024-07-17T13:44:00.327+0000] {logging_mixin.py:188} INFO - [2024-07-17T13:44:00.326+0000] {dagbag.py:545} INFO - Filling up the DagBag from /home/airflow/.local/lib/python3.12/site-packages/airflow/example_dags/example_dag_decorator.py
[2024-07-17T13:44:00.452+0000] {processor.py:840} INFO - DAG(s) 'example_dag_decorator' retrieved from /home/airflow/.local/lib/python3.12/site-packages/airflow/example_dags/example_dag_decorator.py
[2024-07-17T13:44:00.565+0000] {logging_mixin.py:188} INFO - [2024-07-17T13:44:00.564+0000] {dag.py:3096} INFO - Sync 1 DAGs
[2024-07-17T13:44:00.577+0000] {logging_mixin.py:188} INFO - [2024-07-17T13:44:00.577+0000] {dag.py:3954} INFO - Setting next_dagrun for example_dag_decorator to None, run_after=None
[2024-07-17T13:44:00.600+0000] {processor.py:183} INFO - Processing /home/airflow/.local/lib/python3.12/site-packages/airflow/example_dags/example_dag_decorator.py took 0.282 seconds
[2024-07-17T13:44:31.454+0000] {processor.py:161} INFO - Started process (PID=427) to work on /home/airflow/.local/lib/python3.12/site-packages/airflow/example_dags/example_dag_decorator.py
[2024-07-17T13:44:31.456+0000] {processor.py:830} INFO - Processing file /home/airflow/.local/lib/python3.12/site-packages/airflow/example_dags/example_dag_decorator.py for tasks to queue
[2024-07-17T13:44:31.460+0000] {logging_mixin.py:188} INFO - [2024-07-17T13:44:31.459+0000] {dagbag.py:545} INFO - Filling up the DagBag from /home/airflow/.local/lib/python3.12/site-packages/airflow/example_dags/example_dag_decorator.py
[2024-07-17T13:44:31.622+0000] {processor.py:840} INFO - DAG(s) 'example_dag_decorator' retrieved from /home/airflow/.local/lib/python3.12/site-packages/airflow/example_dags/example_dag_decorator.py
[2024-07-17T13:44:31.808+0000] {logging_mixin.py:188} INFO - [2024-07-17T13:44:31.808+0000] {dag.py:3096} INFO - Sync 1 DAGs
[2024-07-17T13:44:31.827+0000] {logging_mixin.py:188} INFO - [2024-07-17T13:44:31.827+0000] {dag.py:3954} INFO - Setting next_dagrun for example_dag_decorator to None, run_after=None
[2024-07-17T13:44:31.855+0000] {processor.py:183} INFO - Processing /home/airflow/.local/lib/python3.12/site-packages/airflow/example_dags/example_dag_decorator.py took 0.409 seconds
[2024-07-17T13:45:01.933+0000] {processor.py:161} INFO - Started process (PID=489) to work on /home/airflow/.local/lib/python3.12/site-packages/airflow/example_dags/example_dag_decorator.py
[2024-07-17T13:45:01.935+0000] {processor.py:830} INFO - Processing file /home/airflow/.local/lib/python3.12/site-packages/airflow/example_dags/example_dag_decorator.py for tasks to queue
[2024-07-17T13:45:01.937+0000] {logging_mixin.py:188} INFO - [2024-07-17T13:45:01.937+0000] {dagbag.py:545} INFO - Filling up the DagBag from /home/airflow/.local/lib/python3.12/site-packages/airflow/example_dags/example_dag_decorator.py
[2024-07-17T13:45:02.098+0000] {processor.py:840} INFO - DAG(s) 'example_dag_decorator' retrieved from /home/airflow/.local/lib/python3.12/site-packages/airflow/example_dags/example_dag_decorator.py
[2024-07-17T13:45:02.256+0000] {logging_mixin.py:188} INFO - [2024-07-17T13:45:02.255+0000] {dag.py:3096} INFO - Sync 1 DAGs
[2024-07-17T13:45:02.271+0000] {logging_mixin.py:188} INFO - [2024-07-17T13:45:02.271+0000] {dag.py:3954} INFO - Setting next_dagrun for example_dag_decorator to None, run_after=None
[2024-07-17T13:45:02.297+0000] {processor.py:183} INFO - Processing /home/airflow/.local/lib/python3.12/site-packages/airflow/example_dags/example_dag_decorator.py took 0.372 seconds
[2024-07-17T13:45:32.376+0000] {processor.py:161} INFO - Started process (PID=551) to work on /home/airflow/.local/lib/python3.12/site-packages/airflow/example_dags/example_dag_decorator.py
[2024-07-17T13:45:32.377+0000] {processor.py:830} INFO - Processing file /home/airflow/.local/lib/python3.12/site-packages/airflow/example_dags/example_dag_decorator.py for tasks to queue
[2024-07-17T13:45:32.378+0000] {logging_mixin.py:188} INFO - [2024-07-17T13:45:32.378+0000] {dagbag.py:545} INFO - Filling up the DagBag from /home/airflow/.local/lib/python3.12/site-packages/airflow/example_dags/example_dag_decorator.py
[2024-07-17T13:45:32.480+0000] {processor.py:840} INFO - DAG(s) 'example_dag_decorator' retrieved from /home/airflow/.local/lib/python3.12/site-packages/airflow/example_dags/example_dag_decorator.py
[2024-07-17T13:45:32.580+0000] {logging_mixin.py:188} INFO - [2024-07-17T13:45:32.579+0000] {dag.py:3096} INFO - Sync 1 DAGs
[2024-07-17T13:45:32.589+0000] {logging_mixin.py:188} INFO - [2024-07-17T13:45:32.589+0000] {dag.py:3954} INFO - Setting next_dagrun for example_dag_decorator to None, run_after=None
[2024-07-17T13:45:32.617+0000] {processor.py:183} INFO - Processing /home/airflow/.local/lib/python3.12/site-packages/airflow/example_dags/example_dag_decorator.py took 0.247 seconds
[2024-07-17T13:46:02.836+0000] {processor.py:161} INFO - Started process (PID=607) to work on /home/airflow/.local/lib/python3.12/site-packages/airflow/example_dags/example_dag_decorator.py
[2024-07-17T13:46:02.837+0000] {processor.py:830} INFO - Processing file /home/airflow/.local/lib/python3.12/site-packages/airflow/example_dags/example_dag_decorator.py for tasks to queue
[2024-07-17T13:46:02.839+0000] {logging_mixin.py:188} INFO - [2024-07-17T13:46:02.839+0000] {dagbag.py:545} INFO - Filling up the DagBag from /home/airflow/.local/lib/python3.12/site-packages/airflow/example_dags/example_dag_decorator.py
[2024-07-17T13:46:03.010+0000] {processor.py:840} INFO - DAG(s) 'example_dag_decorator' retrieved from /home/airflow/.local/lib/python3.12/site-packages/airflow/example_dags/example_dag_decorator.py
[2024-07-17T13:46:03.133+0000] {logging_mixin.py:188} INFO - [2024-07-17T13:46:03.133+0000] {dag.py:3096} INFO - Sync 1 DAGs
[2024-07-17T13:46:03.146+0000] {logging_mixin.py:188} INFO - [2024-07-17T13:46:03.146+0000] {dag.py:3954} INFO - Setting next_dagrun for example_dag_decorator to None, run_after=None
[2024-07-17T13:46:03.169+0000] {processor.py:183} INFO - Processing /home/airflow/.local/lib/python3.12/site-packages/airflow/example_dags/example_dag_decorator.py took 0.342 seconds
[2024-07-17T13:46:33.716+0000] {processor.py:161} INFO - Started process (PID=667) to work on /home/airflow/.local/lib/python3.12/site-packages/airflow/example_dags/example_dag_decorator.py
[2024-07-17T13:46:33.724+0000] {processor.py:830} INFO - Processing file /home/airflow/.local/lib/python3.12/site-packages/airflow/example_dags/example_dag_decorator.py for tasks to queue
[2024-07-17T13:46:33.728+0000] {logging_mixin.py:188} INFO - [2024-07-17T13:46:33.728+0000] {dagbag.py:545} INFO - Filling up the DagBag from /home/airflow/.local/lib/python3.12/site-packages/airflow/example_dags/example_dag_decorator.py
[2024-07-17T13:46:33.930+0000] {processor.py:840} INFO - DAG(s) 'example_dag_decorator' retrieved from /home/airflow/.local/lib/python3.12/site-packages/airflow/example_dags/example_dag_decorator.py
[2024-07-17T13:46:34.196+0000] {logging_mixin.py:188} INFO - [2024-07-17T13:46:34.195+0000] {dag.py:3096} INFO - Sync 1 DAGs
[2024-07-17T13:46:34.213+0000] {logging_mixin.py:188} INFO - [2024-07-17T13:46:34.213+0000] {dag.py:3954} INFO - Setting next_dagrun for example_dag_decorator to None, run_after=None
[2024-07-17T13:46:34.260+0000] {processor.py:183} INFO - Processing /home/airflow/.local/lib/python3.12/site-packages/airflow/example_dags/example_dag_decorator.py took 0.551 seconds
[2024-07-17T13:47:04.356+0000] {processor.py:161} INFO - Started process (PID=727) to work on /home/airflow/.local/lib/python3.12/site-packages/airflow/example_dags/example_dag_decorator.py
[2024-07-17T13:47:04.357+0000] {processor.py:830} INFO - Processing file /home/airflow/.local/lib/python3.12/site-packages/airflow/example_dags/example_dag_decorator.py for tasks to queue
[2024-07-17T13:47:04.359+0000] {logging_mixin.py:188} INFO - [2024-07-17T13:47:04.359+0000] {dagbag.py:545} INFO - Filling up the DagBag from /home/airflow/.local/lib/python3.12/site-packages/airflow/example_dags/example_dag_decorator.py
[2024-07-17T13:47:04.523+0000] {processor.py:840} INFO - DAG(s) 'example_dag_decorator' retrieved from /home/airflow/.local/lib/python3.12/site-packages/airflow/example_dags/example_dag_decorator.py
[2024-07-17T13:47:04.844+0000] {logging_mixin.py:188} INFO - [2024-07-17T13:47:04.843+0000] {dag.py:3096} INFO - Sync 1 DAGs
[2024-07-17T13:47:04.859+0000] {logging_mixin.py:188} INFO - [2024-07-17T13:47:04.859+0000] {dag.py:3954} INFO - Setting next_dagrun for example_dag_decorator to None, run_after=None
[2024-07-17T13:47:04.884+0000] {processor.py:183} INFO - Processing /home/airflow/.local/lib/python3.12/site-packages/airflow/example_dags/example_dag_decorator.py took 0.536 seconds
[2024-07-17T13:47:35.014+0000] {processor.py:161} INFO - Started process (PID=791) to work on /home/airflow/.local/lib/python3.12/site-packages/airflow/example_dags/example_dag_decorator.py
[2024-07-17T13:47:35.015+0000] {processor.py:830} INFO - Processing file /home/airflow/.local/lib/python3.12/site-packages/airflow/example_dags/example_dag_decorator.py for tasks to queue
[2024-07-17T13:47:35.017+0000] {logging_mixin.py:188} INFO - [2024-07-17T13:47:35.017+0000] {dagbag.py:545} INFO - Filling up the DagBag from /home/airflow/.local/lib/python3.12/site-packages/airflow/example_dags/example_dag_decorator.py
[2024-07-17T13:47:35.122+0000] {processor.py:840} INFO - DAG(s) 'example_dag_decorator' retrieved from /home/airflow/.local/lib/python3.12/site-packages/airflow/example_dags/example_dag_decorator.py
[2024-07-17T13:47:35.221+0000] {logging_mixin.py:188} INFO - [2024-07-17T13:47:35.221+0000] {dag.py:3096} INFO - Sync 1 DAGs
[2024-07-17T13:47:35.376+0000] {logging_mixin.py:188} INFO - [2024-07-17T13:47:35.375+0000] {dag.py:3954} INFO - Setting next_dagrun for example_dag_decorator to None, run_after=None
[2024-07-17T13:47:35.399+0000] {processor.py:183} INFO - Processing /home/airflow/.local/lib/python3.12/site-packages/airflow/example_dags/example_dag_decorator.py took 0.390 seconds
[2024-07-17T13:48:06.108+0000] {processor.py:161} INFO - Started process (PID=851) to work on /home/airflow/.local/lib/python3.12/site-packages/airflow/example_dags/example_dag_decorator.py
[2024-07-17T13:48:06.109+0000] {processor.py:830} INFO - Processing file /home/airflow/.local/lib/python3.12/site-packages/airflow/example_dags/example_dag_decorator.py for tasks to queue
[2024-07-17T13:48:06.112+0000] {logging_mixin.py:188} INFO - [2024-07-17T13:48:06.111+0000] {dagbag.py:545} INFO - Filling up the DagBag from /home/airflow/.local/lib/python3.12/site-packages/airflow/example_dags/example_dag_decorator.py
[2024-07-17T13:48:06.269+0000] {processor.py:840} INFO - DAG(s) 'example_dag_decorator' retrieved from /home/airflow/.local/lib/python3.12/site-packages/airflow/example_dags/example_dag_decorator.py
[2024-07-17T13:48:06.306+0000] {logging_mixin.py:188} INFO - [2024-07-17T13:48:06.305+0000] {dag.py:3096} INFO - Sync 1 DAGs
[2024-07-17T13:48:06.326+0000] {logging_mixin.py:188} INFO - [2024-07-17T13:48:06.326+0000] {dag.py:3954} INFO - Setting next_dagrun for example_dag_decorator to None, run_after=None
[2024-07-17T13:48:06.352+0000] {processor.py:183} INFO - Processing /home/airflow/.local/lib/python3.12/site-packages/airflow/example_dags/example_dag_decorator.py took 0.250 seconds
[2024-07-17T13:48:36.741+0000] {processor.py:161} INFO - Started process (PID=911) to work on /home/airflow/.local/lib/python3.12/site-packages/airflow/example_dags/example_dag_decorator.py
[2024-07-17T13:48:36.742+0000] {processor.py:830} INFO - Processing file /home/airflow/.local/lib/python3.12/site-packages/airflow/example_dags/example_dag_decorator.py for tasks to queue
[2024-07-17T13:48:36.745+0000] {logging_mixin.py:188} INFO - [2024-07-17T13:48:36.744+0000] {dagbag.py:545} INFO - Filling up the DagBag from /home/airflow/.local/lib/python3.12/site-packages/airflow/example_dags/example_dag_decorator.py
[2024-07-17T13:48:36.909+0000] {processor.py:840} INFO - DAG(s) 'example_dag_decorator' retrieved from /home/airflow/.local/lib/python3.12/site-packages/airflow/example_dags/example_dag_decorator.py
[2024-07-17T13:48:36.947+0000] {logging_mixin.py:188} INFO - [2024-07-17T13:48:36.946+0000] {dag.py:3096} INFO - Sync 1 DAGs
[2024-07-17T13:48:36.967+0000] {logging_mixin.py:188} INFO - [2024-07-17T13:48:36.966+0000] {dag.py:3954} INFO - Setting next_dagrun for example_dag_decorator to None, run_after=None
[2024-07-17T13:48:36.994+0000] {processor.py:183} INFO - Processing /home/airflow/.local/lib/python3.12/site-packages/airflow/example_dags/example_dag_decorator.py took 0.259 seconds
[2024-07-17T13:49:07.211+0000] {processor.py:161} INFO - Started process (PID=971) to work on /home/airflow/.local/lib/python3.12/site-packages/airflow/example_dags/example_dag_decorator.py
[2024-07-17T13:49:07.212+0000] {processor.py:830} INFO - Processing file /home/airflow/.local/lib/python3.12/site-packages/airflow/example_dags/example_dag_decorator.py for tasks to queue
[2024-07-17T13:49:07.214+0000] {logging_mixin.py:188} INFO - [2024-07-17T13:49:07.213+0000] {dagbag.py:545} INFO - Filling up the DagBag from /home/airflow/.local/lib/python3.12/site-packages/airflow/example_dags/example_dag_decorator.py
[2024-07-17T13:49:07.313+0000] {processor.py:840} INFO - DAG(s) 'example_dag_decorator' retrieved from /home/airflow/.local/lib/python3.12/site-packages/airflow/example_dags/example_dag_decorator.py
[2024-07-17T13:49:07.530+0000] {logging_mixin.py:188} INFO - [2024-07-17T13:49:07.529+0000] {dag.py:3096} INFO - Sync 1 DAGs
[2024-07-17T13:49:07.539+0000] {logging_mixin.py:188} INFO - [2024-07-17T13:49:07.539+0000] {dag.py:3954} INFO - Setting next_dagrun for example_dag_decorator to None, run_after=None
[2024-07-17T13:49:07.556+0000] {processor.py:183} INFO - Processing /home/airflow/.local/lib/python3.12/site-packages/airflow/example_dags/example_dag_decorator.py took 0.350 seconds
[2024-07-17T13:49:37.695+0000] {processor.py:161} INFO - Started process (PID=1034) to work on /home/airflow/.local/lib/python3.12/site-packages/airflow/example_dags/example_dag_decorator.py
[2024-07-17T13:49:37.697+0000] {processor.py:830} INFO - Processing file /home/airflow/.local/lib/python3.12/site-packages/airflow/example_dags/example_dag_decorator.py for tasks to queue
[2024-07-17T13:49:37.699+0000] {logging_mixin.py:188} INFO - [2024-07-17T13:49:37.699+0000] {dagbag.py:545} INFO - Filling up the DagBag from /home/airflow/.local/lib/python3.12/site-packages/airflow/example_dags/example_dag_decorator.py
[2024-07-17T13:49:37.861+0000] {processor.py:840} INFO - DAG(s) 'example_dag_decorator' retrieved from /home/airflow/.local/lib/python3.12/site-packages/airflow/example_dags/example_dag_decorator.py
[2024-07-17T13:49:37.884+0000] {logging_mixin.py:188} INFO - [2024-07-17T13:49:37.884+0000] {dag.py:3096} INFO - Sync 1 DAGs
[2024-07-17T13:49:37.897+0000] {logging_mixin.py:188} INFO - [2024-07-17T13:49:37.896+0000] {dag.py:3954} INFO - Setting next_dagrun for example_dag_decorator to None, run_after=None
[2024-07-17T13:49:37.915+0000] {processor.py:183} INFO - Processing /home/airflow/.local/lib/python3.12/site-packages/airflow/example_dags/example_dag_decorator.py took 0.227 seconds
[2024-07-17T13:50:08.060+0000] {processor.py:161} INFO - Started process (PID=1094) to work on /home/airflow/.local/lib/python3.12/site-packages/airflow/example_dags/example_dag_decorator.py
[2024-07-17T13:50:08.061+0000] {processor.py:830} INFO - Processing file /home/airflow/.local/lib/python3.12/site-packages/airflow/example_dags/example_dag_decorator.py for tasks to queue
[2024-07-17T13:50:08.062+0000] {logging_mixin.py:188} INFO - [2024-07-17T13:50:08.062+0000] {dagbag.py:545} INFO - Filling up the DagBag from /home/airflow/.local/lib/python3.12/site-packages/airflow/example_dags/example_dag_decorator.py
[2024-07-17T13:50:08.176+0000] {processor.py:840} INFO - DAG(s) 'example_dag_decorator' retrieved from /home/airflow/.local/lib/python3.12/site-packages/airflow/example_dags/example_dag_decorator.py
[2024-07-17T13:50:08.400+0000] {logging_mixin.py:188} INFO - [2024-07-17T13:50:08.399+0000] {dag.py:3096} INFO - Sync 1 DAGs
[2024-07-17T13:50:08.410+0000] {logging_mixin.py:188} INFO - [2024-07-17T13:50:08.410+0000] {dag.py:3954} INFO - Setting next_dagrun for example_dag_decorator to None, run_after=None
[2024-07-17T13:50:08.430+0000] {processor.py:183} INFO - Processing /home/airflow/.local/lib/python3.12/site-packages/airflow/example_dags/example_dag_decorator.py took 0.375 seconds
[2024-07-17T13:51:31.498+0000] {processor.py:161} INFO - Started process (PID=1177) to work on /home/airflow/.local/lib/python3.12/site-packages/airflow/example_dags/example_dag_decorator.py
[2024-07-17T13:51:31.499+0000] {processor.py:830} INFO - Processing file /home/airflow/.local/lib/python3.12/site-packages/airflow/example_dags/example_dag_decorator.py for tasks to queue
[2024-07-17T13:51:31.501+0000] {logging_mixin.py:188} INFO - [2024-07-17T13:51:31.501+0000] {dagbag.py:545} INFO - Filling up the DagBag from /home/airflow/.local/lib/python3.12/site-packages/airflow/example_dags/example_dag_decorator.py
[2024-07-17T13:51:31.660+0000] {processor.py:840} INFO - DAG(s) 'example_dag_decorator' retrieved from /home/airflow/.local/lib/python3.12/site-packages/airflow/example_dags/example_dag_decorator.py
[2024-07-17T13:51:32.515+0000] {logging_mixin.py:188} INFO - [2024-07-17T13:51:32.514+0000] {dag.py:3096} INFO - Sync 1 DAGs
[2024-07-17T13:51:32.541+0000] {logging_mixin.py:188} INFO - [2024-07-17T13:51:32.540+0000] {dag.py:3954} INFO - Setting next_dagrun for example_dag_decorator to None, run_after=None
[2024-07-17T13:51:32.588+0000] {processor.py:183} INFO - Processing /home/airflow/.local/lib/python3.12/site-packages/airflow/example_dags/example_dag_decorator.py took 1.096 seconds
[2024-07-17T13:52:02.911+0000] {processor.py:161} INFO - Started process (PID=1238) to work on /home/airflow/.local/lib/python3.12/site-packages/airflow/example_dags/example_dag_decorator.py
[2024-07-17T13:52:02.912+0000] {processor.py:830} INFO - Processing file /home/airflow/.local/lib/python3.12/site-packages/airflow/example_dags/example_dag_decorator.py for tasks to queue
[2024-07-17T13:52:02.915+0000] {logging_mixin.py:188} INFO - [2024-07-17T13:52:02.914+0000] {dagbag.py:545} INFO - Filling up the DagBag from /home/airflow/.local/lib/python3.12/site-packages/airflow/example_dags/example_dag_decorator.py
[2024-07-17T13:52:03.086+0000] {processor.py:840} INFO - DAG(s) 'example_dag_decorator' retrieved from /home/airflow/.local/lib/python3.12/site-packages/airflow/example_dags/example_dag_decorator.py
[2024-07-17T13:52:03.459+0000] {logging_mixin.py:188} INFO - [2024-07-17T13:52:03.459+0000] {dag.py:3096} INFO - Sync 1 DAGs
[2024-07-17T13:52:03.475+0000] {logging_mixin.py:188} INFO - [2024-07-17T13:52:03.475+0000] {dag.py:3954} INFO - Setting next_dagrun for example_dag_decorator to None, run_after=None
[2024-07-17T13:52:03.506+0000] {processor.py:183} INFO - Processing /home/airflow/.local/lib/python3.12/site-packages/airflow/example_dags/example_dag_decorator.py took 0.602 seconds
[2024-07-17T13:52:33.808+0000] {processor.py:161} INFO - Started process (PID=1301) to work on /home/airflow/.local/lib/python3.12/site-packages/airflow/example_dags/example_dag_decorator.py
[2024-07-17T13:52:33.809+0000] {processor.py:830} INFO - Processing file /home/airflow/.local/lib/python3.12/site-packages/airflow/example_dags/example_dag_decorator.py for tasks to queue
[2024-07-17T13:52:33.812+0000] {logging_mixin.py:188} INFO - [2024-07-17T13:52:33.811+0000] {dagbag.py:545} INFO - Filling up the DagBag from /home/airflow/.local/lib/python3.12/site-packages/airflow/example_dags/example_dag_decorator.py
[2024-07-17T13:52:33.993+0000] {processor.py:840} INFO - DAG(s) 'example_dag_decorator' retrieved from /home/airflow/.local/lib/python3.12/site-packages/airflow/example_dags/example_dag_decorator.py
[2024-07-17T13:52:34.394+0000] {logging_mixin.py:188} INFO - [2024-07-17T13:52:34.394+0000] {dag.py:3096} INFO - Sync 1 DAGs
[2024-07-17T13:52:34.418+0000] {logging_mixin.py:188} INFO - [2024-07-17T13:52:34.418+0000] {dag.py:3954} INFO - Setting next_dagrun for example_dag_decorator to None, run_after=None
[2024-07-17T13:52:34.446+0000] {processor.py:183} INFO - Processing /home/airflow/.local/lib/python3.12/site-packages/airflow/example_dags/example_dag_decorator.py took 0.648 seconds
[2024-07-17T13:53:04.581+0000] {processor.py:161} INFO - Started process (PID=1363) to work on /home/airflow/.local/lib/python3.12/site-packages/airflow/example_dags/example_dag_decorator.py
[2024-07-17T13:53:04.582+0000] {processor.py:830} INFO - Processing file /home/airflow/.local/lib/python3.12/site-packages/airflow/example_dags/example_dag_decorator.py for tasks to queue
[2024-07-17T13:53:04.585+0000] {logging_mixin.py:188} INFO - [2024-07-17T13:53:04.584+0000] {dagbag.py:545} INFO - Filling up the DagBag from /home/airflow/.local/lib/python3.12/site-packages/airflow/example_dags/example_dag_decorator.py
[2024-07-17T13:53:04.765+0000] {processor.py:840} INFO - DAG(s) 'example_dag_decorator' retrieved from /home/airflow/.local/lib/python3.12/site-packages/airflow/example_dags/example_dag_decorator.py
[2024-07-17T13:53:05.079+0000] {logging_mixin.py:188} INFO - [2024-07-17T13:53:05.078+0000] {dag.py:3096} INFO - Sync 1 DAGs
[2024-07-17T13:53:05.092+0000] {logging_mixin.py:188} INFO - [2024-07-17T13:53:05.092+0000] {dag.py:3954} INFO - Setting next_dagrun for example_dag_decorator to None, run_after=None
[2024-07-17T13:53:05.114+0000] {processor.py:183} INFO - Processing /home/airflow/.local/lib/python3.12/site-packages/airflow/example_dags/example_dag_decorator.py took 0.540 seconds
[2024-07-17T13:53:35.196+0000] {processor.py:161} INFO - Started process (PID=1424) to work on /home/airflow/.local/lib/python3.12/site-packages/airflow/example_dags/example_dag_decorator.py
[2024-07-17T13:53:35.197+0000] {processor.py:830} INFO - Processing file /home/airflow/.local/lib/python3.12/site-packages/airflow/example_dags/example_dag_decorator.py for tasks to queue
[2024-07-17T13:53:35.200+0000] {logging_mixin.py:188} INFO - [2024-07-17T13:53:35.199+0000] {dagbag.py:545} INFO - Filling up the DagBag from /home/airflow/.local/lib/python3.12/site-packages/airflow/example_dags/example_dag_decorator.py
[2024-07-17T13:53:35.360+0000] {processor.py:840} INFO - DAG(s) 'example_dag_decorator' retrieved from /home/airflow/.local/lib/python3.12/site-packages/airflow/example_dags/example_dag_decorator.py
[2024-07-17T13:53:35.665+0000] {logging_mixin.py:188} INFO - [2024-07-17T13:53:35.665+0000] {dag.py:3096} INFO - Sync 1 DAGs
[2024-07-17T13:53:35.678+0000] {logging_mixin.py:188} INFO - [2024-07-17T13:53:35.678+0000] {dag.py:3954} INFO - Setting next_dagrun for example_dag_decorator to None, run_after=None
[2024-07-17T13:53:35.705+0000] {processor.py:183} INFO - Processing /home/airflow/.local/lib/python3.12/site-packages/airflow/example_dags/example_dag_decorator.py took 0.515 seconds
[2024-07-17T13:54:05.883+0000] {processor.py:161} INFO - Started process (PID=1486) to work on /home/airflow/.local/lib/python3.12/site-packages/airflow/example_dags/example_dag_decorator.py
[2024-07-17T13:54:05.885+0000] {processor.py:830} INFO - Processing file /home/airflow/.local/lib/python3.12/site-packages/airflow/example_dags/example_dag_decorator.py for tasks to queue
[2024-07-17T13:54:05.887+0000] {logging_mixin.py:188} INFO - [2024-07-17T13:54:05.887+0000] {dagbag.py:545} INFO - Filling up the DagBag from /home/airflow/.local/lib/python3.12/site-packages/airflow/example_dags/example_dag_decorator.py
[2024-07-17T13:54:06.065+0000] {processor.py:840} INFO - DAG(s) 'example_dag_decorator' retrieved from /home/airflow/.local/lib/python3.12/site-packages/airflow/example_dags/example_dag_decorator.py
[2024-07-17T13:54:06.101+0000] {logging_mixin.py:188} INFO - [2024-07-17T13:54:06.101+0000] {dag.py:3096} INFO - Sync 1 DAGs
[2024-07-17T13:54:06.277+0000] {logging_mixin.py:188} INFO - [2024-07-17T13:54:06.276+0000] {dag.py:3954} INFO - Setting next_dagrun for example_dag_decorator to None, run_after=None
[2024-07-17T13:54:06.300+0000] {processor.py:183} INFO - Processing /home/airflow/.local/lib/python3.12/site-packages/airflow/example_dags/example_dag_decorator.py took 0.424 seconds
[2024-07-17T13:54:36.796+0000] {processor.py:161} INFO - Started process (PID=1546) to work on /home/airflow/.local/lib/python3.12/site-packages/airflow/example_dags/example_dag_decorator.py
[2024-07-17T13:54:36.799+0000] {processor.py:830} INFO - Processing file /home/airflow/.local/lib/python3.12/site-packages/airflow/example_dags/example_dag_decorator.py for tasks to queue
[2024-07-17T13:54:36.803+0000] {logging_mixin.py:188} INFO - [2024-07-17T13:54:36.803+0000] {dagbag.py:545} INFO - Filling up the DagBag from /home/airflow/.local/lib/python3.12/site-packages/airflow/example_dags/example_dag_decorator.py
[2024-07-17T13:54:37.021+0000] {processor.py:840} INFO - DAG(s) 'example_dag_decorator' retrieved from /home/airflow/.local/lib/python3.12/site-packages/airflow/example_dags/example_dag_decorator.py
[2024-07-17T13:54:37.469+0000] {logging_mixin.py:188} INFO - [2024-07-17T13:54:37.469+0000] {dag.py:3096} INFO - Sync 1 DAGs
[2024-07-17T13:54:37.497+0000] {logging_mixin.py:188} INFO - [2024-07-17T13:54:37.497+0000] {dag.py:3954} INFO - Setting next_dagrun for example_dag_decorator to None, run_after=None
[2024-07-17T13:54:37.540+0000] {processor.py:183} INFO - Processing /home/airflow/.local/lib/python3.12/site-packages/airflow/example_dags/example_dag_decorator.py took 0.755 seconds
[2024-07-17T13:55:07.799+0000] {processor.py:161} INFO - Started process (PID=1606) to work on /home/airflow/.local/lib/python3.12/site-packages/airflow/example_dags/example_dag_decorator.py
[2024-07-17T13:55:07.800+0000] {processor.py:830} INFO - Processing file /home/airflow/.local/lib/python3.12/site-packages/airflow/example_dags/example_dag_decorator.py for tasks to queue
[2024-07-17T13:55:07.801+0000] {logging_mixin.py:188} INFO - [2024-07-17T13:55:07.801+0000] {dagbag.py:545} INFO - Filling up the DagBag from /home/airflow/.local/lib/python3.12/site-packages/airflow/example_dags/example_dag_decorator.py
[2024-07-17T13:55:08.036+0000] {processor.py:840} INFO - DAG(s) 'example_dag_decorator' retrieved from /home/airflow/.local/lib/python3.12/site-packages/airflow/example_dags/example_dag_decorator.py
[2024-07-17T13:55:08.132+0000] {logging_mixin.py:188} INFO - [2024-07-17T13:55:08.132+0000] {dag.py:3096} INFO - Sync 1 DAGs
[2024-07-17T13:55:08.142+0000] {logging_mixin.py:188} INFO - [2024-07-17T13:55:08.142+0000] {dag.py:3954} INFO - Setting next_dagrun for example_dag_decorator to None, run_after=None
[2024-07-17T13:55:08.160+0000] {processor.py:183} INFO - Processing /home/airflow/.local/lib/python3.12/site-packages/airflow/example_dags/example_dag_decorator.py took 0.366 seconds
[2024-07-17T13:55:38.626+0000] {processor.py:161} INFO - Started process (PID=1664) to work on /home/airflow/.local/lib/python3.12/site-packages/airflow/example_dags/example_dag_decorator.py
[2024-07-17T13:55:38.627+0000] {processor.py:830} INFO - Processing file /home/airflow/.local/lib/python3.12/site-packages/airflow/example_dags/example_dag_decorator.py for tasks to queue
[2024-07-17T13:55:38.630+0000] {logging_mixin.py:188} INFO - [2024-07-17T13:55:38.629+0000] {dagbag.py:545} INFO - Filling up the DagBag from /home/airflow/.local/lib/python3.12/site-packages/airflow/example_dags/example_dag_decorator.py
[2024-07-17T13:55:38.967+0000] {processor.py:840} INFO - DAG(s) 'example_dag_decorator' retrieved from /home/airflow/.local/lib/python3.12/site-packages/airflow/example_dags/example_dag_decorator.py
[2024-07-17T13:55:39.157+0000] {logging_mixin.py:188} INFO - [2024-07-17T13:55:39.157+0000] {dag.py:3096} INFO - Sync 1 DAGs
[2024-07-17T13:55:39.179+0000] {logging_mixin.py:188} INFO - [2024-07-17T13:55:39.179+0000] {dag.py:3954} INFO - Setting next_dagrun for example_dag_decorator to None, run_after=None
[2024-07-17T13:55:39.217+0000] {processor.py:183} INFO - Processing /home/airflow/.local/lib/python3.12/site-packages/airflow/example_dags/example_dag_decorator.py took 0.599 seconds
[2024-07-17T13:56:09.317+0000] {processor.py:161} INFO - Started process (PID=1726) to work on /home/airflow/.local/lib/python3.12/site-packages/airflow/example_dags/example_dag_decorator.py
[2024-07-17T13:56:09.319+0000] {processor.py:830} INFO - Processing file /home/airflow/.local/lib/python3.12/site-packages/airflow/example_dags/example_dag_decorator.py for tasks to queue
[2024-07-17T13:56:09.321+0000] {logging_mixin.py:188} INFO - [2024-07-17T13:56:09.321+0000] {dagbag.py:545} INFO - Filling up the DagBag from /home/airflow/.local/lib/python3.12/site-packages/airflow/example_dags/example_dag_decorator.py
[2024-07-17T13:56:09.658+0000] {processor.py:840} INFO - DAG(s) 'example_dag_decorator' retrieved from /home/airflow/.local/lib/python3.12/site-packages/airflow/example_dags/example_dag_decorator.py
[2024-07-17T13:56:09.801+0000] {logging_mixin.py:188} INFO - [2024-07-17T13:56:09.801+0000] {dag.py:3096} INFO - Sync 1 DAGs
[2024-07-17T13:56:09.819+0000] {logging_mixin.py:188} INFO - [2024-07-17T13:56:09.818+0000] {dag.py:3954} INFO - Setting next_dagrun for example_dag_decorator to None, run_after=None
[2024-07-17T13:56:09.845+0000] {processor.py:183} INFO - Processing /home/airflow/.local/lib/python3.12/site-packages/airflow/example_dags/example_dag_decorator.py took 0.537 seconds
[2024-07-17T13:56:40.553+0000] {processor.py:161} INFO - Started process (PID=1785) to work on /home/airflow/.local/lib/python3.12/site-packages/airflow/example_dags/example_dag_decorator.py
[2024-07-17T13:56:40.554+0000] {processor.py:830} INFO - Processing file /home/airflow/.local/lib/python3.12/site-packages/airflow/example_dags/example_dag_decorator.py for tasks to queue
[2024-07-17T13:56:40.557+0000] {logging_mixin.py:188} INFO - [2024-07-17T13:56:40.557+0000] {dagbag.py:545} INFO - Filling up the DagBag from /home/airflow/.local/lib/python3.12/site-packages/airflow/example_dags/example_dag_decorator.py
[2024-07-17T13:56:40.864+0000] {processor.py:840} INFO - DAG(s) 'example_dag_decorator' retrieved from /home/airflow/.local/lib/python3.12/site-packages/airflow/example_dags/example_dag_decorator.py
[2024-07-17T13:56:40.986+0000] {logging_mixin.py:188} INFO - [2024-07-17T13:56:40.986+0000] {dag.py:3096} INFO - Sync 1 DAGs
[2024-07-17T13:56:40.998+0000] {logging_mixin.py:188} INFO - [2024-07-17T13:56:40.998+0000] {dag.py:3954} INFO - Setting next_dagrun for example_dag_decorator to None, run_after=None
[2024-07-17T13:56:41.025+0000] {processor.py:183} INFO - Processing /home/airflow/.local/lib/python3.12/site-packages/airflow/example_dags/example_dag_decorator.py took 0.480 seconds
[2024-07-17T13:57:11.165+0000] {processor.py:161} INFO - Started process (PID=1844) to work on /home/airflow/.local/lib/python3.12/site-packages/airflow/example_dags/example_dag_decorator.py
[2024-07-17T13:57:11.166+0000] {processor.py:830} INFO - Processing file /home/airflow/.local/lib/python3.12/site-packages/airflow/example_dags/example_dag_decorator.py for tasks to queue
[2024-07-17T13:57:11.168+0000] {logging_mixin.py:188} INFO - [2024-07-17T13:57:11.167+0000] {dagbag.py:545} INFO - Filling up the DagBag from /home/airflow/.local/lib/python3.12/site-packages/airflow/example_dags/example_dag_decorator.py
[2024-07-17T13:57:11.446+0000] {processor.py:840} INFO - DAG(s) 'example_dag_decorator' retrieved from /home/airflow/.local/lib/python3.12/site-packages/airflow/example_dags/example_dag_decorator.py
[2024-07-17T13:57:11.578+0000] {logging_mixin.py:188} INFO - [2024-07-17T13:57:11.578+0000] {dag.py:3096} INFO - Sync 1 DAGs
[2024-07-17T13:57:11.591+0000] {logging_mixin.py:188} INFO - [2024-07-17T13:57:11.590+0000] {dag.py:3954} INFO - Setting next_dagrun for example_dag_decorator to None, run_after=None
[2024-07-17T13:57:11.626+0000] {processor.py:183} INFO - Processing /home/airflow/.local/lib/python3.12/site-packages/airflow/example_dags/example_dag_decorator.py took 0.469 seconds
[2024-07-17T13:57:41.813+0000] {processor.py:161} INFO - Started process (PID=1904) to work on /home/airflow/.local/lib/python3.12/site-packages/airflow/example_dags/example_dag_decorator.py
[2024-07-17T13:57:41.814+0000] {processor.py:830} INFO - Processing file /home/airflow/.local/lib/python3.12/site-packages/airflow/example_dags/example_dag_decorator.py for tasks to queue
[2024-07-17T13:57:41.817+0000] {logging_mixin.py:188} INFO - [2024-07-17T13:57:41.816+0000] {dagbag.py:545} INFO - Filling up the DagBag from /home/airflow/.local/lib/python3.12/site-packages/airflow/example_dags/example_dag_decorator.py
[2024-07-17T13:57:42.138+0000] {processor.py:840} INFO - DAG(s) 'example_dag_decorator' retrieved from /home/airflow/.local/lib/python3.12/site-packages/airflow/example_dags/example_dag_decorator.py
[2024-07-17T13:57:42.293+0000] {logging_mixin.py:188} INFO - [2024-07-17T13:57:42.293+0000] {dag.py:3096} INFO - Sync 1 DAGs
[2024-07-17T13:57:42.316+0000] {logging_mixin.py:188} INFO - [2024-07-17T13:57:42.315+0000] {dag.py:3954} INFO - Setting next_dagrun for example_dag_decorator to None, run_after=None
[2024-07-17T13:57:42.349+0000] {processor.py:183} INFO - Processing /home/airflow/.local/lib/python3.12/site-packages/airflow/example_dags/example_dag_decorator.py took 0.547 seconds
[2024-07-17T13:58:12.919+0000] {processor.py:161} INFO - Started process (PID=1965) to work on /home/airflow/.local/lib/python3.12/site-packages/airflow/example_dags/example_dag_decorator.py
[2024-07-17T13:58:12.920+0000] {processor.py:830} INFO - Processing file /home/airflow/.local/lib/python3.12/site-packages/airflow/example_dags/example_dag_decorator.py for tasks to queue
[2024-07-17T13:58:12.923+0000] {logging_mixin.py:188} INFO - [2024-07-17T13:58:12.922+0000] {dagbag.py:545} INFO - Filling up the DagBag from /home/airflow/.local/lib/python3.12/site-packages/airflow/example_dags/example_dag_decorator.py
[2024-07-17T13:58:13.087+0000] {processor.py:840} INFO - DAG(s) 'example_dag_decorator' retrieved from /home/airflow/.local/lib/python3.12/site-packages/airflow/example_dags/example_dag_decorator.py
[2024-07-17T13:58:13.244+0000] {logging_mixin.py:188} INFO - [2024-07-17T13:58:13.244+0000] {dag.py:3096} INFO - Sync 1 DAGs
[2024-07-17T13:58:13.259+0000] {logging_mixin.py:188} INFO - [2024-07-17T13:58:13.259+0000] {dag.py:3954} INFO - Setting next_dagrun for example_dag_decorator to None, run_after=None
[2024-07-17T13:58:13.285+0000] {processor.py:183} INFO - Processing /home/airflow/.local/lib/python3.12/site-packages/airflow/example_dags/example_dag_decorator.py took 0.373 seconds
[2024-07-17T13:58:43.744+0000] {processor.py:161} INFO - Started process (PID=2025) to work on /home/airflow/.local/lib/python3.12/site-packages/airflow/example_dags/example_dag_decorator.py
[2024-07-17T13:58:43.745+0000] {processor.py:830} INFO - Processing file /home/airflow/.local/lib/python3.12/site-packages/airflow/example_dags/example_dag_decorator.py for tasks to queue
[2024-07-17T13:58:43.747+0000] {logging_mixin.py:188} INFO - [2024-07-17T13:58:43.747+0000] {dagbag.py:545} INFO - Filling up the DagBag from /home/airflow/.local/lib/python3.12/site-packages/airflow/example_dags/example_dag_decorator.py
[2024-07-17T13:58:43.913+0000] {processor.py:840} INFO - DAG(s) 'example_dag_decorator' retrieved from /home/airflow/.local/lib/python3.12/site-packages/airflow/example_dags/example_dag_decorator.py
[2024-07-17T13:58:44.060+0000] {logging_mixin.py:188} INFO - [2024-07-17T13:58:44.059+0000] {dag.py:3096} INFO - Sync 1 DAGs
[2024-07-17T13:58:44.075+0000] {logging_mixin.py:188} INFO - [2024-07-17T13:58:44.075+0000] {dag.py:3954} INFO - Setting next_dagrun for example_dag_decorator to None, run_after=None
[2024-07-17T13:58:44.109+0000] {processor.py:183} INFO - Processing /home/airflow/.local/lib/python3.12/site-packages/airflow/example_dags/example_dag_decorator.py took 0.372 seconds
[2024-07-17T13:59:14.396+0000] {processor.py:161} INFO - Started process (PID=2085) to work on /home/airflow/.local/lib/python3.12/site-packages/airflow/example_dags/example_dag_decorator.py
[2024-07-17T13:59:14.398+0000] {processor.py:830} INFO - Processing file /home/airflow/.local/lib/python3.12/site-packages/airflow/example_dags/example_dag_decorator.py for tasks to queue
[2024-07-17T13:59:14.399+0000] {logging_mixin.py:188} INFO - [2024-07-17T13:59:14.399+0000] {dagbag.py:545} INFO - Filling up the DagBag from /home/airflow/.local/lib/python3.12/site-packages/airflow/example_dags/example_dag_decorator.py
[2024-07-17T13:59:14.555+0000] {processor.py:840} INFO - DAG(s) 'example_dag_decorator' retrieved from /home/airflow/.local/lib/python3.12/site-packages/airflow/example_dags/example_dag_decorator.py
[2024-07-17T13:59:14.701+0000] {logging_mixin.py:188} INFO - [2024-07-17T13:59:14.700+0000] {dag.py:3096} INFO - Sync 1 DAGs
[2024-07-17T13:59:14.713+0000] {logging_mixin.py:188} INFO - [2024-07-17T13:59:14.712+0000] {dag.py:3954} INFO - Setting next_dagrun for example_dag_decorator to None, run_after=None
[2024-07-17T13:59:14.733+0000] {processor.py:183} INFO - Processing /home/airflow/.local/lib/python3.12/site-packages/airflow/example_dags/example_dag_decorator.py took 0.344 seconds
[2024-07-17T13:59:44.827+0000] {processor.py:161} INFO - Started process (PID=2146) to work on /home/airflow/.local/lib/python3.12/site-packages/airflow/example_dags/example_dag_decorator.py
[2024-07-17T13:59:44.830+0000] {processor.py:830} INFO - Processing file /home/airflow/.local/lib/python3.12/site-packages/airflow/example_dags/example_dag_decorator.py for tasks to queue
[2024-07-17T13:59:44.833+0000] {logging_mixin.py:188} INFO - [2024-07-17T13:59:44.833+0000] {dagbag.py:545} INFO - Filling up the DagBag from /home/airflow/.local/lib/python3.12/site-packages/airflow/example_dags/example_dag_decorator.py
[2024-07-17T13:59:45.084+0000] {processor.py:840} INFO - DAG(s) 'example_dag_decorator' retrieved from /home/airflow/.local/lib/python3.12/site-packages/airflow/example_dags/example_dag_decorator.py
[2024-07-17T13:59:45.142+0000] {logging_mixin.py:188} INFO - [2024-07-17T13:59:45.142+0000] {dag.py:3096} INFO - Sync 1 DAGs
[2024-07-17T13:59:45.162+0000] {logging_mixin.py:188} INFO - [2024-07-17T13:59:45.162+0000] {dag.py:3954} INFO - Setting next_dagrun for example_dag_decorator to None, run_after=None
[2024-07-17T13:59:45.210+0000] {processor.py:183} INFO - Processing /home/airflow/.local/lib/python3.12/site-packages/airflow/example_dags/example_dag_decorator.py took 0.388 seconds
[2024-07-17T14:00:15.905+0000] {processor.py:161} INFO - Started process (PID=2206) to work on /home/airflow/.local/lib/python3.12/site-packages/airflow/example_dags/example_dag_decorator.py
[2024-07-17T14:00:15.906+0000] {processor.py:830} INFO - Processing file /home/airflow/.local/lib/python3.12/site-packages/airflow/example_dags/example_dag_decorator.py for tasks to queue
[2024-07-17T14:00:15.908+0000] {logging_mixin.py:188} INFO - [2024-07-17T14:00:15.908+0000] {dagbag.py:545} INFO - Filling up the DagBag from /home/airflow/.local/lib/python3.12/site-packages/airflow/example_dags/example_dag_decorator.py
[2024-07-17T14:00:16.057+0000] {processor.py:840} INFO - DAG(s) 'example_dag_decorator' retrieved from /home/airflow/.local/lib/python3.12/site-packages/airflow/example_dags/example_dag_decorator.py
[2024-07-17T14:00:16.214+0000] {logging_mixin.py:188} INFO - [2024-07-17T14:00:16.214+0000] {dag.py:3096} INFO - Sync 1 DAGs
[2024-07-17T14:00:16.231+0000] {logging_mixin.py:188} INFO - [2024-07-17T14:00:16.230+0000] {dag.py:3954} INFO - Setting next_dagrun for example_dag_decorator to None, run_after=None
[2024-07-17T14:00:16.258+0000] {processor.py:183} INFO - Processing /home/airflow/.local/lib/python3.12/site-packages/airflow/example_dags/example_dag_decorator.py took 0.360 seconds
[2024-07-17T14:00:46.545+0000] {processor.py:161} INFO - Started process (PID=2266) to work on /home/airflow/.local/lib/python3.12/site-packages/airflow/example_dags/example_dag_decorator.py
[2024-07-17T14:00:46.546+0000] {processor.py:830} INFO - Processing file /home/airflow/.local/lib/python3.12/site-packages/airflow/example_dags/example_dag_decorator.py for tasks to queue
[2024-07-17T14:00:46.548+0000] {logging_mixin.py:188} INFO - [2024-07-17T14:00:46.548+0000] {dagbag.py:545} INFO - Filling up the DagBag from /home/airflow/.local/lib/python3.12/site-packages/airflow/example_dags/example_dag_decorator.py
[2024-07-17T14:00:46.776+0000] {processor.py:840} INFO - DAG(s) 'example_dag_decorator' retrieved from /home/airflow/.local/lib/python3.12/site-packages/airflow/example_dags/example_dag_decorator.py
[2024-07-17T14:00:47.010+0000] {logging_mixin.py:188} INFO - [2024-07-17T14:00:47.010+0000] {dag.py:3096} INFO - Sync 1 DAGs
[2024-07-17T14:00:47.027+0000] {logging_mixin.py:188} INFO - [2024-07-17T14:00:47.027+0000] {dag.py:3954} INFO - Setting next_dagrun for example_dag_decorator to None, run_after=None
[2024-07-17T14:00:47.096+0000] {processor.py:183} INFO - Processing /home/airflow/.local/lib/python3.12/site-packages/airflow/example_dags/example_dag_decorator.py took 0.558 seconds
[2024-07-17T14:01:17.206+0000] {processor.py:161} INFO - Started process (PID=2328) to work on /home/airflow/.local/lib/python3.12/site-packages/airflow/example_dags/example_dag_decorator.py
[2024-07-17T14:01:17.207+0000] {processor.py:830} INFO - Processing file /home/airflow/.local/lib/python3.12/site-packages/airflow/example_dags/example_dag_decorator.py for tasks to queue
[2024-07-17T14:01:17.210+0000] {logging_mixin.py:188} INFO - [2024-07-17T14:01:17.210+0000] {dagbag.py:545} INFO - Filling up the DagBag from /home/airflow/.local/lib/python3.12/site-packages/airflow/example_dags/example_dag_decorator.py
[2024-07-17T14:01:17.371+0000] {processor.py:840} INFO - DAG(s) 'example_dag_decorator' retrieved from /home/airflow/.local/lib/python3.12/site-packages/airflow/example_dags/example_dag_decorator.py
[2024-07-17T14:01:17.536+0000] {logging_mixin.py:188} INFO - [2024-07-17T14:01:17.535+0000] {dag.py:3096} INFO - Sync 1 DAGs
[2024-07-17T14:01:17.551+0000] {logging_mixin.py:188} INFO - [2024-07-17T14:01:17.551+0000] {dag.py:3954} INFO - Setting next_dagrun for example_dag_decorator to None, run_after=None
[2024-07-17T14:01:17.581+0000] {processor.py:183} INFO - Processing /home/airflow/.local/lib/python3.12/site-packages/airflow/example_dags/example_dag_decorator.py took 0.383 seconds
[2024-07-17T14:01:48.512+0000] {processor.py:161} INFO - Started process (PID=2396) to work on /home/airflow/.local/lib/python3.12/site-packages/airflow/example_dags/example_dag_decorator.py
[2024-07-17T14:01:48.513+0000] {processor.py:830} INFO - Processing file /home/airflow/.local/lib/python3.12/site-packages/airflow/example_dags/example_dag_decorator.py for tasks to queue
[2024-07-17T14:01:48.515+0000] {logging_mixin.py:188} INFO - [2024-07-17T14:01:48.514+0000] {dagbag.py:545} INFO - Filling up the DagBag from /home/airflow/.local/lib/python3.12/site-packages/airflow/example_dags/example_dag_decorator.py
[2024-07-17T14:01:48.626+0000] {processor.py:840} INFO - DAG(s) 'example_dag_decorator' retrieved from /home/airflow/.local/lib/python3.12/site-packages/airflow/example_dags/example_dag_decorator.py
[2024-07-17T14:01:48.762+0000] {logging_mixin.py:188} INFO - [2024-07-17T14:01:48.762+0000] {dag.py:3096} INFO - Sync 1 DAGs
[2024-07-17T14:01:48.773+0000] {logging_mixin.py:188} INFO - [2024-07-17T14:01:48.773+0000] {dag.py:3954} INFO - Setting next_dagrun for example_dag_decorator to None, run_after=None
[2024-07-17T14:01:48.794+0000] {processor.py:183} INFO - Processing /home/airflow/.local/lib/python3.12/site-packages/airflow/example_dags/example_dag_decorator.py took 0.287 seconds
[2024-07-17T14:04:06.022+0000] {processor.py:161} INFO - Started process (PID=2437) to work on /home/airflow/.local/lib/python3.12/site-packages/airflow/example_dags/example_dag_decorator.py
[2024-07-17T14:04:06.025+0000] {processor.py:830} INFO - Processing file /home/airflow/.local/lib/python3.12/site-packages/airflow/example_dags/example_dag_decorator.py for tasks to queue
[2024-07-17T14:04:06.029+0000] {logging_mixin.py:188} INFO - [2024-07-17T14:04:06.028+0000] {dagbag.py:545} INFO - Filling up the DagBag from /home/airflow/.local/lib/python3.12/site-packages/airflow/example_dags/example_dag_decorator.py
[2024-07-17T14:04:06.456+0000] {processor.py:840} INFO - DAG(s) 'example_dag_decorator' retrieved from /home/airflow/.local/lib/python3.12/site-packages/airflow/example_dags/example_dag_decorator.py
[2024-07-17T14:04:06.511+0000] {logging_mixin.py:188} INFO - [2024-07-17T14:04:06.510+0000] {dag.py:3096} INFO - Sync 1 DAGs
[2024-07-17T14:04:06.550+0000] {logging_mixin.py:188} INFO - [2024-07-17T14:04:06.549+0000] {dag.py:3954} INFO - Setting next_dagrun for example_dag_decorator to None, run_after=None
[2024-07-17T14:04:06.594+0000] {processor.py:183} INFO - Processing /home/airflow/.local/lib/python3.12/site-packages/airflow/example_dags/example_dag_decorator.py took 0.598 seconds
[2024-07-17T14:04:36.876+0000] {processor.py:161} INFO - Started process (PID=2498) to work on /home/airflow/.local/lib/python3.12/site-packages/airflow/example_dags/example_dag_decorator.py
[2024-07-17T14:04:36.877+0000] {processor.py:830} INFO - Processing file /home/airflow/.local/lib/python3.12/site-packages/airflow/example_dags/example_dag_decorator.py for tasks to queue
[2024-07-17T14:04:36.880+0000] {logging_mixin.py:188} INFO - [2024-07-17T14:04:36.879+0000] {dagbag.py:545} INFO - Filling up the DagBag from /home/airflow/.local/lib/python3.12/site-packages/airflow/example_dags/example_dag_decorator.py
[2024-07-17T14:04:37.025+0000] {processor.py:840} INFO - DAG(s) 'example_dag_decorator' retrieved from /home/airflow/.local/lib/python3.12/site-packages/airflow/example_dags/example_dag_decorator.py
[2024-07-17T14:04:37.174+0000] {logging_mixin.py:188} INFO - [2024-07-17T14:04:37.174+0000] {dag.py:3096} INFO - Sync 1 DAGs
[2024-07-17T14:04:37.192+0000] {logging_mixin.py:188} INFO - [2024-07-17T14:04:37.192+0000] {dag.py:3954} INFO - Setting next_dagrun for example_dag_decorator to None, run_after=None
[2024-07-17T14:04:37.224+0000] {processor.py:183} INFO - Processing /home/airflow/.local/lib/python3.12/site-packages/airflow/example_dags/example_dag_decorator.py took 0.356 seconds
[2024-07-17T14:05:07.449+0000] {processor.py:161} INFO - Started process (PID=2559) to work on /home/airflow/.local/lib/python3.12/site-packages/airflow/example_dags/example_dag_decorator.py
[2024-07-17T14:05:07.450+0000] {processor.py:830} INFO - Processing file /home/airflow/.local/lib/python3.12/site-packages/airflow/example_dags/example_dag_decorator.py for tasks to queue
[2024-07-17T14:05:07.453+0000] {logging_mixin.py:188} INFO - [2024-07-17T14:05:07.452+0000] {dagbag.py:545} INFO - Filling up the DagBag from /home/airflow/.local/lib/python3.12/site-packages/airflow/example_dags/example_dag_decorator.py
[2024-07-17T14:05:07.578+0000] {processor.py:840} INFO - DAG(s) 'example_dag_decorator' retrieved from /home/airflow/.local/lib/python3.12/site-packages/airflow/example_dags/example_dag_decorator.py
[2024-07-17T14:05:07.698+0000] {logging_mixin.py:188} INFO - [2024-07-17T14:05:07.697+0000] {dag.py:3096} INFO - Sync 1 DAGs
[2024-07-17T14:05:07.709+0000] {logging_mixin.py:188} INFO - [2024-07-17T14:05:07.708+0000] {dag.py:3954} INFO - Setting next_dagrun for example_dag_decorator to None, run_after=None
[2024-07-17T14:05:07.727+0000] {processor.py:183} INFO - Processing /home/airflow/.local/lib/python3.12/site-packages/airflow/example_dags/example_dag_decorator.py took 0.283 seconds
[2024-07-17T14:05:37.973+0000] {processor.py:161} INFO - Started process (PID=2619) to work on /home/airflow/.local/lib/python3.12/site-packages/airflow/example_dags/example_dag_decorator.py
[2024-07-17T14:05:37.974+0000] {processor.py:830} INFO - Processing file /home/airflow/.local/lib/python3.12/site-packages/airflow/example_dags/example_dag_decorator.py for tasks to queue
[2024-07-17T14:05:37.976+0000] {logging_mixin.py:188} INFO - [2024-07-17T14:05:37.976+0000] {dagbag.py:545} INFO - Filling up the DagBag from /home/airflow/.local/lib/python3.12/site-packages/airflow/example_dags/example_dag_decorator.py
[2024-07-17T14:05:38.102+0000] {processor.py:840} INFO - DAG(s) 'example_dag_decorator' retrieved from /home/airflow/.local/lib/python3.12/site-packages/airflow/example_dags/example_dag_decorator.py
[2024-07-17T14:05:38.274+0000] {logging_mixin.py:188} INFO - [2024-07-17T14:05:38.274+0000] {dag.py:3096} INFO - Sync 1 DAGs
[2024-07-17T14:05:38.291+0000] {logging_mixin.py:188} INFO - [2024-07-17T14:05:38.290+0000] {dag.py:3954} INFO - Setting next_dagrun for example_dag_decorator to None, run_after=None
[2024-07-17T14:05:38.319+0000] {processor.py:183} INFO - Processing /home/airflow/.local/lib/python3.12/site-packages/airflow/example_dags/example_dag_decorator.py took 0.352 seconds
[2024-07-17T14:06:09.010+0000] {processor.py:161} INFO - Started process (PID=2680) to work on /home/airflow/.local/lib/python3.12/site-packages/airflow/example_dags/example_dag_decorator.py
[2024-07-17T14:06:09.012+0000] {processor.py:830} INFO - Processing file /home/airflow/.local/lib/python3.12/site-packages/airflow/example_dags/example_dag_decorator.py for tasks to queue
[2024-07-17T14:06:09.025+0000] {logging_mixin.py:188} INFO - [2024-07-17T14:06:09.024+0000] {dagbag.py:545} INFO - Filling up the DagBag from /home/airflow/.local/lib/python3.12/site-packages/airflow/example_dags/example_dag_decorator.py
[2024-07-17T14:06:09.319+0000] {processor.py:840} INFO - DAG(s) 'example_dag_decorator' retrieved from /home/airflow/.local/lib/python3.12/site-packages/airflow/example_dags/example_dag_decorator.py
[2024-07-17T14:06:09.381+0000] {logging_mixin.py:188} INFO - [2024-07-17T14:06:09.380+0000] {dag.py:3096} INFO - Sync 1 DAGs
[2024-07-17T14:06:09.438+0000] {logging_mixin.py:188} INFO - [2024-07-17T14:06:09.437+0000] {dag.py:3954} INFO - Setting next_dagrun for example_dag_decorator to None, run_after=None
[2024-07-17T14:06:09.484+0000] {processor.py:183} INFO - Processing /home/airflow/.local/lib/python3.12/site-packages/airflow/example_dags/example_dag_decorator.py took 0.486 seconds
[2024-07-17T14:06:40.324+0000] {processor.py:161} INFO - Started process (PID=2740) to work on /home/airflow/.local/lib/python3.12/site-packages/airflow/example_dags/example_dag_decorator.py
[2024-07-17T14:06:40.326+0000] {processor.py:830} INFO - Processing file /home/airflow/.local/lib/python3.12/site-packages/airflow/example_dags/example_dag_decorator.py for tasks to queue
[2024-07-17T14:06:40.330+0000] {logging_mixin.py:188} INFO - [2024-07-17T14:06:40.330+0000] {dagbag.py:545} INFO - Filling up the DagBag from /home/airflow/.local/lib/python3.12/site-packages/airflow/example_dags/example_dag_decorator.py
[2024-07-17T14:06:40.583+0000] {processor.py:840} INFO - DAG(s) 'example_dag_decorator' retrieved from /home/airflow/.local/lib/python3.12/site-packages/airflow/example_dags/example_dag_decorator.py
[2024-07-17T14:06:40.638+0000] {logging_mixin.py:188} INFO - [2024-07-17T14:06:40.638+0000] {dag.py:3096} INFO - Sync 1 DAGs
[2024-07-17T14:06:40.663+0000] {logging_mixin.py:188} INFO - [2024-07-17T14:06:40.662+0000] {dag.py:3954} INFO - Setting next_dagrun for example_dag_decorator to None, run_after=None
[2024-07-17T14:06:40.700+0000] {processor.py:183} INFO - Processing /home/airflow/.local/lib/python3.12/site-packages/airflow/example_dags/example_dag_decorator.py took 0.386 seconds
[2024-07-17T14:07:11.112+0000] {processor.py:161} INFO - Started process (PID=2800) to work on /home/airflow/.local/lib/python3.12/site-packages/airflow/example_dags/example_dag_decorator.py
[2024-07-17T14:07:11.114+0000] {processor.py:830} INFO - Processing file /home/airflow/.local/lib/python3.12/site-packages/airflow/example_dags/example_dag_decorator.py for tasks to queue
[2024-07-17T14:07:11.117+0000] {logging_mixin.py:188} INFO - [2024-07-17T14:07:11.117+0000] {dagbag.py:545} INFO - Filling up the DagBag from /home/airflow/.local/lib/python3.12/site-packages/airflow/example_dags/example_dag_decorator.py
[2024-07-17T14:07:11.343+0000] {processor.py:840} INFO - DAG(s) 'example_dag_decorator' retrieved from /home/airflow/.local/lib/python3.12/site-packages/airflow/example_dags/example_dag_decorator.py
[2024-07-17T14:07:11.565+0000] {logging_mixin.py:188} INFO - [2024-07-17T14:07:11.565+0000] {dag.py:3096} INFO - Sync 1 DAGs
[2024-07-17T14:07:11.588+0000] {logging_mixin.py:188} INFO - [2024-07-17T14:07:11.587+0000] {dag.py:3954} INFO - Setting next_dagrun for example_dag_decorator to None, run_after=None
[2024-07-17T14:07:11.635+0000] {processor.py:183} INFO - Processing /home/airflow/.local/lib/python3.12/site-packages/airflow/example_dags/example_dag_decorator.py took 0.534 seconds
[2024-07-17T14:07:41.927+0000] {processor.py:161} INFO - Started process (PID=2861) to work on /home/airflow/.local/lib/python3.12/site-packages/airflow/example_dags/example_dag_decorator.py
[2024-07-17T14:07:41.936+0000] {processor.py:830} INFO - Processing file /home/airflow/.local/lib/python3.12/site-packages/airflow/example_dags/example_dag_decorator.py for tasks to queue
[2024-07-17T14:07:41.941+0000] {logging_mixin.py:188} INFO - [2024-07-17T14:07:41.940+0000] {dagbag.py:545} INFO - Filling up the DagBag from /home/airflow/.local/lib/python3.12/site-packages/airflow/example_dags/example_dag_decorator.py
[2024-07-17T14:07:42.310+0000] {processor.py:840} INFO - DAG(s) 'example_dag_decorator' retrieved from /home/airflow/.local/lib/python3.12/site-packages/airflow/example_dags/example_dag_decorator.py
[2024-07-17T14:07:42.376+0000] {logging_mixin.py:188} INFO - [2024-07-17T14:07:42.375+0000] {dag.py:3096} INFO - Sync 1 DAGs
[2024-07-17T14:07:42.412+0000] {logging_mixin.py:188} INFO - [2024-07-17T14:07:42.412+0000] {dag.py:3954} INFO - Setting next_dagrun for example_dag_decorator to None, run_after=None
[2024-07-17T14:07:42.480+0000] {processor.py:183} INFO - Processing /home/airflow/.local/lib/python3.12/site-packages/airflow/example_dags/example_dag_decorator.py took 0.568 seconds
[2024-07-17T14:08:12.669+0000] {processor.py:161} INFO - Started process (PID=2921) to work on /home/airflow/.local/lib/python3.12/site-packages/airflow/example_dags/example_dag_decorator.py
[2024-07-17T14:08:12.671+0000] {processor.py:830} INFO - Processing file /home/airflow/.local/lib/python3.12/site-packages/airflow/example_dags/example_dag_decorator.py for tasks to queue
[2024-07-17T14:08:12.675+0000] {logging_mixin.py:188} INFO - [2024-07-17T14:08:12.674+0000] {dagbag.py:545} INFO - Filling up the DagBag from /home/airflow/.local/lib/python3.12/site-packages/airflow/example_dags/example_dag_decorator.py
[2024-07-17T14:08:12.920+0000] {processor.py:840} INFO - DAG(s) 'example_dag_decorator' retrieved from /home/airflow/.local/lib/python3.12/site-packages/airflow/example_dags/example_dag_decorator.py
[2024-07-17T14:08:12.968+0000] {logging_mixin.py:188} INFO - [2024-07-17T14:08:12.968+0000] {dag.py:3096} INFO - Sync 1 DAGs
[2024-07-17T14:08:12.993+0000] {logging_mixin.py:188} INFO - [2024-07-17T14:08:12.992+0000] {dag.py:3954} INFO - Setting next_dagrun for example_dag_decorator to None, run_after=None
[2024-07-17T14:08:13.031+0000] {processor.py:183} INFO - Processing /home/airflow/.local/lib/python3.12/site-packages/airflow/example_dags/example_dag_decorator.py took 0.372 seconds
[2024-07-17T14:08:43.892+0000] {processor.py:161} INFO - Started process (PID=2982) to work on /home/airflow/.local/lib/python3.12/site-packages/airflow/example_dags/example_dag_decorator.py
[2024-07-17T14:08:43.894+0000] {processor.py:830} INFO - Processing file /home/airflow/.local/lib/python3.12/site-packages/airflow/example_dags/example_dag_decorator.py for tasks to queue
[2024-07-17T14:08:43.898+0000] {logging_mixin.py:188} INFO - [2024-07-17T14:08:43.897+0000] {dagbag.py:545} INFO - Filling up the DagBag from /home/airflow/.local/lib/python3.12/site-packages/airflow/example_dags/example_dag_decorator.py
[2024-07-17T14:08:44.158+0000] {processor.py:840} INFO - DAG(s) 'example_dag_decorator' retrieved from /home/airflow/.local/lib/python3.12/site-packages/airflow/example_dags/example_dag_decorator.py
[2024-07-17T14:08:44.411+0000] {logging_mixin.py:188} INFO - [2024-07-17T14:08:44.410+0000] {dag.py:3096} INFO - Sync 1 DAGs
[2024-07-17T14:08:44.433+0000] {logging_mixin.py:188} INFO - [2024-07-17T14:08:44.433+0000] {dag.py:3954} INFO - Setting next_dagrun for example_dag_decorator to None, run_after=None
[2024-07-17T14:08:44.473+0000] {processor.py:183} INFO - Processing /home/airflow/.local/lib/python3.12/site-packages/airflow/example_dags/example_dag_decorator.py took 0.595 seconds
[2024-07-17T14:09:14.924+0000] {processor.py:161} INFO - Started process (PID=3042) to work on /home/airflow/.local/lib/python3.12/site-packages/airflow/example_dags/example_dag_decorator.py
[2024-07-17T14:09:14.926+0000] {processor.py:830} INFO - Processing file /home/airflow/.local/lib/python3.12/site-packages/airflow/example_dags/example_dag_decorator.py for tasks to queue
[2024-07-17T14:09:14.930+0000] {logging_mixin.py:188} INFO - [2024-07-17T14:09:14.929+0000] {dagbag.py:545} INFO - Filling up the DagBag from /home/airflow/.local/lib/python3.12/site-packages/airflow/example_dags/example_dag_decorator.py
[2024-07-17T14:09:15.212+0000] {processor.py:840} INFO - DAG(s) 'example_dag_decorator' retrieved from /home/airflow/.local/lib/python3.12/site-packages/airflow/example_dags/example_dag_decorator.py
[2024-07-17T14:09:15.563+0000] {logging_mixin.py:188} INFO - [2024-07-17T14:09:15.562+0000] {dag.py:3096} INFO - Sync 1 DAGs
[2024-07-17T14:09:15.602+0000] {logging_mixin.py:188} INFO - [2024-07-17T14:09:15.602+0000] {dag.py:3954} INFO - Setting next_dagrun for example_dag_decorator to None, run_after=None
[2024-07-17T14:09:15.643+0000] {processor.py:183} INFO - Processing /home/airflow/.local/lib/python3.12/site-packages/airflow/example_dags/example_dag_decorator.py took 0.730 seconds
[2024-07-17T14:09:45.954+0000] {processor.py:161} INFO - Started process (PID=3102) to work on /home/airflow/.local/lib/python3.12/site-packages/airflow/example_dags/example_dag_decorator.py
[2024-07-17T14:09:45.956+0000] {processor.py:830} INFO - Processing file /home/airflow/.local/lib/python3.12/site-packages/airflow/example_dags/example_dag_decorator.py for tasks to queue
[2024-07-17T14:09:45.960+0000] {logging_mixin.py:188} INFO - [2024-07-17T14:09:45.960+0000] {dagbag.py:545} INFO - Filling up the DagBag from /home/airflow/.local/lib/python3.12/site-packages/airflow/example_dags/example_dag_decorator.py
[2024-07-17T14:09:46.215+0000] {processor.py:840} INFO - DAG(s) 'example_dag_decorator' retrieved from /home/airflow/.local/lib/python3.12/site-packages/airflow/example_dags/example_dag_decorator.py
[2024-07-17T14:09:46.457+0000] {logging_mixin.py:188} INFO - [2024-07-17T14:09:46.457+0000] {dag.py:3096} INFO - Sync 1 DAGs
[2024-07-17T14:09:46.480+0000] {logging_mixin.py:188} INFO - [2024-07-17T14:09:46.479+0000] {dag.py:3954} INFO - Setting next_dagrun for example_dag_decorator to None, run_after=None
[2024-07-17T14:09:46.518+0000] {processor.py:183} INFO - Processing /home/airflow/.local/lib/python3.12/site-packages/airflow/example_dags/example_dag_decorator.py took 0.576 seconds
[2024-07-17T14:10:17.060+0000] {processor.py:161} INFO - Started process (PID=3162) to work on /home/airflow/.local/lib/python3.12/site-packages/airflow/example_dags/example_dag_decorator.py
[2024-07-17T14:10:17.062+0000] {processor.py:830} INFO - Processing file /home/airflow/.local/lib/python3.12/site-packages/airflow/example_dags/example_dag_decorator.py for tasks to queue
[2024-07-17T14:10:17.065+0000] {logging_mixin.py:188} INFO - [2024-07-17T14:10:17.065+0000] {dagbag.py:545} INFO - Filling up the DagBag from /home/airflow/.local/lib/python3.12/site-packages/airflow/example_dags/example_dag_decorator.py
[2024-07-17T14:10:17.347+0000] {processor.py:840} INFO - DAG(s) 'example_dag_decorator' retrieved from /home/airflow/.local/lib/python3.12/site-packages/airflow/example_dags/example_dag_decorator.py
[2024-07-17T14:10:17.608+0000] {logging_mixin.py:188} INFO - [2024-07-17T14:10:17.608+0000] {dag.py:3096} INFO - Sync 1 DAGs
[2024-07-17T14:10:17.629+0000] {logging_mixin.py:188} INFO - [2024-07-17T14:10:17.629+0000] {dag.py:3954} INFO - Setting next_dagrun for example_dag_decorator to None, run_after=None
[2024-07-17T14:10:17.671+0000] {processor.py:183} INFO - Processing /home/airflow/.local/lib/python3.12/site-packages/airflow/example_dags/example_dag_decorator.py took 0.624 seconds
[2024-07-17T14:10:47.880+0000] {processor.py:161} INFO - Started process (PID=3223) to work on /home/airflow/.local/lib/python3.12/site-packages/airflow/example_dags/example_dag_decorator.py
[2024-07-17T14:10:47.881+0000] {processor.py:830} INFO - Processing file /home/airflow/.local/lib/python3.12/site-packages/airflow/example_dags/example_dag_decorator.py for tasks to queue
[2024-07-17T14:10:47.885+0000] {logging_mixin.py:188} INFO - [2024-07-17T14:10:47.884+0000] {dagbag.py:545} INFO - Filling up the DagBag from /home/airflow/.local/lib/python3.12/site-packages/airflow/example_dags/example_dag_decorator.py
[2024-07-17T14:10:48.195+0000] {processor.py:840} INFO - DAG(s) 'example_dag_decorator' retrieved from /home/airflow/.local/lib/python3.12/site-packages/airflow/example_dags/example_dag_decorator.py
[2024-07-17T14:10:48.465+0000] {logging_mixin.py:188} INFO - [2024-07-17T14:10:48.464+0000] {dag.py:3096} INFO - Sync 1 DAGs
[2024-07-17T14:10:48.504+0000] {logging_mixin.py:188} INFO - [2024-07-17T14:10:48.503+0000] {dag.py:3954} INFO - Setting next_dagrun for example_dag_decorator to None, run_after=None
[2024-07-17T14:10:48.563+0000] {processor.py:183} INFO - Processing /home/airflow/.local/lib/python3.12/site-packages/airflow/example_dags/example_dag_decorator.py took 0.697 seconds
[2024-07-17T14:11:18.737+0000] {processor.py:161} INFO - Started process (PID=3285) to work on /home/airflow/.local/lib/python3.12/site-packages/airflow/example_dags/example_dag_decorator.py
[2024-07-17T14:11:18.739+0000] {processor.py:830} INFO - Processing file /home/airflow/.local/lib/python3.12/site-packages/airflow/example_dags/example_dag_decorator.py for tasks to queue
[2024-07-17T14:11:18.742+0000] {logging_mixin.py:188} INFO - [2024-07-17T14:11:18.742+0000] {dagbag.py:545} INFO - Filling up the DagBag from /home/airflow/.local/lib/python3.12/site-packages/airflow/example_dags/example_dag_decorator.py
[2024-07-17T14:11:18.980+0000] {processor.py:840} INFO - DAG(s) 'example_dag_decorator' retrieved from /home/airflow/.local/lib/python3.12/site-packages/airflow/example_dags/example_dag_decorator.py
[2024-07-17T14:11:19.221+0000] {logging_mixin.py:188} INFO - [2024-07-17T14:11:19.220+0000] {dag.py:3096} INFO - Sync 1 DAGs
[2024-07-17T14:11:19.247+0000] {logging_mixin.py:188} INFO - [2024-07-17T14:11:19.247+0000] {dag.py:3954} INFO - Setting next_dagrun for example_dag_decorator to None, run_after=None
[2024-07-17T14:11:19.287+0000] {processor.py:183} INFO - Processing /home/airflow/.local/lib/python3.12/site-packages/airflow/example_dags/example_dag_decorator.py took 0.560 seconds
[2024-07-17T14:11:50.027+0000] {processor.py:161} INFO - Started process (PID=3344) to work on /home/airflow/.local/lib/python3.12/site-packages/airflow/example_dags/example_dag_decorator.py
[2024-07-17T14:11:50.029+0000] {processor.py:830} INFO - Processing file /home/airflow/.local/lib/python3.12/site-packages/airflow/example_dags/example_dag_decorator.py for tasks to queue
[2024-07-17T14:11:50.033+0000] {logging_mixin.py:188} INFO - [2024-07-17T14:11:50.032+0000] {dagbag.py:545} INFO - Filling up the DagBag from /home/airflow/.local/lib/python3.12/site-packages/airflow/example_dags/example_dag_decorator.py
[2024-07-17T14:11:50.313+0000] {processor.py:840} INFO - DAG(s) 'example_dag_decorator' retrieved from /home/airflow/.local/lib/python3.12/site-packages/airflow/example_dags/example_dag_decorator.py
[2024-07-17T14:11:50.546+0000] {logging_mixin.py:188} INFO - [2024-07-17T14:11:50.546+0000] {dag.py:3096} INFO - Sync 1 DAGs
[2024-07-17T14:11:50.567+0000] {logging_mixin.py:188} INFO - [2024-07-17T14:11:50.567+0000] {dag.py:3954} INFO - Setting next_dagrun for example_dag_decorator to None, run_after=None
[2024-07-17T14:11:50.609+0000] {processor.py:183} INFO - Processing /home/airflow/.local/lib/python3.12/site-packages/airflow/example_dags/example_dag_decorator.py took 0.599 seconds
