[2024-07-17T10:31:47.629+0000] {processor.py:161} INFO - Started process (PID=43) to work on /home/airflow/.local/lib/python3.12/site-packages/airflow/example_dags/example_branch_python_dop_operator_3.py
[2024-07-17T10:31:47.631+0000] {processor.py:830} INFO - Processing file /home/airflow/.local/lib/python3.12/site-packages/airflow/example_dags/example_branch_python_dop_operator_3.py for tasks to queue
[2024-07-17T10:31:47.653+0000] {logging_mixin.py:188} INFO - [2024-07-17T10:31:47.653+0000] {dagbag.py:545} INFO - Filling up the DagBag from /home/airflow/.local/lib/python3.12/site-packages/airflow/example_dags/example_branch_python_dop_operator_3.py
[2024-07-17T10:31:47.677+0000] {processor.py:840} INFO - DAG(s) 'example_branch_dop_operator_v3' retrieved from /home/airflow/.local/lib/python3.12/site-packages/airflow/example_dags/example_branch_python_dop_operator_3.py
[2024-07-17T10:31:47.767+0000] {logging_mixin.py:188} INFO - [2024-07-17T10:31:47.766+0000] {dag.py:3096} INFO - Sync 1 DAGs
[2024-07-17T10:31:47.840+0000] {logging_mixin.py:188} INFO - [2024-07-17T10:31:47.839+0000] {dag.py:3954} INFO - Setting next_dagrun for example_branch_dop_operator_v3 to 2024-07-17 10:30:00+00:00, run_after=2024-07-17 10:31:00+00:00
[2024-07-17T10:31:47.881+0000] {processor.py:183} INFO - Processing /home/airflow/.local/lib/python3.12/site-packages/airflow/example_dags/example_branch_python_dop_operator_3.py took 0.262 seconds
[2024-07-17T10:32:18.874+0000] {processor.py:161} INFO - Started process (PID=103) to work on /home/airflow/.local/lib/python3.12/site-packages/airflow/example_dags/example_branch_python_dop_operator_3.py
[2024-07-17T10:32:18.875+0000] {processor.py:830} INFO - Processing file /home/airflow/.local/lib/python3.12/site-packages/airflow/example_dags/example_branch_python_dop_operator_3.py for tasks to queue
[2024-07-17T10:32:18.886+0000] {logging_mixin.py:188} INFO - [2024-07-17T10:32:18.886+0000] {dagbag.py:545} INFO - Filling up the DagBag from /home/airflow/.local/lib/python3.12/site-packages/airflow/example_dags/example_branch_python_dop_operator_3.py
[2024-07-17T10:32:18.916+0000] {processor.py:840} INFO - DAG(s) 'example_branch_dop_operator_v3' retrieved from /home/airflow/.local/lib/python3.12/site-packages/airflow/example_dags/example_branch_python_dop_operator_3.py
[2024-07-17T10:32:18.942+0000] {logging_mixin.py:188} INFO - [2024-07-17T10:32:18.942+0000] {dag.py:3096} INFO - Sync 1 DAGs
[2024-07-17T10:32:19.030+0000] {logging_mixin.py:188} INFO - [2024-07-17T10:32:19.029+0000] {dag.py:3954} INFO - Setting next_dagrun for example_branch_dop_operator_v3 to 2024-07-17 10:31:00+00:00, run_after=2024-07-17 10:32:00+00:00
[2024-07-17T10:32:19.076+0000] {processor.py:183} INFO - Processing /home/airflow/.local/lib/python3.12/site-packages/airflow/example_dags/example_branch_python_dop_operator_3.py took 0.212 seconds
[2024-07-17T10:32:49.384+0000] {processor.py:161} INFO - Started process (PID=161) to work on /home/airflow/.local/lib/python3.12/site-packages/airflow/example_dags/example_branch_python_dop_operator_3.py
[2024-07-17T10:32:49.385+0000] {processor.py:830} INFO - Processing file /home/airflow/.local/lib/python3.12/site-packages/airflow/example_dags/example_branch_python_dop_operator_3.py for tasks to queue
[2024-07-17T10:32:49.387+0000] {logging_mixin.py:188} INFO - [2024-07-17T10:32:49.387+0000] {dagbag.py:545} INFO - Filling up the DagBag from /home/airflow/.local/lib/python3.12/site-packages/airflow/example_dags/example_branch_python_dop_operator_3.py
[2024-07-17T10:32:49.400+0000] {processor.py:840} INFO - DAG(s) 'example_branch_dop_operator_v3' retrieved from /home/airflow/.local/lib/python3.12/site-packages/airflow/example_dags/example_branch_python_dop_operator_3.py
[2024-07-17T10:32:49.580+0000] {logging_mixin.py:188} INFO - [2024-07-17T10:32:49.580+0000] {dag.py:3096} INFO - Sync 1 DAGs
[2024-07-17T10:32:49.615+0000] {logging_mixin.py:188} INFO - [2024-07-17T10:32:49.615+0000] {dag.py:3954} INFO - Setting next_dagrun for example_branch_dop_operator_v3 to 2024-07-17 10:31:00+00:00, run_after=2024-07-17 10:32:00+00:00
[2024-07-17T10:32:49.653+0000] {processor.py:183} INFO - Processing /home/airflow/.local/lib/python3.12/site-packages/airflow/example_dags/example_branch_python_dop_operator_3.py took 0.278 seconds
[2024-07-17T10:33:20.552+0000] {processor.py:161} INFO - Started process (PID=221) to work on /home/airflow/.local/lib/python3.12/site-packages/airflow/example_dags/example_branch_python_dop_operator_3.py
[2024-07-17T10:33:20.553+0000] {processor.py:830} INFO - Processing file /home/airflow/.local/lib/python3.12/site-packages/airflow/example_dags/example_branch_python_dop_operator_3.py for tasks to queue
[2024-07-17T10:33:20.555+0000] {logging_mixin.py:188} INFO - [2024-07-17T10:33:20.554+0000] {dagbag.py:545} INFO - Filling up the DagBag from /home/airflow/.local/lib/python3.12/site-packages/airflow/example_dags/example_branch_python_dop_operator_3.py
[2024-07-17T10:33:20.562+0000] {processor.py:840} INFO - DAG(s) 'example_branch_dop_operator_v3' retrieved from /home/airflow/.local/lib/python3.12/site-packages/airflow/example_dags/example_branch_python_dop_operator_3.py
[2024-07-17T10:33:20.579+0000] {logging_mixin.py:188} INFO - [2024-07-17T10:33:20.579+0000] {dag.py:3096} INFO - Sync 1 DAGs
[2024-07-17T10:33:20.601+0000] {logging_mixin.py:188} INFO - [2024-07-17T10:33:20.601+0000] {dag.py:3954} INFO - Setting next_dagrun for example_branch_dop_operator_v3 to 2024-07-17 10:32:00+00:00, run_after=2024-07-17 10:33:00+00:00
[2024-07-17T10:33:20.622+0000] {processor.py:183} INFO - Processing /home/airflow/.local/lib/python3.12/site-packages/airflow/example_dags/example_branch_python_dop_operator_3.py took 0.075 seconds
[2024-07-17T10:33:50.740+0000] {processor.py:161} INFO - Started process (PID=281) to work on /home/airflow/.local/lib/python3.12/site-packages/airflow/example_dags/example_branch_python_dop_operator_3.py
[2024-07-17T10:33:50.742+0000] {processor.py:830} INFO - Processing file /home/airflow/.local/lib/python3.12/site-packages/airflow/example_dags/example_branch_python_dop_operator_3.py for tasks to queue
[2024-07-17T10:33:50.744+0000] {logging_mixin.py:188} INFO - [2024-07-17T10:33:50.744+0000] {dagbag.py:545} INFO - Filling up the DagBag from /home/airflow/.local/lib/python3.12/site-packages/airflow/example_dags/example_branch_python_dop_operator_3.py
[2024-07-17T10:33:50.756+0000] {processor.py:840} INFO - DAG(s) 'example_branch_dop_operator_v3' retrieved from /home/airflow/.local/lib/python3.12/site-packages/airflow/example_dags/example_branch_python_dop_operator_3.py
[2024-07-17T10:33:50.785+0000] {logging_mixin.py:188} INFO - [2024-07-17T10:33:50.785+0000] {dag.py:3096} INFO - Sync 1 DAGs
[2024-07-17T10:33:50.815+0000] {logging_mixin.py:188} INFO - [2024-07-17T10:33:50.814+0000] {dag.py:3954} INFO - Setting next_dagrun for example_branch_dop_operator_v3 to 2024-07-17 10:32:00+00:00, run_after=2024-07-17 10:33:00+00:00
[2024-07-17T10:33:50.841+0000] {processor.py:183} INFO - Processing /home/airflow/.local/lib/python3.12/site-packages/airflow/example_dags/example_branch_python_dop_operator_3.py took 0.107 seconds
[2024-07-17T10:34:20.933+0000] {processor.py:161} INFO - Started process (PID=341) to work on /home/airflow/.local/lib/python3.12/site-packages/airflow/example_dags/example_branch_python_dop_operator_3.py
[2024-07-17T10:34:20.934+0000] {processor.py:830} INFO - Processing file /home/airflow/.local/lib/python3.12/site-packages/airflow/example_dags/example_branch_python_dop_operator_3.py for tasks to queue
[2024-07-17T10:34:20.936+0000] {logging_mixin.py:188} INFO - [2024-07-17T10:34:20.936+0000] {dagbag.py:545} INFO - Filling up the DagBag from /home/airflow/.local/lib/python3.12/site-packages/airflow/example_dags/example_branch_python_dop_operator_3.py
[2024-07-17T10:34:20.949+0000] {processor.py:840} INFO - DAG(s) 'example_branch_dop_operator_v3' retrieved from /home/airflow/.local/lib/python3.12/site-packages/airflow/example_dags/example_branch_python_dop_operator_3.py
[2024-07-17T10:34:20.981+0000] {logging_mixin.py:188} INFO - [2024-07-17T10:34:20.980+0000] {dag.py:3096} INFO - Sync 1 DAGs
[2024-07-17T10:34:21.015+0000] {logging_mixin.py:188} INFO - [2024-07-17T10:34:21.015+0000] {dag.py:3954} INFO - Setting next_dagrun for example_branch_dop_operator_v3 to 2024-07-17 10:33:00+00:00, run_after=2024-07-17 10:34:00+00:00
[2024-07-17T10:34:21.039+0000] {processor.py:183} INFO - Processing /home/airflow/.local/lib/python3.12/site-packages/airflow/example_dags/example_branch_python_dop_operator_3.py took 0.114 seconds
[2024-07-17T10:34:51.289+0000] {processor.py:161} INFO - Started process (PID=401) to work on /home/airflow/.local/lib/python3.12/site-packages/airflow/example_dags/example_branch_python_dop_operator_3.py
[2024-07-17T10:34:51.290+0000] {processor.py:830} INFO - Processing file /home/airflow/.local/lib/python3.12/site-packages/airflow/example_dags/example_branch_python_dop_operator_3.py for tasks to queue
[2024-07-17T10:34:51.292+0000] {logging_mixin.py:188} INFO - [2024-07-17T10:34:51.292+0000] {dagbag.py:545} INFO - Filling up the DagBag from /home/airflow/.local/lib/python3.12/site-packages/airflow/example_dags/example_branch_python_dop_operator_3.py
[2024-07-17T10:34:51.299+0000] {processor.py:840} INFO - DAG(s) 'example_branch_dop_operator_v3' retrieved from /home/airflow/.local/lib/python3.12/site-packages/airflow/example_dags/example_branch_python_dop_operator_3.py
[2024-07-17T10:34:51.317+0000] {logging_mixin.py:188} INFO - [2024-07-17T10:34:51.317+0000] {dag.py:3096} INFO - Sync 1 DAGs
[2024-07-17T10:34:51.344+0000] {logging_mixin.py:188} INFO - [2024-07-17T10:34:51.344+0000] {dag.py:3954} INFO - Setting next_dagrun for example_branch_dop_operator_v3 to 2024-07-17 10:33:00+00:00, run_after=2024-07-17 10:34:00+00:00
[2024-07-17T10:34:51.366+0000] {processor.py:183} INFO - Processing /home/airflow/.local/lib/python3.12/site-packages/airflow/example_dags/example_branch_python_dop_operator_3.py took 0.081 seconds
[2024-07-17T10:35:21.701+0000] {processor.py:161} INFO - Started process (PID=461) to work on /home/airflow/.local/lib/python3.12/site-packages/airflow/example_dags/example_branch_python_dop_operator_3.py
[2024-07-17T10:35:21.702+0000] {processor.py:830} INFO - Processing file /home/airflow/.local/lib/python3.12/site-packages/airflow/example_dags/example_branch_python_dop_operator_3.py for tasks to queue
[2024-07-17T10:35:21.704+0000] {logging_mixin.py:188} INFO - [2024-07-17T10:35:21.704+0000] {dagbag.py:545} INFO - Filling up the DagBag from /home/airflow/.local/lib/python3.12/site-packages/airflow/example_dags/example_branch_python_dop_operator_3.py
[2024-07-17T10:35:21.721+0000] {processor.py:840} INFO - DAG(s) 'example_branch_dop_operator_v3' retrieved from /home/airflow/.local/lib/python3.12/site-packages/airflow/example_dags/example_branch_python_dop_operator_3.py
[2024-07-17T10:35:21.755+0000] {logging_mixin.py:188} INFO - [2024-07-17T10:35:21.754+0000] {dag.py:3096} INFO - Sync 1 DAGs
[2024-07-17T10:35:21.804+0000] {logging_mixin.py:188} INFO - [2024-07-17T10:35:21.804+0000] {dag.py:3954} INFO - Setting next_dagrun for example_branch_dop_operator_v3 to 2024-07-17 10:34:00+00:00, run_after=2024-07-17 10:35:00+00:00
[2024-07-17T10:35:21.833+0000] {processor.py:183} INFO - Processing /home/airflow/.local/lib/python3.12/site-packages/airflow/example_dags/example_branch_python_dop_operator_3.py took 0.142 seconds
[2024-07-17T10:35:51.882+0000] {processor.py:161} INFO - Started process (PID=521) to work on /home/airflow/.local/lib/python3.12/site-packages/airflow/example_dags/example_branch_python_dop_operator_3.py
[2024-07-17T10:35:51.883+0000] {processor.py:830} INFO - Processing file /home/airflow/.local/lib/python3.12/site-packages/airflow/example_dags/example_branch_python_dop_operator_3.py for tasks to queue
[2024-07-17T10:35:51.886+0000] {logging_mixin.py:188} INFO - [2024-07-17T10:35:51.885+0000] {dagbag.py:545} INFO - Filling up the DagBag from /home/airflow/.local/lib/python3.12/site-packages/airflow/example_dags/example_branch_python_dop_operator_3.py
[2024-07-17T10:35:51.897+0000] {processor.py:840} INFO - DAG(s) 'example_branch_dop_operator_v3' retrieved from /home/airflow/.local/lib/python3.12/site-packages/airflow/example_dags/example_branch_python_dop_operator_3.py
[2024-07-17T10:35:51.917+0000] {logging_mixin.py:188} INFO - [2024-07-17T10:35:51.916+0000] {dag.py:3096} INFO - Sync 1 DAGs
[2024-07-17T10:35:51.943+0000] {logging_mixin.py:188} INFO - [2024-07-17T10:35:51.943+0000] {dag.py:3954} INFO - Setting next_dagrun for example_branch_dop_operator_v3 to 2024-07-17 10:34:00+00:00, run_after=2024-07-17 10:35:00+00:00
[2024-07-17T10:35:51.963+0000] {processor.py:183} INFO - Processing /home/airflow/.local/lib/python3.12/site-packages/airflow/example_dags/example_branch_python_dop_operator_3.py took 0.087 seconds
[2024-07-17T10:36:22.063+0000] {processor.py:161} INFO - Started process (PID=581) to work on /home/airflow/.local/lib/python3.12/site-packages/airflow/example_dags/example_branch_python_dop_operator_3.py
[2024-07-17T10:36:22.064+0000] {processor.py:830} INFO - Processing file /home/airflow/.local/lib/python3.12/site-packages/airflow/example_dags/example_branch_python_dop_operator_3.py for tasks to queue
[2024-07-17T10:36:22.066+0000] {logging_mixin.py:188} INFO - [2024-07-17T10:36:22.066+0000] {dagbag.py:545} INFO - Filling up the DagBag from /home/airflow/.local/lib/python3.12/site-packages/airflow/example_dags/example_branch_python_dop_operator_3.py
[2024-07-17T10:36:22.073+0000] {processor.py:840} INFO - DAG(s) 'example_branch_dop_operator_v3' retrieved from /home/airflow/.local/lib/python3.12/site-packages/airflow/example_dags/example_branch_python_dop_operator_3.py
[2024-07-17T10:36:22.092+0000] {logging_mixin.py:188} INFO - [2024-07-17T10:36:22.092+0000] {dag.py:3096} INFO - Sync 1 DAGs
[2024-07-17T10:36:22.120+0000] {logging_mixin.py:188} INFO - [2024-07-17T10:36:22.120+0000] {dag.py:3954} INFO - Setting next_dagrun for example_branch_dop_operator_v3 to 2024-07-17 10:35:00+00:00, run_after=2024-07-17 10:36:00+00:00
[2024-07-17T10:36:22.140+0000] {processor.py:183} INFO - Processing /home/airflow/.local/lib/python3.12/site-packages/airflow/example_dags/example_branch_python_dop_operator_3.py took 0.082 seconds
[2024-07-17T13:41:17.983+0000] {processor.py:161} INFO - Started process (PID=43) to work on /home/airflow/.local/lib/python3.12/site-packages/airflow/example_dags/example_branch_python_dop_operator_3.py
[2024-07-17T13:41:17.985+0000] {processor.py:830} INFO - Processing file /home/airflow/.local/lib/python3.12/site-packages/airflow/example_dags/example_branch_python_dop_operator_3.py for tasks to queue
[2024-07-17T13:41:17.989+0000] {logging_mixin.py:188} INFO - [2024-07-17T13:41:17.989+0000] {dagbag.py:545} INFO - Filling up the DagBag from /home/airflow/.local/lib/python3.12/site-packages/airflow/example_dags/example_branch_python_dop_operator_3.py
[2024-07-17T13:41:18.006+0000] {processor.py:840} INFO - DAG(s) 'example_branch_dop_operator_v3' retrieved from /home/airflow/.local/lib/python3.12/site-packages/airflow/example_dags/example_branch_python_dop_operator_3.py
[2024-07-17T13:41:18.223+0000] {logging_mixin.py:188} INFO - [2024-07-17T13:41:18.222+0000] {dag.py:3096} INFO - Sync 1 DAGs
[2024-07-17T13:41:18.268+0000] {logging_mixin.py:188} INFO - [2024-07-17T13:41:18.265+0000] {dag.py:3954} INFO - Setting next_dagrun for example_branch_dop_operator_v3 to 2024-07-17 13:40:00+00:00, run_after=2024-07-17 13:41:00+00:00
[2024-07-17T13:41:18.317+0000] {processor.py:183} INFO - Processing /home/airflow/.local/lib/python3.12/site-packages/airflow/example_dags/example_branch_python_dop_operator_3.py took 0.344 seconds
[2024-07-17T13:41:48.790+0000] {processor.py:161} INFO - Started process (PID=103) to work on /home/airflow/.local/lib/python3.12/site-packages/airflow/example_dags/example_branch_python_dop_operator_3.py
[2024-07-17T13:41:48.792+0000] {processor.py:830} INFO - Processing file /home/airflow/.local/lib/python3.12/site-packages/airflow/example_dags/example_branch_python_dop_operator_3.py for tasks to queue
[2024-07-17T13:41:48.794+0000] {logging_mixin.py:188} INFO - [2024-07-17T13:41:48.794+0000] {dagbag.py:545} INFO - Filling up the DagBag from /home/airflow/.local/lib/python3.12/site-packages/airflow/example_dags/example_branch_python_dop_operator_3.py
[2024-07-17T13:41:48.805+0000] {processor.py:840} INFO - DAG(s) 'example_branch_dop_operator_v3' retrieved from /home/airflow/.local/lib/python3.12/site-packages/airflow/example_dags/example_branch_python_dop_operator_3.py
[2024-07-17T13:41:48.828+0000] {logging_mixin.py:188} INFO - [2024-07-17T13:41:48.828+0000] {dag.py:3096} INFO - Sync 1 DAGs
[2024-07-17T13:41:48.857+0000] {logging_mixin.py:188} INFO - [2024-07-17T13:41:48.856+0000] {dag.py:3954} INFO - Setting next_dagrun for example_branch_dop_operator_v3 to 2024-07-17 13:40:00+00:00, run_after=2024-07-17 13:41:00+00:00
[2024-07-17T13:41:48.880+0000] {processor.py:183} INFO - Processing /home/airflow/.local/lib/python3.12/site-packages/airflow/example_dags/example_branch_python_dop_operator_3.py took 0.096 seconds
[2024-07-17T13:42:19.175+0000] {processor.py:161} INFO - Started process (PID=163) to work on /home/airflow/.local/lib/python3.12/site-packages/airflow/example_dags/example_branch_python_dop_operator_3.py
[2024-07-17T13:42:19.176+0000] {processor.py:830} INFO - Processing file /home/airflow/.local/lib/python3.12/site-packages/airflow/example_dags/example_branch_python_dop_operator_3.py for tasks to queue
[2024-07-17T13:42:19.178+0000] {logging_mixin.py:188} INFO - [2024-07-17T13:42:19.177+0000] {dagbag.py:545} INFO - Filling up the DagBag from /home/airflow/.local/lib/python3.12/site-packages/airflow/example_dags/example_branch_python_dop_operator_3.py
[2024-07-17T13:42:19.185+0000] {processor.py:840} INFO - DAG(s) 'example_branch_dop_operator_v3' retrieved from /home/airflow/.local/lib/python3.12/site-packages/airflow/example_dags/example_branch_python_dop_operator_3.py
[2024-07-17T13:42:19.206+0000] {logging_mixin.py:188} INFO - [2024-07-17T13:42:19.206+0000] {dag.py:3096} INFO - Sync 1 DAGs
[2024-07-17T13:42:19.236+0000] {logging_mixin.py:188} INFO - [2024-07-17T13:42:19.235+0000] {dag.py:3954} INFO - Setting next_dagrun for example_branch_dop_operator_v3 to 2024-07-17 13:41:00+00:00, run_after=2024-07-17 13:42:00+00:00
[2024-07-17T13:42:19.258+0000] {processor.py:183} INFO - Processing /home/airflow/.local/lib/python3.12/site-packages/airflow/example_dags/example_branch_python_dop_operator_3.py took 0.089 seconds
[2024-07-17T13:42:49.341+0000] {processor.py:161} INFO - Started process (PID=221) to work on /home/airflow/.local/lib/python3.12/site-packages/airflow/example_dags/example_branch_python_dop_operator_3.py
[2024-07-17T13:42:49.342+0000] {processor.py:830} INFO - Processing file /home/airflow/.local/lib/python3.12/site-packages/airflow/example_dags/example_branch_python_dop_operator_3.py for tasks to queue
[2024-07-17T13:42:49.344+0000] {logging_mixin.py:188} INFO - [2024-07-17T13:42:49.344+0000] {dagbag.py:545} INFO - Filling up the DagBag from /home/airflow/.local/lib/python3.12/site-packages/airflow/example_dags/example_branch_python_dop_operator_3.py
[2024-07-17T13:42:49.351+0000] {processor.py:840} INFO - DAG(s) 'example_branch_dop_operator_v3' retrieved from /home/airflow/.local/lib/python3.12/site-packages/airflow/example_dags/example_branch_python_dop_operator_3.py
[2024-07-17T13:42:49.370+0000] {logging_mixin.py:188} INFO - [2024-07-17T13:42:49.369+0000] {dag.py:3096} INFO - Sync 1 DAGs
[2024-07-17T13:42:49.392+0000] {logging_mixin.py:188} INFO - [2024-07-17T13:42:49.392+0000] {dag.py:3954} INFO - Setting next_dagrun for example_branch_dop_operator_v3 to 2024-07-17 13:41:00+00:00, run_after=2024-07-17 13:42:00+00:00
[2024-07-17T13:42:49.410+0000] {processor.py:183} INFO - Processing /home/airflow/.local/lib/python3.12/site-packages/airflow/example_dags/example_branch_python_dop_operator_3.py took 0.073 seconds
[2024-07-17T13:43:19.814+0000] {processor.py:161} INFO - Started process (PID=281) to work on /home/airflow/.local/lib/python3.12/site-packages/airflow/example_dags/example_branch_python_dop_operator_3.py
[2024-07-17T13:43:19.815+0000] {processor.py:830} INFO - Processing file /home/airflow/.local/lib/python3.12/site-packages/airflow/example_dags/example_branch_python_dop_operator_3.py for tasks to queue
[2024-07-17T13:43:19.817+0000] {logging_mixin.py:188} INFO - [2024-07-17T13:43:19.817+0000] {dagbag.py:545} INFO - Filling up the DagBag from /home/airflow/.local/lib/python3.12/site-packages/airflow/example_dags/example_branch_python_dop_operator_3.py
[2024-07-17T13:43:19.824+0000] {processor.py:840} INFO - DAG(s) 'example_branch_dop_operator_v3' retrieved from /home/airflow/.local/lib/python3.12/site-packages/airflow/example_dags/example_branch_python_dop_operator_3.py
[2024-07-17T13:43:19.845+0000] {logging_mixin.py:188} INFO - [2024-07-17T13:43:19.844+0000] {dag.py:3096} INFO - Sync 1 DAGs
[2024-07-17T13:43:19.877+0000] {logging_mixin.py:188} INFO - [2024-07-17T13:43:19.876+0000] {dag.py:3954} INFO - Setting next_dagrun for example_branch_dop_operator_v3 to 2024-07-17 13:42:00+00:00, run_after=2024-07-17 13:43:00+00:00
[2024-07-17T13:43:19.896+0000] {processor.py:183} INFO - Processing /home/airflow/.local/lib/python3.12/site-packages/airflow/example_dags/example_branch_python_dop_operator_3.py took 0.088 seconds
[2024-07-17T13:43:50.256+0000] {processor.py:161} INFO - Started process (PID=341) to work on /home/airflow/.local/lib/python3.12/site-packages/airflow/example_dags/example_branch_python_dop_operator_3.py
[2024-07-17T13:43:50.258+0000] {processor.py:830} INFO - Processing file /home/airflow/.local/lib/python3.12/site-packages/airflow/example_dags/example_branch_python_dop_operator_3.py for tasks to queue
[2024-07-17T13:43:50.260+0000] {logging_mixin.py:188} INFO - [2024-07-17T13:43:50.260+0000] {dagbag.py:545} INFO - Filling up the DagBag from /home/airflow/.local/lib/python3.12/site-packages/airflow/example_dags/example_branch_python_dop_operator_3.py
[2024-07-17T13:43:50.272+0000] {processor.py:840} INFO - DAG(s) 'example_branch_dop_operator_v3' retrieved from /home/airflow/.local/lib/python3.12/site-packages/airflow/example_dags/example_branch_python_dop_operator_3.py
[2024-07-17T13:43:50.296+0000] {logging_mixin.py:188} INFO - [2024-07-17T13:43:50.296+0000] {dag.py:3096} INFO - Sync 1 DAGs
[2024-07-17T13:43:50.324+0000] {logging_mixin.py:188} INFO - [2024-07-17T13:43:50.324+0000] {dag.py:3954} INFO - Setting next_dagrun for example_branch_dop_operator_v3 to 2024-07-17 13:42:00+00:00, run_after=2024-07-17 13:43:00+00:00
[2024-07-17T13:43:50.353+0000] {processor.py:183} INFO - Processing /home/airflow/.local/lib/python3.12/site-packages/airflow/example_dags/example_branch_python_dop_operator_3.py took 0.104 seconds
[2024-07-17T13:44:20.582+0000] {processor.py:161} INFO - Started process (PID=401) to work on /home/airflow/.local/lib/python3.12/site-packages/airflow/example_dags/example_branch_python_dop_operator_3.py
[2024-07-17T13:44:20.583+0000] {processor.py:830} INFO - Processing file /home/airflow/.local/lib/python3.12/site-packages/airflow/example_dags/example_branch_python_dop_operator_3.py for tasks to queue
[2024-07-17T13:44:20.585+0000] {logging_mixin.py:188} INFO - [2024-07-17T13:44:20.585+0000] {dagbag.py:545} INFO - Filling up the DagBag from /home/airflow/.local/lib/python3.12/site-packages/airflow/example_dags/example_branch_python_dop_operator_3.py
[2024-07-17T13:44:20.597+0000] {processor.py:840} INFO - DAG(s) 'example_branch_dop_operator_v3' retrieved from /home/airflow/.local/lib/python3.12/site-packages/airflow/example_dags/example_branch_python_dop_operator_3.py
[2024-07-17T13:44:20.621+0000] {logging_mixin.py:188} INFO - [2024-07-17T13:44:20.621+0000] {dag.py:3096} INFO - Sync 1 DAGs
[2024-07-17T13:44:20.660+0000] {logging_mixin.py:188} INFO - [2024-07-17T13:44:20.660+0000] {dag.py:3954} INFO - Setting next_dagrun for example_branch_dop_operator_v3 to 2024-07-17 13:43:00+00:00, run_after=2024-07-17 13:44:00+00:00
[2024-07-17T13:44:20.686+0000] {processor.py:183} INFO - Processing /home/airflow/.local/lib/python3.12/site-packages/airflow/example_dags/example_branch_python_dop_operator_3.py took 0.112 seconds
[2024-07-17T13:44:51.657+0000] {processor.py:161} INFO - Started process (PID=461) to work on /home/airflow/.local/lib/python3.12/site-packages/airflow/example_dags/example_branch_python_dop_operator_3.py
[2024-07-17T13:44:51.658+0000] {processor.py:830} INFO - Processing file /home/airflow/.local/lib/python3.12/site-packages/airflow/example_dags/example_branch_python_dop_operator_3.py for tasks to queue
[2024-07-17T13:44:51.660+0000] {logging_mixin.py:188} INFO - [2024-07-17T13:44:51.660+0000] {dagbag.py:545} INFO - Filling up the DagBag from /home/airflow/.local/lib/python3.12/site-packages/airflow/example_dags/example_branch_python_dop_operator_3.py
[2024-07-17T13:44:51.669+0000] {processor.py:840} INFO - DAG(s) 'example_branch_dop_operator_v3' retrieved from /home/airflow/.local/lib/python3.12/site-packages/airflow/example_dags/example_branch_python_dop_operator_3.py
[2024-07-17T13:44:51.696+0000] {logging_mixin.py:188} INFO - [2024-07-17T13:44:51.695+0000] {dag.py:3096} INFO - Sync 1 DAGs
[2024-07-17T13:44:51.731+0000] {logging_mixin.py:188} INFO - [2024-07-17T13:44:51.731+0000] {dag.py:3954} INFO - Setting next_dagrun for example_branch_dop_operator_v3 to 2024-07-17 13:43:00+00:00, run_after=2024-07-17 13:44:00+00:00
[2024-07-17T13:44:51.754+0000] {processor.py:183} INFO - Processing /home/airflow/.local/lib/python3.12/site-packages/airflow/example_dags/example_branch_python_dop_operator_3.py took 0.105 seconds
[2024-07-17T13:45:21.844+0000] {processor.py:161} INFO - Started process (PID=521) to work on /home/airflow/.local/lib/python3.12/site-packages/airflow/example_dags/example_branch_python_dop_operator_3.py
[2024-07-17T13:45:21.845+0000] {processor.py:830} INFO - Processing file /home/airflow/.local/lib/python3.12/site-packages/airflow/example_dags/example_branch_python_dop_operator_3.py for tasks to queue
[2024-07-17T13:45:21.847+0000] {logging_mixin.py:188} INFO - [2024-07-17T13:45:21.847+0000] {dagbag.py:545} INFO - Filling up the DagBag from /home/airflow/.local/lib/python3.12/site-packages/airflow/example_dags/example_branch_python_dop_operator_3.py
[2024-07-17T13:45:21.859+0000] {processor.py:840} INFO - DAG(s) 'example_branch_dop_operator_v3' retrieved from /home/airflow/.local/lib/python3.12/site-packages/airflow/example_dags/example_branch_python_dop_operator_3.py
[2024-07-17T13:45:21.884+0000] {logging_mixin.py:188} INFO - [2024-07-17T13:45:21.884+0000] {dag.py:3096} INFO - Sync 1 DAGs
[2024-07-17T13:45:21.920+0000] {logging_mixin.py:188} INFO - [2024-07-17T13:45:21.920+0000] {dag.py:3954} INFO - Setting next_dagrun for example_branch_dop_operator_v3 to 2024-07-17 13:44:00+00:00, run_after=2024-07-17 13:45:00+00:00
[2024-07-17T13:45:21.954+0000] {processor.py:183} INFO - Processing /home/airflow/.local/lib/python3.12/site-packages/airflow/example_dags/example_branch_python_dop_operator_3.py took 0.116 seconds
[2024-07-17T13:45:52.194+0000] {processor.py:161} INFO - Started process (PID=581) to work on /home/airflow/.local/lib/python3.12/site-packages/airflow/example_dags/example_branch_python_dop_operator_3.py
[2024-07-17T13:45:52.195+0000] {processor.py:830} INFO - Processing file /home/airflow/.local/lib/python3.12/site-packages/airflow/example_dags/example_branch_python_dop_operator_3.py for tasks to queue
[2024-07-17T13:45:52.198+0000] {logging_mixin.py:188} INFO - [2024-07-17T13:45:52.197+0000] {dagbag.py:545} INFO - Filling up the DagBag from /home/airflow/.local/lib/python3.12/site-packages/airflow/example_dags/example_branch_python_dop_operator_3.py
[2024-07-17T13:45:52.208+0000] {processor.py:840} INFO - DAG(s) 'example_branch_dop_operator_v3' retrieved from /home/airflow/.local/lib/python3.12/site-packages/airflow/example_dags/example_branch_python_dop_operator_3.py
[2024-07-17T13:45:52.235+0000] {logging_mixin.py:188} INFO - [2024-07-17T13:45:52.235+0000] {dag.py:3096} INFO - Sync 1 DAGs
[2024-07-17T13:45:52.272+0000] {logging_mixin.py:188} INFO - [2024-07-17T13:45:52.272+0000] {dag.py:3954} INFO - Setting next_dagrun for example_branch_dop_operator_v3 to 2024-07-17 13:44:00+00:00, run_after=2024-07-17 13:45:00+00:00
[2024-07-17T13:45:52.301+0000] {processor.py:183} INFO - Processing /home/airflow/.local/lib/python3.12/site-packages/airflow/example_dags/example_branch_python_dop_operator_3.py took 0.115 seconds
[2024-07-17T13:46:22.450+0000] {processor.py:161} INFO - Started process (PID=641) to work on /home/airflow/.local/lib/python3.12/site-packages/airflow/example_dags/example_branch_python_dop_operator_3.py
[2024-07-17T13:46:22.451+0000] {processor.py:830} INFO - Processing file /home/airflow/.local/lib/python3.12/site-packages/airflow/example_dags/example_branch_python_dop_operator_3.py for tasks to queue
[2024-07-17T13:46:22.453+0000] {logging_mixin.py:188} INFO - [2024-07-17T13:46:22.453+0000] {dagbag.py:545} INFO - Filling up the DagBag from /home/airflow/.local/lib/python3.12/site-packages/airflow/example_dags/example_branch_python_dop_operator_3.py
[2024-07-17T13:46:22.464+0000] {processor.py:840} INFO - DAG(s) 'example_branch_dop_operator_v3' retrieved from /home/airflow/.local/lib/python3.12/site-packages/airflow/example_dags/example_branch_python_dop_operator_3.py
[2024-07-17T13:46:22.490+0000] {logging_mixin.py:188} INFO - [2024-07-17T13:46:22.490+0000] {dag.py:3096} INFO - Sync 1 DAGs
[2024-07-17T13:46:22.528+0000] {logging_mixin.py:188} INFO - [2024-07-17T13:46:22.528+0000] {dag.py:3954} INFO - Setting next_dagrun for example_branch_dop_operator_v3 to 2024-07-17 13:45:00+00:00, run_after=2024-07-17 13:46:00+00:00
[2024-07-17T13:46:22.554+0000] {processor.py:183} INFO - Processing /home/airflow/.local/lib/python3.12/site-packages/airflow/example_dags/example_branch_python_dop_operator_3.py took 0.110 seconds
[2024-07-17T13:46:52.824+0000] {processor.py:161} INFO - Started process (PID=701) to work on /home/airflow/.local/lib/python3.12/site-packages/airflow/example_dags/example_branch_python_dop_operator_3.py
[2024-07-17T13:46:52.825+0000] {processor.py:830} INFO - Processing file /home/airflow/.local/lib/python3.12/site-packages/airflow/example_dags/example_branch_python_dop_operator_3.py for tasks to queue
[2024-07-17T13:46:52.828+0000] {logging_mixin.py:188} INFO - [2024-07-17T13:46:52.827+0000] {dagbag.py:545} INFO - Filling up the DagBag from /home/airflow/.local/lib/python3.12/site-packages/airflow/example_dags/example_branch_python_dop_operator_3.py
[2024-07-17T13:46:52.839+0000] {processor.py:840} INFO - DAG(s) 'example_branch_dop_operator_v3' retrieved from /home/airflow/.local/lib/python3.12/site-packages/airflow/example_dags/example_branch_python_dop_operator_3.py
[2024-07-17T13:46:52.864+0000] {logging_mixin.py:188} INFO - [2024-07-17T13:46:52.863+0000] {dag.py:3096} INFO - Sync 1 DAGs
[2024-07-17T13:46:52.900+0000] {logging_mixin.py:188} INFO - [2024-07-17T13:46:52.899+0000] {dag.py:3954} INFO - Setting next_dagrun for example_branch_dop_operator_v3 to 2024-07-17 13:45:00+00:00, run_after=2024-07-17 13:46:00+00:00
[2024-07-17T13:46:52.927+0000] {processor.py:183} INFO - Processing /home/airflow/.local/lib/python3.12/site-packages/airflow/example_dags/example_branch_python_dop_operator_3.py took 0.109 seconds
[2024-07-17T13:47:23.103+0000] {processor.py:161} INFO - Started process (PID=761) to work on /home/airflow/.local/lib/python3.12/site-packages/airflow/example_dags/example_branch_python_dop_operator_3.py
[2024-07-17T13:47:23.104+0000] {processor.py:830} INFO - Processing file /home/airflow/.local/lib/python3.12/site-packages/airflow/example_dags/example_branch_python_dop_operator_3.py for tasks to queue
[2024-07-17T13:47:23.107+0000] {logging_mixin.py:188} INFO - [2024-07-17T13:47:23.106+0000] {dagbag.py:545} INFO - Filling up the DagBag from /home/airflow/.local/lib/python3.12/site-packages/airflow/example_dags/example_branch_python_dop_operator_3.py
[2024-07-17T13:47:23.117+0000] {processor.py:840} INFO - DAG(s) 'example_branch_dop_operator_v3' retrieved from /home/airflow/.local/lib/python3.12/site-packages/airflow/example_dags/example_branch_python_dop_operator_3.py
[2024-07-17T13:47:23.144+0000] {logging_mixin.py:188} INFO - [2024-07-17T13:47:23.143+0000] {dag.py:3096} INFO - Sync 1 DAGs
[2024-07-17T13:47:23.180+0000] {logging_mixin.py:188} INFO - [2024-07-17T13:47:23.180+0000] {dag.py:3954} INFO - Setting next_dagrun for example_branch_dop_operator_v3 to 2024-07-17 13:46:00+00:00, run_after=2024-07-17 13:47:00+00:00
[2024-07-17T13:47:23.204+0000] {processor.py:183} INFO - Processing /home/airflow/.local/lib/python3.12/site-packages/airflow/example_dags/example_branch_python_dop_operator_3.py took 0.108 seconds
[2024-07-17T13:47:53.751+0000] {processor.py:161} INFO - Started process (PID=821) to work on /home/airflow/.local/lib/python3.12/site-packages/airflow/example_dags/example_branch_python_dop_operator_3.py
[2024-07-17T13:47:53.752+0000] {processor.py:830} INFO - Processing file /home/airflow/.local/lib/python3.12/site-packages/airflow/example_dags/example_branch_python_dop_operator_3.py for tasks to queue
[2024-07-17T13:47:53.754+0000] {logging_mixin.py:188} INFO - [2024-07-17T13:47:53.753+0000] {dagbag.py:545} INFO - Filling up the DagBag from /home/airflow/.local/lib/python3.12/site-packages/airflow/example_dags/example_branch_python_dop_operator_3.py
[2024-07-17T13:47:53.764+0000] {processor.py:840} INFO - DAG(s) 'example_branch_dop_operator_v3' retrieved from /home/airflow/.local/lib/python3.12/site-packages/airflow/example_dags/example_branch_python_dop_operator_3.py
[2024-07-17T13:47:53.787+0000] {logging_mixin.py:188} INFO - [2024-07-17T13:47:53.787+0000] {dag.py:3096} INFO - Sync 1 DAGs
[2024-07-17T13:47:53.821+0000] {logging_mixin.py:188} INFO - [2024-07-17T13:47:53.821+0000] {dag.py:3954} INFO - Setting next_dagrun for example_branch_dop_operator_v3 to 2024-07-17 13:46:00+00:00, run_after=2024-07-17 13:47:00+00:00
[2024-07-17T13:47:53.848+0000] {processor.py:183} INFO - Processing /home/airflow/.local/lib/python3.12/site-packages/airflow/example_dags/example_branch_python_dop_operator_3.py took 0.104 seconds
[2024-07-17T13:48:24.874+0000] {processor.py:161} INFO - Started process (PID=881) to work on /home/airflow/.local/lib/python3.12/site-packages/airflow/example_dags/example_branch_python_dop_operator_3.py
[2024-07-17T13:48:24.875+0000] {processor.py:830} INFO - Processing file /home/airflow/.local/lib/python3.12/site-packages/airflow/example_dags/example_branch_python_dop_operator_3.py for tasks to queue
[2024-07-17T13:48:24.877+0000] {logging_mixin.py:188} INFO - [2024-07-17T13:48:24.876+0000] {dagbag.py:545} INFO - Filling up the DagBag from /home/airflow/.local/lib/python3.12/site-packages/airflow/example_dags/example_branch_python_dop_operator_3.py
[2024-07-17T13:48:24.886+0000] {processor.py:840} INFO - DAG(s) 'example_branch_dop_operator_v3' retrieved from /home/airflow/.local/lib/python3.12/site-packages/airflow/example_dags/example_branch_python_dop_operator_3.py
[2024-07-17T13:48:24.910+0000] {logging_mixin.py:188} INFO - [2024-07-17T13:48:24.910+0000] {dag.py:3096} INFO - Sync 1 DAGs
[2024-07-17T13:48:24.939+0000] {logging_mixin.py:188} INFO - [2024-07-17T13:48:24.939+0000] {dag.py:3954} INFO - Setting next_dagrun for example_branch_dop_operator_v3 to 2024-07-17 13:47:00+00:00, run_after=2024-07-17 13:48:00+00:00
[2024-07-17T13:48:24.964+0000] {processor.py:183} INFO - Processing /home/airflow/.local/lib/python3.12/site-packages/airflow/example_dags/example_branch_python_dop_operator_3.py took 0.095 seconds
[2024-07-17T13:48:55.161+0000] {processor.py:161} INFO - Started process (PID=941) to work on /home/airflow/.local/lib/python3.12/site-packages/airflow/example_dags/example_branch_python_dop_operator_3.py
[2024-07-17T13:48:55.162+0000] {processor.py:830} INFO - Processing file /home/airflow/.local/lib/python3.12/site-packages/airflow/example_dags/example_branch_python_dop_operator_3.py for tasks to queue
[2024-07-17T13:48:55.164+0000] {logging_mixin.py:188} INFO - [2024-07-17T13:48:55.163+0000] {dagbag.py:545} INFO - Filling up the DagBag from /home/airflow/.local/lib/python3.12/site-packages/airflow/example_dags/example_branch_python_dop_operator_3.py
[2024-07-17T13:48:55.174+0000] {processor.py:840} INFO - DAG(s) 'example_branch_dop_operator_v3' retrieved from /home/airflow/.local/lib/python3.12/site-packages/airflow/example_dags/example_branch_python_dop_operator_3.py
[2024-07-17T13:48:55.195+0000] {logging_mixin.py:188} INFO - [2024-07-17T13:48:55.195+0000] {dag.py:3096} INFO - Sync 1 DAGs
[2024-07-17T13:48:55.226+0000] {logging_mixin.py:188} INFO - [2024-07-17T13:48:55.226+0000] {dag.py:3954} INFO - Setting next_dagrun for example_branch_dop_operator_v3 to 2024-07-17 13:47:00+00:00, run_after=2024-07-17 13:48:00+00:00
[2024-07-17T13:48:55.250+0000] {processor.py:183} INFO - Processing /home/airflow/.local/lib/python3.12/site-packages/airflow/example_dags/example_branch_python_dop_operator_3.py took 0.095 seconds
[2024-07-17T13:49:25.664+0000] {processor.py:161} INFO - Started process (PID=1001) to work on /home/airflow/.local/lib/python3.12/site-packages/airflow/example_dags/example_branch_python_dop_operator_3.py
[2024-07-17T13:49:25.665+0000] {processor.py:830} INFO - Processing file /home/airflow/.local/lib/python3.12/site-packages/airflow/example_dags/example_branch_python_dop_operator_3.py for tasks to queue
[2024-07-17T13:49:25.668+0000] {logging_mixin.py:188} INFO - [2024-07-17T13:49:25.667+0000] {dagbag.py:545} INFO - Filling up the DagBag from /home/airflow/.local/lib/python3.12/site-packages/airflow/example_dags/example_branch_python_dop_operator_3.py
[2024-07-17T13:49:25.676+0000] {processor.py:840} INFO - DAG(s) 'example_branch_dop_operator_v3' retrieved from /home/airflow/.local/lib/python3.12/site-packages/airflow/example_dags/example_branch_python_dop_operator_3.py
[2024-07-17T13:49:25.697+0000] {logging_mixin.py:188} INFO - [2024-07-17T13:49:25.697+0000] {dag.py:3096} INFO - Sync 1 DAGs
[2024-07-17T13:49:25.733+0000] {logging_mixin.py:188} INFO - [2024-07-17T13:49:25.733+0000] {dag.py:3954} INFO - Setting next_dagrun for example_branch_dop_operator_v3 to 2024-07-17 13:48:00+00:00, run_after=2024-07-17 13:49:00+00:00
[2024-07-17T13:49:25.764+0000] {processor.py:183} INFO - Processing /home/airflow/.local/lib/python3.12/site-packages/airflow/example_dags/example_branch_python_dop_operator_3.py took 0.107 seconds
[2024-07-17T13:49:55.830+0000] {processor.py:161} INFO - Started process (PID=1061) to work on /home/airflow/.local/lib/python3.12/site-packages/airflow/example_dags/example_branch_python_dop_operator_3.py
[2024-07-17T13:49:55.831+0000] {processor.py:830} INFO - Processing file /home/airflow/.local/lib/python3.12/site-packages/airflow/example_dags/example_branch_python_dop_operator_3.py for tasks to queue
[2024-07-17T13:49:55.833+0000] {logging_mixin.py:188} INFO - [2024-07-17T13:49:55.832+0000] {dagbag.py:545} INFO - Filling up the DagBag from /home/airflow/.local/lib/python3.12/site-packages/airflow/example_dags/example_branch_python_dop_operator_3.py
[2024-07-17T13:49:55.846+0000] {processor.py:840} INFO - DAG(s) 'example_branch_dop_operator_v3' retrieved from /home/airflow/.local/lib/python3.12/site-packages/airflow/example_dags/example_branch_python_dop_operator_3.py
[2024-07-17T13:49:55.875+0000] {logging_mixin.py:188} INFO - [2024-07-17T13:49:55.874+0000] {dag.py:3096} INFO - Sync 1 DAGs
[2024-07-17T13:49:55.907+0000] {logging_mixin.py:188} INFO - [2024-07-17T13:49:55.907+0000] {dag.py:3954} INFO - Setting next_dagrun for example_branch_dop_operator_v3 to 2024-07-17 13:48:00+00:00, run_after=2024-07-17 13:49:00+00:00
[2024-07-17T13:49:55.934+0000] {processor.py:183} INFO - Processing /home/airflow/.local/lib/python3.12/site-packages/airflow/example_dags/example_branch_python_dop_operator_3.py took 0.109 seconds
[2024-07-17T13:50:26.316+0000] {processor.py:161} INFO - Started process (PID=1121) to work on /home/airflow/.local/lib/python3.12/site-packages/airflow/example_dags/example_branch_python_dop_operator_3.py
[2024-07-17T13:50:26.317+0000] {processor.py:830} INFO - Processing file /home/airflow/.local/lib/python3.12/site-packages/airflow/example_dags/example_branch_python_dop_operator_3.py for tasks to queue
[2024-07-17T13:50:26.319+0000] {logging_mixin.py:188} INFO - [2024-07-17T13:50:26.319+0000] {dagbag.py:545} INFO - Filling up the DagBag from /home/airflow/.local/lib/python3.12/site-packages/airflow/example_dags/example_branch_python_dop_operator_3.py
[2024-07-17T13:50:26.331+0000] {processor.py:840} INFO - DAG(s) 'example_branch_dop_operator_v3' retrieved from /home/airflow/.local/lib/python3.12/site-packages/airflow/example_dags/example_branch_python_dop_operator_3.py
[2024-07-17T13:50:26.356+0000] {logging_mixin.py:188} INFO - [2024-07-17T13:50:26.356+0000] {dag.py:3096} INFO - Sync 1 DAGs
[2024-07-17T13:50:26.392+0000] {logging_mixin.py:188} INFO - [2024-07-17T13:50:26.391+0000] {dag.py:3954} INFO - Setting next_dagrun for example_branch_dop_operator_v3 to 2024-07-17 13:49:00+00:00, run_after=2024-07-17 13:50:00+00:00
[2024-07-17T13:50:26.425+0000] {processor.py:183} INFO - Processing /home/airflow/.local/lib/python3.12/site-packages/airflow/example_dags/example_branch_python_dop_operator_3.py took 0.116 seconds
[2024-07-17T13:51:29.889+0000] {processor.py:161} INFO - Started process (PID=1161) to work on /home/airflow/.local/lib/python3.12/site-packages/airflow/example_dags/example_branch_python_dop_operator_3.py
[2024-07-17T13:51:29.890+0000] {processor.py:830} INFO - Processing file /home/airflow/.local/lib/python3.12/site-packages/airflow/example_dags/example_branch_python_dop_operator_3.py for tasks to queue
[2024-07-17T13:51:29.892+0000] {logging_mixin.py:188} INFO - [2024-07-17T13:51:29.892+0000] {dagbag.py:545} INFO - Filling up the DagBag from /home/airflow/.local/lib/python3.12/site-packages/airflow/example_dags/example_branch_python_dop_operator_3.py
[2024-07-17T13:51:29.902+0000] {processor.py:840} INFO - DAG(s) 'example_branch_dop_operator_v3' retrieved from /home/airflow/.local/lib/python3.12/site-packages/airflow/example_dags/example_branch_python_dop_operator_3.py
[2024-07-17T13:51:29.926+0000] {logging_mixin.py:188} INFO - [2024-07-17T13:51:29.925+0000] {dag.py:3096} INFO - Sync 1 DAGs
[2024-07-17T13:51:29.960+0000] {logging_mixin.py:188} INFO - [2024-07-17T13:51:29.960+0000] {dag.py:3954} INFO - Setting next_dagrun for example_branch_dop_operator_v3 to 2024-07-17 13:50:00+00:00, run_after=2024-07-17 13:51:00+00:00
[2024-07-17T13:51:29.984+0000] {processor.py:183} INFO - Processing /home/airflow/.local/lib/python3.12/site-packages/airflow/example_dags/example_branch_python_dop_operator_3.py took 0.102 seconds
[2024-07-17T13:52:00.505+0000] {processor.py:161} INFO - Started process (PID=1221) to work on /home/airflow/.local/lib/python3.12/site-packages/airflow/example_dags/example_branch_python_dop_operator_3.py
[2024-07-17T13:52:00.507+0000] {processor.py:830} INFO - Processing file /home/airflow/.local/lib/python3.12/site-packages/airflow/example_dags/example_branch_python_dop_operator_3.py for tasks to queue
[2024-07-17T13:52:00.509+0000] {logging_mixin.py:188} INFO - [2024-07-17T13:52:00.509+0000] {dagbag.py:545} INFO - Filling up the DagBag from /home/airflow/.local/lib/python3.12/site-packages/airflow/example_dags/example_branch_python_dop_operator_3.py
[2024-07-17T13:52:00.520+0000] {processor.py:840} INFO - DAG(s) 'example_branch_dop_operator_v3' retrieved from /home/airflow/.local/lib/python3.12/site-packages/airflow/example_dags/example_branch_python_dop_operator_3.py
[2024-07-17T13:52:00.543+0000] {logging_mixin.py:188} INFO - [2024-07-17T13:52:00.543+0000] {dag.py:3096} INFO - Sync 1 DAGs
[2024-07-17T13:52:00.575+0000] {logging_mixin.py:188} INFO - [2024-07-17T13:52:00.574+0000] {dag.py:3954} INFO - Setting next_dagrun for example_branch_dop_operator_v3 to 2024-07-17 13:51:00+00:00, run_after=2024-07-17 13:52:00+00:00
[2024-07-17T13:52:00.602+0000] {processor.py:183} INFO - Processing /home/airflow/.local/lib/python3.12/site-packages/airflow/example_dags/example_branch_python_dop_operator_3.py took 0.104 seconds
[2024-07-17T13:52:31.543+0000] {processor.py:161} INFO - Started process (PID=1281) to work on /home/airflow/.local/lib/python3.12/site-packages/airflow/example_dags/example_branch_python_dop_operator_3.py
[2024-07-17T13:52:31.544+0000] {processor.py:830} INFO - Processing file /home/airflow/.local/lib/python3.12/site-packages/airflow/example_dags/example_branch_python_dop_operator_3.py for tasks to queue
[2024-07-17T13:52:31.546+0000] {logging_mixin.py:188} INFO - [2024-07-17T13:52:31.546+0000] {dagbag.py:545} INFO - Filling up the DagBag from /home/airflow/.local/lib/python3.12/site-packages/airflow/example_dags/example_branch_python_dop_operator_3.py
[2024-07-17T13:52:31.557+0000] {processor.py:840} INFO - DAG(s) 'example_branch_dop_operator_v3' retrieved from /home/airflow/.local/lib/python3.12/site-packages/airflow/example_dags/example_branch_python_dop_operator_3.py
[2024-07-17T13:52:31.586+0000] {logging_mixin.py:188} INFO - [2024-07-17T13:52:31.586+0000] {dag.py:3096} INFO - Sync 1 DAGs
[2024-07-17T13:52:31.631+0000] {logging_mixin.py:188} INFO - [2024-07-17T13:52:31.630+0000] {dag.py:3954} INFO - Setting next_dagrun for example_branch_dop_operator_v3 to 2024-07-17 13:51:00+00:00, run_after=2024-07-17 13:52:00+00:00
[2024-07-17T13:52:31.660+0000] {processor.py:183} INFO - Processing /home/airflow/.local/lib/python3.12/site-packages/airflow/example_dags/example_branch_python_dop_operator_3.py took 0.125 seconds
[2024-07-17T13:53:01.769+0000] {processor.py:161} INFO - Started process (PID=1340) to work on /home/airflow/.local/lib/python3.12/site-packages/airflow/example_dags/example_branch_python_dop_operator_3.py
[2024-07-17T13:53:01.770+0000] {processor.py:830} INFO - Processing file /home/airflow/.local/lib/python3.12/site-packages/airflow/example_dags/example_branch_python_dop_operator_3.py for tasks to queue
[2024-07-17T13:53:01.772+0000] {logging_mixin.py:188} INFO - [2024-07-17T13:53:01.772+0000] {dagbag.py:545} INFO - Filling up the DagBag from /home/airflow/.local/lib/python3.12/site-packages/airflow/example_dags/example_branch_python_dop_operator_3.py
[2024-07-17T13:53:01.783+0000] {processor.py:840} INFO - DAG(s) 'example_branch_dop_operator_v3' retrieved from /home/airflow/.local/lib/python3.12/site-packages/airflow/example_dags/example_branch_python_dop_operator_3.py
[2024-07-17T13:53:01.812+0000] {logging_mixin.py:188} INFO - [2024-07-17T13:53:01.812+0000] {dag.py:3096} INFO - Sync 1 DAGs
[2024-07-17T13:53:01.844+0000] {logging_mixin.py:188} INFO - [2024-07-17T13:53:01.843+0000] {dag.py:3954} INFO - Setting next_dagrun for example_branch_dop_operator_v3 to 2024-07-17 13:52:00+00:00, run_after=2024-07-17 13:53:00+00:00
[2024-07-17T13:53:01.870+0000] {processor.py:183} INFO - Processing /home/airflow/.local/lib/python3.12/site-packages/airflow/example_dags/example_branch_python_dop_operator_3.py took 0.108 seconds
[2024-07-17T13:53:31.923+0000] {processor.py:161} INFO - Started process (PID=1400) to work on /home/airflow/.local/lib/python3.12/site-packages/airflow/example_dags/example_branch_python_dop_operator_3.py
[2024-07-17T13:53:31.924+0000] {processor.py:830} INFO - Processing file /home/airflow/.local/lib/python3.12/site-packages/airflow/example_dags/example_branch_python_dop_operator_3.py for tasks to queue
[2024-07-17T13:53:31.926+0000] {logging_mixin.py:188} INFO - [2024-07-17T13:53:31.926+0000] {dagbag.py:545} INFO - Filling up the DagBag from /home/airflow/.local/lib/python3.12/site-packages/airflow/example_dags/example_branch_python_dop_operator_3.py
[2024-07-17T13:53:31.934+0000] {processor.py:840} INFO - DAG(s) 'example_branch_dop_operator_v3' retrieved from /home/airflow/.local/lib/python3.12/site-packages/airflow/example_dags/example_branch_python_dop_operator_3.py
[2024-07-17T13:53:31.954+0000] {logging_mixin.py:188} INFO - [2024-07-17T13:53:31.954+0000] {dag.py:3096} INFO - Sync 1 DAGs
[2024-07-17T13:53:31.981+0000] {logging_mixin.py:188} INFO - [2024-07-17T13:53:31.981+0000] {dag.py:3954} INFO - Setting next_dagrun for example_branch_dop_operator_v3 to 2024-07-17 13:52:00+00:00, run_after=2024-07-17 13:53:00+00:00
[2024-07-17T13:53:32.000+0000] {processor.py:183} INFO - Processing /home/airflow/.local/lib/python3.12/site-packages/airflow/example_dags/example_branch_python_dop_operator_3.py took 0.082 seconds
[2024-07-17T13:54:02.435+0000] {processor.py:161} INFO - Started process (PID=1460) to work on /home/airflow/.local/lib/python3.12/site-packages/airflow/example_dags/example_branch_python_dop_operator_3.py
[2024-07-17T13:54:02.436+0000] {processor.py:830} INFO - Processing file /home/airflow/.local/lib/python3.12/site-packages/airflow/example_dags/example_branch_python_dop_operator_3.py for tasks to queue
[2024-07-17T13:54:02.438+0000] {logging_mixin.py:188} INFO - [2024-07-17T13:54:02.438+0000] {dagbag.py:545} INFO - Filling up the DagBag from /home/airflow/.local/lib/python3.12/site-packages/airflow/example_dags/example_branch_python_dop_operator_3.py
[2024-07-17T13:54:02.449+0000] {processor.py:840} INFO - DAG(s) 'example_branch_dop_operator_v3' retrieved from /home/airflow/.local/lib/python3.12/site-packages/airflow/example_dags/example_branch_python_dop_operator_3.py
[2024-07-17T13:54:02.471+0000] {logging_mixin.py:188} INFO - [2024-07-17T13:54:02.471+0000] {dag.py:3096} INFO - Sync 1 DAGs
[2024-07-17T13:54:02.503+0000] {logging_mixin.py:188} INFO - [2024-07-17T13:54:02.503+0000] {dag.py:3954} INFO - Setting next_dagrun for example_branch_dop_operator_v3 to 2024-07-17 13:53:00+00:00, run_after=2024-07-17 13:54:00+00:00
[2024-07-17T13:54:02.529+0000] {processor.py:183} INFO - Processing /home/airflow/.local/lib/python3.12/site-packages/airflow/example_dags/example_branch_python_dop_operator_3.py took 0.102 seconds
[2024-07-17T13:54:32.954+0000] {processor.py:161} INFO - Started process (PID=1520) to work on /home/airflow/.local/lib/python3.12/site-packages/airflow/example_dags/example_branch_python_dop_operator_3.py
[2024-07-17T13:54:32.956+0000] {processor.py:830} INFO - Processing file /home/airflow/.local/lib/python3.12/site-packages/airflow/example_dags/example_branch_python_dop_operator_3.py for tasks to queue
[2024-07-17T13:54:32.959+0000] {logging_mixin.py:188} INFO - [2024-07-17T13:54:32.958+0000] {dagbag.py:545} INFO - Filling up the DagBag from /home/airflow/.local/lib/python3.12/site-packages/airflow/example_dags/example_branch_python_dop_operator_3.py
[2024-07-17T13:54:32.977+0000] {processor.py:840} INFO - DAG(s) 'example_branch_dop_operator_v3' retrieved from /home/airflow/.local/lib/python3.12/site-packages/airflow/example_dags/example_branch_python_dop_operator_3.py
[2024-07-17T13:54:33.025+0000] {logging_mixin.py:188} INFO - [2024-07-17T13:54:33.025+0000] {dag.py:3096} INFO - Sync 1 DAGs
[2024-07-17T13:54:33.069+0000] {logging_mixin.py:188} INFO - [2024-07-17T13:54:33.068+0000] {dag.py:3954} INFO - Setting next_dagrun for example_branch_dop_operator_v3 to 2024-07-17 13:53:00+00:00, run_after=2024-07-17 13:54:00+00:00
[2024-07-17T13:54:33.093+0000] {processor.py:183} INFO - Processing /home/airflow/.local/lib/python3.12/site-packages/airflow/example_dags/example_branch_python_dop_operator_3.py took 0.149 seconds
[2024-07-17T13:55:03.599+0000] {processor.py:161} INFO - Started process (PID=1580) to work on /home/airflow/.local/lib/python3.12/site-packages/airflow/example_dags/example_branch_python_dop_operator_3.py
[2024-07-17T13:55:03.600+0000] {processor.py:830} INFO - Processing file /home/airflow/.local/lib/python3.12/site-packages/airflow/example_dags/example_branch_python_dop_operator_3.py for tasks to queue
[2024-07-17T13:55:03.602+0000] {logging_mixin.py:188} INFO - [2024-07-17T13:55:03.602+0000] {dagbag.py:545} INFO - Filling up the DagBag from /home/airflow/.local/lib/python3.12/site-packages/airflow/example_dags/example_branch_python_dop_operator_3.py
[2024-07-17T13:55:03.615+0000] {processor.py:840} INFO - DAG(s) 'example_branch_dop_operator_v3' retrieved from /home/airflow/.local/lib/python3.12/site-packages/airflow/example_dags/example_branch_python_dop_operator_3.py
[2024-07-17T13:55:03.643+0000] {logging_mixin.py:188} INFO - [2024-07-17T13:55:03.643+0000] {dag.py:3096} INFO - Sync 1 DAGs
[2024-07-17T13:55:03.687+0000] {logging_mixin.py:188} INFO - [2024-07-17T13:55:03.687+0000] {dag.py:3954} INFO - Setting next_dagrun for example_branch_dop_operator_v3 to 2024-07-17 13:54:00+00:00, run_after=2024-07-17 13:55:00+00:00
[2024-07-17T13:55:03.718+0000] {processor.py:183} INFO - Processing /home/airflow/.local/lib/python3.12/site-packages/airflow/example_dags/example_branch_python_dop_operator_3.py took 0.126 seconds
[2024-07-17T13:55:33.767+0000] {processor.py:161} INFO - Started process (PID=1640) to work on /home/airflow/.local/lib/python3.12/site-packages/airflow/example_dags/example_branch_python_dop_operator_3.py
[2024-07-17T13:55:33.768+0000] {processor.py:830} INFO - Processing file /home/airflow/.local/lib/python3.12/site-packages/airflow/example_dags/example_branch_python_dop_operator_3.py for tasks to queue
[2024-07-17T13:55:33.770+0000] {logging_mixin.py:188} INFO - [2024-07-17T13:55:33.769+0000] {dagbag.py:545} INFO - Filling up the DagBag from /home/airflow/.local/lib/python3.12/site-packages/airflow/example_dags/example_branch_python_dop_operator_3.py
[2024-07-17T13:55:33.778+0000] {processor.py:840} INFO - DAG(s) 'example_branch_dop_operator_v3' retrieved from /home/airflow/.local/lib/python3.12/site-packages/airflow/example_dags/example_branch_python_dop_operator_3.py
[2024-07-17T13:55:33.798+0000] {logging_mixin.py:188} INFO - [2024-07-17T13:55:33.797+0000] {dag.py:3096} INFO - Sync 1 DAGs
[2024-07-17T13:55:33.821+0000] {logging_mixin.py:188} INFO - [2024-07-17T13:55:33.821+0000] {dag.py:3954} INFO - Setting next_dagrun for example_branch_dop_operator_v3 to 2024-07-17 13:54:00+00:00, run_after=2024-07-17 13:55:00+00:00
[2024-07-17T13:55:33.843+0000] {processor.py:183} INFO - Processing /home/airflow/.local/lib/python3.12/site-packages/airflow/example_dags/example_branch_python_dop_operator_3.py took 0.081 seconds
[2024-07-17T13:56:04.256+0000] {processor.py:161} INFO - Started process (PID=1701) to work on /home/airflow/.local/lib/python3.12/site-packages/airflow/example_dags/example_branch_python_dop_operator_3.py
[2024-07-17T13:56:04.257+0000] {processor.py:830} INFO - Processing file /home/airflow/.local/lib/python3.12/site-packages/airflow/example_dags/example_branch_python_dop_operator_3.py for tasks to queue
[2024-07-17T13:56:04.259+0000] {logging_mixin.py:188} INFO - [2024-07-17T13:56:04.259+0000] {dagbag.py:545} INFO - Filling up the DagBag from /home/airflow/.local/lib/python3.12/site-packages/airflow/example_dags/example_branch_python_dop_operator_3.py
[2024-07-17T13:56:04.270+0000] {processor.py:840} INFO - DAG(s) 'example_branch_dop_operator_v3' retrieved from /home/airflow/.local/lib/python3.12/site-packages/airflow/example_dags/example_branch_python_dop_operator_3.py
[2024-07-17T13:56:04.297+0000] {logging_mixin.py:188} INFO - [2024-07-17T13:56:04.296+0000] {dag.py:3096} INFO - Sync 1 DAGs
[2024-07-17T13:56:04.336+0000] {logging_mixin.py:188} INFO - [2024-07-17T13:56:04.336+0000] {dag.py:3954} INFO - Setting next_dagrun for example_branch_dop_operator_v3 to 2024-07-17 13:55:00+00:00, run_after=2024-07-17 13:56:00+00:00
[2024-07-17T13:56:04.366+0000] {processor.py:183} INFO - Processing /home/airflow/.local/lib/python3.12/site-packages/airflow/example_dags/example_branch_python_dop_operator_3.py took 0.118 seconds
[2024-07-17T13:56:34.717+0000] {processor.py:161} INFO - Started process (PID=1761) to work on /home/airflow/.local/lib/python3.12/site-packages/airflow/example_dags/example_branch_python_dop_operator_3.py
[2024-07-17T13:56:34.719+0000] {processor.py:830} INFO - Processing file /home/airflow/.local/lib/python3.12/site-packages/airflow/example_dags/example_branch_python_dop_operator_3.py for tasks to queue
[2024-07-17T13:56:34.721+0000] {logging_mixin.py:188} INFO - [2024-07-17T13:56:34.721+0000] {dagbag.py:545} INFO - Filling up the DagBag from /home/airflow/.local/lib/python3.12/site-packages/airflow/example_dags/example_branch_python_dop_operator_3.py
[2024-07-17T13:56:34.733+0000] {processor.py:840} INFO - DAG(s) 'example_branch_dop_operator_v3' retrieved from /home/airflow/.local/lib/python3.12/site-packages/airflow/example_dags/example_branch_python_dop_operator_3.py
[2024-07-17T13:56:34.758+0000] {logging_mixin.py:188} INFO - [2024-07-17T13:56:34.758+0000] {dag.py:3096} INFO - Sync 1 DAGs
[2024-07-17T13:56:34.790+0000] {logging_mixin.py:188} INFO - [2024-07-17T13:56:34.790+0000] {dag.py:3954} INFO - Setting next_dagrun for example_branch_dop_operator_v3 to 2024-07-17 13:55:00+00:00, run_after=2024-07-17 13:56:00+00:00
[2024-07-17T13:56:34.809+0000] {processor.py:183} INFO - Processing /home/airflow/.local/lib/python3.12/site-packages/airflow/example_dags/example_branch_python_dop_operator_3.py took 0.102 seconds
[2024-07-17T13:57:05.192+0000] {processor.py:161} INFO - Started process (PID=1821) to work on /home/airflow/.local/lib/python3.12/site-packages/airflow/example_dags/example_branch_python_dop_operator_3.py
[2024-07-17T13:57:05.193+0000] {processor.py:830} INFO - Processing file /home/airflow/.local/lib/python3.12/site-packages/airflow/example_dags/example_branch_python_dop_operator_3.py for tasks to queue
[2024-07-17T13:57:05.194+0000] {logging_mixin.py:188} INFO - [2024-07-17T13:57:05.194+0000] {dagbag.py:545} INFO - Filling up the DagBag from /home/airflow/.local/lib/python3.12/site-packages/airflow/example_dags/example_branch_python_dop_operator_3.py
[2024-07-17T13:57:05.201+0000] {processor.py:840} INFO - DAG(s) 'example_branch_dop_operator_v3' retrieved from /home/airflow/.local/lib/python3.12/site-packages/airflow/example_dags/example_branch_python_dop_operator_3.py
[2024-07-17T13:57:05.220+0000] {logging_mixin.py:188} INFO - [2024-07-17T13:57:05.219+0000] {dag.py:3096} INFO - Sync 1 DAGs
[2024-07-17T13:57:05.356+0000] {logging_mixin.py:188} INFO - [2024-07-17T13:57:05.356+0000] {dag.py:3954} INFO - Setting next_dagrun for example_branch_dop_operator_v3 to 2024-07-17 13:56:00+00:00, run_after=2024-07-17 13:57:00+00:00
[2024-07-17T13:57:05.373+0000] {processor.py:183} INFO - Processing /home/airflow/.local/lib/python3.12/site-packages/airflow/example_dags/example_branch_python_dop_operator_3.py took 0.186 seconds
[2024-07-17T13:57:35.573+0000] {processor.py:161} INFO - Started process (PID=1881) to work on /home/airflow/.local/lib/python3.12/site-packages/airflow/example_dags/example_branch_python_dop_operator_3.py
[2024-07-17T13:57:35.574+0000] {processor.py:830} INFO - Processing file /home/airflow/.local/lib/python3.12/site-packages/airflow/example_dags/example_branch_python_dop_operator_3.py for tasks to queue
[2024-07-17T13:57:35.577+0000] {logging_mixin.py:188} INFO - [2024-07-17T13:57:35.576+0000] {dagbag.py:545} INFO - Filling up the DagBag from /home/airflow/.local/lib/python3.12/site-packages/airflow/example_dags/example_branch_python_dop_operator_3.py
[2024-07-17T13:57:35.594+0000] {processor.py:840} INFO - DAG(s) 'example_branch_dop_operator_v3' retrieved from /home/airflow/.local/lib/python3.12/site-packages/airflow/example_dags/example_branch_python_dop_operator_3.py
[2024-07-17T13:57:35.628+0000] {logging_mixin.py:188} INFO - [2024-07-17T13:57:35.628+0000] {dag.py:3096} INFO - Sync 1 DAGs
[2024-07-17T13:57:35.869+0000] {logging_mixin.py:188} INFO - [2024-07-17T13:57:35.869+0000] {dag.py:3954} INFO - Setting next_dagrun for example_branch_dop_operator_v3 to 2024-07-17 13:56:00+00:00, run_after=2024-07-17 13:57:00+00:00
[2024-07-17T13:57:35.891+0000] {processor.py:183} INFO - Processing /home/airflow/.local/lib/python3.12/site-packages/airflow/example_dags/example_branch_python_dop_operator_3.py took 0.329 seconds
[2024-07-17T13:58:06.079+0000] {processor.py:161} INFO - Started process (PID=1942) to work on /home/airflow/.local/lib/python3.12/site-packages/airflow/example_dags/example_branch_python_dop_operator_3.py
[2024-07-17T13:58:06.080+0000] {processor.py:830} INFO - Processing file /home/airflow/.local/lib/python3.12/site-packages/airflow/example_dags/example_branch_python_dop_operator_3.py for tasks to queue
[2024-07-17T13:58:06.082+0000] {logging_mixin.py:188} INFO - [2024-07-17T13:58:06.082+0000] {dagbag.py:545} INFO - Filling up the DagBag from /home/airflow/.local/lib/python3.12/site-packages/airflow/example_dags/example_branch_python_dop_operator_3.py
[2024-07-17T13:58:06.094+0000] {processor.py:840} INFO - DAG(s) 'example_branch_dop_operator_v3' retrieved from /home/airflow/.local/lib/python3.12/site-packages/airflow/example_dags/example_branch_python_dop_operator_3.py
[2024-07-17T13:58:06.121+0000] {logging_mixin.py:188} INFO - [2024-07-17T13:58:06.121+0000] {dag.py:3096} INFO - Sync 1 DAGs
[2024-07-17T13:58:06.163+0000] {logging_mixin.py:188} INFO - [2024-07-17T13:58:06.163+0000] {dag.py:3954} INFO - Setting next_dagrun for example_branch_dop_operator_v3 to 2024-07-17 13:57:00+00:00, run_after=2024-07-17 13:58:00+00:00
[2024-07-17T13:58:06.195+0000] {processor.py:183} INFO - Processing /home/airflow/.local/lib/python3.12/site-packages/airflow/example_dags/example_branch_python_dop_operator_3.py took 0.123 seconds
[2024-07-17T13:58:36.244+0000] {processor.py:161} INFO - Started process (PID=2002) to work on /home/airflow/.local/lib/python3.12/site-packages/airflow/example_dags/example_branch_python_dop_operator_3.py
[2024-07-17T13:58:36.245+0000] {processor.py:830} INFO - Processing file /home/airflow/.local/lib/python3.12/site-packages/airflow/example_dags/example_branch_python_dop_operator_3.py for tasks to queue
[2024-07-17T13:58:36.247+0000] {logging_mixin.py:188} INFO - [2024-07-17T13:58:36.247+0000] {dagbag.py:545} INFO - Filling up the DagBag from /home/airflow/.local/lib/python3.12/site-packages/airflow/example_dags/example_branch_python_dop_operator_3.py
[2024-07-17T13:58:36.257+0000] {processor.py:840} INFO - DAG(s) 'example_branch_dop_operator_v3' retrieved from /home/airflow/.local/lib/python3.12/site-packages/airflow/example_dags/example_branch_python_dop_operator_3.py
[2024-07-17T13:58:36.283+0000] {logging_mixin.py:188} INFO - [2024-07-17T13:58:36.283+0000] {dag.py:3096} INFO - Sync 1 DAGs
[2024-07-17T13:58:36.321+0000] {logging_mixin.py:188} INFO - [2024-07-17T13:58:36.321+0000] {dag.py:3954} INFO - Setting next_dagrun for example_branch_dop_operator_v3 to 2024-07-17 13:57:00+00:00, run_after=2024-07-17 13:58:00+00:00
[2024-07-17T13:58:36.347+0000] {processor.py:183} INFO - Processing /home/airflow/.local/lib/python3.12/site-packages/airflow/example_dags/example_branch_python_dop_operator_3.py took 0.111 seconds
[2024-07-17T13:59:06.385+0000] {processor.py:161} INFO - Started process (PID=2062) to work on /home/airflow/.local/lib/python3.12/site-packages/airflow/example_dags/example_branch_python_dop_operator_3.py
[2024-07-17T13:59:06.386+0000] {processor.py:830} INFO - Processing file /home/airflow/.local/lib/python3.12/site-packages/airflow/example_dags/example_branch_python_dop_operator_3.py for tasks to queue
[2024-07-17T13:59:06.389+0000] {logging_mixin.py:188} INFO - [2024-07-17T13:59:06.388+0000] {dagbag.py:545} INFO - Filling up the DagBag from /home/airflow/.local/lib/python3.12/site-packages/airflow/example_dags/example_branch_python_dop_operator_3.py
[2024-07-17T13:59:06.403+0000] {processor.py:840} INFO - DAG(s) 'example_branch_dop_operator_v3' retrieved from /home/airflow/.local/lib/python3.12/site-packages/airflow/example_dags/example_branch_python_dop_operator_3.py
[2024-07-17T13:59:06.436+0000] {logging_mixin.py:188} INFO - [2024-07-17T13:59:06.436+0000] {dag.py:3096} INFO - Sync 1 DAGs
[2024-07-17T13:59:06.474+0000] {logging_mixin.py:188} INFO - [2024-07-17T13:59:06.474+0000] {dag.py:3954} INFO - Setting next_dagrun for example_branch_dop_operator_v3 to 2024-07-17 13:58:00+00:00, run_after=2024-07-17 13:59:00+00:00
[2024-07-17T13:59:06.501+0000] {processor.py:183} INFO - Processing /home/airflow/.local/lib/python3.12/site-packages/airflow/example_dags/example_branch_python_dop_operator_3.py took 0.124 seconds
[2024-07-17T13:59:36.946+0000] {processor.py:161} INFO - Started process (PID=2123) to work on /home/airflow/.local/lib/python3.12/site-packages/airflow/example_dags/example_branch_python_dop_operator_3.py
[2024-07-17T13:59:36.947+0000] {processor.py:830} INFO - Processing file /home/airflow/.local/lib/python3.12/site-packages/airflow/example_dags/example_branch_python_dop_operator_3.py for tasks to queue
[2024-07-17T13:59:36.950+0000] {logging_mixin.py:188} INFO - [2024-07-17T13:59:36.949+0000] {dagbag.py:545} INFO - Filling up the DagBag from /home/airflow/.local/lib/python3.12/site-packages/airflow/example_dags/example_branch_python_dop_operator_3.py
[2024-07-17T13:59:36.962+0000] {processor.py:840} INFO - DAG(s) 'example_branch_dop_operator_v3' retrieved from /home/airflow/.local/lib/python3.12/site-packages/airflow/example_dags/example_branch_python_dop_operator_3.py
[2024-07-17T13:59:36.996+0000] {logging_mixin.py:188} INFO - [2024-07-17T13:59:36.995+0000] {dag.py:3096} INFO - Sync 1 DAGs
[2024-07-17T13:59:37.030+0000] {logging_mixin.py:188} INFO - [2024-07-17T13:59:37.030+0000] {dag.py:3954} INFO - Setting next_dagrun for example_branch_dop_operator_v3 to 2024-07-17 13:58:00+00:00, run_after=2024-07-17 13:59:00+00:00
[2024-07-17T13:59:37.059+0000] {processor.py:183} INFO - Processing /home/airflow/.local/lib/python3.12/site-packages/airflow/example_dags/example_branch_python_dop_operator_3.py took 0.122 seconds
[2024-07-17T14:00:07.415+0000] {processor.py:161} INFO - Started process (PID=2183) to work on /home/airflow/.local/lib/python3.12/site-packages/airflow/example_dags/example_branch_python_dop_operator_3.py
[2024-07-17T14:00:07.416+0000] {processor.py:830} INFO - Processing file /home/airflow/.local/lib/python3.12/site-packages/airflow/example_dags/example_branch_python_dop_operator_3.py for tasks to queue
[2024-07-17T14:00:07.418+0000] {logging_mixin.py:188} INFO - [2024-07-17T14:00:07.417+0000] {dagbag.py:545} INFO - Filling up the DagBag from /home/airflow/.local/lib/python3.12/site-packages/airflow/example_dags/example_branch_python_dop_operator_3.py
[2024-07-17T14:00:07.428+0000] {processor.py:840} INFO - DAG(s) 'example_branch_dop_operator_v3' retrieved from /home/airflow/.local/lib/python3.12/site-packages/airflow/example_dags/example_branch_python_dop_operator_3.py
[2024-07-17T14:00:07.447+0000] {logging_mixin.py:188} INFO - [2024-07-17T14:00:07.447+0000] {dag.py:3096} INFO - Sync 1 DAGs
[2024-07-17T14:00:07.476+0000] {logging_mixin.py:188} INFO - [2024-07-17T14:00:07.476+0000] {dag.py:3954} INFO - Setting next_dagrun for example_branch_dop_operator_v3 to 2024-07-17 13:59:00+00:00, run_after=2024-07-17 14:00:00+00:00
[2024-07-17T14:00:07.501+0000] {processor.py:183} INFO - Processing /home/airflow/.local/lib/python3.12/site-packages/airflow/example_dags/example_branch_python_dop_operator_3.py took 0.092 seconds
[2024-07-17T14:00:37.758+0000] {processor.py:161} INFO - Started process (PID=2243) to work on /home/airflow/.local/lib/python3.12/site-packages/airflow/example_dags/example_branch_python_dop_operator_3.py
[2024-07-17T14:00:37.759+0000] {processor.py:830} INFO - Processing file /home/airflow/.local/lib/python3.12/site-packages/airflow/example_dags/example_branch_python_dop_operator_3.py for tasks to queue
[2024-07-17T14:00:37.761+0000] {logging_mixin.py:188} INFO - [2024-07-17T14:00:37.761+0000] {dagbag.py:545} INFO - Filling up the DagBag from /home/airflow/.local/lib/python3.12/site-packages/airflow/example_dags/example_branch_python_dop_operator_3.py
[2024-07-17T14:00:37.769+0000] {processor.py:840} INFO - DAG(s) 'example_branch_dop_operator_v3' retrieved from /home/airflow/.local/lib/python3.12/site-packages/airflow/example_dags/example_branch_python_dop_operator_3.py
[2024-07-17T14:00:37.788+0000] {logging_mixin.py:188} INFO - [2024-07-17T14:00:37.787+0000] {dag.py:3096} INFO - Sync 1 DAGs
[2024-07-17T14:00:37.811+0000] {logging_mixin.py:188} INFO - [2024-07-17T14:00:37.811+0000] {dag.py:3954} INFO - Setting next_dagrun for example_branch_dop_operator_v3 to 2024-07-17 13:59:00+00:00, run_after=2024-07-17 14:00:00+00:00
[2024-07-17T14:00:37.830+0000] {processor.py:183} INFO - Processing /home/airflow/.local/lib/python3.12/site-packages/airflow/example_dags/example_branch_python_dop_operator_3.py took 0.077 seconds
[2024-07-17T14:01:08.133+0000] {processor.py:161} INFO - Started process (PID=2303) to work on /home/airflow/.local/lib/python3.12/site-packages/airflow/example_dags/example_branch_python_dop_operator_3.py
[2024-07-17T14:01:08.134+0000] {processor.py:830} INFO - Processing file /home/airflow/.local/lib/python3.12/site-packages/airflow/example_dags/example_branch_python_dop_operator_3.py for tasks to queue
[2024-07-17T14:01:08.136+0000] {logging_mixin.py:188} INFO - [2024-07-17T14:01:08.136+0000] {dagbag.py:545} INFO - Filling up the DagBag from /home/airflow/.local/lib/python3.12/site-packages/airflow/example_dags/example_branch_python_dop_operator_3.py
[2024-07-17T14:01:08.147+0000] {processor.py:840} INFO - DAG(s) 'example_branch_dop_operator_v3' retrieved from /home/airflow/.local/lib/python3.12/site-packages/airflow/example_dags/example_branch_python_dop_operator_3.py
[2024-07-17T14:01:08.169+0000] {logging_mixin.py:188} INFO - [2024-07-17T14:01:08.169+0000] {dag.py:3096} INFO - Sync 1 DAGs
[2024-07-17T14:01:08.196+0000] {logging_mixin.py:188} INFO - [2024-07-17T14:01:08.196+0000] {dag.py:3954} INFO - Setting next_dagrun for example_branch_dop_operator_v3 to 2024-07-17 14:00:00+00:00, run_after=2024-07-17 14:01:00+00:00
[2024-07-17T14:01:08.220+0000] {processor.py:183} INFO - Processing /home/airflow/.local/lib/python3.12/site-packages/airflow/example_dags/example_branch_python_dop_operator_3.py took 0.093 seconds
[2024-07-17T14:01:38.628+0000] {processor.py:161} INFO - Started process (PID=2363) to work on /home/airflow/.local/lib/python3.12/site-packages/airflow/example_dags/example_branch_python_dop_operator_3.py
[2024-07-17T14:01:38.629+0000] {processor.py:830} INFO - Processing file /home/airflow/.local/lib/python3.12/site-packages/airflow/example_dags/example_branch_python_dop_operator_3.py for tasks to queue
[2024-07-17T14:01:38.631+0000] {logging_mixin.py:188} INFO - [2024-07-17T14:01:38.631+0000] {dagbag.py:545} INFO - Filling up the DagBag from /home/airflow/.local/lib/python3.12/site-packages/airflow/example_dags/example_branch_python_dop_operator_3.py
[2024-07-17T14:01:38.641+0000] {processor.py:840} INFO - DAG(s) 'example_branch_dop_operator_v3' retrieved from /home/airflow/.local/lib/python3.12/site-packages/airflow/example_dags/example_branch_python_dop_operator_3.py
[2024-07-17T14:01:38.664+0000] {logging_mixin.py:188} INFO - [2024-07-17T14:01:38.664+0000] {dag.py:3096} INFO - Sync 1 DAGs
[2024-07-17T14:01:38.699+0000] {logging_mixin.py:188} INFO - [2024-07-17T14:01:38.699+0000] {dag.py:3954} INFO - Setting next_dagrun for example_branch_dop_operator_v3 to 2024-07-17 14:00:00+00:00, run_after=2024-07-17 14:01:00+00:00
[2024-07-17T14:01:38.726+0000] {processor.py:183} INFO - Processing /home/airflow/.local/lib/python3.12/site-packages/airflow/example_dags/example_branch_python_dop_operator_3.py took 0.104 seconds
[2024-07-17T14:04:01.664+0000] {processor.py:161} INFO - Started process (PID=2421) to work on /home/airflow/.local/lib/python3.12/site-packages/airflow/example_dags/example_branch_python_dop_operator_3.py
[2024-07-17T14:04:01.674+0000] {processor.py:830} INFO - Processing file /home/airflow/.local/lib/python3.12/site-packages/airflow/example_dags/example_branch_python_dop_operator_3.py for tasks to queue
[2024-07-17T14:04:01.686+0000] {logging_mixin.py:188} INFO - [2024-07-17T14:04:01.685+0000] {dagbag.py:545} INFO - Filling up the DagBag from /home/airflow/.local/lib/python3.12/site-packages/airflow/example_dags/example_branch_python_dop_operator_3.py
[2024-07-17T14:04:01.711+0000] {processor.py:840} INFO - DAG(s) 'example_branch_dop_operator_v3' retrieved from /home/airflow/.local/lib/python3.12/site-packages/airflow/example_dags/example_branch_python_dop_operator_3.py
[2024-07-17T14:04:01.788+0000] {logging_mixin.py:188} INFO - [2024-07-17T14:04:01.788+0000] {dag.py:3096} INFO - Sync 1 DAGs
[2024-07-17T14:04:01.905+0000] {logging_mixin.py:188} INFO - [2024-07-17T14:04:01.905+0000] {dag.py:3954} INFO - Setting next_dagrun for example_branch_dop_operator_v3 to 2024-07-17 14:03:00+00:00, run_after=2024-07-17 14:04:00+00:00
[2024-07-17T14:04:02.044+0000] {processor.py:183} INFO - Processing /home/airflow/.local/lib/python3.12/site-packages/airflow/example_dags/example_branch_python_dop_operator_3.py took 0.414 seconds
[2024-07-17T14:04:32.549+0000] {processor.py:161} INFO - Started process (PID=2482) to work on /home/airflow/.local/lib/python3.12/site-packages/airflow/example_dags/example_branch_python_dop_operator_3.py
[2024-07-17T14:04:32.550+0000] {processor.py:830} INFO - Processing file /home/airflow/.local/lib/python3.12/site-packages/airflow/example_dags/example_branch_python_dop_operator_3.py for tasks to queue
[2024-07-17T14:04:32.553+0000] {logging_mixin.py:188} INFO - [2024-07-17T14:04:32.553+0000] {dagbag.py:545} INFO - Filling up the DagBag from /home/airflow/.local/lib/python3.12/site-packages/airflow/example_dags/example_branch_python_dop_operator_3.py
[2024-07-17T14:04:32.565+0000] {processor.py:840} INFO - DAG(s) 'example_branch_dop_operator_v3' retrieved from /home/airflow/.local/lib/python3.12/site-packages/airflow/example_dags/example_branch_python_dop_operator_3.py
[2024-07-17T14:04:32.593+0000] {logging_mixin.py:188} INFO - [2024-07-17T14:04:32.593+0000] {dag.py:3096} INFO - Sync 1 DAGs
[2024-07-17T14:04:32.637+0000] {logging_mixin.py:188} INFO - [2024-07-17T14:04:32.637+0000] {dag.py:3954} INFO - Setting next_dagrun for example_branch_dop_operator_v3 to 2024-07-17 14:03:00+00:00, run_after=2024-07-17 14:04:00+00:00
[2024-07-17T14:04:32.667+0000] {processor.py:183} INFO - Processing /home/airflow/.local/lib/python3.12/site-packages/airflow/example_dags/example_branch_python_dop_operator_3.py took 0.125 seconds
[2024-07-17T14:05:02.994+0000] {processor.py:161} INFO - Started process (PID=2543) to work on /home/airflow/.local/lib/python3.12/site-packages/airflow/example_dags/example_branch_python_dop_operator_3.py
[2024-07-17T14:05:02.995+0000] {processor.py:830} INFO - Processing file /home/airflow/.local/lib/python3.12/site-packages/airflow/example_dags/example_branch_python_dop_operator_3.py for tasks to queue
[2024-07-17T14:05:02.997+0000] {logging_mixin.py:188} INFO - [2024-07-17T14:05:02.997+0000] {dagbag.py:545} INFO - Filling up the DagBag from /home/airflow/.local/lib/python3.12/site-packages/airflow/example_dags/example_branch_python_dop_operator_3.py
[2024-07-17T14:05:03.011+0000] {processor.py:840} INFO - DAG(s) 'example_branch_dop_operator_v3' retrieved from /home/airflow/.local/lib/python3.12/site-packages/airflow/example_dags/example_branch_python_dop_operator_3.py
[2024-07-17T14:05:03.037+0000] {logging_mixin.py:188} INFO - [2024-07-17T14:05:03.037+0000] {dag.py:3096} INFO - Sync 1 DAGs
[2024-07-17T14:05:03.072+0000] {logging_mixin.py:188} INFO - [2024-07-17T14:05:03.072+0000] {dag.py:3954} INFO - Setting next_dagrun for example_branch_dop_operator_v3 to 2024-07-17 14:04:00+00:00, run_after=2024-07-17 14:05:00+00:00
[2024-07-17T14:05:03.096+0000] {processor.py:183} INFO - Processing /home/airflow/.local/lib/python3.12/site-packages/airflow/example_dags/example_branch_python_dop_operator_3.py took 0.111 seconds
[2024-07-17T14:05:33.968+0000] {processor.py:161} INFO - Started process (PID=2603) to work on /home/airflow/.local/lib/python3.12/site-packages/airflow/example_dags/example_branch_python_dop_operator_3.py
[2024-07-17T14:05:33.969+0000] {processor.py:830} INFO - Processing file /home/airflow/.local/lib/python3.12/site-packages/airflow/example_dags/example_branch_python_dop_operator_3.py for tasks to queue
[2024-07-17T14:05:33.971+0000] {logging_mixin.py:188} INFO - [2024-07-17T14:05:33.970+0000] {dagbag.py:545} INFO - Filling up the DagBag from /home/airflow/.local/lib/python3.12/site-packages/airflow/example_dags/example_branch_python_dop_operator_3.py
[2024-07-17T14:05:33.981+0000] {processor.py:840} INFO - DAG(s) 'example_branch_dop_operator_v3' retrieved from /home/airflow/.local/lib/python3.12/site-packages/airflow/example_dags/example_branch_python_dop_operator_3.py
[2024-07-17T14:05:34.003+0000] {logging_mixin.py:188} INFO - [2024-07-17T14:05:34.003+0000] {dag.py:3096} INFO - Sync 1 DAGs
[2024-07-17T14:05:34.034+0000] {logging_mixin.py:188} INFO - [2024-07-17T14:05:34.033+0000] {dag.py:3954} INFO - Setting next_dagrun for example_branch_dop_operator_v3 to 2024-07-17 14:04:00+00:00, run_after=2024-07-17 14:05:00+00:00
[2024-07-17T14:05:34.059+0000] {processor.py:183} INFO - Processing /home/airflow/.local/lib/python3.12/site-packages/airflow/example_dags/example_branch_python_dop_operator_3.py took 0.099 seconds
[2024-07-17T14:06:04.444+0000] {processor.py:161} INFO - Started process (PID=2664) to work on /home/airflow/.local/lib/python3.12/site-packages/airflow/example_dags/example_branch_python_dop_operator_3.py
[2024-07-17T14:06:04.446+0000] {processor.py:830} INFO - Processing file /home/airflow/.local/lib/python3.12/site-packages/airflow/example_dags/example_branch_python_dop_operator_3.py for tasks to queue
[2024-07-17T14:06:04.450+0000] {logging_mixin.py:188} INFO - [2024-07-17T14:06:04.449+0000] {dagbag.py:545} INFO - Filling up the DagBag from /home/airflow/.local/lib/python3.12/site-packages/airflow/example_dags/example_branch_python_dop_operator_3.py
[2024-07-17T14:06:04.469+0000] {processor.py:840} INFO - DAG(s) 'example_branch_dop_operator_v3' retrieved from /home/airflow/.local/lib/python3.12/site-packages/airflow/example_dags/example_branch_python_dop_operator_3.py
[2024-07-17T14:06:04.512+0000] {logging_mixin.py:188} INFO - [2024-07-17T14:06:04.512+0000] {dag.py:3096} INFO - Sync 1 DAGs
[2024-07-17T14:06:04.582+0000] {logging_mixin.py:188} INFO - [2024-07-17T14:06:04.581+0000] {dag.py:3954} INFO - Setting next_dagrun for example_branch_dop_operator_v3 to 2024-07-17 14:05:00+00:00, run_after=2024-07-17 14:06:00+00:00
[2024-07-17T14:06:04.637+0000] {processor.py:183} INFO - Processing /home/airflow/.local/lib/python3.12/site-packages/airflow/example_dags/example_branch_python_dop_operator_3.py took 0.208 seconds
[2024-07-17T14:06:34.773+0000] {processor.py:161} INFO - Started process (PID=2722) to work on /home/airflow/.local/lib/python3.12/site-packages/airflow/example_dags/example_branch_python_dop_operator_3.py
[2024-07-17T14:06:34.775+0000] {processor.py:830} INFO - Processing file /home/airflow/.local/lib/python3.12/site-packages/airflow/example_dags/example_branch_python_dop_operator_3.py for tasks to queue
[2024-07-17T14:06:34.780+0000] {logging_mixin.py:188} INFO - [2024-07-17T14:06:34.779+0000] {dagbag.py:545} INFO - Filling up the DagBag from /home/airflow/.local/lib/python3.12/site-packages/airflow/example_dags/example_branch_python_dop_operator_3.py
[2024-07-17T14:06:34.798+0000] {processor.py:840} INFO - DAG(s) 'example_branch_dop_operator_v3' retrieved from /home/airflow/.local/lib/python3.12/site-packages/airflow/example_dags/example_branch_python_dop_operator_3.py
[2024-07-17T14:06:34.845+0000] {logging_mixin.py:188} INFO - [2024-07-17T14:06:34.844+0000] {dag.py:3096} INFO - Sync 1 DAGs
[2024-07-17T14:06:34.910+0000] {logging_mixin.py:188} INFO - [2024-07-17T14:06:34.909+0000] {dag.py:3954} INFO - Setting next_dagrun for example_branch_dop_operator_v3 to 2024-07-17 14:05:00+00:00, run_after=2024-07-17 14:06:00+00:00
[2024-07-17T14:06:34.954+0000] {processor.py:183} INFO - Processing /home/airflow/.local/lib/python3.12/site-packages/airflow/example_dags/example_branch_python_dop_operator_3.py took 0.196 seconds
[2024-07-17T14:07:05.318+0000] {processor.py:161} INFO - Started process (PID=2782) to work on /home/airflow/.local/lib/python3.12/site-packages/airflow/example_dags/example_branch_python_dop_operator_3.py
[2024-07-17T14:07:05.320+0000] {processor.py:830} INFO - Processing file /home/airflow/.local/lib/python3.12/site-packages/airflow/example_dags/example_branch_python_dop_operator_3.py for tasks to queue
[2024-07-17T14:07:05.324+0000] {logging_mixin.py:188} INFO - [2024-07-17T14:07:05.324+0000] {dagbag.py:545} INFO - Filling up the DagBag from /home/airflow/.local/lib/python3.12/site-packages/airflow/example_dags/example_branch_python_dop_operator_3.py
[2024-07-17T14:07:05.344+0000] {processor.py:840} INFO - DAG(s) 'example_branch_dop_operator_v3' retrieved from /home/airflow/.local/lib/python3.12/site-packages/airflow/example_dags/example_branch_python_dop_operator_3.py
[2024-07-17T14:07:05.390+0000] {logging_mixin.py:188} INFO - [2024-07-17T14:07:05.390+0000] {dag.py:3096} INFO - Sync 1 DAGs
[2024-07-17T14:07:05.472+0000] {logging_mixin.py:188} INFO - [2024-07-17T14:07:05.471+0000] {dag.py:3954} INFO - Setting next_dagrun for example_branch_dop_operator_v3 to 2024-07-17 14:06:00+00:00, run_after=2024-07-17 14:07:00+00:00
[2024-07-17T14:07:05.528+0000] {processor.py:183} INFO - Processing /home/airflow/.local/lib/python3.12/site-packages/airflow/example_dags/example_branch_python_dop_operator_3.py took 0.232 seconds
[2024-07-17T14:07:35.610+0000] {processor.py:161} INFO - Started process (PID=2842) to work on /home/airflow/.local/lib/python3.12/site-packages/airflow/example_dags/example_branch_python_dop_operator_3.py
[2024-07-17T14:07:35.612+0000] {processor.py:830} INFO - Processing file /home/airflow/.local/lib/python3.12/site-packages/airflow/example_dags/example_branch_python_dop_operator_3.py for tasks to queue
[2024-07-17T14:07:35.616+0000] {logging_mixin.py:188} INFO - [2024-07-17T14:07:35.615+0000] {dagbag.py:545} INFO - Filling up the DagBag from /home/airflow/.local/lib/python3.12/site-packages/airflow/example_dags/example_branch_python_dop_operator_3.py
[2024-07-17T14:07:35.637+0000] {processor.py:840} INFO - DAG(s) 'example_branch_dop_operator_v3' retrieved from /home/airflow/.local/lib/python3.12/site-packages/airflow/example_dags/example_branch_python_dop_operator_3.py
[2024-07-17T14:07:35.685+0000] {logging_mixin.py:188} INFO - [2024-07-17T14:07:35.685+0000] {dag.py:3096} INFO - Sync 1 DAGs
[2024-07-17T14:07:35.749+0000] {logging_mixin.py:188} INFO - [2024-07-17T14:07:35.749+0000] {dag.py:3954} INFO - Setting next_dagrun for example_branch_dop_operator_v3 to 2024-07-17 14:06:00+00:00, run_after=2024-07-17 14:07:00+00:00
[2024-07-17T14:07:35.792+0000] {processor.py:183} INFO - Processing /home/airflow/.local/lib/python3.12/site-packages/airflow/example_dags/example_branch_python_dop_operator_3.py took 0.195 seconds
[2024-07-17T14:08:05.923+0000] {processor.py:161} INFO - Started process (PID=2902) to work on /home/airflow/.local/lib/python3.12/site-packages/airflow/example_dags/example_branch_python_dop_operator_3.py
[2024-07-17T14:08:05.925+0000] {processor.py:830} INFO - Processing file /home/airflow/.local/lib/python3.12/site-packages/airflow/example_dags/example_branch_python_dop_operator_3.py for tasks to queue
[2024-07-17T14:08:05.929+0000] {logging_mixin.py:188} INFO - [2024-07-17T14:08:05.928+0000] {dagbag.py:545} INFO - Filling up the DagBag from /home/airflow/.local/lib/python3.12/site-packages/airflow/example_dags/example_branch_python_dop_operator_3.py
[2024-07-17T14:08:05.948+0000] {processor.py:840} INFO - DAG(s) 'example_branch_dop_operator_v3' retrieved from /home/airflow/.local/lib/python3.12/site-packages/airflow/example_dags/example_branch_python_dop_operator_3.py
[2024-07-17T14:08:05.990+0000] {logging_mixin.py:188} INFO - [2024-07-17T14:08:05.989+0000] {dag.py:3096} INFO - Sync 1 DAGs
[2024-07-17T14:08:06.056+0000] {logging_mixin.py:188} INFO - [2024-07-17T14:08:06.055+0000] {dag.py:3954} INFO - Setting next_dagrun for example_branch_dop_operator_v3 to 2024-07-17 14:07:00+00:00, run_after=2024-07-17 14:08:00+00:00
[2024-07-17T14:08:06.097+0000] {processor.py:183} INFO - Processing /home/airflow/.local/lib/python3.12/site-packages/airflow/example_dags/example_branch_python_dop_operator_3.py took 0.185 seconds
[2024-07-17T14:08:36.386+0000] {processor.py:161} INFO - Started process (PID=2962) to work on /home/airflow/.local/lib/python3.12/site-packages/airflow/example_dags/example_branch_python_dop_operator_3.py
[2024-07-17T14:08:36.389+0000] {processor.py:830} INFO - Processing file /home/airflow/.local/lib/python3.12/site-packages/airflow/example_dags/example_branch_python_dop_operator_3.py for tasks to queue
[2024-07-17T14:08:36.392+0000] {logging_mixin.py:188} INFO - [2024-07-17T14:08:36.392+0000] {dagbag.py:545} INFO - Filling up the DagBag from /home/airflow/.local/lib/python3.12/site-packages/airflow/example_dags/example_branch_python_dop_operator_3.py
[2024-07-17T14:08:36.411+0000] {processor.py:840} INFO - DAG(s) 'example_branch_dop_operator_v3' retrieved from /home/airflow/.local/lib/python3.12/site-packages/airflow/example_dags/example_branch_python_dop_operator_3.py
[2024-07-17T14:08:36.450+0000] {logging_mixin.py:188} INFO - [2024-07-17T14:08:36.449+0000] {dag.py:3096} INFO - Sync 1 DAGs
[2024-07-17T14:08:36.506+0000] {logging_mixin.py:188} INFO - [2024-07-17T14:08:36.506+0000] {dag.py:3954} INFO - Setting next_dagrun for example_branch_dop_operator_v3 to 2024-07-17 14:07:00+00:00, run_after=2024-07-17 14:08:00+00:00
[2024-07-17T14:08:36.546+0000] {processor.py:183} INFO - Processing /home/airflow/.local/lib/python3.12/site-packages/airflow/example_dags/example_branch_python_dop_operator_3.py took 0.170 seconds
[2024-07-17T14:09:06.758+0000] {processor.py:161} INFO - Started process (PID=3022) to work on /home/airflow/.local/lib/python3.12/site-packages/airflow/example_dags/example_branch_python_dop_operator_3.py
[2024-07-17T14:09:06.759+0000] {processor.py:830} INFO - Processing file /home/airflow/.local/lib/python3.12/site-packages/airflow/example_dags/example_branch_python_dop_operator_3.py for tasks to queue
[2024-07-17T14:09:06.763+0000] {logging_mixin.py:188} INFO - [2024-07-17T14:09:06.762+0000] {dagbag.py:545} INFO - Filling up the DagBag from /home/airflow/.local/lib/python3.12/site-packages/airflow/example_dags/example_branch_python_dop_operator_3.py
[2024-07-17T14:09:06.781+0000] {processor.py:840} INFO - DAG(s) 'example_branch_dop_operator_v3' retrieved from /home/airflow/.local/lib/python3.12/site-packages/airflow/example_dags/example_branch_python_dop_operator_3.py
[2024-07-17T14:09:06.816+0000] {logging_mixin.py:188} INFO - [2024-07-17T14:09:06.816+0000] {dag.py:3096} INFO - Sync 1 DAGs
[2024-07-17T14:09:06.868+0000] {logging_mixin.py:188} INFO - [2024-07-17T14:09:06.868+0000] {dag.py:3954} INFO - Setting next_dagrun for example_branch_dop_operator_v3 to 2024-07-17 14:08:00+00:00, run_after=2024-07-17 14:09:00+00:00
[2024-07-17T14:09:06.916+0000] {processor.py:183} INFO - Processing /home/airflow/.local/lib/python3.12/site-packages/airflow/example_dags/example_branch_python_dop_operator_3.py took 0.171 seconds
[2024-07-17T14:09:37.367+0000] {processor.py:161} INFO - Started process (PID=3080) to work on /home/airflow/.local/lib/python3.12/site-packages/airflow/example_dags/example_branch_python_dop_operator_3.py
[2024-07-17T14:09:37.369+0000] {processor.py:830} INFO - Processing file /home/airflow/.local/lib/python3.12/site-packages/airflow/example_dags/example_branch_python_dop_operator_3.py for tasks to queue
[2024-07-17T14:09:37.372+0000] {logging_mixin.py:188} INFO - [2024-07-17T14:09:37.372+0000] {dagbag.py:545} INFO - Filling up the DagBag from /home/airflow/.local/lib/python3.12/site-packages/airflow/example_dags/example_branch_python_dop_operator_3.py
[2024-07-17T14:09:37.390+0000] {processor.py:840} INFO - DAG(s) 'example_branch_dop_operator_v3' retrieved from /home/airflow/.local/lib/python3.12/site-packages/airflow/example_dags/example_branch_python_dop_operator_3.py
[2024-07-17T14:09:37.435+0000] {logging_mixin.py:188} INFO - [2024-07-17T14:09:37.434+0000] {dag.py:3096} INFO - Sync 1 DAGs
[2024-07-17T14:09:37.504+0000] {logging_mixin.py:188} INFO - [2024-07-17T14:09:37.503+0000] {dag.py:3954} INFO - Setting next_dagrun for example_branch_dop_operator_v3 to 2024-07-17 14:08:00+00:00, run_after=2024-07-17 14:09:00+00:00
[2024-07-17T14:09:37.546+0000] {processor.py:183} INFO - Processing /home/airflow/.local/lib/python3.12/site-packages/airflow/example_dags/example_branch_python_dop_operator_3.py took 0.192 seconds
[2024-07-17T14:10:07.750+0000] {processor.py:161} INFO - Started process (PID=3140) to work on /home/airflow/.local/lib/python3.12/site-packages/airflow/example_dags/example_branch_python_dop_operator_3.py
[2024-07-17T14:10:07.752+0000] {processor.py:830} INFO - Processing file /home/airflow/.local/lib/python3.12/site-packages/airflow/example_dags/example_branch_python_dop_operator_3.py for tasks to queue
[2024-07-17T14:10:07.756+0000] {logging_mixin.py:188} INFO - [2024-07-17T14:10:07.755+0000] {dagbag.py:545} INFO - Filling up the DagBag from /home/airflow/.local/lib/python3.12/site-packages/airflow/example_dags/example_branch_python_dop_operator_3.py
[2024-07-17T14:10:07.775+0000] {processor.py:840} INFO - DAG(s) 'example_branch_dop_operator_v3' retrieved from /home/airflow/.local/lib/python3.12/site-packages/airflow/example_dags/example_branch_python_dop_operator_3.py
[2024-07-17T14:10:07.819+0000] {logging_mixin.py:188} INFO - [2024-07-17T14:10:07.818+0000] {dag.py:3096} INFO - Sync 1 DAGs
[2024-07-17T14:10:07.885+0000] {logging_mixin.py:188} INFO - [2024-07-17T14:10:07.885+0000] {dag.py:3954} INFO - Setting next_dagrun for example_branch_dop_operator_v3 to 2024-07-17 14:09:00+00:00, run_after=2024-07-17 14:10:00+00:00
[2024-07-17T14:10:07.925+0000] {processor.py:183} INFO - Processing /home/airflow/.local/lib/python3.12/site-packages/airflow/example_dags/example_branch_python_dop_operator_3.py took 0.189 seconds
[2024-07-17T14:10:38.149+0000] {processor.py:161} INFO - Started process (PID=3200) to work on /home/airflow/.local/lib/python3.12/site-packages/airflow/example_dags/example_branch_python_dop_operator_3.py
[2024-07-17T14:10:38.151+0000] {processor.py:830} INFO - Processing file /home/airflow/.local/lib/python3.12/site-packages/airflow/example_dags/example_branch_python_dop_operator_3.py for tasks to queue
[2024-07-17T14:10:38.156+0000] {logging_mixin.py:188} INFO - [2024-07-17T14:10:38.156+0000] {dagbag.py:545} INFO - Filling up the DagBag from /home/airflow/.local/lib/python3.12/site-packages/airflow/example_dags/example_branch_python_dop_operator_3.py
[2024-07-17T14:10:38.175+0000] {processor.py:840} INFO - DAG(s) 'example_branch_dop_operator_v3' retrieved from /home/airflow/.local/lib/python3.12/site-packages/airflow/example_dags/example_branch_python_dop_operator_3.py
[2024-07-17T14:10:38.215+0000] {logging_mixin.py:188} INFO - [2024-07-17T14:10:38.214+0000] {dag.py:3096} INFO - Sync 1 DAGs
[2024-07-17T14:10:38.286+0000] {logging_mixin.py:188} INFO - [2024-07-17T14:10:38.285+0000] {dag.py:3954} INFO - Setting next_dagrun for example_branch_dop_operator_v3 to 2024-07-17 14:09:00+00:00, run_after=2024-07-17 14:10:00+00:00
[2024-07-17T14:10:38.324+0000] {processor.py:183} INFO - Processing /home/airflow/.local/lib/python3.12/site-packages/airflow/example_dags/example_branch_python_dop_operator_3.py took 0.187 seconds
[2024-07-17T14:11:08.658+0000] {processor.py:161} INFO - Started process (PID=3260) to work on /home/airflow/.local/lib/python3.12/site-packages/airflow/example_dags/example_branch_python_dop_operator_3.py
[2024-07-17T14:11:08.660+0000] {processor.py:830} INFO - Processing file /home/airflow/.local/lib/python3.12/site-packages/airflow/example_dags/example_branch_python_dop_operator_3.py for tasks to queue
[2024-07-17T14:11:08.664+0000] {logging_mixin.py:188} INFO - [2024-07-17T14:11:08.664+0000] {dagbag.py:545} INFO - Filling up the DagBag from /home/airflow/.local/lib/python3.12/site-packages/airflow/example_dags/example_branch_python_dop_operator_3.py
[2024-07-17T14:11:08.682+0000] {processor.py:840} INFO - DAG(s) 'example_branch_dop_operator_v3' retrieved from /home/airflow/.local/lib/python3.12/site-packages/airflow/example_dags/example_branch_python_dop_operator_3.py
[2024-07-17T14:11:08.725+0000] {logging_mixin.py:188} INFO - [2024-07-17T14:11:08.724+0000] {dag.py:3096} INFO - Sync 1 DAGs
[2024-07-17T14:11:08.795+0000] {logging_mixin.py:188} INFO - [2024-07-17T14:11:08.794+0000] {dag.py:3954} INFO - Setting next_dagrun for example_branch_dop_operator_v3 to 2024-07-17 14:10:00+00:00, run_after=2024-07-17 14:11:00+00:00
[2024-07-17T14:11:08.833+0000] {processor.py:183} INFO - Processing /home/airflow/.local/lib/python3.12/site-packages/airflow/example_dags/example_branch_python_dop_operator_3.py took 0.188 seconds
[2024-07-17T14:11:39.334+0000] {processor.py:161} INFO - Started process (PID=3320) to work on /home/airflow/.local/lib/python3.12/site-packages/airflow/example_dags/example_branch_python_dop_operator_3.py
[2024-07-17T14:11:39.336+0000] {processor.py:830} INFO - Processing file /home/airflow/.local/lib/python3.12/site-packages/airflow/example_dags/example_branch_python_dop_operator_3.py for tasks to queue
[2024-07-17T14:11:39.340+0000] {logging_mixin.py:188} INFO - [2024-07-17T14:11:39.339+0000] {dagbag.py:545} INFO - Filling up the DagBag from /home/airflow/.local/lib/python3.12/site-packages/airflow/example_dags/example_branch_python_dop_operator_3.py
[2024-07-17T14:11:39.360+0000] {processor.py:840} INFO - DAG(s) 'example_branch_dop_operator_v3' retrieved from /home/airflow/.local/lib/python3.12/site-packages/airflow/example_dags/example_branch_python_dop_operator_3.py
[2024-07-17T14:11:39.405+0000] {logging_mixin.py:188} INFO - [2024-07-17T14:11:39.405+0000] {dag.py:3096} INFO - Sync 1 DAGs
[2024-07-17T14:11:39.456+0000] {logging_mixin.py:188} INFO - [2024-07-17T14:11:39.456+0000] {dag.py:3954} INFO - Setting next_dagrun for example_branch_dop_operator_v3 to 2024-07-17 14:10:00+00:00, run_after=2024-07-17 14:11:00+00:00
[2024-07-17T14:11:39.498+0000] {processor.py:183} INFO - Processing /home/airflow/.local/lib/python3.12/site-packages/airflow/example_dags/example_branch_python_dop_operator_3.py took 0.176 seconds
[2024-07-17T14:12:10.338+0000] {processor.py:161} INFO - Started process (PID=3380) to work on /home/airflow/.local/lib/python3.12/site-packages/airflow/example_dags/example_branch_python_dop_operator_3.py
[2024-07-17T14:12:10.341+0000] {processor.py:830} INFO - Processing file /home/airflow/.local/lib/python3.12/site-packages/airflow/example_dags/example_branch_python_dop_operator_3.py for tasks to queue
[2024-07-17T14:12:10.347+0000] {logging_mixin.py:188} INFO - [2024-07-17T14:12:10.345+0000] {dagbag.py:545} INFO - Filling up the DagBag from /home/airflow/.local/lib/python3.12/site-packages/airflow/example_dags/example_branch_python_dop_operator_3.py
[2024-07-17T14:12:10.389+0000] {processor.py:840} INFO - DAG(s) 'example_branch_dop_operator_v3' retrieved from /home/airflow/.local/lib/python3.12/site-packages/airflow/example_dags/example_branch_python_dop_operator_3.py
[2024-07-17T14:12:10.465+0000] {logging_mixin.py:188} INFO - [2024-07-17T14:12:10.464+0000] {dag.py:3096} INFO - Sync 1 DAGs
[2024-07-17T14:12:10.555+0000] {logging_mixin.py:188} INFO - [2024-07-17T14:12:10.555+0000] {dag.py:3954} INFO - Setting next_dagrun for example_branch_dop_operator_v3 to 2024-07-17 14:11:00+00:00, run_after=2024-07-17 14:12:00+00:00
[2024-07-17T14:12:10.617+0000] {processor.py:183} INFO - Processing /home/airflow/.local/lib/python3.12/site-packages/airflow/example_dags/example_branch_python_dop_operator_3.py took 0.300 seconds
