[2024-07-17T10:31:50.385+0000] {processor.py:161} INFO - Started process (PID=57) to work on /home/airflow/.local/lib/python3.12/site-packages/airflow/example_dags/example_sensors.py
[2024-07-17T10:31:50.386+0000] {processor.py:830} INFO - Processing file /home/airflow/.local/lib/python3.12/site-packages/airflow/example_dags/example_sensors.py for tasks to queue
[2024-07-17T10:31:50.390+0000] {logging_mixin.py:188} INFO - [2024-07-17T10:31:50.389+0000] {dagbag.py:545} INFO - Filling up the DagBag from /home/airflow/.local/lib/python3.12/site-packages/airflow/example_dags/example_sensors.py
[2024-07-17T10:31:50.406+0000] {processor.py:840} INFO - DAG(s) 'example_sensors' retrieved from /home/airflow/.local/lib/python3.12/site-packages/airflow/example_dags/example_sensors.py
[2024-07-17T10:31:50.448+0000] {logging_mixin.py:188} INFO - [2024-07-17T10:31:50.447+0000] {dag.py:3096} INFO - Sync 1 DAGs
[2024-07-17T10:31:50.468+0000] {logging_mixin.py:188} INFO - [2024-07-17T10:31:50.467+0000] {dag.py:3954} INFO - Setting next_dagrun for example_sensors to None, run_after=None
[2024-07-17T10:31:50.501+0000] {processor.py:183} INFO - Processing /home/airflow/.local/lib/python3.12/site-packages/airflow/example_dags/example_sensors.py took 0.125 seconds
[2024-07-17T10:32:20.745+0000] {processor.py:161} INFO - Started process (PID=117) to work on /home/airflow/.local/lib/python3.12/site-packages/airflow/example_dags/example_sensors.py
[2024-07-17T10:32:20.747+0000] {processor.py:830} INFO - Processing file /home/airflow/.local/lib/python3.12/site-packages/airflow/example_dags/example_sensors.py for tasks to queue
[2024-07-17T10:32:20.749+0000] {logging_mixin.py:188} INFO - [2024-07-17T10:32:20.749+0000] {dagbag.py:545} INFO - Filling up the DagBag from /home/airflow/.local/lib/python3.12/site-packages/airflow/example_dags/example_sensors.py
[2024-07-17T10:32:20.763+0000] {processor.py:840} INFO - DAG(s) 'example_sensors' retrieved from /home/airflow/.local/lib/python3.12/site-packages/airflow/example_dags/example_sensors.py
[2024-07-17T10:32:20.795+0000] {logging_mixin.py:188} INFO - [2024-07-17T10:32:20.795+0000] {dag.py:3096} INFO - Sync 1 DAGs
[2024-07-17T10:32:20.818+0000] {logging_mixin.py:188} INFO - [2024-07-17T10:32:20.817+0000] {dag.py:3954} INFO - Setting next_dagrun for example_sensors to None, run_after=None
[2024-07-17T10:32:20.854+0000] {processor.py:183} INFO - Processing /home/airflow/.local/lib/python3.12/site-packages/airflow/example_dags/example_sensors.py took 0.116 seconds
[2024-07-17T10:32:51.911+0000] {processor.py:161} INFO - Started process (PID=177) to work on /home/airflow/.local/lib/python3.12/site-packages/airflow/example_dags/example_sensors.py
[2024-07-17T10:32:51.912+0000] {processor.py:830} INFO - Processing file /home/airflow/.local/lib/python3.12/site-packages/airflow/example_dags/example_sensors.py for tasks to queue
[2024-07-17T10:32:51.914+0000] {logging_mixin.py:188} INFO - [2024-07-17T10:32:51.914+0000] {dagbag.py:545} INFO - Filling up the DagBag from /home/airflow/.local/lib/python3.12/site-packages/airflow/example_dags/example_sensors.py
[2024-07-17T10:32:51.926+0000] {processor.py:840} INFO - DAG(s) 'example_sensors' retrieved from /home/airflow/.local/lib/python3.12/site-packages/airflow/example_dags/example_sensors.py
[2024-07-17T10:32:52.074+0000] {logging_mixin.py:188} INFO - [2024-07-17T10:32:52.073+0000] {dag.py:3096} INFO - Sync 1 DAGs
[2024-07-17T10:32:52.084+0000] {logging_mixin.py:188} INFO - [2024-07-17T10:32:52.084+0000] {dag.py:3954} INFO - Setting next_dagrun for example_sensors to None, run_after=None
[2024-07-17T10:32:52.104+0000] {processor.py:183} INFO - Processing /home/airflow/.local/lib/python3.12/site-packages/airflow/example_dags/example_sensors.py took 0.199 seconds
[2024-07-17T10:33:22.956+0000] {processor.py:161} INFO - Started process (PID=237) to work on /home/airflow/.local/lib/python3.12/site-packages/airflow/example_dags/example_sensors.py
[2024-07-17T10:33:22.957+0000] {processor.py:830} INFO - Processing file /home/airflow/.local/lib/python3.12/site-packages/airflow/example_dags/example_sensors.py for tasks to queue
[2024-07-17T10:33:22.959+0000] {logging_mixin.py:188} INFO - [2024-07-17T10:33:22.959+0000] {dagbag.py:545} INFO - Filling up the DagBag from /home/airflow/.local/lib/python3.12/site-packages/airflow/example_dags/example_sensors.py
[2024-07-17T10:33:22.973+0000] {processor.py:840} INFO - DAG(s) 'example_sensors' retrieved from /home/airflow/.local/lib/python3.12/site-packages/airflow/example_dags/example_sensors.py
[2024-07-17T10:33:23.013+0000] {logging_mixin.py:188} INFO - [2024-07-17T10:33:23.012+0000] {dag.py:3096} INFO - Sync 1 DAGs
[2024-07-17T10:33:23.032+0000] {logging_mixin.py:188} INFO - [2024-07-17T10:33:23.031+0000] {dag.py:3954} INFO - Setting next_dagrun for example_sensors to None, run_after=None
[2024-07-17T10:33:23.061+0000] {processor.py:183} INFO - Processing /home/airflow/.local/lib/python3.12/site-packages/airflow/example_dags/example_sensors.py took 0.114 seconds
[2024-07-17T10:33:53.548+0000] {processor.py:161} INFO - Started process (PID=303) to work on /home/airflow/.local/lib/python3.12/site-packages/airflow/example_dags/example_sensors.py
[2024-07-17T10:33:53.550+0000] {processor.py:830} INFO - Processing file /home/airflow/.local/lib/python3.12/site-packages/airflow/example_dags/example_sensors.py for tasks to queue
[2024-07-17T10:33:53.554+0000] {logging_mixin.py:188} INFO - [2024-07-17T10:33:53.553+0000] {dagbag.py:545} INFO - Filling up the DagBag from /home/airflow/.local/lib/python3.12/site-packages/airflow/example_dags/example_sensors.py
[2024-07-17T10:33:53.568+0000] {processor.py:840} INFO - DAG(s) 'example_sensors' retrieved from /home/airflow/.local/lib/python3.12/site-packages/airflow/example_dags/example_sensors.py
[2024-07-17T10:33:53.614+0000] {logging_mixin.py:188} INFO - [2024-07-17T10:33:53.614+0000] {dag.py:3096} INFO - Sync 1 DAGs
[2024-07-17T10:33:53.646+0000] {logging_mixin.py:188} INFO - [2024-07-17T10:33:53.645+0000] {dag.py:3954} INFO - Setting next_dagrun for example_sensors to None, run_after=None
[2024-07-17T10:33:53.686+0000] {processor.py:183} INFO - Processing /home/airflow/.local/lib/python3.12/site-packages/airflow/example_dags/example_sensors.py took 0.146 seconds
[2024-07-17T10:34:23.854+0000] {processor.py:161} INFO - Started process (PID=363) to work on /home/airflow/.local/lib/python3.12/site-packages/airflow/example_dags/example_sensors.py
[2024-07-17T10:34:23.855+0000] {processor.py:830} INFO - Processing file /home/airflow/.local/lib/python3.12/site-packages/airflow/example_dags/example_sensors.py for tasks to queue
[2024-07-17T10:34:23.857+0000] {logging_mixin.py:188} INFO - [2024-07-17T10:34:23.857+0000] {dagbag.py:545} INFO - Filling up the DagBag from /home/airflow/.local/lib/python3.12/site-packages/airflow/example_dags/example_sensors.py
[2024-07-17T10:34:23.875+0000] {processor.py:840} INFO - DAG(s) 'example_sensors' retrieved from /home/airflow/.local/lib/python3.12/site-packages/airflow/example_dags/example_sensors.py
[2024-07-17T10:34:23.920+0000] {logging_mixin.py:188} INFO - [2024-07-17T10:34:23.919+0000] {dag.py:3096} INFO - Sync 1 DAGs
[2024-07-17T10:34:23.942+0000] {logging_mixin.py:188} INFO - [2024-07-17T10:34:23.942+0000] {dag.py:3954} INFO - Setting next_dagrun for example_sensors to None, run_after=None
[2024-07-17T10:34:23.966+0000] {processor.py:183} INFO - Processing /home/airflow/.local/lib/python3.12/site-packages/airflow/example_dags/example_sensors.py took 0.121 seconds
[2024-07-17T10:34:54.316+0000] {processor.py:161} INFO - Started process (PID=421) to work on /home/airflow/.local/lib/python3.12/site-packages/airflow/example_dags/example_sensors.py
[2024-07-17T10:34:54.317+0000] {processor.py:830} INFO - Processing file /home/airflow/.local/lib/python3.12/site-packages/airflow/example_dags/example_sensors.py for tasks to queue
[2024-07-17T10:34:54.319+0000] {logging_mixin.py:188} INFO - [2024-07-17T10:34:54.319+0000] {dagbag.py:545} INFO - Filling up the DagBag from /home/airflow/.local/lib/python3.12/site-packages/airflow/example_dags/example_sensors.py
[2024-07-17T10:34:54.334+0000] {processor.py:840} INFO - DAG(s) 'example_sensors' retrieved from /home/airflow/.local/lib/python3.12/site-packages/airflow/example_dags/example_sensors.py
[2024-07-17T10:34:54.375+0000] {logging_mixin.py:188} INFO - [2024-07-17T10:34:54.375+0000] {dag.py:3096} INFO - Sync 1 DAGs
[2024-07-17T10:34:54.397+0000] {logging_mixin.py:188} INFO - [2024-07-17T10:34:54.397+0000] {dag.py:3954} INFO - Setting next_dagrun for example_sensors to None, run_after=None
[2024-07-17T10:34:54.425+0000] {processor.py:183} INFO - Processing /home/airflow/.local/lib/python3.12/site-packages/airflow/example_dags/example_sensors.py took 0.118 seconds
[2024-07-17T10:35:25.197+0000] {processor.py:161} INFO - Started process (PID=481) to work on /home/airflow/.local/lib/python3.12/site-packages/airflow/example_dags/example_sensors.py
[2024-07-17T10:35:25.198+0000] {processor.py:830} INFO - Processing file /home/airflow/.local/lib/python3.12/site-packages/airflow/example_dags/example_sensors.py for tasks to queue
[2024-07-17T10:35:25.200+0000] {logging_mixin.py:188} INFO - [2024-07-17T10:35:25.200+0000] {dagbag.py:545} INFO - Filling up the DagBag from /home/airflow/.local/lib/python3.12/site-packages/airflow/example_dags/example_sensors.py
[2024-07-17T10:35:25.223+0000] {processor.py:840} INFO - DAG(s) 'example_sensors' retrieved from /home/airflow/.local/lib/python3.12/site-packages/airflow/example_dags/example_sensors.py
[2024-07-17T10:35:25.259+0000] {logging_mixin.py:188} INFO - [2024-07-17T10:35:25.258+0000] {dag.py:3096} INFO - Sync 1 DAGs
[2024-07-17T10:35:25.273+0000] {logging_mixin.py:188} INFO - [2024-07-17T10:35:25.273+0000] {dag.py:3954} INFO - Setting next_dagrun for example_sensors to None, run_after=None
[2024-07-17T10:35:25.299+0000] {processor.py:183} INFO - Processing /home/airflow/.local/lib/python3.12/site-packages/airflow/example_dags/example_sensors.py took 0.113 seconds
[2024-07-17T10:35:55.571+0000] {processor.py:161} INFO - Started process (PID=541) to work on /home/airflow/.local/lib/python3.12/site-packages/airflow/example_dags/example_sensors.py
[2024-07-17T10:35:55.572+0000] {processor.py:830} INFO - Processing file /home/airflow/.local/lib/python3.12/site-packages/airflow/example_dags/example_sensors.py for tasks to queue
[2024-07-17T10:35:55.575+0000] {logging_mixin.py:188} INFO - [2024-07-17T10:35:55.574+0000] {dagbag.py:545} INFO - Filling up the DagBag from /home/airflow/.local/lib/python3.12/site-packages/airflow/example_dags/example_sensors.py
[2024-07-17T10:35:55.587+0000] {processor.py:840} INFO - DAG(s) 'example_sensors' retrieved from /home/airflow/.local/lib/python3.12/site-packages/airflow/example_dags/example_sensors.py
[2024-07-17T10:35:55.620+0000] {logging_mixin.py:188} INFO - [2024-07-17T10:35:55.620+0000] {dag.py:3096} INFO - Sync 1 DAGs
[2024-07-17T10:35:55.637+0000] {logging_mixin.py:188} INFO - [2024-07-17T10:35:55.636+0000] {dag.py:3954} INFO - Setting next_dagrun for example_sensors to None, run_after=None
[2024-07-17T10:35:55.666+0000] {processor.py:183} INFO - Processing /home/airflow/.local/lib/python3.12/site-packages/airflow/example_dags/example_sensors.py took 0.103 seconds
[2024-07-17T10:36:26.012+0000] {processor.py:161} INFO - Started process (PID=601) to work on /home/airflow/.local/lib/python3.12/site-packages/airflow/example_dags/example_sensors.py
[2024-07-17T10:36:26.013+0000] {processor.py:830} INFO - Processing file /home/airflow/.local/lib/python3.12/site-packages/airflow/example_dags/example_sensors.py for tasks to queue
[2024-07-17T10:36:26.016+0000] {logging_mixin.py:188} INFO - [2024-07-17T10:36:26.015+0000] {dagbag.py:545} INFO - Filling up the DagBag from /home/airflow/.local/lib/python3.12/site-packages/airflow/example_dags/example_sensors.py
[2024-07-17T10:36:26.028+0000] {processor.py:840} INFO - DAG(s) 'example_sensors' retrieved from /home/airflow/.local/lib/python3.12/site-packages/airflow/example_dags/example_sensors.py
[2024-07-17T10:36:26.053+0000] {logging_mixin.py:188} INFO - [2024-07-17T10:36:26.053+0000] {dag.py:3096} INFO - Sync 1 DAGs
[2024-07-17T10:36:26.066+0000] {logging_mixin.py:188} INFO - [2024-07-17T10:36:26.066+0000] {dag.py:3954} INFO - Setting next_dagrun for example_sensors to None, run_after=None
[2024-07-17T10:36:26.085+0000] {processor.py:183} INFO - Processing /home/airflow/.local/lib/python3.12/site-packages/airflow/example_dags/example_sensors.py took 0.078 seconds
[2024-07-17T13:41:24.097+0000] {processor.py:161} INFO - Started process (PID=57) to work on /home/airflow/.local/lib/python3.12/site-packages/airflow/example_dags/example_sensors.py
[2024-07-17T13:41:24.105+0000] {processor.py:830} INFO - Processing file /home/airflow/.local/lib/python3.12/site-packages/airflow/example_dags/example_sensors.py for tasks to queue
[2024-07-17T13:41:24.117+0000] {logging_mixin.py:188} INFO - [2024-07-17T13:41:24.115+0000] {dagbag.py:545} INFO - Filling up the DagBag from /home/airflow/.local/lib/python3.12/site-packages/airflow/example_dags/example_sensors.py
[2024-07-17T13:41:24.164+0000] {processor.py:840} INFO - DAG(s) 'example_sensors' retrieved from /home/airflow/.local/lib/python3.12/site-packages/airflow/example_dags/example_sensors.py
[2024-07-17T13:41:24.473+0000] {logging_mixin.py:188} INFO - [2024-07-17T13:41:24.472+0000] {dag.py:3096} INFO - Sync 1 DAGs
[2024-07-17T13:41:24.512+0000] {logging_mixin.py:188} INFO - [2024-07-17T13:41:24.511+0000] {dag.py:3954} INFO - Setting next_dagrun for example_sensors to None, run_after=None
[2024-07-17T13:41:24.567+0000] {processor.py:183} INFO - Processing /home/airflow/.local/lib/python3.12/site-packages/airflow/example_dags/example_sensors.py took 0.511 seconds
[2024-07-17T13:41:54.677+0000] {processor.py:161} INFO - Started process (PID=117) to work on /home/airflow/.local/lib/python3.12/site-packages/airflow/example_dags/example_sensors.py
[2024-07-17T13:41:54.678+0000] {processor.py:830} INFO - Processing file /home/airflow/.local/lib/python3.12/site-packages/airflow/example_dags/example_sensors.py for tasks to queue
[2024-07-17T13:41:54.680+0000] {logging_mixin.py:188} INFO - [2024-07-17T13:41:54.680+0000] {dagbag.py:545} INFO - Filling up the DagBag from /home/airflow/.local/lib/python3.12/site-packages/airflow/example_dags/example_sensors.py
[2024-07-17T13:41:54.693+0000] {processor.py:840} INFO - DAG(s) 'example_sensors' retrieved from /home/airflow/.local/lib/python3.12/site-packages/airflow/example_dags/example_sensors.py
[2024-07-17T13:41:54.730+0000] {logging_mixin.py:188} INFO - [2024-07-17T13:41:54.729+0000] {dag.py:3096} INFO - Sync 1 DAGs
[2024-07-17T13:41:54.747+0000] {logging_mixin.py:188} INFO - [2024-07-17T13:41:54.747+0000] {dag.py:3954} INFO - Setting next_dagrun for example_sensors to None, run_after=None
[2024-07-17T13:41:54.774+0000] {processor.py:183} INFO - Processing /home/airflow/.local/lib/python3.12/site-packages/airflow/example_dags/example_sensors.py took 0.105 seconds
[2024-07-17T13:42:25.236+0000] {processor.py:161} INFO - Started process (PID=177) to work on /home/airflow/.local/lib/python3.12/site-packages/airflow/example_dags/example_sensors.py
[2024-07-17T13:42:25.237+0000] {processor.py:830} INFO - Processing file /home/airflow/.local/lib/python3.12/site-packages/airflow/example_dags/example_sensors.py for tasks to queue
[2024-07-17T13:42:25.239+0000] {logging_mixin.py:188} INFO - [2024-07-17T13:42:25.238+0000] {dagbag.py:545} INFO - Filling up the DagBag from /home/airflow/.local/lib/python3.12/site-packages/airflow/example_dags/example_sensors.py
[2024-07-17T13:42:25.246+0000] {processor.py:840} INFO - DAG(s) 'example_sensors' retrieved from /home/airflow/.local/lib/python3.12/site-packages/airflow/example_dags/example_sensors.py
[2024-07-17T13:42:25.271+0000] {logging_mixin.py:188} INFO - [2024-07-17T13:42:25.271+0000] {dag.py:3096} INFO - Sync 1 DAGs
[2024-07-17T13:42:25.282+0000] {logging_mixin.py:188} INFO - [2024-07-17T13:42:25.282+0000] {dag.py:3954} INFO - Setting next_dagrun for example_sensors to None, run_after=None
[2024-07-17T13:42:25.301+0000] {processor.py:183} INFO - Processing /home/airflow/.local/lib/python3.12/site-packages/airflow/example_dags/example_sensors.py took 0.070 seconds
[2024-07-17T13:42:55.872+0000] {processor.py:161} INFO - Started process (PID=237) to work on /home/airflow/.local/lib/python3.12/site-packages/airflow/example_dags/example_sensors.py
[2024-07-17T13:42:55.873+0000] {processor.py:830} INFO - Processing file /home/airflow/.local/lib/python3.12/site-packages/airflow/example_dags/example_sensors.py for tasks to queue
[2024-07-17T13:42:55.875+0000] {logging_mixin.py:188} INFO - [2024-07-17T13:42:55.875+0000] {dagbag.py:545} INFO - Filling up the DagBag from /home/airflow/.local/lib/python3.12/site-packages/airflow/example_dags/example_sensors.py
[2024-07-17T13:42:55.888+0000] {processor.py:840} INFO - DAG(s) 'example_sensors' retrieved from /home/airflow/.local/lib/python3.12/site-packages/airflow/example_dags/example_sensors.py
[2024-07-17T13:42:55.918+0000] {logging_mixin.py:188} INFO - [2024-07-17T13:42:55.918+0000] {dag.py:3096} INFO - Sync 1 DAGs
[2024-07-17T13:42:55.933+0000] {logging_mixin.py:188} INFO - [2024-07-17T13:42:55.933+0000] {dag.py:3954} INFO - Setting next_dagrun for example_sensors to None, run_after=None
[2024-07-17T13:42:55.951+0000] {processor.py:183} INFO - Processing /home/airflow/.local/lib/python3.12/site-packages/airflow/example_dags/example_sensors.py took 0.087 seconds
[2024-07-17T13:43:26.634+0000] {processor.py:161} INFO - Started process (PID=297) to work on /home/airflow/.local/lib/python3.12/site-packages/airflow/example_dags/example_sensors.py
[2024-07-17T13:43:26.635+0000] {processor.py:830} INFO - Processing file /home/airflow/.local/lib/python3.12/site-packages/airflow/example_dags/example_sensors.py for tasks to queue
[2024-07-17T13:43:26.637+0000] {logging_mixin.py:188} INFO - [2024-07-17T13:43:26.637+0000] {dagbag.py:545} INFO - Filling up the DagBag from /home/airflow/.local/lib/python3.12/site-packages/airflow/example_dags/example_sensors.py
[2024-07-17T13:43:26.649+0000] {processor.py:840} INFO - DAG(s) 'example_sensors' retrieved from /home/airflow/.local/lib/python3.12/site-packages/airflow/example_dags/example_sensors.py
[2024-07-17T13:43:26.679+0000] {logging_mixin.py:188} INFO - [2024-07-17T13:43:26.678+0000] {dag.py:3096} INFO - Sync 1 DAGs
[2024-07-17T13:43:26.696+0000] {logging_mixin.py:188} INFO - [2024-07-17T13:43:26.696+0000] {dag.py:3954} INFO - Setting next_dagrun for example_sensors to None, run_after=None
[2024-07-17T13:43:26.717+0000] {processor.py:183} INFO - Processing /home/airflow/.local/lib/python3.12/site-packages/airflow/example_dags/example_sensors.py took 0.094 seconds
[2024-07-17T13:43:56.955+0000] {processor.py:161} INFO - Started process (PID=357) to work on /home/airflow/.local/lib/python3.12/site-packages/airflow/example_dags/example_sensors.py
[2024-07-17T13:43:56.956+0000] {processor.py:830} INFO - Processing file /home/airflow/.local/lib/python3.12/site-packages/airflow/example_dags/example_sensors.py for tasks to queue
[2024-07-17T13:43:56.957+0000] {logging_mixin.py:188} INFO - [2024-07-17T13:43:56.957+0000] {dagbag.py:545} INFO - Filling up the DagBag from /home/airflow/.local/lib/python3.12/site-packages/airflow/example_dags/example_sensors.py
[2024-07-17T13:43:56.965+0000] {processor.py:840} INFO - DAG(s) 'example_sensors' retrieved from /home/airflow/.local/lib/python3.12/site-packages/airflow/example_dags/example_sensors.py
[2024-07-17T13:43:56.994+0000] {logging_mixin.py:188} INFO - [2024-07-17T13:43:56.994+0000] {dag.py:3096} INFO - Sync 1 DAGs
[2024-07-17T13:43:57.008+0000] {logging_mixin.py:188} INFO - [2024-07-17T13:43:57.007+0000] {dag.py:3954} INFO - Setting next_dagrun for example_sensors to None, run_after=None
[2024-07-17T13:43:57.030+0000] {processor.py:183} INFO - Processing /home/airflow/.local/lib/python3.12/site-packages/airflow/example_dags/example_sensors.py took 0.080 seconds
[2024-07-17T13:44:27.137+0000] {processor.py:161} INFO - Started process (PID=417) to work on /home/airflow/.local/lib/python3.12/site-packages/airflow/example_dags/example_sensors.py
[2024-07-17T13:44:27.139+0000] {processor.py:830} INFO - Processing file /home/airflow/.local/lib/python3.12/site-packages/airflow/example_dags/example_sensors.py for tasks to queue
[2024-07-17T13:44:27.142+0000] {logging_mixin.py:188} INFO - [2024-07-17T13:44:27.141+0000] {dagbag.py:545} INFO - Filling up the DagBag from /home/airflow/.local/lib/python3.12/site-packages/airflow/example_dags/example_sensors.py
[2024-07-17T13:44:27.157+0000] {processor.py:840} INFO - DAG(s) 'example_sensors' retrieved from /home/airflow/.local/lib/python3.12/site-packages/airflow/example_dags/example_sensors.py
[2024-07-17T13:44:27.193+0000] {logging_mixin.py:188} INFO - [2024-07-17T13:44:27.193+0000] {dag.py:3096} INFO - Sync 1 DAGs
[2024-07-17T13:44:27.210+0000] {logging_mixin.py:188} INFO - [2024-07-17T13:44:27.210+0000] {dag.py:3954} INFO - Setting next_dagrun for example_sensors to None, run_after=None
[2024-07-17T13:44:27.252+0000] {processor.py:183} INFO - Processing /home/airflow/.local/lib/python3.12/site-packages/airflow/example_dags/example_sensors.py took 0.124 seconds
[2024-07-17T13:44:57.611+0000] {processor.py:161} INFO - Started process (PID=477) to work on /home/airflow/.local/lib/python3.12/site-packages/airflow/example_dags/example_sensors.py
[2024-07-17T13:44:57.612+0000] {processor.py:830} INFO - Processing file /home/airflow/.local/lib/python3.12/site-packages/airflow/example_dags/example_sensors.py for tasks to queue
[2024-07-17T13:44:57.614+0000] {logging_mixin.py:188} INFO - [2024-07-17T13:44:57.614+0000] {dagbag.py:545} INFO - Filling up the DagBag from /home/airflow/.local/lib/python3.12/site-packages/airflow/example_dags/example_sensors.py
[2024-07-17T13:44:57.622+0000] {processor.py:840} INFO - DAG(s) 'example_sensors' retrieved from /home/airflow/.local/lib/python3.12/site-packages/airflow/example_dags/example_sensors.py
[2024-07-17T13:44:57.657+0000] {logging_mixin.py:188} INFO - [2024-07-17T13:44:57.657+0000] {dag.py:3096} INFO - Sync 1 DAGs
[2024-07-17T13:44:57.676+0000] {logging_mixin.py:188} INFO - [2024-07-17T13:44:57.675+0000] {dag.py:3954} INFO - Setting next_dagrun for example_sensors to None, run_after=None
[2024-07-17T13:44:57.709+0000] {processor.py:183} INFO - Processing /home/airflow/.local/lib/python3.12/site-packages/airflow/example_dags/example_sensors.py took 0.104 seconds
[2024-07-17T13:45:27.992+0000] {processor.py:161} INFO - Started process (PID=537) to work on /home/airflow/.local/lib/python3.12/site-packages/airflow/example_dags/example_sensors.py
[2024-07-17T13:45:27.993+0000] {processor.py:830} INFO - Processing file /home/airflow/.local/lib/python3.12/site-packages/airflow/example_dags/example_sensors.py for tasks to queue
[2024-07-17T13:45:27.995+0000] {logging_mixin.py:188} INFO - [2024-07-17T13:45:27.995+0000] {dagbag.py:545} INFO - Filling up the DagBag from /home/airflow/.local/lib/python3.12/site-packages/airflow/example_dags/example_sensors.py
[2024-07-17T13:45:28.003+0000] {processor.py:840} INFO - DAG(s) 'example_sensors' retrieved from /home/airflow/.local/lib/python3.12/site-packages/airflow/example_dags/example_sensors.py
[2024-07-17T13:45:28.028+0000] {logging_mixin.py:188} INFO - [2024-07-17T13:45:28.027+0000] {dag.py:3096} INFO - Sync 1 DAGs
[2024-07-17T13:45:28.045+0000] {logging_mixin.py:188} INFO - [2024-07-17T13:45:28.045+0000] {dag.py:3954} INFO - Setting next_dagrun for example_sensors to None, run_after=None
[2024-07-17T13:45:28.069+0000] {processor.py:183} INFO - Processing /home/airflow/.local/lib/python3.12/site-packages/airflow/example_dags/example_sensors.py took 0.082 seconds
[2024-07-17T13:45:58.507+0000] {processor.py:161} INFO - Started process (PID=603) to work on /home/airflow/.local/lib/python3.12/site-packages/airflow/example_dags/example_sensors.py
[2024-07-17T13:45:58.509+0000] {processor.py:830} INFO - Processing file /home/airflow/.local/lib/python3.12/site-packages/airflow/example_dags/example_sensors.py for tasks to queue
[2024-07-17T13:45:58.511+0000] {logging_mixin.py:188} INFO - [2024-07-17T13:45:58.510+0000] {dagbag.py:545} INFO - Filling up the DagBag from /home/airflow/.local/lib/python3.12/site-packages/airflow/example_dags/example_sensors.py
[2024-07-17T13:45:58.519+0000] {processor.py:840} INFO - DAG(s) 'example_sensors' retrieved from /home/airflow/.local/lib/python3.12/site-packages/airflow/example_dags/example_sensors.py
[2024-07-17T13:45:58.547+0000] {logging_mixin.py:188} INFO - [2024-07-17T13:45:58.547+0000] {dag.py:3096} INFO - Sync 1 DAGs
[2024-07-17T13:45:58.560+0000] {logging_mixin.py:188} INFO - [2024-07-17T13:45:58.560+0000] {dag.py:3954} INFO - Setting next_dagrun for example_sensors to None, run_after=None
[2024-07-17T13:45:58.580+0000] {processor.py:183} INFO - Processing /home/airflow/.local/lib/python3.12/site-packages/airflow/example_dags/example_sensors.py took 0.080 seconds
[2024-07-17T13:46:29.425+0000] {processor.py:161} INFO - Started process (PID=663) to work on /home/airflow/.local/lib/python3.12/site-packages/airflow/example_dags/example_sensors.py
[2024-07-17T13:46:29.426+0000] {processor.py:830} INFO - Processing file /home/airflow/.local/lib/python3.12/site-packages/airflow/example_dags/example_sensors.py for tasks to queue
[2024-07-17T13:46:29.428+0000] {logging_mixin.py:188} INFO - [2024-07-17T13:46:29.428+0000] {dagbag.py:545} INFO - Filling up the DagBag from /home/airflow/.local/lib/python3.12/site-packages/airflow/example_dags/example_sensors.py
[2024-07-17T13:46:29.441+0000] {processor.py:840} INFO - DAG(s) 'example_sensors' retrieved from /home/airflow/.local/lib/python3.12/site-packages/airflow/example_dags/example_sensors.py
[2024-07-17T13:46:29.475+0000] {logging_mixin.py:188} INFO - [2024-07-17T13:46:29.474+0000] {dag.py:3096} INFO - Sync 1 DAGs
[2024-07-17T13:46:29.493+0000] {logging_mixin.py:188} INFO - [2024-07-17T13:46:29.493+0000] {dag.py:3954} INFO - Setting next_dagrun for example_sensors to None, run_after=None
[2024-07-17T13:46:29.519+0000] {processor.py:183} INFO - Processing /home/airflow/.local/lib/python3.12/site-packages/airflow/example_dags/example_sensors.py took 0.100 seconds
[2024-07-17T13:47:00.041+0000] {processor.py:161} INFO - Started process (PID=723) to work on /home/airflow/.local/lib/python3.12/site-packages/airflow/example_dags/example_sensors.py
[2024-07-17T13:47:00.043+0000] {processor.py:830} INFO - Processing file /home/airflow/.local/lib/python3.12/site-packages/airflow/example_dags/example_sensors.py for tasks to queue
[2024-07-17T13:47:00.046+0000] {logging_mixin.py:188} INFO - [2024-07-17T13:47:00.045+0000] {dagbag.py:545} INFO - Filling up the DagBag from /home/airflow/.local/lib/python3.12/site-packages/airflow/example_dags/example_sensors.py
[2024-07-17T13:47:00.058+0000] {processor.py:840} INFO - DAG(s) 'example_sensors' retrieved from /home/airflow/.local/lib/python3.12/site-packages/airflow/example_dags/example_sensors.py
[2024-07-17T13:47:00.096+0000] {logging_mixin.py:188} INFO - [2024-07-17T13:47:00.096+0000] {dag.py:3096} INFO - Sync 1 DAGs
[2024-07-17T13:47:00.115+0000] {logging_mixin.py:188} INFO - [2024-07-17T13:47:00.114+0000] {dag.py:3954} INFO - Setting next_dagrun for example_sensors to None, run_after=None
[2024-07-17T13:47:00.147+0000] {processor.py:183} INFO - Processing /home/airflow/.local/lib/python3.12/site-packages/airflow/example_dags/example_sensors.py took 0.113 seconds
[2024-07-17T13:47:30.245+0000] {processor.py:161} INFO - Started process (PID=781) to work on /home/airflow/.local/lib/python3.12/site-packages/airflow/example_dags/example_sensors.py
[2024-07-17T13:47:30.246+0000] {processor.py:830} INFO - Processing file /home/airflow/.local/lib/python3.12/site-packages/airflow/example_dags/example_sensors.py for tasks to queue
[2024-07-17T13:47:30.249+0000] {logging_mixin.py:188} INFO - [2024-07-17T13:47:30.248+0000] {dagbag.py:545} INFO - Filling up the DagBag from /home/airflow/.local/lib/python3.12/site-packages/airflow/example_dags/example_sensors.py
[2024-07-17T13:47:30.261+0000] {processor.py:840} INFO - DAG(s) 'example_sensors' retrieved from /home/airflow/.local/lib/python3.12/site-packages/airflow/example_dags/example_sensors.py
[2024-07-17T13:47:30.298+0000] {logging_mixin.py:188} INFO - [2024-07-17T13:47:30.298+0000] {dag.py:3096} INFO - Sync 1 DAGs
[2024-07-17T13:47:30.317+0000] {logging_mixin.py:188} INFO - [2024-07-17T13:47:30.317+0000] {dag.py:3954} INFO - Setting next_dagrun for example_sensors to None, run_after=None
[2024-07-17T13:47:30.341+0000] {processor.py:183} INFO - Processing /home/airflow/.local/lib/python3.12/site-packages/airflow/example_dags/example_sensors.py took 0.104 seconds
[2024-07-17T13:48:00.629+0000] {processor.py:161} INFO - Started process (PID=841) to work on /home/airflow/.local/lib/python3.12/site-packages/airflow/example_dags/example_sensors.py
[2024-07-17T13:48:00.630+0000] {processor.py:830} INFO - Processing file /home/airflow/.local/lib/python3.12/site-packages/airflow/example_dags/example_sensors.py for tasks to queue
[2024-07-17T13:48:00.632+0000] {logging_mixin.py:188} INFO - [2024-07-17T13:48:00.632+0000] {dagbag.py:545} INFO - Filling up the DagBag from /home/airflow/.local/lib/python3.12/site-packages/airflow/example_dags/example_sensors.py
[2024-07-17T13:48:00.642+0000] {processor.py:840} INFO - DAG(s) 'example_sensors' retrieved from /home/airflow/.local/lib/python3.12/site-packages/airflow/example_dags/example_sensors.py
[2024-07-17T13:48:00.674+0000] {logging_mixin.py:188} INFO - [2024-07-17T13:48:00.673+0000] {dag.py:3096} INFO - Sync 1 DAGs
[2024-07-17T13:48:00.690+0000] {logging_mixin.py:188} INFO - [2024-07-17T13:48:00.690+0000] {dag.py:3954} INFO - Setting next_dagrun for example_sensors to None, run_after=None
[2024-07-17T13:48:00.711+0000] {processor.py:183} INFO - Processing /home/airflow/.local/lib/python3.12/site-packages/airflow/example_dags/example_sensors.py took 0.086 seconds
[2024-07-17T13:48:31.040+0000] {processor.py:161} INFO - Started process (PID=901) to work on /home/airflow/.local/lib/python3.12/site-packages/airflow/example_dags/example_sensors.py
[2024-07-17T13:48:31.041+0000] {processor.py:830} INFO - Processing file /home/airflow/.local/lib/python3.12/site-packages/airflow/example_dags/example_sensors.py for tasks to queue
[2024-07-17T13:48:31.043+0000] {logging_mixin.py:188} INFO - [2024-07-17T13:48:31.043+0000] {dagbag.py:545} INFO - Filling up the DagBag from /home/airflow/.local/lib/python3.12/site-packages/airflow/example_dags/example_sensors.py
[2024-07-17T13:48:31.053+0000] {processor.py:840} INFO - DAG(s) 'example_sensors' retrieved from /home/airflow/.local/lib/python3.12/site-packages/airflow/example_dags/example_sensors.py
[2024-07-17T13:48:31.084+0000] {logging_mixin.py:188} INFO - [2024-07-17T13:48:31.083+0000] {dag.py:3096} INFO - Sync 1 DAGs
[2024-07-17T13:48:31.101+0000] {logging_mixin.py:188} INFO - [2024-07-17T13:48:31.101+0000] {dag.py:3954} INFO - Setting next_dagrun for example_sensors to None, run_after=None
[2024-07-17T13:48:31.133+0000] {processor.py:183} INFO - Processing /home/airflow/.local/lib/python3.12/site-packages/airflow/example_dags/example_sensors.py took 0.098 seconds
[2024-07-17T13:49:01.352+0000] {processor.py:161} INFO - Started process (PID=961) to work on /home/airflow/.local/lib/python3.12/site-packages/airflow/example_dags/example_sensors.py
[2024-07-17T13:49:01.353+0000] {processor.py:830} INFO - Processing file /home/airflow/.local/lib/python3.12/site-packages/airflow/example_dags/example_sensors.py for tasks to queue
[2024-07-17T13:49:01.356+0000] {logging_mixin.py:188} INFO - [2024-07-17T13:49:01.355+0000] {dagbag.py:545} INFO - Filling up the DagBag from /home/airflow/.local/lib/python3.12/site-packages/airflow/example_dags/example_sensors.py
[2024-07-17T13:49:01.371+0000] {processor.py:840} INFO - DAG(s) 'example_sensors' retrieved from /home/airflow/.local/lib/python3.12/site-packages/airflow/example_dags/example_sensors.py
[2024-07-17T13:49:01.411+0000] {logging_mixin.py:188} INFO - [2024-07-17T13:49:01.411+0000] {dag.py:3096} INFO - Sync 1 DAGs
[2024-07-17T13:49:01.431+0000] {logging_mixin.py:188} INFO - [2024-07-17T13:49:01.431+0000] {dag.py:3954} INFO - Setting next_dagrun for example_sensors to None, run_after=None
[2024-07-17T13:49:01.457+0000] {processor.py:183} INFO - Processing /home/airflow/.local/lib/python3.12/site-packages/airflow/example_dags/example_sensors.py took 0.111 seconds
[2024-07-17T13:49:31.640+0000] {processor.py:161} INFO - Started process (PID=1021) to work on /home/airflow/.local/lib/python3.12/site-packages/airflow/example_dags/example_sensors.py
[2024-07-17T13:49:31.641+0000] {processor.py:830} INFO - Processing file /home/airflow/.local/lib/python3.12/site-packages/airflow/example_dags/example_sensors.py for tasks to queue
[2024-07-17T13:49:31.643+0000] {logging_mixin.py:188} INFO - [2024-07-17T13:49:31.643+0000] {dagbag.py:545} INFO - Filling up the DagBag from /home/airflow/.local/lib/python3.12/site-packages/airflow/example_dags/example_sensors.py
[2024-07-17T13:49:31.652+0000] {processor.py:840} INFO - DAG(s) 'example_sensors' retrieved from /home/airflow/.local/lib/python3.12/site-packages/airflow/example_dags/example_sensors.py
[2024-07-17T13:49:31.686+0000] {logging_mixin.py:188} INFO - [2024-07-17T13:49:31.686+0000] {dag.py:3096} INFO - Sync 1 DAGs
[2024-07-17T13:49:31.701+0000] {logging_mixin.py:188} INFO - [2024-07-17T13:49:31.700+0000] {dag.py:3954} INFO - Setting next_dagrun for example_sensors to None, run_after=None
[2024-07-17T13:49:31.721+0000] {processor.py:183} INFO - Processing /home/airflow/.local/lib/python3.12/site-packages/airflow/example_dags/example_sensors.py took 0.088 seconds
[2024-07-17T13:50:01.897+0000] {processor.py:161} INFO - Started process (PID=1081) to work on /home/airflow/.local/lib/python3.12/site-packages/airflow/example_dags/example_sensors.py
[2024-07-17T13:50:01.898+0000] {processor.py:830} INFO - Processing file /home/airflow/.local/lib/python3.12/site-packages/airflow/example_dags/example_sensors.py for tasks to queue
[2024-07-17T13:50:01.899+0000] {logging_mixin.py:188} INFO - [2024-07-17T13:50:01.899+0000] {dagbag.py:545} INFO - Filling up the DagBag from /home/airflow/.local/lib/python3.12/site-packages/airflow/example_dags/example_sensors.py
[2024-07-17T13:50:01.906+0000] {processor.py:840} INFO - DAG(s) 'example_sensors' retrieved from /home/airflow/.local/lib/python3.12/site-packages/airflow/example_dags/example_sensors.py
[2024-07-17T13:50:01.930+0000] {logging_mixin.py:188} INFO - [2024-07-17T13:50:01.929+0000] {dag.py:3096} INFO - Sync 1 DAGs
[2024-07-17T13:50:01.940+0000] {logging_mixin.py:188} INFO - [2024-07-17T13:50:01.940+0000] {dag.py:3954} INFO - Setting next_dagrun for example_sensors to None, run_after=None
[2024-07-17T13:50:01.958+0000] {processor.py:183} INFO - Processing /home/airflow/.local/lib/python3.12/site-packages/airflow/example_dags/example_sensors.py took 0.067 seconds
[2024-07-17T13:50:32.418+0000] {processor.py:161} INFO - Started process (PID=1141) to work on /home/airflow/.local/lib/python3.12/site-packages/airflow/example_dags/example_sensors.py
[2024-07-17T13:50:32.418+0000] {processor.py:830} INFO - Processing file /home/airflow/.local/lib/python3.12/site-packages/airflow/example_dags/example_sensors.py for tasks to queue
[2024-07-17T13:50:32.421+0000] {logging_mixin.py:188} INFO - [2024-07-17T13:50:32.420+0000] {dagbag.py:545} INFO - Filling up the DagBag from /home/airflow/.local/lib/python3.12/site-packages/airflow/example_dags/example_sensors.py
[2024-07-17T13:50:32.431+0000] {processor.py:840} INFO - DAG(s) 'example_sensors' retrieved from /home/airflow/.local/lib/python3.12/site-packages/airflow/example_dags/example_sensors.py
[2024-07-17T13:50:32.473+0000] {logging_mixin.py:188} INFO - [2024-07-17T13:50:32.473+0000] {dag.py:3096} INFO - Sync 1 DAGs
[2024-07-17T13:50:32.495+0000] {logging_mixin.py:188} INFO - [2024-07-17T13:50:32.494+0000] {dag.py:3954} INFO - Setting next_dagrun for example_sensors to None, run_after=None
[2024-07-17T13:50:32.532+0000] {processor.py:183} INFO - Processing /home/airflow/.local/lib/python3.12/site-packages/airflow/example_dags/example_sensors.py took 0.120 seconds
[2024-07-17T13:51:31.362+0000] {processor.py:161} INFO - Started process (PID=1175) to work on /home/airflow/.local/lib/python3.12/site-packages/airflow/example_dags/example_sensors.py
[2024-07-17T13:51:31.363+0000] {processor.py:830} INFO - Processing file /home/airflow/.local/lib/python3.12/site-packages/airflow/example_dags/example_sensors.py for tasks to queue
[2024-07-17T13:51:31.366+0000] {logging_mixin.py:188} INFO - [2024-07-17T13:51:31.366+0000] {dagbag.py:545} INFO - Filling up the DagBag from /home/airflow/.local/lib/python3.12/site-packages/airflow/example_dags/example_sensors.py
[2024-07-17T13:51:31.377+0000] {processor.py:840} INFO - DAG(s) 'example_sensors' retrieved from /home/airflow/.local/lib/python3.12/site-packages/airflow/example_dags/example_sensors.py
[2024-07-17T13:51:31.420+0000] {logging_mixin.py:188} INFO - [2024-07-17T13:51:31.420+0000] {dag.py:3096} INFO - Sync 1 DAGs
[2024-07-17T13:51:31.441+0000] {logging_mixin.py:188} INFO - [2024-07-17T13:51:31.441+0000] {dag.py:3954} INFO - Setting next_dagrun for example_sensors to None, run_after=None
[2024-07-17T13:51:31.465+0000] {processor.py:183} INFO - Processing /home/airflow/.local/lib/python3.12/site-packages/airflow/example_dags/example_sensors.py took 0.111 seconds
[2024-07-17T13:52:01.626+0000] {processor.py:161} INFO - Started process (PID=1235) to work on /home/airflow/.local/lib/python3.12/site-packages/airflow/example_dags/example_sensors.py
[2024-07-17T13:52:01.627+0000] {processor.py:830} INFO - Processing file /home/airflow/.local/lib/python3.12/site-packages/airflow/example_dags/example_sensors.py for tasks to queue
[2024-07-17T13:52:01.631+0000] {logging_mixin.py:188} INFO - [2024-07-17T13:52:01.630+0000] {dagbag.py:545} INFO - Filling up the DagBag from /home/airflow/.local/lib/python3.12/site-packages/airflow/example_dags/example_sensors.py
[2024-07-17T13:52:01.647+0000] {processor.py:840} INFO - DAG(s) 'example_sensors' retrieved from /home/airflow/.local/lib/python3.12/site-packages/airflow/example_dags/example_sensors.py
[2024-07-17T13:52:01.692+0000] {logging_mixin.py:188} INFO - [2024-07-17T13:52:01.692+0000] {dag.py:3096} INFO - Sync 1 DAGs
[2024-07-17T13:52:01.716+0000] {logging_mixin.py:188} INFO - [2024-07-17T13:52:01.715+0000] {dag.py:3954} INFO - Setting next_dagrun for example_sensors to None, run_after=None
[2024-07-17T13:52:01.747+0000] {processor.py:183} INFO - Processing /home/airflow/.local/lib/python3.12/site-packages/airflow/example_dags/example_sensors.py took 0.129 seconds
[2024-07-17T13:52:33.171+0000] {processor.py:161} INFO - Started process (PID=1295) to work on /home/airflow/.local/lib/python3.12/site-packages/airflow/example_dags/example_sensors.py
[2024-07-17T13:52:33.172+0000] {processor.py:830} INFO - Processing file /home/airflow/.local/lib/python3.12/site-packages/airflow/example_dags/example_sensors.py for tasks to queue
[2024-07-17T13:52:33.175+0000] {logging_mixin.py:188} INFO - [2024-07-17T13:52:33.175+0000] {dagbag.py:545} INFO - Filling up the DagBag from /home/airflow/.local/lib/python3.12/site-packages/airflow/example_dags/example_sensors.py
[2024-07-17T13:52:33.195+0000] {processor.py:840} INFO - DAG(s) 'example_sensors' retrieved from /home/airflow/.local/lib/python3.12/site-packages/airflow/example_dags/example_sensors.py
[2024-07-17T13:52:33.248+0000] {logging_mixin.py:188} INFO - [2024-07-17T13:52:33.247+0000] {dag.py:3096} INFO - Sync 1 DAGs
[2024-07-17T13:52:33.277+0000] {logging_mixin.py:188} INFO - [2024-07-17T13:52:33.277+0000] {dag.py:3954} INFO - Setting next_dagrun for example_sensors to None, run_after=None
[2024-07-17T13:52:33.324+0000] {processor.py:183} INFO - Processing /home/airflow/.local/lib/python3.12/site-packages/airflow/example_dags/example_sensors.py took 0.165 seconds
[2024-07-17T13:53:03.992+0000] {processor.py:161} INFO - Started process (PID=1356) to work on /home/airflow/.local/lib/python3.12/site-packages/airflow/example_dags/example_sensors.py
[2024-07-17T13:53:03.999+0000] {processor.py:830} INFO - Processing file /home/airflow/.local/lib/python3.12/site-packages/airflow/example_dags/example_sensors.py for tasks to queue
[2024-07-17T13:53:04.002+0000] {logging_mixin.py:188} INFO - [2024-07-17T13:53:04.002+0000] {dagbag.py:545} INFO - Filling up the DagBag from /home/airflow/.local/lib/python3.12/site-packages/airflow/example_dags/example_sensors.py
[2024-07-17T13:53:04.017+0000] {processor.py:840} INFO - DAG(s) 'example_sensors' retrieved from /home/airflow/.local/lib/python3.12/site-packages/airflow/example_dags/example_sensors.py
[2024-07-17T13:53:04.054+0000] {logging_mixin.py:188} INFO - [2024-07-17T13:53:04.054+0000] {dag.py:3096} INFO - Sync 1 DAGs
[2024-07-17T13:53:04.072+0000] {logging_mixin.py:188} INFO - [2024-07-17T13:53:04.072+0000] {dag.py:3954} INFO - Setting next_dagrun for example_sensors to None, run_after=None
[2024-07-17T13:53:04.095+0000] {processor.py:183} INFO - Processing /home/airflow/.local/lib/python3.12/site-packages/airflow/example_dags/example_sensors.py took 0.114 seconds
[2024-07-17T13:53:34.543+0000] {processor.py:161} INFO - Started process (PID=1416) to work on /home/airflow/.local/lib/python3.12/site-packages/airflow/example_dags/example_sensors.py
[2024-07-17T13:53:34.545+0000] {processor.py:830} INFO - Processing file /home/airflow/.local/lib/python3.12/site-packages/airflow/example_dags/example_sensors.py for tasks to queue
[2024-07-17T13:53:34.547+0000] {logging_mixin.py:188} INFO - [2024-07-17T13:53:34.546+0000] {dagbag.py:545} INFO - Filling up the DagBag from /home/airflow/.local/lib/python3.12/site-packages/airflow/example_dags/example_sensors.py
[2024-07-17T13:53:34.559+0000] {processor.py:840} INFO - DAG(s) 'example_sensors' retrieved from /home/airflow/.local/lib/python3.12/site-packages/airflow/example_dags/example_sensors.py
[2024-07-17T13:53:34.588+0000] {logging_mixin.py:188} INFO - [2024-07-17T13:53:34.587+0000] {dag.py:3096} INFO - Sync 1 DAGs
[2024-07-17T13:53:34.617+0000] {logging_mixin.py:188} INFO - [2024-07-17T13:53:34.616+0000] {dag.py:3954} INFO - Setting next_dagrun for example_sensors to None, run_after=None
[2024-07-17T13:53:34.656+0000] {processor.py:183} INFO - Processing /home/airflow/.local/lib/python3.12/site-packages/airflow/example_dags/example_sensors.py took 0.120 seconds
[2024-07-17T13:54:04.906+0000] {processor.py:161} INFO - Started process (PID=1476) to work on /home/airflow/.local/lib/python3.12/site-packages/airflow/example_dags/example_sensors.py
[2024-07-17T13:54:04.907+0000] {processor.py:830} INFO - Processing file /home/airflow/.local/lib/python3.12/site-packages/airflow/example_dags/example_sensors.py for tasks to queue
[2024-07-17T13:54:04.909+0000] {logging_mixin.py:188} INFO - [2024-07-17T13:54:04.909+0000] {dagbag.py:545} INFO - Filling up the DagBag from /home/airflow/.local/lib/python3.12/site-packages/airflow/example_dags/example_sensors.py
[2024-07-17T13:54:04.921+0000] {processor.py:840} INFO - DAG(s) 'example_sensors' retrieved from /home/airflow/.local/lib/python3.12/site-packages/airflow/example_dags/example_sensors.py
[2024-07-17T13:54:04.960+0000] {logging_mixin.py:188} INFO - [2024-07-17T13:54:04.959+0000] {dag.py:3096} INFO - Sync 1 DAGs
[2024-07-17T13:54:04.979+0000] {logging_mixin.py:188} INFO - [2024-07-17T13:54:04.979+0000] {dag.py:3954} INFO - Setting next_dagrun for example_sensors to None, run_after=None
[2024-07-17T13:54:05.004+0000] {processor.py:183} INFO - Processing /home/airflow/.local/lib/python3.12/site-packages/airflow/example_dags/example_sensors.py took 0.106 seconds
[2024-07-17T13:54:35.519+0000] {processor.py:161} INFO - Started process (PID=1536) to work on /home/airflow/.local/lib/python3.12/site-packages/airflow/example_dags/example_sensors.py
[2024-07-17T13:54:35.520+0000] {processor.py:830} INFO - Processing file /home/airflow/.local/lib/python3.12/site-packages/airflow/example_dags/example_sensors.py for tasks to queue
[2024-07-17T13:54:35.528+0000] {logging_mixin.py:188} INFO - [2024-07-17T13:54:35.525+0000] {dagbag.py:545} INFO - Filling up the DagBag from /home/airflow/.local/lib/python3.12/site-packages/airflow/example_dags/example_sensors.py
[2024-07-17T13:54:35.544+0000] {processor.py:840} INFO - DAG(s) 'example_sensors' retrieved from /home/airflow/.local/lib/python3.12/site-packages/airflow/example_dags/example_sensors.py
[2024-07-17T13:54:35.606+0000] {logging_mixin.py:188} INFO - [2024-07-17T13:54:35.606+0000] {dag.py:3096} INFO - Sync 1 DAGs
[2024-07-17T13:54:35.634+0000] {logging_mixin.py:188} INFO - [2024-07-17T13:54:35.634+0000] {dag.py:3954} INFO - Setting next_dagrun for example_sensors to None, run_after=None
[2024-07-17T13:54:35.664+0000] {processor.py:183} INFO - Processing /home/airflow/.local/lib/python3.12/site-packages/airflow/example_dags/example_sensors.py took 0.153 seconds
[2024-07-17T13:55:05.755+0000] {processor.py:161} INFO - Started process (PID=1594) to work on /home/airflow/.local/lib/python3.12/site-packages/airflow/example_dags/example_sensors.py
[2024-07-17T13:55:05.756+0000] {processor.py:830} INFO - Processing file /home/airflow/.local/lib/python3.12/site-packages/airflow/example_dags/example_sensors.py for tasks to queue
[2024-07-17T13:55:05.758+0000] {logging_mixin.py:188} INFO - [2024-07-17T13:55:05.758+0000] {dagbag.py:545} INFO - Filling up the DagBag from /home/airflow/.local/lib/python3.12/site-packages/airflow/example_dags/example_sensors.py
[2024-07-17T13:55:05.774+0000] {processor.py:840} INFO - DAG(s) 'example_sensors' retrieved from /home/airflow/.local/lib/python3.12/site-packages/airflow/example_dags/example_sensors.py
[2024-07-17T13:55:05.810+0000] {logging_mixin.py:188} INFO - [2024-07-17T13:55:05.810+0000] {dag.py:3096} INFO - Sync 1 DAGs
[2024-07-17T13:55:05.829+0000] {logging_mixin.py:188} INFO - [2024-07-17T13:55:05.829+0000] {dag.py:3954} INFO - Setting next_dagrun for example_sensors to None, run_after=None
[2024-07-17T13:55:05.865+0000] {processor.py:183} INFO - Processing /home/airflow/.local/lib/python3.12/site-packages/airflow/example_dags/example_sensors.py took 0.116 seconds
[2024-07-17T13:55:36.120+0000] {processor.py:161} INFO - Started process (PID=1654) to work on /home/airflow/.local/lib/python3.12/site-packages/airflow/example_dags/example_sensors.py
[2024-07-17T13:55:36.121+0000] {processor.py:830} INFO - Processing file /home/airflow/.local/lib/python3.12/site-packages/airflow/example_dags/example_sensors.py for tasks to queue
[2024-07-17T13:55:36.123+0000] {logging_mixin.py:188} INFO - [2024-07-17T13:55:36.123+0000] {dagbag.py:545} INFO - Filling up the DagBag from /home/airflow/.local/lib/python3.12/site-packages/airflow/example_dags/example_sensors.py
[2024-07-17T13:55:36.134+0000] {processor.py:840} INFO - DAG(s) 'example_sensors' retrieved from /home/airflow/.local/lib/python3.12/site-packages/airflow/example_dags/example_sensors.py
[2024-07-17T13:55:36.163+0000] {logging_mixin.py:188} INFO - [2024-07-17T13:55:36.163+0000] {dag.py:3096} INFO - Sync 1 DAGs
[2024-07-17T13:55:36.176+0000] {logging_mixin.py:188} INFO - [2024-07-17T13:55:36.176+0000] {dag.py:3954} INFO - Setting next_dagrun for example_sensors to None, run_after=None
[2024-07-17T13:55:36.197+0000] {processor.py:183} INFO - Processing /home/airflow/.local/lib/python3.12/site-packages/airflow/example_dags/example_sensors.py took 0.083 seconds
[2024-07-17T13:56:06.487+0000] {processor.py:161} INFO - Started process (PID=1715) to work on /home/airflow/.local/lib/python3.12/site-packages/airflow/example_dags/example_sensors.py
[2024-07-17T13:56:06.488+0000] {processor.py:830} INFO - Processing file /home/airflow/.local/lib/python3.12/site-packages/airflow/example_dags/example_sensors.py for tasks to queue
[2024-07-17T13:56:06.491+0000] {logging_mixin.py:188} INFO - [2024-07-17T13:56:06.490+0000] {dagbag.py:545} INFO - Filling up the DagBag from /home/airflow/.local/lib/python3.12/site-packages/airflow/example_dags/example_sensors.py
[2024-07-17T13:56:06.504+0000] {processor.py:840} INFO - DAG(s) 'example_sensors' retrieved from /home/airflow/.local/lib/python3.12/site-packages/airflow/example_dags/example_sensors.py
[2024-07-17T13:56:06.544+0000] {logging_mixin.py:188} INFO - [2024-07-17T13:56:06.544+0000] {dag.py:3096} INFO - Sync 1 DAGs
[2024-07-17T13:56:06.564+0000] {logging_mixin.py:188} INFO - [2024-07-17T13:56:06.564+0000] {dag.py:3954} INFO - Setting next_dagrun for example_sensors to None, run_after=None
[2024-07-17T13:56:06.588+0000] {processor.py:183} INFO - Processing /home/airflow/.local/lib/python3.12/site-packages/airflow/example_dags/example_sensors.py took 0.109 seconds
[2024-07-17T13:56:36.891+0000] {processor.py:161} INFO - Started process (PID=1775) to work on /home/airflow/.local/lib/python3.12/site-packages/airflow/example_dags/example_sensors.py
[2024-07-17T13:56:36.892+0000] {processor.py:830} INFO - Processing file /home/airflow/.local/lib/python3.12/site-packages/airflow/example_dags/example_sensors.py for tasks to queue
[2024-07-17T13:56:36.895+0000] {logging_mixin.py:188} INFO - [2024-07-17T13:56:36.894+0000] {dagbag.py:545} INFO - Filling up the DagBag from /home/airflow/.local/lib/python3.12/site-packages/airflow/example_dags/example_sensors.py
[2024-07-17T13:56:36.908+0000] {processor.py:840} INFO - DAG(s) 'example_sensors' retrieved from /home/airflow/.local/lib/python3.12/site-packages/airflow/example_dags/example_sensors.py
[2024-07-17T13:56:36.947+0000] {logging_mixin.py:188} INFO - [2024-07-17T13:56:36.947+0000] {dag.py:3096} INFO - Sync 1 DAGs
[2024-07-17T13:56:36.966+0000] {logging_mixin.py:188} INFO - [2024-07-17T13:56:36.966+0000] {dag.py:3954} INFO - Setting next_dagrun for example_sensors to None, run_after=None
[2024-07-17T13:56:36.994+0000] {processor.py:183} INFO - Processing /home/airflow/.local/lib/python3.12/site-packages/airflow/example_dags/example_sensors.py took 0.110 seconds
[2024-07-17T13:57:07.570+0000] {processor.py:161} INFO - Started process (PID=1835) to work on /home/airflow/.local/lib/python3.12/site-packages/airflow/example_dags/example_sensors.py
[2024-07-17T13:57:07.570+0000] {processor.py:830} INFO - Processing file /home/airflow/.local/lib/python3.12/site-packages/airflow/example_dags/example_sensors.py for tasks to queue
[2024-07-17T13:57:07.572+0000] {logging_mixin.py:188} INFO - [2024-07-17T13:57:07.572+0000] {dagbag.py:545} INFO - Filling up the DagBag from /home/airflow/.local/lib/python3.12/site-packages/airflow/example_dags/example_sensors.py
[2024-07-17T13:57:07.580+0000] {processor.py:840} INFO - DAG(s) 'example_sensors' retrieved from /home/airflow/.local/lib/python3.12/site-packages/airflow/example_dags/example_sensors.py
[2024-07-17T13:57:07.605+0000] {logging_mixin.py:188} INFO - [2024-07-17T13:57:07.605+0000] {dag.py:3096} INFO - Sync 1 DAGs
[2024-07-17T13:57:07.617+0000] {logging_mixin.py:188} INFO - [2024-07-17T13:57:07.617+0000] {dag.py:3954} INFO - Setting next_dagrun for example_sensors to None, run_after=None
[2024-07-17T13:57:07.636+0000] {processor.py:183} INFO - Processing /home/airflow/.local/lib/python3.12/site-packages/airflow/example_dags/example_sensors.py took 0.072 seconds
[2024-07-17T13:57:39.379+0000] {processor.py:161} INFO - Started process (PID=1895) to work on /home/airflow/.local/lib/python3.12/site-packages/airflow/example_dags/example_sensors.py
[2024-07-17T13:57:39.380+0000] {processor.py:830} INFO - Processing file /home/airflow/.local/lib/python3.12/site-packages/airflow/example_dags/example_sensors.py for tasks to queue
[2024-07-17T13:57:39.382+0000] {logging_mixin.py:188} INFO - [2024-07-17T13:57:39.381+0000] {dagbag.py:545} INFO - Filling up the DagBag from /home/airflow/.local/lib/python3.12/site-packages/airflow/example_dags/example_sensors.py
[2024-07-17T13:57:39.391+0000] {processor.py:840} INFO - DAG(s) 'example_sensors' retrieved from /home/airflow/.local/lib/python3.12/site-packages/airflow/example_dags/example_sensors.py
[2024-07-17T13:57:39.537+0000] {logging_mixin.py:188} INFO - [2024-07-17T13:57:39.537+0000] {dag.py:3096} INFO - Sync 1 DAGs
[2024-07-17T13:57:39.547+0000] {logging_mixin.py:188} INFO - [2024-07-17T13:57:39.547+0000] {dag.py:3954} INFO - Setting next_dagrun for example_sensors to None, run_after=None
[2024-07-17T13:57:39.572+0000] {processor.py:183} INFO - Processing /home/airflow/.local/lib/python3.12/site-packages/airflow/example_dags/example_sensors.py took 0.198 seconds
[2024-07-17T13:58:10.069+0000] {processor.py:161} INFO - Started process (PID=1956) to work on /home/airflow/.local/lib/python3.12/site-packages/airflow/example_dags/example_sensors.py
[2024-07-17T13:58:10.070+0000] {processor.py:830} INFO - Processing file /home/airflow/.local/lib/python3.12/site-packages/airflow/example_dags/example_sensors.py for tasks to queue
[2024-07-17T13:58:10.071+0000] {logging_mixin.py:188} INFO - [2024-07-17T13:58:10.071+0000] {dagbag.py:545} INFO - Filling up the DagBag from /home/airflow/.local/lib/python3.12/site-packages/airflow/example_dags/example_sensors.py
[2024-07-17T13:58:10.080+0000] {processor.py:840} INFO - DAG(s) 'example_sensors' retrieved from /home/airflow/.local/lib/python3.12/site-packages/airflow/example_dags/example_sensors.py
[2024-07-17T13:58:10.106+0000] {logging_mixin.py:188} INFO - [2024-07-17T13:58:10.105+0000] {dag.py:3096} INFO - Sync 1 DAGs
[2024-07-17T13:58:10.122+0000] {logging_mixin.py:188} INFO - [2024-07-17T13:58:10.122+0000] {dag.py:3954} INFO - Setting next_dagrun for example_sensors to None, run_after=None
[2024-07-17T13:58:10.145+0000] {processor.py:183} INFO - Processing /home/airflow/.local/lib/python3.12/site-packages/airflow/example_dags/example_sensors.py took 0.082 seconds
[2024-07-17T13:58:40.976+0000] {processor.py:161} INFO - Started process (PID=2016) to work on /home/airflow/.local/lib/python3.12/site-packages/airflow/example_dags/example_sensors.py
[2024-07-17T13:58:40.978+0000] {processor.py:830} INFO - Processing file /home/airflow/.local/lib/python3.12/site-packages/airflow/example_dags/example_sensors.py for tasks to queue
[2024-07-17T13:58:40.980+0000] {logging_mixin.py:188} INFO - [2024-07-17T13:58:40.979+0000] {dagbag.py:545} INFO - Filling up the DagBag from /home/airflow/.local/lib/python3.12/site-packages/airflow/example_dags/example_sensors.py
[2024-07-17T13:58:40.992+0000] {processor.py:840} INFO - DAG(s) 'example_sensors' retrieved from /home/airflow/.local/lib/python3.12/site-packages/airflow/example_dags/example_sensors.py
[2024-07-17T13:58:41.033+0000] {logging_mixin.py:188} INFO - [2024-07-17T13:58:41.032+0000] {dag.py:3096} INFO - Sync 1 DAGs
[2024-07-17T13:58:41.052+0000] {logging_mixin.py:188} INFO - [2024-07-17T13:58:41.052+0000] {dag.py:3954} INFO - Setting next_dagrun for example_sensors to None, run_after=None
[2024-07-17T13:58:41.085+0000] {processor.py:183} INFO - Processing /home/airflow/.local/lib/python3.12/site-packages/airflow/example_dags/example_sensors.py took 0.114 seconds
[2024-07-17T13:59:11.718+0000] {processor.py:161} INFO - Started process (PID=2076) to work on /home/airflow/.local/lib/python3.12/site-packages/airflow/example_dags/example_sensors.py
[2024-07-17T13:59:11.719+0000] {processor.py:830} INFO - Processing file /home/airflow/.local/lib/python3.12/site-packages/airflow/example_dags/example_sensors.py for tasks to queue
[2024-07-17T13:59:11.721+0000] {logging_mixin.py:188} INFO - [2024-07-17T13:59:11.720+0000] {dagbag.py:545} INFO - Filling up the DagBag from /home/airflow/.local/lib/python3.12/site-packages/airflow/example_dags/example_sensors.py
[2024-07-17T13:59:11.734+0000] {processor.py:840} INFO - DAG(s) 'example_sensors' retrieved from /home/airflow/.local/lib/python3.12/site-packages/airflow/example_dags/example_sensors.py
[2024-07-17T13:59:11.775+0000] {logging_mixin.py:188} INFO - [2024-07-17T13:59:11.775+0000] {dag.py:3096} INFO - Sync 1 DAGs
[2024-07-17T13:59:11.791+0000] {logging_mixin.py:188} INFO - [2024-07-17T13:59:11.791+0000] {dag.py:3954} INFO - Setting next_dagrun for example_sensors to None, run_after=None
[2024-07-17T13:59:11.821+0000] {processor.py:183} INFO - Processing /home/airflow/.local/lib/python3.12/site-packages/airflow/example_dags/example_sensors.py took 0.111 seconds
[2024-07-17T13:59:42.026+0000] {processor.py:161} INFO - Started process (PID=2137) to work on /home/airflow/.local/lib/python3.12/site-packages/airflow/example_dags/example_sensors.py
[2024-07-17T13:59:42.027+0000] {processor.py:830} INFO - Processing file /home/airflow/.local/lib/python3.12/site-packages/airflow/example_dags/example_sensors.py for tasks to queue
[2024-07-17T13:59:42.029+0000] {logging_mixin.py:188} INFO - [2024-07-17T13:59:42.029+0000] {dagbag.py:545} INFO - Filling up the DagBag from /home/airflow/.local/lib/python3.12/site-packages/airflow/example_dags/example_sensors.py
[2024-07-17T13:59:42.042+0000] {processor.py:840} INFO - DAG(s) 'example_sensors' retrieved from /home/airflow/.local/lib/python3.12/site-packages/airflow/example_dags/example_sensors.py
[2024-07-17T13:59:42.088+0000] {logging_mixin.py:188} INFO - [2024-07-17T13:59:42.088+0000] {dag.py:3096} INFO - Sync 1 DAGs
[2024-07-17T13:59:42.110+0000] {logging_mixin.py:188} INFO - [2024-07-17T13:59:42.109+0000] {dag.py:3954} INFO - Setting next_dagrun for example_sensors to None, run_after=None
[2024-07-17T13:59:42.142+0000] {processor.py:183} INFO - Processing /home/airflow/.local/lib/python3.12/site-packages/airflow/example_dags/example_sensors.py took 0.124 seconds
[2024-07-17T14:00:12.308+0000] {processor.py:161} INFO - Started process (PID=2197) to work on /home/airflow/.local/lib/python3.12/site-packages/airflow/example_dags/example_sensors.py
[2024-07-17T14:00:12.309+0000] {processor.py:830} INFO - Processing file /home/airflow/.local/lib/python3.12/site-packages/airflow/example_dags/example_sensors.py for tasks to queue
[2024-07-17T14:00:12.311+0000] {logging_mixin.py:188} INFO - [2024-07-17T14:00:12.311+0000] {dagbag.py:545} INFO - Filling up the DagBag from /home/airflow/.local/lib/python3.12/site-packages/airflow/example_dags/example_sensors.py
[2024-07-17T14:00:12.321+0000] {processor.py:840} INFO - DAG(s) 'example_sensors' retrieved from /home/airflow/.local/lib/python3.12/site-packages/airflow/example_dags/example_sensors.py
[2024-07-17T14:00:12.344+0000] {logging_mixin.py:188} INFO - [2024-07-17T14:00:12.344+0000] {dag.py:3096} INFO - Sync 1 DAGs
[2024-07-17T14:00:12.356+0000] {logging_mixin.py:188} INFO - [2024-07-17T14:00:12.355+0000] {dag.py:3954} INFO - Setting next_dagrun for example_sensors to None, run_after=None
[2024-07-17T14:00:12.383+0000] {processor.py:183} INFO - Processing /home/airflow/.local/lib/python3.12/site-packages/airflow/example_dags/example_sensors.py took 0.079 seconds
[2024-07-17T14:00:42.808+0000] {processor.py:161} INFO - Started process (PID=2257) to work on /home/airflow/.local/lib/python3.12/site-packages/airflow/example_dags/example_sensors.py
[2024-07-17T14:00:42.809+0000] {processor.py:830} INFO - Processing file /home/airflow/.local/lib/python3.12/site-packages/airflow/example_dags/example_sensors.py for tasks to queue
[2024-07-17T14:00:42.812+0000] {logging_mixin.py:188} INFO - [2024-07-17T14:00:42.812+0000] {dagbag.py:545} INFO - Filling up the DagBag from /home/airflow/.local/lib/python3.12/site-packages/airflow/example_dags/example_sensors.py
[2024-07-17T14:00:42.825+0000] {processor.py:840} INFO - DAG(s) 'example_sensors' retrieved from /home/airflow/.local/lib/python3.12/site-packages/airflow/example_dags/example_sensors.py
[2024-07-17T14:00:42.857+0000] {logging_mixin.py:188} INFO - [2024-07-17T14:00:42.857+0000] {dag.py:3096} INFO - Sync 1 DAGs
[2024-07-17T14:00:42.873+0000] {logging_mixin.py:188} INFO - [2024-07-17T14:00:42.872+0000] {dag.py:3954} INFO - Setting next_dagrun for example_sensors to None, run_after=None
[2024-07-17T14:00:42.897+0000] {processor.py:183} INFO - Processing /home/airflow/.local/lib/python3.12/site-packages/airflow/example_dags/example_sensors.py took 0.097 seconds
[2024-07-17T14:01:13.129+0000] {processor.py:161} INFO - Started process (PID=2317) to work on /home/airflow/.local/lib/python3.12/site-packages/airflow/example_dags/example_sensors.py
[2024-07-17T14:01:13.130+0000] {processor.py:830} INFO - Processing file /home/airflow/.local/lib/python3.12/site-packages/airflow/example_dags/example_sensors.py for tasks to queue
[2024-07-17T14:01:13.134+0000] {logging_mixin.py:188} INFO - [2024-07-17T14:01:13.133+0000] {dagbag.py:545} INFO - Filling up the DagBag from /home/airflow/.local/lib/python3.12/site-packages/airflow/example_dags/example_sensors.py
[2024-07-17T14:01:13.148+0000] {processor.py:840} INFO - DAG(s) 'example_sensors' retrieved from /home/airflow/.local/lib/python3.12/site-packages/airflow/example_dags/example_sensors.py
[2024-07-17T14:01:13.183+0000] {logging_mixin.py:188} INFO - [2024-07-17T14:01:13.182+0000] {dag.py:3096} INFO - Sync 1 DAGs
[2024-07-17T14:01:13.204+0000] {logging_mixin.py:188} INFO - [2024-07-17T14:01:13.203+0000] {dag.py:3954} INFO - Setting next_dagrun for example_sensors to None, run_after=None
[2024-07-17T14:01:13.237+0000] {processor.py:183} INFO - Processing /home/airflow/.local/lib/python3.12/site-packages/airflow/example_dags/example_sensors.py took 0.115 seconds
[2024-07-17T14:01:43.523+0000] {processor.py:161} INFO - Started process (PID=2377) to work on /home/airflow/.local/lib/python3.12/site-packages/airflow/example_dags/example_sensors.py
[2024-07-17T14:01:43.524+0000] {processor.py:830} INFO - Processing file /home/airflow/.local/lib/python3.12/site-packages/airflow/example_dags/example_sensors.py for tasks to queue
[2024-07-17T14:01:43.527+0000] {logging_mixin.py:188} INFO - [2024-07-17T14:01:43.526+0000] {dagbag.py:545} INFO - Filling up the DagBag from /home/airflow/.local/lib/python3.12/site-packages/airflow/example_dags/example_sensors.py
[2024-07-17T14:01:43.539+0000] {processor.py:840} INFO - DAG(s) 'example_sensors' retrieved from /home/airflow/.local/lib/python3.12/site-packages/airflow/example_dags/example_sensors.py
[2024-07-17T14:01:43.574+0000] {logging_mixin.py:188} INFO - [2024-07-17T14:01:43.573+0000] {dag.py:3096} INFO - Sync 1 DAGs
[2024-07-17T14:01:43.595+0000] {logging_mixin.py:188} INFO - [2024-07-17T14:01:43.595+0000] {dag.py:3954} INFO - Setting next_dagrun for example_sensors to None, run_after=None
[2024-07-17T14:01:43.638+0000] {processor.py:183} INFO - Processing /home/airflow/.local/lib/python3.12/site-packages/airflow/example_dags/example_sensors.py took 0.124 seconds
[2024-07-17T14:04:05.739+0000] {processor.py:161} INFO - Started process (PID=2435) to work on /home/airflow/.local/lib/python3.12/site-packages/airflow/example_dags/example_sensors.py
[2024-07-17T14:04:05.740+0000] {processor.py:830} INFO - Processing file /home/airflow/.local/lib/python3.12/site-packages/airflow/example_dags/example_sensors.py for tasks to queue
[2024-07-17T14:04:05.744+0000] {logging_mixin.py:188} INFO - [2024-07-17T14:04:05.743+0000] {dagbag.py:545} INFO - Filling up the DagBag from /home/airflow/.local/lib/python3.12/site-packages/airflow/example_dags/example_sensors.py
[2024-07-17T14:04:05.779+0000] {processor.py:840} INFO - DAG(s) 'example_sensors' retrieved from /home/airflow/.local/lib/python3.12/site-packages/airflow/example_dags/example_sensors.py
[2024-07-17T14:04:05.861+0000] {logging_mixin.py:188} INFO - [2024-07-17T14:04:05.861+0000] {dag.py:3096} INFO - Sync 1 DAGs
[2024-07-17T14:04:05.904+0000] {logging_mixin.py:188} INFO - [2024-07-17T14:04:05.903+0000] {dag.py:3954} INFO - Setting next_dagrun for example_sensors to None, run_after=None
[2024-07-17T14:04:05.948+0000] {processor.py:183} INFO - Processing /home/airflow/.local/lib/python3.12/site-packages/airflow/example_dags/example_sensors.py took 0.227 seconds
[2024-07-17T14:04:36.724+0000] {processor.py:161} INFO - Started process (PID=2496) to work on /home/airflow/.local/lib/python3.12/site-packages/airflow/example_dags/example_sensors.py
[2024-07-17T14:04:36.725+0000] {processor.py:830} INFO - Processing file /home/airflow/.local/lib/python3.12/site-packages/airflow/example_dags/example_sensors.py for tasks to queue
[2024-07-17T14:04:36.727+0000] {logging_mixin.py:188} INFO - [2024-07-17T14:04:36.727+0000] {dagbag.py:545} INFO - Filling up the DagBag from /home/airflow/.local/lib/python3.12/site-packages/airflow/example_dags/example_sensors.py
[2024-07-17T14:04:36.737+0000] {processor.py:840} INFO - DAG(s) 'example_sensors' retrieved from /home/airflow/.local/lib/python3.12/site-packages/airflow/example_dags/example_sensors.py
[2024-07-17T14:04:36.778+0000] {logging_mixin.py:188} INFO - [2024-07-17T14:04:36.777+0000] {dag.py:3096} INFO - Sync 1 DAGs
[2024-07-17T14:04:36.797+0000] {logging_mixin.py:188} INFO - [2024-07-17T14:04:36.797+0000] {dag.py:3954} INFO - Setting next_dagrun for example_sensors to None, run_after=None
[2024-07-17T14:04:36.824+0000] {processor.py:183} INFO - Processing /home/airflow/.local/lib/python3.12/site-packages/airflow/example_dags/example_sensors.py took 0.108 seconds
[2024-07-17T14:05:07.306+0000] {processor.py:161} INFO - Started process (PID=2557) to work on /home/airflow/.local/lib/python3.12/site-packages/airflow/example_dags/example_sensors.py
[2024-07-17T14:05:07.307+0000] {processor.py:830} INFO - Processing file /home/airflow/.local/lib/python3.12/site-packages/airflow/example_dags/example_sensors.py for tasks to queue
[2024-07-17T14:05:07.309+0000] {logging_mixin.py:188} INFO - [2024-07-17T14:05:07.309+0000] {dagbag.py:545} INFO - Filling up the DagBag from /home/airflow/.local/lib/python3.12/site-packages/airflow/example_dags/example_sensors.py
[2024-07-17T14:05:07.326+0000] {processor.py:840} INFO - DAG(s) 'example_sensors' retrieved from /home/airflow/.local/lib/python3.12/site-packages/airflow/example_dags/example_sensors.py
[2024-07-17T14:05:07.362+0000] {logging_mixin.py:188} INFO - [2024-07-17T14:05:07.362+0000] {dag.py:3096} INFO - Sync 1 DAGs
[2024-07-17T14:05:07.380+0000] {logging_mixin.py:188} INFO - [2024-07-17T14:05:07.380+0000] {dag.py:3954} INFO - Setting next_dagrun for example_sensors to None, run_after=None
[2024-07-17T14:05:07.405+0000] {processor.py:183} INFO - Processing /home/airflow/.local/lib/python3.12/site-packages/airflow/example_dags/example_sensors.py took 0.105 seconds
[2024-07-17T14:05:37.844+0000] {processor.py:161} INFO - Started process (PID=2617) to work on /home/airflow/.local/lib/python3.12/site-packages/airflow/example_dags/example_sensors.py
[2024-07-17T14:05:37.845+0000] {processor.py:830} INFO - Processing file /home/airflow/.local/lib/python3.12/site-packages/airflow/example_dags/example_sensors.py for tasks to queue
[2024-07-17T14:05:37.847+0000] {logging_mixin.py:188} INFO - [2024-07-17T14:05:37.846+0000] {dagbag.py:545} INFO - Filling up the DagBag from /home/airflow/.local/lib/python3.12/site-packages/airflow/example_dags/example_sensors.py
[2024-07-17T14:05:37.859+0000] {processor.py:840} INFO - DAG(s) 'example_sensors' retrieved from /home/airflow/.local/lib/python3.12/site-packages/airflow/example_dags/example_sensors.py
[2024-07-17T14:05:37.891+0000] {logging_mixin.py:188} INFO - [2024-07-17T14:05:37.891+0000] {dag.py:3096} INFO - Sync 1 DAGs
[2024-07-17T14:05:37.906+0000] {logging_mixin.py:188} INFO - [2024-07-17T14:05:37.905+0000] {dag.py:3954} INFO - Setting next_dagrun for example_sensors to None, run_after=None
[2024-07-17T14:05:37.929+0000] {processor.py:183} INFO - Processing /home/airflow/.local/lib/python3.12/site-packages/airflow/example_dags/example_sensors.py took 0.092 seconds
[2024-07-17T14:06:08.734+0000] {processor.py:161} INFO - Started process (PID=2678) to work on /home/airflow/.local/lib/python3.12/site-packages/airflow/example_dags/example_sensors.py
[2024-07-17T14:06:08.738+0000] {processor.py:830} INFO - Processing file /home/airflow/.local/lib/python3.12/site-packages/airflow/example_dags/example_sensors.py for tasks to queue
[2024-07-17T14:06:08.742+0000] {logging_mixin.py:188} INFO - [2024-07-17T14:06:08.742+0000] {dagbag.py:545} INFO - Filling up the DagBag from /home/airflow/.local/lib/python3.12/site-packages/airflow/example_dags/example_sensors.py
[2024-07-17T14:06:08.764+0000] {processor.py:840} INFO - DAG(s) 'example_sensors' retrieved from /home/airflow/.local/lib/python3.12/site-packages/airflow/example_dags/example_sensors.py
[2024-07-17T14:06:08.858+0000] {logging_mixin.py:188} INFO - [2024-07-17T14:06:08.857+0000] {dag.py:3096} INFO - Sync 1 DAGs
[2024-07-17T14:06:08.899+0000] {logging_mixin.py:188} INFO - [2024-07-17T14:06:08.899+0000] {dag.py:3954} INFO - Setting next_dagrun for example_sensors to None, run_after=None
[2024-07-17T14:06:08.941+0000] {processor.py:183} INFO - Processing /home/airflow/.local/lib/python3.12/site-packages/airflow/example_dags/example_sensors.py took 0.222 seconds
[2024-07-17T14:06:39.070+0000] {processor.py:161} INFO - Started process (PID=2738) to work on /home/airflow/.local/lib/python3.12/site-packages/airflow/example_dags/example_sensors.py
[2024-07-17T14:06:39.072+0000] {processor.py:830} INFO - Processing file /home/airflow/.local/lib/python3.12/site-packages/airflow/example_dags/example_sensors.py for tasks to queue
[2024-07-17T14:06:39.076+0000] {logging_mixin.py:188} INFO - [2024-07-17T14:06:39.075+0000] {dagbag.py:545} INFO - Filling up the DagBag from /home/airflow/.local/lib/python3.12/site-packages/airflow/example_dags/example_sensors.py
[2024-07-17T14:06:39.098+0000] {processor.py:840} INFO - DAG(s) 'example_sensors' retrieved from /home/airflow/.local/lib/python3.12/site-packages/airflow/example_dags/example_sensors.py
[2024-07-17T14:06:39.162+0000] {logging_mixin.py:188} INFO - [2024-07-17T14:06:39.161+0000] {dag.py:3096} INFO - Sync 1 DAGs
[2024-07-17T14:06:39.196+0000] {logging_mixin.py:188} INFO - [2024-07-17T14:06:39.196+0000] {dag.py:3954} INFO - Setting next_dagrun for example_sensors to None, run_after=None
[2024-07-17T14:06:39.241+0000] {processor.py:183} INFO - Processing /home/airflow/.local/lib/python3.12/site-packages/airflow/example_dags/example_sensors.py took 0.182 seconds
[2024-07-17T14:07:09.989+0000] {processor.py:161} INFO - Started process (PID=2798) to work on /home/airflow/.local/lib/python3.12/site-packages/airflow/example_dags/example_sensors.py
[2024-07-17T14:07:09.992+0000] {processor.py:830} INFO - Processing file /home/airflow/.local/lib/python3.12/site-packages/airflow/example_dags/example_sensors.py for tasks to queue
[2024-07-17T14:07:09.996+0000] {logging_mixin.py:188} INFO - [2024-07-17T14:07:09.996+0000] {dagbag.py:545} INFO - Filling up the DagBag from /home/airflow/.local/lib/python3.12/site-packages/airflow/example_dags/example_sensors.py
[2024-07-17T14:07:10.025+0000] {processor.py:840} INFO - DAG(s) 'example_sensors' retrieved from /home/airflow/.local/lib/python3.12/site-packages/airflow/example_dags/example_sensors.py
[2024-07-17T14:07:10.099+0000] {logging_mixin.py:188} INFO - [2024-07-17T14:07:10.098+0000] {dag.py:3096} INFO - Sync 1 DAGs
[2024-07-17T14:07:10.129+0000] {logging_mixin.py:188} INFO - [2024-07-17T14:07:10.129+0000] {dag.py:3954} INFO - Setting next_dagrun for example_sensors to None, run_after=None
[2024-07-17T14:07:10.175+0000] {processor.py:183} INFO - Processing /home/airflow/.local/lib/python3.12/site-packages/airflow/example_dags/example_sensors.py took 0.202 seconds
[2024-07-17T14:07:41.234+0000] {processor.py:161} INFO - Started process (PID=2858) to work on /home/airflow/.local/lib/python3.12/site-packages/airflow/example_dags/example_sensors.py
[2024-07-17T14:07:41.236+0000] {processor.py:830} INFO - Processing file /home/airflow/.local/lib/python3.12/site-packages/airflow/example_dags/example_sensors.py for tasks to queue
[2024-07-17T14:07:41.241+0000] {logging_mixin.py:188} INFO - [2024-07-17T14:07:41.240+0000] {dagbag.py:545} INFO - Filling up the DagBag from /home/airflow/.local/lib/python3.12/site-packages/airflow/example_dags/example_sensors.py
[2024-07-17T14:07:41.267+0000] {processor.py:840} INFO - DAG(s) 'example_sensors' retrieved from /home/airflow/.local/lib/python3.12/site-packages/airflow/example_dags/example_sensors.py
[2024-07-17T14:07:41.332+0000] {logging_mixin.py:188} INFO - [2024-07-17T14:07:41.331+0000] {dag.py:3096} INFO - Sync 1 DAGs
[2024-07-17T14:07:41.363+0000] {logging_mixin.py:188} INFO - [2024-07-17T14:07:41.362+0000] {dag.py:3954} INFO - Setting next_dagrun for example_sensors to None, run_after=None
[2024-07-17T14:07:41.406+0000] {processor.py:183} INFO - Processing /home/airflow/.local/lib/python3.12/site-packages/airflow/example_dags/example_sensors.py took 0.187 seconds
[2024-07-17T14:08:12.182+0000] {processor.py:161} INFO - Started process (PID=2918) to work on /home/airflow/.local/lib/python3.12/site-packages/airflow/example_dags/example_sensors.py
[2024-07-17T14:08:12.184+0000] {processor.py:830} INFO - Processing file /home/airflow/.local/lib/python3.12/site-packages/airflow/example_dags/example_sensors.py for tasks to queue
[2024-07-17T14:08:12.188+0000] {logging_mixin.py:188} INFO - [2024-07-17T14:08:12.187+0000] {dagbag.py:545} INFO - Filling up the DagBag from /home/airflow/.local/lib/python3.12/site-packages/airflow/example_dags/example_sensors.py
[2024-07-17T14:08:12.210+0000] {processor.py:840} INFO - DAG(s) 'example_sensors' retrieved from /home/airflow/.local/lib/python3.12/site-packages/airflow/example_dags/example_sensors.py
[2024-07-17T14:08:12.277+0000] {logging_mixin.py:188} INFO - [2024-07-17T14:08:12.277+0000] {dag.py:3096} INFO - Sync 1 DAGs
[2024-07-17T14:08:12.306+0000] {logging_mixin.py:188} INFO - [2024-07-17T14:08:12.305+0000] {dag.py:3954} INFO - Setting next_dagrun for example_sensors to None, run_after=None
[2024-07-17T14:08:12.353+0000] {processor.py:183} INFO - Processing /home/airflow/.local/lib/python3.12/site-packages/airflow/example_dags/example_sensors.py took 0.184 seconds
[2024-07-17T14:08:43.100+0000] {processor.py:161} INFO - Started process (PID=2978) to work on /home/airflow/.local/lib/python3.12/site-packages/airflow/example_dags/example_sensors.py
[2024-07-17T14:08:43.102+0000] {processor.py:830} INFO - Processing file /home/airflow/.local/lib/python3.12/site-packages/airflow/example_dags/example_sensors.py for tasks to queue
[2024-07-17T14:08:43.107+0000] {logging_mixin.py:188} INFO - [2024-07-17T14:08:43.106+0000] {dagbag.py:545} INFO - Filling up the DagBag from /home/airflow/.local/lib/python3.12/site-packages/airflow/example_dags/example_sensors.py
[2024-07-17T14:08:43.127+0000] {processor.py:840} INFO - DAG(s) 'example_sensors' retrieved from /home/airflow/.local/lib/python3.12/site-packages/airflow/example_dags/example_sensors.py
[2024-07-17T14:08:43.190+0000] {logging_mixin.py:188} INFO - [2024-07-17T14:08:43.190+0000] {dag.py:3096} INFO - Sync 1 DAGs
[2024-07-17T14:08:43.226+0000] {logging_mixin.py:188} INFO - [2024-07-17T14:08:43.225+0000] {dag.py:3954} INFO - Setting next_dagrun for example_sensors to None, run_after=None
[2024-07-17T14:08:43.272+0000] {processor.py:183} INFO - Processing /home/airflow/.local/lib/python3.12/site-packages/airflow/example_dags/example_sensors.py took 0.185 seconds
[2024-07-17T14:09:13.369+0000] {processor.py:161} INFO - Started process (PID=3038) to work on /home/airflow/.local/lib/python3.12/site-packages/airflow/example_dags/example_sensors.py
[2024-07-17T14:09:13.372+0000] {processor.py:830} INFO - Processing file /home/airflow/.local/lib/python3.12/site-packages/airflow/example_dags/example_sensors.py for tasks to queue
[2024-07-17T14:09:13.377+0000] {logging_mixin.py:188} INFO - [2024-07-17T14:09:13.376+0000] {dagbag.py:545} INFO - Filling up the DagBag from /home/airflow/.local/lib/python3.12/site-packages/airflow/example_dags/example_sensors.py
[2024-07-17T14:09:13.399+0000] {processor.py:840} INFO - DAG(s) 'example_sensors' retrieved from /home/airflow/.local/lib/python3.12/site-packages/airflow/example_dags/example_sensors.py
[2024-07-17T14:09:13.467+0000] {logging_mixin.py:188} INFO - [2024-07-17T14:09:13.466+0000] {dag.py:3096} INFO - Sync 1 DAGs
[2024-07-17T14:09:13.506+0000] {logging_mixin.py:188} INFO - [2024-07-17T14:09:13.505+0000] {dag.py:3954} INFO - Setting next_dagrun for example_sensors to None, run_after=None
[2024-07-17T14:09:13.560+0000] {processor.py:183} INFO - Processing /home/airflow/.local/lib/python3.12/site-packages/airflow/example_dags/example_sensors.py took 0.204 seconds
[2024-07-17T14:09:43.875+0000] {processor.py:161} INFO - Started process (PID=3098) to work on /home/airflow/.local/lib/python3.12/site-packages/airflow/example_dags/example_sensors.py
[2024-07-17T14:09:43.878+0000] {processor.py:830} INFO - Processing file /home/airflow/.local/lib/python3.12/site-packages/airflow/example_dags/example_sensors.py for tasks to queue
[2024-07-17T14:09:43.884+0000] {logging_mixin.py:188} INFO - [2024-07-17T14:09:43.883+0000] {dagbag.py:545} INFO - Filling up the DagBag from /home/airflow/.local/lib/python3.12/site-packages/airflow/example_dags/example_sensors.py
[2024-07-17T14:09:43.910+0000] {processor.py:840} INFO - DAG(s) 'example_sensors' retrieved from /home/airflow/.local/lib/python3.12/site-packages/airflow/example_dags/example_sensors.py
[2024-07-17T14:09:43.980+0000] {logging_mixin.py:188} INFO - [2024-07-17T14:09:43.979+0000] {dag.py:3096} INFO - Sync 1 DAGs
[2024-07-17T14:09:44.037+0000] {logging_mixin.py:188} INFO - [2024-07-17T14:09:44.036+0000] {dag.py:3954} INFO - Setting next_dagrun for example_sensors to None, run_after=None
[2024-07-17T14:09:44.088+0000] {processor.py:183} INFO - Processing /home/airflow/.local/lib/python3.12/site-packages/airflow/example_dags/example_sensors.py took 0.227 seconds
[2024-07-17T14:10:14.257+0000] {processor.py:161} INFO - Started process (PID=3156) to work on /home/airflow/.local/lib/python3.12/site-packages/airflow/example_dags/example_sensors.py
[2024-07-17T14:10:14.259+0000] {processor.py:830} INFO - Processing file /home/airflow/.local/lib/python3.12/site-packages/airflow/example_dags/example_sensors.py for tasks to queue
[2024-07-17T14:10:14.262+0000] {logging_mixin.py:188} INFO - [2024-07-17T14:10:14.262+0000] {dagbag.py:545} INFO - Filling up the DagBag from /home/airflow/.local/lib/python3.12/site-packages/airflow/example_dags/example_sensors.py
[2024-07-17T14:10:14.281+0000] {processor.py:840} INFO - DAG(s) 'example_sensors' retrieved from /home/airflow/.local/lib/python3.12/site-packages/airflow/example_dags/example_sensors.py
[2024-07-17T14:10:14.339+0000] {logging_mixin.py:188} INFO - [2024-07-17T14:10:14.338+0000] {dag.py:3096} INFO - Sync 1 DAGs
[2024-07-17T14:10:14.364+0000] {logging_mixin.py:188} INFO - [2024-07-17T14:10:14.363+0000] {dag.py:3954} INFO - Setting next_dagrun for example_sensors to None, run_after=None
[2024-07-17T14:10:14.413+0000] {processor.py:183} INFO - Processing /home/airflow/.local/lib/python3.12/site-packages/airflow/example_dags/example_sensors.py took 0.170 seconds
[2024-07-17T14:10:44.605+0000] {processor.py:161} INFO - Started process (PID=3216) to work on /home/airflow/.local/lib/python3.12/site-packages/airflow/example_dags/example_sensors.py
[2024-07-17T14:10:44.607+0000] {processor.py:830} INFO - Processing file /home/airflow/.local/lib/python3.12/site-packages/airflow/example_dags/example_sensors.py for tasks to queue
[2024-07-17T14:10:44.611+0000] {logging_mixin.py:188} INFO - [2024-07-17T14:10:44.611+0000] {dagbag.py:545} INFO - Filling up the DagBag from /home/airflow/.local/lib/python3.12/site-packages/airflow/example_dags/example_sensors.py
[2024-07-17T14:10:44.632+0000] {processor.py:840} INFO - DAG(s) 'example_sensors' retrieved from /home/airflow/.local/lib/python3.12/site-packages/airflow/example_dags/example_sensors.py
[2024-07-17T14:10:44.702+0000] {logging_mixin.py:188} INFO - [2024-07-17T14:10:44.702+0000] {dag.py:3096} INFO - Sync 1 DAGs
[2024-07-17T14:10:44.735+0000] {logging_mixin.py:188} INFO - [2024-07-17T14:10:44.734+0000] {dag.py:3954} INFO - Setting next_dagrun for example_sensors to None, run_after=None
[2024-07-17T14:10:44.777+0000] {processor.py:183} INFO - Processing /home/airflow/.local/lib/python3.12/site-packages/airflow/example_dags/example_sensors.py took 0.186 seconds
[2024-07-17T14:11:15.586+0000] {processor.py:161} INFO - Started process (PID=3276) to work on /home/airflow/.local/lib/python3.12/site-packages/airflow/example_dags/example_sensors.py
[2024-07-17T14:11:15.588+0000] {processor.py:830} INFO - Processing file /home/airflow/.local/lib/python3.12/site-packages/airflow/example_dags/example_sensors.py for tasks to queue
[2024-07-17T14:11:15.592+0000] {logging_mixin.py:188} INFO - [2024-07-17T14:11:15.591+0000] {dagbag.py:545} INFO - Filling up the DagBag from /home/airflow/.local/lib/python3.12/site-packages/airflow/example_dags/example_sensors.py
[2024-07-17T14:11:15.614+0000] {processor.py:840} INFO - DAG(s) 'example_sensors' retrieved from /home/airflow/.local/lib/python3.12/site-packages/airflow/example_dags/example_sensors.py
[2024-07-17T14:11:15.667+0000] {logging_mixin.py:188} INFO - [2024-07-17T14:11:15.667+0000] {dag.py:3096} INFO - Sync 1 DAGs
[2024-07-17T14:11:15.692+0000] {logging_mixin.py:188} INFO - [2024-07-17T14:11:15.692+0000] {dag.py:3954} INFO - Setting next_dagrun for example_sensors to None, run_after=None
[2024-07-17T14:11:15.736+0000] {processor.py:183} INFO - Processing /home/airflow/.local/lib/python3.12/site-packages/airflow/example_dags/example_sensors.py took 0.164 seconds
[2024-07-17T14:11:46.496+0000] {processor.py:161} INFO - Started process (PID=3336) to work on /home/airflow/.local/lib/python3.12/site-packages/airflow/example_dags/example_sensors.py
[2024-07-17T14:11:46.498+0000] {processor.py:830} INFO - Processing file /home/airflow/.local/lib/python3.12/site-packages/airflow/example_dags/example_sensors.py for tasks to queue
[2024-07-17T14:11:46.502+0000] {logging_mixin.py:188} INFO - [2024-07-17T14:11:46.501+0000] {dagbag.py:545} INFO - Filling up the DagBag from /home/airflow/.local/lib/python3.12/site-packages/airflow/example_dags/example_sensors.py
[2024-07-17T14:11:46.528+0000] {processor.py:840} INFO - DAG(s) 'example_sensors' retrieved from /home/airflow/.local/lib/python3.12/site-packages/airflow/example_dags/example_sensors.py
[2024-07-17T14:11:46.605+0000] {logging_mixin.py:188} INFO - [2024-07-17T14:11:46.604+0000] {dag.py:3096} INFO - Sync 1 DAGs
[2024-07-17T14:11:46.639+0000] {logging_mixin.py:188} INFO - [2024-07-17T14:11:46.638+0000] {dag.py:3954} INFO - Setting next_dagrun for example_sensors to None, run_after=None
[2024-07-17T14:11:46.707+0000] {processor.py:183} INFO - Processing /home/airflow/.local/lib/python3.12/site-packages/airflow/example_dags/example_sensors.py took 0.223 seconds
[2024-07-17T14:12:23.815+0000] {logging_mixin.py:188} WARNING - Exception ignored in: <function WeakValueDictionary.__init__.<locals>.remove at 0x7f6b7a3199e0>
[2024-07-17T14:12:23.824+0000] {logging_mixin.py:188} WARNING - Traceback (most recent call last):
[2024-07-17T14:12:23.830+0000] {logging_mixin.py:188} WARNING -   File "/usr/local/lib/python3.12/weakref.py", line 105, in remove
[2024-07-17T14:12:23.836+0000] {logging_mixin.py:188} WARNING -     def remove(wr, selfref=ref(self), _atomic_removal=_remove_dead_weakref):
[2024-07-17T14:12:23.841+0000] {logging_mixin.py:188} WARNING -   File "/home/airflow/.local/lib/python3.12/site-packages/airflow/dag_processing/manager.py", line 457, in _exit_gracefully
[2024-07-17T14:12:23.843+0000] {logging_mixin.py:188} WARNING -     sys.exit(os.EX_OK)
[2024-07-17T14:12:23.845+0000] {logging_mixin.py:188} WARNING - SystemExit: 0
[2024-07-17T14:12:23.849+0000] {processor.py:161} INFO - Started process (PID=3396) to work on /home/airflow/.local/lib/python3.12/site-packages/airflow/example_dags/example_sensors.py
