[2024-07-17T10:31:50.776+0000] {processor.py:161} INFO - Started process (PID=61) to work on /home/airflow/.local/lib/python3.12/site-packages/airflow/example_dags/example_skip_dag.py
[2024-07-17T10:31:50.777+0000] {processor.py:830} INFO - Processing file /home/airflow/.local/lib/python3.12/site-packages/airflow/example_dags/example_skip_dag.py for tasks to queue
[2024-07-17T10:31:50.781+0000] {logging_mixin.py:188} INFO - [2024-07-17T10:31:50.781+0000] {dagbag.py:545} INFO - Filling up the DagBag from /home/airflow/.local/lib/python3.12/site-packages/airflow/example_dags/example_skip_dag.py
[2024-07-17T10:31:50.792+0000] {processor.py:840} INFO - DAG(s) 'example_skip_dag' retrieved from /home/airflow/.local/lib/python3.12/site-packages/airflow/example_dags/example_skip_dag.py
[2024-07-17T10:31:50.832+0000] {logging_mixin.py:188} INFO - [2024-07-17T10:31:50.832+0000] {dag.py:3096} INFO - Sync 1 DAGs
[2024-07-17T10:31:50.865+0000] {logging_mixin.py:188} INFO - [2024-07-17T10:31:50.865+0000] {dag.py:3954} INFO - Setting next_dagrun for example_skip_dag to 2024-07-16 00:00:00+00:00, run_after=2024-07-17 00:00:00+00:00
[2024-07-17T10:31:50.894+0000] {processor.py:183} INFO - Processing /home/airflow/.local/lib/python3.12/site-packages/airflow/example_dags/example_skip_dag.py took 0.128 seconds
[2024-07-17T10:32:21.055+0000] {processor.py:161} INFO - Started process (PID=120) to work on /home/airflow/.local/lib/python3.12/site-packages/airflow/example_dags/example_skip_dag.py
[2024-07-17T10:32:21.056+0000] {processor.py:830} INFO - Processing file /home/airflow/.local/lib/python3.12/site-packages/airflow/example_dags/example_skip_dag.py for tasks to queue
[2024-07-17T10:32:21.059+0000] {logging_mixin.py:188} INFO - [2024-07-17T10:32:21.058+0000] {dagbag.py:545} INFO - Filling up the DagBag from /home/airflow/.local/lib/python3.12/site-packages/airflow/example_dags/example_skip_dag.py
[2024-07-17T10:32:21.068+0000] {processor.py:840} INFO - DAG(s) 'example_skip_dag' retrieved from /home/airflow/.local/lib/python3.12/site-packages/airflow/example_dags/example_skip_dag.py
[2024-07-17T10:32:21.084+0000] {logging_mixin.py:188} INFO - [2024-07-17T10:32:21.084+0000] {dag.py:3096} INFO - Sync 1 DAGs
[2024-07-17T10:32:21.114+0000] {logging_mixin.py:188} INFO - [2024-07-17T10:32:21.114+0000] {dag.py:3954} INFO - Setting next_dagrun for example_skip_dag to 2024-07-16 00:00:00+00:00, run_after=2024-07-17 00:00:00+00:00
[2024-07-17T10:32:21.136+0000] {processor.py:183} INFO - Processing /home/airflow/.local/lib/python3.12/site-packages/airflow/example_dags/example_skip_dag.py took 0.089 seconds
[2024-07-17T10:32:52.467+0000] {processor.py:161} INFO - Started process (PID=181) to work on /home/airflow/.local/lib/python3.12/site-packages/airflow/example_dags/example_skip_dag.py
[2024-07-17T10:32:52.468+0000] {processor.py:830} INFO - Processing file /home/airflow/.local/lib/python3.12/site-packages/airflow/example_dags/example_skip_dag.py for tasks to queue
[2024-07-17T10:32:52.470+0000] {logging_mixin.py:188} INFO - [2024-07-17T10:32:52.469+0000] {dagbag.py:545} INFO - Filling up the DagBag from /home/airflow/.local/lib/python3.12/site-packages/airflow/example_dags/example_skip_dag.py
[2024-07-17T10:32:52.476+0000] {processor.py:840} INFO - DAG(s) 'example_skip_dag' retrieved from /home/airflow/.local/lib/python3.12/site-packages/airflow/example_dags/example_skip_dag.py
[2024-07-17T10:32:52.615+0000] {logging_mixin.py:188} INFO - [2024-07-17T10:32:52.615+0000] {dag.py:3096} INFO - Sync 1 DAGs
[2024-07-17T10:32:52.642+0000] {logging_mixin.py:188} INFO - [2024-07-17T10:32:52.642+0000] {dag.py:3954} INFO - Setting next_dagrun for example_skip_dag to 2024-07-16 00:00:00+00:00, run_after=2024-07-17 00:00:00+00:00
[2024-07-17T10:32:52.673+0000] {processor.py:183} INFO - Processing /home/airflow/.local/lib/python3.12/site-packages/airflow/example_dags/example_skip_dag.py took 0.213 seconds
[2024-07-17T10:33:23.622+0000] {processor.py:161} INFO - Started process (PID=247) to work on /home/airflow/.local/lib/python3.12/site-packages/airflow/example_dags/example_skip_dag.py
[2024-07-17T10:33:23.624+0000] {processor.py:830} INFO - Processing file /home/airflow/.local/lib/python3.12/site-packages/airflow/example_dags/example_skip_dag.py for tasks to queue
[2024-07-17T10:33:23.626+0000] {logging_mixin.py:188} INFO - [2024-07-17T10:33:23.626+0000] {dagbag.py:545} INFO - Filling up the DagBag from /home/airflow/.local/lib/python3.12/site-packages/airflow/example_dags/example_skip_dag.py
[2024-07-17T10:33:23.635+0000] {processor.py:840} INFO - DAG(s) 'example_skip_dag' retrieved from /home/airflow/.local/lib/python3.12/site-packages/airflow/example_dags/example_skip_dag.py
[2024-07-17T10:33:23.668+0000] {logging_mixin.py:188} INFO - [2024-07-17T10:33:23.668+0000] {dag.py:3096} INFO - Sync 1 DAGs
[2024-07-17T10:33:23.701+0000] {logging_mixin.py:188} INFO - [2024-07-17T10:33:23.701+0000] {dag.py:3954} INFO - Setting next_dagrun for example_skip_dag to 2024-07-16 00:00:00+00:00, run_after=2024-07-17 00:00:00+00:00
[2024-07-17T10:33:23.729+0000] {processor.py:183} INFO - Processing /home/airflow/.local/lib/python3.12/site-packages/airflow/example_dags/example_skip_dag.py took 0.114 seconds
[2024-07-17T10:33:53.984+0000] {processor.py:161} INFO - Started process (PID=307) to work on /home/airflow/.local/lib/python3.12/site-packages/airflow/example_dags/example_skip_dag.py
[2024-07-17T10:33:53.986+0000] {processor.py:830} INFO - Processing file /home/airflow/.local/lib/python3.12/site-packages/airflow/example_dags/example_skip_dag.py for tasks to queue
[2024-07-17T10:33:53.993+0000] {logging_mixin.py:188} INFO - [2024-07-17T10:33:53.992+0000] {dagbag.py:545} INFO - Filling up the DagBag from /home/airflow/.local/lib/python3.12/site-packages/airflow/example_dags/example_skip_dag.py
[2024-07-17T10:33:54.008+0000] {processor.py:840} INFO - DAG(s) 'example_skip_dag' retrieved from /home/airflow/.local/lib/python3.12/site-packages/airflow/example_dags/example_skip_dag.py
[2024-07-17T10:33:54.066+0000] {logging_mixin.py:188} INFO - [2024-07-17T10:33:54.065+0000] {dag.py:3096} INFO - Sync 1 DAGs
[2024-07-17T10:33:54.126+0000] {logging_mixin.py:188} INFO - [2024-07-17T10:33:54.125+0000] {dag.py:3954} INFO - Setting next_dagrun for example_skip_dag to 2024-07-16 00:00:00+00:00, run_after=2024-07-17 00:00:00+00:00
[2024-07-17T10:33:54.172+0000] {processor.py:183} INFO - Processing /home/airflow/.local/lib/python3.12/site-packages/airflow/example_dags/example_skip_dag.py took 0.201 seconds
[2024-07-17T10:34:24.445+0000] {processor.py:161} INFO - Started process (PID=367) to work on /home/airflow/.local/lib/python3.12/site-packages/airflow/example_dags/example_skip_dag.py
[2024-07-17T10:34:24.447+0000] {processor.py:830} INFO - Processing file /home/airflow/.local/lib/python3.12/site-packages/airflow/example_dags/example_skip_dag.py for tasks to queue
[2024-07-17T10:34:24.451+0000] {logging_mixin.py:188} INFO - [2024-07-17T10:34:24.449+0000] {dagbag.py:545} INFO - Filling up the DagBag from /home/airflow/.local/lib/python3.12/site-packages/airflow/example_dags/example_skip_dag.py
[2024-07-17T10:34:24.461+0000] {processor.py:840} INFO - DAG(s) 'example_skip_dag' retrieved from /home/airflow/.local/lib/python3.12/site-packages/airflow/example_dags/example_skip_dag.py
[2024-07-17T10:34:24.497+0000] {logging_mixin.py:188} INFO - [2024-07-17T10:34:24.497+0000] {dag.py:3096} INFO - Sync 1 DAGs
[2024-07-17T10:34:24.536+0000] {logging_mixin.py:188} INFO - [2024-07-17T10:34:24.535+0000] {dag.py:3954} INFO - Setting next_dagrun for example_skip_dag to 2024-07-16 00:00:00+00:00, run_after=2024-07-17 00:00:00+00:00
[2024-07-17T10:34:24.582+0000] {processor.py:183} INFO - Processing /home/airflow/.local/lib/python3.12/site-packages/airflow/example_dags/example_skip_dag.py took 0.145 seconds
[2024-07-17T10:34:55.454+0000] {processor.py:161} INFO - Started process (PID=427) to work on /home/airflow/.local/lib/python3.12/site-packages/airflow/example_dags/example_skip_dag.py
[2024-07-17T10:34:55.455+0000] {processor.py:830} INFO - Processing file /home/airflow/.local/lib/python3.12/site-packages/airflow/example_dags/example_skip_dag.py for tasks to queue
[2024-07-17T10:34:55.458+0000] {logging_mixin.py:188} INFO - [2024-07-17T10:34:55.458+0000] {dagbag.py:545} INFO - Filling up the DagBag from /home/airflow/.local/lib/python3.12/site-packages/airflow/example_dags/example_skip_dag.py
[2024-07-17T10:34:55.468+0000] {processor.py:840} INFO - DAG(s) 'example_skip_dag' retrieved from /home/airflow/.local/lib/python3.12/site-packages/airflow/example_dags/example_skip_dag.py
[2024-07-17T10:34:55.508+0000] {logging_mixin.py:188} INFO - [2024-07-17T10:34:55.507+0000] {dag.py:3096} INFO - Sync 1 DAGs
[2024-07-17T10:34:55.544+0000] {logging_mixin.py:188} INFO - [2024-07-17T10:34:55.544+0000] {dag.py:3954} INFO - Setting next_dagrun for example_skip_dag to 2024-07-16 00:00:00+00:00, run_after=2024-07-17 00:00:00+00:00
[2024-07-17T10:34:55.573+0000] {processor.py:183} INFO - Processing /home/airflow/.local/lib/python3.12/site-packages/airflow/example_dags/example_skip_dag.py took 0.130 seconds
[2024-07-17T10:35:26.544+0000] {processor.py:161} INFO - Started process (PID=487) to work on /home/airflow/.local/lib/python3.12/site-packages/airflow/example_dags/example_skip_dag.py
[2024-07-17T10:35:26.545+0000] {processor.py:830} INFO - Processing file /home/airflow/.local/lib/python3.12/site-packages/airflow/example_dags/example_skip_dag.py for tasks to queue
[2024-07-17T10:35:26.553+0000] {logging_mixin.py:188} INFO - [2024-07-17T10:35:26.552+0000] {dagbag.py:545} INFO - Filling up the DagBag from /home/airflow/.local/lib/python3.12/site-packages/airflow/example_dags/example_skip_dag.py
[2024-07-17T10:35:26.564+0000] {processor.py:840} INFO - DAG(s) 'example_skip_dag' retrieved from /home/airflow/.local/lib/python3.12/site-packages/airflow/example_dags/example_skip_dag.py
[2024-07-17T10:35:26.613+0000] {logging_mixin.py:188} INFO - [2024-07-17T10:35:26.612+0000] {dag.py:3096} INFO - Sync 1 DAGs
[2024-07-17T10:35:26.652+0000] {logging_mixin.py:188} INFO - [2024-07-17T10:35:26.652+0000] {dag.py:3954} INFO - Setting next_dagrun for example_skip_dag to 2024-07-16 00:00:00+00:00, run_after=2024-07-17 00:00:00+00:00
[2024-07-17T10:35:26.686+0000] {processor.py:183} INFO - Processing /home/airflow/.local/lib/python3.12/site-packages/airflow/example_dags/example_skip_dag.py took 0.153 seconds
[2024-07-17T10:35:57.880+0000] {processor.py:161} INFO - Started process (PID=547) to work on /home/airflow/.local/lib/python3.12/site-packages/airflow/example_dags/example_skip_dag.py
[2024-07-17T10:35:57.881+0000] {processor.py:830} INFO - Processing file /home/airflow/.local/lib/python3.12/site-packages/airflow/example_dags/example_skip_dag.py for tasks to queue
[2024-07-17T10:35:57.883+0000] {logging_mixin.py:188} INFO - [2024-07-17T10:35:57.883+0000] {dagbag.py:545} INFO - Filling up the DagBag from /home/airflow/.local/lib/python3.12/site-packages/airflow/example_dags/example_skip_dag.py
[2024-07-17T10:35:57.892+0000] {processor.py:840} INFO - DAG(s) 'example_skip_dag' retrieved from /home/airflow/.local/lib/python3.12/site-packages/airflow/example_dags/example_skip_dag.py
[2024-07-17T10:35:57.924+0000] {logging_mixin.py:188} INFO - [2024-07-17T10:35:57.924+0000] {dag.py:3096} INFO - Sync 1 DAGs
[2024-07-17T10:35:57.967+0000] {logging_mixin.py:188} INFO - [2024-07-17T10:35:57.967+0000] {dag.py:3954} INFO - Setting next_dagrun for example_skip_dag to 2024-07-16 00:00:00+00:00, run_after=2024-07-17 00:00:00+00:00
[2024-07-17T10:35:57.992+0000] {processor.py:183} INFO - Processing /home/airflow/.local/lib/python3.12/site-packages/airflow/example_dags/example_skip_dag.py took 0.120 seconds
[2024-07-17T10:36:28.519+0000] {processor.py:161} INFO - Started process (PID=607) to work on /home/airflow/.local/lib/python3.12/site-packages/airflow/example_dags/example_skip_dag.py
[2024-07-17T10:36:28.521+0000] {processor.py:830} INFO - Processing file /home/airflow/.local/lib/python3.12/site-packages/airflow/example_dags/example_skip_dag.py for tasks to queue
[2024-07-17T10:36:28.524+0000] {logging_mixin.py:188} INFO - [2024-07-17T10:36:28.523+0000] {dagbag.py:545} INFO - Filling up the DagBag from /home/airflow/.local/lib/python3.12/site-packages/airflow/example_dags/example_skip_dag.py
[2024-07-17T10:36:28.533+0000] {processor.py:840} INFO - DAG(s) 'example_skip_dag' retrieved from /home/airflow/.local/lib/python3.12/site-packages/airflow/example_dags/example_skip_dag.py
[2024-07-17T10:36:28.568+0000] {logging_mixin.py:188} INFO - [2024-07-17T10:36:28.567+0000] {dag.py:3096} INFO - Sync 1 DAGs
[2024-07-17T10:36:28.595+0000] {logging_mixin.py:188} INFO - [2024-07-17T10:36:28.595+0000] {dag.py:3954} INFO - Setting next_dagrun for example_skip_dag to 2024-07-16 00:00:00+00:00, run_after=2024-07-17 00:00:00+00:00
[2024-07-17T10:36:28.620+0000] {processor.py:183} INFO - Processing /home/airflow/.local/lib/python3.12/site-packages/airflow/example_dags/example_skip_dag.py took 0.109 seconds
[2024-07-17T13:41:27.202+0000] {processor.py:161} INFO - Started process (PID=67) to work on /home/airflow/.local/lib/python3.12/site-packages/airflow/example_dags/example_skip_dag.py
[2024-07-17T13:41:27.207+0000] {processor.py:830} INFO - Processing file /home/airflow/.local/lib/python3.12/site-packages/airflow/example_dags/example_skip_dag.py for tasks to queue
[2024-07-17T13:41:27.210+0000] {logging_mixin.py:188} INFO - [2024-07-17T13:41:27.209+0000] {dagbag.py:545} INFO - Filling up the DagBag from /home/airflow/.local/lib/python3.12/site-packages/airflow/example_dags/example_skip_dag.py
[2024-07-17T13:41:27.225+0000] {processor.py:840} INFO - DAG(s) 'example_skip_dag' retrieved from /home/airflow/.local/lib/python3.12/site-packages/airflow/example_dags/example_skip_dag.py
[2024-07-17T13:41:27.512+0000] {logging_mixin.py:188} INFO - [2024-07-17T13:41:27.511+0000] {dag.py:3096} INFO - Sync 1 DAGs
[2024-07-17T13:41:27.582+0000] {logging_mixin.py:188} INFO - [2024-07-17T13:41:27.581+0000] {dag.py:3954} INFO - Setting next_dagrun for example_skip_dag to 2024-07-16 00:00:00+00:00, run_after=2024-07-17 00:00:00+00:00
[2024-07-17T13:41:27.635+0000] {processor.py:183} INFO - Processing /home/airflow/.local/lib/python3.12/site-packages/airflow/example_dags/example_skip_dag.py took 0.444 seconds
[2024-07-17T13:41:57.846+0000] {processor.py:161} INFO - Started process (PID=127) to work on /home/airflow/.local/lib/python3.12/site-packages/airflow/example_dags/example_skip_dag.py
[2024-07-17T13:41:57.847+0000] {processor.py:830} INFO - Processing file /home/airflow/.local/lib/python3.12/site-packages/airflow/example_dags/example_skip_dag.py for tasks to queue
[2024-07-17T13:41:57.850+0000] {logging_mixin.py:188} INFO - [2024-07-17T13:41:57.849+0000] {dagbag.py:545} INFO - Filling up the DagBag from /home/airflow/.local/lib/python3.12/site-packages/airflow/example_dags/example_skip_dag.py
[2024-07-17T13:41:57.858+0000] {processor.py:840} INFO - DAG(s) 'example_skip_dag' retrieved from /home/airflow/.local/lib/python3.12/site-packages/airflow/example_dags/example_skip_dag.py
[2024-07-17T13:41:57.890+0000] {logging_mixin.py:188} INFO - [2024-07-17T13:41:57.890+0000] {dag.py:3096} INFO - Sync 1 DAGs
[2024-07-17T13:41:57.927+0000] {logging_mixin.py:188} INFO - [2024-07-17T13:41:57.927+0000] {dag.py:3954} INFO - Setting next_dagrun for example_skip_dag to 2024-07-16 00:00:00+00:00, run_after=2024-07-17 00:00:00+00:00
[2024-07-17T13:41:57.955+0000] {processor.py:183} INFO - Processing /home/airflow/.local/lib/python3.12/site-packages/airflow/example_dags/example_skip_dag.py took 0.116 seconds
[2024-07-17T13:42:28.503+0000] {processor.py:161} INFO - Started process (PID=187) to work on /home/airflow/.local/lib/python3.12/site-packages/airflow/example_dags/example_skip_dag.py
[2024-07-17T13:42:28.504+0000] {processor.py:830} INFO - Processing file /home/airflow/.local/lib/python3.12/site-packages/airflow/example_dags/example_skip_dag.py for tasks to queue
[2024-07-17T13:42:28.506+0000] {logging_mixin.py:188} INFO - [2024-07-17T13:42:28.506+0000] {dagbag.py:545} INFO - Filling up the DagBag from /home/airflow/.local/lib/python3.12/site-packages/airflow/example_dags/example_skip_dag.py
[2024-07-17T13:42:28.513+0000] {processor.py:840} INFO - DAG(s) 'example_skip_dag' retrieved from /home/airflow/.local/lib/python3.12/site-packages/airflow/example_dags/example_skip_dag.py
[2024-07-17T13:42:28.535+0000] {logging_mixin.py:188} INFO - [2024-07-17T13:42:28.535+0000] {dag.py:3096} INFO - Sync 1 DAGs
[2024-07-17T13:42:28.562+0000] {logging_mixin.py:188} INFO - [2024-07-17T13:42:28.561+0000] {dag.py:3954} INFO - Setting next_dagrun for example_skip_dag to 2024-07-16 00:00:00+00:00, run_after=2024-07-17 00:00:00+00:00
[2024-07-17T13:42:28.580+0000] {processor.py:183} INFO - Processing /home/airflow/.local/lib/python3.12/site-packages/airflow/example_dags/example_skip_dag.py took 0.082 seconds
[2024-07-17T13:42:59.126+0000] {processor.py:161} INFO - Started process (PID=247) to work on /home/airflow/.local/lib/python3.12/site-packages/airflow/example_dags/example_skip_dag.py
[2024-07-17T13:42:59.127+0000] {processor.py:830} INFO - Processing file /home/airflow/.local/lib/python3.12/site-packages/airflow/example_dags/example_skip_dag.py for tasks to queue
[2024-07-17T13:42:59.129+0000] {logging_mixin.py:188} INFO - [2024-07-17T13:42:59.128+0000] {dagbag.py:545} INFO - Filling up the DagBag from /home/airflow/.local/lib/python3.12/site-packages/airflow/example_dags/example_skip_dag.py
[2024-07-17T13:42:59.134+0000] {processor.py:840} INFO - DAG(s) 'example_skip_dag' retrieved from /home/airflow/.local/lib/python3.12/site-packages/airflow/example_dags/example_skip_dag.py
[2024-07-17T13:42:59.160+0000] {logging_mixin.py:188} INFO - [2024-07-17T13:42:59.160+0000] {dag.py:3096} INFO - Sync 1 DAGs
[2024-07-17T13:42:59.182+0000] {logging_mixin.py:188} INFO - [2024-07-17T13:42:59.181+0000] {dag.py:3954} INFO - Setting next_dagrun for example_skip_dag to 2024-07-16 00:00:00+00:00, run_after=2024-07-17 00:00:00+00:00
[2024-07-17T13:42:59.202+0000] {processor.py:183} INFO - Processing /home/airflow/.local/lib/python3.12/site-packages/airflow/example_dags/example_skip_dag.py took 0.081 seconds
[2024-07-17T13:43:29.990+0000] {processor.py:161} INFO - Started process (PID=307) to work on /home/airflow/.local/lib/python3.12/site-packages/airflow/example_dags/example_skip_dag.py
[2024-07-17T13:43:29.992+0000] {processor.py:830} INFO - Processing file /home/airflow/.local/lib/python3.12/site-packages/airflow/example_dags/example_skip_dag.py for tasks to queue
[2024-07-17T13:43:29.997+0000] {logging_mixin.py:188} INFO - [2024-07-17T13:43:29.996+0000] {dagbag.py:545} INFO - Filling up the DagBag from /home/airflow/.local/lib/python3.12/site-packages/airflow/example_dags/example_skip_dag.py
[2024-07-17T13:43:30.008+0000] {processor.py:840} INFO - DAG(s) 'example_skip_dag' retrieved from /home/airflow/.local/lib/python3.12/site-packages/airflow/example_dags/example_skip_dag.py
[2024-07-17T13:43:30.053+0000] {logging_mixin.py:188} INFO - [2024-07-17T13:43:30.053+0000] {dag.py:3096} INFO - Sync 1 DAGs
[2024-07-17T13:43:30.085+0000] {logging_mixin.py:188} INFO - [2024-07-17T13:43:30.085+0000] {dag.py:3954} INFO - Setting next_dagrun for example_skip_dag to 2024-07-16 00:00:00+00:00, run_after=2024-07-17 00:00:00+00:00
[2024-07-17T13:43:30.110+0000] {processor.py:183} INFO - Processing /home/airflow/.local/lib/python3.12/site-packages/airflow/example_dags/example_skip_dag.py took 0.127 seconds
[2024-07-17T13:44:00.204+0000] {processor.py:161} INFO - Started process (PID=366) to work on /home/airflow/.local/lib/python3.12/site-packages/airflow/example_dags/example_skip_dag.py
[2024-07-17T13:44:00.205+0000] {processor.py:830} INFO - Processing file /home/airflow/.local/lib/python3.12/site-packages/airflow/example_dags/example_skip_dag.py for tasks to queue
[2024-07-17T13:44:00.207+0000] {logging_mixin.py:188} INFO - [2024-07-17T13:44:00.206+0000] {dagbag.py:545} INFO - Filling up the DagBag from /home/airflow/.local/lib/python3.12/site-packages/airflow/example_dags/example_skip_dag.py
[2024-07-17T13:44:00.213+0000] {processor.py:840} INFO - DAG(s) 'example_skip_dag' retrieved from /home/airflow/.local/lib/python3.12/site-packages/airflow/example_dags/example_skip_dag.py
[2024-07-17T13:44:00.238+0000] {logging_mixin.py:188} INFO - [2024-07-17T13:44:00.238+0000] {dag.py:3096} INFO - Sync 1 DAGs
[2024-07-17T13:44:00.263+0000] {logging_mixin.py:188} INFO - [2024-07-17T13:44:00.263+0000] {dag.py:3954} INFO - Setting next_dagrun for example_skip_dag to 2024-07-16 00:00:00+00:00, run_after=2024-07-17 00:00:00+00:00
[2024-07-17T13:44:00.285+0000] {processor.py:183} INFO - Processing /home/airflow/.local/lib/python3.12/site-packages/airflow/example_dags/example_skip_dag.py took 0.086 seconds
[2024-07-17T13:44:30.326+0000] {processor.py:161} INFO - Started process (PID=426) to work on /home/airflow/.local/lib/python3.12/site-packages/airflow/example_dags/example_skip_dag.py
[2024-07-17T13:44:30.327+0000] {processor.py:830} INFO - Processing file /home/airflow/.local/lib/python3.12/site-packages/airflow/example_dags/example_skip_dag.py for tasks to queue
[2024-07-17T13:44:30.329+0000] {logging_mixin.py:188} INFO - [2024-07-17T13:44:30.329+0000] {dagbag.py:545} INFO - Filling up the DagBag from /home/airflow/.local/lib/python3.12/site-packages/airflow/example_dags/example_skip_dag.py
[2024-07-17T13:44:30.339+0000] {processor.py:840} INFO - DAG(s) 'example_skip_dag' retrieved from /home/airflow/.local/lib/python3.12/site-packages/airflow/example_dags/example_skip_dag.py
[2024-07-17T13:44:30.366+0000] {logging_mixin.py:188} INFO - [2024-07-17T13:44:30.366+0000] {dag.py:3096} INFO - Sync 1 DAGs
[2024-07-17T13:44:30.396+0000] {logging_mixin.py:188} INFO - [2024-07-17T13:44:30.396+0000] {dag.py:3954} INFO - Setting next_dagrun for example_skip_dag to 2024-07-16 00:00:00+00:00, run_after=2024-07-17 00:00:00+00:00
[2024-07-17T13:44:30.426+0000] {processor.py:183} INFO - Processing /home/airflow/.local/lib/python3.12/site-packages/airflow/example_dags/example_skip_dag.py took 0.107 seconds
[2024-07-17T13:45:00.781+0000] {processor.py:161} INFO - Started process (PID=486) to work on /home/airflow/.local/lib/python3.12/site-packages/airflow/example_dags/example_skip_dag.py
[2024-07-17T13:45:00.782+0000] {processor.py:830} INFO - Processing file /home/airflow/.local/lib/python3.12/site-packages/airflow/example_dags/example_skip_dag.py for tasks to queue
[2024-07-17T13:45:00.784+0000] {logging_mixin.py:188} INFO - [2024-07-17T13:45:00.784+0000] {dagbag.py:545} INFO - Filling up the DagBag from /home/airflow/.local/lib/python3.12/site-packages/airflow/example_dags/example_skip_dag.py
[2024-07-17T13:45:00.793+0000] {processor.py:840} INFO - DAG(s) 'example_skip_dag' retrieved from /home/airflow/.local/lib/python3.12/site-packages/airflow/example_dags/example_skip_dag.py
[2024-07-17T13:45:00.819+0000] {logging_mixin.py:188} INFO - [2024-07-17T13:45:00.819+0000] {dag.py:3096} INFO - Sync 1 DAGs
[2024-07-17T13:45:00.845+0000] {logging_mixin.py:188} INFO - [2024-07-17T13:45:00.845+0000] {dag.py:3954} INFO - Setting next_dagrun for example_skip_dag to 2024-07-16 00:00:00+00:00, run_after=2024-07-17 00:00:00+00:00
[2024-07-17T13:45:00.872+0000] {processor.py:183} INFO - Processing /home/airflow/.local/lib/python3.12/site-packages/airflow/example_dags/example_skip_dag.py took 0.096 seconds
[2024-07-17T13:45:31.134+0000] {processor.py:161} INFO - Started process (PID=546) to work on /home/airflow/.local/lib/python3.12/site-packages/airflow/example_dags/example_skip_dag.py
[2024-07-17T13:45:31.135+0000] {processor.py:830} INFO - Processing file /home/airflow/.local/lib/python3.12/site-packages/airflow/example_dags/example_skip_dag.py for tasks to queue
[2024-07-17T13:45:31.137+0000] {logging_mixin.py:188} INFO - [2024-07-17T13:45:31.137+0000] {dagbag.py:545} INFO - Filling up the DagBag from /home/airflow/.local/lib/python3.12/site-packages/airflow/example_dags/example_skip_dag.py
[2024-07-17T13:45:31.145+0000] {processor.py:840} INFO - DAG(s) 'example_skip_dag' retrieved from /home/airflow/.local/lib/python3.12/site-packages/airflow/example_dags/example_skip_dag.py
[2024-07-17T13:45:31.168+0000] {logging_mixin.py:188} INFO - [2024-07-17T13:45:31.167+0000] {dag.py:3096} INFO - Sync 1 DAGs
[2024-07-17T13:45:31.196+0000] {logging_mixin.py:188} INFO - [2024-07-17T13:45:31.195+0000] {dag.py:3954} INFO - Setting next_dagrun for example_skip_dag to 2024-07-16 00:00:00+00:00, run_after=2024-07-17 00:00:00+00:00
[2024-07-17T13:45:31.217+0000] {processor.py:183} INFO - Processing /home/airflow/.local/lib/python3.12/site-packages/airflow/example_dags/example_skip_dag.py took 0.091 seconds
[2024-07-17T13:46:01.657+0000] {processor.py:161} INFO - Started process (PID=606) to work on /home/airflow/.local/lib/python3.12/site-packages/airflow/example_dags/example_skip_dag.py
[2024-07-17T13:46:01.661+0000] {processor.py:830} INFO - Processing file /home/airflow/.local/lib/python3.12/site-packages/airflow/example_dags/example_skip_dag.py for tasks to queue
[2024-07-17T13:46:01.666+0000] {logging_mixin.py:188} INFO - [2024-07-17T13:46:01.665+0000] {dagbag.py:545} INFO - Filling up the DagBag from /home/airflow/.local/lib/python3.12/site-packages/airflow/example_dags/example_skip_dag.py
[2024-07-17T13:46:01.689+0000] {processor.py:840} INFO - DAG(s) 'example_skip_dag' retrieved from /home/airflow/.local/lib/python3.12/site-packages/airflow/example_dags/example_skip_dag.py
[2024-07-17T13:46:01.734+0000] {logging_mixin.py:188} INFO - [2024-07-17T13:46:01.733+0000] {dag.py:3096} INFO - Sync 1 DAGs
[2024-07-17T13:46:01.759+0000] {logging_mixin.py:188} INFO - [2024-07-17T13:46:01.758+0000] {dag.py:3954} INFO - Setting next_dagrun for example_skip_dag to 2024-07-16 00:00:00+00:00, run_after=2024-07-17 00:00:00+00:00
[2024-07-17T13:46:01.784+0000] {processor.py:183} INFO - Processing /home/airflow/.local/lib/python3.12/site-packages/airflow/example_dags/example_skip_dag.py took 0.144 seconds
[2024-07-17T13:46:32.609+0000] {processor.py:161} INFO - Started process (PID=666) to work on /home/airflow/.local/lib/python3.12/site-packages/airflow/example_dags/example_skip_dag.py
[2024-07-17T13:46:32.610+0000] {processor.py:830} INFO - Processing file /home/airflow/.local/lib/python3.12/site-packages/airflow/example_dags/example_skip_dag.py for tasks to queue
[2024-07-17T13:46:32.613+0000] {logging_mixin.py:188} INFO - [2024-07-17T13:46:32.613+0000] {dagbag.py:545} INFO - Filling up the DagBag from /home/airflow/.local/lib/python3.12/site-packages/airflow/example_dags/example_skip_dag.py
[2024-07-17T13:46:32.622+0000] {processor.py:840} INFO - DAG(s) 'example_skip_dag' retrieved from /home/airflow/.local/lib/python3.12/site-packages/airflow/example_dags/example_skip_dag.py
[2024-07-17T13:46:32.671+0000] {logging_mixin.py:188} INFO - [2024-07-17T13:46:32.671+0000] {dag.py:3096} INFO - Sync 1 DAGs
[2024-07-17T13:46:32.726+0000] {logging_mixin.py:188} INFO - [2024-07-17T13:46:32.726+0000] {dag.py:3954} INFO - Setting next_dagrun for example_skip_dag to 2024-07-16 00:00:00+00:00, run_after=2024-07-17 00:00:00+00:00
[2024-07-17T13:46:32.768+0000] {processor.py:183} INFO - Processing /home/airflow/.local/lib/python3.12/site-packages/airflow/example_dags/example_skip_dag.py took 0.167 seconds
[2024-07-17T13:47:03.218+0000] {processor.py:161} INFO - Started process (PID=726) to work on /home/airflow/.local/lib/python3.12/site-packages/airflow/example_dags/example_skip_dag.py
[2024-07-17T13:47:03.219+0000] {processor.py:830} INFO - Processing file /home/airflow/.local/lib/python3.12/site-packages/airflow/example_dags/example_skip_dag.py for tasks to queue
[2024-07-17T13:47:03.221+0000] {logging_mixin.py:188} INFO - [2024-07-17T13:47:03.221+0000] {dagbag.py:545} INFO - Filling up the DagBag from /home/airflow/.local/lib/python3.12/site-packages/airflow/example_dags/example_skip_dag.py
[2024-07-17T13:47:03.230+0000] {processor.py:840} INFO - DAG(s) 'example_skip_dag' retrieved from /home/airflow/.local/lib/python3.12/site-packages/airflow/example_dags/example_skip_dag.py
[2024-07-17T13:47:03.256+0000] {logging_mixin.py:188} INFO - [2024-07-17T13:47:03.255+0000] {dag.py:3096} INFO - Sync 1 DAGs
[2024-07-17T13:47:03.287+0000] {logging_mixin.py:188} INFO - [2024-07-17T13:47:03.287+0000] {dag.py:3954} INFO - Setting next_dagrun for example_skip_dag to 2024-07-16 00:00:00+00:00, run_after=2024-07-17 00:00:00+00:00
[2024-07-17T13:47:03.322+0000] {processor.py:183} INFO - Processing /home/airflow/.local/lib/python3.12/site-packages/airflow/example_dags/example_skip_dag.py took 0.111 seconds
[2024-07-17T13:47:33.565+0000] {processor.py:161} INFO - Started process (PID=786) to work on /home/airflow/.local/lib/python3.12/site-packages/airflow/example_dags/example_skip_dag.py
[2024-07-17T13:47:33.566+0000] {processor.py:830} INFO - Processing file /home/airflow/.local/lib/python3.12/site-packages/airflow/example_dags/example_skip_dag.py for tasks to queue
[2024-07-17T13:47:33.568+0000] {logging_mixin.py:188} INFO - [2024-07-17T13:47:33.568+0000] {dagbag.py:545} INFO - Filling up the DagBag from /home/airflow/.local/lib/python3.12/site-packages/airflow/example_dags/example_skip_dag.py
[2024-07-17T13:47:33.583+0000] {processor.py:840} INFO - DAG(s) 'example_skip_dag' retrieved from /home/airflow/.local/lib/python3.12/site-packages/airflow/example_dags/example_skip_dag.py
[2024-07-17T13:47:33.626+0000] {logging_mixin.py:188} INFO - [2024-07-17T13:47:33.617+0000] {dag.py:3096} INFO - Sync 1 DAGs
[2024-07-17T13:47:33.657+0000] {logging_mixin.py:188} INFO - [2024-07-17T13:47:33.657+0000] {dag.py:3954} INFO - Setting next_dagrun for example_skip_dag to 2024-07-16 00:00:00+00:00, run_after=2024-07-17 00:00:00+00:00
[2024-07-17T13:47:33.688+0000] {processor.py:183} INFO - Processing /home/airflow/.local/lib/python3.12/site-packages/airflow/example_dags/example_skip_dag.py took 0.131 seconds
[2024-07-17T13:48:03.811+0000] {processor.py:161} INFO - Started process (PID=846) to work on /home/airflow/.local/lib/python3.12/site-packages/airflow/example_dags/example_skip_dag.py
[2024-07-17T13:48:03.813+0000] {processor.py:830} INFO - Processing file /home/airflow/.local/lib/python3.12/site-packages/airflow/example_dags/example_skip_dag.py for tasks to queue
[2024-07-17T13:48:03.815+0000] {logging_mixin.py:188} INFO - [2024-07-17T13:48:03.814+0000] {dagbag.py:545} INFO - Filling up the DagBag from /home/airflow/.local/lib/python3.12/site-packages/airflow/example_dags/example_skip_dag.py
[2024-07-17T13:48:03.822+0000] {processor.py:840} INFO - DAG(s) 'example_skip_dag' retrieved from /home/airflow/.local/lib/python3.12/site-packages/airflow/example_dags/example_skip_dag.py
[2024-07-17T13:48:03.849+0000] {logging_mixin.py:188} INFO - [2024-07-17T13:48:03.849+0000] {dag.py:3096} INFO - Sync 1 DAGs
[2024-07-17T13:48:03.879+0000] {logging_mixin.py:188} INFO - [2024-07-17T13:48:03.879+0000] {dag.py:3954} INFO - Setting next_dagrun for example_skip_dag to 2024-07-16 00:00:00+00:00, run_after=2024-07-17 00:00:00+00:00
[2024-07-17T13:48:03.904+0000] {processor.py:183} INFO - Processing /home/airflow/.local/lib/python3.12/site-packages/airflow/example_dags/example_skip_dag.py took 0.100 seconds
[2024-07-17T13:48:34.313+0000] {processor.py:161} INFO - Started process (PID=906) to work on /home/airflow/.local/lib/python3.12/site-packages/airflow/example_dags/example_skip_dag.py
[2024-07-17T13:48:34.314+0000] {processor.py:830} INFO - Processing file /home/airflow/.local/lib/python3.12/site-packages/airflow/example_dags/example_skip_dag.py for tasks to queue
[2024-07-17T13:48:34.316+0000] {logging_mixin.py:188} INFO - [2024-07-17T13:48:34.316+0000] {dagbag.py:545} INFO - Filling up the DagBag from /home/airflow/.local/lib/python3.12/site-packages/airflow/example_dags/example_skip_dag.py
[2024-07-17T13:48:34.325+0000] {processor.py:840} INFO - DAG(s) 'example_skip_dag' retrieved from /home/airflow/.local/lib/python3.12/site-packages/airflow/example_dags/example_skip_dag.py
[2024-07-17T13:48:34.356+0000] {logging_mixin.py:188} INFO - [2024-07-17T13:48:34.355+0000] {dag.py:3096} INFO - Sync 1 DAGs
[2024-07-17T13:48:34.386+0000] {logging_mixin.py:188} INFO - [2024-07-17T13:48:34.386+0000] {dag.py:3954} INFO - Setting next_dagrun for example_skip_dag to 2024-07-16 00:00:00+00:00, run_after=2024-07-17 00:00:00+00:00
[2024-07-17T13:48:34.414+0000] {processor.py:183} INFO - Processing /home/airflow/.local/lib/python3.12/site-packages/airflow/example_dags/example_skip_dag.py took 0.108 seconds
[2024-07-17T13:49:04.533+0000] {processor.py:161} INFO - Started process (PID=964) to work on /home/airflow/.local/lib/python3.12/site-packages/airflow/example_dags/example_skip_dag.py
[2024-07-17T13:49:04.534+0000] {processor.py:830} INFO - Processing file /home/airflow/.local/lib/python3.12/site-packages/airflow/example_dags/example_skip_dag.py for tasks to queue
[2024-07-17T13:49:04.536+0000] {logging_mixin.py:188} INFO - [2024-07-17T13:49:04.536+0000] {dagbag.py:545} INFO - Filling up the DagBag from /home/airflow/.local/lib/python3.12/site-packages/airflow/example_dags/example_skip_dag.py
[2024-07-17T13:49:04.545+0000] {processor.py:840} INFO - DAG(s) 'example_skip_dag' retrieved from /home/airflow/.local/lib/python3.12/site-packages/airflow/example_dags/example_skip_dag.py
[2024-07-17T13:49:04.573+0000] {logging_mixin.py:188} INFO - [2024-07-17T13:49:04.573+0000] {dag.py:3096} INFO - Sync 1 DAGs
[2024-07-17T13:49:04.604+0000] {logging_mixin.py:188} INFO - [2024-07-17T13:49:04.603+0000] {dag.py:3954} INFO - Setting next_dagrun for example_skip_dag to 2024-07-16 00:00:00+00:00, run_after=2024-07-17 00:00:00+00:00
[2024-07-17T13:49:04.628+0000] {processor.py:183} INFO - Processing /home/airflow/.local/lib/python3.12/site-packages/airflow/example_dags/example_skip_dag.py took 0.104 seconds
[2024-07-17T13:49:34.792+0000] {processor.py:161} INFO - Started process (PID=1024) to work on /home/airflow/.local/lib/python3.12/site-packages/airflow/example_dags/example_skip_dag.py
[2024-07-17T13:49:34.793+0000] {processor.py:830} INFO - Processing file /home/airflow/.local/lib/python3.12/site-packages/airflow/example_dags/example_skip_dag.py for tasks to queue
[2024-07-17T13:49:34.796+0000] {logging_mixin.py:188} INFO - [2024-07-17T13:49:34.795+0000] {dagbag.py:545} INFO - Filling up the DagBag from /home/airflow/.local/lib/python3.12/site-packages/airflow/example_dags/example_skip_dag.py
[2024-07-17T13:49:34.804+0000] {processor.py:840} INFO - DAG(s) 'example_skip_dag' retrieved from /home/airflow/.local/lib/python3.12/site-packages/airflow/example_dags/example_skip_dag.py
[2024-07-17T13:49:34.834+0000] {logging_mixin.py:188} INFO - [2024-07-17T13:49:34.833+0000] {dag.py:3096} INFO - Sync 1 DAGs
[2024-07-17T13:49:34.864+0000] {logging_mixin.py:188} INFO - [2024-07-17T13:49:34.864+0000] {dag.py:3954} INFO - Setting next_dagrun for example_skip_dag to 2024-07-16 00:00:00+00:00, run_after=2024-07-17 00:00:00+00:00
[2024-07-17T13:49:34.892+0000] {processor.py:183} INFO - Processing /home/airflow/.local/lib/python3.12/site-packages/airflow/example_dags/example_skip_dag.py took 0.107 seconds
[2024-07-17T13:50:05.016+0000] {processor.py:161} INFO - Started process (PID=1084) to work on /home/airflow/.local/lib/python3.12/site-packages/airflow/example_dags/example_skip_dag.py
[2024-07-17T13:50:05.017+0000] {processor.py:830} INFO - Processing file /home/airflow/.local/lib/python3.12/site-packages/airflow/example_dags/example_skip_dag.py for tasks to queue
[2024-07-17T13:50:05.019+0000] {logging_mixin.py:188} INFO - [2024-07-17T13:50:05.019+0000] {dagbag.py:545} INFO - Filling up the DagBag from /home/airflow/.local/lib/python3.12/site-packages/airflow/example_dags/example_skip_dag.py
[2024-07-17T13:50:05.028+0000] {processor.py:840} INFO - DAG(s) 'example_skip_dag' retrieved from /home/airflow/.local/lib/python3.12/site-packages/airflow/example_dags/example_skip_dag.py
[2024-07-17T13:50:05.059+0000] {logging_mixin.py:188} INFO - [2024-07-17T13:50:05.058+0000] {dag.py:3096} INFO - Sync 1 DAGs
[2024-07-17T13:50:05.093+0000] {logging_mixin.py:188} INFO - [2024-07-17T13:50:05.092+0000] {dag.py:3954} INFO - Setting next_dagrun for example_skip_dag to 2024-07-16 00:00:00+00:00, run_after=2024-07-17 00:00:00+00:00
[2024-07-17T13:50:05.116+0000] {processor.py:183} INFO - Processing /home/airflow/.local/lib/python3.12/site-packages/airflow/example_dags/example_skip_dag.py took 0.107 seconds
[2024-07-17T13:50:35.602+0000] {processor.py:161} INFO - Started process (PID=1144) to work on /home/airflow/.local/lib/python3.12/site-packages/airflow/example_dags/example_skip_dag.py
[2024-07-17T13:50:35.603+0000] {processor.py:830} INFO - Processing file /home/airflow/.local/lib/python3.12/site-packages/airflow/example_dags/example_skip_dag.py for tasks to queue
[2024-07-17T13:50:35.606+0000] {logging_mixin.py:188} INFO - [2024-07-17T13:50:35.606+0000] {dagbag.py:545} INFO - Filling up the DagBag from /home/airflow/.local/lib/python3.12/site-packages/airflow/example_dags/example_skip_dag.py
[2024-07-17T13:50:35.614+0000] {processor.py:840} INFO - DAG(s) 'example_skip_dag' retrieved from /home/airflow/.local/lib/python3.12/site-packages/airflow/example_dags/example_skip_dag.py
[2024-07-17T13:50:35.648+0000] {logging_mixin.py:188} INFO - [2024-07-17T13:50:35.648+0000] {dag.py:3096} INFO - Sync 1 DAGs
[2024-07-17T13:50:35.679+0000] {logging_mixin.py:188} INFO - [2024-07-17T13:50:35.679+0000] {dag.py:3954} INFO - Setting next_dagrun for example_skip_dag to 2024-07-16 00:00:00+00:00, run_after=2024-07-17 00:00:00+00:00
[2024-07-17T13:50:35.702+0000] {processor.py:183} INFO - Processing /home/airflow/.local/lib/python3.12/site-packages/airflow/example_dags/example_skip_dag.py took 0.107 seconds
[2024-07-17T13:51:32.145+0000] {processor.py:161} INFO - Started process (PID=1179) to work on /home/airflow/.local/lib/python3.12/site-packages/airflow/example_dags/example_skip_dag.py
[2024-07-17T13:51:32.150+0000] {processor.py:830} INFO - Processing file /home/airflow/.local/lib/python3.12/site-packages/airflow/example_dags/example_skip_dag.py for tasks to queue
[2024-07-17T13:51:32.176+0000] {logging_mixin.py:188} INFO - [2024-07-17T13:51:32.175+0000] {dagbag.py:545} INFO - Filling up the DagBag from /home/airflow/.local/lib/python3.12/site-packages/airflow/example_dags/example_skip_dag.py
[2024-07-17T13:51:32.191+0000] {processor.py:840} INFO - DAG(s) 'example_skip_dag' retrieved from /home/airflow/.local/lib/python3.12/site-packages/airflow/example_dags/example_skip_dag.py
[2024-07-17T13:51:32.276+0000] {logging_mixin.py:188} INFO - [2024-07-17T13:51:32.265+0000] {dag.py:3096} INFO - Sync 1 DAGs
[2024-07-17T13:51:32.342+0000] {logging_mixin.py:188} INFO - [2024-07-17T13:51:32.342+0000] {dag.py:3954} INFO - Setting next_dagrun for example_skip_dag to 2024-07-16 00:00:00+00:00, run_after=2024-07-17 00:00:00+00:00
[2024-07-17T13:51:32.392+0000] {processor.py:183} INFO - Processing /home/airflow/.local/lib/python3.12/site-packages/airflow/example_dags/example_skip_dag.py took 0.256 seconds
[2024-07-17T13:52:02.914+0000] {processor.py:161} INFO - Started process (PID=1239) to work on /home/airflow/.local/lib/python3.12/site-packages/airflow/example_dags/example_skip_dag.py
[2024-07-17T13:52:02.915+0000] {processor.py:830} INFO - Processing file /home/airflow/.local/lib/python3.12/site-packages/airflow/example_dags/example_skip_dag.py for tasks to queue
[2024-07-17T13:52:02.917+0000] {logging_mixin.py:188} INFO - [2024-07-17T13:52:02.916+0000] {dagbag.py:545} INFO - Filling up the DagBag from /home/airflow/.local/lib/python3.12/site-packages/airflow/example_dags/example_skip_dag.py
[2024-07-17T13:52:02.924+0000] {processor.py:840} INFO - DAG(s) 'example_skip_dag' retrieved from /home/airflow/.local/lib/python3.12/site-packages/airflow/example_dags/example_skip_dag.py
[2024-07-17T13:52:02.949+0000] {logging_mixin.py:188} INFO - [2024-07-17T13:52:02.949+0000] {dag.py:3096} INFO - Sync 1 DAGs
[2024-07-17T13:52:02.982+0000] {logging_mixin.py:188} INFO - [2024-07-17T13:52:02.982+0000] {dag.py:3954} INFO - Setting next_dagrun for example_skip_dag to 2024-07-16 00:00:00+00:00, run_after=2024-07-17 00:00:00+00:00
[2024-07-17T13:52:03.015+0000] {processor.py:183} INFO - Processing /home/airflow/.local/lib/python3.12/site-packages/airflow/example_dags/example_skip_dag.py took 0.108 seconds
[2024-07-17T13:52:33.529+0000] {processor.py:161} INFO - Started process (PID=1298) to work on /home/airflow/.local/lib/python3.12/site-packages/airflow/example_dags/example_skip_dag.py
[2024-07-17T13:52:33.542+0000] {processor.py:830} INFO - Processing file /home/airflow/.local/lib/python3.12/site-packages/airflow/example_dags/example_skip_dag.py for tasks to queue
[2024-07-17T13:52:33.545+0000] {logging_mixin.py:188} INFO - [2024-07-17T13:52:33.545+0000] {dagbag.py:545} INFO - Filling up the DagBag from /home/airflow/.local/lib/python3.12/site-packages/airflow/example_dags/example_skip_dag.py
[2024-07-17T13:52:33.559+0000] {processor.py:840} INFO - DAG(s) 'example_skip_dag' retrieved from /home/airflow/.local/lib/python3.12/site-packages/airflow/example_dags/example_skip_dag.py
[2024-07-17T13:52:33.597+0000] {logging_mixin.py:188} INFO - [2024-07-17T13:52:33.597+0000] {dag.py:3096} INFO - Sync 1 DAGs
[2024-07-17T13:52:33.652+0000] {logging_mixin.py:188} INFO - [2024-07-17T13:52:33.651+0000] {dag.py:3954} INFO - Setting next_dagrun for example_skip_dag to 2024-07-16 00:00:00+00:00, run_after=2024-07-17 00:00:00+00:00
[2024-07-17T13:52:33.688+0000] {processor.py:183} INFO - Processing /home/airflow/.local/lib/python3.12/site-packages/airflow/example_dags/example_skip_dag.py took 0.170 seconds
[2024-07-17T13:53:04.168+0000] {processor.py:161} INFO - Started process (PID=1359) to work on /home/airflow/.local/lib/python3.12/site-packages/airflow/example_dags/example_skip_dag.py
[2024-07-17T13:53:04.169+0000] {processor.py:830} INFO - Processing file /home/airflow/.local/lib/python3.12/site-packages/airflow/example_dags/example_skip_dag.py for tasks to queue
[2024-07-17T13:53:04.171+0000] {logging_mixin.py:188} INFO - [2024-07-17T13:53:04.171+0000] {dagbag.py:545} INFO - Filling up the DagBag from /home/airflow/.local/lib/python3.12/site-packages/airflow/example_dags/example_skip_dag.py
[2024-07-17T13:53:04.180+0000] {processor.py:840} INFO - DAG(s) 'example_skip_dag' retrieved from /home/airflow/.local/lib/python3.12/site-packages/airflow/example_dags/example_skip_dag.py
[2024-07-17T13:53:04.207+0000] {logging_mixin.py:188} INFO - [2024-07-17T13:53:04.207+0000] {dag.py:3096} INFO - Sync 1 DAGs
[2024-07-17T13:53:04.235+0000] {logging_mixin.py:188} INFO - [2024-07-17T13:53:04.234+0000] {dag.py:3954} INFO - Setting next_dagrun for example_skip_dag to 2024-07-16 00:00:00+00:00, run_after=2024-07-17 00:00:00+00:00
[2024-07-17T13:53:04.265+0000] {processor.py:183} INFO - Processing /home/airflow/.local/lib/python3.12/site-packages/airflow/example_dags/example_skip_dag.py took 0.104 seconds
[2024-07-17T13:53:34.816+0000] {processor.py:161} INFO - Started process (PID=1419) to work on /home/airflow/.local/lib/python3.12/site-packages/airflow/example_dags/example_skip_dag.py
[2024-07-17T13:53:34.820+0000] {processor.py:830} INFO - Processing file /home/airflow/.local/lib/python3.12/site-packages/airflow/example_dags/example_skip_dag.py for tasks to queue
[2024-07-17T13:53:34.823+0000] {logging_mixin.py:188} INFO - [2024-07-17T13:53:34.822+0000] {dagbag.py:545} INFO - Filling up the DagBag from /home/airflow/.local/lib/python3.12/site-packages/airflow/example_dags/example_skip_dag.py
[2024-07-17T13:53:34.832+0000] {processor.py:840} INFO - DAG(s) 'example_skip_dag' retrieved from /home/airflow/.local/lib/python3.12/site-packages/airflow/example_dags/example_skip_dag.py
[2024-07-17T13:53:34.860+0000] {logging_mixin.py:188} INFO - [2024-07-17T13:53:34.859+0000] {dag.py:3096} INFO - Sync 1 DAGs
[2024-07-17T13:53:34.889+0000] {logging_mixin.py:188} INFO - [2024-07-17T13:53:34.888+0000] {dag.py:3954} INFO - Setting next_dagrun for example_skip_dag to 2024-07-16 00:00:00+00:00, run_after=2024-07-17 00:00:00+00:00
[2024-07-17T13:53:34.915+0000] {processor.py:183} INFO - Processing /home/airflow/.local/lib/python3.12/site-packages/airflow/example_dags/example_skip_dag.py took 0.112 seconds
[2024-07-17T13:54:05.127+0000] {processor.py:161} INFO - Started process (PID=1479) to work on /home/airflow/.local/lib/python3.12/site-packages/airflow/example_dags/example_skip_dag.py
[2024-07-17T13:54:05.128+0000] {processor.py:830} INFO - Processing file /home/airflow/.local/lib/python3.12/site-packages/airflow/example_dags/example_skip_dag.py for tasks to queue
[2024-07-17T13:54:05.131+0000] {logging_mixin.py:188} INFO - [2024-07-17T13:54:05.131+0000] {dagbag.py:545} INFO - Filling up the DagBag from /home/airflow/.local/lib/python3.12/site-packages/airflow/example_dags/example_skip_dag.py
[2024-07-17T13:54:05.140+0000] {processor.py:840} INFO - DAG(s) 'example_skip_dag' retrieved from /home/airflow/.local/lib/python3.12/site-packages/airflow/example_dags/example_skip_dag.py
[2024-07-17T13:54:05.175+0000] {logging_mixin.py:188} INFO - [2024-07-17T13:54:05.175+0000] {dag.py:3096} INFO - Sync 1 DAGs
[2024-07-17T13:54:05.207+0000] {logging_mixin.py:188} INFO - [2024-07-17T13:54:05.207+0000] {dag.py:3954} INFO - Setting next_dagrun for example_skip_dag to 2024-07-16 00:00:00+00:00, run_after=2024-07-17 00:00:00+00:00
[2024-07-17T13:54:05.233+0000] {processor.py:183} INFO - Processing /home/airflow/.local/lib/python3.12/site-packages/airflow/example_dags/example_skip_dag.py took 0.114 seconds
[2024-07-17T13:54:36.049+0000] {processor.py:161} INFO - Started process (PID=1539) to work on /home/airflow/.local/lib/python3.12/site-packages/airflow/example_dags/example_skip_dag.py
[2024-07-17T13:54:36.050+0000] {processor.py:830} INFO - Processing file /home/airflow/.local/lib/python3.12/site-packages/airflow/example_dags/example_skip_dag.py for tasks to queue
[2024-07-17T13:54:36.054+0000] {logging_mixin.py:188} INFO - [2024-07-17T13:54:36.053+0000] {dagbag.py:545} INFO - Filling up the DagBag from /home/airflow/.local/lib/python3.12/site-packages/airflow/example_dags/example_skip_dag.py
[2024-07-17T13:54:36.063+0000] {processor.py:840} INFO - DAG(s) 'example_skip_dag' retrieved from /home/airflow/.local/lib/python3.12/site-packages/airflow/example_dags/example_skip_dag.py
[2024-07-17T13:54:36.094+0000] {logging_mixin.py:188} INFO - [2024-07-17T13:54:36.093+0000] {dag.py:3096} INFO - Sync 1 DAGs
[2024-07-17T13:54:36.128+0000] {logging_mixin.py:188} INFO - [2024-07-17T13:54:36.128+0000] {dag.py:3954} INFO - Setting next_dagrun for example_skip_dag to 2024-07-16 00:00:00+00:00, run_after=2024-07-17 00:00:00+00:00
[2024-07-17T13:54:36.171+0000] {processor.py:183} INFO - Processing /home/airflow/.local/lib/python3.12/site-packages/airflow/example_dags/example_skip_dag.py took 0.129 seconds
[2024-07-17T13:55:07.033+0000] {processor.py:161} INFO - Started process (PID=1599) to work on /home/airflow/.local/lib/python3.12/site-packages/airflow/example_dags/example_skip_dag.py
[2024-07-17T13:55:07.034+0000] {processor.py:830} INFO - Processing file /home/airflow/.local/lib/python3.12/site-packages/airflow/example_dags/example_skip_dag.py for tasks to queue
[2024-07-17T13:55:07.036+0000] {logging_mixin.py:188} INFO - [2024-07-17T13:55:07.035+0000] {dagbag.py:545} INFO - Filling up the DagBag from /home/airflow/.local/lib/python3.12/site-packages/airflow/example_dags/example_skip_dag.py
[2024-07-17T13:55:07.041+0000] {processor.py:840} INFO - DAG(s) 'example_skip_dag' retrieved from /home/airflow/.local/lib/python3.12/site-packages/airflow/example_dags/example_skip_dag.py
[2024-07-17T13:55:07.063+0000] {logging_mixin.py:188} INFO - [2024-07-17T13:55:07.063+0000] {dag.py:3096} INFO - Sync 1 DAGs
[2024-07-17T13:55:07.084+0000] {logging_mixin.py:188} INFO - [2024-07-17T13:55:07.084+0000] {dag.py:3954} INFO - Setting next_dagrun for example_skip_dag to 2024-07-16 00:00:00+00:00, run_after=2024-07-17 00:00:00+00:00
[2024-07-17T13:55:07.104+0000] {processor.py:183} INFO - Processing /home/airflow/.local/lib/python3.12/site-packages/airflow/example_dags/example_skip_dag.py took 0.076 seconds
[2024-07-17T13:55:37.246+0000] {processor.py:161} INFO - Started process (PID=1657) to work on /home/airflow/.local/lib/python3.12/site-packages/airflow/example_dags/example_skip_dag.py
[2024-07-17T13:55:37.247+0000] {processor.py:830} INFO - Processing file /home/airflow/.local/lib/python3.12/site-packages/airflow/example_dags/example_skip_dag.py for tasks to queue
[2024-07-17T13:55:37.249+0000] {logging_mixin.py:188} INFO - [2024-07-17T13:55:37.249+0000] {dagbag.py:545} INFO - Filling up the DagBag from /home/airflow/.local/lib/python3.12/site-packages/airflow/example_dags/example_skip_dag.py
[2024-07-17T13:55:37.257+0000] {processor.py:840} INFO - DAG(s) 'example_skip_dag' retrieved from /home/airflow/.local/lib/python3.12/site-packages/airflow/example_dags/example_skip_dag.py
[2024-07-17T13:55:37.286+0000] {logging_mixin.py:188} INFO - [2024-07-17T13:55:37.286+0000] {dag.py:3096} INFO - Sync 1 DAGs
[2024-07-17T13:55:37.319+0000] {logging_mixin.py:188} INFO - [2024-07-17T13:55:37.318+0000] {dag.py:3954} INFO - Setting next_dagrun for example_skip_dag to 2024-07-16 00:00:00+00:00, run_after=2024-07-17 00:00:00+00:00
[2024-07-17T13:55:37.347+0000] {processor.py:183} INFO - Processing /home/airflow/.local/lib/python3.12/site-packages/airflow/example_dags/example_skip_dag.py took 0.108 seconds
[2024-07-17T13:56:07.638+0000] {processor.py:161} INFO - Started process (PID=1718) to work on /home/airflow/.local/lib/python3.12/site-packages/airflow/example_dags/example_skip_dag.py
[2024-07-17T13:56:07.639+0000] {processor.py:830} INFO - Processing file /home/airflow/.local/lib/python3.12/site-packages/airflow/example_dags/example_skip_dag.py for tasks to queue
[2024-07-17T13:56:07.641+0000] {logging_mixin.py:188} INFO - [2024-07-17T13:56:07.640+0000] {dagbag.py:545} INFO - Filling up the DagBag from /home/airflow/.local/lib/python3.12/site-packages/airflow/example_dags/example_skip_dag.py
[2024-07-17T13:56:07.649+0000] {processor.py:840} INFO - DAG(s) 'example_skip_dag' retrieved from /home/airflow/.local/lib/python3.12/site-packages/airflow/example_dags/example_skip_dag.py
[2024-07-17T13:56:07.671+0000] {logging_mixin.py:188} INFO - [2024-07-17T13:56:07.671+0000] {dag.py:3096} INFO - Sync 1 DAGs
[2024-07-17T13:56:07.698+0000] {logging_mixin.py:188} INFO - [2024-07-17T13:56:07.698+0000] {dag.py:3954} INFO - Setting next_dagrun for example_skip_dag to 2024-07-16 00:00:00+00:00, run_after=2024-07-17 00:00:00+00:00
[2024-07-17T13:56:07.735+0000] {processor.py:183} INFO - Processing /home/airflow/.local/lib/python3.12/site-packages/airflow/example_dags/example_skip_dag.py took 0.104 seconds
[2024-07-17T13:56:38.048+0000] {processor.py:161} INFO - Started process (PID=1778) to work on /home/airflow/.local/lib/python3.12/site-packages/airflow/example_dags/example_skip_dag.py
[2024-07-17T13:56:38.049+0000] {processor.py:830} INFO - Processing file /home/airflow/.local/lib/python3.12/site-packages/airflow/example_dags/example_skip_dag.py for tasks to queue
[2024-07-17T13:56:38.051+0000] {logging_mixin.py:188} INFO - [2024-07-17T13:56:38.051+0000] {dagbag.py:545} INFO - Filling up the DagBag from /home/airflow/.local/lib/python3.12/site-packages/airflow/example_dags/example_skip_dag.py
[2024-07-17T13:56:38.059+0000] {processor.py:840} INFO - DAG(s) 'example_skip_dag' retrieved from /home/airflow/.local/lib/python3.12/site-packages/airflow/example_dags/example_skip_dag.py
[2024-07-17T13:56:38.091+0000] {logging_mixin.py:188} INFO - [2024-07-17T13:56:38.091+0000] {dag.py:3096} INFO - Sync 1 DAGs
[2024-07-17T13:56:38.123+0000] {logging_mixin.py:188} INFO - [2024-07-17T13:56:38.123+0000] {dag.py:3954} INFO - Setting next_dagrun for example_skip_dag to 2024-07-16 00:00:00+00:00, run_after=2024-07-17 00:00:00+00:00
[2024-07-17T13:56:38.154+0000] {processor.py:183} INFO - Processing /home/airflow/.local/lib/python3.12/site-packages/airflow/example_dags/example_skip_dag.py took 0.113 seconds
[2024-07-17T13:57:08.683+0000] {processor.py:161} INFO - Started process (PID=1838) to work on /home/airflow/.local/lib/python3.12/site-packages/airflow/example_dags/example_skip_dag.py
[2024-07-17T13:57:08.684+0000] {processor.py:830} INFO - Processing file /home/airflow/.local/lib/python3.12/site-packages/airflow/example_dags/example_skip_dag.py for tasks to queue
[2024-07-17T13:57:08.686+0000] {logging_mixin.py:188} INFO - [2024-07-17T13:57:08.686+0000] {dagbag.py:545} INFO - Filling up the DagBag from /home/airflow/.local/lib/python3.12/site-packages/airflow/example_dags/example_skip_dag.py
[2024-07-17T13:57:08.695+0000] {processor.py:840} INFO - DAG(s) 'example_skip_dag' retrieved from /home/airflow/.local/lib/python3.12/site-packages/airflow/example_dags/example_skip_dag.py
[2024-07-17T13:57:08.724+0000] {logging_mixin.py:188} INFO - [2024-07-17T13:57:08.724+0000] {dag.py:3096} INFO - Sync 1 DAGs
[2024-07-17T13:57:08.774+0000] {logging_mixin.py:188} INFO - [2024-07-17T13:57:08.774+0000] {dag.py:3954} INFO - Setting next_dagrun for example_skip_dag to 2024-07-16 00:00:00+00:00, run_after=2024-07-17 00:00:00+00:00
[2024-07-17T13:57:08.803+0000] {processor.py:183} INFO - Processing /home/airflow/.local/lib/python3.12/site-packages/airflow/example_dags/example_skip_dag.py took 0.126 seconds
[2024-07-17T13:57:39.902+0000] {processor.py:161} INFO - Started process (PID=1898) to work on /home/airflow/.local/lib/python3.12/site-packages/airflow/example_dags/example_skip_dag.py
[2024-07-17T13:57:39.903+0000] {processor.py:830} INFO - Processing file /home/airflow/.local/lib/python3.12/site-packages/airflow/example_dags/example_skip_dag.py for tasks to queue
[2024-07-17T13:57:39.905+0000] {logging_mixin.py:188} INFO - [2024-07-17T13:57:39.904+0000] {dagbag.py:545} INFO - Filling up the DagBag from /home/airflow/.local/lib/python3.12/site-packages/airflow/example_dags/example_skip_dag.py
[2024-07-17T13:57:39.914+0000] {processor.py:840} INFO - DAG(s) 'example_skip_dag' retrieved from /home/airflow/.local/lib/python3.12/site-packages/airflow/example_dags/example_skip_dag.py
[2024-07-17T13:57:40.109+0000] {logging_mixin.py:188} INFO - [2024-07-17T13:57:40.108+0000] {dag.py:3096} INFO - Sync 1 DAGs
[2024-07-17T13:57:40.138+0000] {logging_mixin.py:188} INFO - [2024-07-17T13:57:40.137+0000] {dag.py:3954} INFO - Setting next_dagrun for example_skip_dag to 2024-07-16 00:00:00+00:00, run_after=2024-07-17 00:00:00+00:00
[2024-07-17T13:57:40.168+0000] {processor.py:183} INFO - Processing /home/airflow/.local/lib/python3.12/site-packages/airflow/example_dags/example_skip_dag.py took 0.274 seconds
[2024-07-17T13:58:10.472+0000] {processor.py:161} INFO - Started process (PID=1959) to work on /home/airflow/.local/lib/python3.12/site-packages/airflow/example_dags/example_skip_dag.py
[2024-07-17T13:58:10.473+0000] {processor.py:830} INFO - Processing file /home/airflow/.local/lib/python3.12/site-packages/airflow/example_dags/example_skip_dag.py for tasks to queue
[2024-07-17T13:58:10.476+0000] {logging_mixin.py:188} INFO - [2024-07-17T13:58:10.475+0000] {dagbag.py:545} INFO - Filling up the DagBag from /home/airflow/.local/lib/python3.12/site-packages/airflow/example_dags/example_skip_dag.py
[2024-07-17T13:58:10.486+0000] {processor.py:840} INFO - DAG(s) 'example_skip_dag' retrieved from /home/airflow/.local/lib/python3.12/site-packages/airflow/example_dags/example_skip_dag.py
[2024-07-17T13:58:10.515+0000] {logging_mixin.py:188} INFO - [2024-07-17T13:58:10.515+0000] {dag.py:3096} INFO - Sync 1 DAGs
[2024-07-17T13:58:10.544+0000] {logging_mixin.py:188} INFO - [2024-07-17T13:58:10.543+0000] {dag.py:3954} INFO - Setting next_dagrun for example_skip_dag to 2024-07-16 00:00:00+00:00, run_after=2024-07-17 00:00:00+00:00
[2024-07-17T13:58:10.575+0000] {processor.py:183} INFO - Processing /home/airflow/.local/lib/python3.12/site-packages/airflow/example_dags/example_skip_dag.py took 0.111 seconds
[2024-07-17T13:58:41.255+0000] {processor.py:161} INFO - Started process (PID=2019) to work on /home/airflow/.local/lib/python3.12/site-packages/airflow/example_dags/example_skip_dag.py
[2024-07-17T13:58:41.256+0000] {processor.py:830} INFO - Processing file /home/airflow/.local/lib/python3.12/site-packages/airflow/example_dags/example_skip_dag.py for tasks to queue
[2024-07-17T13:58:41.260+0000] {logging_mixin.py:188} INFO - [2024-07-17T13:58:41.259+0000] {dagbag.py:545} INFO - Filling up the DagBag from /home/airflow/.local/lib/python3.12/site-packages/airflow/example_dags/example_skip_dag.py
[2024-07-17T13:58:41.269+0000] {processor.py:840} INFO - DAG(s) 'example_skip_dag' retrieved from /home/airflow/.local/lib/python3.12/site-packages/airflow/example_dags/example_skip_dag.py
[2024-07-17T13:58:41.299+0000] {logging_mixin.py:188} INFO - [2024-07-17T13:58:41.298+0000] {dag.py:3096} INFO - Sync 1 DAGs
[2024-07-17T13:58:41.333+0000] {logging_mixin.py:188} INFO - [2024-07-17T13:58:41.332+0000] {dag.py:3954} INFO - Setting next_dagrun for example_skip_dag to 2024-07-16 00:00:00+00:00, run_after=2024-07-17 00:00:00+00:00
[2024-07-17T13:58:41.364+0000] {processor.py:183} INFO - Processing /home/airflow/.local/lib/python3.12/site-packages/airflow/example_dags/example_skip_dag.py took 0.116 seconds
[2024-07-17T13:59:11.871+0000] {processor.py:161} INFO - Started process (PID=2079) to work on /home/airflow/.local/lib/python3.12/site-packages/airflow/example_dags/example_skip_dag.py
[2024-07-17T13:59:11.872+0000] {processor.py:830} INFO - Processing file /home/airflow/.local/lib/python3.12/site-packages/airflow/example_dags/example_skip_dag.py for tasks to queue
[2024-07-17T13:59:11.875+0000] {logging_mixin.py:188} INFO - [2024-07-17T13:59:11.874+0000] {dagbag.py:545} INFO - Filling up the DagBag from /home/airflow/.local/lib/python3.12/site-packages/airflow/example_dags/example_skip_dag.py
[2024-07-17T13:59:11.882+0000] {processor.py:840} INFO - DAG(s) 'example_skip_dag' retrieved from /home/airflow/.local/lib/python3.12/site-packages/airflow/example_dags/example_skip_dag.py
[2024-07-17T13:59:11.907+0000] {logging_mixin.py:188} INFO - [2024-07-17T13:59:11.907+0000] {dag.py:3096} INFO - Sync 1 DAGs
[2024-07-17T13:59:11.938+0000] {logging_mixin.py:188} INFO - [2024-07-17T13:59:11.937+0000] {dag.py:3954} INFO - Setting next_dagrun for example_skip_dag to 2024-07-16 00:00:00+00:00, run_after=2024-07-17 00:00:00+00:00
[2024-07-17T13:59:11.967+0000] {processor.py:183} INFO - Processing /home/airflow/.local/lib/python3.12/site-packages/airflow/example_dags/example_skip_dag.py took 0.104 seconds
[2024-07-17T13:59:42.201+0000] {processor.py:161} INFO - Started process (PID=2139) to work on /home/airflow/.local/lib/python3.12/site-packages/airflow/example_dags/example_skip_dag.py
[2024-07-17T13:59:42.202+0000] {processor.py:830} INFO - Processing file /home/airflow/.local/lib/python3.12/site-packages/airflow/example_dags/example_skip_dag.py for tasks to queue
[2024-07-17T13:59:42.204+0000] {logging_mixin.py:188} INFO - [2024-07-17T13:59:42.204+0000] {dagbag.py:545} INFO - Filling up the DagBag from /home/airflow/.local/lib/python3.12/site-packages/airflow/example_dags/example_skip_dag.py
[2024-07-17T13:59:42.214+0000] {processor.py:840} INFO - DAG(s) 'example_skip_dag' retrieved from /home/airflow/.local/lib/python3.12/site-packages/airflow/example_dags/example_skip_dag.py
[2024-07-17T13:59:42.245+0000] {logging_mixin.py:188} INFO - [2024-07-17T13:59:42.245+0000] {dag.py:3096} INFO - Sync 1 DAGs
[2024-07-17T13:59:42.276+0000] {logging_mixin.py:188} INFO - [2024-07-17T13:59:42.276+0000] {dag.py:3954} INFO - Setting next_dagrun for example_skip_dag to 2024-07-16 00:00:00+00:00, run_after=2024-07-17 00:00:00+00:00
[2024-07-17T13:59:42.309+0000] {processor.py:183} INFO - Processing /home/airflow/.local/lib/python3.12/site-packages/airflow/example_dags/example_skip_dag.py took 0.117 seconds
[2024-07-17T14:00:12.425+0000] {processor.py:161} INFO - Started process (PID=2199) to work on /home/airflow/.local/lib/python3.12/site-packages/airflow/example_dags/example_skip_dag.py
[2024-07-17T14:00:12.427+0000] {processor.py:830} INFO - Processing file /home/airflow/.local/lib/python3.12/site-packages/airflow/example_dags/example_skip_dag.py for tasks to queue
[2024-07-17T14:00:12.428+0000] {logging_mixin.py:188} INFO - [2024-07-17T14:00:12.428+0000] {dagbag.py:545} INFO - Filling up the DagBag from /home/airflow/.local/lib/python3.12/site-packages/airflow/example_dags/example_skip_dag.py
[2024-07-17T14:00:12.434+0000] {processor.py:840} INFO - DAG(s) 'example_skip_dag' retrieved from /home/airflow/.local/lib/python3.12/site-packages/airflow/example_dags/example_skip_dag.py
[2024-07-17T14:00:12.454+0000] {logging_mixin.py:188} INFO - [2024-07-17T14:00:12.454+0000] {dag.py:3096} INFO - Sync 1 DAGs
[2024-07-17T14:00:12.474+0000] {logging_mixin.py:188} INFO - [2024-07-17T14:00:12.474+0000] {dag.py:3954} INFO - Setting next_dagrun for example_skip_dag to 2024-07-16 00:00:00+00:00, run_after=2024-07-17 00:00:00+00:00
[2024-07-17T14:00:12.492+0000] {processor.py:183} INFO - Processing /home/airflow/.local/lib/python3.12/site-packages/airflow/example_dags/example_skip_dag.py took 0.072 seconds
[2024-07-17T14:00:43.081+0000] {processor.py:161} INFO - Started process (PID=2260) to work on /home/airflow/.local/lib/python3.12/site-packages/airflow/example_dags/example_skip_dag.py
[2024-07-17T14:00:43.082+0000] {processor.py:830} INFO - Processing file /home/airflow/.local/lib/python3.12/site-packages/airflow/example_dags/example_skip_dag.py for tasks to queue
[2024-07-17T14:00:43.085+0000] {logging_mixin.py:188} INFO - [2024-07-17T14:00:43.084+0000] {dagbag.py:545} INFO - Filling up the DagBag from /home/airflow/.local/lib/python3.12/site-packages/airflow/example_dags/example_skip_dag.py
[2024-07-17T14:00:43.093+0000] {processor.py:840} INFO - DAG(s) 'example_skip_dag' retrieved from /home/airflow/.local/lib/python3.12/site-packages/airflow/example_dags/example_skip_dag.py
[2024-07-17T14:00:43.124+0000] {logging_mixin.py:188} INFO - [2024-07-17T14:00:43.124+0000] {dag.py:3096} INFO - Sync 1 DAGs
[2024-07-17T14:00:43.160+0000] {logging_mixin.py:188} INFO - [2024-07-17T14:00:43.160+0000] {dag.py:3954} INFO - Setting next_dagrun for example_skip_dag to 2024-07-16 00:00:00+00:00, run_after=2024-07-17 00:00:00+00:00
[2024-07-17T14:00:43.187+0000] {processor.py:183} INFO - Processing /home/airflow/.local/lib/python3.12/site-packages/airflow/example_dags/example_skip_dag.py took 0.115 seconds
[2024-07-17T14:01:13.402+0000] {processor.py:161} INFO - Started process (PID=2320) to work on /home/airflow/.local/lib/python3.12/site-packages/airflow/example_dags/example_skip_dag.py
[2024-07-17T14:01:13.403+0000] {processor.py:830} INFO - Processing file /home/airflow/.local/lib/python3.12/site-packages/airflow/example_dags/example_skip_dag.py for tasks to queue
[2024-07-17T14:01:13.405+0000] {logging_mixin.py:188} INFO - [2024-07-17T14:01:13.405+0000] {dagbag.py:545} INFO - Filling up the DagBag from /home/airflow/.local/lib/python3.12/site-packages/airflow/example_dags/example_skip_dag.py
[2024-07-17T14:01:13.413+0000] {processor.py:840} INFO - DAG(s) 'example_skip_dag' retrieved from /home/airflow/.local/lib/python3.12/site-packages/airflow/example_dags/example_skip_dag.py
[2024-07-17T14:01:13.443+0000] {logging_mixin.py:188} INFO - [2024-07-17T14:01:13.442+0000] {dag.py:3096} INFO - Sync 1 DAGs
[2024-07-17T14:01:13.473+0000] {logging_mixin.py:188} INFO - [2024-07-17T14:01:13.473+0000] {dag.py:3954} INFO - Setting next_dagrun for example_skip_dag to 2024-07-16 00:00:00+00:00, run_after=2024-07-17 00:00:00+00:00
[2024-07-17T14:01:13.504+0000] {processor.py:183} INFO - Processing /home/airflow/.local/lib/python3.12/site-packages/airflow/example_dags/example_skip_dag.py took 0.109 seconds
[2024-07-17T14:01:43.901+0000] {processor.py:161} INFO - Started process (PID=2380) to work on /home/airflow/.local/lib/python3.12/site-packages/airflow/example_dags/example_skip_dag.py
[2024-07-17T14:01:43.902+0000] {processor.py:830} INFO - Processing file /home/airflow/.local/lib/python3.12/site-packages/airflow/example_dags/example_skip_dag.py for tasks to queue
[2024-07-17T14:01:43.904+0000] {logging_mixin.py:188} INFO - [2024-07-17T14:01:43.904+0000] {dagbag.py:545} INFO - Filling up the DagBag from /home/airflow/.local/lib/python3.12/site-packages/airflow/example_dags/example_skip_dag.py
[2024-07-17T14:01:43.913+0000] {processor.py:840} INFO - DAG(s) 'example_skip_dag' retrieved from /home/airflow/.local/lib/python3.12/site-packages/airflow/example_dags/example_skip_dag.py
[2024-07-17T14:01:43.946+0000] {logging_mixin.py:188} INFO - [2024-07-17T14:01:43.945+0000] {dag.py:3096} INFO - Sync 1 DAGs
[2024-07-17T14:01:43.996+0000] {logging_mixin.py:188} INFO - [2024-07-17T14:01:43.993+0000] {dag.py:3954} INFO - Setting next_dagrun for example_skip_dag to 2024-07-16 00:00:00+00:00, run_after=2024-07-17 00:00:00+00:00
[2024-07-17T14:01:44.041+0000] {processor.py:183} INFO - Processing /home/airflow/.local/lib/python3.12/site-packages/airflow/example_dags/example_skip_dag.py took 0.150 seconds
[2024-07-17T14:04:06.521+0000] {processor.py:161} INFO - Started process (PID=2439) to work on /home/airflow/.local/lib/python3.12/site-packages/airflow/example_dags/example_skip_dag.py
[2024-07-17T14:04:06.532+0000] {processor.py:830} INFO - Processing file /home/airflow/.local/lib/python3.12/site-packages/airflow/example_dags/example_skip_dag.py for tasks to queue
[2024-07-17T14:04:06.535+0000] {logging_mixin.py:188} INFO - [2024-07-17T14:04:06.535+0000] {dagbag.py:545} INFO - Filling up the DagBag from /home/airflow/.local/lib/python3.12/site-packages/airflow/example_dags/example_skip_dag.py
[2024-07-17T14:04:06.549+0000] {processor.py:840} INFO - DAG(s) 'example_skip_dag' retrieved from /home/airflow/.local/lib/python3.12/site-packages/airflow/example_dags/example_skip_dag.py
[2024-07-17T14:04:06.594+0000] {logging_mixin.py:188} INFO - [2024-07-17T14:04:06.593+0000] {dag.py:3096} INFO - Sync 1 DAGs
[2024-07-17T14:04:06.643+0000] {logging_mixin.py:188} INFO - [2024-07-17T14:04:06.643+0000] {dag.py:3954} INFO - Setting next_dagrun for example_skip_dag to 2024-07-16 00:00:00+00:00, run_after=2024-07-17 00:00:00+00:00
[2024-07-17T14:04:06.688+0000] {processor.py:183} INFO - Processing /home/airflow/.local/lib/python3.12/site-packages/airflow/example_dags/example_skip_dag.py took 0.176 seconds
[2024-07-17T14:04:37.413+0000] {processor.py:161} INFO - Started process (PID=2500) to work on /home/airflow/.local/lib/python3.12/site-packages/airflow/example_dags/example_skip_dag.py
[2024-07-17T14:04:37.414+0000] {processor.py:830} INFO - Processing file /home/airflow/.local/lib/python3.12/site-packages/airflow/example_dags/example_skip_dag.py for tasks to queue
[2024-07-17T14:04:37.416+0000] {logging_mixin.py:188} INFO - [2024-07-17T14:04:37.416+0000] {dagbag.py:545} INFO - Filling up the DagBag from /home/airflow/.local/lib/python3.12/site-packages/airflow/example_dags/example_skip_dag.py
[2024-07-17T14:04:37.423+0000] {processor.py:840} INFO - DAG(s) 'example_skip_dag' retrieved from /home/airflow/.local/lib/python3.12/site-packages/airflow/example_dags/example_skip_dag.py
[2024-07-17T14:04:37.449+0000] {logging_mixin.py:188} INFO - [2024-07-17T14:04:37.449+0000] {dag.py:3096} INFO - Sync 1 DAGs
[2024-07-17T14:04:37.475+0000] {logging_mixin.py:188} INFO - [2024-07-17T14:04:37.474+0000] {dag.py:3954} INFO - Setting next_dagrun for example_skip_dag to 2024-07-16 00:00:00+00:00, run_after=2024-07-17 00:00:00+00:00
[2024-07-17T14:04:37.495+0000] {processor.py:183} INFO - Processing /home/airflow/.local/lib/python3.12/site-packages/airflow/example_dags/example_skip_dag.py took 0.088 seconds
[2024-07-17T14:05:07.764+0000] {processor.py:161} INFO - Started process (PID=2561) to work on /home/airflow/.local/lib/python3.12/site-packages/airflow/example_dags/example_skip_dag.py
[2024-07-17T14:05:07.765+0000] {processor.py:830} INFO - Processing file /home/airflow/.local/lib/python3.12/site-packages/airflow/example_dags/example_skip_dag.py for tasks to queue
[2024-07-17T14:05:07.767+0000] {logging_mixin.py:188} INFO - [2024-07-17T14:05:07.766+0000] {dagbag.py:545} INFO - Filling up the DagBag from /home/airflow/.local/lib/python3.12/site-packages/airflow/example_dags/example_skip_dag.py
[2024-07-17T14:05:07.772+0000] {processor.py:840} INFO - DAG(s) 'example_skip_dag' retrieved from /home/airflow/.local/lib/python3.12/site-packages/airflow/example_dags/example_skip_dag.py
[2024-07-17T14:05:07.791+0000] {logging_mixin.py:188} INFO - [2024-07-17T14:05:07.791+0000] {dag.py:3096} INFO - Sync 1 DAGs
[2024-07-17T14:05:07.810+0000] {logging_mixin.py:188} INFO - [2024-07-17T14:05:07.810+0000] {dag.py:3954} INFO - Setting next_dagrun for example_skip_dag to 2024-07-16 00:00:00+00:00, run_after=2024-07-17 00:00:00+00:00
[2024-07-17T14:05:07.828+0000] {processor.py:183} INFO - Processing /home/airflow/.local/lib/python3.12/site-packages/airflow/example_dags/example_skip_dag.py took 0.069 seconds
[2024-07-17T14:05:38.367+0000] {processor.py:161} INFO - Started process (PID=2621) to work on /home/airflow/.local/lib/python3.12/site-packages/airflow/example_dags/example_skip_dag.py
[2024-07-17T14:05:38.368+0000] {processor.py:830} INFO - Processing file /home/airflow/.local/lib/python3.12/site-packages/airflow/example_dags/example_skip_dag.py for tasks to queue
[2024-07-17T14:05:38.370+0000] {logging_mixin.py:188} INFO - [2024-07-17T14:05:38.370+0000] {dagbag.py:545} INFO - Filling up the DagBag from /home/airflow/.local/lib/python3.12/site-packages/airflow/example_dags/example_skip_dag.py
[2024-07-17T14:05:38.378+0000] {processor.py:840} INFO - DAG(s) 'example_skip_dag' retrieved from /home/airflow/.local/lib/python3.12/site-packages/airflow/example_dags/example_skip_dag.py
[2024-07-17T14:05:38.400+0000] {logging_mixin.py:188} INFO - [2024-07-17T14:05:38.399+0000] {dag.py:3096} INFO - Sync 1 DAGs
[2024-07-17T14:05:38.427+0000] {logging_mixin.py:188} INFO - [2024-07-17T14:05:38.426+0000] {dag.py:3954} INFO - Setting next_dagrun for example_skip_dag to 2024-07-16 00:00:00+00:00, run_after=2024-07-17 00:00:00+00:00
[2024-07-17T14:05:38.449+0000] {processor.py:183} INFO - Processing /home/airflow/.local/lib/python3.12/site-packages/airflow/example_dags/example_skip_dag.py took 0.089 seconds
[2024-07-17T14:06:09.575+0000] {processor.py:161} INFO - Started process (PID=2682) to work on /home/airflow/.local/lib/python3.12/site-packages/airflow/example_dags/example_skip_dag.py
[2024-07-17T14:06:09.577+0000] {processor.py:830} INFO - Processing file /home/airflow/.local/lib/python3.12/site-packages/airflow/example_dags/example_skip_dag.py for tasks to queue
[2024-07-17T14:06:09.580+0000] {logging_mixin.py:188} INFO - [2024-07-17T14:06:09.579+0000] {dagbag.py:545} INFO - Filling up the DagBag from /home/airflow/.local/lib/python3.12/site-packages/airflow/example_dags/example_skip_dag.py
[2024-07-17T14:06:09.598+0000] {processor.py:840} INFO - DAG(s) 'example_skip_dag' retrieved from /home/airflow/.local/lib/python3.12/site-packages/airflow/example_dags/example_skip_dag.py
[2024-07-17T14:06:09.646+0000] {logging_mixin.py:188} INFO - [2024-07-17T14:06:09.646+0000] {dag.py:3096} INFO - Sync 1 DAGs
[2024-07-17T14:06:09.698+0000] {logging_mixin.py:188} INFO - [2024-07-17T14:06:09.697+0000] {dag.py:3954} INFO - Setting next_dagrun for example_skip_dag to 2024-07-16 00:00:00+00:00, run_after=2024-07-17 00:00:00+00:00
[2024-07-17T14:06:09.740+0000] {processor.py:183} INFO - Processing /home/airflow/.local/lib/python3.12/site-packages/airflow/example_dags/example_skip_dag.py took 0.180 seconds
[2024-07-17T14:06:40.524+0000] {processor.py:161} INFO - Started process (PID=2742) to work on /home/airflow/.local/lib/python3.12/site-packages/airflow/example_dags/example_skip_dag.py
[2024-07-17T14:06:40.525+0000] {processor.py:830} INFO - Processing file /home/airflow/.local/lib/python3.12/site-packages/airflow/example_dags/example_skip_dag.py for tasks to queue
[2024-07-17T14:06:40.529+0000] {logging_mixin.py:188} INFO - [2024-07-17T14:06:40.528+0000] {dagbag.py:545} INFO - Filling up the DagBag from /home/airflow/.local/lib/python3.12/site-packages/airflow/example_dags/example_skip_dag.py
[2024-07-17T14:06:40.543+0000] {processor.py:840} INFO - DAG(s) 'example_skip_dag' retrieved from /home/airflow/.local/lib/python3.12/site-packages/airflow/example_dags/example_skip_dag.py
[2024-07-17T14:06:40.596+0000] {logging_mixin.py:188} INFO - [2024-07-17T14:06:40.595+0000] {dag.py:3096} INFO - Sync 1 DAGs
[2024-07-17T14:06:40.639+0000] {logging_mixin.py:188} INFO - [2024-07-17T14:06:40.639+0000] {dag.py:3954} INFO - Setting next_dagrun for example_skip_dag to 2024-07-16 00:00:00+00:00, run_after=2024-07-17 00:00:00+00:00
[2024-07-17T14:06:40.677+0000] {processor.py:183} INFO - Processing /home/airflow/.local/lib/python3.12/site-packages/airflow/example_dags/example_skip_dag.py took 0.165 seconds
[2024-07-17T14:07:11.306+0000] {processor.py:161} INFO - Started process (PID=2802) to work on /home/airflow/.local/lib/python3.12/site-packages/airflow/example_dags/example_skip_dag.py
[2024-07-17T14:07:11.308+0000] {processor.py:830} INFO - Processing file /home/airflow/.local/lib/python3.12/site-packages/airflow/example_dags/example_skip_dag.py for tasks to queue
[2024-07-17T14:07:11.311+0000] {logging_mixin.py:188} INFO - [2024-07-17T14:07:11.311+0000] {dagbag.py:545} INFO - Filling up the DagBag from /home/airflow/.local/lib/python3.12/site-packages/airflow/example_dags/example_skip_dag.py
[2024-07-17T14:07:11.323+0000] {processor.py:840} INFO - DAG(s) 'example_skip_dag' retrieved from /home/airflow/.local/lib/python3.12/site-packages/airflow/example_dags/example_skip_dag.py
[2024-07-17T14:07:11.367+0000] {logging_mixin.py:188} INFO - [2024-07-17T14:07:11.366+0000] {dag.py:3096} INFO - Sync 1 DAGs
[2024-07-17T14:07:11.413+0000] {logging_mixin.py:188} INFO - [2024-07-17T14:07:11.412+0000] {dag.py:3954} INFO - Setting next_dagrun for example_skip_dag to 2024-07-16 00:00:00+00:00, run_after=2024-07-17 00:00:00+00:00
[2024-07-17T14:07:11.449+0000] {processor.py:183} INFO - Processing /home/airflow/.local/lib/python3.12/site-packages/airflow/example_dags/example_skip_dag.py took 0.153 seconds
[2024-07-17T14:07:41.936+0000] {processor.py:161} INFO - Started process (PID=2862) to work on /home/airflow/.local/lib/python3.12/site-packages/airflow/example_dags/example_skip_dag.py
[2024-07-17T14:07:41.939+0000] {processor.py:830} INFO - Processing file /home/airflow/.local/lib/python3.12/site-packages/airflow/example_dags/example_skip_dag.py for tasks to queue
[2024-07-17T14:07:41.944+0000] {logging_mixin.py:188} INFO - [2024-07-17T14:07:41.943+0000] {dagbag.py:545} INFO - Filling up the DagBag from /home/airflow/.local/lib/python3.12/site-packages/airflow/example_dags/example_skip_dag.py
[2024-07-17T14:07:41.962+0000] {processor.py:840} INFO - DAG(s) 'example_skip_dag' retrieved from /home/airflow/.local/lib/python3.12/site-packages/airflow/example_dags/example_skip_dag.py
[2024-07-17T14:07:42.034+0000] {logging_mixin.py:188} INFO - [2024-07-17T14:07:42.034+0000] {dag.py:3096} INFO - Sync 1 DAGs
[2024-07-17T14:07:42.098+0000] {logging_mixin.py:188} INFO - [2024-07-17T14:07:42.097+0000] {dag.py:3954} INFO - Setting next_dagrun for example_skip_dag to 2024-07-16 00:00:00+00:00, run_after=2024-07-17 00:00:00+00:00
[2024-07-17T14:07:42.155+0000] {processor.py:183} INFO - Processing /home/airflow/.local/lib/python3.12/site-packages/airflow/example_dags/example_skip_dag.py took 0.233 seconds
[2024-07-17T14:08:12.672+0000] {processor.py:161} INFO - Started process (PID=2922) to work on /home/airflow/.local/lib/python3.12/site-packages/airflow/example_dags/example_skip_dag.py
[2024-07-17T14:08:12.674+0000] {processor.py:830} INFO - Processing file /home/airflow/.local/lib/python3.12/site-packages/airflow/example_dags/example_skip_dag.py for tasks to queue
[2024-07-17T14:08:12.678+0000] {logging_mixin.py:188} INFO - [2024-07-17T14:08:12.677+0000] {dagbag.py:545} INFO - Filling up the DagBag from /home/airflow/.local/lib/python3.12/site-packages/airflow/example_dags/example_skip_dag.py
[2024-07-17T14:08:12.692+0000] {processor.py:840} INFO - DAG(s) 'example_skip_dag' retrieved from /home/airflow/.local/lib/python3.12/site-packages/airflow/example_dags/example_skip_dag.py
[2024-07-17T14:08:12.733+0000] {logging_mixin.py:188} INFO - [2024-07-17T14:08:12.733+0000] {dag.py:3096} INFO - Sync 1 DAGs
[2024-07-17T14:08:12.777+0000] {logging_mixin.py:188} INFO - [2024-07-17T14:08:12.777+0000] {dag.py:3954} INFO - Setting next_dagrun for example_skip_dag to 2024-07-16 00:00:00+00:00, run_after=2024-07-17 00:00:00+00:00
[2024-07-17T14:08:12.906+0000] {processor.py:183} INFO - Processing /home/airflow/.local/lib/python3.12/site-packages/airflow/example_dags/example_skip_dag.py took 0.245 seconds
[2024-07-17T14:08:43.625+0000] {processor.py:161} INFO - Started process (PID=2981) to work on /home/airflow/.local/lib/python3.12/site-packages/airflow/example_dags/example_skip_dag.py
[2024-07-17T14:08:43.627+0000] {processor.py:830} INFO - Processing file /home/airflow/.local/lib/python3.12/site-packages/airflow/example_dags/example_skip_dag.py for tasks to queue
[2024-07-17T14:08:43.632+0000] {logging_mixin.py:188} INFO - [2024-07-17T14:08:43.631+0000] {dagbag.py:545} INFO - Filling up the DagBag from /home/airflow/.local/lib/python3.12/site-packages/airflow/example_dags/example_skip_dag.py
[2024-07-17T14:08:43.645+0000] {processor.py:840} INFO - DAG(s) 'example_skip_dag' retrieved from /home/airflow/.local/lib/python3.12/site-packages/airflow/example_dags/example_skip_dag.py
[2024-07-17T14:08:43.701+0000] {logging_mixin.py:188} INFO - [2024-07-17T14:08:43.701+0000] {dag.py:3096} INFO - Sync 1 DAGs
[2024-07-17T14:08:43.758+0000] {logging_mixin.py:188} INFO - [2024-07-17T14:08:43.757+0000] {dag.py:3954} INFO - Setting next_dagrun for example_skip_dag to 2024-07-16 00:00:00+00:00, run_after=2024-07-17 00:00:00+00:00
[2024-07-17T14:08:43.803+0000] {processor.py:183} INFO - Processing /home/airflow/.local/lib/python3.12/site-packages/airflow/example_dags/example_skip_dag.py took 0.191 seconds
[2024-07-17T14:09:13.895+0000] {processor.py:161} INFO - Started process (PID=3041) to work on /home/airflow/.local/lib/python3.12/site-packages/airflow/example_dags/example_skip_dag.py
[2024-07-17T14:09:13.896+0000] {processor.py:830} INFO - Processing file /home/airflow/.local/lib/python3.12/site-packages/airflow/example_dags/example_skip_dag.py for tasks to queue
[2024-07-17T14:09:13.900+0000] {logging_mixin.py:188} INFO - [2024-07-17T14:09:13.899+0000] {dagbag.py:545} INFO - Filling up the DagBag from /home/airflow/.local/lib/python3.12/site-packages/airflow/example_dags/example_skip_dag.py
[2024-07-17T14:09:13.912+0000] {processor.py:840} INFO - DAG(s) 'example_skip_dag' retrieved from /home/airflow/.local/lib/python3.12/site-packages/airflow/example_dags/example_skip_dag.py
[2024-07-17T14:09:13.958+0000] {logging_mixin.py:188} INFO - [2024-07-17T14:09:13.958+0000] {dag.py:3096} INFO - Sync 1 DAGs
[2024-07-17T14:09:14.008+0000] {logging_mixin.py:188} INFO - [2024-07-17T14:09:14.008+0000] {dag.py:3954} INFO - Setting next_dagrun for example_skip_dag to 2024-07-16 00:00:00+00:00, run_after=2024-07-17 00:00:00+00:00
[2024-07-17T14:09:14.065+0000] {processor.py:183} INFO - Processing /home/airflow/.local/lib/python3.12/site-packages/airflow/example_dags/example_skip_dag.py took 0.181 seconds
[2024-07-17T14:09:44.663+0000] {processor.py:161} INFO - Started process (PID=3101) to work on /home/airflow/.local/lib/python3.12/site-packages/airflow/example_dags/example_skip_dag.py
[2024-07-17T14:09:44.665+0000] {processor.py:830} INFO - Processing file /home/airflow/.local/lib/python3.12/site-packages/airflow/example_dags/example_skip_dag.py for tasks to queue
[2024-07-17T14:09:44.670+0000] {logging_mixin.py:188} INFO - [2024-07-17T14:09:44.669+0000] {dagbag.py:545} INFO - Filling up the DagBag from /home/airflow/.local/lib/python3.12/site-packages/airflow/example_dags/example_skip_dag.py
[2024-07-17T14:09:44.684+0000] {processor.py:840} INFO - DAG(s) 'example_skip_dag' retrieved from /home/airflow/.local/lib/python3.12/site-packages/airflow/example_dags/example_skip_dag.py
[2024-07-17T14:09:44.739+0000] {logging_mixin.py:188} INFO - [2024-07-17T14:09:44.739+0000] {dag.py:3096} INFO - Sync 1 DAGs
[2024-07-17T14:09:44.823+0000] {logging_mixin.py:188} INFO - [2024-07-17T14:09:44.823+0000] {dag.py:3954} INFO - Setting next_dagrun for example_skip_dag to 2024-07-16 00:00:00+00:00, run_after=2024-07-17 00:00:00+00:00
[2024-07-17T14:09:44.865+0000] {processor.py:183} INFO - Processing /home/airflow/.local/lib/python3.12/site-packages/airflow/example_dags/example_skip_dag.py took 0.215 seconds
[2024-07-17T14:10:15.021+0000] {processor.py:161} INFO - Started process (PID=3160) to work on /home/airflow/.local/lib/python3.12/site-packages/airflow/example_dags/example_skip_dag.py
[2024-07-17T14:10:15.023+0000] {processor.py:830} INFO - Processing file /home/airflow/.local/lib/python3.12/site-packages/airflow/example_dags/example_skip_dag.py for tasks to queue
[2024-07-17T14:10:15.027+0000] {logging_mixin.py:188} INFO - [2024-07-17T14:10:15.026+0000] {dagbag.py:545} INFO - Filling up the DagBag from /home/airflow/.local/lib/python3.12/site-packages/airflow/example_dags/example_skip_dag.py
[2024-07-17T14:10:15.044+0000] {processor.py:840} INFO - DAG(s) 'example_skip_dag' retrieved from /home/airflow/.local/lib/python3.12/site-packages/airflow/example_dags/example_skip_dag.py
[2024-07-17T14:10:15.090+0000] {logging_mixin.py:188} INFO - [2024-07-17T14:10:15.090+0000] {dag.py:3096} INFO - Sync 1 DAGs
[2024-07-17T14:10:15.139+0000] {logging_mixin.py:188} INFO - [2024-07-17T14:10:15.139+0000] {dag.py:3954} INFO - Setting next_dagrun for example_skip_dag to 2024-07-16 00:00:00+00:00, run_after=2024-07-17 00:00:00+00:00
[2024-07-17T14:10:15.179+0000] {processor.py:183} INFO - Processing /home/airflow/.local/lib/python3.12/site-packages/airflow/example_dags/example_skip_dag.py took 0.171 seconds
[2024-07-17T14:10:45.463+0000] {processor.py:161} INFO - Started process (PID=3219) to work on /home/airflow/.local/lib/python3.12/site-packages/airflow/example_dags/example_skip_dag.py
[2024-07-17T14:10:45.465+0000] {processor.py:830} INFO - Processing file /home/airflow/.local/lib/python3.12/site-packages/airflow/example_dags/example_skip_dag.py for tasks to queue
[2024-07-17T14:10:45.469+0000] {logging_mixin.py:188} INFO - [2024-07-17T14:10:45.468+0000] {dagbag.py:545} INFO - Filling up the DagBag from /home/airflow/.local/lib/python3.12/site-packages/airflow/example_dags/example_skip_dag.py
[2024-07-17T14:10:45.482+0000] {processor.py:840} INFO - DAG(s) 'example_skip_dag' retrieved from /home/airflow/.local/lib/python3.12/site-packages/airflow/example_dags/example_skip_dag.py
[2024-07-17T14:10:45.530+0000] {logging_mixin.py:188} INFO - [2024-07-17T14:10:45.530+0000] {dag.py:3096} INFO - Sync 1 DAGs
[2024-07-17T14:10:45.594+0000] {logging_mixin.py:188} INFO - [2024-07-17T14:10:45.593+0000] {dag.py:3954} INFO - Setting next_dagrun for example_skip_dag to 2024-07-16 00:00:00+00:00, run_after=2024-07-17 00:00:00+00:00
[2024-07-17T14:10:45.661+0000] {processor.py:183} INFO - Processing /home/airflow/.local/lib/python3.12/site-packages/airflow/example_dags/example_skip_dag.py took 0.211 seconds
[2024-07-17T14:11:16.034+0000] {processor.py:161} INFO - Started process (PID=3279) to work on /home/airflow/.local/lib/python3.12/site-packages/airflow/example_dags/example_skip_dag.py
[2024-07-17T14:11:16.036+0000] {processor.py:830} INFO - Processing file /home/airflow/.local/lib/python3.12/site-packages/airflow/example_dags/example_skip_dag.py for tasks to queue
[2024-07-17T14:11:16.040+0000] {logging_mixin.py:188} INFO - [2024-07-17T14:11:16.039+0000] {dagbag.py:545} INFO - Filling up the DagBag from /home/airflow/.local/lib/python3.12/site-packages/airflow/example_dags/example_skip_dag.py
[2024-07-17T14:11:16.052+0000] {processor.py:840} INFO - DAG(s) 'example_skip_dag' retrieved from /home/airflow/.local/lib/python3.12/site-packages/airflow/example_dags/example_skip_dag.py
[2024-07-17T14:11:16.095+0000] {logging_mixin.py:188} INFO - [2024-07-17T14:11:16.094+0000] {dag.py:3096} INFO - Sync 1 DAGs
[2024-07-17T14:11:16.147+0000] {logging_mixin.py:188} INFO - [2024-07-17T14:11:16.147+0000] {dag.py:3954} INFO - Setting next_dagrun for example_skip_dag to 2024-07-16 00:00:00+00:00, run_after=2024-07-17 00:00:00+00:00
[2024-07-17T14:11:16.186+0000] {processor.py:183} INFO - Processing /home/airflow/.local/lib/python3.12/site-packages/airflow/example_dags/example_skip_dag.py took 0.166 seconds
[2024-07-17T14:11:47.161+0000] {processor.py:161} INFO - Started process (PID=3339) to work on /home/airflow/.local/lib/python3.12/site-packages/airflow/example_dags/example_skip_dag.py
[2024-07-17T14:11:47.163+0000] {processor.py:830} INFO - Processing file /home/airflow/.local/lib/python3.12/site-packages/airflow/example_dags/example_skip_dag.py for tasks to queue
[2024-07-17T14:11:47.168+0000] {logging_mixin.py:188} INFO - [2024-07-17T14:11:47.167+0000] {dagbag.py:545} INFO - Filling up the DagBag from /home/airflow/.local/lib/python3.12/site-packages/airflow/example_dags/example_skip_dag.py
[2024-07-17T14:11:47.185+0000] {processor.py:840} INFO - DAG(s) 'example_skip_dag' retrieved from /home/airflow/.local/lib/python3.12/site-packages/airflow/example_dags/example_skip_dag.py
[2024-07-17T14:11:47.249+0000] {logging_mixin.py:188} INFO - [2024-07-17T14:11:47.248+0000] {dag.py:3096} INFO - Sync 1 DAGs
[2024-07-17T14:11:47.315+0000] {logging_mixin.py:188} INFO - [2024-07-17T14:11:47.314+0000] {dag.py:3954} INFO - Setting next_dagrun for example_skip_dag to 2024-07-16 00:00:00+00:00, run_after=2024-07-17 00:00:00+00:00
[2024-07-17T14:11:47.354+0000] {processor.py:183} INFO - Processing /home/airflow/.local/lib/python3.12/site-packages/airflow/example_dags/example_skip_dag.py took 0.207 seconds
