[2024-07-17T10:31:45.908+0000] {processor.py:161} INFO - Started process (PID=37) to work on /home/airflow/.local/lib/python3.12/site-packages/airflow/example_dags/example_branch_labels.py
[2024-07-17T10:31:45.909+0000] {processor.py:830} INFO - Processing file /home/airflow/.local/lib/python3.12/site-packages/airflow/example_dags/example_branch_labels.py for tasks to queue
[2024-07-17T10:31:45.911+0000] {logging_mixin.py:188} INFO - [2024-07-17T10:31:45.911+0000] {dagbag.py:545} INFO - Filling up the DagBag from /home/airflow/.local/lib/python3.12/site-packages/airflow/example_dags/example_branch_labels.py
[2024-07-17T10:31:45.934+0000] {processor.py:840} INFO - DAG(s) 'example_branch_labels' retrieved from /home/airflow/.local/lib/python3.12/site-packages/airflow/example_dags/example_branch_labels.py
[2024-07-17T10:31:45.976+0000] {logging_mixin.py:188} INFO - [2024-07-17T10:31:45.975+0000] {dag.py:3096} INFO - Sync 1 DAGs
[2024-07-17T10:31:46.065+0000] {logging_mixin.py:188} INFO - [2024-07-17T10:31:46.065+0000] {dag.py:3954} INFO - Setting next_dagrun for example_branch_labels to 2024-07-16 00:00:00+00:00, run_after=2024-07-17 00:00:00+00:00
[2024-07-17T10:31:46.093+0000] {processor.py:183} INFO - Processing /home/airflow/.local/lib/python3.12/site-packages/airflow/example_dags/example_branch_labels.py took 0.193 seconds
[2024-07-17T10:32:16.974+0000] {processor.py:161} INFO - Started process (PID=95) to work on /home/airflow/.local/lib/python3.12/site-packages/airflow/example_dags/example_branch_labels.py
[2024-07-17T10:32:16.976+0000] {processor.py:830} INFO - Processing file /home/airflow/.local/lib/python3.12/site-packages/airflow/example_dags/example_branch_labels.py for tasks to queue
[2024-07-17T10:32:16.980+0000] {logging_mixin.py:188} INFO - [2024-07-17T10:32:16.979+0000] {dagbag.py:545} INFO - Filling up the DagBag from /home/airflow/.local/lib/python3.12/site-packages/airflow/example_dags/example_branch_labels.py
[2024-07-17T10:32:16.993+0000] {processor.py:840} INFO - DAG(s) 'example_branch_labels' retrieved from /home/airflow/.local/lib/python3.12/site-packages/airflow/example_dags/example_branch_labels.py
[2024-07-17T10:32:17.015+0000] {logging_mixin.py:188} INFO - [2024-07-17T10:32:17.014+0000] {dag.py:3096} INFO - Sync 1 DAGs
[2024-07-17T10:32:17.056+0000] {logging_mixin.py:188} INFO - [2024-07-17T10:32:17.055+0000] {dag.py:3954} INFO - Setting next_dagrun for example_branch_labels to 2024-07-16 00:00:00+00:00, run_after=2024-07-17 00:00:00+00:00
[2024-07-17T10:32:17.085+0000] {processor.py:183} INFO - Processing /home/airflow/.local/lib/python3.12/site-packages/airflow/example_dags/example_branch_labels.py took 0.119 seconds
[2024-07-17T10:32:47.643+0000] {processor.py:161} INFO - Started process (PID=155) to work on /home/airflow/.local/lib/python3.12/site-packages/airflow/example_dags/example_branch_labels.py
[2024-07-17T10:32:47.644+0000] {processor.py:830} INFO - Processing file /home/airflow/.local/lib/python3.12/site-packages/airflow/example_dags/example_branch_labels.py for tasks to queue
[2024-07-17T10:32:47.647+0000] {logging_mixin.py:188} INFO - [2024-07-17T10:32:47.646+0000] {dagbag.py:545} INFO - Filling up the DagBag from /home/airflow/.local/lib/python3.12/site-packages/airflow/example_dags/example_branch_labels.py
[2024-07-17T10:32:47.656+0000] {processor.py:840} INFO - DAG(s) 'example_branch_labels' retrieved from /home/airflow/.local/lib/python3.12/site-packages/airflow/example_dags/example_branch_labels.py
[2024-07-17T10:32:47.863+0000] {logging_mixin.py:188} INFO - [2024-07-17T10:32:47.863+0000] {dag.py:3096} INFO - Sync 1 DAGs
[2024-07-17T10:32:47.927+0000] {logging_mixin.py:188} INFO - [2024-07-17T10:32:47.926+0000] {dag.py:3954} INFO - Setting next_dagrun for example_branch_labels to 2024-07-16 00:00:00+00:00, run_after=2024-07-17 00:00:00+00:00
[2024-07-17T10:32:47.963+0000] {processor.py:183} INFO - Processing /home/airflow/.local/lib/python3.12/site-packages/airflow/example_dags/example_branch_labels.py took 0.326 seconds
[2024-07-17T10:33:18.124+0000] {processor.py:161} INFO - Started process (PID=215) to work on /home/airflow/.local/lib/python3.12/site-packages/airflow/example_dags/example_branch_labels.py
[2024-07-17T10:33:18.126+0000] {processor.py:830} INFO - Processing file /home/airflow/.local/lib/python3.12/site-packages/airflow/example_dags/example_branch_labels.py for tasks to queue
[2024-07-17T10:33:18.128+0000] {logging_mixin.py:188} INFO - [2024-07-17T10:33:18.128+0000] {dagbag.py:545} INFO - Filling up the DagBag from /home/airflow/.local/lib/python3.12/site-packages/airflow/example_dags/example_branch_labels.py
[2024-07-17T10:33:18.139+0000] {processor.py:840} INFO - DAG(s) 'example_branch_labels' retrieved from /home/airflow/.local/lib/python3.12/site-packages/airflow/example_dags/example_branch_labels.py
[2024-07-17T10:33:18.170+0000] {logging_mixin.py:188} INFO - [2024-07-17T10:33:18.170+0000] {dag.py:3096} INFO - Sync 1 DAGs
[2024-07-17T10:33:18.205+0000] {logging_mixin.py:188} INFO - [2024-07-17T10:33:18.205+0000] {dag.py:3954} INFO - Setting next_dagrun for example_branch_labels to 2024-07-16 00:00:00+00:00, run_after=2024-07-17 00:00:00+00:00
[2024-07-17T10:33:18.237+0000] {processor.py:183} INFO - Processing /home/airflow/.local/lib/python3.12/site-packages/airflow/example_dags/example_branch_labels.py took 0.119 seconds
[2024-07-17T10:33:48.403+0000] {processor.py:161} INFO - Started process (PID=276) to work on /home/airflow/.local/lib/python3.12/site-packages/airflow/example_dags/example_branch_labels.py
[2024-07-17T10:33:48.404+0000] {processor.py:830} INFO - Processing file /home/airflow/.local/lib/python3.12/site-packages/airflow/example_dags/example_branch_labels.py for tasks to queue
[2024-07-17T10:33:48.406+0000] {logging_mixin.py:188} INFO - [2024-07-17T10:33:48.406+0000] {dagbag.py:545} INFO - Filling up the DagBag from /home/airflow/.local/lib/python3.12/site-packages/airflow/example_dags/example_branch_labels.py
[2024-07-17T10:33:48.413+0000] {processor.py:840} INFO - DAG(s) 'example_branch_labels' retrieved from /home/airflow/.local/lib/python3.12/site-packages/airflow/example_dags/example_branch_labels.py
[2024-07-17T10:33:48.437+0000] {logging_mixin.py:188} INFO - [2024-07-17T10:33:48.437+0000] {dag.py:3096} INFO - Sync 1 DAGs
[2024-07-17T10:33:48.470+0000] {logging_mixin.py:188} INFO - [2024-07-17T10:33:48.470+0000] {dag.py:3954} INFO - Setting next_dagrun for example_branch_labels to 2024-07-16 00:00:00+00:00, run_after=2024-07-17 00:00:00+00:00
[2024-07-17T10:33:48.499+0000] {processor.py:183} INFO - Processing /home/airflow/.local/lib/python3.12/site-packages/airflow/example_dags/example_branch_labels.py took 0.101 seconds
[2024-07-17T10:34:18.616+0000] {processor.py:161} INFO - Started process (PID=335) to work on /home/airflow/.local/lib/python3.12/site-packages/airflow/example_dags/example_branch_labels.py
[2024-07-17T10:34:18.617+0000] {processor.py:830} INFO - Processing file /home/airflow/.local/lib/python3.12/site-packages/airflow/example_dags/example_branch_labels.py for tasks to queue
[2024-07-17T10:34:18.619+0000] {logging_mixin.py:188} INFO - [2024-07-17T10:34:18.619+0000] {dagbag.py:545} INFO - Filling up the DagBag from /home/airflow/.local/lib/python3.12/site-packages/airflow/example_dags/example_branch_labels.py
[2024-07-17T10:34:18.629+0000] {processor.py:840} INFO - DAG(s) 'example_branch_labels' retrieved from /home/airflow/.local/lib/python3.12/site-packages/airflow/example_dags/example_branch_labels.py
[2024-07-17T10:34:18.656+0000] {logging_mixin.py:188} INFO - [2024-07-17T10:34:18.656+0000] {dag.py:3096} INFO - Sync 1 DAGs
[2024-07-17T10:34:18.690+0000] {logging_mixin.py:188} INFO - [2024-07-17T10:34:18.690+0000] {dag.py:3954} INFO - Setting next_dagrun for example_branch_labels to 2024-07-16 00:00:00+00:00, run_after=2024-07-17 00:00:00+00:00
[2024-07-17T10:34:18.715+0000] {processor.py:183} INFO - Processing /home/airflow/.local/lib/python3.12/site-packages/airflow/example_dags/example_branch_labels.py took 0.104 seconds
[2024-07-17T10:34:48.921+0000] {processor.py:161} INFO - Started process (PID=395) to work on /home/airflow/.local/lib/python3.12/site-packages/airflow/example_dags/example_branch_labels.py
[2024-07-17T10:34:48.931+0000] {processor.py:830} INFO - Processing file /home/airflow/.local/lib/python3.12/site-packages/airflow/example_dags/example_branch_labels.py for tasks to queue
[2024-07-17T10:34:48.935+0000] {logging_mixin.py:188} INFO - [2024-07-17T10:34:48.934+0000] {dagbag.py:545} INFO - Filling up the DagBag from /home/airflow/.local/lib/python3.12/site-packages/airflow/example_dags/example_branch_labels.py
[2024-07-17T10:34:48.955+0000] {processor.py:840} INFO - DAG(s) 'example_branch_labels' retrieved from /home/airflow/.local/lib/python3.12/site-packages/airflow/example_dags/example_branch_labels.py
[2024-07-17T10:34:48.997+0000] {logging_mixin.py:188} INFO - [2024-07-17T10:34:48.997+0000] {dag.py:3096} INFO - Sync 1 DAGs
[2024-07-17T10:34:49.034+0000] {logging_mixin.py:188} INFO - [2024-07-17T10:34:49.033+0000] {dag.py:3954} INFO - Setting next_dagrun for example_branch_labels to 2024-07-16 00:00:00+00:00, run_after=2024-07-17 00:00:00+00:00
[2024-07-17T10:34:49.066+0000] {processor.py:183} INFO - Processing /home/airflow/.local/lib/python3.12/site-packages/airflow/example_dags/example_branch_labels.py took 0.153 seconds
[2024-07-17T10:35:19.246+0000] {processor.py:161} INFO - Started process (PID=455) to work on /home/airflow/.local/lib/python3.12/site-packages/airflow/example_dags/example_branch_labels.py
[2024-07-17T10:35:19.248+0000] {processor.py:830} INFO - Processing file /home/airflow/.local/lib/python3.12/site-packages/airflow/example_dags/example_branch_labels.py for tasks to queue
[2024-07-17T10:35:19.251+0000] {logging_mixin.py:188} INFO - [2024-07-17T10:35:19.250+0000] {dagbag.py:545} INFO - Filling up the DagBag from /home/airflow/.local/lib/python3.12/site-packages/airflow/example_dags/example_branch_labels.py
[2024-07-17T10:35:19.267+0000] {processor.py:840} INFO - DAG(s) 'example_branch_labels' retrieved from /home/airflow/.local/lib/python3.12/site-packages/airflow/example_dags/example_branch_labels.py
[2024-07-17T10:35:19.315+0000] {logging_mixin.py:188} INFO - [2024-07-17T10:35:19.314+0000] {dag.py:3096} INFO - Sync 1 DAGs
[2024-07-17T10:35:19.396+0000] {logging_mixin.py:188} INFO - [2024-07-17T10:35:19.396+0000] {dag.py:3954} INFO - Setting next_dagrun for example_branch_labels to 2024-07-16 00:00:00+00:00, run_after=2024-07-17 00:00:00+00:00
[2024-07-17T10:35:19.431+0000] {processor.py:183} INFO - Processing /home/airflow/.local/lib/python3.12/site-packages/airflow/example_dags/example_branch_labels.py took 0.200 seconds
[2024-07-17T10:35:49.586+0000] {processor.py:161} INFO - Started process (PID=516) to work on /home/airflow/.local/lib/python3.12/site-packages/airflow/example_dags/example_branch_labels.py
[2024-07-17T10:35:49.587+0000] {processor.py:830} INFO - Processing file /home/airflow/.local/lib/python3.12/site-packages/airflow/example_dags/example_branch_labels.py for tasks to queue
[2024-07-17T10:35:49.590+0000] {logging_mixin.py:188} INFO - [2024-07-17T10:35:49.589+0000] {dagbag.py:545} INFO - Filling up the DagBag from /home/airflow/.local/lib/python3.12/site-packages/airflow/example_dags/example_branch_labels.py
[2024-07-17T10:35:49.604+0000] {processor.py:840} INFO - DAG(s) 'example_branch_labels' retrieved from /home/airflow/.local/lib/python3.12/site-packages/airflow/example_dags/example_branch_labels.py
[2024-07-17T10:35:49.636+0000] {logging_mixin.py:188} INFO - [2024-07-17T10:35:49.636+0000] {dag.py:3096} INFO - Sync 1 DAGs
[2024-07-17T10:35:49.669+0000] {logging_mixin.py:188} INFO - [2024-07-17T10:35:49.669+0000] {dag.py:3954} INFO - Setting next_dagrun for example_branch_labels to 2024-07-16 00:00:00+00:00, run_after=2024-07-17 00:00:00+00:00
[2024-07-17T10:35:49.691+0000] {processor.py:183} INFO - Processing /home/airflow/.local/lib/python3.12/site-packages/airflow/example_dags/example_branch_labels.py took 0.115 seconds
[2024-07-17T10:36:19.737+0000] {processor.py:161} INFO - Started process (PID=575) to work on /home/airflow/.local/lib/python3.12/site-packages/airflow/example_dags/example_branch_labels.py
[2024-07-17T10:36:19.738+0000] {processor.py:830} INFO - Processing file /home/airflow/.local/lib/python3.12/site-packages/airflow/example_dags/example_branch_labels.py for tasks to queue
[2024-07-17T10:36:19.740+0000] {logging_mixin.py:188} INFO - [2024-07-17T10:36:19.740+0000] {dagbag.py:545} INFO - Filling up the DagBag from /home/airflow/.local/lib/python3.12/site-packages/airflow/example_dags/example_branch_labels.py
[2024-07-17T10:36:19.751+0000] {processor.py:840} INFO - DAG(s) 'example_branch_labels' retrieved from /home/airflow/.local/lib/python3.12/site-packages/airflow/example_dags/example_branch_labels.py
[2024-07-17T10:36:19.778+0000] {logging_mixin.py:188} INFO - [2024-07-17T10:36:19.777+0000] {dag.py:3096} INFO - Sync 1 DAGs
[2024-07-17T10:36:19.811+0000] {logging_mixin.py:188} INFO - [2024-07-17T10:36:19.811+0000] {dag.py:3954} INFO - Setting next_dagrun for example_branch_labels to 2024-07-16 00:00:00+00:00, run_after=2024-07-17 00:00:00+00:00
[2024-07-17T10:36:19.838+0000] {processor.py:183} INFO - Processing /home/airflow/.local/lib/python3.12/site-packages/airflow/example_dags/example_branch_labels.py took 0.106 seconds
[2024-07-17T13:41:15.859+0000] {processor.py:161} INFO - Started process (PID=37) to work on /home/airflow/.local/lib/python3.12/site-packages/airflow/example_dags/example_branch_labels.py
[2024-07-17T13:41:15.861+0000] {processor.py:830} INFO - Processing file /home/airflow/.local/lib/python3.12/site-packages/airflow/example_dags/example_branch_labels.py for tasks to queue
[2024-07-17T13:41:15.863+0000] {logging_mixin.py:188} INFO - [2024-07-17T13:41:15.863+0000] {dagbag.py:545} INFO - Filling up the DagBag from /home/airflow/.local/lib/python3.12/site-packages/airflow/example_dags/example_branch_labels.py
[2024-07-17T13:41:15.881+0000] {processor.py:840} INFO - DAG(s) 'example_branch_labels' retrieved from /home/airflow/.local/lib/python3.12/site-packages/airflow/example_dags/example_branch_labels.py
[2024-07-17T13:41:15.897+0000] {logging_mixin.py:188} INFO - [2024-07-17T13:41:15.897+0000] {dag.py:3096} INFO - Sync 1 DAGs
[2024-07-17T13:41:15.942+0000] {logging_mixin.py:188} INFO - [2024-07-17T13:41:15.941+0000] {dag.py:3954} INFO - Setting next_dagrun for example_branch_labels to 2024-07-16 00:00:00+00:00, run_after=2024-07-17 00:00:00+00:00
[2024-07-17T13:41:15.974+0000] {processor.py:183} INFO - Processing /home/airflow/.local/lib/python3.12/site-packages/airflow/example_dags/example_branch_labels.py took 0.120 seconds
[2024-07-17T13:41:46.324+0000] {processor.py:161} INFO - Started process (PID=95) to work on /home/airflow/.local/lib/python3.12/site-packages/airflow/example_dags/example_branch_labels.py
[2024-07-17T13:41:46.325+0000] {processor.py:830} INFO - Processing file /home/airflow/.local/lib/python3.12/site-packages/airflow/example_dags/example_branch_labels.py for tasks to queue
[2024-07-17T13:41:46.327+0000] {logging_mixin.py:188} INFO - [2024-07-17T13:41:46.326+0000] {dagbag.py:545} INFO - Filling up the DagBag from /home/airflow/.local/lib/python3.12/site-packages/airflow/example_dags/example_branch_labels.py
[2024-07-17T13:41:46.337+0000] {processor.py:840} INFO - DAG(s) 'example_branch_labels' retrieved from /home/airflow/.local/lib/python3.12/site-packages/airflow/example_dags/example_branch_labels.py
[2024-07-17T13:41:46.461+0000] {logging_mixin.py:188} INFO - [2024-07-17T13:41:46.461+0000] {dag.py:3096} INFO - Sync 1 DAGs
[2024-07-17T13:41:46.485+0000] {logging_mixin.py:188} INFO - [2024-07-17T13:41:46.485+0000] {dag.py:3954} INFO - Setting next_dagrun for example_branch_labels to 2024-07-16 00:00:00+00:00, run_after=2024-07-17 00:00:00+00:00
[2024-07-17T13:41:46.505+0000] {processor.py:183} INFO - Processing /home/airflow/.local/lib/python3.12/site-packages/airflow/example_dags/example_branch_labels.py took 0.187 seconds
[2024-07-17T13:42:16.686+0000] {processor.py:161} INFO - Started process (PID=155) to work on /home/airflow/.local/lib/python3.12/site-packages/airflow/example_dags/example_branch_labels.py
[2024-07-17T13:42:16.687+0000] {processor.py:830} INFO - Processing file /home/airflow/.local/lib/python3.12/site-packages/airflow/example_dags/example_branch_labels.py for tasks to queue
[2024-07-17T13:42:16.690+0000] {logging_mixin.py:188} INFO - [2024-07-17T13:42:16.689+0000] {dagbag.py:545} INFO - Filling up the DagBag from /home/airflow/.local/lib/python3.12/site-packages/airflow/example_dags/example_branch_labels.py
[2024-07-17T13:42:16.702+0000] {processor.py:840} INFO - DAG(s) 'example_branch_labels' retrieved from /home/airflow/.local/lib/python3.12/site-packages/airflow/example_dags/example_branch_labels.py
[2024-07-17T13:42:16.737+0000] {logging_mixin.py:188} INFO - [2024-07-17T13:42:16.737+0000] {dag.py:3096} INFO - Sync 1 DAGs
[2024-07-17T13:42:16.784+0000] {logging_mixin.py:188} INFO - [2024-07-17T13:42:16.783+0000] {dag.py:3954} INFO - Setting next_dagrun for example_branch_labels to 2024-07-16 00:00:00+00:00, run_after=2024-07-17 00:00:00+00:00
[2024-07-17T13:42:16.809+0000] {processor.py:183} INFO - Processing /home/airflow/.local/lib/python3.12/site-packages/airflow/example_dags/example_branch_labels.py took 0.131 seconds
[2024-07-17T13:42:46.964+0000] {processor.py:161} INFO - Started process (PID=215) to work on /home/airflow/.local/lib/python3.12/site-packages/airflow/example_dags/example_branch_labels.py
[2024-07-17T13:42:46.965+0000] {processor.py:830} INFO - Processing file /home/airflow/.local/lib/python3.12/site-packages/airflow/example_dags/example_branch_labels.py for tasks to queue
[2024-07-17T13:42:46.967+0000] {logging_mixin.py:188} INFO - [2024-07-17T13:42:46.967+0000] {dagbag.py:545} INFO - Filling up the DagBag from /home/airflow/.local/lib/python3.12/site-packages/airflow/example_dags/example_branch_labels.py
[2024-07-17T13:42:46.978+0000] {processor.py:840} INFO - DAG(s) 'example_branch_labels' retrieved from /home/airflow/.local/lib/python3.12/site-packages/airflow/example_dags/example_branch_labels.py
[2024-07-17T13:42:47.003+0000] {logging_mixin.py:188} INFO - [2024-07-17T13:42:47.003+0000] {dag.py:3096} INFO - Sync 1 DAGs
[2024-07-17T13:42:47.026+0000] {logging_mixin.py:188} INFO - [2024-07-17T13:42:47.025+0000] {dag.py:3954} INFO - Setting next_dagrun for example_branch_labels to 2024-07-16 00:00:00+00:00, run_after=2024-07-17 00:00:00+00:00
[2024-07-17T13:42:47.049+0000] {processor.py:183} INFO - Processing /home/airflow/.local/lib/python3.12/site-packages/airflow/example_dags/example_branch_labels.py took 0.093 seconds
[2024-07-17T13:43:17.516+0000] {processor.py:161} INFO - Started process (PID=275) to work on /home/airflow/.local/lib/python3.12/site-packages/airflow/example_dags/example_branch_labels.py
[2024-07-17T13:43:17.517+0000] {processor.py:830} INFO - Processing file /home/airflow/.local/lib/python3.12/site-packages/airflow/example_dags/example_branch_labels.py for tasks to queue
[2024-07-17T13:43:17.519+0000] {logging_mixin.py:188} INFO - [2024-07-17T13:43:17.518+0000] {dagbag.py:545} INFO - Filling up the DagBag from /home/airflow/.local/lib/python3.12/site-packages/airflow/example_dags/example_branch_labels.py
[2024-07-17T13:43:17.528+0000] {processor.py:840} INFO - DAG(s) 'example_branch_labels' retrieved from /home/airflow/.local/lib/python3.12/site-packages/airflow/example_dags/example_branch_labels.py
[2024-07-17T13:43:17.554+0000] {logging_mixin.py:188} INFO - [2024-07-17T13:43:17.554+0000] {dag.py:3096} INFO - Sync 1 DAGs
[2024-07-17T13:43:17.581+0000] {logging_mixin.py:188} INFO - [2024-07-17T13:43:17.580+0000] {dag.py:3954} INFO - Setting next_dagrun for example_branch_labels to 2024-07-16 00:00:00+00:00, run_after=2024-07-17 00:00:00+00:00
[2024-07-17T13:43:17.602+0000] {processor.py:183} INFO - Processing /home/airflow/.local/lib/python3.12/site-packages/airflow/example_dags/example_branch_labels.py took 0.093 seconds
[2024-07-17T13:43:47.918+0000] {processor.py:161} INFO - Started process (PID=335) to work on /home/airflow/.local/lib/python3.12/site-packages/airflow/example_dags/example_branch_labels.py
[2024-07-17T13:43:47.919+0000] {processor.py:830} INFO - Processing file /home/airflow/.local/lib/python3.12/site-packages/airflow/example_dags/example_branch_labels.py for tasks to queue
[2024-07-17T13:43:47.921+0000] {logging_mixin.py:188} INFO - [2024-07-17T13:43:47.921+0000] {dagbag.py:545} INFO - Filling up the DagBag from /home/airflow/.local/lib/python3.12/site-packages/airflow/example_dags/example_branch_labels.py
[2024-07-17T13:43:47.929+0000] {processor.py:840} INFO - DAG(s) 'example_branch_labels' retrieved from /home/airflow/.local/lib/python3.12/site-packages/airflow/example_dags/example_branch_labels.py
[2024-07-17T13:43:47.952+0000] {logging_mixin.py:188} INFO - [2024-07-17T13:43:47.952+0000] {dag.py:3096} INFO - Sync 1 DAGs
[2024-07-17T13:43:47.982+0000] {logging_mixin.py:188} INFO - [2024-07-17T13:43:47.981+0000] {dag.py:3954} INFO - Setting next_dagrun for example_branch_labels to 2024-07-16 00:00:00+00:00, run_after=2024-07-17 00:00:00+00:00
[2024-07-17T13:43:48.005+0000] {processor.py:183} INFO - Processing /home/airflow/.local/lib/python3.12/site-packages/airflow/example_dags/example_branch_labels.py took 0.093 seconds
[2024-07-17T13:44:18.070+0000] {processor.py:161} INFO - Started process (PID=395) to work on /home/airflow/.local/lib/python3.12/site-packages/airflow/example_dags/example_branch_labels.py
[2024-07-17T13:44:18.071+0000] {processor.py:830} INFO - Processing file /home/airflow/.local/lib/python3.12/site-packages/airflow/example_dags/example_branch_labels.py for tasks to queue
[2024-07-17T13:44:18.074+0000] {logging_mixin.py:188} INFO - [2024-07-17T13:44:18.074+0000] {dagbag.py:545} INFO - Filling up the DagBag from /home/airflow/.local/lib/python3.12/site-packages/airflow/example_dags/example_branch_labels.py
[2024-07-17T13:44:18.084+0000] {processor.py:840} INFO - DAG(s) 'example_branch_labels' retrieved from /home/airflow/.local/lib/python3.12/site-packages/airflow/example_dags/example_branch_labels.py
[2024-07-17T13:44:18.111+0000] {logging_mixin.py:188} INFO - [2024-07-17T13:44:18.110+0000] {dag.py:3096} INFO - Sync 1 DAGs
[2024-07-17T13:44:18.144+0000] {logging_mixin.py:188} INFO - [2024-07-17T13:44:18.144+0000] {dag.py:3954} INFO - Setting next_dagrun for example_branch_labels to 2024-07-16 00:00:00+00:00, run_after=2024-07-17 00:00:00+00:00
[2024-07-17T13:44:18.168+0000] {processor.py:183} INFO - Processing /home/airflow/.local/lib/python3.12/site-packages/airflow/example_dags/example_branch_labels.py took 0.104 seconds
[2024-07-17T13:44:48.319+0000] {processor.py:161} INFO - Started process (PID=455) to work on /home/airflow/.local/lib/python3.12/site-packages/airflow/example_dags/example_branch_labels.py
[2024-07-17T13:44:48.319+0000] {processor.py:830} INFO - Processing file /home/airflow/.local/lib/python3.12/site-packages/airflow/example_dags/example_branch_labels.py for tasks to queue
[2024-07-17T13:44:48.321+0000] {logging_mixin.py:188} INFO - [2024-07-17T13:44:48.321+0000] {dagbag.py:545} INFO - Filling up the DagBag from /home/airflow/.local/lib/python3.12/site-packages/airflow/example_dags/example_branch_labels.py
[2024-07-17T13:44:48.327+0000] {processor.py:840} INFO - DAG(s) 'example_branch_labels' retrieved from /home/airflow/.local/lib/python3.12/site-packages/airflow/example_dags/example_branch_labels.py
[2024-07-17T13:44:48.348+0000] {logging_mixin.py:188} INFO - [2024-07-17T13:44:48.348+0000] {dag.py:3096} INFO - Sync 1 DAGs
[2024-07-17T13:44:48.370+0000] {logging_mixin.py:188} INFO - [2024-07-17T13:44:48.370+0000] {dag.py:3954} INFO - Setting next_dagrun for example_branch_labels to 2024-07-16 00:00:00+00:00, run_after=2024-07-17 00:00:00+00:00
[2024-07-17T13:44:48.389+0000] {processor.py:183} INFO - Processing /home/airflow/.local/lib/python3.12/site-packages/airflow/example_dags/example_branch_labels.py took 0.075 seconds
[2024-07-17T13:45:18.658+0000] {processor.py:161} INFO - Started process (PID=515) to work on /home/airflow/.local/lib/python3.12/site-packages/airflow/example_dags/example_branch_labels.py
[2024-07-17T13:45:18.659+0000] {processor.py:830} INFO - Processing file /home/airflow/.local/lib/python3.12/site-packages/airflow/example_dags/example_branch_labels.py for tasks to queue
[2024-07-17T13:45:18.662+0000] {logging_mixin.py:188} INFO - [2024-07-17T13:45:18.661+0000] {dagbag.py:545} INFO - Filling up the DagBag from /home/airflow/.local/lib/python3.12/site-packages/airflow/example_dags/example_branch_labels.py
[2024-07-17T13:45:18.671+0000] {processor.py:840} INFO - DAG(s) 'example_branch_labels' retrieved from /home/airflow/.local/lib/python3.12/site-packages/airflow/example_dags/example_branch_labels.py
[2024-07-17T13:45:18.701+0000] {logging_mixin.py:188} INFO - [2024-07-17T13:45:18.701+0000] {dag.py:3096} INFO - Sync 1 DAGs
[2024-07-17T13:45:18.735+0000] {logging_mixin.py:188} INFO - [2024-07-17T13:45:18.734+0000] {dag.py:3954} INFO - Setting next_dagrun for example_branch_labels to 2024-07-16 00:00:00+00:00, run_after=2024-07-17 00:00:00+00:00
[2024-07-17T13:45:18.758+0000] {processor.py:183} INFO - Processing /home/airflow/.local/lib/python3.12/site-packages/airflow/example_dags/example_branch_labels.py took 0.107 seconds
[2024-07-17T13:45:48.864+0000] {processor.py:161} INFO - Started process (PID=575) to work on /home/airflow/.local/lib/python3.12/site-packages/airflow/example_dags/example_branch_labels.py
[2024-07-17T13:45:48.865+0000] {processor.py:830} INFO - Processing file /home/airflow/.local/lib/python3.12/site-packages/airflow/example_dags/example_branch_labels.py for tasks to queue
[2024-07-17T13:45:48.867+0000] {logging_mixin.py:188} INFO - [2024-07-17T13:45:48.866+0000] {dagbag.py:545} INFO - Filling up the DagBag from /home/airflow/.local/lib/python3.12/site-packages/airflow/example_dags/example_branch_labels.py
[2024-07-17T13:45:48.876+0000] {processor.py:840} INFO - DAG(s) 'example_branch_labels' retrieved from /home/airflow/.local/lib/python3.12/site-packages/airflow/example_dags/example_branch_labels.py
[2024-07-17T13:45:48.907+0000] {logging_mixin.py:188} INFO - [2024-07-17T13:45:48.907+0000] {dag.py:3096} INFO - Sync 1 DAGs
[2024-07-17T13:45:48.939+0000] {logging_mixin.py:188} INFO - [2024-07-17T13:45:48.939+0000] {dag.py:3954} INFO - Setting next_dagrun for example_branch_labels to 2024-07-16 00:00:00+00:00, run_after=2024-07-17 00:00:00+00:00
[2024-07-17T13:45:48.970+0000] {processor.py:183} INFO - Processing /home/airflow/.local/lib/python3.12/site-packages/airflow/example_dags/example_branch_labels.py took 0.113 seconds
[2024-07-17T13:46:19.140+0000] {processor.py:161} INFO - Started process (PID=635) to work on /home/airflow/.local/lib/python3.12/site-packages/airflow/example_dags/example_branch_labels.py
[2024-07-17T13:46:19.145+0000] {processor.py:830} INFO - Processing file /home/airflow/.local/lib/python3.12/site-packages/airflow/example_dags/example_branch_labels.py for tasks to queue
[2024-07-17T13:46:19.148+0000] {logging_mixin.py:188} INFO - [2024-07-17T13:46:19.147+0000] {dagbag.py:545} INFO - Filling up the DagBag from /home/airflow/.local/lib/python3.12/site-packages/airflow/example_dags/example_branch_labels.py
[2024-07-17T13:46:19.167+0000] {processor.py:840} INFO - DAG(s) 'example_branch_labels' retrieved from /home/airflow/.local/lib/python3.12/site-packages/airflow/example_dags/example_branch_labels.py
[2024-07-17T13:46:19.200+0000] {logging_mixin.py:188} INFO - [2024-07-17T13:46:19.199+0000] {dag.py:3096} INFO - Sync 1 DAGs
[2024-07-17T13:46:19.237+0000] {logging_mixin.py:188} INFO - [2024-07-17T13:46:19.236+0000] {dag.py:3954} INFO - Setting next_dagrun for example_branch_labels to 2024-07-16 00:00:00+00:00, run_after=2024-07-17 00:00:00+00:00
[2024-07-17T13:46:19.264+0000] {processor.py:183} INFO - Processing /home/airflow/.local/lib/python3.12/site-packages/airflow/example_dags/example_branch_labels.py took 0.132 seconds
[2024-07-17T13:46:49.457+0000] {processor.py:161} INFO - Started process (PID=695) to work on /home/airflow/.local/lib/python3.12/site-packages/airflow/example_dags/example_branch_labels.py
[2024-07-17T13:46:49.458+0000] {processor.py:830} INFO - Processing file /home/airflow/.local/lib/python3.12/site-packages/airflow/example_dags/example_branch_labels.py for tasks to queue
[2024-07-17T13:46:49.460+0000] {logging_mixin.py:188} INFO - [2024-07-17T13:46:49.460+0000] {dagbag.py:545} INFO - Filling up the DagBag from /home/airflow/.local/lib/python3.12/site-packages/airflow/example_dags/example_branch_labels.py
[2024-07-17T13:46:49.468+0000] {processor.py:840} INFO - DAG(s) 'example_branch_labels' retrieved from /home/airflow/.local/lib/python3.12/site-packages/airflow/example_dags/example_branch_labels.py
[2024-07-17T13:46:49.487+0000] {logging_mixin.py:188} INFO - [2024-07-17T13:46:49.487+0000] {dag.py:3096} INFO - Sync 1 DAGs
[2024-07-17T13:46:49.508+0000] {logging_mixin.py:188} INFO - [2024-07-17T13:46:49.508+0000] {dag.py:3954} INFO - Setting next_dagrun for example_branch_labels to 2024-07-16 00:00:00+00:00, run_after=2024-07-17 00:00:00+00:00
[2024-07-17T13:46:49.526+0000] {processor.py:183} INFO - Processing /home/airflow/.local/lib/python3.12/site-packages/airflow/example_dags/example_branch_labels.py took 0.075 seconds
[2024-07-17T13:47:19.803+0000] {processor.py:161} INFO - Started process (PID=755) to work on /home/airflow/.local/lib/python3.12/site-packages/airflow/example_dags/example_branch_labels.py
[2024-07-17T13:47:19.804+0000] {processor.py:830} INFO - Processing file /home/airflow/.local/lib/python3.12/site-packages/airflow/example_dags/example_branch_labels.py for tasks to queue
[2024-07-17T13:47:19.806+0000] {logging_mixin.py:188} INFO - [2024-07-17T13:47:19.806+0000] {dagbag.py:545} INFO - Filling up the DagBag from /home/airflow/.local/lib/python3.12/site-packages/airflow/example_dags/example_branch_labels.py
[2024-07-17T13:47:19.817+0000] {processor.py:840} INFO - DAG(s) 'example_branch_labels' retrieved from /home/airflow/.local/lib/python3.12/site-packages/airflow/example_dags/example_branch_labels.py
[2024-07-17T13:47:19.846+0000] {logging_mixin.py:188} INFO - [2024-07-17T13:47:19.846+0000] {dag.py:3096} INFO - Sync 1 DAGs
[2024-07-17T13:47:19.879+0000] {logging_mixin.py:188} INFO - [2024-07-17T13:47:19.878+0000] {dag.py:3954} INFO - Setting next_dagrun for example_branch_labels to 2024-07-16 00:00:00+00:00, run_after=2024-07-17 00:00:00+00:00
[2024-07-17T13:47:19.907+0000] {processor.py:183} INFO - Processing /home/airflow/.local/lib/python3.12/site-packages/airflow/example_dags/example_branch_labels.py took 0.111 seconds
[2024-07-17T13:47:50.302+0000] {processor.py:161} INFO - Started process (PID=815) to work on /home/airflow/.local/lib/python3.12/site-packages/airflow/example_dags/example_branch_labels.py
[2024-07-17T13:47:50.304+0000] {processor.py:830} INFO - Processing file /home/airflow/.local/lib/python3.12/site-packages/airflow/example_dags/example_branch_labels.py for tasks to queue
[2024-07-17T13:47:50.306+0000] {logging_mixin.py:188} INFO - [2024-07-17T13:47:50.306+0000] {dagbag.py:545} INFO - Filling up the DagBag from /home/airflow/.local/lib/python3.12/site-packages/airflow/example_dags/example_branch_labels.py
[2024-07-17T13:47:50.315+0000] {processor.py:840} INFO - DAG(s) 'example_branch_labels' retrieved from /home/airflow/.local/lib/python3.12/site-packages/airflow/example_dags/example_branch_labels.py
[2024-07-17T13:47:50.344+0000] {logging_mixin.py:188} INFO - [2024-07-17T13:47:50.344+0000] {dag.py:3096} INFO - Sync 1 DAGs
[2024-07-17T13:47:50.377+0000] {logging_mixin.py:188} INFO - [2024-07-17T13:47:50.376+0000] {dag.py:3954} INFO - Setting next_dagrun for example_branch_labels to 2024-07-16 00:00:00+00:00, run_after=2024-07-17 00:00:00+00:00
[2024-07-17T13:47:50.401+0000] {processor.py:183} INFO - Processing /home/airflow/.local/lib/python3.12/site-packages/airflow/example_dags/example_branch_labels.py took 0.106 seconds
[2024-07-17T13:48:20.618+0000] {processor.py:161} INFO - Started process (PID=875) to work on /home/airflow/.local/lib/python3.12/site-packages/airflow/example_dags/example_branch_labels.py
[2024-07-17T13:48:20.619+0000] {processor.py:830} INFO - Processing file /home/airflow/.local/lib/python3.12/site-packages/airflow/example_dags/example_branch_labels.py for tasks to queue
[2024-07-17T13:48:20.620+0000] {logging_mixin.py:188} INFO - [2024-07-17T13:48:20.620+0000] {dagbag.py:545} INFO - Filling up the DagBag from /home/airflow/.local/lib/python3.12/site-packages/airflow/example_dags/example_branch_labels.py
[2024-07-17T13:48:20.626+0000] {processor.py:840} INFO - DAG(s) 'example_branch_labels' retrieved from /home/airflow/.local/lib/python3.12/site-packages/airflow/example_dags/example_branch_labels.py
[2024-07-17T13:48:20.646+0000] {logging_mixin.py:188} INFO - [2024-07-17T13:48:20.646+0000] {dag.py:3096} INFO - Sync 1 DAGs
[2024-07-17T13:48:20.666+0000] {logging_mixin.py:188} INFO - [2024-07-17T13:48:20.666+0000] {dag.py:3954} INFO - Setting next_dagrun for example_branch_labels to 2024-07-16 00:00:00+00:00, run_after=2024-07-17 00:00:00+00:00
[2024-07-17T13:48:20.688+0000] {processor.py:183} INFO - Processing /home/airflow/.local/lib/python3.12/site-packages/airflow/example_dags/example_branch_labels.py took 0.075 seconds
[2024-07-17T13:48:50.853+0000] {processor.py:161} INFO - Started process (PID=935) to work on /home/airflow/.local/lib/python3.12/site-packages/airflow/example_dags/example_branch_labels.py
[2024-07-17T13:48:50.854+0000] {processor.py:830} INFO - Processing file /home/airflow/.local/lib/python3.12/site-packages/airflow/example_dags/example_branch_labels.py for tasks to queue
[2024-07-17T13:48:50.856+0000] {logging_mixin.py:188} INFO - [2024-07-17T13:48:50.855+0000] {dagbag.py:545} INFO - Filling up the DagBag from /home/airflow/.local/lib/python3.12/site-packages/airflow/example_dags/example_branch_labels.py
[2024-07-17T13:48:50.863+0000] {processor.py:840} INFO - DAG(s) 'example_branch_labels' retrieved from /home/airflow/.local/lib/python3.12/site-packages/airflow/example_dags/example_branch_labels.py
[2024-07-17T13:48:50.885+0000] {logging_mixin.py:188} INFO - [2024-07-17T13:48:50.884+0000] {dag.py:3096} INFO - Sync 1 DAGs
[2024-07-17T13:48:50.907+0000] {logging_mixin.py:188} INFO - [2024-07-17T13:48:50.907+0000] {dag.py:3954} INFO - Setting next_dagrun for example_branch_labels to 2024-07-16 00:00:00+00:00, run_after=2024-07-17 00:00:00+00:00
[2024-07-17T13:48:50.928+0000] {processor.py:183} INFO - Processing /home/airflow/.local/lib/python3.12/site-packages/airflow/example_dags/example_branch_labels.py took 0.080 seconds
[2024-07-17T13:49:21.198+0000] {processor.py:161} INFO - Started process (PID=995) to work on /home/airflow/.local/lib/python3.12/site-packages/airflow/example_dags/example_branch_labels.py
[2024-07-17T13:49:21.200+0000] {processor.py:830} INFO - Processing file /home/airflow/.local/lib/python3.12/site-packages/airflow/example_dags/example_branch_labels.py for tasks to queue
[2024-07-17T13:49:21.202+0000] {logging_mixin.py:188} INFO - [2024-07-17T13:49:21.201+0000] {dagbag.py:545} INFO - Filling up the DagBag from /home/airflow/.local/lib/python3.12/site-packages/airflow/example_dags/example_branch_labels.py
[2024-07-17T13:49:21.213+0000] {processor.py:840} INFO - DAG(s) 'example_branch_labels' retrieved from /home/airflow/.local/lib/python3.12/site-packages/airflow/example_dags/example_branch_labels.py
[2024-07-17T13:49:21.245+0000] {logging_mixin.py:188} INFO - [2024-07-17T13:49:21.244+0000] {dag.py:3096} INFO - Sync 1 DAGs
[2024-07-17T13:49:21.281+0000] {logging_mixin.py:188} INFO - [2024-07-17T13:49:21.281+0000] {dag.py:3954} INFO - Setting next_dagrun for example_branch_labels to 2024-07-16 00:00:00+00:00, run_after=2024-07-17 00:00:00+00:00
[2024-07-17T13:49:21.315+0000] {processor.py:183} INFO - Processing /home/airflow/.local/lib/python3.12/site-packages/airflow/example_dags/example_branch_labels.py took 0.124 seconds
[2024-07-17T13:49:51.357+0000] {processor.py:161} INFO - Started process (PID=1055) to work on /home/airflow/.local/lib/python3.12/site-packages/airflow/example_dags/example_branch_labels.py
[2024-07-17T13:49:51.358+0000] {processor.py:830} INFO - Processing file /home/airflow/.local/lib/python3.12/site-packages/airflow/example_dags/example_branch_labels.py for tasks to queue
[2024-07-17T13:49:51.360+0000] {logging_mixin.py:188} INFO - [2024-07-17T13:49:51.360+0000] {dagbag.py:545} INFO - Filling up the DagBag from /home/airflow/.local/lib/python3.12/site-packages/airflow/example_dags/example_branch_labels.py
[2024-07-17T13:49:51.368+0000] {processor.py:840} INFO - DAG(s) 'example_branch_labels' retrieved from /home/airflow/.local/lib/python3.12/site-packages/airflow/example_dags/example_branch_labels.py
[2024-07-17T13:49:51.395+0000] {logging_mixin.py:188} INFO - [2024-07-17T13:49:51.395+0000] {dag.py:3096} INFO - Sync 1 DAGs
[2024-07-17T13:49:51.428+0000] {logging_mixin.py:188} INFO - [2024-07-17T13:49:51.428+0000] {dag.py:3954} INFO - Setting next_dagrun for example_branch_labels to 2024-07-16 00:00:00+00:00, run_after=2024-07-17 00:00:00+00:00
[2024-07-17T13:49:51.452+0000] {processor.py:183} INFO - Processing /home/airflow/.local/lib/python3.12/site-packages/airflow/example_dags/example_branch_labels.py took 0.101 seconds
[2024-07-17T13:50:21.968+0000] {processor.py:161} INFO - Started process (PID=1115) to work on /home/airflow/.local/lib/python3.12/site-packages/airflow/example_dags/example_branch_labels.py
[2024-07-17T13:50:21.969+0000] {processor.py:830} INFO - Processing file /home/airflow/.local/lib/python3.12/site-packages/airflow/example_dags/example_branch_labels.py for tasks to queue
[2024-07-17T13:50:21.972+0000] {logging_mixin.py:188} INFO - [2024-07-17T13:50:21.971+0000] {dagbag.py:545} INFO - Filling up the DagBag from /home/airflow/.local/lib/python3.12/site-packages/airflow/example_dags/example_branch_labels.py
[2024-07-17T13:50:21.981+0000] {processor.py:840} INFO - DAG(s) 'example_branch_labels' retrieved from /home/airflow/.local/lib/python3.12/site-packages/airflow/example_dags/example_branch_labels.py
[2024-07-17T13:50:22.011+0000] {logging_mixin.py:188} INFO - [2024-07-17T13:50:22.010+0000] {dag.py:3096} INFO - Sync 1 DAGs
[2024-07-17T13:50:22.045+0000] {logging_mixin.py:188} INFO - [2024-07-17T13:50:22.045+0000] {dag.py:3954} INFO - Setting next_dagrun for example_branch_labels to 2024-07-16 00:00:00+00:00, run_after=2024-07-17 00:00:00+00:00
[2024-07-17T13:50:22.074+0000] {processor.py:183} INFO - Processing /home/airflow/.local/lib/python3.12/site-packages/airflow/example_dags/example_branch_labels.py took 0.113 seconds
[2024-07-17T13:51:27.868+0000] {processor.py:161} INFO - Started process (PID=1155) to work on /home/airflow/.local/lib/python3.12/site-packages/airflow/example_dags/example_branch_labels.py
[2024-07-17T13:51:27.869+0000] {processor.py:830} INFO - Processing file /home/airflow/.local/lib/python3.12/site-packages/airflow/example_dags/example_branch_labels.py for tasks to queue
[2024-07-17T13:51:27.870+0000] {logging_mixin.py:188} INFO - [2024-07-17T13:51:27.870+0000] {dagbag.py:545} INFO - Filling up the DagBag from /home/airflow/.local/lib/python3.12/site-packages/airflow/example_dags/example_branch_labels.py
[2024-07-17T13:51:27.877+0000] {processor.py:840} INFO - DAG(s) 'example_branch_labels' retrieved from /home/airflow/.local/lib/python3.12/site-packages/airflow/example_dags/example_branch_labels.py
[2024-07-17T13:51:27.899+0000] {logging_mixin.py:188} INFO - [2024-07-17T13:51:27.899+0000] {dag.py:3096} INFO - Sync 1 DAGs
[2024-07-17T13:51:27.933+0000] {logging_mixin.py:188} INFO - [2024-07-17T13:51:27.933+0000] {dag.py:3954} INFO - Setting next_dagrun for example_branch_labels to 2024-07-16 00:00:00+00:00, run_after=2024-07-17 00:00:00+00:00
[2024-07-17T13:51:28.083+0000] {processor.py:183} INFO - Processing /home/airflow/.local/lib/python3.12/site-packages/airflow/example_dags/example_branch_labels.py took 0.220 seconds
[2024-07-17T13:51:58.161+0000] {processor.py:161} INFO - Started process (PID=1213) to work on /home/airflow/.local/lib/python3.12/site-packages/airflow/example_dags/example_branch_labels.py
[2024-07-17T13:51:58.162+0000] {processor.py:830} INFO - Processing file /home/airflow/.local/lib/python3.12/site-packages/airflow/example_dags/example_branch_labels.py for tasks to queue
[2024-07-17T13:51:58.164+0000] {logging_mixin.py:188} INFO - [2024-07-17T13:51:58.164+0000] {dagbag.py:545} INFO - Filling up the DagBag from /home/airflow/.local/lib/python3.12/site-packages/airflow/example_dags/example_branch_labels.py
[2024-07-17T13:51:58.170+0000] {processor.py:840} INFO - DAG(s) 'example_branch_labels' retrieved from /home/airflow/.local/lib/python3.12/site-packages/airflow/example_dags/example_branch_labels.py
[2024-07-17T13:51:58.192+0000] {logging_mixin.py:188} INFO - [2024-07-17T13:51:58.192+0000] {dag.py:3096} INFO - Sync 1 DAGs
[2024-07-17T13:51:58.215+0000] {logging_mixin.py:188} INFO - [2024-07-17T13:51:58.215+0000] {dag.py:3954} INFO - Setting next_dagrun for example_branch_labels to 2024-07-16 00:00:00+00:00, run_after=2024-07-17 00:00:00+00:00
[2024-07-17T13:51:58.235+0000] {processor.py:183} INFO - Processing /home/airflow/.local/lib/python3.12/site-packages/airflow/example_dags/example_branch_labels.py took 0.078 seconds
[2024-07-17T13:52:28.801+0000] {processor.py:161} INFO - Started process (PID=1273) to work on /home/airflow/.local/lib/python3.12/site-packages/airflow/example_dags/example_branch_labels.py
[2024-07-17T13:52:28.802+0000] {processor.py:830} INFO - Processing file /home/airflow/.local/lib/python3.12/site-packages/airflow/example_dags/example_branch_labels.py for tasks to queue
[2024-07-17T13:52:28.805+0000] {logging_mixin.py:188} INFO - [2024-07-17T13:52:28.804+0000] {dagbag.py:545} INFO - Filling up the DagBag from /home/airflow/.local/lib/python3.12/site-packages/airflow/example_dags/example_branch_labels.py
[2024-07-17T13:52:28.816+0000] {processor.py:840} INFO - DAG(s) 'example_branch_labels' retrieved from /home/airflow/.local/lib/python3.12/site-packages/airflow/example_dags/example_branch_labels.py
[2024-07-17T13:52:28.847+0000] {logging_mixin.py:188} INFO - [2024-07-17T13:52:28.847+0000] {dag.py:3096} INFO - Sync 1 DAGs
[2024-07-17T13:52:28.881+0000] {logging_mixin.py:188} INFO - [2024-07-17T13:52:28.880+0000] {dag.py:3954} INFO - Setting next_dagrun for example_branch_labels to 2024-07-16 00:00:00+00:00, run_after=2024-07-17 00:00:00+00:00
[2024-07-17T13:52:28.906+0000] {processor.py:183} INFO - Processing /home/airflow/.local/lib/python3.12/site-packages/airflow/example_dags/example_branch_labels.py took 0.115 seconds
[2024-07-17T13:52:59.123+0000] {processor.py:161} INFO - Started process (PID=1334) to work on /home/airflow/.local/lib/python3.12/site-packages/airflow/example_dags/example_branch_labels.py
[2024-07-17T13:52:59.124+0000] {processor.py:830} INFO - Processing file /home/airflow/.local/lib/python3.12/site-packages/airflow/example_dags/example_branch_labels.py for tasks to queue
[2024-07-17T13:52:59.126+0000] {logging_mixin.py:188} INFO - [2024-07-17T13:52:59.125+0000] {dagbag.py:545} INFO - Filling up the DagBag from /home/airflow/.local/lib/python3.12/site-packages/airflow/example_dags/example_branch_labels.py
[2024-07-17T13:52:59.134+0000] {processor.py:840} INFO - DAG(s) 'example_branch_labels' retrieved from /home/airflow/.local/lib/python3.12/site-packages/airflow/example_dags/example_branch_labels.py
[2024-07-17T13:52:59.165+0000] {logging_mixin.py:188} INFO - [2024-07-17T13:52:59.164+0000] {dag.py:3096} INFO - Sync 1 DAGs
[2024-07-17T13:52:59.195+0000] {logging_mixin.py:188} INFO - [2024-07-17T13:52:59.194+0000] {dag.py:3954} INFO - Setting next_dagrun for example_branch_labels to 2024-07-16 00:00:00+00:00, run_after=2024-07-17 00:00:00+00:00
[2024-07-17T13:52:59.225+0000] {processor.py:183} INFO - Processing /home/airflow/.local/lib/python3.12/site-packages/airflow/example_dags/example_branch_labels.py took 0.107 seconds
[2024-07-17T13:53:29.554+0000] {processor.py:161} INFO - Started process (PID=1394) to work on /home/airflow/.local/lib/python3.12/site-packages/airflow/example_dags/example_branch_labels.py
[2024-07-17T13:53:29.555+0000] {processor.py:830} INFO - Processing file /home/airflow/.local/lib/python3.12/site-packages/airflow/example_dags/example_branch_labels.py for tasks to queue
[2024-07-17T13:53:29.557+0000] {logging_mixin.py:188} INFO - [2024-07-17T13:53:29.556+0000] {dagbag.py:545} INFO - Filling up the DagBag from /home/airflow/.local/lib/python3.12/site-packages/airflow/example_dags/example_branch_labels.py
[2024-07-17T13:53:29.566+0000] {processor.py:840} INFO - DAG(s) 'example_branch_labels' retrieved from /home/airflow/.local/lib/python3.12/site-packages/airflow/example_dags/example_branch_labels.py
[2024-07-17T13:53:29.594+0000] {logging_mixin.py:188} INFO - [2024-07-17T13:53:29.594+0000] {dag.py:3096} INFO - Sync 1 DAGs
[2024-07-17T13:53:29.619+0000] {logging_mixin.py:188} INFO - [2024-07-17T13:53:29.619+0000] {dag.py:3954} INFO - Setting next_dagrun for example_branch_labels to 2024-07-16 00:00:00+00:00, run_after=2024-07-17 00:00:00+00:00
[2024-07-17T13:53:29.640+0000] {processor.py:183} INFO - Processing /home/airflow/.local/lib/python3.12/site-packages/airflow/example_dags/example_branch_labels.py took 0.092 seconds
[2024-07-17T13:53:59.912+0000] {processor.py:161} INFO - Started process (PID=1454) to work on /home/airflow/.local/lib/python3.12/site-packages/airflow/example_dags/example_branch_labels.py
[2024-07-17T13:53:59.913+0000] {processor.py:830} INFO - Processing file /home/airflow/.local/lib/python3.12/site-packages/airflow/example_dags/example_branch_labels.py for tasks to queue
[2024-07-17T13:53:59.916+0000] {logging_mixin.py:188} INFO - [2024-07-17T13:53:59.915+0000] {dagbag.py:545} INFO - Filling up the DagBag from /home/airflow/.local/lib/python3.12/site-packages/airflow/example_dags/example_branch_labels.py
[2024-07-17T13:53:59.929+0000] {processor.py:840} INFO - DAG(s) 'example_branch_labels' retrieved from /home/airflow/.local/lib/python3.12/site-packages/airflow/example_dags/example_branch_labels.py
[2024-07-17T13:53:59.964+0000] {logging_mixin.py:188} INFO - [2024-07-17T13:53:59.963+0000] {dag.py:3096} INFO - Sync 1 DAGs
[2024-07-17T13:54:00.002+0000] {logging_mixin.py:188} INFO - [2024-07-17T13:54:00.002+0000] {dag.py:3954} INFO - Setting next_dagrun for example_branch_labels to 2024-07-16 00:00:00+00:00, run_after=2024-07-17 00:00:00+00:00
[2024-07-17T13:54:00.044+0000] {processor.py:183} INFO - Processing /home/airflow/.local/lib/python3.12/site-packages/airflow/example_dags/example_branch_labels.py took 0.140 seconds
[2024-07-17T13:54:30.559+0000] {processor.py:161} INFO - Started process (PID=1514) to work on /home/airflow/.local/lib/python3.12/site-packages/airflow/example_dags/example_branch_labels.py
[2024-07-17T13:54:30.560+0000] {processor.py:830} INFO - Processing file /home/airflow/.local/lib/python3.12/site-packages/airflow/example_dags/example_branch_labels.py for tasks to queue
[2024-07-17T13:54:30.562+0000] {logging_mixin.py:188} INFO - [2024-07-17T13:54:30.561+0000] {dagbag.py:545} INFO - Filling up the DagBag from /home/airflow/.local/lib/python3.12/site-packages/airflow/example_dags/example_branch_labels.py
[2024-07-17T13:54:30.572+0000] {processor.py:840} INFO - DAG(s) 'example_branch_labels' retrieved from /home/airflow/.local/lib/python3.12/site-packages/airflow/example_dags/example_branch_labels.py
[2024-07-17T13:54:30.605+0000] {logging_mixin.py:188} INFO - [2024-07-17T13:54:30.605+0000] {dag.py:3096} INFO - Sync 1 DAGs
[2024-07-17T13:54:30.634+0000] {logging_mixin.py:188} INFO - [2024-07-17T13:54:30.633+0000] {dag.py:3954} INFO - Setting next_dagrun for example_branch_labels to 2024-07-16 00:00:00+00:00, run_after=2024-07-17 00:00:00+00:00
[2024-07-17T13:54:30.654+0000] {processor.py:183} INFO - Processing /home/airflow/.local/lib/python3.12/site-packages/airflow/example_dags/example_branch_labels.py took 0.102 seconds
[2024-07-17T13:55:01.125+0000] {processor.py:161} INFO - Started process (PID=1574) to work on /home/airflow/.local/lib/python3.12/site-packages/airflow/example_dags/example_branch_labels.py
[2024-07-17T13:55:01.127+0000] {processor.py:830} INFO - Processing file /home/airflow/.local/lib/python3.12/site-packages/airflow/example_dags/example_branch_labels.py for tasks to queue
[2024-07-17T13:55:01.129+0000] {logging_mixin.py:188} INFO - [2024-07-17T13:55:01.129+0000] {dagbag.py:545} INFO - Filling up the DagBag from /home/airflow/.local/lib/python3.12/site-packages/airflow/example_dags/example_branch_labels.py
[2024-07-17T13:55:01.140+0000] {processor.py:840} INFO - DAG(s) 'example_branch_labels' retrieved from /home/airflow/.local/lib/python3.12/site-packages/airflow/example_dags/example_branch_labels.py
[2024-07-17T13:55:01.173+0000] {logging_mixin.py:188} INFO - [2024-07-17T13:55:01.172+0000] {dag.py:3096} INFO - Sync 1 DAGs
[2024-07-17T13:55:01.221+0000] {logging_mixin.py:188} INFO - [2024-07-17T13:55:01.220+0000] {dag.py:3954} INFO - Setting next_dagrun for example_branch_labels to 2024-07-16 00:00:00+00:00, run_after=2024-07-17 00:00:00+00:00
[2024-07-17T13:55:01.248+0000] {processor.py:183} INFO - Processing /home/airflow/.local/lib/python3.12/site-packages/airflow/example_dags/example_branch_labels.py took 0.130 seconds
[2024-07-17T13:55:31.483+0000] {processor.py:161} INFO - Started process (PID=1634) to work on /home/airflow/.local/lib/python3.12/site-packages/airflow/example_dags/example_branch_labels.py
[2024-07-17T13:55:31.484+0000] {processor.py:830} INFO - Processing file /home/airflow/.local/lib/python3.12/site-packages/airflow/example_dags/example_branch_labels.py for tasks to queue
[2024-07-17T13:55:31.486+0000] {logging_mixin.py:188} INFO - [2024-07-17T13:55:31.486+0000] {dagbag.py:545} INFO - Filling up the DagBag from /home/airflow/.local/lib/python3.12/site-packages/airflow/example_dags/example_branch_labels.py
[2024-07-17T13:55:31.492+0000] {processor.py:840} INFO - DAG(s) 'example_branch_labels' retrieved from /home/airflow/.local/lib/python3.12/site-packages/airflow/example_dags/example_branch_labels.py
[2024-07-17T13:55:31.513+0000] {logging_mixin.py:188} INFO - [2024-07-17T13:55:31.513+0000] {dag.py:3096} INFO - Sync 1 DAGs
[2024-07-17T13:55:31.534+0000] {logging_mixin.py:188} INFO - [2024-07-17T13:55:31.533+0000] {dag.py:3954} INFO - Setting next_dagrun for example_branch_labels to 2024-07-16 00:00:00+00:00, run_after=2024-07-17 00:00:00+00:00
[2024-07-17T13:55:31.552+0000] {processor.py:183} INFO - Processing /home/airflow/.local/lib/python3.12/site-packages/airflow/example_dags/example_branch_labels.py took 0.073 seconds
[2024-07-17T13:56:01.909+0000] {processor.py:161} INFO - Started process (PID=1695) to work on /home/airflow/.local/lib/python3.12/site-packages/airflow/example_dags/example_branch_labels.py
[2024-07-17T13:56:01.910+0000] {processor.py:830} INFO - Processing file /home/airflow/.local/lib/python3.12/site-packages/airflow/example_dags/example_branch_labels.py for tasks to queue
[2024-07-17T13:56:01.912+0000] {logging_mixin.py:188} INFO - [2024-07-17T13:56:01.912+0000] {dagbag.py:545} INFO - Filling up the DagBag from /home/airflow/.local/lib/python3.12/site-packages/airflow/example_dags/example_branch_labels.py
[2024-07-17T13:56:01.923+0000] {processor.py:840} INFO - DAG(s) 'example_branch_labels' retrieved from /home/airflow/.local/lib/python3.12/site-packages/airflow/example_dags/example_branch_labels.py
[2024-07-17T13:56:01.954+0000] {logging_mixin.py:188} INFO - [2024-07-17T13:56:01.954+0000] {dag.py:3096} INFO - Sync 1 DAGs
[2024-07-17T13:56:01.990+0000] {logging_mixin.py:188} INFO - [2024-07-17T13:56:01.990+0000] {dag.py:3954} INFO - Setting next_dagrun for example_branch_labels to 2024-07-16 00:00:00+00:00, run_after=2024-07-17 00:00:00+00:00
[2024-07-17T13:56:02.015+0000] {processor.py:183} INFO - Processing /home/airflow/.local/lib/python3.12/site-packages/airflow/example_dags/example_branch_labels.py took 0.114 seconds
[2024-07-17T13:56:32.175+0000] {processor.py:161} INFO - Started process (PID=1755) to work on /home/airflow/.local/lib/python3.12/site-packages/airflow/example_dags/example_branch_labels.py
[2024-07-17T13:56:32.177+0000] {processor.py:830} INFO - Processing file /home/airflow/.local/lib/python3.12/site-packages/airflow/example_dags/example_branch_labels.py for tasks to queue
[2024-07-17T13:56:32.179+0000] {logging_mixin.py:188} INFO - [2024-07-17T13:56:32.179+0000] {dagbag.py:545} INFO - Filling up the DagBag from /home/airflow/.local/lib/python3.12/site-packages/airflow/example_dags/example_branch_labels.py
[2024-07-17T13:56:32.191+0000] {processor.py:840} INFO - DAG(s) 'example_branch_labels' retrieved from /home/airflow/.local/lib/python3.12/site-packages/airflow/example_dags/example_branch_labels.py
[2024-07-17T13:56:32.223+0000] {logging_mixin.py:188} INFO - [2024-07-17T13:56:32.222+0000] {dag.py:3096} INFO - Sync 1 DAGs
[2024-07-17T13:56:32.269+0000] {logging_mixin.py:188} INFO - [2024-07-17T13:56:32.269+0000] {dag.py:3954} INFO - Setting next_dagrun for example_branch_labels to 2024-07-16 00:00:00+00:00, run_after=2024-07-17 00:00:00+00:00
[2024-07-17T13:56:32.299+0000] {processor.py:183} INFO - Processing /home/airflow/.local/lib/python3.12/site-packages/airflow/example_dags/example_branch_labels.py took 0.130 seconds
[2024-07-17T13:57:02.426+0000] {processor.py:161} INFO - Started process (PID=1815) to work on /home/airflow/.local/lib/python3.12/site-packages/airflow/example_dags/example_branch_labels.py
[2024-07-17T13:57:02.427+0000] {processor.py:830} INFO - Processing file /home/airflow/.local/lib/python3.12/site-packages/airflow/example_dags/example_branch_labels.py for tasks to queue
[2024-07-17T13:57:02.429+0000] {logging_mixin.py:188} INFO - [2024-07-17T13:57:02.429+0000] {dagbag.py:545} INFO - Filling up the DagBag from /home/airflow/.local/lib/python3.12/site-packages/airflow/example_dags/example_branch_labels.py
[2024-07-17T13:57:02.439+0000] {processor.py:840} INFO - DAG(s) 'example_branch_labels' retrieved from /home/airflow/.local/lib/python3.12/site-packages/airflow/example_dags/example_branch_labels.py
[2024-07-17T13:57:02.462+0000] {logging_mixin.py:188} INFO - [2024-07-17T13:57:02.461+0000] {dag.py:3096} INFO - Sync 1 DAGs
[2024-07-17T13:57:02.653+0000] {logging_mixin.py:188} INFO - [2024-07-17T13:57:02.653+0000] {dag.py:3954} INFO - Setting next_dagrun for example_branch_labels to 2024-07-16 00:00:00+00:00, run_after=2024-07-17 00:00:00+00:00
[2024-07-17T13:57:02.676+0000] {processor.py:183} INFO - Processing /home/airflow/.local/lib/python3.12/site-packages/airflow/example_dags/example_branch_labels.py took 0.257 seconds
[2024-07-17T13:57:32.837+0000] {processor.py:161} INFO - Started process (PID=1875) to work on /home/airflow/.local/lib/python3.12/site-packages/airflow/example_dags/example_branch_labels.py
[2024-07-17T13:57:32.838+0000] {processor.py:830} INFO - Processing file /home/airflow/.local/lib/python3.12/site-packages/airflow/example_dags/example_branch_labels.py for tasks to queue
[2024-07-17T13:57:32.840+0000] {logging_mixin.py:188} INFO - [2024-07-17T13:57:32.839+0000] {dagbag.py:545} INFO - Filling up the DagBag from /home/airflow/.local/lib/python3.12/site-packages/airflow/example_dags/example_branch_labels.py
[2024-07-17T13:57:32.847+0000] {processor.py:840} INFO - DAG(s) 'example_branch_labels' retrieved from /home/airflow/.local/lib/python3.12/site-packages/airflow/example_dags/example_branch_labels.py
[2024-07-17T13:57:32.882+0000] {logging_mixin.py:188} INFO - [2024-07-17T13:57:32.882+0000] {dag.py:3096} INFO - Sync 1 DAGs
[2024-07-17T13:57:32.915+0000] {logging_mixin.py:188} INFO - [2024-07-17T13:57:32.915+0000] {dag.py:3954} INFO - Setting next_dagrun for example_branch_labels to 2024-07-16 00:00:00+00:00, run_after=2024-07-17 00:00:00+00:00
[2024-07-17T13:57:33.113+0000] {processor.py:183} INFO - Processing /home/airflow/.local/lib/python3.12/site-packages/airflow/example_dags/example_branch_labels.py took 0.281 seconds
[2024-07-17T13:58:03.575+0000] {processor.py:161} INFO - Started process (PID=1936) to work on /home/airflow/.local/lib/python3.12/site-packages/airflow/example_dags/example_branch_labels.py
[2024-07-17T13:58:03.576+0000] {processor.py:830} INFO - Processing file /home/airflow/.local/lib/python3.12/site-packages/airflow/example_dags/example_branch_labels.py for tasks to queue
[2024-07-17T13:58:03.578+0000] {logging_mixin.py:188} INFO - [2024-07-17T13:58:03.578+0000] {dagbag.py:545} INFO - Filling up the DagBag from /home/airflow/.local/lib/python3.12/site-packages/airflow/example_dags/example_branch_labels.py
[2024-07-17T13:58:03.589+0000] {processor.py:840} INFO - DAG(s) 'example_branch_labels' retrieved from /home/airflow/.local/lib/python3.12/site-packages/airflow/example_dags/example_branch_labels.py
[2024-07-17T13:58:03.621+0000] {logging_mixin.py:188} INFO - [2024-07-17T13:58:03.621+0000] {dag.py:3096} INFO - Sync 1 DAGs
[2024-07-17T13:58:03.674+0000] {logging_mixin.py:188} INFO - [2024-07-17T13:58:03.673+0000] {dag.py:3954} INFO - Setting next_dagrun for example_branch_labels to 2024-07-16 00:00:00+00:00, run_after=2024-07-17 00:00:00+00:00
[2024-07-17T13:58:03.703+0000] {processor.py:183} INFO - Processing /home/airflow/.local/lib/python3.12/site-packages/airflow/example_dags/example_branch_labels.py took 0.135 seconds
[2024-07-17T13:58:33.895+0000] {processor.py:161} INFO - Started process (PID=1996) to work on /home/airflow/.local/lib/python3.12/site-packages/airflow/example_dags/example_branch_labels.py
[2024-07-17T13:58:33.897+0000] {processor.py:830} INFO - Processing file /home/airflow/.local/lib/python3.12/site-packages/airflow/example_dags/example_branch_labels.py for tasks to queue
[2024-07-17T13:58:33.899+0000] {logging_mixin.py:188} INFO - [2024-07-17T13:58:33.899+0000] {dagbag.py:545} INFO - Filling up the DagBag from /home/airflow/.local/lib/python3.12/site-packages/airflow/example_dags/example_branch_labels.py
[2024-07-17T13:58:33.910+0000] {processor.py:840} INFO - DAG(s) 'example_branch_labels' retrieved from /home/airflow/.local/lib/python3.12/site-packages/airflow/example_dags/example_branch_labels.py
[2024-07-17T13:58:33.940+0000] {logging_mixin.py:188} INFO - [2024-07-17T13:58:33.940+0000] {dag.py:3096} INFO - Sync 1 DAGs
[2024-07-17T13:58:33.975+0000] {logging_mixin.py:188} INFO - [2024-07-17T13:58:33.974+0000] {dag.py:3954} INFO - Setting next_dagrun for example_branch_labels to 2024-07-16 00:00:00+00:00, run_after=2024-07-17 00:00:00+00:00
[2024-07-17T13:58:33.997+0000] {processor.py:183} INFO - Processing /home/airflow/.local/lib/python3.12/site-packages/airflow/example_dags/example_branch_labels.py took 0.109 seconds
[2024-07-17T13:59:04.073+0000] {processor.py:161} INFO - Started process (PID=2056) to work on /home/airflow/.local/lib/python3.12/site-packages/airflow/example_dags/example_branch_labels.py
[2024-07-17T13:59:04.074+0000] {processor.py:830} INFO - Processing file /home/airflow/.local/lib/python3.12/site-packages/airflow/example_dags/example_branch_labels.py for tasks to queue
[2024-07-17T13:59:04.079+0000] {logging_mixin.py:188} INFO - [2024-07-17T13:59:04.078+0000] {dagbag.py:545} INFO - Filling up the DagBag from /home/airflow/.local/lib/python3.12/site-packages/airflow/example_dags/example_branch_labels.py
[2024-07-17T13:59:04.089+0000] {processor.py:840} INFO - DAG(s) 'example_branch_labels' retrieved from /home/airflow/.local/lib/python3.12/site-packages/airflow/example_dags/example_branch_labels.py
[2024-07-17T13:59:04.118+0000] {logging_mixin.py:188} INFO - [2024-07-17T13:59:04.117+0000] {dag.py:3096} INFO - Sync 1 DAGs
[2024-07-17T13:59:04.156+0000] {logging_mixin.py:188} INFO - [2024-07-17T13:59:04.156+0000] {dag.py:3954} INFO - Setting next_dagrun for example_branch_labels to 2024-07-16 00:00:00+00:00, run_after=2024-07-17 00:00:00+00:00
[2024-07-17T13:59:04.181+0000] {processor.py:183} INFO - Processing /home/airflow/.local/lib/python3.12/site-packages/airflow/example_dags/example_branch_labels.py took 0.116 seconds
[2024-07-17T13:59:34.557+0000] {processor.py:161} INFO - Started process (PID=2117) to work on /home/airflow/.local/lib/python3.12/site-packages/airflow/example_dags/example_branch_labels.py
[2024-07-17T13:59:34.558+0000] {processor.py:830} INFO - Processing file /home/airflow/.local/lib/python3.12/site-packages/airflow/example_dags/example_branch_labels.py for tasks to queue
[2024-07-17T13:59:34.561+0000] {logging_mixin.py:188} INFO - [2024-07-17T13:59:34.560+0000] {dagbag.py:545} INFO - Filling up the DagBag from /home/airflow/.local/lib/python3.12/site-packages/airflow/example_dags/example_branch_labels.py
[2024-07-17T13:59:34.573+0000] {processor.py:840} INFO - DAG(s) 'example_branch_labels' retrieved from /home/airflow/.local/lib/python3.12/site-packages/airflow/example_dags/example_branch_labels.py
[2024-07-17T13:59:34.602+0000] {logging_mixin.py:188} INFO - [2024-07-17T13:59:34.602+0000] {dag.py:3096} INFO - Sync 1 DAGs
[2024-07-17T13:59:34.634+0000] {logging_mixin.py:188} INFO - [2024-07-17T13:59:34.634+0000] {dag.py:3954} INFO - Setting next_dagrun for example_branch_labels to 2024-07-16 00:00:00+00:00, run_after=2024-07-17 00:00:00+00:00
[2024-07-17T13:59:34.657+0000] {processor.py:183} INFO - Processing /home/airflow/.local/lib/python3.12/site-packages/airflow/example_dags/example_branch_labels.py took 0.106 seconds
[2024-07-17T14:00:05.126+0000] {processor.py:161} INFO - Started process (PID=2177) to work on /home/airflow/.local/lib/python3.12/site-packages/airflow/example_dags/example_branch_labels.py
[2024-07-17T14:00:05.127+0000] {processor.py:830} INFO - Processing file /home/airflow/.local/lib/python3.12/site-packages/airflow/example_dags/example_branch_labels.py for tasks to queue
[2024-07-17T14:00:05.129+0000] {logging_mixin.py:188} INFO - [2024-07-17T14:00:05.128+0000] {dagbag.py:545} INFO - Filling up the DagBag from /home/airflow/.local/lib/python3.12/site-packages/airflow/example_dags/example_branch_labels.py
[2024-07-17T14:00:05.138+0000] {processor.py:840} INFO - DAG(s) 'example_branch_labels' retrieved from /home/airflow/.local/lib/python3.12/site-packages/airflow/example_dags/example_branch_labels.py
[2024-07-17T14:00:05.168+0000] {logging_mixin.py:188} INFO - [2024-07-17T14:00:05.168+0000] {dag.py:3096} INFO - Sync 1 DAGs
[2024-07-17T14:00:05.197+0000] {logging_mixin.py:188} INFO - [2024-07-17T14:00:05.197+0000] {dag.py:3954} INFO - Setting next_dagrun for example_branch_labels to 2024-07-16 00:00:00+00:00, run_after=2024-07-17 00:00:00+00:00
[2024-07-17T14:00:05.217+0000] {processor.py:183} INFO - Processing /home/airflow/.local/lib/python3.12/site-packages/airflow/example_dags/example_branch_labels.py took 0.097 seconds
[2024-07-17T14:00:35.394+0000] {processor.py:161} INFO - Started process (PID=2237) to work on /home/airflow/.local/lib/python3.12/site-packages/airflow/example_dags/example_branch_labels.py
[2024-07-17T14:00:35.395+0000] {processor.py:830} INFO - Processing file /home/airflow/.local/lib/python3.12/site-packages/airflow/example_dags/example_branch_labels.py for tasks to queue
[2024-07-17T14:00:35.397+0000] {logging_mixin.py:188} INFO - [2024-07-17T14:00:35.397+0000] {dagbag.py:545} INFO - Filling up the DagBag from /home/airflow/.local/lib/python3.12/site-packages/airflow/example_dags/example_branch_labels.py
[2024-07-17T14:00:35.408+0000] {processor.py:840} INFO - DAG(s) 'example_branch_labels' retrieved from /home/airflow/.local/lib/python3.12/site-packages/airflow/example_dags/example_branch_labels.py
[2024-07-17T14:00:35.430+0000] {logging_mixin.py:188} INFO - [2024-07-17T14:00:35.430+0000] {dag.py:3096} INFO - Sync 1 DAGs
[2024-07-17T14:00:35.455+0000] {logging_mixin.py:188} INFO - [2024-07-17T14:00:35.455+0000] {dag.py:3954} INFO - Setting next_dagrun for example_branch_labels to 2024-07-16 00:00:00+00:00, run_after=2024-07-17 00:00:00+00:00
[2024-07-17T14:00:35.474+0000] {processor.py:183} INFO - Processing /home/airflow/.local/lib/python3.12/site-packages/airflow/example_dags/example_branch_labels.py took 0.087 seconds
[2024-07-17T14:01:05.691+0000] {processor.py:161} INFO - Started process (PID=2297) to work on /home/airflow/.local/lib/python3.12/site-packages/airflow/example_dags/example_branch_labels.py
[2024-07-17T14:01:05.692+0000] {processor.py:830} INFO - Processing file /home/airflow/.local/lib/python3.12/site-packages/airflow/example_dags/example_branch_labels.py for tasks to queue
[2024-07-17T14:01:05.694+0000] {logging_mixin.py:188} INFO - [2024-07-17T14:01:05.694+0000] {dagbag.py:545} INFO - Filling up the DagBag from /home/airflow/.local/lib/python3.12/site-packages/airflow/example_dags/example_branch_labels.py
[2024-07-17T14:01:05.702+0000] {processor.py:840} INFO - DAG(s) 'example_branch_labels' retrieved from /home/airflow/.local/lib/python3.12/site-packages/airflow/example_dags/example_branch_labels.py
[2024-07-17T14:01:05.725+0000] {logging_mixin.py:188} INFO - [2024-07-17T14:01:05.725+0000] {dag.py:3096} INFO - Sync 1 DAGs
[2024-07-17T14:01:05.750+0000] {logging_mixin.py:188} INFO - [2024-07-17T14:01:05.750+0000] {dag.py:3954} INFO - Setting next_dagrun for example_branch_labels to 2024-07-16 00:00:00+00:00, run_after=2024-07-17 00:00:00+00:00
[2024-07-17T14:01:05.772+0000] {processor.py:183} INFO - Processing /home/airflow/.local/lib/python3.12/site-packages/airflow/example_dags/example_branch_labels.py took 0.090 seconds
[2024-07-17T14:01:36.209+0000] {processor.py:161} INFO - Started process (PID=2357) to work on /home/airflow/.local/lib/python3.12/site-packages/airflow/example_dags/example_branch_labels.py
[2024-07-17T14:01:36.210+0000] {processor.py:830} INFO - Processing file /home/airflow/.local/lib/python3.12/site-packages/airflow/example_dags/example_branch_labels.py for tasks to queue
[2024-07-17T14:01:36.212+0000] {logging_mixin.py:188} INFO - [2024-07-17T14:01:36.212+0000] {dagbag.py:545} INFO - Filling up the DagBag from /home/airflow/.local/lib/python3.12/site-packages/airflow/example_dags/example_branch_labels.py
[2024-07-17T14:01:36.222+0000] {processor.py:840} INFO - DAG(s) 'example_branch_labels' retrieved from /home/airflow/.local/lib/python3.12/site-packages/airflow/example_dags/example_branch_labels.py
[2024-07-17T14:01:36.252+0000] {logging_mixin.py:188} INFO - [2024-07-17T14:01:36.252+0000] {dag.py:3096} INFO - Sync 1 DAGs
[2024-07-17T14:01:36.287+0000] {logging_mixin.py:188} INFO - [2024-07-17T14:01:36.287+0000] {dag.py:3954} INFO - Setting next_dagrun for example_branch_labels to 2024-07-16 00:00:00+00:00, run_after=2024-07-17 00:00:00+00:00
[2024-07-17T14:01:36.311+0000] {processor.py:183} INFO - Processing /home/airflow/.local/lib/python3.12/site-packages/airflow/example_dags/example_branch_labels.py took 0.109 seconds
[2024-07-17T14:04:00.437+0000] {processor.py:161} INFO - Started process (PID=2415) to work on /home/airflow/.local/lib/python3.12/site-packages/airflow/example_dags/example_branch_labels.py
[2024-07-17T14:04:00.437+0000] {processor.py:830} INFO - Processing file /home/airflow/.local/lib/python3.12/site-packages/airflow/example_dags/example_branch_labels.py for tasks to queue
[2024-07-17T14:04:00.439+0000] {logging_mixin.py:188} INFO - [2024-07-17T14:04:00.439+0000] {dagbag.py:545} INFO - Filling up the DagBag from /home/airflow/.local/lib/python3.12/site-packages/airflow/example_dags/example_branch_labels.py
[2024-07-17T14:04:00.445+0000] {processor.py:840} INFO - DAG(s) 'example_branch_labels' retrieved from /home/airflow/.local/lib/python3.12/site-packages/airflow/example_dags/example_branch_labels.py
[2024-07-17T14:04:00.465+0000] {logging_mixin.py:188} INFO - [2024-07-17T14:04:00.464+0000] {dag.py:3096} INFO - Sync 1 DAGs
[2024-07-17T14:04:00.484+0000] {logging_mixin.py:188} INFO - [2024-07-17T14:04:00.484+0000] {dag.py:3954} INFO - Setting next_dagrun for example_branch_labels to 2024-07-16 00:00:00+00:00, run_after=2024-07-17 00:00:00+00:00
[2024-07-17T14:04:00.605+0000] {processor.py:183} INFO - Processing /home/airflow/.local/lib/python3.12/site-packages/airflow/example_dags/example_branch_labels.py took 0.173 seconds
[2024-07-17T14:04:30.825+0000] {processor.py:161} INFO - Started process (PID=2474) to work on /home/airflow/.local/lib/python3.12/site-packages/airflow/example_dags/example_branch_labels.py
[2024-07-17T14:04:30.826+0000] {processor.py:830} INFO - Processing file /home/airflow/.local/lib/python3.12/site-packages/airflow/example_dags/example_branch_labels.py for tasks to queue
[2024-07-17T14:04:30.828+0000] {logging_mixin.py:188} INFO - [2024-07-17T14:04:30.828+0000] {dagbag.py:545} INFO - Filling up the DagBag from /home/airflow/.local/lib/python3.12/site-packages/airflow/example_dags/example_branch_labels.py
[2024-07-17T14:04:30.835+0000] {processor.py:840} INFO - DAG(s) 'example_branch_labels' retrieved from /home/airflow/.local/lib/python3.12/site-packages/airflow/example_dags/example_branch_labels.py
[2024-07-17T14:04:30.856+0000] {logging_mixin.py:188} INFO - [2024-07-17T14:04:30.856+0000] {dag.py:3096} INFO - Sync 1 DAGs
[2024-07-17T14:04:30.880+0000] {logging_mixin.py:188} INFO - [2024-07-17T14:04:30.880+0000] {dag.py:3954} INFO - Setting next_dagrun for example_branch_labels to 2024-07-16 00:00:00+00:00, run_after=2024-07-17 00:00:00+00:00
[2024-07-17T14:04:30.900+0000] {processor.py:183} INFO - Processing /home/airflow/.local/lib/python3.12/site-packages/airflow/example_dags/example_branch_labels.py took 0.080 seconds
[2024-07-17T14:05:01.159+0000] {processor.py:161} INFO - Started process (PID=2533) to work on /home/airflow/.local/lib/python3.12/site-packages/airflow/example_dags/example_branch_labels.py
[2024-07-17T14:05:01.160+0000] {processor.py:830} INFO - Processing file /home/airflow/.local/lib/python3.12/site-packages/airflow/example_dags/example_branch_labels.py for tasks to queue
[2024-07-17T14:05:01.162+0000] {logging_mixin.py:188} INFO - [2024-07-17T14:05:01.162+0000] {dagbag.py:545} INFO - Filling up the DagBag from /home/airflow/.local/lib/python3.12/site-packages/airflow/example_dags/example_branch_labels.py
[2024-07-17T14:05:01.169+0000] {processor.py:840} INFO - DAG(s) 'example_branch_labels' retrieved from /home/airflow/.local/lib/python3.12/site-packages/airflow/example_dags/example_branch_labels.py
[2024-07-17T14:05:01.194+0000] {logging_mixin.py:188} INFO - [2024-07-17T14:05:01.194+0000] {dag.py:3096} INFO - Sync 1 DAGs
[2024-07-17T14:05:01.219+0000] {logging_mixin.py:188} INFO - [2024-07-17T14:05:01.219+0000] {dag.py:3954} INFO - Setting next_dagrun for example_branch_labels to 2024-07-16 00:00:00+00:00, run_after=2024-07-17 00:00:00+00:00
[2024-07-17T14:05:01.240+0000] {processor.py:183} INFO - Processing /home/airflow/.local/lib/python3.12/site-packages/airflow/example_dags/example_branch_labels.py took 0.086 seconds
[2024-07-17T14:05:31.845+0000] {processor.py:161} INFO - Started process (PID=2593) to work on /home/airflow/.local/lib/python3.12/site-packages/airflow/example_dags/example_branch_labels.py
[2024-07-17T14:05:31.846+0000] {processor.py:830} INFO - Processing file /home/airflow/.local/lib/python3.12/site-packages/airflow/example_dags/example_branch_labels.py for tasks to queue
[2024-07-17T14:05:31.848+0000] {logging_mixin.py:188} INFO - [2024-07-17T14:05:31.848+0000] {dagbag.py:545} INFO - Filling up the DagBag from /home/airflow/.local/lib/python3.12/site-packages/airflow/example_dags/example_branch_labels.py
[2024-07-17T14:05:31.855+0000] {processor.py:840} INFO - DAG(s) 'example_branch_labels' retrieved from /home/airflow/.local/lib/python3.12/site-packages/airflow/example_dags/example_branch_labels.py
[2024-07-17T14:05:31.875+0000] {logging_mixin.py:188} INFO - [2024-07-17T14:05:31.875+0000] {dag.py:3096} INFO - Sync 1 DAGs
[2024-07-17T14:05:31.900+0000] {logging_mixin.py:188} INFO - [2024-07-17T14:05:31.900+0000] {dag.py:3954} INFO - Setting next_dagrun for example_branch_labels to 2024-07-16 00:00:00+00:00, run_after=2024-07-17 00:00:00+00:00
[2024-07-17T14:05:31.920+0000] {processor.py:183} INFO - Processing /home/airflow/.local/lib/python3.12/site-packages/airflow/example_dags/example_branch_labels.py took 0.080 seconds
[2024-07-17T14:06:02.133+0000] {processor.py:161} INFO - Started process (PID=2654) to work on /home/airflow/.local/lib/python3.12/site-packages/airflow/example_dags/example_branch_labels.py
[2024-07-17T14:06:02.135+0000] {processor.py:830} INFO - Processing file /home/airflow/.local/lib/python3.12/site-packages/airflow/example_dags/example_branch_labels.py for tasks to queue
[2024-07-17T14:06:02.140+0000] {logging_mixin.py:188} INFO - [2024-07-17T14:06:02.140+0000] {dagbag.py:545} INFO - Filling up the DagBag from /home/airflow/.local/lib/python3.12/site-packages/airflow/example_dags/example_branch_labels.py
[2024-07-17T14:06:02.157+0000] {processor.py:840} INFO - DAG(s) 'example_branch_labels' retrieved from /home/airflow/.local/lib/python3.12/site-packages/airflow/example_dags/example_branch_labels.py
[2024-07-17T14:06:02.205+0000] {logging_mixin.py:188} INFO - [2024-07-17T14:06:02.204+0000] {dag.py:3096} INFO - Sync 1 DAGs
[2024-07-17T14:06:02.255+0000] {logging_mixin.py:188} INFO - [2024-07-17T14:06:02.254+0000] {dag.py:3954} INFO - Setting next_dagrun for example_branch_labels to 2024-07-16 00:00:00+00:00, run_after=2024-07-17 00:00:00+00:00
[2024-07-17T14:06:02.380+0000] {processor.py:183} INFO - Processing /home/airflow/.local/lib/python3.12/site-packages/airflow/example_dags/example_branch_labels.py took 0.259 seconds
[2024-07-17T14:06:33.321+0000] {processor.py:161} INFO - Started process (PID=2714) to work on /home/airflow/.local/lib/python3.12/site-packages/airflow/example_dags/example_branch_labels.py
[2024-07-17T14:06:33.323+0000] {processor.py:830} INFO - Processing file /home/airflow/.local/lib/python3.12/site-packages/airflow/example_dags/example_branch_labels.py for tasks to queue
[2024-07-17T14:06:33.330+0000] {logging_mixin.py:188} INFO - [2024-07-17T14:06:33.327+0000] {dagbag.py:545} INFO - Filling up the DagBag from /home/airflow/.local/lib/python3.12/site-packages/airflow/example_dags/example_branch_labels.py
[2024-07-17T14:06:33.362+0000] {processor.py:840} INFO - DAG(s) 'example_branch_labels' retrieved from /home/airflow/.local/lib/python3.12/site-packages/airflow/example_dags/example_branch_labels.py
[2024-07-17T14:06:33.440+0000] {logging_mixin.py:188} INFO - [2024-07-17T14:06:33.440+0000] {dag.py:3096} INFO - Sync 1 DAGs
[2024-07-17T14:06:33.550+0000] {logging_mixin.py:188} INFO - [2024-07-17T14:06:33.549+0000] {dag.py:3954} INFO - Setting next_dagrun for example_branch_labels to 2024-07-16 00:00:00+00:00, run_after=2024-07-17 00:00:00+00:00
[2024-07-17T14:06:33.611+0000] {processor.py:183} INFO - Processing /home/airflow/.local/lib/python3.12/site-packages/airflow/example_dags/example_branch_labels.py took 0.308 seconds
[2024-07-17T14:07:03.877+0000] {processor.py:161} INFO - Started process (PID=2774) to work on /home/airflow/.local/lib/python3.12/site-packages/airflow/example_dags/example_branch_labels.py
[2024-07-17T14:07:03.879+0000] {processor.py:830} INFO - Processing file /home/airflow/.local/lib/python3.12/site-packages/airflow/example_dags/example_branch_labels.py for tasks to queue
[2024-07-17T14:07:03.883+0000] {logging_mixin.py:188} INFO - [2024-07-17T14:07:03.882+0000] {dagbag.py:545} INFO - Filling up the DagBag from /home/airflow/.local/lib/python3.12/site-packages/airflow/example_dags/example_branch_labels.py
[2024-07-17T14:07:03.902+0000] {processor.py:840} INFO - DAG(s) 'example_branch_labels' retrieved from /home/airflow/.local/lib/python3.12/site-packages/airflow/example_dags/example_branch_labels.py
[2024-07-17T14:07:03.954+0000] {logging_mixin.py:188} INFO - [2024-07-17T14:07:03.953+0000] {dag.py:3096} INFO - Sync 1 DAGs
[2024-07-17T14:07:04.006+0000] {logging_mixin.py:188} INFO - [2024-07-17T14:07:04.005+0000] {dag.py:3954} INFO - Setting next_dagrun for example_branch_labels to 2024-07-16 00:00:00+00:00, run_after=2024-07-17 00:00:00+00:00
[2024-07-17T14:07:04.054+0000] {processor.py:183} INFO - Processing /home/airflow/.local/lib/python3.12/site-packages/airflow/example_dags/example_branch_labels.py took 0.190 seconds
[2024-07-17T14:07:34.294+0000] {processor.py:161} INFO - Started process (PID=2834) to work on /home/airflow/.local/lib/python3.12/site-packages/airflow/example_dags/example_branch_labels.py
[2024-07-17T14:07:34.296+0000] {processor.py:830} INFO - Processing file /home/airflow/.local/lib/python3.12/site-packages/airflow/example_dags/example_branch_labels.py for tasks to queue
[2024-07-17T14:07:34.300+0000] {logging_mixin.py:188} INFO - [2024-07-17T14:07:34.299+0000] {dagbag.py:545} INFO - Filling up the DagBag from /home/airflow/.local/lib/python3.12/site-packages/airflow/example_dags/example_branch_labels.py
[2024-07-17T14:07:34.317+0000] {processor.py:840} INFO - DAG(s) 'example_branch_labels' retrieved from /home/airflow/.local/lib/python3.12/site-packages/airflow/example_dags/example_branch_labels.py
[2024-07-17T14:07:34.362+0000] {logging_mixin.py:188} INFO - [2024-07-17T14:07:34.362+0000] {dag.py:3096} INFO - Sync 1 DAGs
[2024-07-17T14:07:34.418+0000] {logging_mixin.py:188} INFO - [2024-07-17T14:07:34.417+0000] {dag.py:3954} INFO - Setting next_dagrun for example_branch_labels to 2024-07-16 00:00:00+00:00, run_after=2024-07-17 00:00:00+00:00
[2024-07-17T14:07:34.457+0000] {processor.py:183} INFO - Processing /home/airflow/.local/lib/python3.12/site-packages/airflow/example_dags/example_branch_labels.py took 0.177 seconds
[2024-07-17T14:08:04.620+0000] {processor.py:161} INFO - Started process (PID=2894) to work on /home/airflow/.local/lib/python3.12/site-packages/airflow/example_dags/example_branch_labels.py
[2024-07-17T14:08:04.622+0000] {processor.py:830} INFO - Processing file /home/airflow/.local/lib/python3.12/site-packages/airflow/example_dags/example_branch_labels.py for tasks to queue
[2024-07-17T14:08:04.627+0000] {logging_mixin.py:188} INFO - [2024-07-17T14:08:04.626+0000] {dagbag.py:545} INFO - Filling up the DagBag from /home/airflow/.local/lib/python3.12/site-packages/airflow/example_dags/example_branch_labels.py
[2024-07-17T14:08:04.660+0000] {processor.py:840} INFO - DAG(s) 'example_branch_labels' retrieved from /home/airflow/.local/lib/python3.12/site-packages/airflow/example_dags/example_branch_labels.py
[2024-07-17T14:08:04.723+0000] {logging_mixin.py:188} INFO - [2024-07-17T14:08:04.723+0000] {dag.py:3096} INFO - Sync 1 DAGs
[2024-07-17T14:08:04.788+0000] {logging_mixin.py:188} INFO - [2024-07-17T14:08:04.787+0000] {dag.py:3954} INFO - Setting next_dagrun for example_branch_labels to 2024-07-16 00:00:00+00:00, run_after=2024-07-17 00:00:00+00:00
[2024-07-17T14:08:04.829+0000] {processor.py:183} INFO - Processing /home/airflow/.local/lib/python3.12/site-packages/airflow/example_dags/example_branch_labels.py took 0.222 seconds
[2024-07-17T14:08:35.384+0000] {processor.py:161} INFO - Started process (PID=2954) to work on /home/airflow/.local/lib/python3.12/site-packages/airflow/example_dags/example_branch_labels.py
[2024-07-17T14:08:35.386+0000] {processor.py:830} INFO - Processing file /home/airflow/.local/lib/python3.12/site-packages/airflow/example_dags/example_branch_labels.py for tasks to queue
[2024-07-17T14:08:35.389+0000] {logging_mixin.py:188} INFO - [2024-07-17T14:08:35.389+0000] {dagbag.py:545} INFO - Filling up the DagBag from /home/airflow/.local/lib/python3.12/site-packages/airflow/example_dags/example_branch_labels.py
[2024-07-17T14:08:35.403+0000] {processor.py:840} INFO - DAG(s) 'example_branch_labels' retrieved from /home/airflow/.local/lib/python3.12/site-packages/airflow/example_dags/example_branch_labels.py
[2024-07-17T14:08:35.445+0000] {logging_mixin.py:188} INFO - [2024-07-17T14:08:35.444+0000] {dag.py:3096} INFO - Sync 1 DAGs
[2024-07-17T14:08:35.491+0000] {logging_mixin.py:188} INFO - [2024-07-17T14:08:35.491+0000] {dag.py:3954} INFO - Setting next_dagrun for example_branch_labels to 2024-07-16 00:00:00+00:00, run_after=2024-07-17 00:00:00+00:00
[2024-07-17T14:08:35.528+0000] {processor.py:183} INFO - Processing /home/airflow/.local/lib/python3.12/site-packages/airflow/example_dags/example_branch_labels.py took 0.157 seconds
[2024-07-17T14:09:05.893+0000] {processor.py:161} INFO - Started process (PID=3014) to work on /home/airflow/.local/lib/python3.12/site-packages/airflow/example_dags/example_branch_labels.py
[2024-07-17T14:09:05.895+0000] {processor.py:830} INFO - Processing file /home/airflow/.local/lib/python3.12/site-packages/airflow/example_dags/example_branch_labels.py for tasks to queue
[2024-07-17T14:09:05.898+0000] {logging_mixin.py:188} INFO - [2024-07-17T14:09:05.897+0000] {dagbag.py:545} INFO - Filling up the DagBag from /home/airflow/.local/lib/python3.12/site-packages/airflow/example_dags/example_branch_labels.py
[2024-07-17T14:09:05.913+0000] {processor.py:840} INFO - DAG(s) 'example_branch_labels' retrieved from /home/airflow/.local/lib/python3.12/site-packages/airflow/example_dags/example_branch_labels.py
[2024-07-17T14:09:05.957+0000] {logging_mixin.py:188} INFO - [2024-07-17T14:09:05.957+0000] {dag.py:3096} INFO - Sync 1 DAGs
[2024-07-17T14:09:06.008+0000] {logging_mixin.py:188} INFO - [2024-07-17T14:09:06.007+0000] {dag.py:3954} INFO - Setting next_dagrun for example_branch_labels to 2024-07-16 00:00:00+00:00, run_after=2024-07-17 00:00:00+00:00
[2024-07-17T14:09:06.047+0000] {processor.py:183} INFO - Processing /home/airflow/.local/lib/python3.12/site-packages/airflow/example_dags/example_branch_labels.py took 0.168 seconds
[2024-07-17T14:09:36.360+0000] {processor.py:161} INFO - Started process (PID=3074) to work on /home/airflow/.local/lib/python3.12/site-packages/airflow/example_dags/example_branch_labels.py
[2024-07-17T14:09:36.362+0000] {processor.py:830} INFO - Processing file /home/airflow/.local/lib/python3.12/site-packages/airflow/example_dags/example_branch_labels.py for tasks to queue
[2024-07-17T14:09:36.366+0000] {logging_mixin.py:188} INFO - [2024-07-17T14:09:36.365+0000] {dagbag.py:545} INFO - Filling up the DagBag from /home/airflow/.local/lib/python3.12/site-packages/airflow/example_dags/example_branch_labels.py
[2024-07-17T14:09:36.381+0000] {processor.py:840} INFO - DAG(s) 'example_branch_labels' retrieved from /home/airflow/.local/lib/python3.12/site-packages/airflow/example_dags/example_branch_labels.py
[2024-07-17T14:09:36.429+0000] {logging_mixin.py:188} INFO - [2024-07-17T14:09:36.428+0000] {dag.py:3096} INFO - Sync 1 DAGs
[2024-07-17T14:09:36.482+0000] {logging_mixin.py:188} INFO - [2024-07-17T14:09:36.482+0000] {dag.py:3954} INFO - Setting next_dagrun for example_branch_labels to 2024-07-16 00:00:00+00:00, run_after=2024-07-17 00:00:00+00:00
[2024-07-17T14:09:36.518+0000] {processor.py:183} INFO - Processing /home/airflow/.local/lib/python3.12/site-packages/airflow/example_dags/example_branch_labels.py took 0.171 seconds
[2024-07-17T14:10:06.829+0000] {processor.py:161} INFO - Started process (PID=3134) to work on /home/airflow/.local/lib/python3.12/site-packages/airflow/example_dags/example_branch_labels.py
[2024-07-17T14:10:06.831+0000] {processor.py:830} INFO - Processing file /home/airflow/.local/lib/python3.12/site-packages/airflow/example_dags/example_branch_labels.py for tasks to queue
[2024-07-17T14:10:06.835+0000] {logging_mixin.py:188} INFO - [2024-07-17T14:10:06.834+0000] {dagbag.py:545} INFO - Filling up the DagBag from /home/airflow/.local/lib/python3.12/site-packages/airflow/example_dags/example_branch_labels.py
[2024-07-17T14:10:06.854+0000] {processor.py:840} INFO - DAG(s) 'example_branch_labels' retrieved from /home/airflow/.local/lib/python3.12/site-packages/airflow/example_dags/example_branch_labels.py
[2024-07-17T14:10:06.903+0000] {logging_mixin.py:188} INFO - [2024-07-17T14:10:06.902+0000] {dag.py:3096} INFO - Sync 1 DAGs
[2024-07-17T14:10:06.953+0000] {logging_mixin.py:188} INFO - [2024-07-17T14:10:06.952+0000] {dag.py:3954} INFO - Setting next_dagrun for example_branch_labels to 2024-07-16 00:00:00+00:00, run_after=2024-07-17 00:00:00+00:00
[2024-07-17T14:10:06.989+0000] {processor.py:183} INFO - Processing /home/airflow/.local/lib/python3.12/site-packages/airflow/example_dags/example_branch_labels.py took 0.172 seconds
[2024-07-17T14:10:37.222+0000] {processor.py:161} INFO - Started process (PID=3194) to work on /home/airflow/.local/lib/python3.12/site-packages/airflow/example_dags/example_branch_labels.py
[2024-07-17T14:10:37.224+0000] {processor.py:830} INFO - Processing file /home/airflow/.local/lib/python3.12/site-packages/airflow/example_dags/example_branch_labels.py for tasks to queue
[2024-07-17T14:10:37.227+0000] {logging_mixin.py:188} INFO - [2024-07-17T14:10:37.227+0000] {dagbag.py:545} INFO - Filling up the DagBag from /home/airflow/.local/lib/python3.12/site-packages/airflow/example_dags/example_branch_labels.py
[2024-07-17T14:10:37.243+0000] {processor.py:840} INFO - DAG(s) 'example_branch_labels' retrieved from /home/airflow/.local/lib/python3.12/site-packages/airflow/example_dags/example_branch_labels.py
[2024-07-17T14:10:37.293+0000] {logging_mixin.py:188} INFO - [2024-07-17T14:10:37.292+0000] {dag.py:3096} INFO - Sync 1 DAGs
[2024-07-17T14:10:37.347+0000] {logging_mixin.py:188} INFO - [2024-07-17T14:10:37.346+0000] {dag.py:3954} INFO - Setting next_dagrun for example_branch_labels to 2024-07-16 00:00:00+00:00, run_after=2024-07-17 00:00:00+00:00
[2024-07-17T14:10:37.387+0000] {processor.py:183} INFO - Processing /home/airflow/.local/lib/python3.12/site-packages/airflow/example_dags/example_branch_labels.py took 0.178 seconds
[2024-07-17T14:11:07.475+0000] {processor.py:161} INFO - Started process (PID=3254) to work on /home/airflow/.local/lib/python3.12/site-packages/airflow/example_dags/example_branch_labels.py
[2024-07-17T14:11:07.477+0000] {processor.py:830} INFO - Processing file /home/airflow/.local/lib/python3.12/site-packages/airflow/example_dags/example_branch_labels.py for tasks to queue
[2024-07-17T14:11:07.480+0000] {logging_mixin.py:188} INFO - [2024-07-17T14:11:07.480+0000] {dagbag.py:545} INFO - Filling up the DagBag from /home/airflow/.local/lib/python3.12/site-packages/airflow/example_dags/example_branch_labels.py
[2024-07-17T14:11:07.496+0000] {processor.py:840} INFO - DAG(s) 'example_branch_labels' retrieved from /home/airflow/.local/lib/python3.12/site-packages/airflow/example_dags/example_branch_labels.py
[2024-07-17T14:11:07.540+0000] {logging_mixin.py:188} INFO - [2024-07-17T14:11:07.540+0000] {dag.py:3096} INFO - Sync 1 DAGs
[2024-07-17T14:11:07.587+0000] {logging_mixin.py:188} INFO - [2024-07-17T14:11:07.587+0000] {dag.py:3954} INFO - Setting next_dagrun for example_branch_labels to 2024-07-16 00:00:00+00:00, run_after=2024-07-17 00:00:00+00:00
[2024-07-17T14:11:07.618+0000] {processor.py:183} INFO - Processing /home/airflow/.local/lib/python3.12/site-packages/airflow/example_dags/example_branch_labels.py took 0.156 seconds
[2024-07-17T14:11:38.265+0000] {processor.py:161} INFO - Started process (PID=3314) to work on /home/airflow/.local/lib/python3.12/site-packages/airflow/example_dags/example_branch_labels.py
[2024-07-17T14:11:38.267+0000] {processor.py:830} INFO - Processing file /home/airflow/.local/lib/python3.12/site-packages/airflow/example_dags/example_branch_labels.py for tasks to queue
[2024-07-17T14:11:38.273+0000] {logging_mixin.py:188} INFO - [2024-07-17T14:11:38.272+0000] {dagbag.py:545} INFO - Filling up the DagBag from /home/airflow/.local/lib/python3.12/site-packages/airflow/example_dags/example_branch_labels.py
[2024-07-17T14:11:38.293+0000] {processor.py:840} INFO - DAG(s) 'example_branch_labels' retrieved from /home/airflow/.local/lib/python3.12/site-packages/airflow/example_dags/example_branch_labels.py
[2024-07-17T14:11:38.342+0000] {logging_mixin.py:188} INFO - [2024-07-17T14:11:38.341+0000] {dag.py:3096} INFO - Sync 1 DAGs
[2024-07-17T14:11:38.397+0000] {logging_mixin.py:188} INFO - [2024-07-17T14:11:38.397+0000] {dag.py:3954} INFO - Setting next_dagrun for example_branch_labels to 2024-07-16 00:00:00+00:00, run_after=2024-07-17 00:00:00+00:00
[2024-07-17T14:11:38.431+0000] {processor.py:183} INFO - Processing /home/airflow/.local/lib/python3.12/site-packages/airflow/example_dags/example_branch_labels.py took 0.180 seconds
[2024-07-17T14:12:09.204+0000] {processor.py:161} INFO - Started process (PID=3374) to work on /home/airflow/.local/lib/python3.12/site-packages/airflow/example_dags/example_branch_labels.py
[2024-07-17T14:12:09.207+0000] {processor.py:830} INFO - Processing file /home/airflow/.local/lib/python3.12/site-packages/airflow/example_dags/example_branch_labels.py for tasks to queue
[2024-07-17T14:12:09.212+0000] {logging_mixin.py:188} INFO - [2024-07-17T14:12:09.211+0000] {dagbag.py:545} INFO - Filling up the DagBag from /home/airflow/.local/lib/python3.12/site-packages/airflow/example_dags/example_branch_labels.py
[2024-07-17T14:12:09.234+0000] {processor.py:840} INFO - DAG(s) 'example_branch_labels' retrieved from /home/airflow/.local/lib/python3.12/site-packages/airflow/example_dags/example_branch_labels.py
[2024-07-17T14:12:09.277+0000] {logging_mixin.py:188} INFO - [2024-07-17T14:12:09.276+0000] {dag.py:3096} INFO - Sync 1 DAGs
[2024-07-17T14:12:09.330+0000] {logging_mixin.py:188} INFO - [2024-07-17T14:12:09.330+0000] {dag.py:3954} INFO - Setting next_dagrun for example_branch_labels to 2024-07-16 00:00:00+00:00, run_after=2024-07-17 00:00:00+00:00
[2024-07-17T14:12:09.370+0000] {processor.py:183} INFO - Processing /home/airflow/.local/lib/python3.12/site-packages/airflow/example_dags/example_branch_labels.py took 0.179 seconds
