[2024-07-17T10:31:50.461+0000] {processor.py:161} INFO - Started process (PID=58) to work on /home/airflow/.local/lib/python3.12/site-packages/airflow/example_dags/example_sla_dag.py
[2024-07-17T10:31:50.463+0000] {processor.py:830} INFO - Processing file /home/airflow/.local/lib/python3.12/site-packages/airflow/example_dags/example_sla_dag.py for tasks to queue
[2024-07-17T10:31:50.466+0000] {logging_mixin.py:188} INFO - [2024-07-17T10:31:50.466+0000] {dagbag.py:545} INFO - Filling up the DagBag from /home/airflow/.local/lib/python3.12/site-packages/airflow/example_dags/example_sla_dag.py
[2024-07-17T10:31:50.481+0000] {processor.py:840} INFO - DAG(s) 'example_sla_dag' retrieved from /home/airflow/.local/lib/python3.12/site-packages/airflow/example_dags/example_sla_dag.py
[2024-07-17T10:31:50.515+0000] {logging_mixin.py:188} INFO - [2024-07-17T10:31:50.515+0000] {dag.py:3096} INFO - Sync 1 DAGs
[2024-07-17T10:31:50.561+0000] {logging_mixin.py:188} INFO - [2024-07-17T10:31:50.561+0000] {dag.py:3954} INFO - Setting next_dagrun for example_sla_dag to 2024-07-17 10:28:00+00:00, run_after=2024-07-17 10:30:00+00:00
[2024-07-17T10:31:50.586+0000] {processor.py:183} INFO - Processing /home/airflow/.local/lib/python3.12/site-packages/airflow/example_dags/example_sla_dag.py took 0.131 seconds
[2024-07-17T10:32:20.913+0000] {processor.py:161} INFO - Started process (PID=118) to work on /home/airflow/.local/lib/python3.12/site-packages/airflow/example_dags/example_sla_dag.py
[2024-07-17T10:32:20.915+0000] {processor.py:830} INFO - Processing file /home/airflow/.local/lib/python3.12/site-packages/airflow/example_dags/example_sla_dag.py for tasks to queue
[2024-07-17T10:32:20.917+0000] {logging_mixin.py:188} INFO - [2024-07-17T10:32:20.917+0000] {dagbag.py:545} INFO - Filling up the DagBag from /home/airflow/.local/lib/python3.12/site-packages/airflow/example_dags/example_sla_dag.py
[2024-07-17T10:32:20.929+0000] {processor.py:840} INFO - DAG(s) 'example_sla_dag' retrieved from /home/airflow/.local/lib/python3.12/site-packages/airflow/example_dags/example_sla_dag.py
[2024-07-17T10:32:20.946+0000] {logging_mixin.py:188} INFO - [2024-07-17T10:32:20.945+0000] {dag.py:3096} INFO - Sync 1 DAGs
[2024-07-17T10:32:20.988+0000] {logging_mixin.py:188} INFO - [2024-07-17T10:32:20.988+0000] {dag.py:3954} INFO - Setting next_dagrun for example_sla_dag to 2024-07-17 10:30:00+00:00, run_after=2024-07-17 10:32:00+00:00
[2024-07-17T10:32:21.011+0000] {processor.py:183} INFO - Processing /home/airflow/.local/lib/python3.12/site-packages/airflow/example_dags/example_sla_dag.py took 0.105 seconds
[2024-07-17T10:32:52.050+0000] {processor.py:161} INFO - Started process (PID=178) to work on /home/airflow/.local/lib/python3.12/site-packages/airflow/example_dags/example_sla_dag.py
[2024-07-17T10:32:52.051+0000] {processor.py:830} INFO - Processing file /home/airflow/.local/lib/python3.12/site-packages/airflow/example_dags/example_sla_dag.py for tasks to queue
[2024-07-17T10:32:52.053+0000] {logging_mixin.py:188} INFO - [2024-07-17T10:32:52.053+0000] {dagbag.py:545} INFO - Filling up the DagBag from /home/airflow/.local/lib/python3.12/site-packages/airflow/example_dags/example_sla_dag.py
[2024-07-17T10:32:52.063+0000] {processor.py:840} INFO - DAG(s) 'example_sla_dag' retrieved from /home/airflow/.local/lib/python3.12/site-packages/airflow/example_dags/example_sla_dag.py
[2024-07-17T10:32:52.172+0000] {logging_mixin.py:188} INFO - [2024-07-17T10:32:52.172+0000] {dag.py:3096} INFO - Sync 1 DAGs
[2024-07-17T10:32:52.194+0000] {logging_mixin.py:188} INFO - [2024-07-17T10:32:52.194+0000] {dag.py:3954} INFO - Setting next_dagrun for example_sla_dag to 2024-07-17 10:30:00+00:00, run_after=2024-07-17 10:32:00+00:00
[2024-07-17T10:32:52.211+0000] {processor.py:183} INFO - Processing /home/airflow/.local/lib/python3.12/site-packages/airflow/example_dags/example_sla_dag.py took 0.168 seconds
[2024-07-17T10:33:22.957+0000] {processor.py:161} INFO - Started process (PID=238) to work on /home/airflow/.local/lib/python3.12/site-packages/airflow/example_dags/example_sla_dag.py
[2024-07-17T10:33:22.958+0000] {processor.py:830} INFO - Processing file /home/airflow/.local/lib/python3.12/site-packages/airflow/example_dags/example_sla_dag.py for tasks to queue
[2024-07-17T10:33:22.961+0000] {logging_mixin.py:188} INFO - [2024-07-17T10:33:22.960+0000] {dagbag.py:545} INFO - Filling up the DagBag from /home/airflow/.local/lib/python3.12/site-packages/airflow/example_dags/example_sla_dag.py
[2024-07-17T10:33:22.972+0000] {processor.py:840} INFO - DAG(s) 'example_sla_dag' retrieved from /home/airflow/.local/lib/python3.12/site-packages/airflow/example_dags/example_sla_dag.py
[2024-07-17T10:33:22.999+0000] {logging_mixin.py:188} INFO - [2024-07-17T10:33:22.998+0000] {dag.py:3096} INFO - Sync 1 DAGs
[2024-07-17T10:33:23.033+0000] {logging_mixin.py:188} INFO - [2024-07-17T10:33:23.032+0000] {dag.py:3954} INFO - Setting next_dagrun for example_sla_dag to 2024-07-17 10:30:00+00:00, run_after=2024-07-17 10:32:00+00:00
[2024-07-17T10:33:23.059+0000] {processor.py:183} INFO - Processing /home/airflow/.local/lib/python3.12/site-packages/airflow/example_dags/example_sla_dag.py took 0.111 seconds
[2024-07-17T10:33:53.551+0000] {processor.py:161} INFO - Started process (PID=304) to work on /home/airflow/.local/lib/python3.12/site-packages/airflow/example_dags/example_sla_dag.py
[2024-07-17T10:33:53.552+0000] {processor.py:830} INFO - Processing file /home/airflow/.local/lib/python3.12/site-packages/airflow/example_dags/example_sla_dag.py for tasks to queue
[2024-07-17T10:33:53.555+0000] {logging_mixin.py:188} INFO - [2024-07-17T10:33:53.555+0000] {dagbag.py:545} INFO - Filling up the DagBag from /home/airflow/.local/lib/python3.12/site-packages/airflow/example_dags/example_sla_dag.py
[2024-07-17T10:33:53.572+0000] {processor.py:840} INFO - DAG(s) 'example_sla_dag' retrieved from /home/airflow/.local/lib/python3.12/site-packages/airflow/example_dags/example_sla_dag.py
[2024-07-17T10:33:53.606+0000] {logging_mixin.py:188} INFO - [2024-07-17T10:33:53.605+0000] {dag.py:3096} INFO - Sync 1 DAGs
[2024-07-17T10:33:53.670+0000] {logging_mixin.py:188} INFO - [2024-07-17T10:33:53.669+0000] {dag.py:3954} INFO - Setting next_dagrun for example_sla_dag to 2024-07-17 10:30:00+00:00, run_after=2024-07-17 10:32:00+00:00
[2024-07-17T10:33:53.718+0000] {processor.py:183} INFO - Processing /home/airflow/.local/lib/python3.12/site-packages/airflow/example_dags/example_sla_dag.py took 0.176 seconds
[2024-07-17T10:34:24.011+0000] {processor.py:161} INFO - Started process (PID=364) to work on /home/airflow/.local/lib/python3.12/site-packages/airflow/example_dags/example_sla_dag.py
[2024-07-17T10:34:24.012+0000] {processor.py:830} INFO - Processing file /home/airflow/.local/lib/python3.12/site-packages/airflow/example_dags/example_sla_dag.py for tasks to queue
[2024-07-17T10:34:24.015+0000] {logging_mixin.py:188} INFO - [2024-07-17T10:34:24.014+0000] {dagbag.py:545} INFO - Filling up the DagBag from /home/airflow/.local/lib/python3.12/site-packages/airflow/example_dags/example_sla_dag.py
[2024-07-17T10:34:24.032+0000] {processor.py:840} INFO - DAG(s) 'example_sla_dag' retrieved from /home/airflow/.local/lib/python3.12/site-packages/airflow/example_dags/example_sla_dag.py
[2024-07-17T10:34:24.069+0000] {logging_mixin.py:188} INFO - [2024-07-17T10:34:24.069+0000] {dag.py:3096} INFO - Sync 1 DAGs
[2024-07-17T10:34:24.114+0000] {logging_mixin.py:188} INFO - [2024-07-17T10:34:24.113+0000] {dag.py:3954} INFO - Setting next_dagrun for example_sla_dag to 2024-07-17 10:32:00+00:00, run_after=2024-07-17 10:34:00+00:00
[2024-07-17T10:34:24.142+0000] {processor.py:183} INFO - Processing /home/airflow/.local/lib/python3.12/site-packages/airflow/example_dags/example_sla_dag.py took 0.140 seconds
[2024-07-17T10:34:55.304+0000] {processor.py:161} INFO - Started process (PID=424) to work on /home/airflow/.local/lib/python3.12/site-packages/airflow/example_dags/example_sla_dag.py
[2024-07-17T10:34:55.305+0000] {processor.py:830} INFO - Processing file /home/airflow/.local/lib/python3.12/site-packages/airflow/example_dags/example_sla_dag.py for tasks to queue
[2024-07-17T10:34:55.308+0000] {logging_mixin.py:188} INFO - [2024-07-17T10:34:55.307+0000] {dagbag.py:545} INFO - Filling up the DagBag from /home/airflow/.local/lib/python3.12/site-packages/airflow/example_dags/example_sla_dag.py
[2024-07-17T10:34:55.318+0000] {processor.py:840} INFO - DAG(s) 'example_sla_dag' retrieved from /home/airflow/.local/lib/python3.12/site-packages/airflow/example_dags/example_sla_dag.py
[2024-07-17T10:34:55.347+0000] {logging_mixin.py:188} INFO - [2024-07-17T10:34:55.347+0000] {dag.py:3096} INFO - Sync 1 DAGs
[2024-07-17T10:34:55.378+0000] {logging_mixin.py:188} INFO - [2024-07-17T10:34:55.378+0000] {dag.py:3954} INFO - Setting next_dagrun for example_sla_dag to 2024-07-17 10:32:00+00:00, run_after=2024-07-17 10:34:00+00:00
[2024-07-17T10:34:55.400+0000] {processor.py:183} INFO - Processing /home/airflow/.local/lib/python3.12/site-packages/airflow/example_dags/example_sla_dag.py took 0.102 seconds
[2024-07-17T10:35:26.093+0000] {processor.py:161} INFO - Started process (PID=484) to work on /home/airflow/.local/lib/python3.12/site-packages/airflow/example_dags/example_sla_dag.py
[2024-07-17T10:35:26.094+0000] {processor.py:830} INFO - Processing file /home/airflow/.local/lib/python3.12/site-packages/airflow/example_dags/example_sla_dag.py for tasks to queue
[2024-07-17T10:35:26.098+0000] {logging_mixin.py:188} INFO - [2024-07-17T10:35:26.097+0000] {dagbag.py:545} INFO - Filling up the DagBag from /home/airflow/.local/lib/python3.12/site-packages/airflow/example_dags/example_sla_dag.py
[2024-07-17T10:35:26.110+0000] {processor.py:840} INFO - DAG(s) 'example_sla_dag' retrieved from /home/airflow/.local/lib/python3.12/site-packages/airflow/example_dags/example_sla_dag.py
[2024-07-17T10:35:26.144+0000] {logging_mixin.py:188} INFO - [2024-07-17T10:35:26.144+0000] {dag.py:3096} INFO - Sync 1 DAGs
[2024-07-17T10:35:26.189+0000] {logging_mixin.py:188} INFO - [2024-07-17T10:35:26.189+0000] {dag.py:3954} INFO - Setting next_dagrun for example_sla_dag to 2024-07-17 10:32:00+00:00, run_after=2024-07-17 10:34:00+00:00
[2024-07-17T10:35:26.238+0000] {processor.py:183} INFO - Processing /home/airflow/.local/lib/python3.12/site-packages/airflow/example_dags/example_sla_dag.py took 0.154 seconds
[2024-07-17T10:35:56.647+0000] {processor.py:161} INFO - Started process (PID=543) to work on /home/airflow/.local/lib/python3.12/site-packages/airflow/example_dags/example_sla_dag.py
[2024-07-17T10:35:56.654+0000] {processor.py:830} INFO - Processing file /home/airflow/.local/lib/python3.12/site-packages/airflow/example_dags/example_sla_dag.py for tasks to queue
[2024-07-17T10:35:56.663+0000] {logging_mixin.py:188} INFO - [2024-07-17T10:35:56.662+0000] {dagbag.py:545} INFO - Filling up the DagBag from /home/airflow/.local/lib/python3.12/site-packages/airflow/example_dags/example_sla_dag.py
[2024-07-17T10:35:56.680+0000] {processor.py:840} INFO - DAG(s) 'example_sla_dag' retrieved from /home/airflow/.local/lib/python3.12/site-packages/airflow/example_dags/example_sla_dag.py
[2024-07-17T10:35:56.712+0000] {logging_mixin.py:188} INFO - [2024-07-17T10:35:56.712+0000] {dag.py:3096} INFO - Sync 1 DAGs
[2024-07-17T10:35:56.760+0000] {logging_mixin.py:188} INFO - [2024-07-17T10:35:56.759+0000] {dag.py:3954} INFO - Setting next_dagrun for example_sla_dag to 2024-07-17 10:32:00+00:00, run_after=2024-07-17 10:34:00+00:00
[2024-07-17T10:35:56.807+0000] {processor.py:183} INFO - Processing /home/airflow/.local/lib/python3.12/site-packages/airflow/example_dags/example_sla_dag.py took 0.168 seconds
[2024-07-17T10:36:27.055+0000] {processor.py:161} INFO - Started process (PID=602) to work on /home/airflow/.local/lib/python3.12/site-packages/airflow/example_dags/example_sla_dag.py
[2024-07-17T10:36:27.056+0000] {processor.py:830} INFO - Processing file /home/airflow/.local/lib/python3.12/site-packages/airflow/example_dags/example_sla_dag.py for tasks to queue
[2024-07-17T10:36:27.058+0000] {logging_mixin.py:188} INFO - [2024-07-17T10:36:27.057+0000] {dagbag.py:545} INFO - Filling up the DagBag from /home/airflow/.local/lib/python3.12/site-packages/airflow/example_dags/example_sla_dag.py
[2024-07-17T10:36:27.067+0000] {processor.py:840} INFO - DAG(s) 'example_sla_dag' retrieved from /home/airflow/.local/lib/python3.12/site-packages/airflow/example_dags/example_sla_dag.py
[2024-07-17T10:36:27.088+0000] {logging_mixin.py:188} INFO - [2024-07-17T10:36:27.088+0000] {dag.py:3096} INFO - Sync 1 DAGs
[2024-07-17T10:36:27.115+0000] {logging_mixin.py:188} INFO - [2024-07-17T10:36:27.114+0000] {dag.py:3954} INFO - Setting next_dagrun for example_sla_dag to 2024-07-17 10:34:00+00:00, run_after=2024-07-17 10:36:00+00:00
[2024-07-17T10:36:27.138+0000] {processor.py:183} INFO - Processing /home/airflow/.local/lib/python3.12/site-packages/airflow/example_dags/example_sla_dag.py took 0.089 seconds
[2024-07-17T13:41:24.339+0000] {processor.py:161} INFO - Started process (PID=58) to work on /home/airflow/.local/lib/python3.12/site-packages/airflow/example_dags/example_sla_dag.py
[2024-07-17T13:41:24.344+0000] {processor.py:830} INFO - Processing file /home/airflow/.local/lib/python3.12/site-packages/airflow/example_dags/example_sla_dag.py for tasks to queue
[2024-07-17T13:41:24.355+0000] {logging_mixin.py:188} INFO - [2024-07-17T13:41:24.353+0000] {dagbag.py:545} INFO - Filling up the DagBag from /home/airflow/.local/lib/python3.12/site-packages/airflow/example_dags/example_sla_dag.py
[2024-07-17T13:41:24.413+0000] {processor.py:840} INFO - DAG(s) 'example_sla_dag' retrieved from /home/airflow/.local/lib/python3.12/site-packages/airflow/example_dags/example_sla_dag.py
[2024-07-17T13:41:25.027+0000] {logging_mixin.py:188} INFO - [2024-07-17T13:41:25.026+0000] {dag.py:3096} INFO - Sync 1 DAGs
[2024-07-17T13:41:25.143+0000] {logging_mixin.py:188} INFO - [2024-07-17T13:41:25.143+0000] {dag.py:3954} INFO - Setting next_dagrun for example_sla_dag to 2024-07-17 13:38:00+00:00, run_after=2024-07-17 13:40:00+00:00
[2024-07-17T13:41:25.202+0000] {processor.py:183} INFO - Processing /home/airflow/.local/lib/python3.12/site-packages/airflow/example_dags/example_sla_dag.py took 0.891 seconds
[2024-07-17T13:41:55.690+0000] {processor.py:161} INFO - Started process (PID=118) to work on /home/airflow/.local/lib/python3.12/site-packages/airflow/example_dags/example_sla_dag.py
[2024-07-17T13:41:55.691+0000] {processor.py:830} INFO - Processing file /home/airflow/.local/lib/python3.12/site-packages/airflow/example_dags/example_sla_dag.py for tasks to queue
[2024-07-17T13:41:55.693+0000] {logging_mixin.py:188} INFO - [2024-07-17T13:41:55.693+0000] {dagbag.py:545} INFO - Filling up the DagBag from /home/airflow/.local/lib/python3.12/site-packages/airflow/example_dags/example_sla_dag.py
[2024-07-17T13:41:55.703+0000] {processor.py:840} INFO - DAG(s) 'example_sla_dag' retrieved from /home/airflow/.local/lib/python3.12/site-packages/airflow/example_dags/example_sla_dag.py
[2024-07-17T13:41:55.723+0000] {logging_mixin.py:188} INFO - [2024-07-17T13:41:55.722+0000] {dag.py:3096} INFO - Sync 1 DAGs
[2024-07-17T13:41:55.752+0000] {logging_mixin.py:188} INFO - [2024-07-17T13:41:55.752+0000] {dag.py:3954} INFO - Setting next_dagrun for example_sla_dag to 2024-07-17 13:38:00+00:00, run_after=2024-07-17 13:40:00+00:00
[2024-07-17T13:41:55.774+0000] {processor.py:183} INFO - Processing /home/airflow/.local/lib/python3.12/site-packages/airflow/example_dags/example_sla_dag.py took 0.090 seconds
[2024-07-17T13:42:26.347+0000] {processor.py:161} INFO - Started process (PID=178) to work on /home/airflow/.local/lib/python3.12/site-packages/airflow/example_dags/example_sla_dag.py
[2024-07-17T13:42:26.349+0000] {processor.py:830} INFO - Processing file /home/airflow/.local/lib/python3.12/site-packages/airflow/example_dags/example_sla_dag.py for tasks to queue
[2024-07-17T13:42:26.350+0000] {logging_mixin.py:188} INFO - [2024-07-17T13:42:26.350+0000] {dagbag.py:545} INFO - Filling up the DagBag from /home/airflow/.local/lib/python3.12/site-packages/airflow/example_dags/example_sla_dag.py
[2024-07-17T13:42:26.357+0000] {processor.py:840} INFO - DAG(s) 'example_sla_dag' retrieved from /home/airflow/.local/lib/python3.12/site-packages/airflow/example_dags/example_sla_dag.py
[2024-07-17T13:42:26.375+0000] {logging_mixin.py:188} INFO - [2024-07-17T13:42:26.375+0000] {dag.py:3096} INFO - Sync 1 DAGs
[2024-07-17T13:42:26.397+0000] {logging_mixin.py:188} INFO - [2024-07-17T13:42:26.397+0000] {dag.py:3954} INFO - Setting next_dagrun for example_sla_dag to 2024-07-17 13:40:00+00:00, run_after=2024-07-17 13:42:00+00:00
[2024-07-17T13:42:26.416+0000] {processor.py:183} INFO - Processing /home/airflow/.local/lib/python3.12/site-packages/airflow/example_dags/example_sla_dag.py took 0.073 seconds
[2024-07-17T13:42:57.000+0000] {processor.py:161} INFO - Started process (PID=238) to work on /home/airflow/.local/lib/python3.12/site-packages/airflow/example_dags/example_sla_dag.py
[2024-07-17T13:42:57.001+0000] {processor.py:830} INFO - Processing file /home/airflow/.local/lib/python3.12/site-packages/airflow/example_dags/example_sla_dag.py for tasks to queue
[2024-07-17T13:42:57.003+0000] {logging_mixin.py:188} INFO - [2024-07-17T13:42:57.003+0000] {dagbag.py:545} INFO - Filling up the DagBag from /home/airflow/.local/lib/python3.12/site-packages/airflow/example_dags/example_sla_dag.py
[2024-07-17T13:42:57.014+0000] {processor.py:840} INFO - DAG(s) 'example_sla_dag' retrieved from /home/airflow/.local/lib/python3.12/site-packages/airflow/example_dags/example_sla_dag.py
[2024-07-17T13:42:57.039+0000] {logging_mixin.py:188} INFO - [2024-07-17T13:42:57.039+0000] {dag.py:3096} INFO - Sync 1 DAGs
[2024-07-17T13:42:57.076+0000] {logging_mixin.py:188} INFO - [2024-07-17T13:42:57.076+0000] {dag.py:3954} INFO - Setting next_dagrun for example_sla_dag to 2024-07-17 13:40:00+00:00, run_after=2024-07-17 13:42:00+00:00
[2024-07-17T13:42:57.103+0000] {processor.py:183} INFO - Processing /home/airflow/.local/lib/python3.12/site-packages/airflow/example_dags/example_sla_dag.py took 0.108 seconds
[2024-07-17T13:43:27.769+0000] {processor.py:161} INFO - Started process (PID=298) to work on /home/airflow/.local/lib/python3.12/site-packages/airflow/example_dags/example_sla_dag.py
[2024-07-17T13:43:27.770+0000] {processor.py:830} INFO - Processing file /home/airflow/.local/lib/python3.12/site-packages/airflow/example_dags/example_sla_dag.py for tasks to queue
[2024-07-17T13:43:27.773+0000] {logging_mixin.py:188} INFO - [2024-07-17T13:43:27.772+0000] {dagbag.py:545} INFO - Filling up the DagBag from /home/airflow/.local/lib/python3.12/site-packages/airflow/example_dags/example_sla_dag.py
[2024-07-17T13:43:27.783+0000] {processor.py:840} INFO - DAG(s) 'example_sla_dag' retrieved from /home/airflow/.local/lib/python3.12/site-packages/airflow/example_dags/example_sla_dag.py
[2024-07-17T13:43:27.809+0000] {logging_mixin.py:188} INFO - [2024-07-17T13:43:27.808+0000] {dag.py:3096} INFO - Sync 1 DAGs
[2024-07-17T13:43:27.842+0000] {logging_mixin.py:188} INFO - [2024-07-17T13:43:27.842+0000] {dag.py:3954} INFO - Setting next_dagrun for example_sla_dag to 2024-07-17 13:40:00+00:00, run_after=2024-07-17 13:42:00+00:00
[2024-07-17T13:43:27.874+0000] {processor.py:183} INFO - Processing /home/airflow/.local/lib/python3.12/site-packages/airflow/example_dags/example_sla_dag.py took 0.111 seconds
[2024-07-17T13:43:58.077+0000] {processor.py:161} INFO - Started process (PID=364) to work on /home/airflow/.local/lib/python3.12/site-packages/airflow/example_dags/example_sla_dag.py
[2024-07-17T13:43:58.078+0000] {processor.py:830} INFO - Processing file /home/airflow/.local/lib/python3.12/site-packages/airflow/example_dags/example_sla_dag.py for tasks to queue
[2024-07-17T13:43:58.080+0000] {logging_mixin.py:188} INFO - [2024-07-17T13:43:58.080+0000] {dagbag.py:545} INFO - Filling up the DagBag from /home/airflow/.local/lib/python3.12/site-packages/airflow/example_dags/example_sla_dag.py
[2024-07-17T13:43:58.088+0000] {processor.py:840} INFO - DAG(s) 'example_sla_dag' retrieved from /home/airflow/.local/lib/python3.12/site-packages/airflow/example_dags/example_sla_dag.py
[2024-07-17T13:43:58.107+0000] {logging_mixin.py:188} INFO - [2024-07-17T13:43:58.107+0000] {dag.py:3096} INFO - Sync 1 DAGs
[2024-07-17T13:43:58.131+0000] {logging_mixin.py:188} INFO - [2024-07-17T13:43:58.131+0000] {dag.py:3954} INFO - Setting next_dagrun for example_sla_dag to 2024-07-17 13:40:00+00:00, run_after=2024-07-17 13:42:00+00:00
[2024-07-17T13:43:58.161+0000] {processor.py:183} INFO - Processing /home/airflow/.local/lib/python3.12/site-packages/airflow/example_dags/example_sla_dag.py took 0.089 seconds
[2024-07-17T13:44:28.306+0000] {processor.py:161} INFO - Started process (PID=424) to work on /home/airflow/.local/lib/python3.12/site-packages/airflow/example_dags/example_sla_dag.py
[2024-07-17T13:44:28.307+0000] {processor.py:830} INFO - Processing file /home/airflow/.local/lib/python3.12/site-packages/airflow/example_dags/example_sla_dag.py for tasks to queue
[2024-07-17T13:44:28.309+0000] {logging_mixin.py:188} INFO - [2024-07-17T13:44:28.309+0000] {dagbag.py:545} INFO - Filling up the DagBag from /home/airflow/.local/lib/python3.12/site-packages/airflow/example_dags/example_sla_dag.py
[2024-07-17T13:44:28.317+0000] {processor.py:840} INFO - DAG(s) 'example_sla_dag' retrieved from /home/airflow/.local/lib/python3.12/site-packages/airflow/example_dags/example_sla_dag.py
[2024-07-17T13:44:28.337+0000] {logging_mixin.py:188} INFO - [2024-07-17T13:44:28.337+0000] {dag.py:3096} INFO - Sync 1 DAGs
[2024-07-17T13:44:28.361+0000] {logging_mixin.py:188} INFO - [2024-07-17T13:44:28.361+0000] {dag.py:3954} INFO - Setting next_dagrun for example_sla_dag to 2024-07-17 13:42:00+00:00, run_after=2024-07-17 13:44:00+00:00
[2024-07-17T13:44:28.388+0000] {processor.py:183} INFO - Processing /home/airflow/.local/lib/python3.12/site-packages/airflow/example_dags/example_sla_dag.py took 0.086 seconds
[2024-07-17T13:44:58.631+0000] {processor.py:161} INFO - Started process (PID=484) to work on /home/airflow/.local/lib/python3.12/site-packages/airflow/example_dags/example_sla_dag.py
[2024-07-17T13:44:58.633+0000] {processor.py:830} INFO - Processing file /home/airflow/.local/lib/python3.12/site-packages/airflow/example_dags/example_sla_dag.py for tasks to queue
[2024-07-17T13:44:58.635+0000] {logging_mixin.py:188} INFO - [2024-07-17T13:44:58.634+0000] {dagbag.py:545} INFO - Filling up the DagBag from /home/airflow/.local/lib/python3.12/site-packages/airflow/example_dags/example_sla_dag.py
[2024-07-17T13:44:58.644+0000] {processor.py:840} INFO - DAG(s) 'example_sla_dag' retrieved from /home/airflow/.local/lib/python3.12/site-packages/airflow/example_dags/example_sla_dag.py
[2024-07-17T13:44:58.669+0000] {logging_mixin.py:188} INFO - [2024-07-17T13:44:58.669+0000] {dag.py:3096} INFO - Sync 1 DAGs
[2024-07-17T13:44:58.700+0000] {logging_mixin.py:188} INFO - [2024-07-17T13:44:58.700+0000] {dag.py:3954} INFO - Setting next_dagrun for example_sla_dag to 2024-07-17 13:42:00+00:00, run_after=2024-07-17 13:44:00+00:00
[2024-07-17T13:44:58.731+0000] {processor.py:183} INFO - Processing /home/airflow/.local/lib/python3.12/site-packages/airflow/example_dags/example_sla_dag.py took 0.105 seconds
[2024-07-17T13:45:29.025+0000] {processor.py:161} INFO - Started process (PID=544) to work on /home/airflow/.local/lib/python3.12/site-packages/airflow/example_dags/example_sla_dag.py
[2024-07-17T13:45:29.026+0000] {processor.py:830} INFO - Processing file /home/airflow/.local/lib/python3.12/site-packages/airflow/example_dags/example_sla_dag.py for tasks to queue
[2024-07-17T13:45:29.028+0000] {logging_mixin.py:188} INFO - [2024-07-17T13:45:29.027+0000] {dagbag.py:545} INFO - Filling up the DagBag from /home/airflow/.local/lib/python3.12/site-packages/airflow/example_dags/example_sla_dag.py
[2024-07-17T13:45:29.036+0000] {processor.py:840} INFO - DAG(s) 'example_sla_dag' retrieved from /home/airflow/.local/lib/python3.12/site-packages/airflow/example_dags/example_sla_dag.py
[2024-07-17T13:45:29.059+0000] {logging_mixin.py:188} INFO - [2024-07-17T13:45:29.059+0000] {dag.py:3096} INFO - Sync 1 DAGs
[2024-07-17T13:45:29.090+0000] {logging_mixin.py:188} INFO - [2024-07-17T13:45:29.089+0000] {dag.py:3954} INFO - Setting next_dagrun for example_sla_dag to 2024-07-17 13:42:00+00:00, run_after=2024-07-17 13:44:00+00:00
[2024-07-17T13:45:29.113+0000] {processor.py:183} INFO - Processing /home/airflow/.local/lib/python3.12/site-packages/airflow/example_dags/example_sla_dag.py took 0.094 seconds
[2024-07-17T13:45:59.575+0000] {processor.py:161} INFO - Started process (PID=604) to work on /home/airflow/.local/lib/python3.12/site-packages/airflow/example_dags/example_sla_dag.py
[2024-07-17T13:45:59.577+0000] {processor.py:830} INFO - Processing file /home/airflow/.local/lib/python3.12/site-packages/airflow/example_dags/example_sla_dag.py for tasks to queue
[2024-07-17T13:45:59.578+0000] {logging_mixin.py:188} INFO - [2024-07-17T13:45:59.578+0000] {dagbag.py:545} INFO - Filling up the DagBag from /home/airflow/.local/lib/python3.12/site-packages/airflow/example_dags/example_sla_dag.py
[2024-07-17T13:45:59.587+0000] {processor.py:840} INFO - DAG(s) 'example_sla_dag' retrieved from /home/airflow/.local/lib/python3.12/site-packages/airflow/example_dags/example_sla_dag.py
[2024-07-17T13:45:59.608+0000] {logging_mixin.py:188} INFO - [2024-07-17T13:45:59.607+0000] {dag.py:3096} INFO - Sync 1 DAGs
[2024-07-17T13:45:59.634+0000] {logging_mixin.py:188} INFO - [2024-07-17T13:45:59.634+0000] {dag.py:3954} INFO - Setting next_dagrun for example_sla_dag to 2024-07-17 13:42:00+00:00, run_after=2024-07-17 13:44:00+00:00
[2024-07-17T13:45:59.655+0000] {processor.py:183} INFO - Processing /home/airflow/.local/lib/python3.12/site-packages/airflow/example_dags/example_sla_dag.py took 0.085 seconds
[2024-07-17T13:46:30.573+0000] {processor.py:161} INFO - Started process (PID=664) to work on /home/airflow/.local/lib/python3.12/site-packages/airflow/example_dags/example_sla_dag.py
[2024-07-17T13:46:30.574+0000] {processor.py:830} INFO - Processing file /home/airflow/.local/lib/python3.12/site-packages/airflow/example_dags/example_sla_dag.py for tasks to queue
[2024-07-17T13:46:30.576+0000] {logging_mixin.py:188} INFO - [2024-07-17T13:46:30.576+0000] {dagbag.py:545} INFO - Filling up the DagBag from /home/airflow/.local/lib/python3.12/site-packages/airflow/example_dags/example_sla_dag.py
[2024-07-17T13:46:30.583+0000] {processor.py:840} INFO - DAG(s) 'example_sla_dag' retrieved from /home/airflow/.local/lib/python3.12/site-packages/airflow/example_dags/example_sla_dag.py
[2024-07-17T13:46:30.601+0000] {logging_mixin.py:188} INFO - [2024-07-17T13:46:30.600+0000] {dag.py:3096} INFO - Sync 1 DAGs
[2024-07-17T13:46:30.626+0000] {logging_mixin.py:188} INFO - [2024-07-17T13:46:30.625+0000] {dag.py:3954} INFO - Setting next_dagrun for example_sla_dag to 2024-07-17 13:44:00+00:00, run_after=2024-07-17 13:46:00+00:00
[2024-07-17T13:46:30.648+0000] {processor.py:183} INFO - Processing /home/airflow/.local/lib/python3.12/site-packages/airflow/example_dags/example_sla_dag.py took 0.080 seconds
[2024-07-17T13:47:01.199+0000] {processor.py:161} INFO - Started process (PID=724) to work on /home/airflow/.local/lib/python3.12/site-packages/airflow/example_dags/example_sla_dag.py
[2024-07-17T13:47:01.200+0000] {processor.py:830} INFO - Processing file /home/airflow/.local/lib/python3.12/site-packages/airflow/example_dags/example_sla_dag.py for tasks to queue
[2024-07-17T13:47:01.202+0000] {logging_mixin.py:188} INFO - [2024-07-17T13:47:01.202+0000] {dagbag.py:545} INFO - Filling up the DagBag from /home/airflow/.local/lib/python3.12/site-packages/airflow/example_dags/example_sla_dag.py
[2024-07-17T13:47:01.211+0000] {processor.py:840} INFO - DAG(s) 'example_sla_dag' retrieved from /home/airflow/.local/lib/python3.12/site-packages/airflow/example_dags/example_sla_dag.py
[2024-07-17T13:47:01.234+0000] {logging_mixin.py:188} INFO - [2024-07-17T13:47:01.234+0000] {dag.py:3096} INFO - Sync 1 DAGs
[2024-07-17T13:47:01.268+0000] {logging_mixin.py:188} INFO - [2024-07-17T13:47:01.268+0000] {dag.py:3954} INFO - Setting next_dagrun for example_sla_dag to 2024-07-17 13:44:00+00:00, run_after=2024-07-17 13:46:00+00:00
[2024-07-17T13:47:01.291+0000] {processor.py:183} INFO - Processing /home/airflow/.local/lib/python3.12/site-packages/airflow/example_dags/example_sla_dag.py took 0.098 seconds
[2024-07-17T13:47:31.391+0000] {processor.py:161} INFO - Started process (PID=784) to work on /home/airflow/.local/lib/python3.12/site-packages/airflow/example_dags/example_sla_dag.py
[2024-07-17T13:47:31.392+0000] {processor.py:830} INFO - Processing file /home/airflow/.local/lib/python3.12/site-packages/airflow/example_dags/example_sla_dag.py for tasks to queue
[2024-07-17T13:47:31.393+0000] {logging_mixin.py:188} INFO - [2024-07-17T13:47:31.393+0000] {dagbag.py:545} INFO - Filling up the DagBag from /home/airflow/.local/lib/python3.12/site-packages/airflow/example_dags/example_sla_dag.py
[2024-07-17T13:47:31.401+0000] {processor.py:840} INFO - DAG(s) 'example_sla_dag' retrieved from /home/airflow/.local/lib/python3.12/site-packages/airflow/example_dags/example_sla_dag.py
[2024-07-17T13:47:31.424+0000] {logging_mixin.py:188} INFO - [2024-07-17T13:47:31.424+0000] {dag.py:3096} INFO - Sync 1 DAGs
[2024-07-17T13:47:31.459+0000] {logging_mixin.py:188} INFO - [2024-07-17T13:47:31.459+0000] {dag.py:3954} INFO - Setting next_dagrun for example_sla_dag to 2024-07-17 13:44:00+00:00, run_after=2024-07-17 13:46:00+00:00
[2024-07-17T13:47:31.500+0000] {processor.py:183} INFO - Processing /home/airflow/.local/lib/python3.12/site-packages/airflow/example_dags/example_sla_dag.py took 0.115 seconds
[2024-07-17T13:48:01.654+0000] {processor.py:161} INFO - Started process (PID=842) to work on /home/airflow/.local/lib/python3.12/site-packages/airflow/example_dags/example_sla_dag.py
[2024-07-17T13:48:01.662+0000] {processor.py:830} INFO - Processing file /home/airflow/.local/lib/python3.12/site-packages/airflow/example_dags/example_sla_dag.py for tasks to queue
[2024-07-17T13:48:01.667+0000] {logging_mixin.py:188} INFO - [2024-07-17T13:48:01.666+0000] {dagbag.py:545} INFO - Filling up the DagBag from /home/airflow/.local/lib/python3.12/site-packages/airflow/example_dags/example_sla_dag.py
[2024-07-17T13:48:01.678+0000] {processor.py:840} INFO - DAG(s) 'example_sla_dag' retrieved from /home/airflow/.local/lib/python3.12/site-packages/airflow/example_dags/example_sla_dag.py
[2024-07-17T13:48:01.702+0000] {logging_mixin.py:188} INFO - [2024-07-17T13:48:01.702+0000] {dag.py:3096} INFO - Sync 1 DAGs
[2024-07-17T13:48:01.732+0000] {logging_mixin.py:188} INFO - [2024-07-17T13:48:01.732+0000] {dag.py:3954} INFO - Setting next_dagrun for example_sla_dag to 2024-07-17 13:46:00+00:00, run_after=2024-07-17 13:48:00+00:00
[2024-07-17T13:48:01.753+0000] {processor.py:183} INFO - Processing /home/airflow/.local/lib/python3.12/site-packages/airflow/example_dags/example_sla_dag.py took 0.107 seconds
[2024-07-17T13:48:32.089+0000] {processor.py:161} INFO - Started process (PID=902) to work on /home/airflow/.local/lib/python3.12/site-packages/airflow/example_dags/example_sla_dag.py
[2024-07-17T13:48:32.090+0000] {processor.py:830} INFO - Processing file /home/airflow/.local/lib/python3.12/site-packages/airflow/example_dags/example_sla_dag.py for tasks to queue
[2024-07-17T13:48:32.101+0000] {logging_mixin.py:188} INFO - [2024-07-17T13:48:32.100+0000] {dagbag.py:545} INFO - Filling up the DagBag from /home/airflow/.local/lib/python3.12/site-packages/airflow/example_dags/example_sla_dag.py
[2024-07-17T13:48:32.113+0000] {processor.py:840} INFO - DAG(s) 'example_sla_dag' retrieved from /home/airflow/.local/lib/python3.12/site-packages/airflow/example_dags/example_sla_dag.py
[2024-07-17T13:48:32.153+0000] {logging_mixin.py:188} INFO - [2024-07-17T13:48:32.152+0000] {dag.py:3096} INFO - Sync 1 DAGs
[2024-07-17T13:48:32.198+0000] {logging_mixin.py:188} INFO - [2024-07-17T13:48:32.198+0000] {dag.py:3954} INFO - Setting next_dagrun for example_sla_dag to 2024-07-17 13:46:00+00:00, run_after=2024-07-17 13:48:00+00:00
[2024-07-17T13:48:32.231+0000] {processor.py:183} INFO - Processing /home/airflow/.local/lib/python3.12/site-packages/airflow/example_dags/example_sla_dag.py took 0.151 seconds
[2024-07-17T13:49:02.379+0000] {processor.py:161} INFO - Started process (PID=962) to work on /home/airflow/.local/lib/python3.12/site-packages/airflow/example_dags/example_sla_dag.py
[2024-07-17T13:49:02.388+0000] {processor.py:830} INFO - Processing file /home/airflow/.local/lib/python3.12/site-packages/airflow/example_dags/example_sla_dag.py for tasks to queue
[2024-07-17T13:49:02.390+0000] {logging_mixin.py:188} INFO - [2024-07-17T13:49:02.390+0000] {dagbag.py:545} INFO - Filling up the DagBag from /home/airflow/.local/lib/python3.12/site-packages/airflow/example_dags/example_sla_dag.py
[2024-07-17T13:49:02.402+0000] {processor.py:840} INFO - DAG(s) 'example_sla_dag' retrieved from /home/airflow/.local/lib/python3.12/site-packages/airflow/example_dags/example_sla_dag.py
[2024-07-17T13:49:02.431+0000] {logging_mixin.py:188} INFO - [2024-07-17T13:49:02.431+0000] {dag.py:3096} INFO - Sync 1 DAGs
[2024-07-17T13:49:02.475+0000] {logging_mixin.py:188} INFO - [2024-07-17T13:49:02.475+0000] {dag.py:3954} INFO - Setting next_dagrun for example_sla_dag to 2024-07-17 13:46:00+00:00, run_after=2024-07-17 13:48:00+00:00
[2024-07-17T13:49:02.504+0000] {processor.py:183} INFO - Processing /home/airflow/.local/lib/python3.12/site-packages/airflow/example_dags/example_sla_dag.py took 0.133 seconds
[2024-07-17T13:49:32.651+0000] {processor.py:161} INFO - Started process (PID=1022) to work on /home/airflow/.local/lib/python3.12/site-packages/airflow/example_dags/example_sla_dag.py
[2024-07-17T13:49:32.652+0000] {processor.py:830} INFO - Processing file /home/airflow/.local/lib/python3.12/site-packages/airflow/example_dags/example_sla_dag.py for tasks to queue
[2024-07-17T13:49:32.654+0000] {logging_mixin.py:188} INFO - [2024-07-17T13:49:32.654+0000] {dagbag.py:545} INFO - Filling up the DagBag from /home/airflow/.local/lib/python3.12/site-packages/airflow/example_dags/example_sla_dag.py
[2024-07-17T13:49:32.662+0000] {processor.py:840} INFO - DAG(s) 'example_sla_dag' retrieved from /home/airflow/.local/lib/python3.12/site-packages/airflow/example_dags/example_sla_dag.py
[2024-07-17T13:49:32.682+0000] {logging_mixin.py:188} INFO - [2024-07-17T13:49:32.681+0000] {dag.py:3096} INFO - Sync 1 DAGs
[2024-07-17T13:49:32.707+0000] {logging_mixin.py:188} INFO - [2024-07-17T13:49:32.706+0000] {dag.py:3954} INFO - Setting next_dagrun for example_sla_dag to 2024-07-17 13:46:00+00:00, run_after=2024-07-17 13:48:00+00:00
[2024-07-17T13:49:32.728+0000] {processor.py:183} INFO - Processing /home/airflow/.local/lib/python3.12/site-packages/airflow/example_dags/example_sla_dag.py took 0.082 seconds
[2024-07-17T13:50:02.914+0000] {processor.py:161} INFO - Started process (PID=1082) to work on /home/airflow/.local/lib/python3.12/site-packages/airflow/example_dags/example_sla_dag.py
[2024-07-17T13:50:02.915+0000] {processor.py:830} INFO - Processing file /home/airflow/.local/lib/python3.12/site-packages/airflow/example_dags/example_sla_dag.py for tasks to queue
[2024-07-17T13:50:02.917+0000] {logging_mixin.py:188} INFO - [2024-07-17T13:50:02.917+0000] {dagbag.py:545} INFO - Filling up the DagBag from /home/airflow/.local/lib/python3.12/site-packages/airflow/example_dags/example_sla_dag.py
[2024-07-17T13:50:02.928+0000] {processor.py:840} INFO - DAG(s) 'example_sla_dag' retrieved from /home/airflow/.local/lib/python3.12/site-packages/airflow/example_dags/example_sla_dag.py
[2024-07-17T13:50:02.952+0000] {logging_mixin.py:188} INFO - [2024-07-17T13:50:02.952+0000] {dag.py:3096} INFO - Sync 1 DAGs
[2024-07-17T13:50:02.985+0000] {logging_mixin.py:188} INFO - [2024-07-17T13:50:02.985+0000] {dag.py:3954} INFO - Setting next_dagrun for example_sla_dag to 2024-07-17 13:48:00+00:00, run_after=2024-07-17 13:50:00+00:00
[2024-07-17T13:50:03.014+0000] {processor.py:183} INFO - Processing /home/airflow/.local/lib/python3.12/site-packages/airflow/example_dags/example_sla_dag.py took 0.107 seconds
[2024-07-17T13:50:33.444+0000] {processor.py:161} INFO - Started process (PID=1142) to work on /home/airflow/.local/lib/python3.12/site-packages/airflow/example_dags/example_sla_dag.py
[2024-07-17T13:50:33.446+0000] {processor.py:830} INFO - Processing file /home/airflow/.local/lib/python3.12/site-packages/airflow/example_dags/example_sla_dag.py for tasks to queue
[2024-07-17T13:50:33.448+0000] {logging_mixin.py:188} INFO - [2024-07-17T13:50:33.448+0000] {dagbag.py:545} INFO - Filling up the DagBag from /home/airflow/.local/lib/python3.12/site-packages/airflow/example_dags/example_sla_dag.py
[2024-07-17T13:50:33.461+0000] {processor.py:840} INFO - DAG(s) 'example_sla_dag' retrieved from /home/airflow/.local/lib/python3.12/site-packages/airflow/example_dags/example_sla_dag.py
[2024-07-17T13:50:33.489+0000] {logging_mixin.py:188} INFO - [2024-07-17T13:50:33.488+0000] {dag.py:3096} INFO - Sync 1 DAGs
[2024-07-17T13:50:33.536+0000] {logging_mixin.py:188} INFO - [2024-07-17T13:50:33.536+0000] {dag.py:3954} INFO - Setting next_dagrun for example_sla_dag to 2024-07-17 13:48:00+00:00, run_after=2024-07-17 13:50:00+00:00
[2024-07-17T13:50:33.578+0000] {processor.py:183} INFO - Processing /home/airflow/.local/lib/python3.12/site-packages/airflow/example_dags/example_sla_dag.py took 0.142 seconds
[2024-07-17T13:51:31.429+0000] {processor.py:161} INFO - Started process (PID=1176) to work on /home/airflow/.local/lib/python3.12/site-packages/airflow/example_dags/example_sla_dag.py
[2024-07-17T13:51:31.430+0000] {processor.py:830} INFO - Processing file /home/airflow/.local/lib/python3.12/site-packages/airflow/example_dags/example_sla_dag.py for tasks to queue
[2024-07-17T13:51:31.433+0000] {logging_mixin.py:188} INFO - [2024-07-17T13:51:31.433+0000] {dagbag.py:545} INFO - Filling up the DagBag from /home/airflow/.local/lib/python3.12/site-packages/airflow/example_dags/example_sla_dag.py
[2024-07-17T13:51:31.443+0000] {processor.py:840} INFO - DAG(s) 'example_sla_dag' retrieved from /home/airflow/.local/lib/python3.12/site-packages/airflow/example_dags/example_sla_dag.py
[2024-07-17T13:51:31.466+0000] {logging_mixin.py:188} INFO - [2024-07-17T13:51:31.466+0000] {dag.py:3096} INFO - Sync 1 DAGs
[2024-07-17T13:51:31.496+0000] {logging_mixin.py:188} INFO - [2024-07-17T13:51:31.495+0000] {dag.py:3954} INFO - Setting next_dagrun for example_sla_dag to 2024-07-17 13:48:00+00:00, run_after=2024-07-17 13:50:00+00:00
[2024-07-17T13:51:31.517+0000] {processor.py:183} INFO - Processing /home/airflow/.local/lib/python3.12/site-packages/airflow/example_dags/example_sla_dag.py took 0.094 seconds
[2024-07-17T13:52:01.731+0000] {processor.py:161} INFO - Started process (PID=1236) to work on /home/airflow/.local/lib/python3.12/site-packages/airflow/example_dags/example_sla_dag.py
[2024-07-17T13:52:01.733+0000] {processor.py:830} INFO - Processing file /home/airflow/.local/lib/python3.12/site-packages/airflow/example_dags/example_sla_dag.py for tasks to queue
[2024-07-17T13:52:01.736+0000] {logging_mixin.py:188} INFO - [2024-07-17T13:52:01.736+0000] {dagbag.py:545} INFO - Filling up the DagBag from /home/airflow/.local/lib/python3.12/site-packages/airflow/example_dags/example_sla_dag.py
[2024-07-17T13:52:01.748+0000] {processor.py:840} INFO - DAG(s) 'example_sla_dag' retrieved from /home/airflow/.local/lib/python3.12/site-packages/airflow/example_dags/example_sla_dag.py
[2024-07-17T13:52:01.782+0000] {logging_mixin.py:188} INFO - [2024-07-17T13:52:01.782+0000] {dag.py:3096} INFO - Sync 1 DAGs
[2024-07-17T13:52:01.823+0000] {logging_mixin.py:188} INFO - [2024-07-17T13:52:01.822+0000] {dag.py:3954} INFO - Setting next_dagrun for example_sla_dag to 2024-07-17 13:50:00+00:00, run_after=2024-07-17 13:52:00+00:00
[2024-07-17T13:52:01.850+0000] {processor.py:183} INFO - Processing /home/airflow/.local/lib/python3.12/site-packages/airflow/example_dags/example_sla_dag.py took 0.127 seconds
[2024-07-17T13:52:33.333+0000] {processor.py:161} INFO - Started process (PID=1296) to work on /home/airflow/.local/lib/python3.12/site-packages/airflow/example_dags/example_sla_dag.py
[2024-07-17T13:52:33.336+0000] {processor.py:830} INFO - Processing file /home/airflow/.local/lib/python3.12/site-packages/airflow/example_dags/example_sla_dag.py for tasks to queue
[2024-07-17T13:52:33.338+0000] {logging_mixin.py:188} INFO - [2024-07-17T13:52:33.338+0000] {dagbag.py:545} INFO - Filling up the DagBag from /home/airflow/.local/lib/python3.12/site-packages/airflow/example_dags/example_sla_dag.py
[2024-07-17T13:52:33.362+0000] {processor.py:840} INFO - DAG(s) 'example_sla_dag' retrieved from /home/airflow/.local/lib/python3.12/site-packages/airflow/example_dags/example_sla_dag.py
[2024-07-17T13:52:33.402+0000] {logging_mixin.py:188} INFO - [2024-07-17T13:52:33.402+0000] {dag.py:3096} INFO - Sync 1 DAGs
[2024-07-17T13:52:33.455+0000] {logging_mixin.py:188} INFO - [2024-07-17T13:52:33.455+0000] {dag.py:3954} INFO - Setting next_dagrun for example_sla_dag to 2024-07-17 13:50:00+00:00, run_after=2024-07-17 13:52:00+00:00
[2024-07-17T13:52:33.482+0000] {processor.py:183} INFO - Processing /home/airflow/.local/lib/python3.12/site-packages/airflow/example_dags/example_sla_dag.py took 0.166 seconds
[2024-07-17T13:53:04.024+0000] {processor.py:161} INFO - Started process (PID=1357) to work on /home/airflow/.local/lib/python3.12/site-packages/airflow/example_dags/example_sla_dag.py
[2024-07-17T13:53:04.026+0000] {processor.py:830} INFO - Processing file /home/airflow/.local/lib/python3.12/site-packages/airflow/example_dags/example_sla_dag.py for tasks to queue
[2024-07-17T13:53:04.028+0000] {logging_mixin.py:188} INFO - [2024-07-17T13:53:04.028+0000] {dagbag.py:545} INFO - Filling up the DagBag from /home/airflow/.local/lib/python3.12/site-packages/airflow/example_dags/example_sla_dag.py
[2024-07-17T13:53:04.040+0000] {processor.py:840} INFO - DAG(s) 'example_sla_dag' retrieved from /home/airflow/.local/lib/python3.12/site-packages/airflow/example_dags/example_sla_dag.py
[2024-07-17T13:53:04.066+0000] {logging_mixin.py:188} INFO - [2024-07-17T13:53:04.065+0000] {dag.py:3096} INFO - Sync 1 DAGs
[2024-07-17T13:53:04.098+0000] {logging_mixin.py:188} INFO - [2024-07-17T13:53:04.097+0000] {dag.py:3954} INFO - Setting next_dagrun for example_sla_dag to 2024-07-17 13:50:00+00:00, run_after=2024-07-17 13:52:00+00:00
[2024-07-17T13:53:04.125+0000] {processor.py:183} INFO - Processing /home/airflow/.local/lib/python3.12/site-packages/airflow/example_dags/example_sla_dag.py took 0.108 seconds
[2024-07-17T13:53:34.628+0000] {processor.py:161} INFO - Started process (PID=1417) to work on /home/airflow/.local/lib/python3.12/site-packages/airflow/example_dags/example_sla_dag.py
[2024-07-17T13:53:34.631+0000] {processor.py:830} INFO - Processing file /home/airflow/.local/lib/python3.12/site-packages/airflow/example_dags/example_sla_dag.py for tasks to queue
[2024-07-17T13:53:34.634+0000] {logging_mixin.py:188} INFO - [2024-07-17T13:53:34.634+0000] {dagbag.py:545} INFO - Filling up the DagBag from /home/airflow/.local/lib/python3.12/site-packages/airflow/example_dags/example_sla_dag.py
[2024-07-17T13:53:34.648+0000] {processor.py:840} INFO - DAG(s) 'example_sla_dag' retrieved from /home/airflow/.local/lib/python3.12/site-packages/airflow/example_dags/example_sla_dag.py
[2024-07-17T13:53:34.686+0000] {logging_mixin.py:188} INFO - [2024-07-17T13:53:34.686+0000] {dag.py:3096} INFO - Sync 1 DAGs
[2024-07-17T13:53:34.730+0000] {logging_mixin.py:188} INFO - [2024-07-17T13:53:34.729+0000] {dag.py:3954} INFO - Setting next_dagrun for example_sla_dag to 2024-07-17 13:50:00+00:00, run_after=2024-07-17 13:52:00+00:00
[2024-07-17T13:53:34.761+0000] {processor.py:183} INFO - Processing /home/airflow/.local/lib/python3.12/site-packages/airflow/example_dags/example_sla_dag.py took 0.142 seconds
[2024-07-17T13:54:04.989+0000] {processor.py:161} INFO - Started process (PID=1477) to work on /home/airflow/.local/lib/python3.12/site-packages/airflow/example_dags/example_sla_dag.py
[2024-07-17T13:54:04.990+0000] {processor.py:830} INFO - Processing file /home/airflow/.local/lib/python3.12/site-packages/airflow/example_dags/example_sla_dag.py for tasks to queue
[2024-07-17T13:54:04.993+0000] {logging_mixin.py:188} INFO - [2024-07-17T13:54:04.992+0000] {dagbag.py:545} INFO - Filling up the DagBag from /home/airflow/.local/lib/python3.12/site-packages/airflow/example_dags/example_sla_dag.py
[2024-07-17T13:54:05.005+0000] {processor.py:840} INFO - DAG(s) 'example_sla_dag' retrieved from /home/airflow/.local/lib/python3.12/site-packages/airflow/example_dags/example_sla_dag.py
[2024-07-17T13:54:05.032+0000] {logging_mixin.py:188} INFO - [2024-07-17T13:54:05.031+0000] {dag.py:3096} INFO - Sync 1 DAGs
[2024-07-17T13:54:05.065+0000] {logging_mixin.py:188} INFO - [2024-07-17T13:54:05.065+0000] {dag.py:3954} INFO - Setting next_dagrun for example_sla_dag to 2024-07-17 13:52:00+00:00, run_after=2024-07-17 13:54:00+00:00
[2024-07-17T13:54:05.088+0000] {processor.py:183} INFO - Processing /home/airflow/.local/lib/python3.12/site-packages/airflow/example_dags/example_sla_dag.py took 0.106 seconds
[2024-07-17T13:54:35.712+0000] {processor.py:161} INFO - Started process (PID=1537) to work on /home/airflow/.local/lib/python3.12/site-packages/airflow/example_dags/example_sla_dag.py
[2024-07-17T13:54:35.715+0000] {processor.py:830} INFO - Processing file /home/airflow/.local/lib/python3.12/site-packages/airflow/example_dags/example_sla_dag.py for tasks to queue
[2024-07-17T13:54:35.723+0000] {logging_mixin.py:188} INFO - [2024-07-17T13:54:35.723+0000] {dagbag.py:545} INFO - Filling up the DagBag from /home/airflow/.local/lib/python3.12/site-packages/airflow/example_dags/example_sla_dag.py
[2024-07-17T13:54:35.736+0000] {processor.py:840} INFO - DAG(s) 'example_sla_dag' retrieved from /home/airflow/.local/lib/python3.12/site-packages/airflow/example_dags/example_sla_dag.py
[2024-07-17T13:54:35.767+0000] {logging_mixin.py:188} INFO - [2024-07-17T13:54:35.767+0000] {dag.py:3096} INFO - Sync 1 DAGs
[2024-07-17T13:54:35.811+0000] {logging_mixin.py:188} INFO - [2024-07-17T13:54:35.810+0000] {dag.py:3954} INFO - Setting next_dagrun for example_sla_dag to 2024-07-17 13:52:00+00:00, run_after=2024-07-17 13:54:00+00:00
[2024-07-17T13:54:35.834+0000] {processor.py:183} INFO - Processing /home/airflow/.local/lib/python3.12/site-packages/airflow/example_dags/example_sla_dag.py took 0.130 seconds
[2024-07-17T13:55:05.885+0000] {processor.py:161} INFO - Started process (PID=1595) to work on /home/airflow/.local/lib/python3.12/site-packages/airflow/example_dags/example_sla_dag.py
[2024-07-17T13:55:05.887+0000] {processor.py:830} INFO - Processing file /home/airflow/.local/lib/python3.12/site-packages/airflow/example_dags/example_sla_dag.py for tasks to queue
[2024-07-17T13:55:05.890+0000] {logging_mixin.py:188} INFO - [2024-07-17T13:55:05.890+0000] {dagbag.py:545} INFO - Filling up the DagBag from /home/airflow/.local/lib/python3.12/site-packages/airflow/example_dags/example_sla_dag.py
[2024-07-17T13:55:05.902+0000] {processor.py:840} INFO - DAG(s) 'example_sla_dag' retrieved from /home/airflow/.local/lib/python3.12/site-packages/airflow/example_dags/example_sla_dag.py
[2024-07-17T13:55:05.929+0000] {logging_mixin.py:188} INFO - [2024-07-17T13:55:05.928+0000] {dag.py:3096} INFO - Sync 1 DAGs
[2024-07-17T13:55:05.960+0000] {logging_mixin.py:188} INFO - [2024-07-17T13:55:05.960+0000] {dag.py:3954} INFO - Setting next_dagrun for example_sla_dag to 2024-07-17 13:52:00+00:00, run_after=2024-07-17 13:54:00+00:00
[2024-07-17T13:55:05.981+0000] {processor.py:183} INFO - Processing /home/airflow/.local/lib/python3.12/site-packages/airflow/example_dags/example_sla_dag.py took 0.104 seconds
[2024-07-17T13:55:36.200+0000] {processor.py:161} INFO - Started process (PID=1655) to work on /home/airflow/.local/lib/python3.12/site-packages/airflow/example_dags/example_sla_dag.py
[2024-07-17T13:55:36.202+0000] {processor.py:830} INFO - Processing file /home/airflow/.local/lib/python3.12/site-packages/airflow/example_dags/example_sla_dag.py for tasks to queue
[2024-07-17T13:55:36.204+0000] {logging_mixin.py:188} INFO - [2024-07-17T13:55:36.204+0000] {dagbag.py:545} INFO - Filling up the DagBag from /home/airflow/.local/lib/python3.12/site-packages/airflow/example_dags/example_sla_dag.py
[2024-07-17T13:55:36.214+0000] {processor.py:840} INFO - DAG(s) 'example_sla_dag' retrieved from /home/airflow/.local/lib/python3.12/site-packages/airflow/example_dags/example_sla_dag.py
[2024-07-17T13:55:36.235+0000] {logging_mixin.py:188} INFO - [2024-07-17T13:55:36.234+0000] {dag.py:3096} INFO - Sync 1 DAGs
[2024-07-17T13:55:36.259+0000] {logging_mixin.py:188} INFO - [2024-07-17T13:55:36.259+0000] {dag.py:3954} INFO - Setting next_dagrun for example_sla_dag to 2024-07-17 13:52:00+00:00, run_after=2024-07-17 13:54:00+00:00
[2024-07-17T13:55:36.281+0000] {processor.py:183} INFO - Processing /home/airflow/.local/lib/python3.12/site-packages/airflow/example_dags/example_sla_dag.py took 0.089 seconds
[2024-07-17T13:56:06.520+0000] {processor.py:161} INFO - Started process (PID=1716) to work on /home/airflow/.local/lib/python3.12/site-packages/airflow/example_dags/example_sla_dag.py
[2024-07-17T13:56:06.521+0000] {processor.py:830} INFO - Processing file /home/airflow/.local/lib/python3.12/site-packages/airflow/example_dags/example_sla_dag.py for tasks to queue
[2024-07-17T13:56:06.523+0000] {logging_mixin.py:188} INFO - [2024-07-17T13:56:06.523+0000] {dagbag.py:545} INFO - Filling up the DagBag from /home/airflow/.local/lib/python3.12/site-packages/airflow/example_dags/example_sla_dag.py
[2024-07-17T13:56:06.535+0000] {processor.py:840} INFO - DAG(s) 'example_sla_dag' retrieved from /home/airflow/.local/lib/python3.12/site-packages/airflow/example_dags/example_sla_dag.py
[2024-07-17T13:56:06.565+0000] {logging_mixin.py:188} INFO - [2024-07-17T13:56:06.565+0000] {dag.py:3096} INFO - Sync 1 DAGs
[2024-07-17T13:56:06.603+0000] {logging_mixin.py:188} INFO - [2024-07-17T13:56:06.602+0000] {dag.py:3954} INFO - Setting next_dagrun for example_sla_dag to 2024-07-17 13:54:00+00:00, run_after=2024-07-17 13:56:00+00:00
[2024-07-17T13:56:06.633+0000] {processor.py:183} INFO - Processing /home/airflow/.local/lib/python3.12/site-packages/airflow/example_dags/example_sla_dag.py took 0.121 seconds
[2024-07-17T13:56:36.907+0000] {processor.py:161} INFO - Started process (PID=1776) to work on /home/airflow/.local/lib/python3.12/site-packages/airflow/example_dags/example_sla_dag.py
[2024-07-17T13:56:36.908+0000] {processor.py:830} INFO - Processing file /home/airflow/.local/lib/python3.12/site-packages/airflow/example_dags/example_sla_dag.py for tasks to queue
[2024-07-17T13:56:36.911+0000] {logging_mixin.py:188} INFO - [2024-07-17T13:56:36.910+0000] {dagbag.py:545} INFO - Filling up the DagBag from /home/airflow/.local/lib/python3.12/site-packages/airflow/example_dags/example_sla_dag.py
[2024-07-17T13:56:36.922+0000] {processor.py:840} INFO - DAG(s) 'example_sla_dag' retrieved from /home/airflow/.local/lib/python3.12/site-packages/airflow/example_dags/example_sla_dag.py
[2024-07-17T13:56:36.950+0000] {logging_mixin.py:188} INFO - [2024-07-17T13:56:36.950+0000] {dag.py:3096} INFO - Sync 1 DAGs
[2024-07-17T13:56:36.984+0000] {logging_mixin.py:188} INFO - [2024-07-17T13:56:36.984+0000] {dag.py:3954} INFO - Setting next_dagrun for example_sla_dag to 2024-07-17 13:54:00+00:00, run_after=2024-07-17 13:56:00+00:00
[2024-07-17T13:56:37.010+0000] {processor.py:183} INFO - Processing /home/airflow/.local/lib/python3.12/site-packages/airflow/example_dags/example_sla_dag.py took 0.111 seconds
[2024-07-17T13:57:07.619+0000] {processor.py:161} INFO - Started process (PID=1836) to work on /home/airflow/.local/lib/python3.12/site-packages/airflow/example_dags/example_sla_dag.py
[2024-07-17T13:57:07.620+0000] {processor.py:830} INFO - Processing file /home/airflow/.local/lib/python3.12/site-packages/airflow/example_dags/example_sla_dag.py for tasks to queue
[2024-07-17T13:57:07.622+0000] {logging_mixin.py:188} INFO - [2024-07-17T13:57:07.621+0000] {dagbag.py:545} INFO - Filling up the DagBag from /home/airflow/.local/lib/python3.12/site-packages/airflow/example_dags/example_sla_dag.py
[2024-07-17T13:57:07.629+0000] {processor.py:840} INFO - DAG(s) 'example_sla_dag' retrieved from /home/airflow/.local/lib/python3.12/site-packages/airflow/example_dags/example_sla_dag.py
[2024-07-17T13:57:07.648+0000] {logging_mixin.py:188} INFO - [2024-07-17T13:57:07.648+0000] {dag.py:3096} INFO - Sync 1 DAGs
[2024-07-17T13:57:07.670+0000] {logging_mixin.py:188} INFO - [2024-07-17T13:57:07.670+0000] {dag.py:3954} INFO - Setting next_dagrun for example_sla_dag to 2024-07-17 13:54:00+00:00, run_after=2024-07-17 13:56:00+00:00
[2024-07-17T13:57:07.687+0000] {processor.py:183} INFO - Processing /home/airflow/.local/lib/python3.12/site-packages/airflow/example_dags/example_sla_dag.py took 0.073 seconds
[2024-07-17T13:57:39.379+0000] {processor.py:161} INFO - Started process (PID=1896) to work on /home/airflow/.local/lib/python3.12/site-packages/airflow/example_dags/example_sla_dag.py
[2024-07-17T13:57:39.380+0000] {processor.py:830} INFO - Processing file /home/airflow/.local/lib/python3.12/site-packages/airflow/example_dags/example_sla_dag.py for tasks to queue
[2024-07-17T13:57:39.382+0000] {logging_mixin.py:188} INFO - [2024-07-17T13:57:39.381+0000] {dagbag.py:545} INFO - Filling up the DagBag from /home/airflow/.local/lib/python3.12/site-packages/airflow/example_dags/example_sla_dag.py
[2024-07-17T13:57:39.392+0000] {processor.py:840} INFO - DAG(s) 'example_sla_dag' retrieved from /home/airflow/.local/lib/python3.12/site-packages/airflow/example_dags/example_sla_dag.py
[2024-07-17T13:57:39.530+0000] {logging_mixin.py:188} INFO - [2024-07-17T13:57:39.529+0000] {dag.py:3096} INFO - Sync 1 DAGs
[2024-07-17T13:57:39.549+0000] {logging_mixin.py:188} INFO - [2024-07-17T13:57:39.549+0000] {dag.py:3954} INFO - Setting next_dagrun for example_sla_dag to 2024-07-17 13:54:00+00:00, run_after=2024-07-17 13:56:00+00:00
[2024-07-17T13:57:39.573+0000] {processor.py:183} INFO - Processing /home/airflow/.local/lib/python3.12/site-packages/airflow/example_dags/example_sla_dag.py took 0.199 seconds
[2024-07-17T13:58:10.187+0000] {processor.py:161} INFO - Started process (PID=1957) to work on /home/airflow/.local/lib/python3.12/site-packages/airflow/example_dags/example_sla_dag.py
[2024-07-17T13:58:10.188+0000] {processor.py:830} INFO - Processing file /home/airflow/.local/lib/python3.12/site-packages/airflow/example_dags/example_sla_dag.py for tasks to queue
[2024-07-17T13:58:10.190+0000] {logging_mixin.py:188} INFO - [2024-07-17T13:58:10.190+0000] {dagbag.py:545} INFO - Filling up the DagBag from /home/airflow/.local/lib/python3.12/site-packages/airflow/example_dags/example_sla_dag.py
[2024-07-17T13:58:10.198+0000] {processor.py:840} INFO - DAG(s) 'example_sla_dag' retrieved from /home/airflow/.local/lib/python3.12/site-packages/airflow/example_dags/example_sla_dag.py
[2024-07-17T13:58:10.219+0000] {logging_mixin.py:188} INFO - [2024-07-17T13:58:10.219+0000] {dag.py:3096} INFO - Sync 1 DAGs
[2024-07-17T13:58:10.250+0000] {logging_mixin.py:188} INFO - [2024-07-17T13:58:10.250+0000] {dag.py:3954} INFO - Setting next_dagrun for example_sla_dag to 2024-07-17 13:56:00+00:00, run_after=2024-07-17 13:58:00+00:00
[2024-07-17T13:58:10.274+0000] {processor.py:183} INFO - Processing /home/airflow/.local/lib/python3.12/site-packages/airflow/example_dags/example_sla_dag.py took 0.092 seconds
[2024-07-17T13:58:41.128+0000] {processor.py:161} INFO - Started process (PID=2017) to work on /home/airflow/.local/lib/python3.12/site-packages/airflow/example_dags/example_sla_dag.py
[2024-07-17T13:58:41.129+0000] {processor.py:830} INFO - Processing file /home/airflow/.local/lib/python3.12/site-packages/airflow/example_dags/example_sla_dag.py for tasks to queue
[2024-07-17T13:58:41.131+0000] {logging_mixin.py:188} INFO - [2024-07-17T13:58:41.130+0000] {dagbag.py:545} INFO - Filling up the DagBag from /home/airflow/.local/lib/python3.12/site-packages/airflow/example_dags/example_sla_dag.py
[2024-07-17T13:58:41.140+0000] {processor.py:840} INFO - DAG(s) 'example_sla_dag' retrieved from /home/airflow/.local/lib/python3.12/site-packages/airflow/example_dags/example_sla_dag.py
[2024-07-17T13:58:41.160+0000] {logging_mixin.py:188} INFO - [2024-07-17T13:58:41.159+0000] {dag.py:3096} INFO - Sync 1 DAGs
[2024-07-17T13:58:41.187+0000] {logging_mixin.py:188} INFO - [2024-07-17T13:58:41.186+0000] {dag.py:3954} INFO - Setting next_dagrun for example_sla_dag to 2024-07-17 13:56:00+00:00, run_after=2024-07-17 13:58:00+00:00
[2024-07-17T13:58:41.207+0000] {processor.py:183} INFO - Processing /home/airflow/.local/lib/python3.12/site-packages/airflow/example_dags/example_sla_dag.py took 0.084 seconds
[2024-07-17T13:59:11.721+0000] {processor.py:161} INFO - Started process (PID=2077) to work on /home/airflow/.local/lib/python3.12/site-packages/airflow/example_dags/example_sla_dag.py
[2024-07-17T13:59:11.722+0000] {processor.py:830} INFO - Processing file /home/airflow/.local/lib/python3.12/site-packages/airflow/example_dags/example_sla_dag.py for tasks to queue
[2024-07-17T13:59:11.724+0000] {logging_mixin.py:188} INFO - [2024-07-17T13:59:11.724+0000] {dagbag.py:545} INFO - Filling up the DagBag from /home/airflow/.local/lib/python3.12/site-packages/airflow/example_dags/example_sla_dag.py
[2024-07-17T13:59:11.739+0000] {processor.py:840} INFO - DAG(s) 'example_sla_dag' retrieved from /home/airflow/.local/lib/python3.12/site-packages/airflow/example_dags/example_sla_dag.py
[2024-07-17T13:59:11.766+0000] {logging_mixin.py:188} INFO - [2024-07-17T13:59:11.765+0000] {dag.py:3096} INFO - Sync 1 DAGs
[2024-07-17T13:59:11.798+0000] {logging_mixin.py:188} INFO - [2024-07-17T13:59:11.798+0000] {dag.py:3954} INFO - Setting next_dagrun for example_sla_dag to 2024-07-17 13:56:00+00:00, run_after=2024-07-17 13:58:00+00:00
[2024-07-17T13:59:11.822+0000] {processor.py:183} INFO - Processing /home/airflow/.local/lib/python3.12/site-packages/airflow/example_dags/example_sla_dag.py took 0.109 seconds
[2024-07-17T13:59:42.028+0000] {processor.py:161} INFO - Started process (PID=2138) to work on /home/airflow/.local/lib/python3.12/site-packages/airflow/example_dags/example_sla_dag.py
[2024-07-17T13:59:42.029+0000] {processor.py:830} INFO - Processing file /home/airflow/.local/lib/python3.12/site-packages/airflow/example_dags/example_sla_dag.py for tasks to queue
[2024-07-17T13:59:42.031+0000] {logging_mixin.py:188} INFO - [2024-07-17T13:59:42.031+0000] {dagbag.py:545} INFO - Filling up the DagBag from /home/airflow/.local/lib/python3.12/site-packages/airflow/example_dags/example_sla_dag.py
[2024-07-17T13:59:42.042+0000] {processor.py:840} INFO - DAG(s) 'example_sla_dag' retrieved from /home/airflow/.local/lib/python3.12/site-packages/airflow/example_dags/example_sla_dag.py
[2024-07-17T13:59:42.073+0000] {logging_mixin.py:188} INFO - [2024-07-17T13:59:42.073+0000] {dag.py:3096} INFO - Sync 1 DAGs
[2024-07-17T13:59:42.112+0000] {logging_mixin.py:188} INFO - [2024-07-17T13:59:42.111+0000] {dag.py:3954} INFO - Setting next_dagrun for example_sla_dag to 2024-07-17 13:56:00+00:00, run_after=2024-07-17 13:58:00+00:00
[2024-07-17T13:59:42.144+0000] {processor.py:183} INFO - Processing /home/airflow/.local/lib/python3.12/site-packages/airflow/example_dags/example_sla_dag.py took 0.125 seconds
[2024-07-17T14:00:12.309+0000] {processor.py:161} INFO - Started process (PID=2198) to work on /home/airflow/.local/lib/python3.12/site-packages/airflow/example_dags/example_sla_dag.py
[2024-07-17T14:00:12.310+0000] {processor.py:830} INFO - Processing file /home/airflow/.local/lib/python3.12/site-packages/airflow/example_dags/example_sla_dag.py for tasks to queue
[2024-07-17T14:00:12.312+0000] {logging_mixin.py:188} INFO - [2024-07-17T14:00:12.311+0000] {dagbag.py:545} INFO - Filling up the DagBag from /home/airflow/.local/lib/python3.12/site-packages/airflow/example_dags/example_sla_dag.py
[2024-07-17T14:00:12.320+0000] {processor.py:840} INFO - DAG(s) 'example_sla_dag' retrieved from /home/airflow/.local/lib/python3.12/site-packages/airflow/example_dags/example_sla_dag.py
[2024-07-17T14:00:12.339+0000] {logging_mixin.py:188} INFO - [2024-07-17T14:00:12.338+0000] {dag.py:3096} INFO - Sync 1 DAGs
[2024-07-17T14:00:12.361+0000] {logging_mixin.py:188} INFO - [2024-07-17T14:00:12.361+0000] {dag.py:3954} INFO - Setting next_dagrun for example_sla_dag to 2024-07-17 13:58:00+00:00, run_after=2024-07-17 14:00:00+00:00
[2024-07-17T14:00:12.383+0000] {processor.py:183} INFO - Processing /home/airflow/.local/lib/python3.12/site-packages/airflow/example_dags/example_sla_dag.py took 0.078 seconds
[2024-07-17T14:00:42.810+0000] {processor.py:161} INFO - Started process (PID=2258) to work on /home/airflow/.local/lib/python3.12/site-packages/airflow/example_dags/example_sla_dag.py
[2024-07-17T14:00:42.811+0000] {processor.py:830} INFO - Processing file /home/airflow/.local/lib/python3.12/site-packages/airflow/example_dags/example_sla_dag.py for tasks to queue
[2024-07-17T14:00:42.814+0000] {logging_mixin.py:188} INFO - [2024-07-17T14:00:42.813+0000] {dagbag.py:545} INFO - Filling up the DagBag from /home/airflow/.local/lib/python3.12/site-packages/airflow/example_dags/example_sla_dag.py
[2024-07-17T14:00:42.825+0000] {processor.py:840} INFO - DAG(s) 'example_sla_dag' retrieved from /home/airflow/.local/lib/python3.12/site-packages/airflow/example_dags/example_sla_dag.py
[2024-07-17T14:00:42.846+0000] {logging_mixin.py:188} INFO - [2024-07-17T14:00:42.845+0000] {dag.py:3096} INFO - Sync 1 DAGs
[2024-07-17T14:00:42.874+0000] {logging_mixin.py:188} INFO - [2024-07-17T14:00:42.874+0000] {dag.py:3954} INFO - Setting next_dagrun for example_sla_dag to 2024-07-17 13:58:00+00:00, run_after=2024-07-17 14:00:00+00:00
[2024-07-17T14:00:42.895+0000] {processor.py:183} INFO - Processing /home/airflow/.local/lib/python3.12/site-packages/airflow/example_dags/example_sla_dag.py took 0.093 seconds
[2024-07-17T14:01:13.131+0000] {processor.py:161} INFO - Started process (PID=2318) to work on /home/airflow/.local/lib/python3.12/site-packages/airflow/example_dags/example_sla_dag.py
[2024-07-17T14:01:13.132+0000] {processor.py:830} INFO - Processing file /home/airflow/.local/lib/python3.12/site-packages/airflow/example_dags/example_sla_dag.py for tasks to queue
[2024-07-17T14:01:13.134+0000] {logging_mixin.py:188} INFO - [2024-07-17T14:01:13.134+0000] {dagbag.py:545} INFO - Filling up the DagBag from /home/airflow/.local/lib/python3.12/site-packages/airflow/example_dags/example_sla_dag.py
[2024-07-17T14:01:13.146+0000] {processor.py:840} INFO - DAG(s) 'example_sla_dag' retrieved from /home/airflow/.local/lib/python3.12/site-packages/airflow/example_dags/example_sla_dag.py
[2024-07-17T14:01:13.172+0000] {logging_mixin.py:188} INFO - [2024-07-17T14:01:13.172+0000] {dag.py:3096} INFO - Sync 1 DAGs
[2024-07-17T14:01:13.210+0000] {logging_mixin.py:188} INFO - [2024-07-17T14:01:13.209+0000] {dag.py:3954} INFO - Setting next_dagrun for example_sla_dag to 2024-07-17 13:58:00+00:00, run_after=2024-07-17 14:00:00+00:00
[2024-07-17T14:01:13.237+0000] {processor.py:183} INFO - Processing /home/airflow/.local/lib/python3.12/site-packages/airflow/example_dags/example_sla_dag.py took 0.114 seconds
[2024-07-17T14:01:43.525+0000] {processor.py:161} INFO - Started process (PID=2378) to work on /home/airflow/.local/lib/python3.12/site-packages/airflow/example_dags/example_sla_dag.py
[2024-07-17T14:01:43.526+0000] {processor.py:830} INFO - Processing file /home/airflow/.local/lib/python3.12/site-packages/airflow/example_dags/example_sla_dag.py for tasks to queue
[2024-07-17T14:01:43.528+0000] {logging_mixin.py:188} INFO - [2024-07-17T14:01:43.528+0000] {dagbag.py:545} INFO - Filling up the DagBag from /home/airflow/.local/lib/python3.12/site-packages/airflow/example_dags/example_sla_dag.py
[2024-07-17T14:01:43.539+0000] {processor.py:840} INFO - DAG(s) 'example_sla_dag' retrieved from /home/airflow/.local/lib/python3.12/site-packages/airflow/example_dags/example_sla_dag.py
[2024-07-17T14:01:43.567+0000] {logging_mixin.py:188} INFO - [2024-07-17T14:01:43.566+0000] {dag.py:3096} INFO - Sync 1 DAGs
[2024-07-17T14:01:43.609+0000] {logging_mixin.py:188} INFO - [2024-07-17T14:01:43.608+0000] {dag.py:3954} INFO - Setting next_dagrun for example_sla_dag to 2024-07-17 13:58:00+00:00, run_after=2024-07-17 14:00:00+00:00
[2024-07-17T14:01:43.648+0000] {processor.py:183} INFO - Processing /home/airflow/.local/lib/python3.12/site-packages/airflow/example_dags/example_sla_dag.py took 0.131 seconds
[2024-07-17T14:04:05.756+0000] {processor.py:161} INFO - Started process (PID=2436) to work on /home/airflow/.local/lib/python3.12/site-packages/airflow/example_dags/example_sla_dag.py
[2024-07-17T14:04:05.767+0000] {processor.py:830} INFO - Processing file /home/airflow/.local/lib/python3.12/site-packages/airflow/example_dags/example_sla_dag.py for tasks to queue
[2024-07-17T14:04:05.771+0000] {logging_mixin.py:188} INFO - [2024-07-17T14:04:05.771+0000] {dagbag.py:545} INFO - Filling up the DagBag from /home/airflow/.local/lib/python3.12/site-packages/airflow/example_dags/example_sla_dag.py
[2024-07-17T14:04:05.796+0000] {processor.py:840} INFO - DAG(s) 'example_sla_dag' retrieved from /home/airflow/.local/lib/python3.12/site-packages/airflow/example_dags/example_sla_dag.py
[2024-07-17T14:04:05.850+0000] {logging_mixin.py:188} INFO - [2024-07-17T14:04:05.843+0000] {dag.py:3096} INFO - Sync 1 DAGs
[2024-07-17T14:04:05.930+0000] {logging_mixin.py:188} INFO - [2024-07-17T14:04:05.929+0000] {dag.py:3954} INFO - Setting next_dagrun for example_sla_dag to 2024-07-17 14:02:00+00:00, run_after=2024-07-17 14:04:00+00:00
[2024-07-17T14:04:05.989+0000] {processor.py:183} INFO - Processing /home/airflow/.local/lib/python3.12/site-packages/airflow/example_dags/example_sla_dag.py took 0.242 seconds
[2024-07-17T14:04:36.724+0000] {processor.py:161} INFO - Started process (PID=2497) to work on /home/airflow/.local/lib/python3.12/site-packages/airflow/example_dags/example_sla_dag.py
[2024-07-17T14:04:36.725+0000] {processor.py:830} INFO - Processing file /home/airflow/.local/lib/python3.12/site-packages/airflow/example_dags/example_sla_dag.py for tasks to queue
[2024-07-17T14:04:36.727+0000] {logging_mixin.py:188} INFO - [2024-07-17T14:04:36.727+0000] {dagbag.py:545} INFO - Filling up the DagBag from /home/airflow/.local/lib/python3.12/site-packages/airflow/example_dags/example_sla_dag.py
[2024-07-17T14:04:36.737+0000] {processor.py:840} INFO - DAG(s) 'example_sla_dag' retrieved from /home/airflow/.local/lib/python3.12/site-packages/airflow/example_dags/example_sla_dag.py
[2024-07-17T14:04:36.764+0000] {logging_mixin.py:188} INFO - [2024-07-17T14:04:36.764+0000] {dag.py:3096} INFO - Sync 1 DAGs
[2024-07-17T14:04:36.804+0000] {logging_mixin.py:188} INFO - [2024-07-17T14:04:36.804+0000] {dag.py:3954} INFO - Setting next_dagrun for example_sla_dag to 2024-07-17 14:02:00+00:00, run_after=2024-07-17 14:04:00+00:00
[2024-07-17T14:04:36.830+0000] {processor.py:183} INFO - Processing /home/airflow/.local/lib/python3.12/site-packages/airflow/example_dags/example_sla_dag.py took 0.113 seconds
[2024-07-17T14:05:07.309+0000] {processor.py:161} INFO - Started process (PID=2558) to work on /home/airflow/.local/lib/python3.12/site-packages/airflow/example_dags/example_sla_dag.py
[2024-07-17T14:05:07.310+0000] {processor.py:830} INFO - Processing file /home/airflow/.local/lib/python3.12/site-packages/airflow/example_dags/example_sla_dag.py for tasks to queue
[2024-07-17T14:05:07.314+0000] {logging_mixin.py:188} INFO - [2024-07-17T14:05:07.314+0000] {dagbag.py:545} INFO - Filling up the DagBag from /home/airflow/.local/lib/python3.12/site-packages/airflow/example_dags/example_sla_dag.py
[2024-07-17T14:05:07.326+0000] {processor.py:840} INFO - DAG(s) 'example_sla_dag' retrieved from /home/airflow/.local/lib/python3.12/site-packages/airflow/example_dags/example_sla_dag.py
[2024-07-17T14:05:07.354+0000] {logging_mixin.py:188} INFO - [2024-07-17T14:05:07.354+0000] {dag.py:3096} INFO - Sync 1 DAGs
[2024-07-17T14:05:07.388+0000] {logging_mixin.py:188} INFO - [2024-07-17T14:05:07.388+0000] {dag.py:3954} INFO - Setting next_dagrun for example_sla_dag to 2024-07-17 14:02:00+00:00, run_after=2024-07-17 14:04:00+00:00
[2024-07-17T14:05:07.413+0000] {processor.py:183} INFO - Processing /home/airflow/.local/lib/python3.12/site-packages/airflow/example_dags/example_sla_dag.py took 0.111 seconds
[2024-07-17T14:05:37.845+0000] {processor.py:161} INFO - Started process (PID=2618) to work on /home/airflow/.local/lib/python3.12/site-packages/airflow/example_dags/example_sla_dag.py
[2024-07-17T14:05:37.846+0000] {processor.py:830} INFO - Processing file /home/airflow/.local/lib/python3.12/site-packages/airflow/example_dags/example_sla_dag.py for tasks to queue
[2024-07-17T14:05:37.848+0000] {logging_mixin.py:188} INFO - [2024-07-17T14:05:37.848+0000] {dagbag.py:545} INFO - Filling up the DagBag from /home/airflow/.local/lib/python3.12/site-packages/airflow/example_dags/example_sla_dag.py
[2024-07-17T14:05:37.859+0000] {processor.py:840} INFO - DAG(s) 'example_sla_dag' retrieved from /home/airflow/.local/lib/python3.12/site-packages/airflow/example_dags/example_sla_dag.py
[2024-07-17T14:05:37.881+0000] {logging_mixin.py:188} INFO - [2024-07-17T14:05:37.880+0000] {dag.py:3096} INFO - Sync 1 DAGs
[2024-07-17T14:05:37.913+0000] {logging_mixin.py:188} INFO - [2024-07-17T14:05:37.912+0000] {dag.py:3954} INFO - Setting next_dagrun for example_sla_dag to 2024-07-17 14:02:00+00:00, run_after=2024-07-17 14:04:00+00:00
[2024-07-17T14:05:37.935+0000] {processor.py:183} INFO - Processing /home/airflow/.local/lib/python3.12/site-packages/airflow/example_dags/example_sla_dag.py took 0.096 seconds
[2024-07-17T14:06:08.737+0000] {processor.py:161} INFO - Started process (PID=2679) to work on /home/airflow/.local/lib/python3.12/site-packages/airflow/example_dags/example_sla_dag.py
[2024-07-17T14:06:08.739+0000] {processor.py:830} INFO - Processing file /home/airflow/.local/lib/python3.12/site-packages/airflow/example_dags/example_sla_dag.py for tasks to queue
[2024-07-17T14:06:08.743+0000] {logging_mixin.py:188} INFO - [2024-07-17T14:06:08.742+0000] {dagbag.py:545} INFO - Filling up the DagBag from /home/airflow/.local/lib/python3.12/site-packages/airflow/example_dags/example_sla_dag.py
[2024-07-17T14:06:08.761+0000] {processor.py:840} INFO - DAG(s) 'example_sla_dag' retrieved from /home/airflow/.local/lib/python3.12/site-packages/airflow/example_dags/example_sla_dag.py
[2024-07-17T14:06:08.823+0000] {logging_mixin.py:188} INFO - [2024-07-17T14:06:08.822+0000] {dag.py:3096} INFO - Sync 1 DAGs
[2024-07-17T14:06:08.902+0000] {logging_mixin.py:188} INFO - [2024-07-17T14:06:08.901+0000] {dag.py:3954} INFO - Setting next_dagrun for example_sla_dag to 2024-07-17 14:04:00+00:00, run_after=2024-07-17 14:06:00+00:00
[2024-07-17T14:06:08.940+0000] {processor.py:183} INFO - Processing /home/airflow/.local/lib/python3.12/site-packages/airflow/example_dags/example_sla_dag.py took 0.219 seconds
[2024-07-17T14:06:39.071+0000] {processor.py:161} INFO - Started process (PID=2739) to work on /home/airflow/.local/lib/python3.12/site-packages/airflow/example_dags/example_sla_dag.py
[2024-07-17T14:06:39.073+0000] {processor.py:830} INFO - Processing file /home/airflow/.local/lib/python3.12/site-packages/airflow/example_dags/example_sla_dag.py for tasks to queue
[2024-07-17T14:06:39.077+0000] {logging_mixin.py:188} INFO - [2024-07-17T14:06:39.076+0000] {dagbag.py:545} INFO - Filling up the DagBag from /home/airflow/.local/lib/python3.12/site-packages/airflow/example_dags/example_sla_dag.py
[2024-07-17T14:06:39.094+0000] {processor.py:840} INFO - DAG(s) 'example_sla_dag' retrieved from /home/airflow/.local/lib/python3.12/site-packages/airflow/example_dags/example_sla_dag.py
[2024-07-17T14:06:39.143+0000] {logging_mixin.py:188} INFO - [2024-07-17T14:06:39.142+0000] {dag.py:3096} INFO - Sync 1 DAGs
[2024-07-17T14:06:39.215+0000] {logging_mixin.py:188} INFO - [2024-07-17T14:06:39.214+0000] {dag.py:3954} INFO - Setting next_dagrun for example_sla_dag to 2024-07-17 14:04:00+00:00, run_after=2024-07-17 14:06:00+00:00
[2024-07-17T14:06:39.257+0000] {processor.py:183} INFO - Processing /home/airflow/.local/lib/python3.12/site-packages/airflow/example_dags/example_sla_dag.py took 0.196 seconds
[2024-07-17T14:07:09.988+0000] {processor.py:161} INFO - Started process (PID=2799) to work on /home/airflow/.local/lib/python3.12/site-packages/airflow/example_dags/example_sla_dag.py
[2024-07-17T14:07:09.990+0000] {processor.py:830} INFO - Processing file /home/airflow/.local/lib/python3.12/site-packages/airflow/example_dags/example_sla_dag.py for tasks to queue
[2024-07-17T14:07:09.995+0000] {logging_mixin.py:188} INFO - [2024-07-17T14:07:09.994+0000] {dagbag.py:545} INFO - Filling up the DagBag from /home/airflow/.local/lib/python3.12/site-packages/airflow/example_dags/example_sla_dag.py
[2024-07-17T14:07:10.017+0000] {processor.py:840} INFO - DAG(s) 'example_sla_dag' retrieved from /home/airflow/.local/lib/python3.12/site-packages/airflow/example_dags/example_sla_dag.py
[2024-07-17T14:07:10.080+0000] {logging_mixin.py:188} INFO - [2024-07-17T14:07:10.079+0000] {dag.py:3096} INFO - Sync 1 DAGs
[2024-07-17T14:07:10.137+0000] {logging_mixin.py:188} INFO - [2024-07-17T14:07:10.137+0000] {dag.py:3954} INFO - Setting next_dagrun for example_sla_dag to 2024-07-17 14:04:00+00:00, run_after=2024-07-17 14:06:00+00:00
[2024-07-17T14:07:10.179+0000] {processor.py:183} INFO - Processing /home/airflow/.local/lib/python3.12/site-packages/airflow/example_dags/example_sla_dag.py took 0.203 seconds
[2024-07-17T14:07:41.232+0000] {processor.py:161} INFO - Started process (PID=2859) to work on /home/airflow/.local/lib/python3.12/site-packages/airflow/example_dags/example_sla_dag.py
[2024-07-17T14:07:41.234+0000] {processor.py:830} INFO - Processing file /home/airflow/.local/lib/python3.12/site-packages/airflow/example_dags/example_sla_dag.py for tasks to queue
[2024-07-17T14:07:41.238+0000] {logging_mixin.py:188} INFO - [2024-07-17T14:07:41.237+0000] {dagbag.py:545} INFO - Filling up the DagBag from /home/airflow/.local/lib/python3.12/site-packages/airflow/example_dags/example_sla_dag.py
[2024-07-17T14:07:41.257+0000] {processor.py:840} INFO - DAG(s) 'example_sla_dag' retrieved from /home/airflow/.local/lib/python3.12/site-packages/airflow/example_dags/example_sla_dag.py
[2024-07-17T14:07:41.307+0000] {logging_mixin.py:188} INFO - [2024-07-17T14:07:41.306+0000] {dag.py:3096} INFO - Sync 1 DAGs
[2024-07-17T14:07:41.370+0000] {logging_mixin.py:188} INFO - [2024-07-17T14:07:41.370+0000] {dag.py:3954} INFO - Setting next_dagrun for example_sla_dag to 2024-07-17 14:04:00+00:00, run_after=2024-07-17 14:06:00+00:00
[2024-07-17T14:07:41.411+0000] {processor.py:183} INFO - Processing /home/airflow/.local/lib/python3.12/site-packages/airflow/example_dags/example_sla_dag.py took 0.191 seconds
[2024-07-17T14:08:12.183+0000] {processor.py:161} INFO - Started process (PID=2919) to work on /home/airflow/.local/lib/python3.12/site-packages/airflow/example_dags/example_sla_dag.py
[2024-07-17T14:08:12.185+0000] {processor.py:830} INFO - Processing file /home/airflow/.local/lib/python3.12/site-packages/airflow/example_dags/example_sla_dag.py for tasks to queue
[2024-07-17T14:08:12.189+0000] {logging_mixin.py:188} INFO - [2024-07-17T14:08:12.188+0000] {dagbag.py:545} INFO - Filling up the DagBag from /home/airflow/.local/lib/python3.12/site-packages/airflow/example_dags/example_sla_dag.py
[2024-07-17T14:08:12.210+0000] {processor.py:840} INFO - DAG(s) 'example_sla_dag' retrieved from /home/airflow/.local/lib/python3.12/site-packages/airflow/example_dags/example_sla_dag.py
[2024-07-17T14:08:12.257+0000] {logging_mixin.py:188} INFO - [2024-07-17T14:08:12.256+0000] {dag.py:3096} INFO - Sync 1 DAGs
[2024-07-17T14:08:12.317+0000] {logging_mixin.py:188} INFO - [2024-07-17T14:08:12.316+0000] {dag.py:3954} INFO - Setting next_dagrun for example_sla_dag to 2024-07-17 14:06:00+00:00, run_after=2024-07-17 14:08:00+00:00
[2024-07-17T14:08:12.359+0000] {processor.py:183} INFO - Processing /home/airflow/.local/lib/python3.12/site-packages/airflow/example_dags/example_sla_dag.py took 0.190 seconds
[2024-07-17T14:08:43.102+0000] {processor.py:161} INFO - Started process (PID=2979) to work on /home/airflow/.local/lib/python3.12/site-packages/airflow/example_dags/example_sla_dag.py
[2024-07-17T14:08:43.104+0000] {processor.py:830} INFO - Processing file /home/airflow/.local/lib/python3.12/site-packages/airflow/example_dags/example_sla_dag.py for tasks to queue
[2024-07-17T14:08:43.108+0000] {logging_mixin.py:188} INFO - [2024-07-17T14:08:43.107+0000] {dagbag.py:545} INFO - Filling up the DagBag from /home/airflow/.local/lib/python3.12/site-packages/airflow/example_dags/example_sla_dag.py
[2024-07-17T14:08:43.122+0000] {processor.py:840} INFO - DAG(s) 'example_sla_dag' retrieved from /home/airflow/.local/lib/python3.12/site-packages/airflow/example_dags/example_sla_dag.py
[2024-07-17T14:08:43.164+0000] {logging_mixin.py:188} INFO - [2024-07-17T14:08:43.163+0000] {dag.py:3096} INFO - Sync 1 DAGs
[2024-07-17T14:08:43.230+0000] {logging_mixin.py:188} INFO - [2024-07-17T14:08:43.230+0000] {dag.py:3954} INFO - Setting next_dagrun for example_sla_dag to 2024-07-17 14:06:00+00:00, run_after=2024-07-17 14:08:00+00:00
[2024-07-17T14:08:43.282+0000] {processor.py:183} INFO - Processing /home/airflow/.local/lib/python3.12/site-packages/airflow/example_dags/example_sla_dag.py took 0.193 seconds
[2024-07-17T14:09:13.660+0000] {processor.py:161} INFO - Started process (PID=3039) to work on /home/airflow/.local/lib/python3.12/site-packages/airflow/example_dags/example_sla_dag.py
[2024-07-17T14:09:13.662+0000] {processor.py:830} INFO - Processing file /home/airflow/.local/lib/python3.12/site-packages/airflow/example_dags/example_sla_dag.py for tasks to queue
[2024-07-17T14:09:13.667+0000] {logging_mixin.py:188} INFO - [2024-07-17T14:09:13.667+0000] {dagbag.py:545} INFO - Filling up the DagBag from /home/airflow/.local/lib/python3.12/site-packages/airflow/example_dags/example_sla_dag.py
[2024-07-17T14:09:13.686+0000] {processor.py:840} INFO - DAG(s) 'example_sla_dag' retrieved from /home/airflow/.local/lib/python3.12/site-packages/airflow/example_dags/example_sla_dag.py
[2024-07-17T14:09:13.724+0000] {logging_mixin.py:188} INFO - [2024-07-17T14:09:13.724+0000] {dag.py:3096} INFO - Sync 1 DAGs
[2024-07-17T14:09:13.782+0000] {logging_mixin.py:188} INFO - [2024-07-17T14:09:13.781+0000] {dag.py:3954} INFO - Setting next_dagrun for example_sla_dag to 2024-07-17 14:06:00+00:00, run_after=2024-07-17 14:08:00+00:00
[2024-07-17T14:09:13.821+0000] {processor.py:183} INFO - Processing /home/airflow/.local/lib/python3.12/site-packages/airflow/example_dags/example_sla_dag.py took 0.177 seconds
[2024-07-17T14:09:44.169+0000] {processor.py:161} INFO - Started process (PID=3099) to work on /home/airflow/.local/lib/python3.12/site-packages/airflow/example_dags/example_sla_dag.py
[2024-07-17T14:09:44.171+0000] {processor.py:830} INFO - Processing file /home/airflow/.local/lib/python3.12/site-packages/airflow/example_dags/example_sla_dag.py for tasks to queue
[2024-07-17T14:09:44.175+0000] {logging_mixin.py:188} INFO - [2024-07-17T14:09:44.175+0000] {dagbag.py:545} INFO - Filling up the DagBag from /home/airflow/.local/lib/python3.12/site-packages/airflow/example_dags/example_sla_dag.py
[2024-07-17T14:09:44.195+0000] {processor.py:840} INFO - DAG(s) 'example_sla_dag' retrieved from /home/airflow/.local/lib/python3.12/site-packages/airflow/example_dags/example_sla_dag.py
[2024-07-17T14:09:44.236+0000] {logging_mixin.py:188} INFO - [2024-07-17T14:09:44.235+0000] {dag.py:3096} INFO - Sync 1 DAGs
[2024-07-17T14:09:44.297+0000] {logging_mixin.py:188} INFO - [2024-07-17T14:09:44.296+0000] {dag.py:3954} INFO - Setting next_dagrun for example_sla_dag to 2024-07-17 14:06:00+00:00, run_after=2024-07-17 14:08:00+00:00
[2024-07-17T14:09:44.338+0000] {processor.py:183} INFO - Processing /home/airflow/.local/lib/python3.12/site-packages/airflow/example_dags/example_sla_dag.py took 0.189 seconds
[2024-07-17T14:10:14.498+0000] {processor.py:161} INFO - Started process (PID=3157) to work on /home/airflow/.local/lib/python3.12/site-packages/airflow/example_dags/example_sla_dag.py
[2024-07-17T14:10:14.500+0000] {processor.py:830} INFO - Processing file /home/airflow/.local/lib/python3.12/site-packages/airflow/example_dags/example_sla_dag.py for tasks to queue
[2024-07-17T14:10:14.504+0000] {logging_mixin.py:188} INFO - [2024-07-17T14:10:14.503+0000] {dagbag.py:545} INFO - Filling up the DagBag from /home/airflow/.local/lib/python3.12/site-packages/airflow/example_dags/example_sla_dag.py
[2024-07-17T14:10:14.522+0000] {processor.py:840} INFO - DAG(s) 'example_sla_dag' retrieved from /home/airflow/.local/lib/python3.12/site-packages/airflow/example_dags/example_sla_dag.py
[2024-07-17T14:10:14.566+0000] {logging_mixin.py:188} INFO - [2024-07-17T14:10:14.566+0000] {dag.py:3096} INFO - Sync 1 DAGs
[2024-07-17T14:10:14.629+0000] {logging_mixin.py:188} INFO - [2024-07-17T14:10:14.628+0000] {dag.py:3954} INFO - Setting next_dagrun for example_sla_dag to 2024-07-17 14:08:00+00:00, run_after=2024-07-17 14:10:00+00:00
[2024-07-17T14:10:14.673+0000] {processor.py:183} INFO - Processing /home/airflow/.local/lib/python3.12/site-packages/airflow/example_dags/example_sla_dag.py took 0.186 seconds
[2024-07-17T14:10:44.874+0000] {processor.py:161} INFO - Started process (PID=3217) to work on /home/airflow/.local/lib/python3.12/site-packages/airflow/example_dags/example_sla_dag.py
[2024-07-17T14:10:44.876+0000] {processor.py:830} INFO - Processing file /home/airflow/.local/lib/python3.12/site-packages/airflow/example_dags/example_sla_dag.py for tasks to queue
[2024-07-17T14:10:44.880+0000] {logging_mixin.py:188} INFO - [2024-07-17T14:10:44.880+0000] {dagbag.py:545} INFO - Filling up the DagBag from /home/airflow/.local/lib/python3.12/site-packages/airflow/example_dags/example_sla_dag.py
[2024-07-17T14:10:44.914+0000] {processor.py:840} INFO - DAG(s) 'example_sla_dag' retrieved from /home/airflow/.local/lib/python3.12/site-packages/airflow/example_dags/example_sla_dag.py
[2024-07-17T14:10:44.967+0000] {logging_mixin.py:188} INFO - [2024-07-17T14:10:44.966+0000] {dag.py:3096} INFO - Sync 1 DAGs
[2024-07-17T14:10:45.027+0000] {logging_mixin.py:188} INFO - [2024-07-17T14:10:45.027+0000] {dag.py:3954} INFO - Setting next_dagrun for example_sla_dag to 2024-07-17 14:08:00+00:00, run_after=2024-07-17 14:10:00+00:00
[2024-07-17T14:10:45.065+0000] {processor.py:183} INFO - Processing /home/airflow/.local/lib/python3.12/site-packages/airflow/example_dags/example_sla_dag.py took 0.206 seconds
[2024-07-17T14:11:15.592+0000] {processor.py:161} INFO - Started process (PID=3277) to work on /home/airflow/.local/lib/python3.12/site-packages/airflow/example_dags/example_sla_dag.py
[2024-07-17T14:11:15.594+0000] {processor.py:830} INFO - Processing file /home/airflow/.local/lib/python3.12/site-packages/airflow/example_dags/example_sla_dag.py for tasks to queue
[2024-07-17T14:11:15.598+0000] {logging_mixin.py:188} INFO - [2024-07-17T14:11:15.597+0000] {dagbag.py:545} INFO - Filling up the DagBag from /home/airflow/.local/lib/python3.12/site-packages/airflow/example_dags/example_sla_dag.py
[2024-07-17T14:11:15.616+0000] {processor.py:840} INFO - DAG(s) 'example_sla_dag' retrieved from /home/airflow/.local/lib/python3.12/site-packages/airflow/example_dags/example_sla_dag.py
[2024-07-17T14:11:15.654+0000] {logging_mixin.py:188} INFO - [2024-07-17T14:11:15.654+0000] {dag.py:3096} INFO - Sync 1 DAGs
[2024-07-17T14:11:15.719+0000] {logging_mixin.py:188} INFO - [2024-07-17T14:11:15.718+0000] {dag.py:3954} INFO - Setting next_dagrun for example_sla_dag to 2024-07-17 14:08:00+00:00, run_after=2024-07-17 14:10:00+00:00
[2024-07-17T14:11:15.756+0000] {processor.py:183} INFO - Processing /home/airflow/.local/lib/python3.12/site-packages/airflow/example_dags/example_sla_dag.py took 0.177 seconds
[2024-07-17T14:11:46.499+0000] {processor.py:161} INFO - Started process (PID=3337) to work on /home/airflow/.local/lib/python3.12/site-packages/airflow/example_dags/example_sla_dag.py
[2024-07-17T14:11:46.501+0000] {processor.py:830} INFO - Processing file /home/airflow/.local/lib/python3.12/site-packages/airflow/example_dags/example_sla_dag.py for tasks to queue
[2024-07-17T14:11:46.505+0000] {logging_mixin.py:188} INFO - [2024-07-17T14:11:46.504+0000] {dagbag.py:545} INFO - Filling up the DagBag from /home/airflow/.local/lib/python3.12/site-packages/airflow/example_dags/example_sla_dag.py
[2024-07-17T14:11:46.521+0000] {processor.py:840} INFO - DAG(s) 'example_sla_dag' retrieved from /home/airflow/.local/lib/python3.12/site-packages/airflow/example_dags/example_sla_dag.py
[2024-07-17T14:11:46.569+0000] {logging_mixin.py:188} INFO - [2024-07-17T14:11:46.568+0000] {dag.py:3096} INFO - Sync 1 DAGs
[2024-07-17T14:11:46.645+0000] {logging_mixin.py:188} INFO - [2024-07-17T14:11:46.645+0000] {dag.py:3954} INFO - Setting next_dagrun for example_sla_dag to 2024-07-17 14:08:00+00:00, run_after=2024-07-17 14:10:00+00:00
[2024-07-17T14:11:46.705+0000] {processor.py:183} INFO - Processing /home/airflow/.local/lib/python3.12/site-packages/airflow/example_dags/example_sla_dag.py took 0.220 seconds
[2024-07-17T14:12:17.579+0000] {processor.py:161} INFO - Started process (PID=3397) to work on /home/airflow/.local/lib/python3.12/site-packages/airflow/example_dags/example_sla_dag.py
[2024-07-17T14:12:24.461+0000] {logging_mixin.py:188} INFO - [2024-07-17T14:12:24.460+0000] {process_utils.py:263} INFO - Waiting up to 5 seconds for processes to exit...
