[2024-07-17T10:31:52.146+0000] {processor.py:161} INFO - Started process (PID=70) to work on /home/airflow/.local/lib/python3.12/site-packages/airflow/example_dags/example_display_name.py
[2024-07-17T10:31:52.147+0000] {processor.py:830} INFO - Processing file /home/airflow/.local/lib/python3.12/site-packages/airflow/example_dags/example_display_name.py for tasks to queue
[2024-07-17T10:31:52.149+0000] {logging_mixin.py:188} INFO - [2024-07-17T10:31:52.149+0000] {dagbag.py:545} INFO - Filling up the DagBag from /home/airflow/.local/lib/python3.12/site-packages/airflow/example_dags/example_display_name.py
[2024-07-17T10:31:52.156+0000] {processor.py:840} INFO - DAG(s) 'example_display_name' retrieved from /home/airflow/.local/lib/python3.12/site-packages/airflow/example_dags/example_display_name.py
[2024-07-17T10:31:52.178+0000] {logging_mixin.py:188} INFO - [2024-07-17T10:31:52.178+0000] {dag.py:3096} INFO - Sync 1 DAGs
[2024-07-17T10:31:52.195+0000] {logging_mixin.py:188} INFO - [2024-07-17T10:31:52.195+0000] {dag.py:3954} INFO - Setting next_dagrun for example_display_name to None, run_after=None
[2024-07-17T10:31:52.220+0000] {processor.py:183} INFO - Processing /home/airflow/.local/lib/python3.12/site-packages/airflow/example_dags/example_display_name.py took 0.082 seconds
[2024-07-17T10:32:23.296+0000] {processor.py:161} INFO - Started process (PID=136) to work on /home/airflow/.local/lib/python3.12/site-packages/airflow/example_dags/example_display_name.py
[2024-07-17T10:32:23.298+0000] {processor.py:830} INFO - Processing file /home/airflow/.local/lib/python3.12/site-packages/airflow/example_dags/example_display_name.py for tasks to queue
[2024-07-17T10:32:23.303+0000] {logging_mixin.py:188} INFO - [2024-07-17T10:32:23.302+0000] {dagbag.py:545} INFO - Filling up the DagBag from /home/airflow/.local/lib/python3.12/site-packages/airflow/example_dags/example_display_name.py
[2024-07-17T10:32:23.316+0000] {processor.py:840} INFO - DAG(s) 'example_display_name' retrieved from /home/airflow/.local/lib/python3.12/site-packages/airflow/example_dags/example_display_name.py
[2024-07-17T10:32:23.332+0000] {logging_mixin.py:188} INFO - [2024-07-17T10:32:23.331+0000] {dag.py:3096} INFO - Sync 1 DAGs
[2024-07-17T10:32:23.352+0000] {logging_mixin.py:188} INFO - [2024-07-17T10:32:23.352+0000] {dag.py:3954} INFO - Setting next_dagrun for example_display_name to None, run_after=None
[2024-07-17T10:32:23.386+0000] {processor.py:183} INFO - Processing /home/airflow/.local/lib/python3.12/site-packages/airflow/example_dags/example_display_name.py took 0.099 seconds
[2024-07-17T10:32:53.944+0000] {processor.py:161} INFO - Started process (PID=196) to work on /home/airflow/.local/lib/python3.12/site-packages/airflow/example_dags/example_display_name.py
[2024-07-17T10:32:53.945+0000] {processor.py:830} INFO - Processing file /home/airflow/.local/lib/python3.12/site-packages/airflow/example_dags/example_display_name.py for tasks to queue
[2024-07-17T10:32:53.948+0000] {logging_mixin.py:188} INFO - [2024-07-17T10:32:53.947+0000] {dagbag.py:545} INFO - Filling up the DagBag from /home/airflow/.local/lib/python3.12/site-packages/airflow/example_dags/example_display_name.py
[2024-07-17T10:32:53.955+0000] {processor.py:840} INFO - DAG(s) 'example_display_name' retrieved from /home/airflow/.local/lib/python3.12/site-packages/airflow/example_dags/example_display_name.py
[2024-07-17T10:32:54.174+0000] {logging_mixin.py:188} INFO - [2024-07-17T10:32:54.173+0000] {dag.py:3096} INFO - Sync 1 DAGs
[2024-07-17T10:32:54.194+0000] {logging_mixin.py:188} INFO - [2024-07-17T10:32:54.194+0000] {dag.py:3954} INFO - Setting next_dagrun for example_display_name to None, run_after=None
[2024-07-17T10:32:54.224+0000] {processor.py:183} INFO - Processing /home/airflow/.local/lib/python3.12/site-packages/airflow/example_dags/example_display_name.py took 0.288 seconds
[2024-07-17T10:33:24.316+0000] {processor.py:161} INFO - Started process (PID=256) to work on /home/airflow/.local/lib/python3.12/site-packages/airflow/example_dags/example_display_name.py
[2024-07-17T10:33:24.317+0000] {processor.py:830} INFO - Processing file /home/airflow/.local/lib/python3.12/site-packages/airflow/example_dags/example_display_name.py for tasks to queue
[2024-07-17T10:33:24.319+0000] {logging_mixin.py:188} INFO - [2024-07-17T10:33:24.319+0000] {dagbag.py:545} INFO - Filling up the DagBag from /home/airflow/.local/lib/python3.12/site-packages/airflow/example_dags/example_display_name.py
[2024-07-17T10:33:24.324+0000] {processor.py:840} INFO - DAG(s) 'example_display_name' retrieved from /home/airflow/.local/lib/python3.12/site-packages/airflow/example_dags/example_display_name.py
[2024-07-17T10:33:24.346+0000] {logging_mixin.py:188} INFO - [2024-07-17T10:33:24.345+0000] {dag.py:3096} INFO - Sync 1 DAGs
[2024-07-17T10:33:24.359+0000] {logging_mixin.py:188} INFO - [2024-07-17T10:33:24.358+0000] {dag.py:3954} INFO - Setting next_dagrun for example_display_name to None, run_after=None
[2024-07-17T10:33:24.377+0000] {processor.py:183} INFO - Processing /home/airflow/.local/lib/python3.12/site-packages/airflow/example_dags/example_display_name.py took 0.066 seconds
[2024-07-17T10:33:55.219+0000] {processor.py:161} INFO - Started process (PID=316) to work on /home/airflow/.local/lib/python3.12/site-packages/airflow/example_dags/example_display_name.py
[2024-07-17T10:33:55.220+0000] {processor.py:830} INFO - Processing file /home/airflow/.local/lib/python3.12/site-packages/airflow/example_dags/example_display_name.py for tasks to queue
[2024-07-17T10:33:55.223+0000] {logging_mixin.py:188} INFO - [2024-07-17T10:33:55.223+0000] {dagbag.py:545} INFO - Filling up the DagBag from /home/airflow/.local/lib/python3.12/site-packages/airflow/example_dags/example_display_name.py
[2024-07-17T10:33:55.237+0000] {processor.py:840} INFO - DAG(s) 'example_display_name' retrieved from /home/airflow/.local/lib/python3.12/site-packages/airflow/example_dags/example_display_name.py
[2024-07-17T10:33:55.272+0000] {logging_mixin.py:188} INFO - [2024-07-17T10:33:55.272+0000] {dag.py:3096} INFO - Sync 1 DAGs
[2024-07-17T10:33:55.294+0000] {logging_mixin.py:188} INFO - [2024-07-17T10:33:55.294+0000] {dag.py:3954} INFO - Setting next_dagrun for example_display_name to None, run_after=None
[2024-07-17T10:33:55.318+0000] {processor.py:183} INFO - Processing /home/airflow/.local/lib/python3.12/site-packages/airflow/example_dags/example_display_name.py took 0.107 seconds
[2024-07-17T10:34:26.412+0000] {processor.py:161} INFO - Started process (PID=376) to work on /home/airflow/.local/lib/python3.12/site-packages/airflow/example_dags/example_display_name.py
[2024-07-17T10:34:26.413+0000] {processor.py:830} INFO - Processing file /home/airflow/.local/lib/python3.12/site-packages/airflow/example_dags/example_display_name.py for tasks to queue
[2024-07-17T10:34:26.416+0000] {logging_mixin.py:188} INFO - [2024-07-17T10:34:26.416+0000] {dagbag.py:545} INFO - Filling up the DagBag from /home/airflow/.local/lib/python3.12/site-packages/airflow/example_dags/example_display_name.py
[2024-07-17T10:34:26.426+0000] {processor.py:840} INFO - DAG(s) 'example_display_name' retrieved from /home/airflow/.local/lib/python3.12/site-packages/airflow/example_dags/example_display_name.py
[2024-07-17T10:34:26.458+0000] {logging_mixin.py:188} INFO - [2024-07-17T10:34:26.457+0000] {dag.py:3096} INFO - Sync 1 DAGs
[2024-07-17T10:34:26.480+0000] {logging_mixin.py:188} INFO - [2024-07-17T10:34:26.479+0000] {dag.py:3954} INFO - Setting next_dagrun for example_display_name to None, run_after=None
[2024-07-17T10:34:26.514+0000] {processor.py:183} INFO - Processing /home/airflow/.local/lib/python3.12/site-packages/airflow/example_dags/example_display_name.py took 0.111 seconds
[2024-07-17T10:34:57.207+0000] {processor.py:161} INFO - Started process (PID=436) to work on /home/airflow/.local/lib/python3.12/site-packages/airflow/example_dags/example_display_name.py
[2024-07-17T10:34:57.209+0000] {processor.py:830} INFO - Processing file /home/airflow/.local/lib/python3.12/site-packages/airflow/example_dags/example_display_name.py for tasks to queue
[2024-07-17T10:34:57.211+0000] {logging_mixin.py:188} INFO - [2024-07-17T10:34:57.211+0000] {dagbag.py:545} INFO - Filling up the DagBag from /home/airflow/.local/lib/python3.12/site-packages/airflow/example_dags/example_display_name.py
[2024-07-17T10:34:57.219+0000] {processor.py:840} INFO - DAG(s) 'example_display_name' retrieved from /home/airflow/.local/lib/python3.12/site-packages/airflow/example_dags/example_display_name.py
[2024-07-17T10:34:57.244+0000] {logging_mixin.py:188} INFO - [2024-07-17T10:34:57.244+0000] {dag.py:3096} INFO - Sync 1 DAGs
[2024-07-17T10:34:57.261+0000] {logging_mixin.py:188} INFO - [2024-07-17T10:34:57.260+0000] {dag.py:3954} INFO - Setting next_dagrun for example_display_name to None, run_after=None
[2024-07-17T10:34:57.284+0000] {processor.py:183} INFO - Processing /home/airflow/.local/lib/python3.12/site-packages/airflow/example_dags/example_display_name.py took 0.086 seconds
[2024-07-17T10:35:27.477+0000] {processor.py:161} INFO - Started process (PID=496) to work on /home/airflow/.local/lib/python3.12/site-packages/airflow/example_dags/example_display_name.py
[2024-07-17T10:35:27.478+0000] {processor.py:830} INFO - Processing file /home/airflow/.local/lib/python3.12/site-packages/airflow/example_dags/example_display_name.py for tasks to queue
[2024-07-17T10:35:27.480+0000] {logging_mixin.py:188} INFO - [2024-07-17T10:35:27.480+0000] {dagbag.py:545} INFO - Filling up the DagBag from /home/airflow/.local/lib/python3.12/site-packages/airflow/example_dags/example_display_name.py
[2024-07-17T10:35:27.487+0000] {processor.py:840} INFO - DAG(s) 'example_display_name' retrieved from /home/airflow/.local/lib/python3.12/site-packages/airflow/example_dags/example_display_name.py
[2024-07-17T10:35:27.514+0000] {logging_mixin.py:188} INFO - [2024-07-17T10:35:27.513+0000] {dag.py:3096} INFO - Sync 1 DAGs
[2024-07-17T10:35:27.535+0000] {logging_mixin.py:188} INFO - [2024-07-17T10:35:27.534+0000] {dag.py:3954} INFO - Setting next_dagrun for example_display_name to None, run_after=None
[2024-07-17T10:35:27.564+0000] {processor.py:183} INFO - Processing /home/airflow/.local/lib/python3.12/site-packages/airflow/example_dags/example_display_name.py took 0.094 seconds
[2024-07-17T10:35:58.535+0000] {processor.py:161} INFO - Started process (PID=556) to work on /home/airflow/.local/lib/python3.12/site-packages/airflow/example_dags/example_display_name.py
[2024-07-17T10:35:58.536+0000] {processor.py:830} INFO - Processing file /home/airflow/.local/lib/python3.12/site-packages/airflow/example_dags/example_display_name.py for tasks to queue
[2024-07-17T10:35:58.538+0000] {logging_mixin.py:188} INFO - [2024-07-17T10:35:58.538+0000] {dagbag.py:545} INFO - Filling up the DagBag from /home/airflow/.local/lib/python3.12/site-packages/airflow/example_dags/example_display_name.py
[2024-07-17T10:35:58.546+0000] {processor.py:840} INFO - DAG(s) 'example_display_name' retrieved from /home/airflow/.local/lib/python3.12/site-packages/airflow/example_dags/example_display_name.py
[2024-07-17T10:35:58.577+0000] {logging_mixin.py:188} INFO - [2024-07-17T10:35:58.577+0000] {dag.py:3096} INFO - Sync 1 DAGs
[2024-07-17T10:35:58.600+0000] {logging_mixin.py:188} INFO - [2024-07-17T10:35:58.600+0000] {dag.py:3954} INFO - Setting next_dagrun for example_display_name to None, run_after=None
[2024-07-17T10:35:58.629+0000] {processor.py:183} INFO - Processing /home/airflow/.local/lib/python3.12/site-packages/airflow/example_dags/example_display_name.py took 0.100 seconds
[2024-07-17T10:36:29.404+0000] {processor.py:161} INFO - Started process (PID=616) to work on /home/airflow/.local/lib/python3.12/site-packages/airflow/example_dags/example_display_name.py
[2024-07-17T10:36:29.405+0000] {processor.py:830} INFO - Processing file /home/airflow/.local/lib/python3.12/site-packages/airflow/example_dags/example_display_name.py for tasks to queue
[2024-07-17T10:36:29.415+0000] {logging_mixin.py:188} INFO - [2024-07-17T10:36:29.414+0000] {dagbag.py:545} INFO - Filling up the DagBag from /home/airflow/.local/lib/python3.12/site-packages/airflow/example_dags/example_display_name.py
[2024-07-17T10:36:29.424+0000] {processor.py:840} INFO - DAG(s) 'example_display_name' retrieved from /home/airflow/.local/lib/python3.12/site-packages/airflow/example_dags/example_display_name.py
[2024-07-17T10:36:29.456+0000] {logging_mixin.py:188} INFO - [2024-07-17T10:36:29.456+0000] {dag.py:3096} INFO - Sync 1 DAGs
[2024-07-17T10:36:29.477+0000] {logging_mixin.py:188} INFO - [2024-07-17T10:36:29.476+0000] {dag.py:3954} INFO - Setting next_dagrun for example_display_name to None, run_after=None
[2024-07-17T10:36:29.520+0000] {processor.py:183} INFO - Processing /home/airflow/.local/lib/python3.12/site-packages/airflow/example_dags/example_display_name.py took 0.124 seconds
[2024-07-17T13:41:29.028+0000] {processor.py:161} INFO - Started process (PID=76) to work on /home/airflow/.local/lib/python3.12/site-packages/airflow/example_dags/example_display_name.py
[2024-07-17T13:41:29.029+0000] {processor.py:830} INFO - Processing file /home/airflow/.local/lib/python3.12/site-packages/airflow/example_dags/example_display_name.py for tasks to queue
[2024-07-17T13:41:29.031+0000] {logging_mixin.py:188} INFO - [2024-07-17T13:41:29.031+0000] {dagbag.py:545} INFO - Filling up the DagBag from /home/airflow/.local/lib/python3.12/site-packages/airflow/example_dags/example_display_name.py
[2024-07-17T13:41:29.036+0000] {processor.py:840} INFO - DAG(s) 'example_display_name' retrieved from /home/airflow/.local/lib/python3.12/site-packages/airflow/example_dags/example_display_name.py
[2024-07-17T13:41:29.204+0000] {logging_mixin.py:188} INFO - [2024-07-17T13:41:29.203+0000] {dag.py:3096} INFO - Sync 1 DAGs
[2024-07-17T13:41:29.224+0000] {logging_mixin.py:188} INFO - [2024-07-17T13:41:29.223+0000] {dag.py:3954} INFO - Setting next_dagrun for example_display_name to None, run_after=None
[2024-07-17T13:41:29.257+0000] {processor.py:183} INFO - Processing /home/airflow/.local/lib/python3.12/site-packages/airflow/example_dags/example_display_name.py took 0.235 seconds
[2024-07-17T13:41:59.578+0000] {processor.py:161} INFO - Started process (PID=136) to work on /home/airflow/.local/lib/python3.12/site-packages/airflow/example_dags/example_display_name.py
[2024-07-17T13:41:59.579+0000] {processor.py:830} INFO - Processing file /home/airflow/.local/lib/python3.12/site-packages/airflow/example_dags/example_display_name.py for tasks to queue
[2024-07-17T13:41:59.582+0000] {logging_mixin.py:188} INFO - [2024-07-17T13:41:59.581+0000] {dagbag.py:545} INFO - Filling up the DagBag from /home/airflow/.local/lib/python3.12/site-packages/airflow/example_dags/example_display_name.py
[2024-07-17T13:41:59.587+0000] {processor.py:840} INFO - DAG(s) 'example_display_name' retrieved from /home/airflow/.local/lib/python3.12/site-packages/airflow/example_dags/example_display_name.py
[2024-07-17T13:41:59.605+0000] {logging_mixin.py:188} INFO - [2024-07-17T13:41:59.605+0000] {dag.py:3096} INFO - Sync 1 DAGs
[2024-07-17T13:41:59.620+0000] {logging_mixin.py:188} INFO - [2024-07-17T13:41:59.619+0000] {dag.py:3954} INFO - Setting next_dagrun for example_display_name to None, run_after=None
[2024-07-17T13:41:59.639+0000] {processor.py:183} INFO - Processing /home/airflow/.local/lib/python3.12/site-packages/airflow/example_dags/example_display_name.py took 0.068 seconds
[2024-07-17T13:42:30.252+0000] {processor.py:161} INFO - Started process (PID=196) to work on /home/airflow/.local/lib/python3.12/site-packages/airflow/example_dags/example_display_name.py
[2024-07-17T13:42:30.253+0000] {processor.py:830} INFO - Processing file /home/airflow/.local/lib/python3.12/site-packages/airflow/example_dags/example_display_name.py for tasks to queue
[2024-07-17T13:42:30.256+0000] {logging_mixin.py:188} INFO - [2024-07-17T13:42:30.255+0000] {dagbag.py:545} INFO - Filling up the DagBag from /home/airflow/.local/lib/python3.12/site-packages/airflow/example_dags/example_display_name.py
[2024-07-17T13:42:30.262+0000] {processor.py:840} INFO - DAG(s) 'example_display_name' retrieved from /home/airflow/.local/lib/python3.12/site-packages/airflow/example_dags/example_display_name.py
[2024-07-17T13:42:30.284+0000] {logging_mixin.py:188} INFO - [2024-07-17T13:42:30.284+0000] {dag.py:3096} INFO - Sync 1 DAGs
[2024-07-17T13:42:30.301+0000] {logging_mixin.py:188} INFO - [2024-07-17T13:42:30.301+0000] {dag.py:3954} INFO - Setting next_dagrun for example_display_name to None, run_after=None
[2024-07-17T13:42:30.333+0000] {processor.py:183} INFO - Processing /home/airflow/.local/lib/python3.12/site-packages/airflow/example_dags/example_display_name.py took 0.088 seconds
[2024-07-17T13:43:00.795+0000] {processor.py:161} INFO - Started process (PID=256) to work on /home/airflow/.local/lib/python3.12/site-packages/airflow/example_dags/example_display_name.py
[2024-07-17T13:43:00.797+0000] {processor.py:830} INFO - Processing file /home/airflow/.local/lib/python3.12/site-packages/airflow/example_dags/example_display_name.py for tasks to queue
[2024-07-17T13:43:00.800+0000] {logging_mixin.py:188} INFO - [2024-07-17T13:43:00.799+0000] {dagbag.py:545} INFO - Filling up the DagBag from /home/airflow/.local/lib/python3.12/site-packages/airflow/example_dags/example_display_name.py
[2024-07-17T13:43:00.807+0000] {processor.py:840} INFO - DAG(s) 'example_display_name' retrieved from /home/airflow/.local/lib/python3.12/site-packages/airflow/example_dags/example_display_name.py
[2024-07-17T13:43:00.834+0000] {logging_mixin.py:188} INFO - [2024-07-17T13:43:00.834+0000] {dag.py:3096} INFO - Sync 1 DAGs
[2024-07-17T13:43:00.853+0000] {logging_mixin.py:188} INFO - [2024-07-17T13:43:00.852+0000] {dag.py:3954} INFO - Setting next_dagrun for example_display_name to None, run_after=None
[2024-07-17T13:43:00.883+0000] {processor.py:183} INFO - Processing /home/airflow/.local/lib/python3.12/site-packages/airflow/example_dags/example_display_name.py took 0.095 seconds
[2024-07-17T13:43:32.056+0000] {processor.py:161} INFO - Started process (PID=316) to work on /home/airflow/.local/lib/python3.12/site-packages/airflow/example_dags/example_display_name.py
[2024-07-17T13:43:32.058+0000] {processor.py:830} INFO - Processing file /home/airflow/.local/lib/python3.12/site-packages/airflow/example_dags/example_display_name.py for tasks to queue
[2024-07-17T13:43:32.060+0000] {logging_mixin.py:188} INFO - [2024-07-17T13:43:32.060+0000] {dagbag.py:545} INFO - Filling up the DagBag from /home/airflow/.local/lib/python3.12/site-packages/airflow/example_dags/example_display_name.py
[2024-07-17T13:43:32.070+0000] {processor.py:840} INFO - DAG(s) 'example_display_name' retrieved from /home/airflow/.local/lib/python3.12/site-packages/airflow/example_dags/example_display_name.py
[2024-07-17T13:43:32.105+0000] {logging_mixin.py:188} INFO - [2024-07-17T13:43:32.104+0000] {dag.py:3096} INFO - Sync 1 DAGs
[2024-07-17T13:43:32.126+0000] {logging_mixin.py:188} INFO - [2024-07-17T13:43:32.126+0000] {dag.py:3954} INFO - Setting next_dagrun for example_display_name to None, run_after=None
[2024-07-17T13:43:32.156+0000] {processor.py:183} INFO - Processing /home/airflow/.local/lib/python3.12/site-packages/airflow/example_dags/example_display_name.py took 0.108 seconds
[2024-07-17T13:44:03.011+0000] {processor.py:161} INFO - Started process (PID=376) to work on /home/airflow/.local/lib/python3.12/site-packages/airflow/example_dags/example_display_name.py
[2024-07-17T13:44:03.012+0000] {processor.py:830} INFO - Processing file /home/airflow/.local/lib/python3.12/site-packages/airflow/example_dags/example_display_name.py for tasks to queue
[2024-07-17T13:44:03.014+0000] {logging_mixin.py:188} INFO - [2024-07-17T13:44:03.014+0000] {dagbag.py:545} INFO - Filling up the DagBag from /home/airflow/.local/lib/python3.12/site-packages/airflow/example_dags/example_display_name.py
[2024-07-17T13:44:03.020+0000] {processor.py:840} INFO - DAG(s) 'example_display_name' retrieved from /home/airflow/.local/lib/python3.12/site-packages/airflow/example_dags/example_display_name.py
[2024-07-17T13:44:03.048+0000] {logging_mixin.py:188} INFO - [2024-07-17T13:44:03.048+0000] {dag.py:3096} INFO - Sync 1 DAGs
[2024-07-17T13:44:03.070+0000] {logging_mixin.py:188} INFO - [2024-07-17T13:44:03.070+0000] {dag.py:3954} INFO - Setting next_dagrun for example_display_name to None, run_after=None
[2024-07-17T13:44:03.095+0000] {processor.py:183} INFO - Processing /home/airflow/.local/lib/python3.12/site-packages/airflow/example_dags/example_display_name.py took 0.092 seconds
[2024-07-17T13:44:33.344+0000] {processor.py:161} INFO - Started process (PID=436) to work on /home/airflow/.local/lib/python3.12/site-packages/airflow/example_dags/example_display_name.py
[2024-07-17T13:44:33.345+0000] {processor.py:830} INFO - Processing file /home/airflow/.local/lib/python3.12/site-packages/airflow/example_dags/example_display_name.py for tasks to queue
[2024-07-17T13:44:33.348+0000] {logging_mixin.py:188} INFO - [2024-07-17T13:44:33.347+0000] {dagbag.py:545} INFO - Filling up the DagBag from /home/airflow/.local/lib/python3.12/site-packages/airflow/example_dags/example_display_name.py
[2024-07-17T13:44:33.355+0000] {processor.py:840} INFO - DAG(s) 'example_display_name' retrieved from /home/airflow/.local/lib/python3.12/site-packages/airflow/example_dags/example_display_name.py
[2024-07-17T13:44:33.382+0000] {logging_mixin.py:188} INFO - [2024-07-17T13:44:33.382+0000] {dag.py:3096} INFO - Sync 1 DAGs
[2024-07-17T13:44:33.402+0000] {logging_mixin.py:188} INFO - [2024-07-17T13:44:33.401+0000] {dag.py:3954} INFO - Setting next_dagrun for example_display_name to None, run_after=None
[2024-07-17T13:44:33.450+0000] {processor.py:183} INFO - Processing /home/airflow/.local/lib/python3.12/site-packages/airflow/example_dags/example_display_name.py took 0.112 seconds
[2024-07-17T13:45:03.558+0000] {processor.py:161} INFO - Started process (PID=496) to work on /home/airflow/.local/lib/python3.12/site-packages/airflow/example_dags/example_display_name.py
[2024-07-17T13:45:03.560+0000] {processor.py:830} INFO - Processing file /home/airflow/.local/lib/python3.12/site-packages/airflow/example_dags/example_display_name.py for tasks to queue
[2024-07-17T13:45:03.561+0000] {logging_mixin.py:188} INFO - [2024-07-17T13:45:03.561+0000] {dagbag.py:545} INFO - Filling up the DagBag from /home/airflow/.local/lib/python3.12/site-packages/airflow/example_dags/example_display_name.py
[2024-07-17T13:45:03.567+0000] {processor.py:840} INFO - DAG(s) 'example_display_name' retrieved from /home/airflow/.local/lib/python3.12/site-packages/airflow/example_dags/example_display_name.py
[2024-07-17T13:45:03.586+0000] {logging_mixin.py:188} INFO - [2024-07-17T13:45:03.586+0000] {dag.py:3096} INFO - Sync 1 DAGs
[2024-07-17T13:45:03.599+0000] {logging_mixin.py:188} INFO - [2024-07-17T13:45:03.599+0000] {dag.py:3954} INFO - Setting next_dagrun for example_display_name to None, run_after=None
[2024-07-17T13:45:03.633+0000] {processor.py:183} INFO - Processing /home/airflow/.local/lib/python3.12/site-packages/airflow/example_dags/example_display_name.py took 0.081 seconds
[2024-07-17T13:45:33.812+0000] {processor.py:161} INFO - Started process (PID=556) to work on /home/airflow/.local/lib/python3.12/site-packages/airflow/example_dags/example_display_name.py
[2024-07-17T13:45:33.813+0000] {processor.py:830} INFO - Processing file /home/airflow/.local/lib/python3.12/site-packages/airflow/example_dags/example_display_name.py for tasks to queue
[2024-07-17T13:45:33.815+0000] {logging_mixin.py:188} INFO - [2024-07-17T13:45:33.814+0000] {dagbag.py:545} INFO - Filling up the DagBag from /home/airflow/.local/lib/python3.12/site-packages/airflow/example_dags/example_display_name.py
[2024-07-17T13:45:33.819+0000] {processor.py:840} INFO - DAG(s) 'example_display_name' retrieved from /home/airflow/.local/lib/python3.12/site-packages/airflow/example_dags/example_display_name.py
[2024-07-17T13:45:33.838+0000] {logging_mixin.py:188} INFO - [2024-07-17T13:45:33.838+0000] {dag.py:3096} INFO - Sync 1 DAGs
[2024-07-17T13:45:33.849+0000] {logging_mixin.py:188} INFO - [2024-07-17T13:45:33.849+0000] {dag.py:3954} INFO - Setting next_dagrun for example_display_name to None, run_after=None
[2024-07-17T13:45:33.869+0000] {processor.py:183} INFO - Processing /home/airflow/.local/lib/python3.12/site-packages/airflow/example_dags/example_display_name.py took 0.061 seconds
[2024-07-17T13:46:04.434+0000] {processor.py:161} INFO - Started process (PID=616) to work on /home/airflow/.local/lib/python3.12/site-packages/airflow/example_dags/example_display_name.py
[2024-07-17T13:46:04.435+0000] {processor.py:830} INFO - Processing file /home/airflow/.local/lib/python3.12/site-packages/airflow/example_dags/example_display_name.py for tasks to queue
[2024-07-17T13:46:04.437+0000] {logging_mixin.py:188} INFO - [2024-07-17T13:46:04.437+0000] {dagbag.py:545} INFO - Filling up the DagBag from /home/airflow/.local/lib/python3.12/site-packages/airflow/example_dags/example_display_name.py
[2024-07-17T13:46:04.445+0000] {processor.py:840} INFO - DAG(s) 'example_display_name' retrieved from /home/airflow/.local/lib/python3.12/site-packages/airflow/example_dags/example_display_name.py
[2024-07-17T13:46:04.473+0000] {logging_mixin.py:188} INFO - [2024-07-17T13:46:04.473+0000] {dag.py:3096} INFO - Sync 1 DAGs
[2024-07-17T13:46:04.490+0000] {logging_mixin.py:188} INFO - [2024-07-17T13:46:04.489+0000] {dag.py:3954} INFO - Setting next_dagrun for example_display_name to None, run_after=None
[2024-07-17T13:46:04.513+0000] {processor.py:183} INFO - Processing /home/airflow/.local/lib/python3.12/site-packages/airflow/example_dags/example_display_name.py took 0.087 seconds
[2024-07-17T13:46:34.899+0000] {processor.py:161} INFO - Started process (PID=676) to work on /home/airflow/.local/lib/python3.12/site-packages/airflow/example_dags/example_display_name.py
[2024-07-17T13:46:34.900+0000] {processor.py:830} INFO - Processing file /home/airflow/.local/lib/python3.12/site-packages/airflow/example_dags/example_display_name.py for tasks to queue
[2024-07-17T13:46:34.903+0000] {logging_mixin.py:188} INFO - [2024-07-17T13:46:34.902+0000] {dagbag.py:545} INFO - Filling up the DagBag from /home/airflow/.local/lib/python3.12/site-packages/airflow/example_dags/example_display_name.py
[2024-07-17T13:46:34.912+0000] {processor.py:840} INFO - DAG(s) 'example_display_name' retrieved from /home/airflow/.local/lib/python3.12/site-packages/airflow/example_dags/example_display_name.py
[2024-07-17T13:46:34.945+0000] {logging_mixin.py:188} INFO - [2024-07-17T13:46:34.945+0000] {dag.py:3096} INFO - Sync 1 DAGs
[2024-07-17T13:46:34.966+0000] {logging_mixin.py:188} INFO - [2024-07-17T13:46:34.966+0000] {dag.py:3954} INFO - Setting next_dagrun for example_display_name to None, run_after=None
[2024-07-17T13:46:35.001+0000] {processor.py:183} INFO - Processing /home/airflow/.local/lib/python3.12/site-packages/airflow/example_dags/example_display_name.py took 0.111 seconds
[2024-07-17T13:47:05.216+0000] {processor.py:161} INFO - Started process (PID=736) to work on /home/airflow/.local/lib/python3.12/site-packages/airflow/example_dags/example_display_name.py
[2024-07-17T13:47:05.217+0000] {processor.py:830} INFO - Processing file /home/airflow/.local/lib/python3.12/site-packages/airflow/example_dags/example_display_name.py for tasks to queue
[2024-07-17T13:47:05.219+0000] {logging_mixin.py:188} INFO - [2024-07-17T13:47:05.219+0000] {dagbag.py:545} INFO - Filling up the DagBag from /home/airflow/.local/lib/python3.12/site-packages/airflow/example_dags/example_display_name.py
[2024-07-17T13:47:05.226+0000] {processor.py:840} INFO - DAG(s) 'example_display_name' retrieved from /home/airflow/.local/lib/python3.12/site-packages/airflow/example_dags/example_display_name.py
[2024-07-17T13:47:05.262+0000] {logging_mixin.py:188} INFO - [2024-07-17T13:47:05.261+0000] {dag.py:3096} INFO - Sync 1 DAGs
[2024-07-17T13:47:05.289+0000] {logging_mixin.py:188} INFO - [2024-07-17T13:47:05.289+0000] {dag.py:3954} INFO - Setting next_dagrun for example_display_name to None, run_after=None
[2024-07-17T13:47:05.324+0000] {processor.py:183} INFO - Processing /home/airflow/.local/lib/python3.12/site-packages/airflow/example_dags/example_display_name.py took 0.116 seconds
[2024-07-17T13:47:35.659+0000] {processor.py:161} INFO - Started process (PID=796) to work on /home/airflow/.local/lib/python3.12/site-packages/airflow/example_dags/example_display_name.py
[2024-07-17T13:47:35.660+0000] {processor.py:830} INFO - Processing file /home/airflow/.local/lib/python3.12/site-packages/airflow/example_dags/example_display_name.py for tasks to queue
[2024-07-17T13:47:35.662+0000] {logging_mixin.py:188} INFO - [2024-07-17T13:47:35.661+0000] {dagbag.py:545} INFO - Filling up the DagBag from /home/airflow/.local/lib/python3.12/site-packages/airflow/example_dags/example_display_name.py
[2024-07-17T13:47:35.667+0000] {processor.py:840} INFO - DAG(s) 'example_display_name' retrieved from /home/airflow/.local/lib/python3.12/site-packages/airflow/example_dags/example_display_name.py
[2024-07-17T13:47:35.685+0000] {logging_mixin.py:188} INFO - [2024-07-17T13:47:35.685+0000] {dag.py:3096} INFO - Sync 1 DAGs
[2024-07-17T13:47:35.697+0000] {logging_mixin.py:188} INFO - [2024-07-17T13:47:35.697+0000] {dag.py:3954} INFO - Setting next_dagrun for example_display_name to None, run_after=None
[2024-07-17T13:47:35.715+0000] {processor.py:183} INFO - Processing /home/airflow/.local/lib/python3.12/site-packages/airflow/example_dags/example_display_name.py took 0.061 seconds
[2024-07-17T13:48:06.516+0000] {processor.py:161} INFO - Started process (PID=856) to work on /home/airflow/.local/lib/python3.12/site-packages/airflow/example_dags/example_display_name.py
[2024-07-17T13:48:06.518+0000] {processor.py:830} INFO - Processing file /home/airflow/.local/lib/python3.12/site-packages/airflow/example_dags/example_display_name.py for tasks to queue
[2024-07-17T13:48:06.520+0000] {logging_mixin.py:188} INFO - [2024-07-17T13:48:06.520+0000] {dagbag.py:545} INFO - Filling up the DagBag from /home/airflow/.local/lib/python3.12/site-packages/airflow/example_dags/example_display_name.py
[2024-07-17T13:48:06.527+0000] {processor.py:840} INFO - DAG(s) 'example_display_name' retrieved from /home/airflow/.local/lib/python3.12/site-packages/airflow/example_dags/example_display_name.py
[2024-07-17T13:48:06.554+0000] {logging_mixin.py:188} INFO - [2024-07-17T13:48:06.553+0000] {dag.py:3096} INFO - Sync 1 DAGs
[2024-07-17T13:48:06.572+0000] {logging_mixin.py:188} INFO - [2024-07-17T13:48:06.572+0000] {dag.py:3954} INFO - Setting next_dagrun for example_display_name to None, run_after=None
[2024-07-17T13:48:06.599+0000] {processor.py:183} INFO - Processing /home/airflow/.local/lib/python3.12/site-packages/airflow/example_dags/example_display_name.py took 0.091 seconds
[2024-07-17T13:48:37.164+0000] {processor.py:161} INFO - Started process (PID=916) to work on /home/airflow/.local/lib/python3.12/site-packages/airflow/example_dags/example_display_name.py
[2024-07-17T13:48:37.165+0000] {processor.py:830} INFO - Processing file /home/airflow/.local/lib/python3.12/site-packages/airflow/example_dags/example_display_name.py for tasks to queue
[2024-07-17T13:48:37.169+0000] {logging_mixin.py:188} INFO - [2024-07-17T13:48:37.169+0000] {dagbag.py:545} INFO - Filling up the DagBag from /home/airflow/.local/lib/python3.12/site-packages/airflow/example_dags/example_display_name.py
[2024-07-17T13:48:37.176+0000] {processor.py:840} INFO - DAG(s) 'example_display_name' retrieved from /home/airflow/.local/lib/python3.12/site-packages/airflow/example_dags/example_display_name.py
[2024-07-17T13:48:37.201+0000] {logging_mixin.py:188} INFO - [2024-07-17T13:48:37.201+0000] {dag.py:3096} INFO - Sync 1 DAGs
[2024-07-17T13:48:37.221+0000] {logging_mixin.py:188} INFO - [2024-07-17T13:48:37.221+0000] {dag.py:3954} INFO - Setting next_dagrun for example_display_name to None, run_after=None
[2024-07-17T13:48:37.248+0000] {processor.py:183} INFO - Processing /home/airflow/.local/lib/python3.12/site-packages/airflow/example_dags/example_display_name.py took 0.092 seconds
[2024-07-17T13:49:07.590+0000] {processor.py:161} INFO - Started process (PID=976) to work on /home/airflow/.local/lib/python3.12/site-packages/airflow/example_dags/example_display_name.py
[2024-07-17T13:49:07.591+0000] {processor.py:830} INFO - Processing file /home/airflow/.local/lib/python3.12/site-packages/airflow/example_dags/example_display_name.py for tasks to queue
[2024-07-17T13:49:07.593+0000] {logging_mixin.py:188} INFO - [2024-07-17T13:49:07.593+0000] {dagbag.py:545} INFO - Filling up the DagBag from /home/airflow/.local/lib/python3.12/site-packages/airflow/example_dags/example_display_name.py
[2024-07-17T13:49:07.598+0000] {processor.py:840} INFO - DAG(s) 'example_display_name' retrieved from /home/airflow/.local/lib/python3.12/site-packages/airflow/example_dags/example_display_name.py
[2024-07-17T13:49:07.616+0000] {logging_mixin.py:188} INFO - [2024-07-17T13:49:07.616+0000] {dag.py:3096} INFO - Sync 1 DAGs
[2024-07-17T13:49:07.629+0000] {logging_mixin.py:188} INFO - [2024-07-17T13:49:07.629+0000] {dag.py:3954} INFO - Setting next_dagrun for example_display_name to None, run_after=None
[2024-07-17T13:49:07.647+0000] {processor.py:183} INFO - Processing /home/airflow/.local/lib/python3.12/site-packages/airflow/example_dags/example_display_name.py took 0.062 seconds
[2024-07-17T13:49:37.864+0000] {processor.py:161} INFO - Started process (PID=1036) to work on /home/airflow/.local/lib/python3.12/site-packages/airflow/example_dags/example_display_name.py
[2024-07-17T13:49:37.865+0000] {processor.py:830} INFO - Processing file /home/airflow/.local/lib/python3.12/site-packages/airflow/example_dags/example_display_name.py for tasks to queue
[2024-07-17T13:49:37.867+0000] {logging_mixin.py:188} INFO - [2024-07-17T13:49:37.867+0000] {dagbag.py:545} INFO - Filling up the DagBag from /home/airflow/.local/lib/python3.12/site-packages/airflow/example_dags/example_display_name.py
[2024-07-17T13:49:37.873+0000] {processor.py:840} INFO - DAG(s) 'example_display_name' retrieved from /home/airflow/.local/lib/python3.12/site-packages/airflow/example_dags/example_display_name.py
[2024-07-17T13:49:37.891+0000] {logging_mixin.py:188} INFO - [2024-07-17T13:49:37.891+0000] {dag.py:3096} INFO - Sync 1 DAGs
[2024-07-17T13:49:37.904+0000] {logging_mixin.py:188} INFO - [2024-07-17T13:49:37.904+0000] {dag.py:3954} INFO - Setting next_dagrun for example_display_name to None, run_after=None
[2024-07-17T13:49:37.923+0000] {processor.py:183} INFO - Processing /home/airflow/.local/lib/python3.12/site-packages/airflow/example_dags/example_display_name.py took 0.065 seconds
[2024-07-17T13:50:08.331+0000] {processor.py:161} INFO - Started process (PID=1096) to work on /home/airflow/.local/lib/python3.12/site-packages/airflow/example_dags/example_display_name.py
[2024-07-17T13:50:08.332+0000] {processor.py:830} INFO - Processing file /home/airflow/.local/lib/python3.12/site-packages/airflow/example_dags/example_display_name.py for tasks to queue
[2024-07-17T13:50:08.334+0000] {logging_mixin.py:188} INFO - [2024-07-17T13:50:08.333+0000] {dagbag.py:545} INFO - Filling up the DagBag from /home/airflow/.local/lib/python3.12/site-packages/airflow/example_dags/example_display_name.py
[2024-07-17T13:50:08.338+0000] {processor.py:840} INFO - DAG(s) 'example_display_name' retrieved from /home/airflow/.local/lib/python3.12/site-packages/airflow/example_dags/example_display_name.py
[2024-07-17T13:50:08.357+0000] {logging_mixin.py:188} INFO - [2024-07-17T13:50:08.357+0000] {dag.py:3096} INFO - Sync 1 DAGs
[2024-07-17T13:50:08.369+0000] {logging_mixin.py:188} INFO - [2024-07-17T13:50:08.369+0000] {dag.py:3954} INFO - Setting next_dagrun for example_display_name to None, run_after=None
[2024-07-17T13:50:08.387+0000] {processor.py:183} INFO - Processing /home/airflow/.local/lib/python3.12/site-packages/airflow/example_dags/example_display_name.py took 0.062 seconds
[2024-07-17T13:51:33.418+0000] {processor.py:161} INFO - Started process (PID=1188) to work on /home/airflow/.local/lib/python3.12/site-packages/airflow/example_dags/example_display_name.py
[2024-07-17T13:51:33.420+0000] {processor.py:830} INFO - Processing file /home/airflow/.local/lib/python3.12/site-packages/airflow/example_dags/example_display_name.py for tasks to queue
[2024-07-17T13:51:33.427+0000] {logging_mixin.py:188} INFO - [2024-07-17T13:51:33.423+0000] {dagbag.py:545} INFO - Filling up the DagBag from /home/airflow/.local/lib/python3.12/site-packages/airflow/example_dags/example_display_name.py
[2024-07-17T13:51:33.439+0000] {processor.py:840} INFO - DAG(s) 'example_display_name' retrieved from /home/airflow/.local/lib/python3.12/site-packages/airflow/example_dags/example_display_name.py
[2024-07-17T13:51:33.469+0000] {logging_mixin.py:188} INFO - [2024-07-17T13:51:33.469+0000] {dag.py:3096} INFO - Sync 1 DAGs
[2024-07-17T13:51:33.490+0000] {logging_mixin.py:188} INFO - [2024-07-17T13:51:33.490+0000] {dag.py:3954} INFO - Setting next_dagrun for example_display_name to None, run_after=None
[2024-07-17T13:51:33.588+0000] {processor.py:183} INFO - Processing /home/airflow/.local/lib/python3.12/site-packages/airflow/example_dags/example_display_name.py took 0.178 seconds
[2024-07-17T13:52:03.962+0000] {processor.py:161} INFO - Started process (PID=1248) to work on /home/airflow/.local/lib/python3.12/site-packages/airflow/example_dags/example_display_name.py
[2024-07-17T13:52:03.964+0000] {processor.py:830} INFO - Processing file /home/airflow/.local/lib/python3.12/site-packages/airflow/example_dags/example_display_name.py for tasks to queue
[2024-07-17T13:52:03.966+0000] {logging_mixin.py:188} INFO - [2024-07-17T13:52:03.965+0000] {dagbag.py:545} INFO - Filling up the DagBag from /home/airflow/.local/lib/python3.12/site-packages/airflow/example_dags/example_display_name.py
[2024-07-17T13:52:03.972+0000] {processor.py:840} INFO - DAG(s) 'example_display_name' retrieved from /home/airflow/.local/lib/python3.12/site-packages/airflow/example_dags/example_display_name.py
[2024-07-17T13:52:04.001+0000] {logging_mixin.py:188} INFO - [2024-07-17T13:52:04.000+0000] {dag.py:3096} INFO - Sync 1 DAGs
[2024-07-17T13:52:04.022+0000] {logging_mixin.py:188} INFO - [2024-07-17T13:52:04.022+0000] {dag.py:3954} INFO - Setting next_dagrun for example_display_name to None, run_after=None
[2024-07-17T13:52:04.052+0000] {processor.py:183} INFO - Processing /home/airflow/.local/lib/python3.12/site-packages/airflow/example_dags/example_display_name.py took 0.097 seconds
[2024-07-17T13:52:34.838+0000] {processor.py:161} INFO - Started process (PID=1308) to work on /home/airflow/.local/lib/python3.12/site-packages/airflow/example_dags/example_display_name.py
[2024-07-17T13:52:34.839+0000] {processor.py:830} INFO - Processing file /home/airflow/.local/lib/python3.12/site-packages/airflow/example_dags/example_display_name.py for tasks to queue
[2024-07-17T13:52:34.842+0000] {logging_mixin.py:188} INFO - [2024-07-17T13:52:34.841+0000] {dagbag.py:545} INFO - Filling up the DagBag from /home/airflow/.local/lib/python3.12/site-packages/airflow/example_dags/example_display_name.py
[2024-07-17T13:52:34.853+0000] {processor.py:840} INFO - DAG(s) 'example_display_name' retrieved from /home/airflow/.local/lib/python3.12/site-packages/airflow/example_dags/example_display_name.py
[2024-07-17T13:52:34.889+0000] {logging_mixin.py:188} INFO - [2024-07-17T13:52:34.889+0000] {dag.py:3096} INFO - Sync 1 DAGs
[2024-07-17T13:52:34.915+0000] {logging_mixin.py:188} INFO - [2024-07-17T13:52:34.914+0000] {dag.py:3954} INFO - Setting next_dagrun for example_display_name to None, run_after=None
[2024-07-17T13:52:34.967+0000] {processor.py:183} INFO - Processing /home/airflow/.local/lib/python3.12/site-packages/airflow/example_dags/example_display_name.py took 0.139 seconds
[2024-07-17T13:53:05.194+0000] {processor.py:161} INFO - Started process (PID=1369) to work on /home/airflow/.local/lib/python3.12/site-packages/airflow/example_dags/example_display_name.py
[2024-07-17T13:53:05.195+0000] {processor.py:830} INFO - Processing file /home/airflow/.local/lib/python3.12/site-packages/airflow/example_dags/example_display_name.py for tasks to queue
[2024-07-17T13:53:05.197+0000] {logging_mixin.py:188} INFO - [2024-07-17T13:53:05.196+0000] {dagbag.py:545} INFO - Filling up the DagBag from /home/airflow/.local/lib/python3.12/site-packages/airflow/example_dags/example_display_name.py
[2024-07-17T13:53:05.204+0000] {processor.py:840} INFO - DAG(s) 'example_display_name' retrieved from /home/airflow/.local/lib/python3.12/site-packages/airflow/example_dags/example_display_name.py
[2024-07-17T13:53:05.226+0000] {logging_mixin.py:188} INFO - [2024-07-17T13:53:05.225+0000] {dag.py:3096} INFO - Sync 1 DAGs
[2024-07-17T13:53:05.241+0000] {logging_mixin.py:188} INFO - [2024-07-17T13:53:05.241+0000] {dag.py:3954} INFO - Setting next_dagrun for example_display_name to None, run_after=None
[2024-07-17T13:53:05.270+0000] {processor.py:183} INFO - Processing /home/airflow/.local/lib/python3.12/site-packages/airflow/example_dags/example_display_name.py took 0.081 seconds
[2024-07-17T13:53:35.750+0000] {processor.py:161} INFO - Started process (PID=1429) to work on /home/airflow/.local/lib/python3.12/site-packages/airflow/example_dags/example_display_name.py
[2024-07-17T13:53:35.751+0000] {processor.py:830} INFO - Processing file /home/airflow/.local/lib/python3.12/site-packages/airflow/example_dags/example_display_name.py for tasks to queue
[2024-07-17T13:53:35.753+0000] {logging_mixin.py:188} INFO - [2024-07-17T13:53:35.753+0000] {dagbag.py:545} INFO - Filling up the DagBag from /home/airflow/.local/lib/python3.12/site-packages/airflow/example_dags/example_display_name.py
[2024-07-17T13:53:35.761+0000] {processor.py:840} INFO - DAG(s) 'example_display_name' retrieved from /home/airflow/.local/lib/python3.12/site-packages/airflow/example_dags/example_display_name.py
[2024-07-17T13:53:35.788+0000] {logging_mixin.py:188} INFO - [2024-07-17T13:53:35.787+0000] {dag.py:3096} INFO - Sync 1 DAGs
[2024-07-17T13:53:35.803+0000] {logging_mixin.py:188} INFO - [2024-07-17T13:53:35.803+0000] {dag.py:3954} INFO - Setting next_dagrun for example_display_name to None, run_after=None
[2024-07-17T13:53:35.827+0000] {processor.py:183} INFO - Processing /home/airflow/.local/lib/python3.12/site-packages/airflow/example_dags/example_display_name.py took 0.083 seconds
[2024-07-17T13:54:06.164+0000] {processor.py:161} INFO - Started process (PID=1489) to work on /home/airflow/.local/lib/python3.12/site-packages/airflow/example_dags/example_display_name.py
[2024-07-17T13:54:06.166+0000] {processor.py:830} INFO - Processing file /home/airflow/.local/lib/python3.12/site-packages/airflow/example_dags/example_display_name.py for tasks to queue
[2024-07-17T13:54:06.168+0000] {logging_mixin.py:188} INFO - [2024-07-17T13:54:06.168+0000] {dagbag.py:545} INFO - Filling up the DagBag from /home/airflow/.local/lib/python3.12/site-packages/airflow/example_dags/example_display_name.py
[2024-07-17T13:54:06.174+0000] {processor.py:840} INFO - DAG(s) 'example_display_name' retrieved from /home/airflow/.local/lib/python3.12/site-packages/airflow/example_dags/example_display_name.py
[2024-07-17T13:54:06.198+0000] {logging_mixin.py:188} INFO - [2024-07-17T13:54:06.198+0000] {dag.py:3096} INFO - Sync 1 DAGs
[2024-07-17T13:54:06.215+0000] {logging_mixin.py:188} INFO - [2024-07-17T13:54:06.215+0000] {dag.py:3954} INFO - Setting next_dagrun for example_display_name to None, run_after=None
[2024-07-17T13:54:06.242+0000] {processor.py:183} INFO - Processing /home/airflow/.local/lib/python3.12/site-packages/airflow/example_dags/example_display_name.py took 0.087 seconds
[2024-07-17T13:54:37.213+0000] {processor.py:161} INFO - Started process (PID=1549) to work on /home/airflow/.local/lib/python3.12/site-packages/airflow/example_dags/example_display_name.py
[2024-07-17T13:54:37.215+0000] {processor.py:830} INFO - Processing file /home/airflow/.local/lib/python3.12/site-packages/airflow/example_dags/example_display_name.py for tasks to queue
[2024-07-17T13:54:37.217+0000] {logging_mixin.py:188} INFO - [2024-07-17T13:54:37.217+0000] {dagbag.py:545} INFO - Filling up the DagBag from /home/airflow/.local/lib/python3.12/site-packages/airflow/example_dags/example_display_name.py
[2024-07-17T13:54:37.231+0000] {processor.py:840} INFO - DAG(s) 'example_display_name' retrieved from /home/airflow/.local/lib/python3.12/site-packages/airflow/example_dags/example_display_name.py
[2024-07-17T13:54:37.267+0000] {logging_mixin.py:188} INFO - [2024-07-17T13:54:37.266+0000] {dag.py:3096} INFO - Sync 1 DAGs
[2024-07-17T13:54:37.297+0000] {logging_mixin.py:188} INFO - [2024-07-17T13:54:37.296+0000] {dag.py:3954} INFO - Setting next_dagrun for example_display_name to None, run_after=None
[2024-07-17T13:54:37.351+0000] {processor.py:183} INFO - Processing /home/airflow/.local/lib/python3.12/site-packages/airflow/example_dags/example_display_name.py took 0.148 seconds
[2024-07-17T13:55:07.992+0000] {processor.py:161} INFO - Started process (PID=1609) to work on /home/airflow/.local/lib/python3.12/site-packages/airflow/example_dags/example_display_name.py
[2024-07-17T13:55:07.993+0000] {processor.py:830} INFO - Processing file /home/airflow/.local/lib/python3.12/site-packages/airflow/example_dags/example_display_name.py for tasks to queue
[2024-07-17T13:55:07.995+0000] {logging_mixin.py:188} INFO - [2024-07-17T13:55:07.995+0000] {dagbag.py:545} INFO - Filling up the DagBag from /home/airflow/.local/lib/python3.12/site-packages/airflow/example_dags/example_display_name.py
[2024-07-17T13:55:08.003+0000] {processor.py:840} INFO - DAG(s) 'example_display_name' retrieved from /home/airflow/.local/lib/python3.12/site-packages/airflow/example_dags/example_display_name.py
[2024-07-17T13:55:08.022+0000] {logging_mixin.py:188} INFO - [2024-07-17T13:55:08.022+0000] {dag.py:3096} INFO - Sync 1 DAGs
[2024-07-17T13:55:08.034+0000] {logging_mixin.py:188} INFO - [2024-07-17T13:55:08.034+0000] {dag.py:3954} INFO - Setting next_dagrun for example_display_name to None, run_after=None
[2024-07-17T13:55:08.054+0000] {processor.py:183} INFO - Processing /home/airflow/.local/lib/python3.12/site-packages/airflow/example_dags/example_display_name.py took 0.069 seconds
[2024-07-17T13:55:39.297+0000] {processor.py:161} INFO - Started process (PID=1669) to work on /home/airflow/.local/lib/python3.12/site-packages/airflow/example_dags/example_display_name.py
[2024-07-17T13:55:39.298+0000] {processor.py:830} INFO - Processing file /home/airflow/.local/lib/python3.12/site-packages/airflow/example_dags/example_display_name.py for tasks to queue
[2024-07-17T13:55:39.301+0000] {logging_mixin.py:188} INFO - [2024-07-17T13:55:39.300+0000] {dagbag.py:545} INFO - Filling up the DagBag from /home/airflow/.local/lib/python3.12/site-packages/airflow/example_dags/example_display_name.py
[2024-07-17T13:55:39.317+0000] {processor.py:840} INFO - DAG(s) 'example_display_name' retrieved from /home/airflow/.local/lib/python3.12/site-packages/airflow/example_dags/example_display_name.py
[2024-07-17T13:55:39.359+0000] {logging_mixin.py:188} INFO - [2024-07-17T13:55:39.359+0000] {dag.py:3096} INFO - Sync 1 DAGs
[2024-07-17T13:55:39.379+0000] {logging_mixin.py:188} INFO - [2024-07-17T13:55:39.379+0000] {dag.py:3954} INFO - Setting next_dagrun for example_display_name to None, run_after=None
[2024-07-17T13:55:39.425+0000] {processor.py:183} INFO - Processing /home/airflow/.local/lib/python3.12/site-packages/airflow/example_dags/example_display_name.py took 0.141 seconds
[2024-07-17T13:56:10.162+0000] {processor.py:161} INFO - Started process (PID=1730) to work on /home/airflow/.local/lib/python3.12/site-packages/airflow/example_dags/example_display_name.py
[2024-07-17T13:56:10.163+0000] {processor.py:830} INFO - Processing file /home/airflow/.local/lib/python3.12/site-packages/airflow/example_dags/example_display_name.py for tasks to queue
[2024-07-17T13:56:10.166+0000] {logging_mixin.py:188} INFO - [2024-07-17T13:56:10.165+0000] {dagbag.py:545} INFO - Filling up the DagBag from /home/airflow/.local/lib/python3.12/site-packages/airflow/example_dags/example_display_name.py
[2024-07-17T13:56:10.172+0000] {processor.py:840} INFO - DAG(s) 'example_display_name' retrieved from /home/airflow/.local/lib/python3.12/site-packages/airflow/example_dags/example_display_name.py
[2024-07-17T13:56:10.192+0000] {logging_mixin.py:188} INFO - [2024-07-17T13:56:10.192+0000] {dag.py:3096} INFO - Sync 1 DAGs
[2024-07-17T13:56:10.209+0000] {logging_mixin.py:188} INFO - [2024-07-17T13:56:10.209+0000] {dag.py:3954} INFO - Setting next_dagrun for example_display_name to None, run_after=None
[2024-07-17T13:56:10.241+0000] {processor.py:183} INFO - Processing /home/airflow/.local/lib/python3.12/site-packages/airflow/example_dags/example_display_name.py took 0.085 seconds
[2024-07-17T13:56:41.345+0000] {processor.py:161} INFO - Started process (PID=1790) to work on /home/airflow/.local/lib/python3.12/site-packages/airflow/example_dags/example_display_name.py
[2024-07-17T13:56:41.346+0000] {processor.py:830} INFO - Processing file /home/airflow/.local/lib/python3.12/site-packages/airflow/example_dags/example_display_name.py for tasks to queue
[2024-07-17T13:56:41.348+0000] {logging_mixin.py:188} INFO - [2024-07-17T13:56:41.348+0000] {dagbag.py:545} INFO - Filling up the DagBag from /home/airflow/.local/lib/python3.12/site-packages/airflow/example_dags/example_display_name.py
[2024-07-17T13:56:41.355+0000] {processor.py:840} INFO - DAG(s) 'example_display_name' retrieved from /home/airflow/.local/lib/python3.12/site-packages/airflow/example_dags/example_display_name.py
[2024-07-17T13:56:41.374+0000] {logging_mixin.py:188} INFO - [2024-07-17T13:56:41.374+0000] {dag.py:3096} INFO - Sync 1 DAGs
[2024-07-17T13:56:41.387+0000] {logging_mixin.py:188} INFO - [2024-07-17T13:56:41.386+0000] {dag.py:3954} INFO - Setting next_dagrun for example_display_name to None, run_after=None
[2024-07-17T13:56:41.409+0000] {processor.py:183} INFO - Processing /home/airflow/.local/lib/python3.12/site-packages/airflow/example_dags/example_display_name.py took 0.069 seconds
[2024-07-17T13:57:12.093+0000] {processor.py:161} INFO - Started process (PID=1850) to work on /home/airflow/.local/lib/python3.12/site-packages/airflow/example_dags/example_display_name.py
[2024-07-17T13:57:12.094+0000] {processor.py:830} INFO - Processing file /home/airflow/.local/lib/python3.12/site-packages/airflow/example_dags/example_display_name.py for tasks to queue
[2024-07-17T13:57:12.097+0000] {logging_mixin.py:188} INFO - [2024-07-17T13:57:12.097+0000] {dagbag.py:545} INFO - Filling up the DagBag from /home/airflow/.local/lib/python3.12/site-packages/airflow/example_dags/example_display_name.py
[2024-07-17T13:57:12.106+0000] {processor.py:840} INFO - DAG(s) 'example_display_name' retrieved from /home/airflow/.local/lib/python3.12/site-packages/airflow/example_dags/example_display_name.py
[2024-07-17T13:57:12.142+0000] {logging_mixin.py:188} INFO - [2024-07-17T13:57:12.142+0000] {dag.py:3096} INFO - Sync 1 DAGs
[2024-07-17T13:57:12.163+0000] {logging_mixin.py:188} INFO - [2024-07-17T13:57:12.163+0000] {dag.py:3954} INFO - Setting next_dagrun for example_display_name to None, run_after=None
[2024-07-17T13:57:12.209+0000] {processor.py:183} INFO - Processing /home/airflow/.local/lib/python3.12/site-packages/airflow/example_dags/example_display_name.py took 0.123 seconds
[2024-07-17T13:57:42.790+0000] {processor.py:161} INFO - Started process (PID=1910) to work on /home/airflow/.local/lib/python3.12/site-packages/airflow/example_dags/example_display_name.py
[2024-07-17T13:57:42.791+0000] {processor.py:830} INFO - Processing file /home/airflow/.local/lib/python3.12/site-packages/airflow/example_dags/example_display_name.py for tasks to queue
[2024-07-17T13:57:42.793+0000] {logging_mixin.py:188} INFO - [2024-07-17T13:57:42.793+0000] {dagbag.py:545} INFO - Filling up the DagBag from /home/airflow/.local/lib/python3.12/site-packages/airflow/example_dags/example_display_name.py
[2024-07-17T13:57:42.800+0000] {processor.py:840} INFO - DAG(s) 'example_display_name' retrieved from /home/airflow/.local/lib/python3.12/site-packages/airflow/example_dags/example_display_name.py
[2024-07-17T13:57:42.982+0000] {logging_mixin.py:188} INFO - [2024-07-17T13:57:42.982+0000] {dag.py:3096} INFO - Sync 1 DAGs
[2024-07-17T13:57:42.999+0000] {logging_mixin.py:188} INFO - [2024-07-17T13:57:42.999+0000] {dag.py:3954} INFO - Setting next_dagrun for example_display_name to None, run_after=None
[2024-07-17T13:57:43.030+0000] {processor.py:183} INFO - Processing /home/airflow/.local/lib/python3.12/site-packages/airflow/example_dags/example_display_name.py took 0.248 seconds
[2024-07-17T13:58:13.331+0000] {processor.py:161} INFO - Started process (PID=1969) to work on /home/airflow/.local/lib/python3.12/site-packages/airflow/example_dags/example_display_name.py
[2024-07-17T13:58:13.331+0000] {processor.py:830} INFO - Processing file /home/airflow/.local/lib/python3.12/site-packages/airflow/example_dags/example_display_name.py for tasks to queue
[2024-07-17T13:58:13.333+0000] {logging_mixin.py:188} INFO - [2024-07-17T13:58:13.333+0000] {dagbag.py:545} INFO - Filling up the DagBag from /home/airflow/.local/lib/python3.12/site-packages/airflow/example_dags/example_display_name.py
[2024-07-17T13:58:13.339+0000] {processor.py:840} INFO - DAG(s) 'example_display_name' retrieved from /home/airflow/.local/lib/python3.12/site-packages/airflow/example_dags/example_display_name.py
[2024-07-17T13:58:13.365+0000] {logging_mixin.py:188} INFO - [2024-07-17T13:58:13.365+0000] {dag.py:3096} INFO - Sync 1 DAGs
[2024-07-17T13:58:13.379+0000] {logging_mixin.py:188} INFO - [2024-07-17T13:58:13.379+0000] {dag.py:3954} INFO - Setting next_dagrun for example_display_name to None, run_after=None
[2024-07-17T13:58:13.398+0000] {processor.py:183} INFO - Processing /home/airflow/.local/lib/python3.12/site-packages/airflow/example_dags/example_display_name.py took 0.075 seconds
[2024-07-17T13:58:44.161+0000] {processor.py:161} INFO - Started process (PID=2029) to work on /home/airflow/.local/lib/python3.12/site-packages/airflow/example_dags/example_display_name.py
[2024-07-17T13:58:44.162+0000] {processor.py:830} INFO - Processing file /home/airflow/.local/lib/python3.12/site-packages/airflow/example_dags/example_display_name.py for tasks to queue
[2024-07-17T13:58:44.164+0000] {logging_mixin.py:188} INFO - [2024-07-17T13:58:44.163+0000] {dagbag.py:545} INFO - Filling up the DagBag from /home/airflow/.local/lib/python3.12/site-packages/airflow/example_dags/example_display_name.py
[2024-07-17T13:58:44.170+0000] {processor.py:840} INFO - DAG(s) 'example_display_name' retrieved from /home/airflow/.local/lib/python3.12/site-packages/airflow/example_dags/example_display_name.py
[2024-07-17T13:58:44.191+0000] {logging_mixin.py:188} INFO - [2024-07-17T13:58:44.191+0000] {dag.py:3096} INFO - Sync 1 DAGs
[2024-07-17T13:58:44.206+0000] {logging_mixin.py:188} INFO - [2024-07-17T13:58:44.206+0000] {dag.py:3954} INFO - Setting next_dagrun for example_display_name to None, run_after=None
[2024-07-17T13:58:44.227+0000] {processor.py:183} INFO - Processing /home/airflow/.local/lib/python3.12/site-packages/airflow/example_dags/example_display_name.py took 0.073 seconds
[2024-07-17T13:59:14.772+0000] {processor.py:161} INFO - Started process (PID=2089) to work on /home/airflow/.local/lib/python3.12/site-packages/airflow/example_dags/example_display_name.py
[2024-07-17T13:59:14.773+0000] {processor.py:830} INFO - Processing file /home/airflow/.local/lib/python3.12/site-packages/airflow/example_dags/example_display_name.py for tasks to queue
[2024-07-17T13:59:14.775+0000] {logging_mixin.py:188} INFO - [2024-07-17T13:59:14.775+0000] {dagbag.py:545} INFO - Filling up the DagBag from /home/airflow/.local/lib/python3.12/site-packages/airflow/example_dags/example_display_name.py
[2024-07-17T13:59:14.782+0000] {processor.py:840} INFO - DAG(s) 'example_display_name' retrieved from /home/airflow/.local/lib/python3.12/site-packages/airflow/example_dags/example_display_name.py
[2024-07-17T13:59:14.809+0000] {logging_mixin.py:188} INFO - [2024-07-17T13:59:14.808+0000] {dag.py:3096} INFO - Sync 1 DAGs
[2024-07-17T13:59:14.829+0000] {logging_mixin.py:188} INFO - [2024-07-17T13:59:14.829+0000] {dag.py:3954} INFO - Setting next_dagrun for example_display_name to None, run_after=None
[2024-07-17T13:59:14.856+0000] {processor.py:183} INFO - Processing /home/airflow/.local/lib/python3.12/site-packages/airflow/example_dags/example_display_name.py took 0.092 seconds
[2024-07-17T13:59:45.498+0000] {processor.py:161} INFO - Started process (PID=2150) to work on /home/airflow/.local/lib/python3.12/site-packages/airflow/example_dags/example_display_name.py
[2024-07-17T13:59:45.499+0000] {processor.py:830} INFO - Processing file /home/airflow/.local/lib/python3.12/site-packages/airflow/example_dags/example_display_name.py for tasks to queue
[2024-07-17T13:59:45.502+0000] {logging_mixin.py:188} INFO - [2024-07-17T13:59:45.502+0000] {dagbag.py:545} INFO - Filling up the DagBag from /home/airflow/.local/lib/python3.12/site-packages/airflow/example_dags/example_display_name.py
[2024-07-17T13:59:45.510+0000] {processor.py:840} INFO - DAG(s) 'example_display_name' retrieved from /home/airflow/.local/lib/python3.12/site-packages/airflow/example_dags/example_display_name.py
[2024-07-17T13:59:45.539+0000] {logging_mixin.py:188} INFO - [2024-07-17T13:59:45.539+0000] {dag.py:3096} INFO - Sync 1 DAGs
[2024-07-17T13:59:45.562+0000] {logging_mixin.py:188} INFO - [2024-07-17T13:59:45.562+0000] {dag.py:3954} INFO - Setting next_dagrun for example_display_name to None, run_after=None
[2024-07-17T13:59:45.611+0000] {processor.py:183} INFO - Processing /home/airflow/.local/lib/python3.12/site-packages/airflow/example_dags/example_display_name.py took 0.121 seconds
[2024-07-17T14:00:16.309+0000] {processor.py:161} INFO - Started process (PID=2210) to work on /home/airflow/.local/lib/python3.12/site-packages/airflow/example_dags/example_display_name.py
[2024-07-17T14:00:16.310+0000] {processor.py:830} INFO - Processing file /home/airflow/.local/lib/python3.12/site-packages/airflow/example_dags/example_display_name.py for tasks to queue
[2024-07-17T14:00:16.312+0000] {logging_mixin.py:188} INFO - [2024-07-17T14:00:16.312+0000] {dagbag.py:545} INFO - Filling up the DagBag from /home/airflow/.local/lib/python3.12/site-packages/airflow/example_dags/example_display_name.py
[2024-07-17T14:00:16.319+0000] {processor.py:840} INFO - DAG(s) 'example_display_name' retrieved from /home/airflow/.local/lib/python3.12/site-packages/airflow/example_dags/example_display_name.py
[2024-07-17T14:00:16.343+0000] {logging_mixin.py:188} INFO - [2024-07-17T14:00:16.343+0000] {dag.py:3096} INFO - Sync 1 DAGs
[2024-07-17T14:00:16.362+0000] {logging_mixin.py:188} INFO - [2024-07-17T14:00:16.362+0000] {dag.py:3954} INFO - Setting next_dagrun for example_display_name to None, run_after=None
[2024-07-17T14:00:16.384+0000] {processor.py:183} INFO - Processing /home/airflow/.local/lib/python3.12/site-packages/airflow/example_dags/example_display_name.py took 0.082 seconds
[2024-07-17T14:00:47.160+0000] {processor.py:161} INFO - Started process (PID=2270) to work on /home/airflow/.local/lib/python3.12/site-packages/airflow/example_dags/example_display_name.py
[2024-07-17T14:00:47.161+0000] {processor.py:830} INFO - Processing file /home/airflow/.local/lib/python3.12/site-packages/airflow/example_dags/example_display_name.py for tasks to queue
[2024-07-17T14:00:47.164+0000] {logging_mixin.py:188} INFO - [2024-07-17T14:00:47.164+0000] {dagbag.py:545} INFO - Filling up the DagBag from /home/airflow/.local/lib/python3.12/site-packages/airflow/example_dags/example_display_name.py
[2024-07-17T14:00:47.172+0000] {processor.py:840} INFO - DAG(s) 'example_display_name' retrieved from /home/airflow/.local/lib/python3.12/site-packages/airflow/example_dags/example_display_name.py
[2024-07-17T14:00:47.208+0000] {logging_mixin.py:188} INFO - [2024-07-17T14:00:47.208+0000] {dag.py:3096} INFO - Sync 1 DAGs
[2024-07-17T14:00:47.231+0000] {logging_mixin.py:188} INFO - [2024-07-17T14:00:47.230+0000] {dag.py:3954} INFO - Setting next_dagrun for example_display_name to None, run_after=None
[2024-07-17T14:00:47.280+0000] {processor.py:183} INFO - Processing /home/airflow/.local/lib/python3.12/site-packages/airflow/example_dags/example_display_name.py took 0.130 seconds
[2024-07-17T14:01:17.360+0000] {processor.py:161} INFO - Started process (PID=2330) to work on /home/airflow/.local/lib/python3.12/site-packages/airflow/example_dags/example_display_name.py
[2024-07-17T14:01:17.361+0000] {processor.py:830} INFO - Processing file /home/airflow/.local/lib/python3.12/site-packages/airflow/example_dags/example_display_name.py for tasks to queue
[2024-07-17T14:01:17.363+0000] {logging_mixin.py:188} INFO - [2024-07-17T14:01:17.363+0000] {dagbag.py:545} INFO - Filling up the DagBag from /home/airflow/.local/lib/python3.12/site-packages/airflow/example_dags/example_display_name.py
[2024-07-17T14:01:17.371+0000] {processor.py:840} INFO - DAG(s) 'example_display_name' retrieved from /home/airflow/.local/lib/python3.12/site-packages/airflow/example_dags/example_display_name.py
[2024-07-17T14:01:17.398+0000] {logging_mixin.py:188} INFO - [2024-07-17T14:01:17.397+0000] {dag.py:3096} INFO - Sync 1 DAGs
[2024-07-17T14:01:17.417+0000] {logging_mixin.py:188} INFO - [2024-07-17T14:01:17.417+0000] {dag.py:3954} INFO - Setting next_dagrun for example_display_name to None, run_after=None
[2024-07-17T14:01:17.442+0000] {processor.py:183} INFO - Processing /home/airflow/.local/lib/python3.12/site-packages/airflow/example_dags/example_display_name.py took 0.090 seconds
[2024-07-17T14:01:47.505+0000] {processor.py:161} INFO - Started process (PID=2389) to work on /home/airflow/.local/lib/python3.12/site-packages/airflow/example_dags/example_display_name.py
[2024-07-17T14:01:47.506+0000] {processor.py:830} INFO - Processing file /home/airflow/.local/lib/python3.12/site-packages/airflow/example_dags/example_display_name.py for tasks to queue
[2024-07-17T14:01:47.508+0000] {logging_mixin.py:188} INFO - [2024-07-17T14:01:47.507+0000] {dagbag.py:545} INFO - Filling up the DagBag from /home/airflow/.local/lib/python3.12/site-packages/airflow/example_dags/example_display_name.py
[2024-07-17T14:01:47.512+0000] {processor.py:840} INFO - DAG(s) 'example_display_name' retrieved from /home/airflow/.local/lib/python3.12/site-packages/airflow/example_dags/example_display_name.py
[2024-07-17T14:01:47.531+0000] {logging_mixin.py:188} INFO - [2024-07-17T14:01:47.531+0000] {dag.py:3096} INFO - Sync 1 DAGs
[2024-07-17T14:01:47.542+0000] {logging_mixin.py:188} INFO - [2024-07-17T14:01:47.542+0000] {dag.py:3954} INFO - Setting next_dagrun for example_display_name to None, run_after=None
[2024-07-17T14:01:47.562+0000] {processor.py:183} INFO - Processing /home/airflow/.local/lib/python3.12/site-packages/airflow/example_dags/example_display_name.py took 0.062 seconds
[2024-07-17T14:04:08.050+0000] {processor.py:161} INFO - Started process (PID=2448) to work on /home/airflow/.local/lib/python3.12/site-packages/airflow/example_dags/example_display_name.py
[2024-07-17T14:04:08.052+0000] {processor.py:830} INFO - Processing file /home/airflow/.local/lib/python3.12/site-packages/airflow/example_dags/example_display_name.py for tasks to queue
[2024-07-17T14:04:08.055+0000] {logging_mixin.py:188} INFO - [2024-07-17T14:04:08.055+0000] {dagbag.py:545} INFO - Filling up the DagBag from /home/airflow/.local/lib/python3.12/site-packages/airflow/example_dags/example_display_name.py
[2024-07-17T14:04:08.072+0000] {processor.py:840} INFO - DAG(s) 'example_display_name' retrieved from /home/airflow/.local/lib/python3.12/site-packages/airflow/example_dags/example_display_name.py
[2024-07-17T14:04:08.111+0000] {logging_mixin.py:188} INFO - [2024-07-17T14:04:08.111+0000] {dag.py:3096} INFO - Sync 1 DAGs
[2024-07-17T14:04:08.148+0000] {logging_mixin.py:188} INFO - [2024-07-17T14:04:08.147+0000] {dag.py:3954} INFO - Setting next_dagrun for example_display_name to None, run_after=None
[2024-07-17T14:04:08.206+0000] {processor.py:183} INFO - Processing /home/airflow/.local/lib/python3.12/site-packages/airflow/example_dags/example_display_name.py took 0.170 seconds
[2024-07-17T14:04:38.274+0000] {processor.py:161} INFO - Started process (PID=2509) to work on /home/airflow/.local/lib/python3.12/site-packages/airflow/example_dags/example_display_name.py
[2024-07-17T14:04:38.275+0000] {processor.py:830} INFO - Processing file /home/airflow/.local/lib/python3.12/site-packages/airflow/example_dags/example_display_name.py for tasks to queue
[2024-07-17T14:04:38.277+0000] {logging_mixin.py:188} INFO - [2024-07-17T14:04:38.276+0000] {dagbag.py:545} INFO - Filling up the DagBag from /home/airflow/.local/lib/python3.12/site-packages/airflow/example_dags/example_display_name.py
[2024-07-17T14:04:38.282+0000] {processor.py:840} INFO - DAG(s) 'example_display_name' retrieved from /home/airflow/.local/lib/python3.12/site-packages/airflow/example_dags/example_display_name.py
[2024-07-17T14:04:38.306+0000] {logging_mixin.py:188} INFO - [2024-07-17T14:04:38.306+0000] {dag.py:3096} INFO - Sync 1 DAGs
[2024-07-17T14:04:38.325+0000] {logging_mixin.py:188} INFO - [2024-07-17T14:04:38.325+0000] {dag.py:3954} INFO - Setting next_dagrun for example_display_name to None, run_after=None
[2024-07-17T14:04:38.350+0000] {processor.py:183} INFO - Processing /home/airflow/.local/lib/python3.12/site-packages/airflow/example_dags/example_display_name.py took 0.083 seconds
[2024-07-17T14:05:08.406+0000] {processor.py:161} INFO - Started process (PID=2569) to work on /home/airflow/.local/lib/python3.12/site-packages/airflow/example_dags/example_display_name.py
[2024-07-17T14:05:08.407+0000] {processor.py:830} INFO - Processing file /home/airflow/.local/lib/python3.12/site-packages/airflow/example_dags/example_display_name.py for tasks to queue
[2024-07-17T14:05:08.409+0000] {logging_mixin.py:188} INFO - [2024-07-17T14:05:08.409+0000] {dagbag.py:545} INFO - Filling up the DagBag from /home/airflow/.local/lib/python3.12/site-packages/airflow/example_dags/example_display_name.py
[2024-07-17T14:05:08.416+0000] {processor.py:840} INFO - DAG(s) 'example_display_name' retrieved from /home/airflow/.local/lib/python3.12/site-packages/airflow/example_dags/example_display_name.py
[2024-07-17T14:05:08.444+0000] {logging_mixin.py:188} INFO - [2024-07-17T14:05:08.444+0000] {dag.py:3096} INFO - Sync 1 DAGs
[2024-07-17T14:05:08.461+0000] {logging_mixin.py:188} INFO - [2024-07-17T14:05:08.460+0000] {dag.py:3954} INFO - Setting next_dagrun for example_display_name to None, run_after=None
[2024-07-17T14:05:08.493+0000] {processor.py:183} INFO - Processing /home/airflow/.local/lib/python3.12/site-packages/airflow/example_dags/example_display_name.py took 0.095 seconds
[2024-07-17T14:05:39.568+0000] {processor.py:161} INFO - Started process (PID=2630) to work on /home/airflow/.local/lib/python3.12/site-packages/airflow/example_dags/example_display_name.py
[2024-07-17T14:05:39.570+0000] {processor.py:830} INFO - Processing file /home/airflow/.local/lib/python3.12/site-packages/airflow/example_dags/example_display_name.py for tasks to queue
[2024-07-17T14:05:39.572+0000] {logging_mixin.py:188} INFO - [2024-07-17T14:05:39.572+0000] {dagbag.py:545} INFO - Filling up the DagBag from /home/airflow/.local/lib/python3.12/site-packages/airflow/example_dags/example_display_name.py
[2024-07-17T14:05:39.581+0000] {processor.py:840} INFO - DAG(s) 'example_display_name' retrieved from /home/airflow/.local/lib/python3.12/site-packages/airflow/example_dags/example_display_name.py
[2024-07-17T14:05:39.608+0000] {logging_mixin.py:188} INFO - [2024-07-17T14:05:39.608+0000] {dag.py:3096} INFO - Sync 1 DAGs
[2024-07-17T14:05:39.624+0000] {logging_mixin.py:188} INFO - [2024-07-17T14:05:39.624+0000] {dag.py:3954} INFO - Setting next_dagrun for example_display_name to None, run_after=None
[2024-07-17T14:05:39.647+0000] {processor.py:183} INFO - Processing /home/airflow/.local/lib/python3.12/site-packages/airflow/example_dags/example_display_name.py took 0.087 seconds
[2024-07-17T14:06:10.958+0000] {processor.py:161} INFO - Started process (PID=2691) to work on /home/airflow/.local/lib/python3.12/site-packages/airflow/example_dags/example_display_name.py
[2024-07-17T14:06:10.960+0000] {processor.py:830} INFO - Processing file /home/airflow/.local/lib/python3.12/site-packages/airflow/example_dags/example_display_name.py for tasks to queue
[2024-07-17T14:06:10.964+0000] {logging_mixin.py:188} INFO - [2024-07-17T14:06:10.963+0000] {dagbag.py:545} INFO - Filling up the DagBag from /home/airflow/.local/lib/python3.12/site-packages/airflow/example_dags/example_display_name.py
[2024-07-17T14:06:10.975+0000] {processor.py:840} INFO - DAG(s) 'example_display_name' retrieved from /home/airflow/.local/lib/python3.12/site-packages/airflow/example_dags/example_display_name.py
[2024-07-17T14:06:11.021+0000] {logging_mixin.py:188} INFO - [2024-07-17T14:06:11.020+0000] {dag.py:3096} INFO - Sync 1 DAGs
[2024-07-17T14:06:11.057+0000] {logging_mixin.py:188} INFO - [2024-07-17T14:06:11.057+0000] {dag.py:3954} INFO - Setting next_dagrun for example_display_name to None, run_after=None
[2024-07-17T14:06:11.096+0000] {processor.py:183} INFO - Processing /home/airflow/.local/lib/python3.12/site-packages/airflow/example_dags/example_display_name.py took 0.151 seconds
[2024-07-17T14:06:41.640+0000] {processor.py:161} INFO - Started process (PID=2751) to work on /home/airflow/.local/lib/python3.12/site-packages/airflow/example_dags/example_display_name.py
[2024-07-17T14:06:41.642+0000] {processor.py:830} INFO - Processing file /home/airflow/.local/lib/python3.12/site-packages/airflow/example_dags/example_display_name.py for tasks to queue
[2024-07-17T14:06:41.645+0000] {logging_mixin.py:188} INFO - [2024-07-17T14:06:41.645+0000] {dagbag.py:545} INFO - Filling up the DagBag from /home/airflow/.local/lib/python3.12/site-packages/airflow/example_dags/example_display_name.py
[2024-07-17T14:06:41.656+0000] {processor.py:840} INFO - DAG(s) 'example_display_name' retrieved from /home/airflow/.local/lib/python3.12/site-packages/airflow/example_dags/example_display_name.py
[2024-07-17T14:06:41.694+0000] {logging_mixin.py:188} INFO - [2024-07-17T14:06:41.694+0000] {dag.py:3096} INFO - Sync 1 DAGs
[2024-07-17T14:06:41.721+0000] {logging_mixin.py:188} INFO - [2024-07-17T14:06:41.721+0000] {dag.py:3954} INFO - Setting next_dagrun for example_display_name to None, run_after=None
[2024-07-17T14:06:41.761+0000] {processor.py:183} INFO - Processing /home/airflow/.local/lib/python3.12/site-packages/airflow/example_dags/example_display_name.py took 0.132 seconds
[2024-07-17T14:07:12.538+0000] {processor.py:161} INFO - Started process (PID=2811) to work on /home/airflow/.local/lib/python3.12/site-packages/airflow/example_dags/example_display_name.py
[2024-07-17T14:07:12.543+0000] {processor.py:830} INFO - Processing file /home/airflow/.local/lib/python3.12/site-packages/airflow/example_dags/example_display_name.py for tasks to queue
[2024-07-17T14:07:12.547+0000] {logging_mixin.py:188} INFO - [2024-07-17T14:07:12.546+0000] {dagbag.py:545} INFO - Filling up the DagBag from /home/airflow/.local/lib/python3.12/site-packages/airflow/example_dags/example_display_name.py
[2024-07-17T14:07:12.562+0000] {processor.py:840} INFO - DAG(s) 'example_display_name' retrieved from /home/airflow/.local/lib/python3.12/site-packages/airflow/example_dags/example_display_name.py
[2024-07-17T14:07:12.612+0000] {logging_mixin.py:188} INFO - [2024-07-17T14:07:12.611+0000] {dag.py:3096} INFO - Sync 1 DAGs
[2024-07-17T14:07:12.652+0000] {logging_mixin.py:188} INFO - [2024-07-17T14:07:12.651+0000] {dag.py:3954} INFO - Setting next_dagrun for example_display_name to None, run_after=None
[2024-07-17T14:07:12.698+0000] {processor.py:183} INFO - Processing /home/airflow/.local/lib/python3.12/site-packages/airflow/example_dags/example_display_name.py took 0.174 seconds
[2024-07-17T14:07:43.403+0000] {processor.py:161} INFO - Started process (PID=2871) to work on /home/airflow/.local/lib/python3.12/site-packages/airflow/example_dags/example_display_name.py
[2024-07-17T14:07:43.405+0000] {processor.py:830} INFO - Processing file /home/airflow/.local/lib/python3.12/site-packages/airflow/example_dags/example_display_name.py for tasks to queue
[2024-07-17T14:07:43.409+0000] {logging_mixin.py:188} INFO - [2024-07-17T14:07:43.408+0000] {dagbag.py:545} INFO - Filling up the DagBag from /home/airflow/.local/lib/python3.12/site-packages/airflow/example_dags/example_display_name.py
[2024-07-17T14:07:43.423+0000] {processor.py:840} INFO - DAG(s) 'example_display_name' retrieved from /home/airflow/.local/lib/python3.12/site-packages/airflow/example_dags/example_display_name.py
[2024-07-17T14:07:43.477+0000] {logging_mixin.py:188} INFO - [2024-07-17T14:07:43.476+0000] {dag.py:3096} INFO - Sync 1 DAGs
[2024-07-17T14:07:43.523+0000] {logging_mixin.py:188} INFO - [2024-07-17T14:07:43.522+0000] {dag.py:3954} INFO - Setting next_dagrun for example_display_name to None, run_after=None
[2024-07-17T14:07:43.580+0000] {processor.py:183} INFO - Processing /home/airflow/.local/lib/python3.12/site-packages/airflow/example_dags/example_display_name.py took 0.194 seconds
[2024-07-17T14:08:13.890+0000] {processor.py:161} INFO - Started process (PID=2931) to work on /home/airflow/.local/lib/python3.12/site-packages/airflow/example_dags/example_display_name.py
[2024-07-17T14:08:13.892+0000] {processor.py:830} INFO - Processing file /home/airflow/.local/lib/python3.12/site-packages/airflow/example_dags/example_display_name.py for tasks to queue
[2024-07-17T14:08:13.895+0000] {logging_mixin.py:188} INFO - [2024-07-17T14:08:13.894+0000] {dagbag.py:545} INFO - Filling up the DagBag from /home/airflow/.local/lib/python3.12/site-packages/airflow/example_dags/example_display_name.py
[2024-07-17T14:08:13.905+0000] {processor.py:840} INFO - DAG(s) 'example_display_name' retrieved from /home/airflow/.local/lib/python3.12/site-packages/airflow/example_dags/example_display_name.py
[2024-07-17T14:08:13.946+0000] {logging_mixin.py:188} INFO - [2024-07-17T14:08:13.945+0000] {dag.py:3096} INFO - Sync 1 DAGs
[2024-07-17T14:08:13.974+0000] {logging_mixin.py:188} INFO - [2024-07-17T14:08:13.973+0000] {dag.py:3954} INFO - Setting next_dagrun for example_display_name to None, run_after=None
[2024-07-17T14:08:14.019+0000] {processor.py:183} INFO - Processing /home/airflow/.local/lib/python3.12/site-packages/airflow/example_dags/example_display_name.py took 0.140 seconds
[2024-07-17T14:08:45.259+0000] {processor.py:161} INFO - Started process (PID=2991) to work on /home/airflow/.local/lib/python3.12/site-packages/airflow/example_dags/example_display_name.py
[2024-07-17T14:08:45.261+0000] {processor.py:830} INFO - Processing file /home/airflow/.local/lib/python3.12/site-packages/airflow/example_dags/example_display_name.py for tasks to queue
[2024-07-17T14:08:45.266+0000] {logging_mixin.py:188} INFO - [2024-07-17T14:08:45.265+0000] {dagbag.py:545} INFO - Filling up the DagBag from /home/airflow/.local/lib/python3.12/site-packages/airflow/example_dags/example_display_name.py
[2024-07-17T14:08:45.277+0000] {processor.py:840} INFO - DAG(s) 'example_display_name' retrieved from /home/airflow/.local/lib/python3.12/site-packages/airflow/example_dags/example_display_name.py
[2024-07-17T14:08:45.324+0000] {logging_mixin.py:188} INFO - [2024-07-17T14:08:45.324+0000] {dag.py:3096} INFO - Sync 1 DAGs
[2024-07-17T14:08:45.357+0000] {logging_mixin.py:188} INFO - [2024-07-17T14:08:45.357+0000] {dag.py:3954} INFO - Setting next_dagrun for example_display_name to None, run_after=None
[2024-07-17T14:08:45.394+0000] {processor.py:183} INFO - Processing /home/airflow/.local/lib/python3.12/site-packages/airflow/example_dags/example_display_name.py took 0.148 seconds
[2024-07-17T14:09:16.314+0000] {processor.py:161} INFO - Started process (PID=3051) to work on /home/airflow/.local/lib/python3.12/site-packages/airflow/example_dags/example_display_name.py
[2024-07-17T14:09:16.316+0000] {processor.py:830} INFO - Processing file /home/airflow/.local/lib/python3.12/site-packages/airflow/example_dags/example_display_name.py for tasks to queue
[2024-07-17T14:09:16.320+0000] {logging_mixin.py:188} INFO - [2024-07-17T14:09:16.319+0000] {dagbag.py:545} INFO - Filling up the DagBag from /home/airflow/.local/lib/python3.12/site-packages/airflow/example_dags/example_display_name.py
[2024-07-17T14:09:16.331+0000] {processor.py:840} INFO - DAG(s) 'example_display_name' retrieved from /home/airflow/.local/lib/python3.12/site-packages/airflow/example_dags/example_display_name.py
[2024-07-17T14:09:16.375+0000] {logging_mixin.py:188} INFO - [2024-07-17T14:09:16.374+0000] {dag.py:3096} INFO - Sync 1 DAGs
[2024-07-17T14:09:16.440+0000] {logging_mixin.py:188} INFO - [2024-07-17T14:09:16.439+0000] {dag.py:3954} INFO - Setting next_dagrun for example_display_name to None, run_after=None
[2024-07-17T14:09:16.489+0000] {processor.py:183} INFO - Processing /home/airflow/.local/lib/python3.12/site-packages/airflow/example_dags/example_display_name.py took 0.187 seconds
[2024-07-17T14:09:47.217+0000] {processor.py:161} INFO - Started process (PID=3111) to work on /home/airflow/.local/lib/python3.12/site-packages/airflow/example_dags/example_display_name.py
[2024-07-17T14:09:47.219+0000] {processor.py:830} INFO - Processing file /home/airflow/.local/lib/python3.12/site-packages/airflow/example_dags/example_display_name.py for tasks to queue
[2024-07-17T14:09:47.222+0000] {logging_mixin.py:188} INFO - [2024-07-17T14:09:47.221+0000] {dagbag.py:545} INFO - Filling up the DagBag from /home/airflow/.local/lib/python3.12/site-packages/airflow/example_dags/example_display_name.py
[2024-07-17T14:09:47.232+0000] {processor.py:840} INFO - DAG(s) 'example_display_name' retrieved from /home/airflow/.local/lib/python3.12/site-packages/airflow/example_dags/example_display_name.py
[2024-07-17T14:09:47.271+0000] {logging_mixin.py:188} INFO - [2024-07-17T14:09:47.271+0000] {dag.py:3096} INFO - Sync 1 DAGs
[2024-07-17T14:09:47.299+0000] {logging_mixin.py:188} INFO - [2024-07-17T14:09:47.299+0000] {dag.py:3954} INFO - Setting next_dagrun for example_display_name to None, run_after=None
[2024-07-17T14:09:47.339+0000] {processor.py:183} INFO - Processing /home/airflow/.local/lib/python3.12/site-packages/airflow/example_dags/example_display_name.py took 0.133 seconds
[2024-07-17T14:10:18.227+0000] {processor.py:161} INFO - Started process (PID=3171) to work on /home/airflow/.local/lib/python3.12/site-packages/airflow/example_dags/example_display_name.py
[2024-07-17T14:10:18.229+0000] {processor.py:830} INFO - Processing file /home/airflow/.local/lib/python3.12/site-packages/airflow/example_dags/example_display_name.py for tasks to queue
[2024-07-17T14:10:18.232+0000] {logging_mixin.py:188} INFO - [2024-07-17T14:10:18.232+0000] {dagbag.py:545} INFO - Filling up the DagBag from /home/airflow/.local/lib/python3.12/site-packages/airflow/example_dags/example_display_name.py
[2024-07-17T14:10:18.242+0000] {processor.py:840} INFO - DAG(s) 'example_display_name' retrieved from /home/airflow/.local/lib/python3.12/site-packages/airflow/example_dags/example_display_name.py
[2024-07-17T14:10:18.284+0000] {logging_mixin.py:188} INFO - [2024-07-17T14:10:18.283+0000] {dag.py:3096} INFO - Sync 1 DAGs
[2024-07-17T14:10:18.314+0000] {logging_mixin.py:188} INFO - [2024-07-17T14:10:18.313+0000] {dag.py:3954} INFO - Setting next_dagrun for example_display_name to None, run_after=None
[2024-07-17T14:10:18.351+0000] {processor.py:183} INFO - Processing /home/airflow/.local/lib/python3.12/site-packages/airflow/example_dags/example_display_name.py took 0.137 seconds
[2024-07-17T14:10:49.169+0000] {processor.py:161} INFO - Started process (PID=3231) to work on /home/airflow/.local/lib/python3.12/site-packages/airflow/example_dags/example_display_name.py
[2024-07-17T14:10:49.171+0000] {processor.py:830} INFO - Processing file /home/airflow/.local/lib/python3.12/site-packages/airflow/example_dags/example_display_name.py for tasks to queue
[2024-07-17T14:10:49.175+0000] {logging_mixin.py:188} INFO - [2024-07-17T14:10:49.175+0000] {dagbag.py:545} INFO - Filling up the DagBag from /home/airflow/.local/lib/python3.12/site-packages/airflow/example_dags/example_display_name.py
[2024-07-17T14:10:49.187+0000] {processor.py:840} INFO - DAG(s) 'example_display_name' retrieved from /home/airflow/.local/lib/python3.12/site-packages/airflow/example_dags/example_display_name.py
[2024-07-17T14:10:49.228+0000] {logging_mixin.py:188} INFO - [2024-07-17T14:10:49.227+0000] {dag.py:3096} INFO - Sync 1 DAGs
[2024-07-17T14:10:49.260+0000] {logging_mixin.py:188} INFO - [2024-07-17T14:10:49.260+0000] {dag.py:3954} INFO - Setting next_dagrun for example_display_name to None, run_after=None
[2024-07-17T14:10:49.327+0000] {processor.py:183} INFO - Processing /home/airflow/.local/lib/python3.12/site-packages/airflow/example_dags/example_display_name.py took 0.172 seconds
[2024-07-17T14:11:19.886+0000] {processor.py:161} INFO - Started process (PID=3291) to work on /home/airflow/.local/lib/python3.12/site-packages/airflow/example_dags/example_display_name.py
[2024-07-17T14:11:19.887+0000] {processor.py:830} INFO - Processing file /home/airflow/.local/lib/python3.12/site-packages/airflow/example_dags/example_display_name.py for tasks to queue
[2024-07-17T14:11:19.891+0000] {logging_mixin.py:188} INFO - [2024-07-17T14:11:19.890+0000] {dagbag.py:545} INFO - Filling up the DagBag from /home/airflow/.local/lib/python3.12/site-packages/airflow/example_dags/example_display_name.py
[2024-07-17T14:11:19.903+0000] {processor.py:840} INFO - DAG(s) 'example_display_name' retrieved from /home/airflow/.local/lib/python3.12/site-packages/airflow/example_dags/example_display_name.py
[2024-07-17T14:11:19.942+0000] {logging_mixin.py:188} INFO - [2024-07-17T14:11:19.942+0000] {dag.py:3096} INFO - Sync 1 DAGs
[2024-07-17T14:11:19.966+0000] {logging_mixin.py:188} INFO - [2024-07-17T14:11:19.966+0000] {dag.py:3954} INFO - Setting next_dagrun for example_display_name to None, run_after=None
[2024-07-17T14:11:20.004+0000] {processor.py:183} INFO - Processing /home/airflow/.local/lib/python3.12/site-packages/airflow/example_dags/example_display_name.py took 0.129 seconds
[2024-07-17T14:11:51.749+0000] {processor.py:161} INFO - Started process (PID=3351) to work on /home/airflow/.local/lib/python3.12/site-packages/airflow/example_dags/example_display_name.py
[2024-07-17T14:11:51.758+0000] {processor.py:830} INFO - Processing file /home/airflow/.local/lib/python3.12/site-packages/airflow/example_dags/example_display_name.py for tasks to queue
[2024-07-17T14:11:51.765+0000] {logging_mixin.py:188} INFO - [2024-07-17T14:11:51.764+0000] {dagbag.py:545} INFO - Filling up the DagBag from /home/airflow/.local/lib/python3.12/site-packages/airflow/example_dags/example_display_name.py
[2024-07-17T14:11:51.789+0000] {processor.py:840} INFO - DAG(s) 'example_display_name' retrieved from /home/airflow/.local/lib/python3.12/site-packages/airflow/example_dags/example_display_name.py
[2024-07-17T14:11:51.872+0000] {logging_mixin.py:188} INFO - [2024-07-17T14:11:51.870+0000] {dag.py:3096} INFO - Sync 1 DAGs
[2024-07-17T14:11:51.921+0000] {logging_mixin.py:188} INFO - [2024-07-17T14:11:51.920+0000] {dag.py:3954} INFO - Setting next_dagrun for example_display_name to None, run_after=None
[2024-07-17T14:11:51.998+0000] {processor.py:183} INFO - Processing /home/airflow/.local/lib/python3.12/site-packages/airflow/example_dags/example_display_name.py took 0.267 seconds
