[2024-07-17T10:31:53.068+0000] {processor.py:161} INFO - Started process (PID=84) to work on /home/airflow/.local/lib/python3.12/site-packages/airflow/example_dags/tutorial.py
[2024-07-17T10:31:53.071+0000] {processor.py:830} INFO - Processing file /home/airflow/.local/lib/python3.12/site-packages/airflow/example_dags/tutorial.py for tasks to queue
[2024-07-17T10:31:53.085+0000] {logging_mixin.py:188} INFO - [2024-07-17T10:31:53.084+0000] {dagbag.py:545} INFO - Filling up the DagBag from /home/airflow/.local/lib/python3.12/site-packages/airflow/example_dags/tutorial.py
[2024-07-17T10:31:53.113+0000] {processor.py:840} INFO - DAG(s) 'tutorial' retrieved from /home/airflow/.local/lib/python3.12/site-packages/airflow/example_dags/tutorial.py
[2024-07-17T10:31:53.169+0000] {logging_mixin.py:188} INFO - [2024-07-17T10:31:53.168+0000] {dag.py:3096} INFO - Sync 1 DAGs
[2024-07-17T10:31:53.234+0000] {logging_mixin.py:188} INFO - [2024-07-17T10:31:53.233+0000] {dag.py:3954} INFO - Setting next_dagrun for tutorial to 2024-07-16 00:00:00+00:00, run_after=2024-07-17 00:00:00+00:00
[2024-07-17T10:31:53.279+0000] {processor.py:183} INFO - Processing /home/airflow/.local/lib/python3.12/site-packages/airflow/example_dags/tutorial.py took 0.228 seconds
[2024-07-17T10:32:23.964+0000] {processor.py:161} INFO - Started process (PID=144) to work on /home/airflow/.local/lib/python3.12/site-packages/airflow/example_dags/tutorial.py
[2024-07-17T10:32:23.966+0000] {processor.py:830} INFO - Processing file /home/airflow/.local/lib/python3.12/site-packages/airflow/example_dags/tutorial.py for tasks to queue
[2024-07-17T10:32:23.970+0000] {logging_mixin.py:188} INFO - [2024-07-17T10:32:23.970+0000] {dagbag.py:545} INFO - Filling up the DagBag from /home/airflow/.local/lib/python3.12/site-packages/airflow/example_dags/tutorial.py
[2024-07-17T10:32:23.985+0000] {processor.py:840} INFO - DAG(s) 'tutorial' retrieved from /home/airflow/.local/lib/python3.12/site-packages/airflow/example_dags/tutorial.py
[2024-07-17T10:32:24.011+0000] {logging_mixin.py:188} INFO - [2024-07-17T10:32:24.011+0000] {dag.py:3096} INFO - Sync 1 DAGs
[2024-07-17T10:32:24.073+0000] {logging_mixin.py:188} INFO - [2024-07-17T10:32:24.072+0000] {dag.py:3954} INFO - Setting next_dagrun for tutorial to 2024-07-16 00:00:00+00:00, run_after=2024-07-17 00:00:00+00:00
[2024-07-17T10:32:24.114+0000] {processor.py:183} INFO - Processing /home/airflow/.local/lib/python3.12/site-packages/airflow/example_dags/tutorial.py took 0.161 seconds
[2024-07-17T10:32:55.460+0000] {processor.py:161} INFO - Started process (PID=204) to work on /home/airflow/.local/lib/python3.12/site-packages/airflow/example_dags/tutorial.py
[2024-07-17T10:32:55.462+0000] {processor.py:830} INFO - Processing file /home/airflow/.local/lib/python3.12/site-packages/airflow/example_dags/tutorial.py for tasks to queue
[2024-07-17T10:32:55.465+0000] {logging_mixin.py:188} INFO - [2024-07-17T10:32:55.464+0000] {dagbag.py:545} INFO - Filling up the DagBag from /home/airflow/.local/lib/python3.12/site-packages/airflow/example_dags/tutorial.py
[2024-07-17T10:32:55.475+0000] {processor.py:840} INFO - DAG(s) 'tutorial' retrieved from /home/airflow/.local/lib/python3.12/site-packages/airflow/example_dags/tutorial.py
[2024-07-17T10:32:55.651+0000] {logging_mixin.py:188} INFO - [2024-07-17T10:32:55.651+0000] {dag.py:3096} INFO - Sync 1 DAGs
[2024-07-17T10:32:55.673+0000] {logging_mixin.py:188} INFO - [2024-07-17T10:32:55.673+0000] {dag.py:3954} INFO - Setting next_dagrun for tutorial to 2024-07-16 00:00:00+00:00, run_after=2024-07-17 00:00:00+00:00
[2024-07-17T10:32:55.693+0000] {processor.py:183} INFO - Processing /home/airflow/.local/lib/python3.12/site-packages/airflow/example_dags/tutorial.py took 0.249 seconds
[2024-07-17T10:33:25.875+0000] {processor.py:161} INFO - Started process (PID=264) to work on /home/airflow/.local/lib/python3.12/site-packages/airflow/example_dags/tutorial.py
[2024-07-17T10:33:25.877+0000] {processor.py:830} INFO - Processing file /home/airflow/.local/lib/python3.12/site-packages/airflow/example_dags/tutorial.py for tasks to queue
[2024-07-17T10:33:25.880+0000] {logging_mixin.py:188} INFO - [2024-07-17T10:33:25.879+0000] {dagbag.py:545} INFO - Filling up the DagBag from /home/airflow/.local/lib/python3.12/site-packages/airflow/example_dags/tutorial.py
[2024-07-17T10:33:25.887+0000] {processor.py:840} INFO - DAG(s) 'tutorial' retrieved from /home/airflow/.local/lib/python3.12/site-packages/airflow/example_dags/tutorial.py
[2024-07-17T10:33:25.911+0000] {logging_mixin.py:188} INFO - [2024-07-17T10:33:25.910+0000] {dag.py:3096} INFO - Sync 1 DAGs
[2024-07-17T10:33:25.941+0000] {logging_mixin.py:188} INFO - [2024-07-17T10:33:25.941+0000] {dag.py:3954} INFO - Setting next_dagrun for tutorial to 2024-07-16 00:00:00+00:00, run_after=2024-07-17 00:00:00+00:00
[2024-07-17T10:33:25.965+0000] {processor.py:183} INFO - Processing /home/airflow/.local/lib/python3.12/site-packages/airflow/example_dags/tutorial.py took 0.100 seconds
[2024-07-17T10:33:57.193+0000] {processor.py:161} INFO - Started process (PID=324) to work on /home/airflow/.local/lib/python3.12/site-packages/airflow/example_dags/tutorial.py
[2024-07-17T10:33:57.194+0000] {processor.py:830} INFO - Processing file /home/airflow/.local/lib/python3.12/site-packages/airflow/example_dags/tutorial.py for tasks to queue
[2024-07-17T10:33:57.197+0000] {logging_mixin.py:188} INFO - [2024-07-17T10:33:57.196+0000] {dagbag.py:545} INFO - Filling up the DagBag from /home/airflow/.local/lib/python3.12/site-packages/airflow/example_dags/tutorial.py
[2024-07-17T10:33:57.204+0000] {processor.py:840} INFO - DAG(s) 'tutorial' retrieved from /home/airflow/.local/lib/python3.12/site-packages/airflow/example_dags/tutorial.py
[2024-07-17T10:33:57.242+0000] {logging_mixin.py:188} INFO - [2024-07-17T10:33:57.242+0000] {dag.py:3096} INFO - Sync 1 DAGs
[2024-07-17T10:33:57.277+0000] {logging_mixin.py:188} INFO - [2024-07-17T10:33:57.277+0000] {dag.py:3954} INFO - Setting next_dagrun for tutorial to 2024-07-16 00:00:00+00:00, run_after=2024-07-17 00:00:00+00:00
[2024-07-17T10:33:57.301+0000] {processor.py:183} INFO - Processing /home/airflow/.local/lib/python3.12/site-packages/airflow/example_dags/tutorial.py took 0.116 seconds
[2024-07-17T10:34:28.204+0000] {processor.py:161} INFO - Started process (PID=384) to work on /home/airflow/.local/lib/python3.12/site-packages/airflow/example_dags/tutorial.py
[2024-07-17T10:34:28.205+0000] {processor.py:830} INFO - Processing file /home/airflow/.local/lib/python3.12/site-packages/airflow/example_dags/tutorial.py for tasks to queue
[2024-07-17T10:34:28.206+0000] {logging_mixin.py:188} INFO - [2024-07-17T10:34:28.206+0000] {dagbag.py:545} INFO - Filling up the DagBag from /home/airflow/.local/lib/python3.12/site-packages/airflow/example_dags/tutorial.py
[2024-07-17T10:34:28.212+0000] {processor.py:840} INFO - DAG(s) 'tutorial' retrieved from /home/airflow/.local/lib/python3.12/site-packages/airflow/example_dags/tutorial.py
[2024-07-17T10:34:28.237+0000] {logging_mixin.py:188} INFO - [2024-07-17T10:34:28.237+0000] {dag.py:3096} INFO - Sync 1 DAGs
[2024-07-17T10:34:28.266+0000] {logging_mixin.py:188} INFO - [2024-07-17T10:34:28.265+0000] {dag.py:3954} INFO - Setting next_dagrun for tutorial to 2024-07-16 00:00:00+00:00, run_after=2024-07-17 00:00:00+00:00
[2024-07-17T10:34:28.292+0000] {processor.py:183} INFO - Processing /home/airflow/.local/lib/python3.12/site-packages/airflow/example_dags/tutorial.py took 0.094 seconds
[2024-07-17T10:34:58.853+0000] {processor.py:161} INFO - Started process (PID=444) to work on /home/airflow/.local/lib/python3.12/site-packages/airflow/example_dags/tutorial.py
[2024-07-17T10:34:58.858+0000] {processor.py:830} INFO - Processing file /home/airflow/.local/lib/python3.12/site-packages/airflow/example_dags/tutorial.py for tasks to queue
[2024-07-17T10:34:58.861+0000] {logging_mixin.py:188} INFO - [2024-07-17T10:34:58.860+0000] {dagbag.py:545} INFO - Filling up the DagBag from /home/airflow/.local/lib/python3.12/site-packages/airflow/example_dags/tutorial.py
[2024-07-17T10:34:58.873+0000] {processor.py:840} INFO - DAG(s) 'tutorial' retrieved from /home/airflow/.local/lib/python3.12/site-packages/airflow/example_dags/tutorial.py
[2024-07-17T10:34:58.906+0000] {logging_mixin.py:188} INFO - [2024-07-17T10:34:58.906+0000] {dag.py:3096} INFO - Sync 1 DAGs
[2024-07-17T10:34:58.939+0000] {logging_mixin.py:188} INFO - [2024-07-17T10:34:58.939+0000] {dag.py:3954} INFO - Setting next_dagrun for tutorial to 2024-07-16 00:00:00+00:00, run_after=2024-07-17 00:00:00+00:00
[2024-07-17T10:34:58.969+0000] {processor.py:183} INFO - Processing /home/airflow/.local/lib/python3.12/site-packages/airflow/example_dags/tutorial.py took 0.127 seconds
[2024-07-17T10:35:29.212+0000] {processor.py:161} INFO - Started process (PID=504) to work on /home/airflow/.local/lib/python3.12/site-packages/airflow/example_dags/tutorial.py
[2024-07-17T10:35:29.214+0000] {processor.py:830} INFO - Processing file /home/airflow/.local/lib/python3.12/site-packages/airflow/example_dags/tutorial.py for tasks to queue
[2024-07-17T10:35:29.218+0000] {logging_mixin.py:188} INFO - [2024-07-17T10:35:29.218+0000] {dagbag.py:545} INFO - Filling up the DagBag from /home/airflow/.local/lib/python3.12/site-packages/airflow/example_dags/tutorial.py
[2024-07-17T10:35:29.229+0000] {processor.py:840} INFO - DAG(s) 'tutorial' retrieved from /home/airflow/.local/lib/python3.12/site-packages/airflow/example_dags/tutorial.py
[2024-07-17T10:35:29.264+0000] {logging_mixin.py:188} INFO - [2024-07-17T10:35:29.264+0000] {dag.py:3096} INFO - Sync 1 DAGs
[2024-07-17T10:35:29.301+0000] {logging_mixin.py:188} INFO - [2024-07-17T10:35:29.301+0000] {dag.py:3954} INFO - Setting next_dagrun for tutorial to 2024-07-16 00:00:00+00:00, run_after=2024-07-17 00:00:00+00:00
[2024-07-17T10:35:29.339+0000] {processor.py:183} INFO - Processing /home/airflow/.local/lib/python3.12/site-packages/airflow/example_dags/tutorial.py took 0.136 seconds
[2024-07-17T10:36:00.098+0000] {processor.py:161} INFO - Started process (PID=564) to work on /home/airflow/.local/lib/python3.12/site-packages/airflow/example_dags/tutorial.py
[2024-07-17T10:36:00.099+0000] {processor.py:830} INFO - Processing file /home/airflow/.local/lib/python3.12/site-packages/airflow/example_dags/tutorial.py for tasks to queue
[2024-07-17T10:36:00.101+0000] {logging_mixin.py:188} INFO - [2024-07-17T10:36:00.101+0000] {dagbag.py:545} INFO - Filling up the DagBag from /home/airflow/.local/lib/python3.12/site-packages/airflow/example_dags/tutorial.py
[2024-07-17T10:36:00.107+0000] {processor.py:840} INFO - DAG(s) 'tutorial' retrieved from /home/airflow/.local/lib/python3.12/site-packages/airflow/example_dags/tutorial.py
[2024-07-17T10:36:00.128+0000] {logging_mixin.py:188} INFO - [2024-07-17T10:36:00.127+0000] {dag.py:3096} INFO - Sync 1 DAGs
[2024-07-17T10:36:00.150+0000] {logging_mixin.py:188} INFO - [2024-07-17T10:36:00.150+0000] {dag.py:3954} INFO - Setting next_dagrun for tutorial to 2024-07-16 00:00:00+00:00, run_after=2024-07-17 00:00:00+00:00
[2024-07-17T10:36:00.172+0000] {processor.py:183} INFO - Processing /home/airflow/.local/lib/python3.12/site-packages/airflow/example_dags/tutorial.py took 0.079 seconds
[2024-07-17T10:36:31.094+0000] {processor.py:161} INFO - Started process (PID=624) to work on /home/airflow/.local/lib/python3.12/site-packages/airflow/example_dags/tutorial.py
[2024-07-17T10:36:31.096+0000] {processor.py:830} INFO - Processing file /home/airflow/.local/lib/python3.12/site-packages/airflow/example_dags/tutorial.py for tasks to queue
[2024-07-17T10:36:31.098+0000] {logging_mixin.py:188} INFO - [2024-07-17T10:36:31.098+0000] {dagbag.py:545} INFO - Filling up the DagBag from /home/airflow/.local/lib/python3.12/site-packages/airflow/example_dags/tutorial.py
[2024-07-17T10:36:31.107+0000] {processor.py:840} INFO - DAG(s) 'tutorial' retrieved from /home/airflow/.local/lib/python3.12/site-packages/airflow/example_dags/tutorial.py
[2024-07-17T10:36:31.137+0000] {logging_mixin.py:188} INFO - [2024-07-17T10:36:31.137+0000] {dag.py:3096} INFO - Sync 1 DAGs
[2024-07-17T10:36:31.173+0000] {logging_mixin.py:188} INFO - [2024-07-17T10:36:31.173+0000] {dag.py:3954} INFO - Setting next_dagrun for tutorial to 2024-07-16 00:00:00+00:00, run_after=2024-07-17 00:00:00+00:00
[2024-07-17T10:36:31.201+0000] {processor.py:183} INFO - Processing /home/airflow/.local/lib/python3.12/site-packages/airflow/example_dags/tutorial.py took 0.115 seconds
[2024-07-17T13:41:30.433+0000] {processor.py:161} INFO - Started process (PID=84) to work on /home/airflow/.local/lib/python3.12/site-packages/airflow/example_dags/tutorial.py
[2024-07-17T13:41:30.435+0000] {processor.py:830} INFO - Processing file /home/airflow/.local/lib/python3.12/site-packages/airflow/example_dags/tutorial.py for tasks to queue
[2024-07-17T13:41:30.437+0000] {logging_mixin.py:188} INFO - [2024-07-17T13:41:30.437+0000] {dagbag.py:545} INFO - Filling up the DagBag from /home/airflow/.local/lib/python3.12/site-packages/airflow/example_dags/tutorial.py
[2024-07-17T13:41:30.444+0000] {processor.py:840} INFO - DAG(s) 'tutorial' retrieved from /home/airflow/.local/lib/python3.12/site-packages/airflow/example_dags/tutorial.py
[2024-07-17T13:41:30.577+0000] {logging_mixin.py:188} INFO - [2024-07-17T13:41:30.577+0000] {dag.py:3096} INFO - Sync 1 DAGs
[2024-07-17T13:41:30.607+0000] {logging_mixin.py:188} INFO - [2024-07-17T13:41:30.607+0000] {dag.py:3954} INFO - Setting next_dagrun for tutorial to 2024-07-16 00:00:00+00:00, run_after=2024-07-17 00:00:00+00:00
[2024-07-17T13:41:30.633+0000] {processor.py:183} INFO - Processing /home/airflow/.local/lib/python3.12/site-packages/airflow/example_dags/tutorial.py took 0.207 seconds
[2024-07-17T13:42:01.181+0000] {processor.py:161} INFO - Started process (PID=144) to work on /home/airflow/.local/lib/python3.12/site-packages/airflow/example_dags/tutorial.py
[2024-07-17T13:42:01.182+0000] {processor.py:830} INFO - Processing file /home/airflow/.local/lib/python3.12/site-packages/airflow/example_dags/tutorial.py for tasks to queue
[2024-07-17T13:42:01.184+0000] {logging_mixin.py:188} INFO - [2024-07-17T13:42:01.184+0000] {dagbag.py:545} INFO - Filling up the DagBag from /home/airflow/.local/lib/python3.12/site-packages/airflow/example_dags/tutorial.py
[2024-07-17T13:42:01.191+0000] {processor.py:840} INFO - DAG(s) 'tutorial' retrieved from /home/airflow/.local/lib/python3.12/site-packages/airflow/example_dags/tutorial.py
[2024-07-17T13:42:01.212+0000] {logging_mixin.py:188} INFO - [2024-07-17T13:42:01.212+0000] {dag.py:3096} INFO - Sync 1 DAGs
[2024-07-17T13:42:01.238+0000] {logging_mixin.py:188} INFO - [2024-07-17T13:42:01.238+0000] {dag.py:3954} INFO - Setting next_dagrun for tutorial to 2024-07-16 00:00:00+00:00, run_after=2024-07-17 00:00:00+00:00
[2024-07-17T13:42:01.263+0000] {processor.py:183} INFO - Processing /home/airflow/.local/lib/python3.12/site-packages/airflow/example_dags/tutorial.py took 0.089 seconds
[2024-07-17T13:42:31.860+0000] {processor.py:161} INFO - Started process (PID=204) to work on /home/airflow/.local/lib/python3.12/site-packages/airflow/example_dags/tutorial.py
[2024-07-17T13:42:31.861+0000] {processor.py:830} INFO - Processing file /home/airflow/.local/lib/python3.12/site-packages/airflow/example_dags/tutorial.py for tasks to queue
[2024-07-17T13:42:31.863+0000] {logging_mixin.py:188} INFO - [2024-07-17T13:42:31.863+0000] {dagbag.py:545} INFO - Filling up the DagBag from /home/airflow/.local/lib/python3.12/site-packages/airflow/example_dags/tutorial.py
[2024-07-17T13:42:31.871+0000] {processor.py:840} INFO - DAG(s) 'tutorial' retrieved from /home/airflow/.local/lib/python3.12/site-packages/airflow/example_dags/tutorial.py
[2024-07-17T13:42:31.897+0000] {logging_mixin.py:188} INFO - [2024-07-17T13:42:31.897+0000] {dag.py:3096} INFO - Sync 1 DAGs
[2024-07-17T13:42:31.931+0000] {logging_mixin.py:188} INFO - [2024-07-17T13:42:31.931+0000] {dag.py:3954} INFO - Setting next_dagrun for tutorial to 2024-07-16 00:00:00+00:00, run_after=2024-07-17 00:00:00+00:00
[2024-07-17T13:42:31.968+0000] {processor.py:183} INFO - Processing /home/airflow/.local/lib/python3.12/site-packages/airflow/example_dags/tutorial.py took 0.116 seconds
[2024-07-17T13:43:02.402+0000] {processor.py:161} INFO - Started process (PID=264) to work on /home/airflow/.local/lib/python3.12/site-packages/airflow/example_dags/tutorial.py
[2024-07-17T13:43:02.403+0000] {processor.py:830} INFO - Processing file /home/airflow/.local/lib/python3.12/site-packages/airflow/example_dags/tutorial.py for tasks to queue
[2024-07-17T13:43:02.405+0000] {logging_mixin.py:188} INFO - [2024-07-17T13:43:02.404+0000] {dagbag.py:545} INFO - Filling up the DagBag from /home/airflow/.local/lib/python3.12/site-packages/airflow/example_dags/tutorial.py
[2024-07-17T13:43:02.411+0000] {processor.py:840} INFO - DAG(s) 'tutorial' retrieved from /home/airflow/.local/lib/python3.12/site-packages/airflow/example_dags/tutorial.py
[2024-07-17T13:43:02.433+0000] {logging_mixin.py:188} INFO - [2024-07-17T13:43:02.433+0000] {dag.py:3096} INFO - Sync 1 DAGs
[2024-07-17T13:43:02.469+0000] {logging_mixin.py:188} INFO - [2024-07-17T13:43:02.469+0000] {dag.py:3954} INFO - Setting next_dagrun for tutorial to 2024-07-16 00:00:00+00:00, run_after=2024-07-17 00:00:00+00:00
[2024-07-17T13:43:02.513+0000] {processor.py:183} INFO - Processing /home/airflow/.local/lib/python3.12/site-packages/airflow/example_dags/tutorial.py took 0.117 seconds
[2024-07-17T13:43:32.866+0000] {processor.py:161} INFO - Started process (PID=324) to work on /home/airflow/.local/lib/python3.12/site-packages/airflow/example_dags/tutorial.py
[2024-07-17T13:43:32.867+0000] {processor.py:830} INFO - Processing file /home/airflow/.local/lib/python3.12/site-packages/airflow/example_dags/tutorial.py for tasks to queue
[2024-07-17T13:43:32.870+0000] {logging_mixin.py:188} INFO - [2024-07-17T13:43:32.869+0000] {dagbag.py:545} INFO - Filling up the DagBag from /home/airflow/.local/lib/python3.12/site-packages/airflow/example_dags/tutorial.py
[2024-07-17T13:43:32.879+0000] {processor.py:840} INFO - DAG(s) 'tutorial' retrieved from /home/airflow/.local/lib/python3.12/site-packages/airflow/example_dags/tutorial.py
[2024-07-17T13:43:32.912+0000] {logging_mixin.py:188} INFO - [2024-07-17T13:43:32.911+0000] {dag.py:3096} INFO - Sync 1 DAGs
[2024-07-17T13:43:32.943+0000] {logging_mixin.py:188} INFO - [2024-07-17T13:43:32.943+0000] {dag.py:3954} INFO - Setting next_dagrun for tutorial to 2024-07-16 00:00:00+00:00, run_after=2024-07-17 00:00:00+00:00
[2024-07-17T13:43:32.974+0000] {processor.py:183} INFO - Processing /home/airflow/.local/lib/python3.12/site-packages/airflow/example_dags/tutorial.py took 0.116 seconds
[2024-07-17T13:44:03.758+0000] {processor.py:161} INFO - Started process (PID=384) to work on /home/airflow/.local/lib/python3.12/site-packages/airflow/example_dags/tutorial.py
[2024-07-17T13:44:03.760+0000] {processor.py:830} INFO - Processing file /home/airflow/.local/lib/python3.12/site-packages/airflow/example_dags/tutorial.py for tasks to queue
[2024-07-17T13:44:03.762+0000] {logging_mixin.py:188} INFO - [2024-07-17T13:44:03.762+0000] {dagbag.py:545} INFO - Filling up the DagBag from /home/airflow/.local/lib/python3.12/site-packages/airflow/example_dags/tutorial.py
[2024-07-17T13:44:03.770+0000] {processor.py:840} INFO - DAG(s) 'tutorial' retrieved from /home/airflow/.local/lib/python3.12/site-packages/airflow/example_dags/tutorial.py
[2024-07-17T13:44:03.809+0000] {logging_mixin.py:188} INFO - [2024-07-17T13:44:03.809+0000] {dag.py:3096} INFO - Sync 1 DAGs
[2024-07-17T13:44:03.853+0000] {logging_mixin.py:188} INFO - [2024-07-17T13:44:03.852+0000] {dag.py:3954} INFO - Setting next_dagrun for tutorial to 2024-07-16 00:00:00+00:00, run_after=2024-07-17 00:00:00+00:00
[2024-07-17T13:44:03.882+0000] {processor.py:183} INFO - Processing /home/airflow/.local/lib/python3.12/site-packages/airflow/example_dags/tutorial.py took 0.131 seconds
[2024-07-17T13:44:34.347+0000] {processor.py:161} INFO - Started process (PID=444) to work on /home/airflow/.local/lib/python3.12/site-packages/airflow/example_dags/tutorial.py
[2024-07-17T13:44:34.349+0000] {processor.py:830} INFO - Processing file /home/airflow/.local/lib/python3.12/site-packages/airflow/example_dags/tutorial.py for tasks to queue
[2024-07-17T13:44:34.351+0000] {logging_mixin.py:188} INFO - [2024-07-17T13:44:34.351+0000] {dagbag.py:545} INFO - Filling up the DagBag from /home/airflow/.local/lib/python3.12/site-packages/airflow/example_dags/tutorial.py
[2024-07-17T13:44:34.359+0000] {processor.py:840} INFO - DAG(s) 'tutorial' retrieved from /home/airflow/.local/lib/python3.12/site-packages/airflow/example_dags/tutorial.py
[2024-07-17T13:44:34.386+0000] {logging_mixin.py:188} INFO - [2024-07-17T13:44:34.386+0000] {dag.py:3096} INFO - Sync 1 DAGs
[2024-07-17T13:44:34.418+0000] {logging_mixin.py:188} INFO - [2024-07-17T13:44:34.418+0000] {dag.py:3954} INFO - Setting next_dagrun for tutorial to 2024-07-16 00:00:00+00:00, run_after=2024-07-17 00:00:00+00:00
[2024-07-17T13:44:34.442+0000] {processor.py:183} INFO - Processing /home/airflow/.local/lib/python3.12/site-packages/airflow/example_dags/tutorial.py took 0.102 seconds
[2024-07-17T13:45:05.072+0000] {processor.py:161} INFO - Started process (PID=504) to work on /home/airflow/.local/lib/python3.12/site-packages/airflow/example_dags/tutorial.py
[2024-07-17T13:45:05.073+0000] {processor.py:830} INFO - Processing file /home/airflow/.local/lib/python3.12/site-packages/airflow/example_dags/tutorial.py for tasks to queue
[2024-07-17T13:45:05.075+0000] {logging_mixin.py:188} INFO - [2024-07-17T13:45:05.074+0000] {dagbag.py:545} INFO - Filling up the DagBag from /home/airflow/.local/lib/python3.12/site-packages/airflow/example_dags/tutorial.py
[2024-07-17T13:45:05.080+0000] {processor.py:840} INFO - DAG(s) 'tutorial' retrieved from /home/airflow/.local/lib/python3.12/site-packages/airflow/example_dags/tutorial.py
[2024-07-17T13:45:05.100+0000] {logging_mixin.py:188} INFO - [2024-07-17T13:45:05.100+0000] {dag.py:3096} INFO - Sync 1 DAGs
[2024-07-17T13:45:05.119+0000] {logging_mixin.py:188} INFO - [2024-07-17T13:45:05.119+0000] {dag.py:3954} INFO - Setting next_dagrun for tutorial to 2024-07-16 00:00:00+00:00, run_after=2024-07-17 00:00:00+00:00
[2024-07-17T13:45:05.138+0000] {processor.py:183} INFO - Processing /home/airflow/.local/lib/python3.12/site-packages/airflow/example_dags/tutorial.py took 0.071 seconds
[2024-07-17T13:45:35.334+0000] {processor.py:161} INFO - Started process (PID=564) to work on /home/airflow/.local/lib/python3.12/site-packages/airflow/example_dags/tutorial.py
[2024-07-17T13:45:35.335+0000] {processor.py:830} INFO - Processing file /home/airflow/.local/lib/python3.12/site-packages/airflow/example_dags/tutorial.py for tasks to queue
[2024-07-17T13:45:35.337+0000] {logging_mixin.py:188} INFO - [2024-07-17T13:45:35.336+0000] {dagbag.py:545} INFO - Filling up the DagBag from /home/airflow/.local/lib/python3.12/site-packages/airflow/example_dags/tutorial.py
[2024-07-17T13:45:35.342+0000] {processor.py:840} INFO - DAG(s) 'tutorial' retrieved from /home/airflow/.local/lib/python3.12/site-packages/airflow/example_dags/tutorial.py
[2024-07-17T13:45:35.362+0000] {logging_mixin.py:188} INFO - [2024-07-17T13:45:35.362+0000] {dag.py:3096} INFO - Sync 1 DAGs
[2024-07-17T13:45:35.384+0000] {logging_mixin.py:188} INFO - [2024-07-17T13:45:35.383+0000] {dag.py:3954} INFO - Setting next_dagrun for tutorial to 2024-07-16 00:00:00+00:00, run_after=2024-07-17 00:00:00+00:00
[2024-07-17T13:45:35.404+0000] {processor.py:183} INFO - Processing /home/airflow/.local/lib/python3.12/site-packages/airflow/example_dags/tutorial.py took 0.075 seconds
[2024-07-17T13:46:05.993+0000] {processor.py:161} INFO - Started process (PID=624) to work on /home/airflow/.local/lib/python3.12/site-packages/airflow/example_dags/tutorial.py
[2024-07-17T13:46:05.994+0000] {processor.py:830} INFO - Processing file /home/airflow/.local/lib/python3.12/site-packages/airflow/example_dags/tutorial.py for tasks to queue
[2024-07-17T13:46:05.996+0000] {logging_mixin.py:188} INFO - [2024-07-17T13:46:05.995+0000] {dagbag.py:545} INFO - Filling up the DagBag from /home/airflow/.local/lib/python3.12/site-packages/airflow/example_dags/tutorial.py
[2024-07-17T13:46:06.000+0000] {processor.py:840} INFO - DAG(s) 'tutorial' retrieved from /home/airflow/.local/lib/python3.12/site-packages/airflow/example_dags/tutorial.py
[2024-07-17T13:46:06.021+0000] {logging_mixin.py:188} INFO - [2024-07-17T13:46:06.021+0000] {dag.py:3096} INFO - Sync 1 DAGs
[2024-07-17T13:46:06.042+0000] {logging_mixin.py:188} INFO - [2024-07-17T13:46:06.042+0000] {dag.py:3954} INFO - Setting next_dagrun for tutorial to 2024-07-16 00:00:00+00:00, run_after=2024-07-17 00:00:00+00:00
[2024-07-17T13:46:06.062+0000] {processor.py:183} INFO - Processing /home/airflow/.local/lib/python3.12/site-packages/airflow/example_dags/tutorial.py took 0.074 seconds
[2024-07-17T13:46:36.725+0000] {processor.py:161} INFO - Started process (PID=684) to work on /home/airflow/.local/lib/python3.12/site-packages/airflow/example_dags/tutorial.py
[2024-07-17T13:46:36.727+0000] {processor.py:830} INFO - Processing file /home/airflow/.local/lib/python3.12/site-packages/airflow/example_dags/tutorial.py for tasks to queue
[2024-07-17T13:46:36.730+0000] {logging_mixin.py:188} INFO - [2024-07-17T13:46:36.730+0000] {dagbag.py:545} INFO - Filling up the DagBag from /home/airflow/.local/lib/python3.12/site-packages/airflow/example_dags/tutorial.py
[2024-07-17T13:46:36.740+0000] {processor.py:840} INFO - DAG(s) 'tutorial' retrieved from /home/airflow/.local/lib/python3.12/site-packages/airflow/example_dags/tutorial.py
[2024-07-17T13:46:36.782+0000] {logging_mixin.py:188} INFO - [2024-07-17T13:46:36.781+0000] {dag.py:3096} INFO - Sync 1 DAGs
[2024-07-17T13:46:36.826+0000] {logging_mixin.py:188} INFO - [2024-07-17T13:46:36.826+0000] {dag.py:3954} INFO - Setting next_dagrun for tutorial to 2024-07-16 00:00:00+00:00, run_after=2024-07-17 00:00:00+00:00
[2024-07-17T13:46:36.854+0000] {processor.py:183} INFO - Processing /home/airflow/.local/lib/python3.12/site-packages/airflow/example_dags/tutorial.py took 0.137 seconds
[2024-07-17T13:47:07.812+0000] {processor.py:161} INFO - Started process (PID=744) to work on /home/airflow/.local/lib/python3.12/site-packages/airflow/example_dags/tutorial.py
[2024-07-17T13:47:07.813+0000] {processor.py:830} INFO - Processing file /home/airflow/.local/lib/python3.12/site-packages/airflow/example_dags/tutorial.py for tasks to queue
[2024-07-17T13:47:07.816+0000] {logging_mixin.py:188} INFO - [2024-07-17T13:47:07.816+0000] {dagbag.py:545} INFO - Filling up the DagBag from /home/airflow/.local/lib/python3.12/site-packages/airflow/example_dags/tutorial.py
[2024-07-17T13:47:07.825+0000] {processor.py:840} INFO - DAG(s) 'tutorial' retrieved from /home/airflow/.local/lib/python3.12/site-packages/airflow/example_dags/tutorial.py
[2024-07-17T13:47:07.863+0000] {logging_mixin.py:188} INFO - [2024-07-17T13:47:07.862+0000] {dag.py:3096} INFO - Sync 1 DAGs
[2024-07-17T13:47:07.899+0000] {logging_mixin.py:188} INFO - [2024-07-17T13:47:07.898+0000] {dag.py:3954} INFO - Setting next_dagrun for tutorial to 2024-07-16 00:00:00+00:00, run_after=2024-07-17 00:00:00+00:00
[2024-07-17T13:47:07.923+0000] {processor.py:183} INFO - Processing /home/airflow/.local/lib/python3.12/site-packages/airflow/example_dags/tutorial.py took 0.124 seconds
[2024-07-17T13:47:38.041+0000] {processor.py:161} INFO - Started process (PID=804) to work on /home/airflow/.local/lib/python3.12/site-packages/airflow/example_dags/tutorial.py
[2024-07-17T13:47:38.042+0000] {processor.py:830} INFO - Processing file /home/airflow/.local/lib/python3.12/site-packages/airflow/example_dags/tutorial.py for tasks to queue
[2024-07-17T13:47:38.044+0000] {logging_mixin.py:188} INFO - [2024-07-17T13:47:38.044+0000] {dagbag.py:545} INFO - Filling up the DagBag from /home/airflow/.local/lib/python3.12/site-packages/airflow/example_dags/tutorial.py
[2024-07-17T13:47:38.052+0000] {processor.py:840} INFO - DAG(s) 'tutorial' retrieved from /home/airflow/.local/lib/python3.12/site-packages/airflow/example_dags/tutorial.py
[2024-07-17T13:47:38.081+0000] {logging_mixin.py:188} INFO - [2024-07-17T13:47:38.081+0000] {dag.py:3096} INFO - Sync 1 DAGs
[2024-07-17T13:47:38.115+0000] {logging_mixin.py:188} INFO - [2024-07-17T13:47:38.115+0000] {dag.py:3954} INFO - Setting next_dagrun for tutorial to 2024-07-16 00:00:00+00:00, run_after=2024-07-17 00:00:00+00:00
[2024-07-17T13:47:38.143+0000] {processor.py:183} INFO - Processing /home/airflow/.local/lib/python3.12/site-packages/airflow/example_dags/tutorial.py took 0.109 seconds
[2024-07-17T13:48:09.074+0000] {processor.py:161} INFO - Started process (PID=864) to work on /home/airflow/.local/lib/python3.12/site-packages/airflow/example_dags/tutorial.py
[2024-07-17T13:48:09.075+0000] {processor.py:830} INFO - Processing file /home/airflow/.local/lib/python3.12/site-packages/airflow/example_dags/tutorial.py for tasks to queue
[2024-07-17T13:48:09.077+0000] {logging_mixin.py:188} INFO - [2024-07-17T13:48:09.077+0000] {dagbag.py:545} INFO - Filling up the DagBag from /home/airflow/.local/lib/python3.12/site-packages/airflow/example_dags/tutorial.py
[2024-07-17T13:48:09.085+0000] {processor.py:840} INFO - DAG(s) 'tutorial' retrieved from /home/airflow/.local/lib/python3.12/site-packages/airflow/example_dags/tutorial.py
[2024-07-17T13:48:09.112+0000] {logging_mixin.py:188} INFO - [2024-07-17T13:48:09.111+0000] {dag.py:3096} INFO - Sync 1 DAGs
[2024-07-17T13:48:09.142+0000] {logging_mixin.py:188} INFO - [2024-07-17T13:48:09.142+0000] {dag.py:3954} INFO - Setting next_dagrun for tutorial to 2024-07-16 00:00:00+00:00, run_after=2024-07-17 00:00:00+00:00
[2024-07-17T13:48:09.180+0000] {processor.py:183} INFO - Processing /home/airflow/.local/lib/python3.12/site-packages/airflow/example_dags/tutorial.py took 0.114 seconds
[2024-07-17T13:48:39.598+0000] {processor.py:161} INFO - Started process (PID=924) to work on /home/airflow/.local/lib/python3.12/site-packages/airflow/example_dags/tutorial.py
[2024-07-17T13:48:39.599+0000] {processor.py:830} INFO - Processing file /home/airflow/.local/lib/python3.12/site-packages/airflow/example_dags/tutorial.py for tasks to queue
[2024-07-17T13:48:39.602+0000] {logging_mixin.py:188} INFO - [2024-07-17T13:48:39.601+0000] {dagbag.py:545} INFO - Filling up the DagBag from /home/airflow/.local/lib/python3.12/site-packages/airflow/example_dags/tutorial.py
[2024-07-17T13:48:39.609+0000] {processor.py:840} INFO - DAG(s) 'tutorial' retrieved from /home/airflow/.local/lib/python3.12/site-packages/airflow/example_dags/tutorial.py
[2024-07-17T13:48:39.636+0000] {logging_mixin.py:188} INFO - [2024-07-17T13:48:39.636+0000] {dag.py:3096} INFO - Sync 1 DAGs
[2024-07-17T13:48:39.666+0000] {logging_mixin.py:188} INFO - [2024-07-17T13:48:39.665+0000] {dag.py:3954} INFO - Setting next_dagrun for tutorial to 2024-07-16 00:00:00+00:00, run_after=2024-07-17 00:00:00+00:00
[2024-07-17T13:48:39.695+0000] {processor.py:183} INFO - Processing /home/airflow/.local/lib/python3.12/site-packages/airflow/example_dags/tutorial.py took 0.103 seconds
[2024-07-17T13:49:10.019+0000] {processor.py:161} INFO - Started process (PID=984) to work on /home/airflow/.local/lib/python3.12/site-packages/airflow/example_dags/tutorial.py
[2024-07-17T13:49:10.020+0000] {processor.py:830} INFO - Processing file /home/airflow/.local/lib/python3.12/site-packages/airflow/example_dags/tutorial.py for tasks to queue
[2024-07-17T13:49:10.023+0000] {logging_mixin.py:188} INFO - [2024-07-17T13:49:10.022+0000] {dagbag.py:545} INFO - Filling up the DagBag from /home/airflow/.local/lib/python3.12/site-packages/airflow/example_dags/tutorial.py
[2024-07-17T13:49:10.030+0000] {processor.py:840} INFO - DAG(s) 'tutorial' retrieved from /home/airflow/.local/lib/python3.12/site-packages/airflow/example_dags/tutorial.py
[2024-07-17T13:49:10.059+0000] {logging_mixin.py:188} INFO - [2024-07-17T13:49:10.058+0000] {dag.py:3096} INFO - Sync 1 DAGs
[2024-07-17T13:49:10.089+0000] {logging_mixin.py:188} INFO - [2024-07-17T13:49:10.088+0000] {dag.py:3954} INFO - Setting next_dagrun for tutorial to 2024-07-16 00:00:00+00:00, run_after=2024-07-17 00:00:00+00:00
[2024-07-17T13:49:10.115+0000] {processor.py:183} INFO - Processing /home/airflow/.local/lib/python3.12/site-packages/airflow/example_dags/tutorial.py took 0.105 seconds
[2024-07-17T13:49:40.379+0000] {processor.py:161} INFO - Started process (PID=1044) to work on /home/airflow/.local/lib/python3.12/site-packages/airflow/example_dags/tutorial.py
[2024-07-17T13:49:40.381+0000] {processor.py:830} INFO - Processing file /home/airflow/.local/lib/python3.12/site-packages/airflow/example_dags/tutorial.py for tasks to queue
[2024-07-17T13:49:40.383+0000] {logging_mixin.py:188} INFO - [2024-07-17T13:49:40.382+0000] {dagbag.py:545} INFO - Filling up the DagBag from /home/airflow/.local/lib/python3.12/site-packages/airflow/example_dags/tutorial.py
[2024-07-17T13:49:40.390+0000] {processor.py:840} INFO - DAG(s) 'tutorial' retrieved from /home/airflow/.local/lib/python3.12/site-packages/airflow/example_dags/tutorial.py
[2024-07-17T13:49:40.413+0000] {logging_mixin.py:188} INFO - [2024-07-17T13:49:40.413+0000] {dag.py:3096} INFO - Sync 1 DAGs
[2024-07-17T13:49:40.436+0000] {logging_mixin.py:188} INFO - [2024-07-17T13:49:40.436+0000] {dag.py:3954} INFO - Setting next_dagrun for tutorial to 2024-07-16 00:00:00+00:00, run_after=2024-07-17 00:00:00+00:00
[2024-07-17T13:49:40.461+0000] {processor.py:183} INFO - Processing /home/airflow/.local/lib/python3.12/site-packages/airflow/example_dags/tutorial.py took 0.089 seconds
[2024-07-17T13:50:10.765+0000] {processor.py:161} INFO - Started process (PID=1104) to work on /home/airflow/.local/lib/python3.12/site-packages/airflow/example_dags/tutorial.py
[2024-07-17T13:50:10.767+0000] {processor.py:830} INFO - Processing file /home/airflow/.local/lib/python3.12/site-packages/airflow/example_dags/tutorial.py for tasks to queue
[2024-07-17T13:50:10.769+0000] {logging_mixin.py:188} INFO - [2024-07-17T13:50:10.769+0000] {dagbag.py:545} INFO - Filling up the DagBag from /home/airflow/.local/lib/python3.12/site-packages/airflow/example_dags/tutorial.py
[2024-07-17T13:50:10.777+0000] {processor.py:840} INFO - DAG(s) 'tutorial' retrieved from /home/airflow/.local/lib/python3.12/site-packages/airflow/example_dags/tutorial.py
[2024-07-17T13:50:10.803+0000] {logging_mixin.py:188} INFO - [2024-07-17T13:50:10.803+0000] {dag.py:3096} INFO - Sync 1 DAGs
[2024-07-17T13:50:10.829+0000] {logging_mixin.py:188} INFO - [2024-07-17T13:50:10.829+0000] {dag.py:3954} INFO - Setting next_dagrun for tutorial to 2024-07-16 00:00:00+00:00, run_after=2024-07-17 00:00:00+00:00
[2024-07-17T13:50:10.853+0000] {processor.py:183} INFO - Processing /home/airflow/.local/lib/python3.12/site-packages/airflow/example_dags/tutorial.py took 0.095 seconds
[2024-07-17T13:51:34.278+0000] {processor.py:161} INFO - Started process (PID=1196) to work on /home/airflow/.local/lib/python3.12/site-packages/airflow/example_dags/tutorial.py
[2024-07-17T13:51:34.280+0000] {processor.py:830} INFO - Processing file /home/airflow/.local/lib/python3.12/site-packages/airflow/example_dags/tutorial.py for tasks to queue
[2024-07-17T13:51:34.283+0000] {logging_mixin.py:188} INFO - [2024-07-17T13:51:34.283+0000] {dagbag.py:545} INFO - Filling up the DagBag from /home/airflow/.local/lib/python3.12/site-packages/airflow/example_dags/tutorial.py
[2024-07-17T13:51:34.297+0000] {processor.py:840} INFO - DAG(s) 'tutorial' retrieved from /home/airflow/.local/lib/python3.12/site-packages/airflow/example_dags/tutorial.py
[2024-07-17T13:51:34.342+0000] {logging_mixin.py:188} INFO - [2024-07-17T13:51:34.341+0000] {dag.py:3096} INFO - Sync 1 DAGs
[2024-07-17T13:51:34.395+0000] {logging_mixin.py:188} INFO - [2024-07-17T13:51:34.393+0000] {dag.py:3954} INFO - Setting next_dagrun for tutorial to 2024-07-16 00:00:00+00:00, run_after=2024-07-17 00:00:00+00:00
[2024-07-17T13:51:34.440+0000] {processor.py:183} INFO - Processing /home/airflow/.local/lib/python3.12/site-packages/airflow/example_dags/tutorial.py took 0.173 seconds
[2024-07-17T13:52:04.596+0000] {processor.py:161} INFO - Started process (PID=1256) to work on /home/airflow/.local/lib/python3.12/site-packages/airflow/example_dags/tutorial.py
[2024-07-17T13:52:04.597+0000] {processor.py:830} INFO - Processing file /home/airflow/.local/lib/python3.12/site-packages/airflow/example_dags/tutorial.py for tasks to queue
[2024-07-17T13:52:04.599+0000] {logging_mixin.py:188} INFO - [2024-07-17T13:52:04.599+0000] {dagbag.py:545} INFO - Filling up the DagBag from /home/airflow/.local/lib/python3.12/site-packages/airflow/example_dags/tutorial.py
[2024-07-17T13:52:04.605+0000] {processor.py:840} INFO - DAG(s) 'tutorial' retrieved from /home/airflow/.local/lib/python3.12/site-packages/airflow/example_dags/tutorial.py
[2024-07-17T13:52:04.625+0000] {logging_mixin.py:188} INFO - [2024-07-17T13:52:04.625+0000] {dag.py:3096} INFO - Sync 1 DAGs
[2024-07-17T13:52:04.648+0000] {logging_mixin.py:188} INFO - [2024-07-17T13:52:04.648+0000] {dag.py:3954} INFO - Setting next_dagrun for tutorial to 2024-07-16 00:00:00+00:00, run_after=2024-07-17 00:00:00+00:00
[2024-07-17T13:52:04.666+0000] {processor.py:183} INFO - Processing /home/airflow/.local/lib/python3.12/site-packages/airflow/example_dags/tutorial.py took 0.076 seconds
[2024-07-17T13:52:35.610+0000] {processor.py:161} INFO - Started process (PID=1316) to work on /home/airflow/.local/lib/python3.12/site-packages/airflow/example_dags/tutorial.py
[2024-07-17T13:52:35.610+0000] {processor.py:830} INFO - Processing file /home/airflow/.local/lib/python3.12/site-packages/airflow/example_dags/tutorial.py for tasks to queue
[2024-07-17T13:52:35.612+0000] {logging_mixin.py:188} INFO - [2024-07-17T13:52:35.612+0000] {dagbag.py:545} INFO - Filling up the DagBag from /home/airflow/.local/lib/python3.12/site-packages/airflow/example_dags/tutorial.py
[2024-07-17T13:52:35.618+0000] {processor.py:840} INFO - DAG(s) 'tutorial' retrieved from /home/airflow/.local/lib/python3.12/site-packages/airflow/example_dags/tutorial.py
[2024-07-17T13:52:35.639+0000] {logging_mixin.py:188} INFO - [2024-07-17T13:52:35.639+0000] {dag.py:3096} INFO - Sync 1 DAGs
[2024-07-17T13:52:35.662+0000] {logging_mixin.py:188} INFO - [2024-07-17T13:52:35.661+0000] {dag.py:3954} INFO - Setting next_dagrun for tutorial to 2024-07-16 00:00:00+00:00, run_after=2024-07-17 00:00:00+00:00
[2024-07-17T13:52:35.684+0000] {processor.py:183} INFO - Processing /home/airflow/.local/lib/python3.12/site-packages/airflow/example_dags/tutorial.py took 0.080 seconds
[2024-07-17T13:53:05.856+0000] {processor.py:161} INFO - Started process (PID=1377) to work on /home/airflow/.local/lib/python3.12/site-packages/airflow/example_dags/tutorial.py
[2024-07-17T13:53:05.857+0000] {processor.py:830} INFO - Processing file /home/airflow/.local/lib/python3.12/site-packages/airflow/example_dags/tutorial.py for tasks to queue
[2024-07-17T13:53:05.858+0000] {logging_mixin.py:188} INFO - [2024-07-17T13:53:05.858+0000] {dagbag.py:545} INFO - Filling up the DagBag from /home/airflow/.local/lib/python3.12/site-packages/airflow/example_dags/tutorial.py
[2024-07-17T13:53:05.865+0000] {processor.py:840} INFO - DAG(s) 'tutorial' retrieved from /home/airflow/.local/lib/python3.12/site-packages/airflow/example_dags/tutorial.py
[2024-07-17T13:53:05.890+0000] {logging_mixin.py:188} INFO - [2024-07-17T13:53:05.889+0000] {dag.py:3096} INFO - Sync 1 DAGs
[2024-07-17T13:53:05.915+0000] {logging_mixin.py:188} INFO - [2024-07-17T13:53:05.915+0000] {dag.py:3954} INFO - Setting next_dagrun for tutorial to 2024-07-16 00:00:00+00:00, run_after=2024-07-17 00:00:00+00:00
[2024-07-17T13:53:05.936+0000] {processor.py:183} INFO - Processing /home/airflow/.local/lib/python3.12/site-packages/airflow/example_dags/tutorial.py took 0.086 seconds
[2024-07-17T13:53:36.495+0000] {processor.py:161} INFO - Started process (PID=1437) to work on /home/airflow/.local/lib/python3.12/site-packages/airflow/example_dags/tutorial.py
[2024-07-17T13:53:36.497+0000] {processor.py:830} INFO - Processing file /home/airflow/.local/lib/python3.12/site-packages/airflow/example_dags/tutorial.py for tasks to queue
[2024-07-17T13:53:36.502+0000] {logging_mixin.py:188} INFO - [2024-07-17T13:53:36.501+0000] {dagbag.py:545} INFO - Filling up the DagBag from /home/airflow/.local/lib/python3.12/site-packages/airflow/example_dags/tutorial.py
[2024-07-17T13:53:36.524+0000] {processor.py:840} INFO - DAG(s) 'tutorial' retrieved from /home/airflow/.local/lib/python3.12/site-packages/airflow/example_dags/tutorial.py
[2024-07-17T13:53:36.559+0000] {logging_mixin.py:188} INFO - [2024-07-17T13:53:36.559+0000] {dag.py:3096} INFO - Sync 1 DAGs
[2024-07-17T13:53:36.622+0000] {logging_mixin.py:188} INFO - [2024-07-17T13:53:36.622+0000] {dag.py:3954} INFO - Setting next_dagrun for tutorial to 2024-07-16 00:00:00+00:00, run_after=2024-07-17 00:00:00+00:00
[2024-07-17T13:53:36.678+0000] {processor.py:183} INFO - Processing /home/airflow/.local/lib/python3.12/site-packages/airflow/example_dags/tutorial.py took 0.192 seconds
[2024-07-17T13:54:06.937+0000] {processor.py:161} INFO - Started process (PID=1497) to work on /home/airflow/.local/lib/python3.12/site-packages/airflow/example_dags/tutorial.py
[2024-07-17T13:54:06.938+0000] {processor.py:830} INFO - Processing file /home/airflow/.local/lib/python3.12/site-packages/airflow/example_dags/tutorial.py for tasks to queue
[2024-07-17T13:54:06.941+0000] {logging_mixin.py:188} INFO - [2024-07-17T13:54:06.940+0000] {dagbag.py:545} INFO - Filling up the DagBag from /home/airflow/.local/lib/python3.12/site-packages/airflow/example_dags/tutorial.py
[2024-07-17T13:54:06.950+0000] {processor.py:840} INFO - DAG(s) 'tutorial' retrieved from /home/airflow/.local/lib/python3.12/site-packages/airflow/example_dags/tutorial.py
[2024-07-17T13:54:06.988+0000] {logging_mixin.py:188} INFO - [2024-07-17T13:54:06.987+0000] {dag.py:3096} INFO - Sync 1 DAGs
[2024-07-17T13:54:07.029+0000] {logging_mixin.py:188} INFO - [2024-07-17T13:54:07.028+0000] {dag.py:3954} INFO - Setting next_dagrun for tutorial to 2024-07-16 00:00:00+00:00, run_after=2024-07-17 00:00:00+00:00
[2024-07-17T13:54:07.056+0000] {processor.py:183} INFO - Processing /home/airflow/.local/lib/python3.12/site-packages/airflow/example_dags/tutorial.py took 0.130 seconds
[2024-07-17T13:54:38.459+0000] {processor.py:161} INFO - Started process (PID=1557) to work on /home/airflow/.local/lib/python3.12/site-packages/airflow/example_dags/tutorial.py
[2024-07-17T13:54:38.462+0000] {processor.py:830} INFO - Processing file /home/airflow/.local/lib/python3.12/site-packages/airflow/example_dags/tutorial.py for tasks to queue
[2024-07-17T13:54:38.465+0000] {logging_mixin.py:188} INFO - [2024-07-17T13:54:38.465+0000] {dagbag.py:545} INFO - Filling up the DagBag from /home/airflow/.local/lib/python3.12/site-packages/airflow/example_dags/tutorial.py
[2024-07-17T13:54:38.474+0000] {processor.py:840} INFO - DAG(s) 'tutorial' retrieved from /home/airflow/.local/lib/python3.12/site-packages/airflow/example_dags/tutorial.py
[2024-07-17T13:54:38.502+0000] {logging_mixin.py:188} INFO - [2024-07-17T13:54:38.501+0000] {dag.py:3096} INFO - Sync 1 DAGs
[2024-07-17T13:54:38.535+0000] {logging_mixin.py:188} INFO - [2024-07-17T13:54:38.535+0000] {dag.py:3954} INFO - Setting next_dagrun for tutorial to 2024-07-16 00:00:00+00:00, run_after=2024-07-17 00:00:00+00:00
[2024-07-17T13:54:38.565+0000] {processor.py:183} INFO - Processing /home/airflow/.local/lib/python3.12/site-packages/airflow/example_dags/tutorial.py took 0.114 seconds
[2024-07-17T13:55:08.618+0000] {processor.py:161} INFO - Started process (PID=1617) to work on /home/airflow/.local/lib/python3.12/site-packages/airflow/example_dags/tutorial.py
[2024-07-17T13:55:08.619+0000] {processor.py:830} INFO - Processing file /home/airflow/.local/lib/python3.12/site-packages/airflow/example_dags/tutorial.py for tasks to queue
[2024-07-17T13:55:08.621+0000] {logging_mixin.py:188} INFO - [2024-07-17T13:55:08.621+0000] {dagbag.py:545} INFO - Filling up the DagBag from /home/airflow/.local/lib/python3.12/site-packages/airflow/example_dags/tutorial.py
[2024-07-17T13:55:08.626+0000] {processor.py:840} INFO - DAG(s) 'tutorial' retrieved from /home/airflow/.local/lib/python3.12/site-packages/airflow/example_dags/tutorial.py
[2024-07-17T13:55:08.646+0000] {logging_mixin.py:188} INFO - [2024-07-17T13:55:08.646+0000] {dag.py:3096} INFO - Sync 1 DAGs
[2024-07-17T13:55:08.679+0000] {logging_mixin.py:188} INFO - [2024-07-17T13:55:08.679+0000] {dag.py:3954} INFO - Setting next_dagrun for tutorial to 2024-07-16 00:00:00+00:00, run_after=2024-07-17 00:00:00+00:00
[2024-07-17T13:55:08.819+0000] {processor.py:183} INFO - Processing /home/airflow/.local/lib/python3.12/site-packages/airflow/example_dags/tutorial.py took 0.205 seconds
[2024-07-17T13:55:39.901+0000] {processor.py:161} INFO - Started process (PID=1677) to work on /home/airflow/.local/lib/python3.12/site-packages/airflow/example_dags/tutorial.py
[2024-07-17T13:55:39.902+0000] {processor.py:830} INFO - Processing file /home/airflow/.local/lib/python3.12/site-packages/airflow/example_dags/tutorial.py for tasks to queue
[2024-07-17T13:55:39.904+0000] {logging_mixin.py:188} INFO - [2024-07-17T13:55:39.904+0000] {dagbag.py:545} INFO - Filling up the DagBag from /home/airflow/.local/lib/python3.12/site-packages/airflow/example_dags/tutorial.py
[2024-07-17T13:55:39.912+0000] {processor.py:840} INFO - DAG(s) 'tutorial' retrieved from /home/airflow/.local/lib/python3.12/site-packages/airflow/example_dags/tutorial.py
[2024-07-17T13:55:39.938+0000] {logging_mixin.py:188} INFO - [2024-07-17T13:55:39.938+0000] {dag.py:3096} INFO - Sync 1 DAGs
[2024-07-17T13:55:39.971+0000] {logging_mixin.py:188} INFO - [2024-07-17T13:55:39.971+0000] {dag.py:3954} INFO - Setting next_dagrun for tutorial to 2024-07-16 00:00:00+00:00, run_after=2024-07-17 00:00:00+00:00
[2024-07-17T13:55:40.159+0000] {processor.py:183} INFO - Processing /home/airflow/.local/lib/python3.12/site-packages/airflow/example_dags/tutorial.py took 0.266 seconds
[2024-07-17T13:56:10.723+0000] {processor.py:161} INFO - Started process (PID=1738) to work on /home/airflow/.local/lib/python3.12/site-packages/airflow/example_dags/tutorial.py
[2024-07-17T13:56:10.724+0000] {processor.py:830} INFO - Processing file /home/airflow/.local/lib/python3.12/site-packages/airflow/example_dags/tutorial.py for tasks to queue
[2024-07-17T13:56:10.727+0000] {logging_mixin.py:188} INFO - [2024-07-17T13:56:10.726+0000] {dagbag.py:545} INFO - Filling up the DagBag from /home/airflow/.local/lib/python3.12/site-packages/airflow/example_dags/tutorial.py
[2024-07-17T13:56:10.735+0000] {processor.py:840} INFO - DAG(s) 'tutorial' retrieved from /home/airflow/.local/lib/python3.12/site-packages/airflow/example_dags/tutorial.py
[2024-07-17T13:56:10.758+0000] {logging_mixin.py:188} INFO - [2024-07-17T13:56:10.757+0000] {dag.py:3096} INFO - Sync 1 DAGs
[2024-07-17T13:56:10.780+0000] {logging_mixin.py:188} INFO - [2024-07-17T13:56:10.780+0000] {dag.py:3954} INFO - Setting next_dagrun for tutorial to 2024-07-16 00:00:00+00:00, run_after=2024-07-17 00:00:00+00:00
[2024-07-17T13:56:10.812+0000] {processor.py:183} INFO - Processing /home/airflow/.local/lib/python3.12/site-packages/airflow/example_dags/tutorial.py took 0.096 seconds
[2024-07-17T13:56:41.802+0000] {processor.py:161} INFO - Started process (PID=1798) to work on /home/airflow/.local/lib/python3.12/site-packages/airflow/example_dags/tutorial.py
[2024-07-17T13:56:41.803+0000] {processor.py:830} INFO - Processing file /home/airflow/.local/lib/python3.12/site-packages/airflow/example_dags/tutorial.py for tasks to queue
[2024-07-17T13:56:41.805+0000] {logging_mixin.py:188} INFO - [2024-07-17T13:56:41.804+0000] {dagbag.py:545} INFO - Filling up the DagBag from /home/airflow/.local/lib/python3.12/site-packages/airflow/example_dags/tutorial.py
[2024-07-17T13:56:41.811+0000] {processor.py:840} INFO - DAG(s) 'tutorial' retrieved from /home/airflow/.local/lib/python3.12/site-packages/airflow/example_dags/tutorial.py
[2024-07-17T13:56:41.831+0000] {logging_mixin.py:188} INFO - [2024-07-17T13:56:41.830+0000] {dag.py:3096} INFO - Sync 1 DAGs
[2024-07-17T13:56:41.853+0000] {logging_mixin.py:188} INFO - [2024-07-17T13:56:41.853+0000] {dag.py:3954} INFO - Setting next_dagrun for tutorial to 2024-07-16 00:00:00+00:00, run_after=2024-07-17 00:00:00+00:00
[2024-07-17T13:56:41.873+0000] {processor.py:183} INFO - Processing /home/airflow/.local/lib/python3.12/site-packages/airflow/example_dags/tutorial.py took 0.076 seconds
[2024-07-17T13:57:13.098+0000] {processor.py:161} INFO - Started process (PID=1858) to work on /home/airflow/.local/lib/python3.12/site-packages/airflow/example_dags/tutorial.py
[2024-07-17T13:57:13.099+0000] {processor.py:830} INFO - Processing file /home/airflow/.local/lib/python3.12/site-packages/airflow/example_dags/tutorial.py for tasks to queue
[2024-07-17T13:57:13.102+0000] {logging_mixin.py:188} INFO - [2024-07-17T13:57:13.101+0000] {dagbag.py:545} INFO - Filling up the DagBag from /home/airflow/.local/lib/python3.12/site-packages/airflow/example_dags/tutorial.py
[2024-07-17T13:57:13.108+0000] {processor.py:840} INFO - DAG(s) 'tutorial' retrieved from /home/airflow/.local/lib/python3.12/site-packages/airflow/example_dags/tutorial.py
[2024-07-17T13:57:13.145+0000] {logging_mixin.py:188} INFO - [2024-07-17T13:57:13.145+0000] {dag.py:3096} INFO - Sync 1 DAGs
[2024-07-17T13:57:13.178+0000] {logging_mixin.py:188} INFO - [2024-07-17T13:57:13.178+0000] {dag.py:3954} INFO - Setting next_dagrun for tutorial to 2024-07-16 00:00:00+00:00, run_after=2024-07-17 00:00:00+00:00
[2024-07-17T13:57:13.207+0000] {processor.py:183} INFO - Processing /home/airflow/.local/lib/python3.12/site-packages/airflow/example_dags/tutorial.py took 0.116 seconds
[2024-07-17T13:57:44.442+0000] {processor.py:161} INFO - Started process (PID=1918) to work on /home/airflow/.local/lib/python3.12/site-packages/airflow/example_dags/tutorial.py
[2024-07-17T13:57:44.443+0000] {processor.py:830} INFO - Processing file /home/airflow/.local/lib/python3.12/site-packages/airflow/example_dags/tutorial.py for tasks to queue
[2024-07-17T13:57:44.446+0000] {logging_mixin.py:188} INFO - [2024-07-17T13:57:44.445+0000] {dagbag.py:545} INFO - Filling up the DagBag from /home/airflow/.local/lib/python3.12/site-packages/airflow/example_dags/tutorial.py
[2024-07-17T13:57:44.454+0000] {processor.py:840} INFO - DAG(s) 'tutorial' retrieved from /home/airflow/.local/lib/python3.12/site-packages/airflow/example_dags/tutorial.py
[2024-07-17T13:57:44.485+0000] {logging_mixin.py:188} INFO - [2024-07-17T13:57:44.484+0000] {dag.py:3096} INFO - Sync 1 DAGs
[2024-07-17T13:57:44.528+0000] {logging_mixin.py:188} INFO - [2024-07-17T13:57:44.527+0000] {dag.py:3954} INFO - Setting next_dagrun for tutorial to 2024-07-16 00:00:00+00:00, run_after=2024-07-17 00:00:00+00:00
[2024-07-17T13:57:44.575+0000] {processor.py:183} INFO - Processing /home/airflow/.local/lib/python3.12/site-packages/airflow/example_dags/tutorial.py took 0.142 seconds
[2024-07-17T13:58:14.973+0000] {processor.py:161} INFO - Started process (PID=1979) to work on /home/airflow/.local/lib/python3.12/site-packages/airflow/example_dags/tutorial.py
[2024-07-17T13:58:14.974+0000] {processor.py:830} INFO - Processing file /home/airflow/.local/lib/python3.12/site-packages/airflow/example_dags/tutorial.py for tasks to queue
[2024-07-17T13:58:14.976+0000] {logging_mixin.py:188} INFO - [2024-07-17T13:58:14.976+0000] {dagbag.py:545} INFO - Filling up the DagBag from /home/airflow/.local/lib/python3.12/site-packages/airflow/example_dags/tutorial.py
[2024-07-17T13:58:14.981+0000] {processor.py:840} INFO - DAG(s) 'tutorial' retrieved from /home/airflow/.local/lib/python3.12/site-packages/airflow/example_dags/tutorial.py
[2024-07-17T13:58:15.000+0000] {logging_mixin.py:188} INFO - [2024-07-17T13:58:15.000+0000] {dag.py:3096} INFO - Sync 1 DAGs
[2024-07-17T13:58:15.020+0000] {logging_mixin.py:188} INFO - [2024-07-17T13:58:15.020+0000] {dag.py:3954} INFO - Setting next_dagrun for tutorial to 2024-07-16 00:00:00+00:00, run_after=2024-07-17 00:00:00+00:00
[2024-07-17T13:58:15.040+0000] {processor.py:183} INFO - Processing /home/airflow/.local/lib/python3.12/site-packages/airflow/example_dags/tutorial.py took 0.072 seconds
[2024-07-17T13:58:46.074+0000] {processor.py:161} INFO - Started process (PID=2039) to work on /home/airflow/.local/lib/python3.12/site-packages/airflow/example_dags/tutorial.py
[2024-07-17T13:58:46.075+0000] {processor.py:830} INFO - Processing file /home/airflow/.local/lib/python3.12/site-packages/airflow/example_dags/tutorial.py for tasks to queue
[2024-07-17T13:58:46.077+0000] {logging_mixin.py:188} INFO - [2024-07-17T13:58:46.077+0000] {dagbag.py:545} INFO - Filling up the DagBag from /home/airflow/.local/lib/python3.12/site-packages/airflow/example_dags/tutorial.py
[2024-07-17T13:58:46.084+0000] {processor.py:840} INFO - DAG(s) 'tutorial' retrieved from /home/airflow/.local/lib/python3.12/site-packages/airflow/example_dags/tutorial.py
[2024-07-17T13:58:46.113+0000] {logging_mixin.py:188} INFO - [2024-07-17T13:58:46.113+0000] {dag.py:3096} INFO - Sync 1 DAGs
[2024-07-17T13:58:46.144+0000] {logging_mixin.py:188} INFO - [2024-07-17T13:58:46.143+0000] {dag.py:3954} INFO - Setting next_dagrun for tutorial to 2024-07-16 00:00:00+00:00, run_after=2024-07-17 00:00:00+00:00
[2024-07-17T13:58:46.169+0000] {processor.py:183} INFO - Processing /home/airflow/.local/lib/python3.12/site-packages/airflow/example_dags/tutorial.py took 0.104 seconds
[2024-07-17T13:59:16.983+0000] {processor.py:161} INFO - Started process (PID=2099) to work on /home/airflow/.local/lib/python3.12/site-packages/airflow/example_dags/tutorial.py
[2024-07-17T13:59:16.984+0000] {processor.py:830} INFO - Processing file /home/airflow/.local/lib/python3.12/site-packages/airflow/example_dags/tutorial.py for tasks to queue
[2024-07-17T13:59:16.986+0000] {logging_mixin.py:188} INFO - [2024-07-17T13:59:16.985+0000] {dagbag.py:545} INFO - Filling up the DagBag from /home/airflow/.local/lib/python3.12/site-packages/airflow/example_dags/tutorial.py
[2024-07-17T13:59:16.994+0000] {processor.py:840} INFO - DAG(s) 'tutorial' retrieved from /home/airflow/.local/lib/python3.12/site-packages/airflow/example_dags/tutorial.py
[2024-07-17T13:59:17.021+0000] {logging_mixin.py:188} INFO - [2024-07-17T13:59:17.020+0000] {dag.py:3096} INFO - Sync 1 DAGs
[2024-07-17T13:59:17.054+0000] {logging_mixin.py:188} INFO - [2024-07-17T13:59:17.054+0000] {dag.py:3954} INFO - Setting next_dagrun for tutorial to 2024-07-16 00:00:00+00:00, run_after=2024-07-17 00:00:00+00:00
[2024-07-17T13:59:17.084+0000] {processor.py:183} INFO - Processing /home/airflow/.local/lib/python3.12/site-packages/airflow/example_dags/tutorial.py took 0.110 seconds
[2024-07-17T13:59:47.513+0000] {processor.py:161} INFO - Started process (PID=2160) to work on /home/airflow/.local/lib/python3.12/site-packages/airflow/example_dags/tutorial.py
[2024-07-17T13:59:47.514+0000] {processor.py:830} INFO - Processing file /home/airflow/.local/lib/python3.12/site-packages/airflow/example_dags/tutorial.py for tasks to queue
[2024-07-17T13:59:47.516+0000] {logging_mixin.py:188} INFO - [2024-07-17T13:59:47.516+0000] {dagbag.py:545} INFO - Filling up the DagBag from /home/airflow/.local/lib/python3.12/site-packages/airflow/example_dags/tutorial.py
[2024-07-17T13:59:47.521+0000] {processor.py:840} INFO - DAG(s) 'tutorial' retrieved from /home/airflow/.local/lib/python3.12/site-packages/airflow/example_dags/tutorial.py
[2024-07-17T13:59:47.545+0000] {logging_mixin.py:188} INFO - [2024-07-17T13:59:47.544+0000] {dag.py:3096} INFO - Sync 1 DAGs
[2024-07-17T13:59:47.569+0000] {logging_mixin.py:188} INFO - [2024-07-17T13:59:47.569+0000] {dag.py:3954} INFO - Setting next_dagrun for tutorial to 2024-07-16 00:00:00+00:00, run_after=2024-07-17 00:00:00+00:00
[2024-07-17T13:59:47.591+0000] {processor.py:183} INFO - Processing /home/airflow/.local/lib/python3.12/site-packages/airflow/example_dags/tutorial.py took 0.084 seconds
[2024-07-17T14:00:18.095+0000] {processor.py:161} INFO - Started process (PID=2226) to work on /home/airflow/.local/lib/python3.12/site-packages/airflow/example_dags/tutorial.py
[2024-07-17T14:00:18.096+0000] {processor.py:830} INFO - Processing file /home/airflow/.local/lib/python3.12/site-packages/airflow/example_dags/tutorial.py for tasks to queue
[2024-07-17T14:00:18.099+0000] {logging_mixin.py:188} INFO - [2024-07-17T14:00:18.098+0000] {dagbag.py:545} INFO - Filling up the DagBag from /home/airflow/.local/lib/python3.12/site-packages/airflow/example_dags/tutorial.py
[2024-07-17T14:00:18.106+0000] {processor.py:840} INFO - DAG(s) 'tutorial' retrieved from /home/airflow/.local/lib/python3.12/site-packages/airflow/example_dags/tutorial.py
[2024-07-17T14:00:18.138+0000] {logging_mixin.py:188} INFO - [2024-07-17T14:00:18.137+0000] {dag.py:3096} INFO - Sync 1 DAGs
[2024-07-17T14:00:18.171+0000] {logging_mixin.py:188} INFO - [2024-07-17T14:00:18.171+0000] {dag.py:3954} INFO - Setting next_dagrun for tutorial to 2024-07-16 00:00:00+00:00, run_after=2024-07-17 00:00:00+00:00
[2024-07-17T14:00:18.197+0000] {processor.py:183} INFO - Processing /home/airflow/.local/lib/python3.12/site-packages/airflow/example_dags/tutorial.py took 0.111 seconds
[2024-07-17T14:00:48.835+0000] {processor.py:161} INFO - Started process (PID=2284) to work on /home/airflow/.local/lib/python3.12/site-packages/airflow/example_dags/tutorial.py
[2024-07-17T14:00:48.836+0000] {processor.py:830} INFO - Processing file /home/airflow/.local/lib/python3.12/site-packages/airflow/example_dags/tutorial.py for tasks to queue
[2024-07-17T14:00:48.839+0000] {logging_mixin.py:188} INFO - [2024-07-17T14:00:48.838+0000] {dagbag.py:545} INFO - Filling up the DagBag from /home/airflow/.local/lib/python3.12/site-packages/airflow/example_dags/tutorial.py
[2024-07-17T14:00:48.844+0000] {processor.py:840} INFO - DAG(s) 'tutorial' retrieved from /home/airflow/.local/lib/python3.12/site-packages/airflow/example_dags/tutorial.py
[2024-07-17T14:00:48.867+0000] {logging_mixin.py:188} INFO - [2024-07-17T14:00:48.866+0000] {dag.py:3096} INFO - Sync 1 DAGs
[2024-07-17T14:00:48.889+0000] {logging_mixin.py:188} INFO - [2024-07-17T14:00:48.889+0000] {dag.py:3954} INFO - Setting next_dagrun for tutorial to 2024-07-16 00:00:00+00:00, run_after=2024-07-17 00:00:00+00:00
[2024-07-17T14:00:48.913+0000] {processor.py:183} INFO - Processing /home/airflow/.local/lib/python3.12/site-packages/airflow/example_dags/tutorial.py took 0.085 seconds
[2024-07-17T14:01:19.135+0000] {processor.py:161} INFO - Started process (PID=2344) to work on /home/airflow/.local/lib/python3.12/site-packages/airflow/example_dags/tutorial.py
[2024-07-17T14:01:19.136+0000] {processor.py:830} INFO - Processing file /home/airflow/.local/lib/python3.12/site-packages/airflow/example_dags/tutorial.py for tasks to queue
[2024-07-17T14:01:19.138+0000] {logging_mixin.py:188} INFO - [2024-07-17T14:01:19.138+0000] {dagbag.py:545} INFO - Filling up the DagBag from /home/airflow/.local/lib/python3.12/site-packages/airflow/example_dags/tutorial.py
[2024-07-17T14:01:19.146+0000] {processor.py:840} INFO - DAG(s) 'tutorial' retrieved from /home/airflow/.local/lib/python3.12/site-packages/airflow/example_dags/tutorial.py
[2024-07-17T14:01:19.173+0000] {logging_mixin.py:188} INFO - [2024-07-17T14:01:19.173+0000] {dag.py:3096} INFO - Sync 1 DAGs
[2024-07-17T14:01:19.211+0000] {logging_mixin.py:188} INFO - [2024-07-17T14:01:19.211+0000] {dag.py:3954} INFO - Setting next_dagrun for tutorial to 2024-07-16 00:00:00+00:00, run_after=2024-07-17 00:00:00+00:00
[2024-07-17T14:01:19.236+0000] {processor.py:183} INFO - Processing /home/airflow/.local/lib/python3.12/site-packages/airflow/example_dags/tutorial.py took 0.109 seconds
[2024-07-17T14:01:49.392+0000] {processor.py:161} INFO - Started process (PID=2404) to work on /home/airflow/.local/lib/python3.12/site-packages/airflow/example_dags/tutorial.py
[2024-07-17T14:01:49.393+0000] {processor.py:830} INFO - Processing file /home/airflow/.local/lib/python3.12/site-packages/airflow/example_dags/tutorial.py for tasks to queue
[2024-07-17T14:01:49.395+0000] {logging_mixin.py:188} INFO - [2024-07-17T14:01:49.395+0000] {dagbag.py:545} INFO - Filling up the DagBag from /home/airflow/.local/lib/python3.12/site-packages/airflow/example_dags/tutorial.py
[2024-07-17T14:01:49.403+0000] {processor.py:840} INFO - DAG(s) 'tutorial' retrieved from /home/airflow/.local/lib/python3.12/site-packages/airflow/example_dags/tutorial.py
[2024-07-17T14:01:49.433+0000] {logging_mixin.py:188} INFO - [2024-07-17T14:01:49.433+0000] {dag.py:3096} INFO - Sync 1 DAGs
[2024-07-17T14:01:49.479+0000] {logging_mixin.py:188} INFO - [2024-07-17T14:01:49.479+0000] {dag.py:3954} INFO - Setting next_dagrun for tutorial to 2024-07-16 00:00:00+00:00, run_after=2024-07-17 00:00:00+00:00
[2024-07-17T14:01:49.516+0000] {processor.py:183} INFO - Processing /home/airflow/.local/lib/python3.12/site-packages/airflow/example_dags/tutorial.py took 0.132 seconds
[2024-07-17T14:04:09.234+0000] {processor.py:161} INFO - Started process (PID=2456) to work on /home/airflow/.local/lib/python3.12/site-packages/airflow/example_dags/tutorial.py
[2024-07-17T14:04:09.236+0000] {processor.py:830} INFO - Processing file /home/airflow/.local/lib/python3.12/site-packages/airflow/example_dags/tutorial.py for tasks to queue
[2024-07-17T14:04:09.280+0000] {logging_mixin.py:188} INFO - [2024-07-17T14:04:09.279+0000] {dagbag.py:545} INFO - Filling up the DagBag from /home/airflow/.local/lib/python3.12/site-packages/airflow/example_dags/tutorial.py
[2024-07-17T14:04:09.290+0000] {processor.py:840} INFO - DAG(s) 'tutorial' retrieved from /home/airflow/.local/lib/python3.12/site-packages/airflow/example_dags/tutorial.py
[2024-07-17T14:04:09.345+0000] {logging_mixin.py:188} INFO - [2024-07-17T14:04:09.345+0000] {dag.py:3096} INFO - Sync 1 DAGs
[2024-07-17T14:04:09.425+0000] {logging_mixin.py:188} INFO - [2024-07-17T14:04:09.425+0000] {dag.py:3954} INFO - Setting next_dagrun for tutorial to 2024-07-16 00:00:00+00:00, run_after=2024-07-17 00:00:00+00:00
[2024-07-17T14:04:09.482+0000] {processor.py:183} INFO - Processing /home/airflow/.local/lib/python3.12/site-packages/airflow/example_dags/tutorial.py took 0.261 seconds
[2024-07-17T14:04:40.104+0000] {processor.py:161} INFO - Started process (PID=2517) to work on /home/airflow/.local/lib/python3.12/site-packages/airflow/example_dags/tutorial.py
[2024-07-17T14:04:40.107+0000] {processor.py:830} INFO - Processing file /home/airflow/.local/lib/python3.12/site-packages/airflow/example_dags/tutorial.py for tasks to queue
[2024-07-17T14:04:40.111+0000] {logging_mixin.py:188} INFO - [2024-07-17T14:04:40.110+0000] {dagbag.py:545} INFO - Filling up the DagBag from /home/airflow/.local/lib/python3.12/site-packages/airflow/example_dags/tutorial.py
[2024-07-17T14:04:40.120+0000] {processor.py:840} INFO - DAG(s) 'tutorial' retrieved from /home/airflow/.local/lib/python3.12/site-packages/airflow/example_dags/tutorial.py
[2024-07-17T14:04:40.156+0000] {logging_mixin.py:188} INFO - [2024-07-17T14:04:40.156+0000] {dag.py:3096} INFO - Sync 1 DAGs
[2024-07-17T14:04:40.193+0000] {logging_mixin.py:188} INFO - [2024-07-17T14:04:40.192+0000] {dag.py:3954} INFO - Setting next_dagrun for tutorial to 2024-07-16 00:00:00+00:00, run_after=2024-07-17 00:00:00+00:00
[2024-07-17T14:04:40.224+0000] {processor.py:183} INFO - Processing /home/airflow/.local/lib/python3.12/site-packages/airflow/example_dags/tutorial.py took 0.128 seconds
[2024-07-17T14:05:10.327+0000] {processor.py:161} INFO - Started process (PID=2578) to work on /home/airflow/.local/lib/python3.12/site-packages/airflow/example_dags/tutorial.py
[2024-07-17T14:05:10.327+0000] {processor.py:830} INFO - Processing file /home/airflow/.local/lib/python3.12/site-packages/airflow/example_dags/tutorial.py for tasks to queue
[2024-07-17T14:05:10.329+0000] {logging_mixin.py:188} INFO - [2024-07-17T14:05:10.329+0000] {dagbag.py:545} INFO - Filling up the DagBag from /home/airflow/.local/lib/python3.12/site-packages/airflow/example_dags/tutorial.py
[2024-07-17T14:05:10.334+0000] {processor.py:840} INFO - DAG(s) 'tutorial' retrieved from /home/airflow/.local/lib/python3.12/site-packages/airflow/example_dags/tutorial.py
[2024-07-17T14:05:10.352+0000] {logging_mixin.py:188} INFO - [2024-07-17T14:05:10.352+0000] {dag.py:3096} INFO - Sync 1 DAGs
[2024-07-17T14:05:10.372+0000] {logging_mixin.py:188} INFO - [2024-07-17T14:05:10.371+0000] {dag.py:3954} INFO - Setting next_dagrun for tutorial to 2024-07-16 00:00:00+00:00, run_after=2024-07-17 00:00:00+00:00
[2024-07-17T14:05:10.390+0000] {processor.py:183} INFO - Processing /home/airflow/.local/lib/python3.12/site-packages/airflow/example_dags/tutorial.py took 0.069 seconds
[2024-07-17T14:05:41.443+0000] {processor.py:161} INFO - Started process (PID=2638) to work on /home/airflow/.local/lib/python3.12/site-packages/airflow/example_dags/tutorial.py
[2024-07-17T14:05:41.444+0000] {processor.py:830} INFO - Processing file /home/airflow/.local/lib/python3.12/site-packages/airflow/example_dags/tutorial.py for tasks to queue
[2024-07-17T14:05:41.446+0000] {logging_mixin.py:188} INFO - [2024-07-17T14:05:41.446+0000] {dagbag.py:545} INFO - Filling up the DagBag from /home/airflow/.local/lib/python3.12/site-packages/airflow/example_dags/tutorial.py
[2024-07-17T14:05:41.455+0000] {processor.py:840} INFO - DAG(s) 'tutorial' retrieved from /home/airflow/.local/lib/python3.12/site-packages/airflow/example_dags/tutorial.py
[2024-07-17T14:05:41.484+0000] {logging_mixin.py:188} INFO - [2024-07-17T14:05:41.484+0000] {dag.py:3096} INFO - Sync 1 DAGs
[2024-07-17T14:05:41.509+0000] {logging_mixin.py:188} INFO - [2024-07-17T14:05:41.508+0000] {dag.py:3954} INFO - Setting next_dagrun for tutorial to 2024-07-16 00:00:00+00:00, run_after=2024-07-17 00:00:00+00:00
[2024-07-17T14:05:41.588+0000] {processor.py:183} INFO - Processing /home/airflow/.local/lib/python3.12/site-packages/airflow/example_dags/tutorial.py took 0.158 seconds
[2024-07-17T14:06:12.296+0000] {processor.py:161} INFO - Started process (PID=2698) to work on /home/airflow/.local/lib/python3.12/site-packages/airflow/example_dags/tutorial.py
[2024-07-17T14:06:12.298+0000] {processor.py:830} INFO - Processing file /home/airflow/.local/lib/python3.12/site-packages/airflow/example_dags/tutorial.py for tasks to queue
[2024-07-17T14:06:12.301+0000] {logging_mixin.py:188} INFO - [2024-07-17T14:06:12.301+0000] {dagbag.py:545} INFO - Filling up the DagBag from /home/airflow/.local/lib/python3.12/site-packages/airflow/example_dags/tutorial.py
[2024-07-17T14:06:12.321+0000] {processor.py:840} INFO - DAG(s) 'tutorial' retrieved from /home/airflow/.local/lib/python3.12/site-packages/airflow/example_dags/tutorial.py
[2024-07-17T14:06:12.365+0000] {logging_mixin.py:188} INFO - [2024-07-17T14:06:12.364+0000] {dag.py:3096} INFO - Sync 1 DAGs
[2024-07-17T14:06:12.412+0000] {logging_mixin.py:188} INFO - [2024-07-17T14:06:12.411+0000] {dag.py:3954} INFO - Setting next_dagrun for tutorial to 2024-07-16 00:00:00+00:00, run_after=2024-07-17 00:00:00+00:00
[2024-07-17T14:06:12.453+0000] {processor.py:183} INFO - Processing /home/airflow/.local/lib/python3.12/site-packages/airflow/example_dags/tutorial.py took 0.171 seconds
[2024-07-17T14:06:42.719+0000] {processor.py:161} INFO - Started process (PID=2758) to work on /home/airflow/.local/lib/python3.12/site-packages/airflow/example_dags/tutorial.py
[2024-07-17T14:06:42.721+0000] {processor.py:830} INFO - Processing file /home/airflow/.local/lib/python3.12/site-packages/airflow/example_dags/tutorial.py for tasks to queue
[2024-07-17T14:06:42.725+0000] {logging_mixin.py:188} INFO - [2024-07-17T14:06:42.724+0000] {dagbag.py:545} INFO - Filling up the DagBag from /home/airflow/.local/lib/python3.12/site-packages/airflow/example_dags/tutorial.py
[2024-07-17T14:06:42.737+0000] {processor.py:840} INFO - DAG(s) 'tutorial' retrieved from /home/airflow/.local/lib/python3.12/site-packages/airflow/example_dags/tutorial.py
[2024-07-17T14:06:42.780+0000] {logging_mixin.py:188} INFO - [2024-07-17T14:06:42.780+0000] {dag.py:3096} INFO - Sync 1 DAGs
[2024-07-17T14:06:42.831+0000] {logging_mixin.py:188} INFO - [2024-07-17T14:06:42.831+0000] {dag.py:3954} INFO - Setting next_dagrun for tutorial to 2024-07-16 00:00:00+00:00, run_after=2024-07-17 00:00:00+00:00
[2024-07-17T14:06:42.880+0000] {processor.py:183} INFO - Processing /home/airflow/.local/lib/python3.12/site-packages/airflow/example_dags/tutorial.py took 0.171 seconds
[2024-07-17T14:07:13.594+0000] {processor.py:161} INFO - Started process (PID=2819) to work on /home/airflow/.local/lib/python3.12/site-packages/airflow/example_dags/tutorial.py
[2024-07-17T14:07:13.596+0000] {processor.py:830} INFO - Processing file /home/airflow/.local/lib/python3.12/site-packages/airflow/example_dags/tutorial.py for tasks to queue
[2024-07-17T14:07:13.600+0000] {logging_mixin.py:188} INFO - [2024-07-17T14:07:13.599+0000] {dagbag.py:545} INFO - Filling up the DagBag from /home/airflow/.local/lib/python3.12/site-packages/airflow/example_dags/tutorial.py
[2024-07-17T14:07:13.612+0000] {processor.py:840} INFO - DAG(s) 'tutorial' retrieved from /home/airflow/.local/lib/python3.12/site-packages/airflow/example_dags/tutorial.py
[2024-07-17T14:07:13.662+0000] {logging_mixin.py:188} INFO - [2024-07-17T14:07:13.661+0000] {dag.py:3096} INFO - Sync 1 DAGs
[2024-07-17T14:07:13.711+0000] {logging_mixin.py:188} INFO - [2024-07-17T14:07:13.711+0000] {dag.py:3954} INFO - Setting next_dagrun for tutorial to 2024-07-16 00:00:00+00:00, run_after=2024-07-17 00:00:00+00:00
[2024-07-17T14:07:13.753+0000] {processor.py:183} INFO - Processing /home/airflow/.local/lib/python3.12/site-packages/airflow/example_dags/tutorial.py took 0.172 seconds
[2024-07-17T14:07:44.782+0000] {processor.py:161} INFO - Started process (PID=2879) to work on /home/airflow/.local/lib/python3.12/site-packages/airflow/example_dags/tutorial.py
[2024-07-17T14:07:44.784+0000] {processor.py:830} INFO - Processing file /home/airflow/.local/lib/python3.12/site-packages/airflow/example_dags/tutorial.py for tasks to queue
[2024-07-17T14:07:44.788+0000] {logging_mixin.py:188} INFO - [2024-07-17T14:07:44.788+0000] {dagbag.py:545} INFO - Filling up the DagBag from /home/airflow/.local/lib/python3.12/site-packages/airflow/example_dags/tutorial.py
[2024-07-17T14:07:44.800+0000] {processor.py:840} INFO - DAG(s) 'tutorial' retrieved from /home/airflow/.local/lib/python3.12/site-packages/airflow/example_dags/tutorial.py
[2024-07-17T14:07:44.846+0000] {logging_mixin.py:188} INFO - [2024-07-17T14:07:44.846+0000] {dag.py:3096} INFO - Sync 1 DAGs
[2024-07-17T14:07:44.892+0000] {logging_mixin.py:188} INFO - [2024-07-17T14:07:44.892+0000] {dag.py:3954} INFO - Setting next_dagrun for tutorial to 2024-07-16 00:00:00+00:00, run_after=2024-07-17 00:00:00+00:00
[2024-07-17T14:07:44.931+0000] {processor.py:183} INFO - Processing /home/airflow/.local/lib/python3.12/site-packages/airflow/example_dags/tutorial.py took 0.160 seconds
[2024-07-17T14:08:15.678+0000] {processor.py:161} INFO - Started process (PID=2939) to work on /home/airflow/.local/lib/python3.12/site-packages/airflow/example_dags/tutorial.py
[2024-07-17T14:08:15.680+0000] {processor.py:830} INFO - Processing file /home/airflow/.local/lib/python3.12/site-packages/airflow/example_dags/tutorial.py for tasks to queue
[2024-07-17T14:08:15.684+0000] {logging_mixin.py:188} INFO - [2024-07-17T14:08:15.684+0000] {dagbag.py:545} INFO - Filling up the DagBag from /home/airflow/.local/lib/python3.12/site-packages/airflow/example_dags/tutorial.py
[2024-07-17T14:08:15.695+0000] {processor.py:840} INFO - DAG(s) 'tutorial' retrieved from /home/airflow/.local/lib/python3.12/site-packages/airflow/example_dags/tutorial.py
[2024-07-17T14:08:15.737+0000] {logging_mixin.py:188} INFO - [2024-07-17T14:08:15.736+0000] {dag.py:3096} INFO - Sync 1 DAGs
[2024-07-17T14:08:15.785+0000] {logging_mixin.py:188} INFO - [2024-07-17T14:08:15.785+0000] {dag.py:3954} INFO - Setting next_dagrun for tutorial to 2024-07-16 00:00:00+00:00, run_after=2024-07-17 00:00:00+00:00
[2024-07-17T14:08:15.823+0000] {processor.py:183} INFO - Processing /home/airflow/.local/lib/python3.12/site-packages/airflow/example_dags/tutorial.py took 0.157 seconds
[2024-07-17T14:08:46.158+0000] {processor.py:161} INFO - Started process (PID=2999) to work on /home/airflow/.local/lib/python3.12/site-packages/airflow/example_dags/tutorial.py
[2024-07-17T14:08:46.160+0000] {processor.py:830} INFO - Processing file /home/airflow/.local/lib/python3.12/site-packages/airflow/example_dags/tutorial.py for tasks to queue
[2024-07-17T14:08:46.163+0000] {logging_mixin.py:188} INFO - [2024-07-17T14:08:46.162+0000] {dagbag.py:545} INFO - Filling up the DagBag from /home/airflow/.local/lib/python3.12/site-packages/airflow/example_dags/tutorial.py
[2024-07-17T14:08:46.172+0000] {processor.py:840} INFO - DAG(s) 'tutorial' retrieved from /home/airflow/.local/lib/python3.12/site-packages/airflow/example_dags/tutorial.py
[2024-07-17T14:08:46.214+0000] {logging_mixin.py:188} INFO - [2024-07-17T14:08:46.213+0000] {dag.py:3096} INFO - Sync 1 DAGs
[2024-07-17T14:08:46.264+0000] {logging_mixin.py:188} INFO - [2024-07-17T14:08:46.264+0000] {dag.py:3954} INFO - Setting next_dagrun for tutorial to 2024-07-16 00:00:00+00:00, run_after=2024-07-17 00:00:00+00:00
[2024-07-17T14:08:46.301+0000] {processor.py:183} INFO - Processing /home/airflow/.local/lib/python3.12/site-packages/airflow/example_dags/tutorial.py took 0.153 seconds
[2024-07-17T14:09:17.469+0000] {processor.py:161} INFO - Started process (PID=3059) to work on /home/airflow/.local/lib/python3.12/site-packages/airflow/example_dags/tutorial.py
[2024-07-17T14:09:17.471+0000] {processor.py:830} INFO - Processing file /home/airflow/.local/lib/python3.12/site-packages/airflow/example_dags/tutorial.py for tasks to queue
[2024-07-17T14:09:17.476+0000] {logging_mixin.py:188} INFO - [2024-07-17T14:09:17.475+0000] {dagbag.py:545} INFO - Filling up the DagBag from /home/airflow/.local/lib/python3.12/site-packages/airflow/example_dags/tutorial.py
[2024-07-17T14:09:17.490+0000] {processor.py:840} INFO - DAG(s) 'tutorial' retrieved from /home/airflow/.local/lib/python3.12/site-packages/airflow/example_dags/tutorial.py
[2024-07-17T14:09:17.537+0000] {logging_mixin.py:188} INFO - [2024-07-17T14:09:17.536+0000] {dag.py:3096} INFO - Sync 1 DAGs
[2024-07-17T14:09:17.598+0000] {logging_mixin.py:188} INFO - [2024-07-17T14:09:17.597+0000] {dag.py:3954} INFO - Setting next_dagrun for tutorial to 2024-07-16 00:00:00+00:00, run_after=2024-07-17 00:00:00+00:00
[2024-07-17T14:09:17.651+0000] {processor.py:183} INFO - Processing /home/airflow/.local/lib/python3.12/site-packages/airflow/example_dags/tutorial.py took 0.204 seconds
[2024-07-17T14:09:48.199+0000] {processor.py:161} INFO - Started process (PID=3119) to work on /home/airflow/.local/lib/python3.12/site-packages/airflow/example_dags/tutorial.py
[2024-07-17T14:09:48.201+0000] {processor.py:830} INFO - Processing file /home/airflow/.local/lib/python3.12/site-packages/airflow/example_dags/tutorial.py for tasks to queue
[2024-07-17T14:09:48.205+0000] {logging_mixin.py:188} INFO - [2024-07-17T14:09:48.204+0000] {dagbag.py:545} INFO - Filling up the DagBag from /home/airflow/.local/lib/python3.12/site-packages/airflow/example_dags/tutorial.py
[2024-07-17T14:09:48.218+0000] {processor.py:840} INFO - DAG(s) 'tutorial' retrieved from /home/airflow/.local/lib/python3.12/site-packages/airflow/example_dags/tutorial.py
[2024-07-17T14:09:48.264+0000] {logging_mixin.py:188} INFO - [2024-07-17T14:09:48.263+0000] {dag.py:3096} INFO - Sync 1 DAGs
[2024-07-17T14:09:48.318+0000] {logging_mixin.py:188} INFO - [2024-07-17T14:09:48.318+0000] {dag.py:3954} INFO - Setting next_dagrun for tutorial to 2024-07-16 00:00:00+00:00, run_after=2024-07-17 00:00:00+00:00
[2024-07-17T14:09:48.357+0000] {processor.py:183} INFO - Processing /home/airflow/.local/lib/python3.12/site-packages/airflow/example_dags/tutorial.py took 0.170 seconds
[2024-07-17T14:10:19.602+0000] {processor.py:161} INFO - Started process (PID=3179) to work on /home/airflow/.local/lib/python3.12/site-packages/airflow/example_dags/tutorial.py
[2024-07-17T14:10:19.604+0000] {processor.py:830} INFO - Processing file /home/airflow/.local/lib/python3.12/site-packages/airflow/example_dags/tutorial.py for tasks to queue
[2024-07-17T14:10:19.607+0000] {logging_mixin.py:188} INFO - [2024-07-17T14:10:19.607+0000] {dagbag.py:545} INFO - Filling up the DagBag from /home/airflow/.local/lib/python3.12/site-packages/airflow/example_dags/tutorial.py
[2024-07-17T14:10:19.618+0000] {processor.py:840} INFO - DAG(s) 'tutorial' retrieved from /home/airflow/.local/lib/python3.12/site-packages/airflow/example_dags/tutorial.py
[2024-07-17T14:10:19.661+0000] {logging_mixin.py:188} INFO - [2024-07-17T14:10:19.660+0000] {dag.py:3096} INFO - Sync 1 DAGs
[2024-07-17T14:10:19.715+0000] {logging_mixin.py:188} INFO - [2024-07-17T14:10:19.715+0000] {dag.py:3954} INFO - Setting next_dagrun for tutorial to 2024-07-16 00:00:00+00:00, run_after=2024-07-17 00:00:00+00:00
[2024-07-17T14:10:19.757+0000] {processor.py:183} INFO - Processing /home/airflow/.local/lib/python3.12/site-packages/airflow/example_dags/tutorial.py took 0.168 seconds
[2024-07-17T14:10:50.572+0000] {processor.py:161} INFO - Started process (PID=3239) to work on /home/airflow/.local/lib/python3.12/site-packages/airflow/example_dags/tutorial.py
[2024-07-17T14:10:50.574+0000] {processor.py:830} INFO - Processing file /home/airflow/.local/lib/python3.12/site-packages/airflow/example_dags/tutorial.py for tasks to queue
[2024-07-17T14:10:50.579+0000] {logging_mixin.py:188} INFO - [2024-07-17T14:10:50.578+0000] {dagbag.py:545} INFO - Filling up the DagBag from /home/airflow/.local/lib/python3.12/site-packages/airflow/example_dags/tutorial.py
[2024-07-17T14:10:50.590+0000] {processor.py:840} INFO - DAG(s) 'tutorial' retrieved from /home/airflow/.local/lib/python3.12/site-packages/airflow/example_dags/tutorial.py
[2024-07-17T14:10:50.636+0000] {logging_mixin.py:188} INFO - [2024-07-17T14:10:50.636+0000] {dag.py:3096} INFO - Sync 1 DAGs
[2024-07-17T14:10:50.690+0000] {logging_mixin.py:188} INFO - [2024-07-17T14:10:50.690+0000] {dag.py:3954} INFO - Setting next_dagrun for tutorial to 2024-07-16 00:00:00+00:00, run_after=2024-07-17 00:00:00+00:00
[2024-07-17T14:10:50.731+0000] {processor.py:183} INFO - Processing /home/airflow/.local/lib/python3.12/site-packages/airflow/example_dags/tutorial.py took 0.172 seconds
[2024-07-17T14:11:21.146+0000] {processor.py:161} INFO - Started process (PID=3299) to work on /home/airflow/.local/lib/python3.12/site-packages/airflow/example_dags/tutorial.py
[2024-07-17T14:11:21.148+0000] {processor.py:830} INFO - Processing file /home/airflow/.local/lib/python3.12/site-packages/airflow/example_dags/tutorial.py for tasks to queue
[2024-07-17T14:11:21.151+0000] {logging_mixin.py:188} INFO - [2024-07-17T14:11:21.151+0000] {dagbag.py:545} INFO - Filling up the DagBag from /home/airflow/.local/lib/python3.12/site-packages/airflow/example_dags/tutorial.py
[2024-07-17T14:11:21.161+0000] {processor.py:840} INFO - DAG(s) 'tutorial' retrieved from /home/airflow/.local/lib/python3.12/site-packages/airflow/example_dags/tutorial.py
[2024-07-17T14:11:21.201+0000] {logging_mixin.py:188} INFO - [2024-07-17T14:11:21.200+0000] {dag.py:3096} INFO - Sync 1 DAGs
[2024-07-17T14:11:21.244+0000] {logging_mixin.py:188} INFO - [2024-07-17T14:11:21.243+0000] {dag.py:3954} INFO - Setting next_dagrun for tutorial to 2024-07-16 00:00:00+00:00, run_after=2024-07-17 00:00:00+00:00
[2024-07-17T14:11:21.282+0000] {processor.py:183} INFO - Processing /home/airflow/.local/lib/python3.12/site-packages/airflow/example_dags/tutorial.py took 0.147 seconds
[2024-07-17T14:11:53.287+0000] {processor.py:161} INFO - Started process (PID=3359) to work on /home/airflow/.local/lib/python3.12/site-packages/airflow/example_dags/tutorial.py
[2024-07-17T14:11:53.290+0000] {processor.py:830} INFO - Processing file /home/airflow/.local/lib/python3.12/site-packages/airflow/example_dags/tutorial.py for tasks to queue
[2024-07-17T14:11:53.298+0000] {logging_mixin.py:188} INFO - [2024-07-17T14:11:53.297+0000] {dagbag.py:545} INFO - Filling up the DagBag from /home/airflow/.local/lib/python3.12/site-packages/airflow/example_dags/tutorial.py
[2024-07-17T14:11:53.312+0000] {processor.py:840} INFO - DAG(s) 'tutorial' retrieved from /home/airflow/.local/lib/python3.12/site-packages/airflow/example_dags/tutorial.py
[2024-07-17T14:11:53.356+0000] {logging_mixin.py:188} INFO - [2024-07-17T14:11:53.356+0000] {dag.py:3096} INFO - Sync 1 DAGs
[2024-07-17T14:11:53.412+0000] {logging_mixin.py:188} INFO - [2024-07-17T14:11:53.411+0000] {dag.py:3954} INFO - Setting next_dagrun for tutorial to 2024-07-16 00:00:00+00:00, run_after=2024-07-17 00:00:00+00:00
[2024-07-17T14:11:53.475+0000] {processor.py:183} INFO - Processing /home/airflow/.local/lib/python3.12/site-packages/airflow/example_dags/tutorial.py took 0.207 seconds
