[2024-07-17T10:31:53.400+0000] {processor.py:161} INFO - Started process (PID=87) to work on /home/airflow/.local/lib/python3.12/site-packages/airflow/example_dags/tutorial_dag.py
[2024-07-17T10:31:53.401+0000] {processor.py:830} INFO - Processing file /home/airflow/.local/lib/python3.12/site-packages/airflow/example_dags/tutorial_dag.py for tasks to queue
[2024-07-17T10:31:53.403+0000] {logging_mixin.py:188} INFO - [2024-07-17T10:31:53.403+0000] {dagbag.py:545} INFO - Filling up the DagBag from /home/airflow/.local/lib/python3.12/site-packages/airflow/example_dags/tutorial_dag.py
[2024-07-17T10:31:53.411+0000] {processor.py:840} INFO - DAG(s) 'tutorial_dag' retrieved from /home/airflow/.local/lib/python3.12/site-packages/airflow/example_dags/tutorial_dag.py
[2024-07-17T10:31:53.440+0000] {logging_mixin.py:188} INFO - [2024-07-17T10:31:53.440+0000] {dag.py:3096} INFO - Sync 1 DAGs
[2024-07-17T10:31:53.463+0000] {logging_mixin.py:188} INFO - [2024-07-17T10:31:53.462+0000] {dag.py:3954} INFO - Setting next_dagrun for tutorial_dag to None, run_after=None
[2024-07-17T10:31:53.561+0000] {processor.py:183} INFO - Processing /home/airflow/.local/lib/python3.12/site-packages/airflow/example_dags/tutorial_dag.py took 0.170 seconds
[2024-07-17T10:32:24.253+0000] {processor.py:161} INFO - Started process (PID=147) to work on /home/airflow/.local/lib/python3.12/site-packages/airflow/example_dags/tutorial_dag.py
[2024-07-17T10:32:24.255+0000] {processor.py:830} INFO - Processing file /home/airflow/.local/lib/python3.12/site-packages/airflow/example_dags/tutorial_dag.py for tasks to queue
[2024-07-17T10:32:24.257+0000] {logging_mixin.py:188} INFO - [2024-07-17T10:32:24.257+0000] {dagbag.py:545} INFO - Filling up the DagBag from /home/airflow/.local/lib/python3.12/site-packages/airflow/example_dags/tutorial_dag.py
[2024-07-17T10:32:24.265+0000] {processor.py:840} INFO - DAG(s) 'tutorial_dag' retrieved from /home/airflow/.local/lib/python3.12/site-packages/airflow/example_dags/tutorial_dag.py
[2024-07-17T10:32:24.282+0000] {logging_mixin.py:188} INFO - [2024-07-17T10:32:24.282+0000] {dag.py:3096} INFO - Sync 1 DAGs
[2024-07-17T10:32:24.300+0000] {logging_mixin.py:188} INFO - [2024-07-17T10:32:24.300+0000] {dag.py:3954} INFO - Setting next_dagrun for tutorial_dag to None, run_after=None
[2024-07-17T10:32:24.330+0000] {processor.py:183} INFO - Processing /home/airflow/.local/lib/python3.12/site-packages/airflow/example_dags/tutorial_dag.py took 0.084 seconds
[2024-07-17T10:32:55.931+0000] {processor.py:161} INFO - Started process (PID=207) to work on /home/airflow/.local/lib/python3.12/site-packages/airflow/example_dags/tutorial_dag.py
[2024-07-17T10:32:55.932+0000] {processor.py:830} INFO - Processing file /home/airflow/.local/lib/python3.12/site-packages/airflow/example_dags/tutorial_dag.py for tasks to queue
[2024-07-17T10:32:55.934+0000] {logging_mixin.py:188} INFO - [2024-07-17T10:32:55.934+0000] {dagbag.py:545} INFO - Filling up the DagBag from /home/airflow/.local/lib/python3.12/site-packages/airflow/example_dags/tutorial_dag.py
[2024-07-17T10:32:55.941+0000] {processor.py:840} INFO - DAG(s) 'tutorial_dag' retrieved from /home/airflow/.local/lib/python3.12/site-packages/airflow/example_dags/tutorial_dag.py
[2024-07-17T10:32:56.088+0000] {logging_mixin.py:188} INFO - [2024-07-17T10:32:56.088+0000] {dag.py:3096} INFO - Sync 1 DAGs
[2024-07-17T10:32:56.107+0000] {logging_mixin.py:188} INFO - [2024-07-17T10:32:56.107+0000] {dag.py:3954} INFO - Setting next_dagrun for tutorial_dag to None, run_after=None
[2024-07-17T10:32:56.134+0000] {processor.py:183} INFO - Processing /home/airflow/.local/lib/python3.12/site-packages/airflow/example_dags/tutorial_dag.py took 0.209 seconds
[2024-07-17T10:33:26.194+0000] {processor.py:161} INFO - Started process (PID=268) to work on /home/airflow/.local/lib/python3.12/site-packages/airflow/example_dags/tutorial_dag.py
[2024-07-17T10:33:26.195+0000] {processor.py:830} INFO - Processing file /home/airflow/.local/lib/python3.12/site-packages/airflow/example_dags/tutorial_dag.py for tasks to queue
[2024-07-17T10:33:26.197+0000] {logging_mixin.py:188} INFO - [2024-07-17T10:33:26.197+0000] {dagbag.py:545} INFO - Filling up the DagBag from /home/airflow/.local/lib/python3.12/site-packages/airflow/example_dags/tutorial_dag.py
[2024-07-17T10:33:26.204+0000] {processor.py:840} INFO - DAG(s) 'tutorial_dag' retrieved from /home/airflow/.local/lib/python3.12/site-packages/airflow/example_dags/tutorial_dag.py
[2024-07-17T10:33:26.241+0000] {logging_mixin.py:188} INFO - [2024-07-17T10:33:26.241+0000] {dag.py:3096} INFO - Sync 1 DAGs
[2024-07-17T10:33:26.263+0000] {logging_mixin.py:188} INFO - [2024-07-17T10:33:26.262+0000] {dag.py:3954} INFO - Setting next_dagrun for tutorial_dag to None, run_after=None
[2024-07-17T10:33:26.293+0000] {processor.py:183} INFO - Processing /home/airflow/.local/lib/python3.12/site-packages/airflow/example_dags/tutorial_dag.py took 0.105 seconds
[2024-07-17T10:33:57.545+0000] {processor.py:161} INFO - Started process (PID=328) to work on /home/airflow/.local/lib/python3.12/site-packages/airflow/example_dags/tutorial_dag.py
[2024-07-17T10:33:57.546+0000] {processor.py:830} INFO - Processing file /home/airflow/.local/lib/python3.12/site-packages/airflow/example_dags/tutorial_dag.py for tasks to queue
[2024-07-17T10:33:57.547+0000] {logging_mixin.py:188} INFO - [2024-07-17T10:33:57.547+0000] {dagbag.py:545} INFO - Filling up the DagBag from /home/airflow/.local/lib/python3.12/site-packages/airflow/example_dags/tutorial_dag.py
[2024-07-17T10:33:57.553+0000] {processor.py:840} INFO - DAG(s) 'tutorial_dag' retrieved from /home/airflow/.local/lib/python3.12/site-packages/airflow/example_dags/tutorial_dag.py
[2024-07-17T10:33:57.583+0000] {logging_mixin.py:188} INFO - [2024-07-17T10:33:57.583+0000] {dag.py:3096} INFO - Sync 1 DAGs
[2024-07-17T10:33:57.604+0000] {logging_mixin.py:188} INFO - [2024-07-17T10:33:57.604+0000] {dag.py:3954} INFO - Setting next_dagrun for tutorial_dag to None, run_after=None
[2024-07-17T10:33:57.632+0000] {processor.py:183} INFO - Processing /home/airflow/.local/lib/python3.12/site-packages/airflow/example_dags/tutorial_dag.py took 0.094 seconds
[2024-07-17T10:34:28.466+0000] {processor.py:161} INFO - Started process (PID=387) to work on /home/airflow/.local/lib/python3.12/site-packages/airflow/example_dags/tutorial_dag.py
[2024-07-17T10:34:28.469+0000] {processor.py:830} INFO - Processing file /home/airflow/.local/lib/python3.12/site-packages/airflow/example_dags/tutorial_dag.py for tasks to queue
[2024-07-17T10:34:28.472+0000] {logging_mixin.py:188} INFO - [2024-07-17T10:34:28.471+0000] {dagbag.py:545} INFO - Filling up the DagBag from /home/airflow/.local/lib/python3.12/site-packages/airflow/example_dags/tutorial_dag.py
[2024-07-17T10:34:28.479+0000] {processor.py:840} INFO - DAG(s) 'tutorial_dag' retrieved from /home/airflow/.local/lib/python3.12/site-packages/airflow/example_dags/tutorial_dag.py
[2024-07-17T10:34:28.522+0000] {logging_mixin.py:188} INFO - [2024-07-17T10:34:28.522+0000] {dag.py:3096} INFO - Sync 1 DAGs
[2024-07-17T10:34:28.547+0000] {logging_mixin.py:188} INFO - [2024-07-17T10:34:28.547+0000] {dag.py:3954} INFO - Setting next_dagrun for tutorial_dag to None, run_after=None
[2024-07-17T10:34:28.574+0000] {processor.py:183} INFO - Processing /home/airflow/.local/lib/python3.12/site-packages/airflow/example_dags/tutorial_dag.py took 0.120 seconds
[2024-07-17T10:34:59.182+0000] {processor.py:161} INFO - Started process (PID=447) to work on /home/airflow/.local/lib/python3.12/site-packages/airflow/example_dags/tutorial_dag.py
[2024-07-17T10:34:59.183+0000] {processor.py:830} INFO - Processing file /home/airflow/.local/lib/python3.12/site-packages/airflow/example_dags/tutorial_dag.py for tasks to queue
[2024-07-17T10:34:59.191+0000] {logging_mixin.py:188} INFO - [2024-07-17T10:34:59.191+0000] {dagbag.py:545} INFO - Filling up the DagBag from /home/airflow/.local/lib/python3.12/site-packages/airflow/example_dags/tutorial_dag.py
[2024-07-17T10:34:59.198+0000] {processor.py:840} INFO - DAG(s) 'tutorial_dag' retrieved from /home/airflow/.local/lib/python3.12/site-packages/airflow/example_dags/tutorial_dag.py
[2024-07-17T10:34:59.231+0000] {logging_mixin.py:188} INFO - [2024-07-17T10:34:59.230+0000] {dag.py:3096} INFO - Sync 1 DAGs
[2024-07-17T10:34:59.249+0000] {logging_mixin.py:188} INFO - [2024-07-17T10:34:59.249+0000] {dag.py:3954} INFO - Setting next_dagrun for tutorial_dag to None, run_after=None
[2024-07-17T10:34:59.274+0000] {processor.py:183} INFO - Processing /home/airflow/.local/lib/python3.12/site-packages/airflow/example_dags/tutorial_dag.py took 0.100 seconds
[2024-07-17T10:35:29.505+0000] {processor.py:161} INFO - Started process (PID=507) to work on /home/airflow/.local/lib/python3.12/site-packages/airflow/example_dags/tutorial_dag.py
[2024-07-17T10:35:29.513+0000] {processor.py:830} INFO - Processing file /home/airflow/.local/lib/python3.12/site-packages/airflow/example_dags/tutorial_dag.py for tasks to queue
[2024-07-17T10:35:29.534+0000] {logging_mixin.py:188} INFO - [2024-07-17T10:35:29.534+0000] {dagbag.py:545} INFO - Filling up the DagBag from /home/airflow/.local/lib/python3.12/site-packages/airflow/example_dags/tutorial_dag.py
[2024-07-17T10:35:29.541+0000] {processor.py:840} INFO - DAG(s) 'tutorial_dag' retrieved from /home/airflow/.local/lib/python3.12/site-packages/airflow/example_dags/tutorial_dag.py
[2024-07-17T10:35:29.571+0000] {logging_mixin.py:188} INFO - [2024-07-17T10:35:29.571+0000] {dag.py:3096} INFO - Sync 1 DAGs
[2024-07-17T10:35:29.590+0000] {logging_mixin.py:188} INFO - [2024-07-17T10:35:29.590+0000] {dag.py:3954} INFO - Setting next_dagrun for tutorial_dag to None, run_after=None
[2024-07-17T10:35:29.617+0000] {processor.py:183} INFO - Processing /home/airflow/.local/lib/python3.12/site-packages/airflow/example_dags/tutorial_dag.py took 0.122 seconds
[2024-07-17T10:36:00.293+0000] {processor.py:161} INFO - Started process (PID=567) to work on /home/airflow/.local/lib/python3.12/site-packages/airflow/example_dags/tutorial_dag.py
[2024-07-17T10:36:00.294+0000] {processor.py:830} INFO - Processing file /home/airflow/.local/lib/python3.12/site-packages/airflow/example_dags/tutorial_dag.py for tasks to queue
[2024-07-17T10:36:00.296+0000] {logging_mixin.py:188} INFO - [2024-07-17T10:36:00.295+0000] {dagbag.py:545} INFO - Filling up the DagBag from /home/airflow/.local/lib/python3.12/site-packages/airflow/example_dags/tutorial_dag.py
[2024-07-17T10:36:00.302+0000] {processor.py:840} INFO - DAG(s) 'tutorial_dag' retrieved from /home/airflow/.local/lib/python3.12/site-packages/airflow/example_dags/tutorial_dag.py
[2024-07-17T10:36:00.324+0000] {logging_mixin.py:188} INFO - [2024-07-17T10:36:00.324+0000] {dag.py:3096} INFO - Sync 1 DAGs
[2024-07-17T10:36:00.337+0000] {logging_mixin.py:188} INFO - [2024-07-17T10:36:00.337+0000] {dag.py:3954} INFO - Setting next_dagrun for tutorial_dag to None, run_after=None
[2024-07-17T10:36:00.360+0000] {processor.py:183} INFO - Processing /home/airflow/.local/lib/python3.12/site-packages/airflow/example_dags/tutorial_dag.py took 0.072 seconds
[2024-07-17T10:36:31.395+0000] {processor.py:161} INFO - Started process (PID=627) to work on /home/airflow/.local/lib/python3.12/site-packages/airflow/example_dags/tutorial_dag.py
[2024-07-17T10:36:31.397+0000] {processor.py:830} INFO - Processing file /home/airflow/.local/lib/python3.12/site-packages/airflow/example_dags/tutorial_dag.py for tasks to queue
[2024-07-17T10:36:31.399+0000] {logging_mixin.py:188} INFO - [2024-07-17T10:36:31.398+0000] {dagbag.py:545} INFO - Filling up the DagBag from /home/airflow/.local/lib/python3.12/site-packages/airflow/example_dags/tutorial_dag.py
[2024-07-17T10:36:31.405+0000] {processor.py:840} INFO - DAG(s) 'tutorial_dag' retrieved from /home/airflow/.local/lib/python3.12/site-packages/airflow/example_dags/tutorial_dag.py
[2024-07-17T10:36:31.432+0000] {logging_mixin.py:188} INFO - [2024-07-17T10:36:31.432+0000] {dag.py:3096} INFO - Sync 1 DAGs
[2024-07-17T10:36:31.451+0000] {logging_mixin.py:188} INFO - [2024-07-17T10:36:31.451+0000] {dag.py:3954} INFO - Setting next_dagrun for tutorial_dag to None, run_after=None
[2024-07-17T10:36:31.476+0000] {processor.py:183} INFO - Processing /home/airflow/.local/lib/python3.12/site-packages/airflow/example_dags/tutorial_dag.py took 0.087 seconds
[2024-07-17T13:41:30.825+0000] {processor.py:161} INFO - Started process (PID=87) to work on /home/airflow/.local/lib/python3.12/site-packages/airflow/example_dags/tutorial_dag.py
[2024-07-17T13:41:30.827+0000] {processor.py:830} INFO - Processing file /home/airflow/.local/lib/python3.12/site-packages/airflow/example_dags/tutorial_dag.py for tasks to queue
[2024-07-17T13:41:30.830+0000] {logging_mixin.py:188} INFO - [2024-07-17T13:41:30.829+0000] {dagbag.py:545} INFO - Filling up the DagBag from /home/airflow/.local/lib/python3.12/site-packages/airflow/example_dags/tutorial_dag.py
[2024-07-17T13:41:30.837+0000] {processor.py:840} INFO - DAG(s) 'tutorial_dag' retrieved from /home/airflow/.local/lib/python3.12/site-packages/airflow/example_dags/tutorial_dag.py
[2024-07-17T13:41:31.002+0000] {logging_mixin.py:188} INFO - [2024-07-17T13:41:31.002+0000] {dag.py:3096} INFO - Sync 1 DAGs
[2024-07-17T13:41:31.021+0000] {logging_mixin.py:188} INFO - [2024-07-17T13:41:31.021+0000] {dag.py:3954} INFO - Setting next_dagrun for tutorial_dag to None, run_after=None
[2024-07-17T13:41:31.050+0000] {processor.py:183} INFO - Processing /home/airflow/.local/lib/python3.12/site-packages/airflow/example_dags/tutorial_dag.py took 0.232 seconds
[2024-07-17T13:42:01.372+0000] {processor.py:161} INFO - Started process (PID=147) to work on /home/airflow/.local/lib/python3.12/site-packages/airflow/example_dags/tutorial_dag.py
[2024-07-17T13:42:01.373+0000] {processor.py:830} INFO - Processing file /home/airflow/.local/lib/python3.12/site-packages/airflow/example_dags/tutorial_dag.py for tasks to queue
[2024-07-17T13:42:01.375+0000] {logging_mixin.py:188} INFO - [2024-07-17T13:42:01.375+0000] {dagbag.py:545} INFO - Filling up the DagBag from /home/airflow/.local/lib/python3.12/site-packages/airflow/example_dags/tutorial_dag.py
[2024-07-17T13:42:01.382+0000] {processor.py:840} INFO - DAG(s) 'tutorial_dag' retrieved from /home/airflow/.local/lib/python3.12/site-packages/airflow/example_dags/tutorial_dag.py
[2024-07-17T13:42:01.403+0000] {logging_mixin.py:188} INFO - [2024-07-17T13:42:01.402+0000] {dag.py:3096} INFO - Sync 1 DAGs
[2024-07-17T13:42:01.420+0000] {logging_mixin.py:188} INFO - [2024-07-17T13:42:01.419+0000] {dag.py:3954} INFO - Setting next_dagrun for tutorial_dag to None, run_after=None
[2024-07-17T13:42:01.444+0000] {processor.py:183} INFO - Processing /home/airflow/.local/lib/python3.12/site-packages/airflow/example_dags/tutorial_dag.py took 0.079 seconds
[2024-07-17T13:42:32.120+0000] {processor.py:161} INFO - Started process (PID=207) to work on /home/airflow/.local/lib/python3.12/site-packages/airflow/example_dags/tutorial_dag.py
[2024-07-17T13:42:32.122+0000] {processor.py:830} INFO - Processing file /home/airflow/.local/lib/python3.12/site-packages/airflow/example_dags/tutorial_dag.py for tasks to queue
[2024-07-17T13:42:32.126+0000] {logging_mixin.py:188} INFO - [2024-07-17T13:42:32.125+0000] {dagbag.py:545} INFO - Filling up the DagBag from /home/airflow/.local/lib/python3.12/site-packages/airflow/example_dags/tutorial_dag.py
[2024-07-17T13:42:32.134+0000] {processor.py:840} INFO - DAG(s) 'tutorial_dag' retrieved from /home/airflow/.local/lib/python3.12/site-packages/airflow/example_dags/tutorial_dag.py
[2024-07-17T13:42:32.165+0000] {logging_mixin.py:188} INFO - [2024-07-17T13:42:32.165+0000] {dag.py:3096} INFO - Sync 1 DAGs
[2024-07-17T13:42:32.186+0000] {logging_mixin.py:188} INFO - [2024-07-17T13:42:32.185+0000] {dag.py:3954} INFO - Setting next_dagrun for tutorial_dag to None, run_after=None
[2024-07-17T13:42:32.218+0000] {processor.py:183} INFO - Processing /home/airflow/.local/lib/python3.12/site-packages/airflow/example_dags/tutorial_dag.py took 0.107 seconds
[2024-07-17T13:43:02.627+0000] {processor.py:161} INFO - Started process (PID=267) to work on /home/airflow/.local/lib/python3.12/site-packages/airflow/example_dags/tutorial_dag.py
[2024-07-17T13:43:02.628+0000] {processor.py:830} INFO - Processing file /home/airflow/.local/lib/python3.12/site-packages/airflow/example_dags/tutorial_dag.py for tasks to queue
[2024-07-17T13:43:02.630+0000] {logging_mixin.py:188} INFO - [2024-07-17T13:43:02.629+0000] {dagbag.py:545} INFO - Filling up the DagBag from /home/airflow/.local/lib/python3.12/site-packages/airflow/example_dags/tutorial_dag.py
[2024-07-17T13:43:02.635+0000] {processor.py:840} INFO - DAG(s) 'tutorial_dag' retrieved from /home/airflow/.local/lib/python3.12/site-packages/airflow/example_dags/tutorial_dag.py
[2024-07-17T13:43:02.657+0000] {logging_mixin.py:188} INFO - [2024-07-17T13:43:02.657+0000] {dag.py:3096} INFO - Sync 1 DAGs
[2024-07-17T13:43:02.674+0000] {logging_mixin.py:188} INFO - [2024-07-17T13:43:02.674+0000] {dag.py:3954} INFO - Setting next_dagrun for tutorial_dag to None, run_after=None
[2024-07-17T13:43:02.695+0000] {processor.py:183} INFO - Processing /home/airflow/.local/lib/python3.12/site-packages/airflow/example_dags/tutorial_dag.py took 0.073 seconds
[2024-07-17T13:43:33.152+0000] {processor.py:161} INFO - Started process (PID=327) to work on /home/airflow/.local/lib/python3.12/site-packages/airflow/example_dags/tutorial_dag.py
[2024-07-17T13:43:33.153+0000] {processor.py:830} INFO - Processing file /home/airflow/.local/lib/python3.12/site-packages/airflow/example_dags/tutorial_dag.py for tasks to queue
[2024-07-17T13:43:33.155+0000] {logging_mixin.py:188} INFO - [2024-07-17T13:43:33.155+0000] {dagbag.py:545} INFO - Filling up the DagBag from /home/airflow/.local/lib/python3.12/site-packages/airflow/example_dags/tutorial_dag.py
[2024-07-17T13:43:33.162+0000] {processor.py:840} INFO - DAG(s) 'tutorial_dag' retrieved from /home/airflow/.local/lib/python3.12/site-packages/airflow/example_dags/tutorial_dag.py
[2024-07-17T13:43:33.198+0000] {logging_mixin.py:188} INFO - [2024-07-17T13:43:33.197+0000] {dag.py:3096} INFO - Sync 1 DAGs
[2024-07-17T13:43:33.214+0000] {logging_mixin.py:188} INFO - [2024-07-17T13:43:33.214+0000] {dag.py:3954} INFO - Setting next_dagrun for tutorial_dag to None, run_after=None
[2024-07-17T13:43:33.244+0000] {processor.py:183} INFO - Processing /home/airflow/.local/lib/python3.12/site-packages/airflow/example_dags/tutorial_dag.py took 0.099 seconds
[2024-07-17T13:44:03.989+0000] {processor.py:161} INFO - Started process (PID=387) to work on /home/airflow/.local/lib/python3.12/site-packages/airflow/example_dags/tutorial_dag.py
[2024-07-17T13:44:03.990+0000] {processor.py:830} INFO - Processing file /home/airflow/.local/lib/python3.12/site-packages/airflow/example_dags/tutorial_dag.py for tasks to queue
[2024-07-17T13:44:03.993+0000] {logging_mixin.py:188} INFO - [2024-07-17T13:44:03.992+0000] {dagbag.py:545} INFO - Filling up the DagBag from /home/airflow/.local/lib/python3.12/site-packages/airflow/example_dags/tutorial_dag.py
[2024-07-17T13:44:04.000+0000] {processor.py:840} INFO - DAG(s) 'tutorial_dag' retrieved from /home/airflow/.local/lib/python3.12/site-packages/airflow/example_dags/tutorial_dag.py
[2024-07-17T13:44:04.033+0000] {logging_mixin.py:188} INFO - [2024-07-17T13:44:04.033+0000] {dag.py:3096} INFO - Sync 1 DAGs
[2024-07-17T13:44:04.066+0000] {logging_mixin.py:188} INFO - [2024-07-17T13:44:04.066+0000] {dag.py:3954} INFO - Setting next_dagrun for tutorial_dag to None, run_after=None
[2024-07-17T13:44:04.105+0000] {processor.py:183} INFO - Processing /home/airflow/.local/lib/python3.12/site-packages/airflow/example_dags/tutorial_dag.py took 0.124 seconds
[2024-07-17T13:44:34.514+0000] {processor.py:161} INFO - Started process (PID=447) to work on /home/airflow/.local/lib/python3.12/site-packages/airflow/example_dags/tutorial_dag.py
[2024-07-17T13:44:34.515+0000] {processor.py:830} INFO - Processing file /home/airflow/.local/lib/python3.12/site-packages/airflow/example_dags/tutorial_dag.py for tasks to queue
[2024-07-17T13:44:34.517+0000] {logging_mixin.py:188} INFO - [2024-07-17T13:44:34.517+0000] {dagbag.py:545} INFO - Filling up the DagBag from /home/airflow/.local/lib/python3.12/site-packages/airflow/example_dags/tutorial_dag.py
[2024-07-17T13:44:34.522+0000] {processor.py:840} INFO - DAG(s) 'tutorial_dag' retrieved from /home/airflow/.local/lib/python3.12/site-packages/airflow/example_dags/tutorial_dag.py
[2024-07-17T13:44:34.543+0000] {logging_mixin.py:188} INFO - [2024-07-17T13:44:34.542+0000] {dag.py:3096} INFO - Sync 1 DAGs
[2024-07-17T13:44:34.555+0000] {logging_mixin.py:188} INFO - [2024-07-17T13:44:34.555+0000] {dag.py:3954} INFO - Setting next_dagrun for tutorial_dag to None, run_after=None
[2024-07-17T13:44:34.575+0000] {processor.py:183} INFO - Processing /home/airflow/.local/lib/python3.12/site-packages/airflow/example_dags/tutorial_dag.py took 0.067 seconds
[2024-07-17T13:45:05.310+0000] {processor.py:161} INFO - Started process (PID=507) to work on /home/airflow/.local/lib/python3.12/site-packages/airflow/example_dags/tutorial_dag.py
[2024-07-17T13:45:05.311+0000] {processor.py:830} INFO - Processing file /home/airflow/.local/lib/python3.12/site-packages/airflow/example_dags/tutorial_dag.py for tasks to queue
[2024-07-17T13:45:05.314+0000] {logging_mixin.py:188} INFO - [2024-07-17T13:45:05.313+0000] {dagbag.py:545} INFO - Filling up the DagBag from /home/airflow/.local/lib/python3.12/site-packages/airflow/example_dags/tutorial_dag.py
[2024-07-17T13:45:05.320+0000] {processor.py:840} INFO - DAG(s) 'tutorial_dag' retrieved from /home/airflow/.local/lib/python3.12/site-packages/airflow/example_dags/tutorial_dag.py
[2024-07-17T13:45:05.347+0000] {logging_mixin.py:188} INFO - [2024-07-17T13:45:05.347+0000] {dag.py:3096} INFO - Sync 1 DAGs
[2024-07-17T13:45:05.365+0000] {logging_mixin.py:188} INFO - [2024-07-17T13:45:05.365+0000] {dag.py:3954} INFO - Setting next_dagrun for tutorial_dag to None, run_after=None
[2024-07-17T13:45:05.384+0000] {processor.py:183} INFO - Processing /home/airflow/.local/lib/python3.12/site-packages/airflow/example_dags/tutorial_dag.py took 0.079 seconds
[2024-07-17T13:45:35.562+0000] {processor.py:161} INFO - Started process (PID=567) to work on /home/airflow/.local/lib/python3.12/site-packages/airflow/example_dags/tutorial_dag.py
[2024-07-17T13:45:35.563+0000] {processor.py:830} INFO - Processing file /home/airflow/.local/lib/python3.12/site-packages/airflow/example_dags/tutorial_dag.py for tasks to queue
[2024-07-17T13:45:35.565+0000] {logging_mixin.py:188} INFO - [2024-07-17T13:45:35.564+0000] {dagbag.py:545} INFO - Filling up the DagBag from /home/airflow/.local/lib/python3.12/site-packages/airflow/example_dags/tutorial_dag.py
[2024-07-17T13:45:35.569+0000] {processor.py:840} INFO - DAG(s) 'tutorial_dag' retrieved from /home/airflow/.local/lib/python3.12/site-packages/airflow/example_dags/tutorial_dag.py
[2024-07-17T13:45:35.589+0000] {logging_mixin.py:188} INFO - [2024-07-17T13:45:35.589+0000] {dag.py:3096} INFO - Sync 1 DAGs
[2024-07-17T13:45:35.602+0000] {logging_mixin.py:188} INFO - [2024-07-17T13:45:35.601+0000] {dag.py:3954} INFO - Setting next_dagrun for tutorial_dag to None, run_after=None
[2024-07-17T13:45:35.621+0000] {processor.py:183} INFO - Processing /home/airflow/.local/lib/python3.12/site-packages/airflow/example_dags/tutorial_dag.py took 0.064 seconds
[2024-07-17T13:46:06.210+0000] {processor.py:161} INFO - Started process (PID=627) to work on /home/airflow/.local/lib/python3.12/site-packages/airflow/example_dags/tutorial_dag.py
[2024-07-17T13:46:06.211+0000] {processor.py:830} INFO - Processing file /home/airflow/.local/lib/python3.12/site-packages/airflow/example_dags/tutorial_dag.py for tasks to queue
[2024-07-17T13:46:06.212+0000] {logging_mixin.py:188} INFO - [2024-07-17T13:46:06.212+0000] {dagbag.py:545} INFO - Filling up the DagBag from /home/airflow/.local/lib/python3.12/site-packages/airflow/example_dags/tutorial_dag.py
[2024-07-17T13:46:06.217+0000] {processor.py:840} INFO - DAG(s) 'tutorial_dag' retrieved from /home/airflow/.local/lib/python3.12/site-packages/airflow/example_dags/tutorial_dag.py
[2024-07-17T13:46:06.236+0000] {logging_mixin.py:188} INFO - [2024-07-17T13:46:06.236+0000] {dag.py:3096} INFO - Sync 1 DAGs
[2024-07-17T13:46:06.249+0000] {logging_mixin.py:188} INFO - [2024-07-17T13:46:06.249+0000] {dag.py:3954} INFO - Setting next_dagrun for tutorial_dag to None, run_after=None
[2024-07-17T13:46:06.268+0000] {processor.py:183} INFO - Processing /home/airflow/.local/lib/python3.12/site-packages/airflow/example_dags/tutorial_dag.py took 0.062 seconds
[2024-07-17T13:46:37.082+0000] {processor.py:161} INFO - Started process (PID=687) to work on /home/airflow/.local/lib/python3.12/site-packages/airflow/example_dags/tutorial_dag.py
[2024-07-17T13:46:37.083+0000] {processor.py:830} INFO - Processing file /home/airflow/.local/lib/python3.12/site-packages/airflow/example_dags/tutorial_dag.py for tasks to queue
[2024-07-17T13:46:37.086+0000] {logging_mixin.py:188} INFO - [2024-07-17T13:46:37.086+0000] {dagbag.py:545} INFO - Filling up the DagBag from /home/airflow/.local/lib/python3.12/site-packages/airflow/example_dags/tutorial_dag.py
[2024-07-17T13:46:37.094+0000] {processor.py:840} INFO - DAG(s) 'tutorial_dag' retrieved from /home/airflow/.local/lib/python3.12/site-packages/airflow/example_dags/tutorial_dag.py
[2024-07-17T13:46:37.124+0000] {logging_mixin.py:188} INFO - [2024-07-17T13:46:37.124+0000] {dag.py:3096} INFO - Sync 1 DAGs
[2024-07-17T13:46:37.144+0000] {logging_mixin.py:188} INFO - [2024-07-17T13:46:37.144+0000] {dag.py:3954} INFO - Setting next_dagrun for tutorial_dag to None, run_after=None
[2024-07-17T13:46:37.172+0000] {processor.py:183} INFO - Processing /home/airflow/.local/lib/python3.12/site-packages/airflow/example_dags/tutorial_dag.py took 0.098 seconds
[2024-07-17T13:47:08.052+0000] {processor.py:161} INFO - Started process (PID=747) to work on /home/airflow/.local/lib/python3.12/site-packages/airflow/example_dags/tutorial_dag.py
[2024-07-17T13:47:08.053+0000] {processor.py:830} INFO - Processing file /home/airflow/.local/lib/python3.12/site-packages/airflow/example_dags/tutorial_dag.py for tasks to queue
[2024-07-17T13:47:08.055+0000] {logging_mixin.py:188} INFO - [2024-07-17T13:47:08.055+0000] {dagbag.py:545} INFO - Filling up the DagBag from /home/airflow/.local/lib/python3.12/site-packages/airflow/example_dags/tutorial_dag.py
[2024-07-17T13:47:08.060+0000] {processor.py:840} INFO - DAG(s) 'tutorial_dag' retrieved from /home/airflow/.local/lib/python3.12/site-packages/airflow/example_dags/tutorial_dag.py
[2024-07-17T13:47:08.081+0000] {logging_mixin.py:188} INFO - [2024-07-17T13:47:08.081+0000] {dag.py:3096} INFO - Sync 1 DAGs
[2024-07-17T13:47:08.096+0000] {logging_mixin.py:188} INFO - [2024-07-17T13:47:08.096+0000] {dag.py:3954} INFO - Setting next_dagrun for tutorial_dag to None, run_after=None
[2024-07-17T13:47:08.119+0000] {processor.py:183} INFO - Processing /home/airflow/.local/lib/python3.12/site-packages/airflow/example_dags/tutorial_dag.py took 0.073 seconds
[2024-07-17T13:47:38.317+0000] {processor.py:161} INFO - Started process (PID=807) to work on /home/airflow/.local/lib/python3.12/site-packages/airflow/example_dags/tutorial_dag.py
[2024-07-17T13:47:38.318+0000] {processor.py:830} INFO - Processing file /home/airflow/.local/lib/python3.12/site-packages/airflow/example_dags/tutorial_dag.py for tasks to queue
[2024-07-17T13:47:38.320+0000] {logging_mixin.py:188} INFO - [2024-07-17T13:47:38.320+0000] {dagbag.py:545} INFO - Filling up the DagBag from /home/airflow/.local/lib/python3.12/site-packages/airflow/example_dags/tutorial_dag.py
[2024-07-17T13:47:38.327+0000] {processor.py:840} INFO - DAG(s) 'tutorial_dag' retrieved from /home/airflow/.local/lib/python3.12/site-packages/airflow/example_dags/tutorial_dag.py
[2024-07-17T13:47:38.354+0000] {logging_mixin.py:188} INFO - [2024-07-17T13:47:38.354+0000] {dag.py:3096} INFO - Sync 1 DAGs
[2024-07-17T13:47:38.375+0000] {logging_mixin.py:188} INFO - [2024-07-17T13:47:38.374+0000] {dag.py:3954} INFO - Setting next_dagrun for tutorial_dag to None, run_after=None
[2024-07-17T13:47:38.408+0000] {processor.py:183} INFO - Processing /home/airflow/.local/lib/python3.12/site-packages/airflow/example_dags/tutorial_dag.py took 0.098 seconds
[2024-07-17T13:48:09.339+0000] {processor.py:161} INFO - Started process (PID=867) to work on /home/airflow/.local/lib/python3.12/site-packages/airflow/example_dags/tutorial_dag.py
[2024-07-17T13:48:09.340+0000] {processor.py:830} INFO - Processing file /home/airflow/.local/lib/python3.12/site-packages/airflow/example_dags/tutorial_dag.py for tasks to queue
[2024-07-17T13:48:09.343+0000] {logging_mixin.py:188} INFO - [2024-07-17T13:48:09.342+0000] {dagbag.py:545} INFO - Filling up the DagBag from /home/airflow/.local/lib/python3.12/site-packages/airflow/example_dags/tutorial_dag.py
[2024-07-17T13:48:09.352+0000] {processor.py:840} INFO - DAG(s) 'tutorial_dag' retrieved from /home/airflow/.local/lib/python3.12/site-packages/airflow/example_dags/tutorial_dag.py
[2024-07-17T13:48:09.380+0000] {logging_mixin.py:188} INFO - [2024-07-17T13:48:09.380+0000] {dag.py:3096} INFO - Sync 1 DAGs
[2024-07-17T13:48:09.399+0000] {logging_mixin.py:188} INFO - [2024-07-17T13:48:09.399+0000] {dag.py:3954} INFO - Setting next_dagrun for tutorial_dag to None, run_after=None
[2024-07-17T13:48:09.431+0000] {processor.py:183} INFO - Processing /home/airflow/.local/lib/python3.12/site-packages/airflow/example_dags/tutorial_dag.py took 0.100 seconds
[2024-07-17T13:48:39.861+0000] {processor.py:161} INFO - Started process (PID=928) to work on /home/airflow/.local/lib/python3.12/site-packages/airflow/example_dags/tutorial_dag.py
[2024-07-17T13:48:39.863+0000] {processor.py:830} INFO - Processing file /home/airflow/.local/lib/python3.12/site-packages/airflow/example_dags/tutorial_dag.py for tasks to queue
[2024-07-17T13:48:39.864+0000] {logging_mixin.py:188} INFO - [2024-07-17T13:48:39.864+0000] {dagbag.py:545} INFO - Filling up the DagBag from /home/airflow/.local/lib/python3.12/site-packages/airflow/example_dags/tutorial_dag.py
[2024-07-17T13:48:39.870+0000] {processor.py:840} INFO - DAG(s) 'tutorial_dag' retrieved from /home/airflow/.local/lib/python3.12/site-packages/airflow/example_dags/tutorial_dag.py
[2024-07-17T13:48:39.894+0000] {logging_mixin.py:188} INFO - [2024-07-17T13:48:39.894+0000] {dag.py:3096} INFO - Sync 1 DAGs
[2024-07-17T13:48:39.911+0000] {logging_mixin.py:188} INFO - [2024-07-17T13:48:39.911+0000] {dag.py:3954} INFO - Setting next_dagrun for tutorial_dag to None, run_after=None
[2024-07-17T13:48:39.944+0000] {processor.py:183} INFO - Processing /home/airflow/.local/lib/python3.12/site-packages/airflow/example_dags/tutorial_dag.py took 0.091 seconds
[2024-07-17T13:49:10.306+0000] {processor.py:161} INFO - Started process (PID=988) to work on /home/airflow/.local/lib/python3.12/site-packages/airflow/example_dags/tutorial_dag.py
[2024-07-17T13:49:10.308+0000] {processor.py:830} INFO - Processing file /home/airflow/.local/lib/python3.12/site-packages/airflow/example_dags/tutorial_dag.py for tasks to queue
[2024-07-17T13:49:10.312+0000] {logging_mixin.py:188} INFO - [2024-07-17T13:49:10.312+0000] {dagbag.py:545} INFO - Filling up the DagBag from /home/airflow/.local/lib/python3.12/site-packages/airflow/example_dags/tutorial_dag.py
[2024-07-17T13:49:10.320+0000] {processor.py:840} INFO - DAG(s) 'tutorial_dag' retrieved from /home/airflow/.local/lib/python3.12/site-packages/airflow/example_dags/tutorial_dag.py
[2024-07-17T13:49:10.349+0000] {logging_mixin.py:188} INFO - [2024-07-17T13:49:10.349+0000] {dag.py:3096} INFO - Sync 1 DAGs
[2024-07-17T13:49:10.368+0000] {logging_mixin.py:188} INFO - [2024-07-17T13:49:10.368+0000] {dag.py:3954} INFO - Setting next_dagrun for tutorial_dag to None, run_after=None
[2024-07-17T13:49:10.406+0000] {processor.py:183} INFO - Processing /home/airflow/.local/lib/python3.12/site-packages/airflow/example_dags/tutorial_dag.py took 0.109 seconds
[2024-07-17T13:49:40.622+0000] {processor.py:161} INFO - Started process (PID=1047) to work on /home/airflow/.local/lib/python3.12/site-packages/airflow/example_dags/tutorial_dag.py
[2024-07-17T13:49:40.624+0000] {processor.py:830} INFO - Processing file /home/airflow/.local/lib/python3.12/site-packages/airflow/example_dags/tutorial_dag.py for tasks to queue
[2024-07-17T13:49:40.626+0000] {logging_mixin.py:188} INFO - [2024-07-17T13:49:40.626+0000] {dagbag.py:545} INFO - Filling up the DagBag from /home/airflow/.local/lib/python3.12/site-packages/airflow/example_dags/tutorial_dag.py
[2024-07-17T13:49:40.642+0000] {processor.py:840} INFO - DAG(s) 'tutorial_dag' retrieved from /home/airflow/.local/lib/python3.12/site-packages/airflow/example_dags/tutorial_dag.py
[2024-07-17T13:49:40.676+0000] {logging_mixin.py:188} INFO - [2024-07-17T13:49:40.676+0000] {dag.py:3096} INFO - Sync 1 DAGs
[2024-07-17T13:49:40.701+0000] {logging_mixin.py:188} INFO - [2024-07-17T13:49:40.700+0000] {dag.py:3954} INFO - Setting next_dagrun for tutorial_dag to None, run_after=None
[2024-07-17T13:49:40.733+0000] {processor.py:183} INFO - Processing /home/airflow/.local/lib/python3.12/site-packages/airflow/example_dags/tutorial_dag.py took 0.123 seconds
[2024-07-17T13:50:11.041+0000] {processor.py:161} INFO - Started process (PID=1107) to work on /home/airflow/.local/lib/python3.12/site-packages/airflow/example_dags/tutorial_dag.py
[2024-07-17T13:50:11.042+0000] {processor.py:830} INFO - Processing file /home/airflow/.local/lib/python3.12/site-packages/airflow/example_dags/tutorial_dag.py for tasks to queue
[2024-07-17T13:50:11.044+0000] {logging_mixin.py:188} INFO - [2024-07-17T13:50:11.044+0000] {dagbag.py:545} INFO - Filling up the DagBag from /home/airflow/.local/lib/python3.12/site-packages/airflow/example_dags/tutorial_dag.py
[2024-07-17T13:50:11.051+0000] {processor.py:840} INFO - DAG(s) 'tutorial_dag' retrieved from /home/airflow/.local/lib/python3.12/site-packages/airflow/example_dags/tutorial_dag.py
[2024-07-17T13:50:11.077+0000] {logging_mixin.py:188} INFO - [2024-07-17T13:50:11.077+0000] {dag.py:3096} INFO - Sync 1 DAGs
[2024-07-17T13:50:11.093+0000] {logging_mixin.py:188} INFO - [2024-07-17T13:50:11.093+0000] {dag.py:3954} INFO - Setting next_dagrun for tutorial_dag to None, run_after=None
[2024-07-17T13:50:11.124+0000] {processor.py:183} INFO - Processing /home/airflow/.local/lib/python3.12/site-packages/airflow/example_dags/tutorial_dag.py took 0.090 seconds
[2024-07-17T13:51:34.630+0000] {processor.py:161} INFO - Started process (PID=1199) to work on /home/airflow/.local/lib/python3.12/site-packages/airflow/example_dags/tutorial_dag.py
[2024-07-17T13:51:34.633+0000] {processor.py:830} INFO - Processing file /home/airflow/.local/lib/python3.12/site-packages/airflow/example_dags/tutorial_dag.py for tasks to queue
[2024-07-17T13:51:34.641+0000] {logging_mixin.py:188} INFO - [2024-07-17T13:51:34.640+0000] {dagbag.py:545} INFO - Filling up the DagBag from /home/airflow/.local/lib/python3.12/site-packages/airflow/example_dags/tutorial_dag.py
[2024-07-17T13:51:34.650+0000] {processor.py:840} INFO - DAG(s) 'tutorial_dag' retrieved from /home/airflow/.local/lib/python3.12/site-packages/airflow/example_dags/tutorial_dag.py
[2024-07-17T13:51:34.718+0000] {logging_mixin.py:188} INFO - [2024-07-17T13:51:34.718+0000] {dag.py:3096} INFO - Sync 1 DAGs
[2024-07-17T13:51:34.738+0000] {logging_mixin.py:188} INFO - [2024-07-17T13:51:34.738+0000] {dag.py:3954} INFO - Setting next_dagrun for tutorial_dag to None, run_after=None
[2024-07-17T13:51:34.775+0000] {processor.py:183} INFO - Processing /home/airflow/.local/lib/python3.12/site-packages/airflow/example_dags/tutorial_dag.py took 0.156 seconds
[2024-07-17T13:52:05.717+0000] {processor.py:161} INFO - Started process (PID=1259) to work on /home/airflow/.local/lib/python3.12/site-packages/airflow/example_dags/tutorial_dag.py
[2024-07-17T13:52:05.718+0000] {processor.py:830} INFO - Processing file /home/airflow/.local/lib/python3.12/site-packages/airflow/example_dags/tutorial_dag.py for tasks to queue
[2024-07-17T13:52:05.719+0000] {logging_mixin.py:188} INFO - [2024-07-17T13:52:05.719+0000] {dagbag.py:545} INFO - Filling up the DagBag from /home/airflow/.local/lib/python3.12/site-packages/airflow/example_dags/tutorial_dag.py
[2024-07-17T13:52:05.725+0000] {processor.py:840} INFO - DAG(s) 'tutorial_dag' retrieved from /home/airflow/.local/lib/python3.12/site-packages/airflow/example_dags/tutorial_dag.py
[2024-07-17T13:52:05.750+0000] {logging_mixin.py:188} INFO - [2024-07-17T13:52:05.750+0000] {dag.py:3096} INFO - Sync 1 DAGs
[2024-07-17T13:52:05.767+0000] {logging_mixin.py:188} INFO - [2024-07-17T13:52:05.767+0000] {dag.py:3954} INFO - Setting next_dagrun for tutorial_dag to None, run_after=None
[2024-07-17T13:52:05.793+0000] {processor.py:183} INFO - Processing /home/airflow/.local/lib/python3.12/site-packages/airflow/example_dags/tutorial_dag.py took 0.084 seconds
[2024-07-17T13:52:35.856+0000] {processor.py:161} INFO - Started process (PID=1318) to work on /home/airflow/.local/lib/python3.12/site-packages/airflow/example_dags/tutorial_dag.py
[2024-07-17T13:52:35.857+0000] {processor.py:830} INFO - Processing file /home/airflow/.local/lib/python3.12/site-packages/airflow/example_dags/tutorial_dag.py for tasks to queue
[2024-07-17T13:52:35.860+0000] {logging_mixin.py:188} INFO - [2024-07-17T13:52:35.859+0000] {dagbag.py:545} INFO - Filling up the DagBag from /home/airflow/.local/lib/python3.12/site-packages/airflow/example_dags/tutorial_dag.py
[2024-07-17T13:52:35.865+0000] {processor.py:840} INFO - DAG(s) 'tutorial_dag' retrieved from /home/airflow/.local/lib/python3.12/site-packages/airflow/example_dags/tutorial_dag.py
[2024-07-17T13:52:35.892+0000] {logging_mixin.py:188} INFO - [2024-07-17T13:52:35.892+0000] {dag.py:3096} INFO - Sync 1 DAGs
[2024-07-17T13:52:35.913+0000] {logging_mixin.py:188} INFO - [2024-07-17T13:52:35.913+0000] {dag.py:3954} INFO - Setting next_dagrun for tutorial_dag to None, run_after=None
[2024-07-17T13:52:35.941+0000] {processor.py:183} INFO - Processing /home/airflow/.local/lib/python3.12/site-packages/airflow/example_dags/tutorial_dag.py took 0.093 seconds
[2024-07-17T13:53:06.107+0000] {processor.py:161} INFO - Started process (PID=1379) to work on /home/airflow/.local/lib/python3.12/site-packages/airflow/example_dags/tutorial_dag.py
[2024-07-17T13:53:06.109+0000] {processor.py:830} INFO - Processing file /home/airflow/.local/lib/python3.12/site-packages/airflow/example_dags/tutorial_dag.py for tasks to queue
[2024-07-17T13:53:06.114+0000] {logging_mixin.py:188} INFO - [2024-07-17T13:53:06.114+0000] {dagbag.py:545} INFO - Filling up the DagBag from /home/airflow/.local/lib/python3.12/site-packages/airflow/example_dags/tutorial_dag.py
[2024-07-17T13:53:06.123+0000] {processor.py:840} INFO - DAG(s) 'tutorial_dag' retrieved from /home/airflow/.local/lib/python3.12/site-packages/airflow/example_dags/tutorial_dag.py
[2024-07-17T13:53:06.162+0000] {logging_mixin.py:188} INFO - [2024-07-17T13:53:06.161+0000] {dag.py:3096} INFO - Sync 1 DAGs
[2024-07-17T13:53:06.183+0000] {logging_mixin.py:188} INFO - [2024-07-17T13:53:06.183+0000] {dag.py:3954} INFO - Setting next_dagrun for tutorial_dag to None, run_after=None
[2024-07-17T13:53:06.212+0000] {processor.py:183} INFO - Processing /home/airflow/.local/lib/python3.12/site-packages/airflow/example_dags/tutorial_dag.py took 0.113 seconds
[2024-07-17T13:53:36.874+0000] {processor.py:161} INFO - Started process (PID=1441) to work on /home/airflow/.local/lib/python3.12/site-packages/airflow/example_dags/tutorial_dag.py
[2024-07-17T13:53:36.876+0000] {processor.py:830} INFO - Processing file /home/airflow/.local/lib/python3.12/site-packages/airflow/example_dags/tutorial_dag.py for tasks to queue
[2024-07-17T13:53:36.887+0000] {logging_mixin.py:188} INFO - [2024-07-17T13:53:36.887+0000] {dagbag.py:545} INFO - Filling up the DagBag from /home/airflow/.local/lib/python3.12/site-packages/airflow/example_dags/tutorial_dag.py
[2024-07-17T13:53:36.896+0000] {processor.py:840} INFO - DAG(s) 'tutorial_dag' retrieved from /home/airflow/.local/lib/python3.12/site-packages/airflow/example_dags/tutorial_dag.py
[2024-07-17T13:53:36.936+0000] {logging_mixin.py:188} INFO - [2024-07-17T13:53:36.935+0000] {dag.py:3096} INFO - Sync 1 DAGs
[2024-07-17T13:53:36.960+0000] {logging_mixin.py:188} INFO - [2024-07-17T13:53:36.959+0000] {dag.py:3954} INFO - Setting next_dagrun for tutorial_dag to None, run_after=None
[2024-07-17T13:53:36.989+0000] {processor.py:183} INFO - Processing /home/airflow/.local/lib/python3.12/site-packages/airflow/example_dags/tutorial_dag.py took 0.124 seconds
[2024-07-17T13:54:07.206+0000] {processor.py:161} INFO - Started process (PID=1501) to work on /home/airflow/.local/lib/python3.12/site-packages/airflow/example_dags/tutorial_dag.py
[2024-07-17T13:54:07.207+0000] {processor.py:830} INFO - Processing file /home/airflow/.local/lib/python3.12/site-packages/airflow/example_dags/tutorial_dag.py for tasks to queue
[2024-07-17T13:54:07.210+0000] {logging_mixin.py:188} INFO - [2024-07-17T13:54:07.210+0000] {dagbag.py:545} INFO - Filling up the DagBag from /home/airflow/.local/lib/python3.12/site-packages/airflow/example_dags/tutorial_dag.py
[2024-07-17T13:54:07.217+0000] {processor.py:840} INFO - DAG(s) 'tutorial_dag' retrieved from /home/airflow/.local/lib/python3.12/site-packages/airflow/example_dags/tutorial_dag.py
[2024-07-17T13:54:07.249+0000] {logging_mixin.py:188} INFO - [2024-07-17T13:54:07.248+0000] {dag.py:3096} INFO - Sync 1 DAGs
[2024-07-17T13:54:07.269+0000] {logging_mixin.py:188} INFO - [2024-07-17T13:54:07.268+0000] {dag.py:3954} INFO - Setting next_dagrun for tutorial_dag to None, run_after=None
[2024-07-17T13:54:07.299+0000] {processor.py:183} INFO - Processing /home/airflow/.local/lib/python3.12/site-packages/airflow/example_dags/tutorial_dag.py took 0.101 seconds
[2024-07-17T13:54:38.765+0000] {processor.py:161} INFO - Started process (PID=1560) to work on /home/airflow/.local/lib/python3.12/site-packages/airflow/example_dags/tutorial_dag.py
[2024-07-17T13:54:38.766+0000] {processor.py:830} INFO - Processing file /home/airflow/.local/lib/python3.12/site-packages/airflow/example_dags/tutorial_dag.py for tasks to queue
[2024-07-17T13:54:38.768+0000] {logging_mixin.py:188} INFO - [2024-07-17T13:54:38.768+0000] {dagbag.py:545} INFO - Filling up the DagBag from /home/airflow/.local/lib/python3.12/site-packages/airflow/example_dags/tutorial_dag.py
[2024-07-17T13:54:38.776+0000] {processor.py:840} INFO - DAG(s) 'tutorial_dag' retrieved from /home/airflow/.local/lib/python3.12/site-packages/airflow/example_dags/tutorial_dag.py
[2024-07-17T13:54:38.802+0000] {logging_mixin.py:188} INFO - [2024-07-17T13:54:38.801+0000] {dag.py:3096} INFO - Sync 1 DAGs
[2024-07-17T13:54:38.822+0000] {logging_mixin.py:188} INFO - [2024-07-17T13:54:38.822+0000] {dag.py:3954} INFO - Setting next_dagrun for tutorial_dag to None, run_after=None
[2024-07-17T13:54:38.854+0000] {processor.py:183} INFO - Processing /home/airflow/.local/lib/python3.12/site-packages/airflow/example_dags/tutorial_dag.py took 0.096 seconds
[2024-07-17T13:55:09.142+0000] {processor.py:161} INFO - Started process (PID=1621) to work on /home/airflow/.local/lib/python3.12/site-packages/airflow/example_dags/tutorial_dag.py
[2024-07-17T13:55:09.143+0000] {processor.py:830} INFO - Processing file /home/airflow/.local/lib/python3.12/site-packages/airflow/example_dags/tutorial_dag.py for tasks to queue
[2024-07-17T13:55:09.145+0000] {logging_mixin.py:188} INFO - [2024-07-17T13:55:09.144+0000] {dagbag.py:545} INFO - Filling up the DagBag from /home/airflow/.local/lib/python3.12/site-packages/airflow/example_dags/tutorial_dag.py
[2024-07-17T13:55:09.150+0000] {processor.py:840} INFO - DAG(s) 'tutorial_dag' retrieved from /home/airflow/.local/lib/python3.12/site-packages/airflow/example_dags/tutorial_dag.py
[2024-07-17T13:55:09.172+0000] {logging_mixin.py:188} INFO - [2024-07-17T13:55:09.171+0000] {dag.py:3096} INFO - Sync 1 DAGs
[2024-07-17T13:55:09.189+0000] {logging_mixin.py:188} INFO - [2024-07-17T13:55:09.189+0000] {dag.py:3954} INFO - Setting next_dagrun for tutorial_dag to None, run_after=None
[2024-07-17T13:55:09.210+0000] {processor.py:183} INFO - Processing /home/airflow/.local/lib/python3.12/site-packages/airflow/example_dags/tutorial_dag.py took 0.074 seconds
[2024-07-17T13:55:40.542+0000] {processor.py:161} INFO - Started process (PID=1680) to work on /home/airflow/.local/lib/python3.12/site-packages/airflow/example_dags/tutorial_dag.py
[2024-07-17T13:55:40.543+0000] {processor.py:830} INFO - Processing file /home/airflow/.local/lib/python3.12/site-packages/airflow/example_dags/tutorial_dag.py for tasks to queue
[2024-07-17T13:55:40.546+0000] {logging_mixin.py:188} INFO - [2024-07-17T13:55:40.545+0000] {dagbag.py:545} INFO - Filling up the DagBag from /home/airflow/.local/lib/python3.12/site-packages/airflow/example_dags/tutorial_dag.py
[2024-07-17T13:55:40.551+0000] {processor.py:840} INFO - DAG(s) 'tutorial_dag' retrieved from /home/airflow/.local/lib/python3.12/site-packages/airflow/example_dags/tutorial_dag.py
[2024-07-17T13:55:40.577+0000] {logging_mixin.py:188} INFO - [2024-07-17T13:55:40.577+0000] {dag.py:3096} INFO - Sync 1 DAGs
[2024-07-17T13:55:40.596+0000] {logging_mixin.py:188} INFO - [2024-07-17T13:55:40.596+0000] {dag.py:3954} INFO - Setting next_dagrun for tutorial_dag to None, run_after=None
[2024-07-17T13:55:40.619+0000] {processor.py:183} INFO - Processing /home/airflow/.local/lib/python3.12/site-packages/airflow/example_dags/tutorial_dag.py took 0.084 seconds
[2024-07-17T13:56:11.072+0000] {processor.py:161} INFO - Started process (PID=1741) to work on /home/airflow/.local/lib/python3.12/site-packages/airflow/example_dags/tutorial_dag.py
[2024-07-17T13:56:11.073+0000] {processor.py:830} INFO - Processing file /home/airflow/.local/lib/python3.12/site-packages/airflow/example_dags/tutorial_dag.py for tasks to queue
[2024-07-17T13:56:11.075+0000] {logging_mixin.py:188} INFO - [2024-07-17T13:56:11.075+0000] {dagbag.py:545} INFO - Filling up the DagBag from /home/airflow/.local/lib/python3.12/site-packages/airflow/example_dags/tutorial_dag.py
[2024-07-17T13:56:11.082+0000] {processor.py:840} INFO - DAG(s) 'tutorial_dag' retrieved from /home/airflow/.local/lib/python3.12/site-packages/airflow/example_dags/tutorial_dag.py
[2024-07-17T13:56:11.112+0000] {logging_mixin.py:188} INFO - [2024-07-17T13:56:11.112+0000] {dag.py:3096} INFO - Sync 1 DAGs
[2024-07-17T13:56:11.134+0000] {logging_mixin.py:188} INFO - [2024-07-17T13:56:11.134+0000] {dag.py:3954} INFO - Setting next_dagrun for tutorial_dag to None, run_after=None
[2024-07-17T13:56:11.160+0000] {processor.py:183} INFO - Processing /home/airflow/.local/lib/python3.12/site-packages/airflow/example_dags/tutorial_dag.py took 0.096 seconds
[2024-07-17T13:56:42.094+0000] {processor.py:161} INFO - Started process (PID=1801) to work on /home/airflow/.local/lib/python3.12/site-packages/airflow/example_dags/tutorial_dag.py
[2024-07-17T13:56:42.095+0000] {processor.py:830} INFO - Processing file /home/airflow/.local/lib/python3.12/site-packages/airflow/example_dags/tutorial_dag.py for tasks to queue
[2024-07-17T13:56:42.097+0000] {logging_mixin.py:188} INFO - [2024-07-17T13:56:42.096+0000] {dagbag.py:545} INFO - Filling up the DagBag from /home/airflow/.local/lib/python3.12/site-packages/airflow/example_dags/tutorial_dag.py
[2024-07-17T13:56:42.101+0000] {processor.py:840} INFO - DAG(s) 'tutorial_dag' retrieved from /home/airflow/.local/lib/python3.12/site-packages/airflow/example_dags/tutorial_dag.py
[2024-07-17T13:56:42.122+0000] {logging_mixin.py:188} INFO - [2024-07-17T13:56:42.122+0000] {dag.py:3096} INFO - Sync 1 DAGs
[2024-07-17T13:56:42.136+0000] {logging_mixin.py:188} INFO - [2024-07-17T13:56:42.135+0000] {dag.py:3954} INFO - Setting next_dagrun for tutorial_dag to None, run_after=None
[2024-07-17T13:56:42.157+0000] {processor.py:183} INFO - Processing /home/airflow/.local/lib/python3.12/site-packages/airflow/example_dags/tutorial_dag.py took 0.068 seconds
[2024-07-17T13:57:13.400+0000] {processor.py:161} INFO - Started process (PID=1861) to work on /home/airflow/.local/lib/python3.12/site-packages/airflow/example_dags/tutorial_dag.py
[2024-07-17T13:57:13.401+0000] {processor.py:830} INFO - Processing file /home/airflow/.local/lib/python3.12/site-packages/airflow/example_dags/tutorial_dag.py for tasks to queue
[2024-07-17T13:57:13.404+0000] {logging_mixin.py:188} INFO - [2024-07-17T13:57:13.403+0000] {dagbag.py:545} INFO - Filling up the DagBag from /home/airflow/.local/lib/python3.12/site-packages/airflow/example_dags/tutorial_dag.py
[2024-07-17T13:57:13.409+0000] {processor.py:840} INFO - DAG(s) 'tutorial_dag' retrieved from /home/airflow/.local/lib/python3.12/site-packages/airflow/example_dags/tutorial_dag.py
[2024-07-17T13:57:13.437+0000] {logging_mixin.py:188} INFO - [2024-07-17T13:57:13.436+0000] {dag.py:3096} INFO - Sync 1 DAGs
[2024-07-17T13:57:13.456+0000] {logging_mixin.py:188} INFO - [2024-07-17T13:57:13.456+0000] {dag.py:3954} INFO - Setting next_dagrun for tutorial_dag to None, run_after=None
[2024-07-17T13:57:13.488+0000] {processor.py:183} INFO - Processing /home/airflow/.local/lib/python3.12/site-packages/airflow/example_dags/tutorial_dag.py took 0.097 seconds
[2024-07-17T13:57:44.754+0000] {processor.py:161} INFO - Started process (PID=1921) to work on /home/airflow/.local/lib/python3.12/site-packages/airflow/example_dags/tutorial_dag.py
[2024-07-17T13:57:44.755+0000] {processor.py:830} INFO - Processing file /home/airflow/.local/lib/python3.12/site-packages/airflow/example_dags/tutorial_dag.py for tasks to queue
[2024-07-17T13:57:44.758+0000] {logging_mixin.py:188} INFO - [2024-07-17T13:57:44.757+0000] {dagbag.py:545} INFO - Filling up the DagBag from /home/airflow/.local/lib/python3.12/site-packages/airflow/example_dags/tutorial_dag.py
[2024-07-17T13:57:44.765+0000] {processor.py:840} INFO - DAG(s) 'tutorial_dag' retrieved from /home/airflow/.local/lib/python3.12/site-packages/airflow/example_dags/tutorial_dag.py
[2024-07-17T13:57:44.804+0000] {logging_mixin.py:188} INFO - [2024-07-17T13:57:44.803+0000] {dag.py:3096} INFO - Sync 1 DAGs
[2024-07-17T13:57:44.824+0000] {logging_mixin.py:188} INFO - [2024-07-17T13:57:44.824+0000] {dag.py:3954} INFO - Setting next_dagrun for tutorial_dag to None, run_after=None
[2024-07-17T13:57:44.861+0000] {processor.py:183} INFO - Processing /home/airflow/.local/lib/python3.12/site-packages/airflow/example_dags/tutorial_dag.py took 0.114 seconds
[2024-07-17T13:58:15.176+0000] {processor.py:161} INFO - Started process (PID=1982) to work on /home/airflow/.local/lib/python3.12/site-packages/airflow/example_dags/tutorial_dag.py
[2024-07-17T13:58:15.176+0000] {processor.py:830} INFO - Processing file /home/airflow/.local/lib/python3.12/site-packages/airflow/example_dags/tutorial_dag.py for tasks to queue
[2024-07-17T13:58:15.178+0000] {logging_mixin.py:188} INFO - [2024-07-17T13:58:15.178+0000] {dagbag.py:545} INFO - Filling up the DagBag from /home/airflow/.local/lib/python3.12/site-packages/airflow/example_dags/tutorial_dag.py
[2024-07-17T13:58:15.183+0000] {processor.py:840} INFO - DAG(s) 'tutorial_dag' retrieved from /home/airflow/.local/lib/python3.12/site-packages/airflow/example_dags/tutorial_dag.py
[2024-07-17T13:58:15.204+0000] {logging_mixin.py:188} INFO - [2024-07-17T13:58:15.204+0000] {dag.py:3096} INFO - Sync 1 DAGs
[2024-07-17T13:58:15.217+0000] {logging_mixin.py:188} INFO - [2024-07-17T13:58:15.217+0000] {dag.py:3954} INFO - Setting next_dagrun for tutorial_dag to None, run_after=None
[2024-07-17T13:58:15.236+0000] {processor.py:183} INFO - Processing /home/airflow/.local/lib/python3.12/site-packages/airflow/example_dags/tutorial_dag.py took 0.065 seconds
[2024-07-17T13:58:46.262+0000] {processor.py:161} INFO - Started process (PID=2042) to work on /home/airflow/.local/lib/python3.12/site-packages/airflow/example_dags/tutorial_dag.py
[2024-07-17T13:58:46.263+0000] {processor.py:830} INFO - Processing file /home/airflow/.local/lib/python3.12/site-packages/airflow/example_dags/tutorial_dag.py for tasks to queue
[2024-07-17T13:58:46.266+0000] {logging_mixin.py:188} INFO - [2024-07-17T13:58:46.265+0000] {dagbag.py:545} INFO - Filling up the DagBag from /home/airflow/.local/lib/python3.12/site-packages/airflow/example_dags/tutorial_dag.py
[2024-07-17T13:58:46.272+0000] {processor.py:840} INFO - DAG(s) 'tutorial_dag' retrieved from /home/airflow/.local/lib/python3.12/site-packages/airflow/example_dags/tutorial_dag.py
[2024-07-17T13:58:46.299+0000] {logging_mixin.py:188} INFO - [2024-07-17T13:58:46.299+0000] {dag.py:3096} INFO - Sync 1 DAGs
[2024-07-17T13:58:46.318+0000] {logging_mixin.py:188} INFO - [2024-07-17T13:58:46.318+0000] {dag.py:3954} INFO - Setting next_dagrun for tutorial_dag to None, run_after=None
[2024-07-17T13:58:46.346+0000] {processor.py:183} INFO - Processing /home/airflow/.local/lib/python3.12/site-packages/airflow/example_dags/tutorial_dag.py took 0.092 seconds
[2024-07-17T13:59:17.245+0000] {processor.py:161} INFO - Started process (PID=2102) to work on /home/airflow/.local/lib/python3.12/site-packages/airflow/example_dags/tutorial_dag.py
[2024-07-17T13:59:17.246+0000] {processor.py:830} INFO - Processing file /home/airflow/.local/lib/python3.12/site-packages/airflow/example_dags/tutorial_dag.py for tasks to queue
[2024-07-17T13:59:17.248+0000] {logging_mixin.py:188} INFO - [2024-07-17T13:59:17.248+0000] {dagbag.py:545} INFO - Filling up the DagBag from /home/airflow/.local/lib/python3.12/site-packages/airflow/example_dags/tutorial_dag.py
[2024-07-17T13:59:17.255+0000] {processor.py:840} INFO - DAG(s) 'tutorial_dag' retrieved from /home/airflow/.local/lib/python3.12/site-packages/airflow/example_dags/tutorial_dag.py
[2024-07-17T13:59:17.279+0000] {logging_mixin.py:188} INFO - [2024-07-17T13:59:17.278+0000] {dag.py:3096} INFO - Sync 1 DAGs
[2024-07-17T13:59:17.295+0000] {logging_mixin.py:188} INFO - [2024-07-17T13:59:17.294+0000] {dag.py:3954} INFO - Setting next_dagrun for tutorial_dag to None, run_after=None
[2024-07-17T13:59:17.325+0000] {processor.py:183} INFO - Processing /home/airflow/.local/lib/python3.12/site-packages/airflow/example_dags/tutorial_dag.py took 0.087 seconds
[2024-07-17T13:59:47.812+0000] {processor.py:161} INFO - Started process (PID=2163) to work on /home/airflow/.local/lib/python3.12/site-packages/airflow/example_dags/tutorial_dag.py
[2024-07-17T13:59:47.813+0000] {processor.py:830} INFO - Processing file /home/airflow/.local/lib/python3.12/site-packages/airflow/example_dags/tutorial_dag.py for tasks to queue
[2024-07-17T13:59:47.815+0000] {logging_mixin.py:188} INFO - [2024-07-17T13:59:47.815+0000] {dagbag.py:545} INFO - Filling up the DagBag from /home/airflow/.local/lib/python3.12/site-packages/airflow/example_dags/tutorial_dag.py
[2024-07-17T13:59:47.822+0000] {processor.py:840} INFO - DAG(s) 'tutorial_dag' retrieved from /home/airflow/.local/lib/python3.12/site-packages/airflow/example_dags/tutorial_dag.py
[2024-07-17T13:59:47.848+0000] {logging_mixin.py:188} INFO - [2024-07-17T13:59:47.848+0000] {dag.py:3096} INFO - Sync 1 DAGs
[2024-07-17T13:59:47.861+0000] {logging_mixin.py:188} INFO - [2024-07-17T13:59:47.861+0000] {dag.py:3954} INFO - Setting next_dagrun for tutorial_dag to None, run_after=None
[2024-07-17T13:59:47.881+0000] {processor.py:183} INFO - Processing /home/airflow/.local/lib/python3.12/site-packages/airflow/example_dags/tutorial_dag.py took 0.078 seconds
[2024-07-17T14:00:18.545+0000] {processor.py:161} INFO - Started process (PID=2229) to work on /home/airflow/.local/lib/python3.12/site-packages/airflow/example_dags/tutorial_dag.py
[2024-07-17T14:00:18.547+0000] {processor.py:830} INFO - Processing file /home/airflow/.local/lib/python3.12/site-packages/airflow/example_dags/tutorial_dag.py for tasks to queue
[2024-07-17T14:00:18.549+0000] {logging_mixin.py:188} INFO - [2024-07-17T14:00:18.548+0000] {dagbag.py:545} INFO - Filling up the DagBag from /home/airflow/.local/lib/python3.12/site-packages/airflow/example_dags/tutorial_dag.py
[2024-07-17T14:00:18.555+0000] {processor.py:840} INFO - DAG(s) 'tutorial_dag' retrieved from /home/airflow/.local/lib/python3.12/site-packages/airflow/example_dags/tutorial_dag.py
[2024-07-17T14:00:18.575+0000] {logging_mixin.py:188} INFO - [2024-07-17T14:00:18.575+0000] {dag.py:3096} INFO - Sync 1 DAGs
[2024-07-17T14:00:18.593+0000] {logging_mixin.py:188} INFO - [2024-07-17T14:00:18.593+0000] {dag.py:3954} INFO - Setting next_dagrun for tutorial_dag to None, run_after=None
[2024-07-17T14:00:18.615+0000] {processor.py:183} INFO - Processing /home/airflow/.local/lib/python3.12/site-packages/airflow/example_dags/tutorial_dag.py took 0.076 seconds
[2024-07-17T14:00:49.922+0000] {processor.py:161} INFO - Started process (PID=2289) to work on /home/airflow/.local/lib/python3.12/site-packages/airflow/example_dags/tutorial_dag.py
[2024-07-17T14:00:49.923+0000] {processor.py:830} INFO - Processing file /home/airflow/.local/lib/python3.12/site-packages/airflow/example_dags/tutorial_dag.py for tasks to queue
[2024-07-17T14:00:49.926+0000] {logging_mixin.py:188} INFO - [2024-07-17T14:00:49.925+0000] {dagbag.py:545} INFO - Filling up the DagBag from /home/airflow/.local/lib/python3.12/site-packages/airflow/example_dags/tutorial_dag.py
[2024-07-17T14:00:49.933+0000] {processor.py:840} INFO - DAG(s) 'tutorial_dag' retrieved from /home/airflow/.local/lib/python3.12/site-packages/airflow/example_dags/tutorial_dag.py
[2024-07-17T14:00:49.961+0000] {logging_mixin.py:188} INFO - [2024-07-17T14:00:49.961+0000] {dag.py:3096} INFO - Sync 1 DAGs
[2024-07-17T14:00:49.979+0000] {logging_mixin.py:188} INFO - [2024-07-17T14:00:49.979+0000] {dag.py:3954} INFO - Setting next_dagrun for tutorial_dag to None, run_after=None
[2024-07-17T14:00:50.003+0000] {processor.py:183} INFO - Processing /home/airflow/.local/lib/python3.12/site-packages/airflow/example_dags/tutorial_dag.py took 0.086 seconds
[2024-07-17T14:01:20.590+0000] {processor.py:161} INFO - Started process (PID=2349) to work on /home/airflow/.local/lib/python3.12/site-packages/airflow/example_dags/tutorial_dag.py
[2024-07-17T14:01:20.592+0000] {processor.py:830} INFO - Processing file /home/airflow/.local/lib/python3.12/site-packages/airflow/example_dags/tutorial_dag.py for tasks to queue
[2024-07-17T14:01:20.594+0000] {logging_mixin.py:188} INFO - [2024-07-17T14:01:20.594+0000] {dagbag.py:545} INFO - Filling up the DagBag from /home/airflow/.local/lib/python3.12/site-packages/airflow/example_dags/tutorial_dag.py
[2024-07-17T14:01:20.605+0000] {processor.py:840} INFO - DAG(s) 'tutorial_dag' retrieved from /home/airflow/.local/lib/python3.12/site-packages/airflow/example_dags/tutorial_dag.py
[2024-07-17T14:01:20.640+0000] {logging_mixin.py:188} INFO - [2024-07-17T14:01:20.640+0000] {dag.py:3096} INFO - Sync 1 DAGs
[2024-07-17T14:01:20.667+0000] {logging_mixin.py:188} INFO - [2024-07-17T14:01:20.667+0000] {dag.py:3954} INFO - Setting next_dagrun for tutorial_dag to None, run_after=None
[2024-07-17T14:01:20.705+0000] {processor.py:183} INFO - Processing /home/airflow/.local/lib/python3.12/site-packages/airflow/example_dags/tutorial_dag.py took 0.124 seconds
[2024-07-17T14:01:52.034+0000] {processor.py:161} INFO - Started process (PID=2408) to work on /home/airflow/.local/lib/python3.12/site-packages/airflow/example_dags/tutorial_dag.py
[2024-07-17T14:01:52.036+0000] {processor.py:830} INFO - Processing file /home/airflow/.local/lib/python3.12/site-packages/airflow/example_dags/tutorial_dag.py for tasks to queue
[2024-07-17T14:01:52.039+0000] {logging_mixin.py:188} INFO - [2024-07-17T14:01:52.038+0000] {dagbag.py:545} INFO - Filling up the DagBag from /home/airflow/.local/lib/python3.12/site-packages/airflow/example_dags/tutorial_dag.py
[2024-07-17T14:01:52.046+0000] {processor.py:840} INFO - DAG(s) 'tutorial_dag' retrieved from /home/airflow/.local/lib/python3.12/site-packages/airflow/example_dags/tutorial_dag.py
[2024-07-17T14:01:52.098+0000] {logging_mixin.py:188} INFO - [2024-07-17T14:01:52.096+0000] {dag.py:3096} INFO - Sync 1 DAGs
[2024-07-17T14:01:52.135+0000] {logging_mixin.py:188} INFO - [2024-07-17T14:01:52.135+0000] {dag.py:3954} INFO - Setting next_dagrun for tutorial_dag to None, run_after=None
[2024-07-17T14:01:52.179+0000] {processor.py:183} INFO - Processing /home/airflow/.local/lib/python3.12/site-packages/airflow/example_dags/tutorial_dag.py took 0.162 seconds
[2024-07-17T14:04:09.612+0000] {processor.py:161} INFO - Started process (PID=2459) to work on /home/airflow/.local/lib/python3.12/site-packages/airflow/example_dags/tutorial_dag.py
[2024-07-17T14:04:09.615+0000] {processor.py:830} INFO - Processing file /home/airflow/.local/lib/python3.12/site-packages/airflow/example_dags/tutorial_dag.py for tasks to queue
[2024-07-17T14:04:09.618+0000] {logging_mixin.py:188} INFO - [2024-07-17T14:04:09.618+0000] {dagbag.py:545} INFO - Filling up the DagBag from /home/airflow/.local/lib/python3.12/site-packages/airflow/example_dags/tutorial_dag.py
[2024-07-17T14:04:09.630+0000] {processor.py:840} INFO - DAG(s) 'tutorial_dag' retrieved from /home/airflow/.local/lib/python3.12/site-packages/airflow/example_dags/tutorial_dag.py
[2024-07-17T14:04:09.677+0000] {logging_mixin.py:188} INFO - [2024-07-17T14:04:09.677+0000] {dag.py:3096} INFO - Sync 1 DAGs
[2024-07-17T14:04:09.719+0000] {logging_mixin.py:188} INFO - [2024-07-17T14:04:09.719+0000] {dag.py:3954} INFO - Setting next_dagrun for tutorial_dag to None, run_after=None
[2024-07-17T14:04:09.762+0000] {processor.py:183} INFO - Processing /home/airflow/.local/lib/python3.12/site-packages/airflow/example_dags/tutorial_dag.py took 0.160 seconds
[2024-07-17T14:04:40.354+0000] {processor.py:161} INFO - Started process (PID=2520) to work on /home/airflow/.local/lib/python3.12/site-packages/airflow/example_dags/tutorial_dag.py
[2024-07-17T14:04:40.355+0000] {processor.py:830} INFO - Processing file /home/airflow/.local/lib/python3.12/site-packages/airflow/example_dags/tutorial_dag.py for tasks to queue
[2024-07-17T14:04:40.360+0000] {logging_mixin.py:188} INFO - [2024-07-17T14:04:40.360+0000] {dagbag.py:545} INFO - Filling up the DagBag from /home/airflow/.local/lib/python3.12/site-packages/airflow/example_dags/tutorial_dag.py
[2024-07-17T14:04:40.369+0000] {processor.py:840} INFO - DAG(s) 'tutorial_dag' retrieved from /home/airflow/.local/lib/python3.12/site-packages/airflow/example_dags/tutorial_dag.py
[2024-07-17T14:04:40.401+0000] {logging_mixin.py:188} INFO - [2024-07-17T14:04:40.400+0000] {dag.py:3096} INFO - Sync 1 DAGs
[2024-07-17T14:04:40.423+0000] {logging_mixin.py:188} INFO - [2024-07-17T14:04:40.423+0000] {dag.py:3954} INFO - Setting next_dagrun for tutorial_dag to None, run_after=None
[2024-07-17T14:04:40.452+0000] {processor.py:183} INFO - Processing /home/airflow/.local/lib/python3.12/site-packages/airflow/example_dags/tutorial_dag.py took 0.106 seconds
[2024-07-17T14:05:10.544+0000] {processor.py:161} INFO - Started process (PID=2581) to work on /home/airflow/.local/lib/python3.12/site-packages/airflow/example_dags/tutorial_dag.py
[2024-07-17T14:05:10.545+0000] {processor.py:830} INFO - Processing file /home/airflow/.local/lib/python3.12/site-packages/airflow/example_dags/tutorial_dag.py for tasks to queue
[2024-07-17T14:05:10.546+0000] {logging_mixin.py:188} INFO - [2024-07-17T14:05:10.546+0000] {dagbag.py:545} INFO - Filling up the DagBag from /home/airflow/.local/lib/python3.12/site-packages/airflow/example_dags/tutorial_dag.py
[2024-07-17T14:05:10.551+0000] {processor.py:840} INFO - DAG(s) 'tutorial_dag' retrieved from /home/airflow/.local/lib/python3.12/site-packages/airflow/example_dags/tutorial_dag.py
[2024-07-17T14:05:10.570+0000] {logging_mixin.py:188} INFO - [2024-07-17T14:05:10.570+0000] {dag.py:3096} INFO - Sync 1 DAGs
[2024-07-17T14:05:10.582+0000] {logging_mixin.py:188} INFO - [2024-07-17T14:05:10.582+0000] {dag.py:3954} INFO - Setting next_dagrun for tutorial_dag to None, run_after=None
[2024-07-17T14:05:10.601+0000] {processor.py:183} INFO - Processing /home/airflow/.local/lib/python3.12/site-packages/airflow/example_dags/tutorial_dag.py took 0.061 seconds
[2024-07-17T14:05:41.796+0000] {processor.py:161} INFO - Started process (PID=2641) to work on /home/airflow/.local/lib/python3.12/site-packages/airflow/example_dags/tutorial_dag.py
[2024-07-17T14:05:41.797+0000] {processor.py:830} INFO - Processing file /home/airflow/.local/lib/python3.12/site-packages/airflow/example_dags/tutorial_dag.py for tasks to queue
[2024-07-17T14:05:41.799+0000] {logging_mixin.py:188} INFO - [2024-07-17T14:05:41.799+0000] {dagbag.py:545} INFO - Filling up the DagBag from /home/airflow/.local/lib/python3.12/site-packages/airflow/example_dags/tutorial_dag.py
[2024-07-17T14:05:41.805+0000] {processor.py:840} INFO - DAG(s) 'tutorial_dag' retrieved from /home/airflow/.local/lib/python3.12/site-packages/airflow/example_dags/tutorial_dag.py
[2024-07-17T14:05:41.827+0000] {logging_mixin.py:188} INFO - [2024-07-17T14:05:41.826+0000] {dag.py:3096} INFO - Sync 1 DAGs
[2024-07-17T14:05:41.839+0000] {logging_mixin.py:188} INFO - [2024-07-17T14:05:41.839+0000] {dag.py:3954} INFO - Setting next_dagrun for tutorial_dag to None, run_after=None
[2024-07-17T14:05:41.915+0000] {processor.py:183} INFO - Processing /home/airflow/.local/lib/python3.12/site-packages/airflow/example_dags/tutorial_dag.py took 0.125 seconds
[2024-07-17T14:06:12.764+0000] {processor.py:161} INFO - Started process (PID=2702) to work on /home/airflow/.local/lib/python3.12/site-packages/airflow/example_dags/tutorial_dag.py
[2024-07-17T14:06:12.766+0000] {processor.py:830} INFO - Processing file /home/airflow/.local/lib/python3.12/site-packages/airflow/example_dags/tutorial_dag.py for tasks to queue
[2024-07-17T14:06:12.770+0000] {logging_mixin.py:188} INFO - [2024-07-17T14:06:12.769+0000] {dagbag.py:545} INFO - Filling up the DagBag from /home/airflow/.local/lib/python3.12/site-packages/airflow/example_dags/tutorial_dag.py
[2024-07-17T14:06:12.782+0000] {processor.py:840} INFO - DAG(s) 'tutorial_dag' retrieved from /home/airflow/.local/lib/python3.12/site-packages/airflow/example_dags/tutorial_dag.py
[2024-07-17T14:06:12.831+0000] {logging_mixin.py:188} INFO - [2024-07-17T14:06:12.831+0000] {dag.py:3096} INFO - Sync 1 DAGs
[2024-07-17T14:06:12.861+0000] {logging_mixin.py:188} INFO - [2024-07-17T14:06:12.860+0000] {dag.py:3954} INFO - Setting next_dagrun for tutorial_dag to None, run_after=None
[2024-07-17T14:06:12.901+0000] {processor.py:183} INFO - Processing /home/airflow/.local/lib/python3.12/site-packages/airflow/example_dags/tutorial_dag.py took 0.148 seconds
[2024-07-17T14:06:43.444+0000] {processor.py:161} INFO - Started process (PID=2762) to work on /home/airflow/.local/lib/python3.12/site-packages/airflow/example_dags/tutorial_dag.py
[2024-07-17T14:06:43.447+0000] {processor.py:830} INFO - Processing file /home/airflow/.local/lib/python3.12/site-packages/airflow/example_dags/tutorial_dag.py for tasks to queue
[2024-07-17T14:06:43.452+0000] {logging_mixin.py:188} INFO - [2024-07-17T14:06:43.451+0000] {dagbag.py:545} INFO - Filling up the DagBag from /home/airflow/.local/lib/python3.12/site-packages/airflow/example_dags/tutorial_dag.py
[2024-07-17T14:06:43.465+0000] {processor.py:840} INFO - DAG(s) 'tutorial_dag' retrieved from /home/airflow/.local/lib/python3.12/site-packages/airflow/example_dags/tutorial_dag.py
[2024-07-17T14:06:43.508+0000] {logging_mixin.py:188} INFO - [2024-07-17T14:06:43.507+0000] {dag.py:3096} INFO - Sync 1 DAGs
[2024-07-17T14:06:43.540+0000] {logging_mixin.py:188} INFO - [2024-07-17T14:06:43.540+0000] {dag.py:3954} INFO - Setting next_dagrun for tutorial_dag to None, run_after=None
[2024-07-17T14:06:43.586+0000] {processor.py:183} INFO - Processing /home/airflow/.local/lib/python3.12/site-packages/airflow/example_dags/tutorial_dag.py took 0.158 seconds
[2024-07-17T14:07:13.995+0000] {processor.py:161} INFO - Started process (PID=2822) to work on /home/airflow/.local/lib/python3.12/site-packages/airflow/example_dags/tutorial_dag.py
[2024-07-17T14:07:13.997+0000] {processor.py:830} INFO - Processing file /home/airflow/.local/lib/python3.12/site-packages/airflow/example_dags/tutorial_dag.py for tasks to queue
[2024-07-17T14:07:14.003+0000] {logging_mixin.py:188} INFO - [2024-07-17T14:07:14.002+0000] {dagbag.py:545} INFO - Filling up the DagBag from /home/airflow/.local/lib/python3.12/site-packages/airflow/example_dags/tutorial_dag.py
[2024-07-17T14:07:14.015+0000] {processor.py:840} INFO - DAG(s) 'tutorial_dag' retrieved from /home/airflow/.local/lib/python3.12/site-packages/airflow/example_dags/tutorial_dag.py
[2024-07-17T14:07:14.071+0000] {logging_mixin.py:188} INFO - [2024-07-17T14:07:14.071+0000] {dag.py:3096} INFO - Sync 1 DAGs
[2024-07-17T14:07:14.109+0000] {logging_mixin.py:188} INFO - [2024-07-17T14:07:14.109+0000] {dag.py:3954} INFO - Setting next_dagrun for tutorial_dag to None, run_after=None
[2024-07-17T14:07:14.162+0000] {processor.py:183} INFO - Processing /home/airflow/.local/lib/python3.12/site-packages/airflow/example_dags/tutorial_dag.py took 0.180 seconds
[2024-07-17T14:07:45.307+0000] {processor.py:161} INFO - Started process (PID=2882) to work on /home/airflow/.local/lib/python3.12/site-packages/airflow/example_dags/tutorial_dag.py
[2024-07-17T14:07:45.309+0000] {processor.py:830} INFO - Processing file /home/airflow/.local/lib/python3.12/site-packages/airflow/example_dags/tutorial_dag.py for tasks to queue
[2024-07-17T14:07:45.313+0000] {logging_mixin.py:188} INFO - [2024-07-17T14:07:45.312+0000] {dagbag.py:545} INFO - Filling up the DagBag from /home/airflow/.local/lib/python3.12/site-packages/airflow/example_dags/tutorial_dag.py
[2024-07-17T14:07:45.323+0000] {processor.py:840} INFO - DAG(s) 'tutorial_dag' retrieved from /home/airflow/.local/lib/python3.12/site-packages/airflow/example_dags/tutorial_dag.py
[2024-07-17T14:07:45.367+0000] {logging_mixin.py:188} INFO - [2024-07-17T14:07:45.367+0000] {dag.py:3096} INFO - Sync 1 DAGs
[2024-07-17T14:07:45.398+0000] {logging_mixin.py:188} INFO - [2024-07-17T14:07:45.398+0000] {dag.py:3954} INFO - Setting next_dagrun for tutorial_dag to None, run_after=None
[2024-07-17T14:07:45.447+0000] {processor.py:183} INFO - Processing /home/airflow/.local/lib/python3.12/site-packages/airflow/example_dags/tutorial_dag.py took 0.154 seconds
[2024-07-17T14:08:16.356+0000] {processor.py:161} INFO - Started process (PID=2942) to work on /home/airflow/.local/lib/python3.12/site-packages/airflow/example_dags/tutorial_dag.py
[2024-07-17T14:08:16.357+0000] {processor.py:830} INFO - Processing file /home/airflow/.local/lib/python3.12/site-packages/airflow/example_dags/tutorial_dag.py for tasks to queue
[2024-07-17T14:08:16.361+0000] {logging_mixin.py:188} INFO - [2024-07-17T14:08:16.360+0000] {dagbag.py:545} INFO - Filling up the DagBag from /home/airflow/.local/lib/python3.12/site-packages/airflow/example_dags/tutorial_dag.py
[2024-07-17T14:08:16.373+0000] {processor.py:840} INFO - DAG(s) 'tutorial_dag' retrieved from /home/airflow/.local/lib/python3.12/site-packages/airflow/example_dags/tutorial_dag.py
[2024-07-17T14:08:16.416+0000] {logging_mixin.py:188} INFO - [2024-07-17T14:08:16.416+0000] {dag.py:3096} INFO - Sync 1 DAGs
[2024-07-17T14:08:16.447+0000] {logging_mixin.py:188} INFO - [2024-07-17T14:08:16.446+0000] {dag.py:3954} INFO - Setting next_dagrun for tutorial_dag to None, run_after=None
[2024-07-17T14:08:16.489+0000] {processor.py:183} INFO - Processing /home/airflow/.local/lib/python3.12/site-packages/airflow/example_dags/tutorial_dag.py took 0.144 seconds
[2024-07-17T14:08:46.552+0000] {processor.py:161} INFO - Started process (PID=3002) to work on /home/airflow/.local/lib/python3.12/site-packages/airflow/example_dags/tutorial_dag.py
[2024-07-17T14:08:46.554+0000] {processor.py:830} INFO - Processing file /home/airflow/.local/lib/python3.12/site-packages/airflow/example_dags/tutorial_dag.py for tasks to queue
[2024-07-17T14:08:46.560+0000] {logging_mixin.py:188} INFO - [2024-07-17T14:08:46.558+0000] {dagbag.py:545} INFO - Filling up the DagBag from /home/airflow/.local/lib/python3.12/site-packages/airflow/example_dags/tutorial_dag.py
[2024-07-17T14:08:46.574+0000] {processor.py:840} INFO - DAG(s) 'tutorial_dag' retrieved from /home/airflow/.local/lib/python3.12/site-packages/airflow/example_dags/tutorial_dag.py
[2024-07-17T14:08:46.645+0000] {logging_mixin.py:188} INFO - [2024-07-17T14:08:46.644+0000] {dag.py:3096} INFO - Sync 1 DAGs
[2024-07-17T14:08:46.683+0000] {logging_mixin.py:188} INFO - [2024-07-17T14:08:46.683+0000] {dag.py:3954} INFO - Setting next_dagrun for tutorial_dag to None, run_after=None
[2024-07-17T14:08:46.745+0000] {processor.py:183} INFO - Processing /home/airflow/.local/lib/python3.12/site-packages/airflow/example_dags/tutorial_dag.py took 0.206 seconds
[2024-07-17T14:09:17.838+0000] {processor.py:161} INFO - Started process (PID=3062) to work on /home/airflow/.local/lib/python3.12/site-packages/airflow/example_dags/tutorial_dag.py
[2024-07-17T14:09:17.840+0000] {processor.py:830} INFO - Processing file /home/airflow/.local/lib/python3.12/site-packages/airflow/example_dags/tutorial_dag.py for tasks to queue
[2024-07-17T14:09:17.844+0000] {logging_mixin.py:188} INFO - [2024-07-17T14:09:17.843+0000] {dagbag.py:545} INFO - Filling up the DagBag from /home/airflow/.local/lib/python3.12/site-packages/airflow/example_dags/tutorial_dag.py
[2024-07-17T14:09:17.856+0000] {processor.py:840} INFO - DAG(s) 'tutorial_dag' retrieved from /home/airflow/.local/lib/python3.12/site-packages/airflow/example_dags/tutorial_dag.py
[2024-07-17T14:09:17.906+0000] {logging_mixin.py:188} INFO - [2024-07-17T14:09:17.905+0000] {dag.py:3096} INFO - Sync 1 DAGs
[2024-07-17T14:09:17.944+0000] {logging_mixin.py:188} INFO - [2024-07-17T14:09:17.943+0000] {dag.py:3954} INFO - Setting next_dagrun for tutorial_dag to None, run_after=None
[2024-07-17T14:09:17.994+0000] {processor.py:183} INFO - Processing /home/airflow/.local/lib/python3.12/site-packages/airflow/example_dags/tutorial_dag.py took 0.170 seconds
[2024-07-17T14:09:48.563+0000] {processor.py:161} INFO - Started process (PID=3122) to work on /home/airflow/.local/lib/python3.12/site-packages/airflow/example_dags/tutorial_dag.py
[2024-07-17T14:09:48.565+0000] {processor.py:830} INFO - Processing file /home/airflow/.local/lib/python3.12/site-packages/airflow/example_dags/tutorial_dag.py for tasks to queue
[2024-07-17T14:09:48.568+0000] {logging_mixin.py:188} INFO - [2024-07-17T14:09:48.567+0000] {dagbag.py:545} INFO - Filling up the DagBag from /home/airflow/.local/lib/python3.12/site-packages/airflow/example_dags/tutorial_dag.py
[2024-07-17T14:09:48.578+0000] {processor.py:840} INFO - DAG(s) 'tutorial_dag' retrieved from /home/airflow/.local/lib/python3.12/site-packages/airflow/example_dags/tutorial_dag.py
[2024-07-17T14:09:48.618+0000] {logging_mixin.py:188} INFO - [2024-07-17T14:09:48.617+0000] {dag.py:3096} INFO - Sync 1 DAGs
[2024-07-17T14:09:48.651+0000] {logging_mixin.py:188} INFO - [2024-07-17T14:09:48.650+0000] {dag.py:3954} INFO - Setting next_dagrun for tutorial_dag to None, run_after=None
[2024-07-17T14:09:48.697+0000] {processor.py:183} INFO - Processing /home/airflow/.local/lib/python3.12/site-packages/airflow/example_dags/tutorial_dag.py took 0.147 seconds
[2024-07-17T14:10:20.050+0000] {processor.py:161} INFO - Started process (PID=3182) to work on /home/airflow/.local/lib/python3.12/site-packages/airflow/example_dags/tutorial_dag.py
[2024-07-17T14:10:20.052+0000] {processor.py:830} INFO - Processing file /home/airflow/.local/lib/python3.12/site-packages/airflow/example_dags/tutorial_dag.py for tasks to queue
[2024-07-17T14:10:20.056+0000] {logging_mixin.py:188} INFO - [2024-07-17T14:10:20.055+0000] {dagbag.py:545} INFO - Filling up the DagBag from /home/airflow/.local/lib/python3.12/site-packages/airflow/example_dags/tutorial_dag.py
[2024-07-17T14:10:20.064+0000] {processor.py:840} INFO - DAG(s) 'tutorial_dag' retrieved from /home/airflow/.local/lib/python3.12/site-packages/airflow/example_dags/tutorial_dag.py
[2024-07-17T14:10:20.103+0000] {logging_mixin.py:188} INFO - [2024-07-17T14:10:20.103+0000] {dag.py:3096} INFO - Sync 1 DAGs
[2024-07-17T14:10:20.128+0000] {logging_mixin.py:188} INFO - [2024-07-17T14:10:20.128+0000] {dag.py:3954} INFO - Setting next_dagrun for tutorial_dag to None, run_after=None
[2024-07-17T14:10:20.175+0000] {processor.py:183} INFO - Processing /home/airflow/.local/lib/python3.12/site-packages/airflow/example_dags/tutorial_dag.py took 0.136 seconds
[2024-07-17T14:10:50.917+0000] {processor.py:161} INFO - Started process (PID=3242) to work on /home/airflow/.local/lib/python3.12/site-packages/airflow/example_dags/tutorial_dag.py
[2024-07-17T14:10:50.920+0000] {processor.py:830} INFO - Processing file /home/airflow/.local/lib/python3.12/site-packages/airflow/example_dags/tutorial_dag.py for tasks to queue
[2024-07-17T14:10:50.924+0000] {logging_mixin.py:188} INFO - [2024-07-17T14:10:50.923+0000] {dagbag.py:545} INFO - Filling up the DagBag from /home/airflow/.local/lib/python3.12/site-packages/airflow/example_dags/tutorial_dag.py
[2024-07-17T14:10:50.936+0000] {processor.py:840} INFO - DAG(s) 'tutorial_dag' retrieved from /home/airflow/.local/lib/python3.12/site-packages/airflow/example_dags/tutorial_dag.py
[2024-07-17T14:10:50.988+0000] {logging_mixin.py:188} INFO - [2024-07-17T14:10:50.987+0000] {dag.py:3096} INFO - Sync 1 DAGs
[2024-07-17T14:10:51.040+0000] {logging_mixin.py:188} INFO - [2024-07-17T14:10:51.040+0000] {dag.py:3954} INFO - Setting next_dagrun for tutorial_dag to None, run_after=None
[2024-07-17T14:10:51.124+0000] {processor.py:183} INFO - Processing /home/airflow/.local/lib/python3.12/site-packages/airflow/example_dags/tutorial_dag.py took 0.225 seconds
[2024-07-17T14:11:21.599+0000] {processor.py:161} INFO - Started process (PID=3302) to work on /home/airflow/.local/lib/python3.12/site-packages/airflow/example_dags/tutorial_dag.py
[2024-07-17T14:11:21.601+0000] {processor.py:830} INFO - Processing file /home/airflow/.local/lib/python3.12/site-packages/airflow/example_dags/tutorial_dag.py for tasks to queue
[2024-07-17T14:11:21.605+0000] {logging_mixin.py:188} INFO - [2024-07-17T14:11:21.604+0000] {dagbag.py:545} INFO - Filling up the DagBag from /home/airflow/.local/lib/python3.12/site-packages/airflow/example_dags/tutorial_dag.py
[2024-07-17T14:11:21.614+0000] {processor.py:840} INFO - DAG(s) 'tutorial_dag' retrieved from /home/airflow/.local/lib/python3.12/site-packages/airflow/example_dags/tutorial_dag.py
[2024-07-17T14:11:21.653+0000] {logging_mixin.py:188} INFO - [2024-07-17T14:11:21.653+0000] {dag.py:3096} INFO - Sync 1 DAGs
[2024-07-17T14:11:21.681+0000] {logging_mixin.py:188} INFO - [2024-07-17T14:11:21.680+0000] {dag.py:3954} INFO - Setting next_dagrun for tutorial_dag to None, run_after=None
[2024-07-17T14:11:21.737+0000] {processor.py:183} INFO - Processing /home/airflow/.local/lib/python3.12/site-packages/airflow/example_dags/tutorial_dag.py took 0.155 seconds
[2024-07-17T14:11:53.662+0000] {processor.py:161} INFO - Started process (PID=3362) to work on /home/airflow/.local/lib/python3.12/site-packages/airflow/example_dags/tutorial_dag.py
[2024-07-17T14:11:53.664+0000] {processor.py:830} INFO - Processing file /home/airflow/.local/lib/python3.12/site-packages/airflow/example_dags/tutorial_dag.py for tasks to queue
[2024-07-17T14:11:53.670+0000] {logging_mixin.py:188} INFO - [2024-07-17T14:11:53.668+0000] {dagbag.py:545} INFO - Filling up the DagBag from /home/airflow/.local/lib/python3.12/site-packages/airflow/example_dags/tutorial_dag.py
[2024-07-17T14:11:53.684+0000] {processor.py:840} INFO - DAG(s) 'tutorial_dag' retrieved from /home/airflow/.local/lib/python3.12/site-packages/airflow/example_dags/tutorial_dag.py
[2024-07-17T14:11:53.746+0000] {logging_mixin.py:188} INFO - [2024-07-17T14:11:53.745+0000] {dag.py:3096} INFO - Sync 1 DAGs
[2024-07-17T14:11:53.805+0000] {logging_mixin.py:188} INFO - [2024-07-17T14:11:53.803+0000] {dag.py:3954} INFO - Setting next_dagrun for tutorial_dag to None, run_after=None
[2024-07-17T14:11:53.869+0000] {processor.py:183} INFO - Processing /home/airflow/.local/lib/python3.12/site-packages/airflow/example_dags/tutorial_dag.py took 0.227 seconds
