[2024-07-18T08:32:23.091+0000] {local_task_job_runner.py:120} INFO - ::group::Pre task execution logs
[2024-07-18T08:32:23.114+0000] {taskinstance.py:2076} INFO - Dependencies all met for dep_context=non-requeueable deps ti=<TaskInstance: parse_task_dag.parse_task scheduled__2024-07-16T00:00:00+00:00 [queued]>
[2024-07-18T08:32:23.121+0000] {taskinstance.py:2076} INFO - Dependencies all met for dep_context=requeueable deps ti=<TaskInstance: parse_task_dag.parse_task scheduled__2024-07-16T00:00:00+00:00 [queued]>
[2024-07-18T08:32:23.122+0000] {taskinstance.py:2306} INFO - Starting attempt 1 of 1
[2024-07-18T08:32:23.134+0000] {taskinstance.py:2330} INFO - Executing <Task(PythonOperator): parse_task> on 2024-07-16 00:00:00+00:00
[2024-07-18T08:32:23.143+0000] {warnings.py:112} WARNING - /home/***/.local/lib/python3.12/site-packages/***/task/task_runner/standard_task_runner.py:61: DeprecationWarning: This process (pid=66) is multi-threaded, use of fork() may lead to deadlocks in the child.
  pid = os.fork()

[2024-07-18T08:32:23.144+0000] {standard_task_runner.py:90} INFO - Running: ['***', 'tasks', 'run', 'parse_task_dag', 'parse_task', 'scheduled__2024-07-16T00:00:00+00:00', '--job-id', '14', '--raw', '--subdir', 'DAGS_FOLDER/test_dag.py', '--cfg-path', '/tmp/tmpbqrbbqqz']
[2024-07-18T08:32:23.145+0000] {standard_task_runner.py:63} INFO - Started process 68 to run task
[2024-07-18T08:32:23.145+0000] {standard_task_runner.py:91} INFO - Job 14: Subtask parse_task
[2024-07-18T08:32:23.191+0000] {task_command.py:426} INFO - Running <TaskInstance: parse_task_dag.parse_task scheduled__2024-07-16T00:00:00+00:00 [running]> on host ba1ef47d3e6f
[2024-07-18T08:32:23.298+0000] {taskinstance.py:2648} INFO - Exporting env vars: AIRFLOW_CTX_DAG_OWNER='***' AIRFLOW_CTX_DAG_ID='parse_task_dag' AIRFLOW_CTX_TASK_ID='parse_task' AIRFLOW_CTX_EXECUTION_DATE='2024-07-16T00:00:00+00:00' AIRFLOW_CTX_TRY_NUMBER='1' AIRFLOW_CTX_DAG_RUN_ID='scheduled__2024-07-16T00:00:00+00:00'
[2024-07-18T08:32:23.300+0000] {taskinstance.py:430} INFO - ::endgroup::
[2024-07-18T08:32:23.766+0000] {logging_mixin.py:188} INFO - min: 5.23 RUB у ОП Москва , max: 524.0 EUR у TEMA
[2024-07-18T08:32:23.766+0000] {python.py:237} INFO - Done. Returned value was: None
[2024-07-18T08:32:23.767+0000] {taskinstance.py:441} INFO - ::group::Post task execution logs
[2024-07-18T08:32:23.782+0000] {taskinstance.py:1206} INFO - Marking task as SUCCESS. dag_id=parse_task_dag, task_id=parse_task, run_id=scheduled__2024-07-16T00:00:00+00:00, execution_date=20240716T000000, start_date=20240718T083223, end_date=20240718T083223
[2024-07-18T08:32:23.842+0000] {local_task_job_runner.py:240} INFO - Task exited with return code 0
[2024-07-18T08:32:23.872+0000] {taskinstance.py:3503} INFO - 0 downstream tasks scheduled from follow-on schedule check
[2024-07-18T08:32:23.875+0000] {local_task_job_runner.py:222} INFO - ::endgroup::
